<?xml version="1.0" encoding="UTF-8"?>
<Project name="JUnit" lastVersion="437">
  <CodeInfo>
    <package name="org">
      <package name="junit">
        <class name="ClassRule" type="Interface" maxLoc="60">
          <version num="1" curr_loc="60" changed="1" churn="60" />
          <version num="14" curr_loc="56" changed="1" churn="64" />
          <version num="16" curr_loc="59" changed="1" churn="67" />
          <version num="17" curr_loc="57" changed="1" churn="69" />
          <version num="19" curr_loc="59" changed="1" churn="71" />
          <version num="25" curr_loc="56" changed="1" churn="74" />
          <version num="26" curr_loc="60" changed="1" churn="78" />
          <version num="27" curr_loc="56" changed="1" churn="82" />
          <version num="30" curr_loc="18" changed="1" churn="120" />
          <version num="33" curr_loc="17" changed="1" churn="121" />
          <version num="35" curr_loc="17" changed="1" churn="121" />
          <version num="39" curr_loc="41" changed="1" churn="145" />
        </class>
        <class name="Rule" type="Interface" maxLoc="48">
          <version num="1" curr_loc="47" changed="1" churn="47" />
          <version num="14" curr_loc="45" changed="1" churn="49" />
          <version num="16" curr_loc="47" changed="1" churn="51" />
          <version num="19" curr_loc="48" changed="1" churn="52" />
          <version num="27" curr_loc="45" changed="1" churn="55" />
          <version num="31" curr_loc="21" changed="1" churn="79" />
          <version num="123" curr_loc="16" changed="1" churn="84" />
        </class>
        <package name="experimental">
          <package name="results">
            <class name="PrintableResult" type="ConcreteClass" maxLoc="63">
              <version num="1" curr_loc="63" changed="1" churn="63" />
              <version num="118" curr_loc="59" changed="1" churn="67" />
              <version num="122" curr_loc="55" changed="1" churn="71" />
              <version num="128" curr_loc="49" changed="1" churn="77" />
              <version num="143" curr_loc="49" changed="1" churn="77" />
              <version num="399" curr_loc="44" changed="1" churn="82" />
              <version num="435" curr_loc="45" changed="1" churn="83" />
            </class>
            <class name="ResultMatchers" type="ConcreteClass" maxLoc="70">
              <version num="118" curr_loc="70" changed="1" churn="70" />
              <version num="121" curr_loc="57" changed="1" churn="83" />
              <version num="122" curr_loc="57" changed="1" churn="83" />
              <version num="182" curr_loc="49" changed="1" churn="91" />
              <version num="184" curr_loc="49" changed="1" churn="91" />
              <version num="367" curr_loc="49" changed="1" churn="91" />
              <version num="399" curr_loc="49" changed="1" churn="91" />
              <version num="418" curr_loc="51" changed="1" churn="93" />
              <version num="420" curr_loc="53" changed="1" churn="95" />
            </class>
            <class name="FailureList" type="ConcreteClass" maxLoc="31">
              <version num="130" curr_loc="31" changed="1" churn="31" />
              <version num="145" curr_loc="31" changed="1" churn="31" />
            </class>
          </package>
          <package name="categories">
            <class name="Category" type="Interface" maxLoc="44">
              <version num="16" curr_loc="43" changed="1" churn="43" />
              <version num="84" curr_loc="43" changed="1" churn="43" />
              <version num="88" curr_loc="44" changed="1" churn="44" />
              <version num="92" curr_loc="44" changed="1" churn="44" />
              <version num="93" curr_loc="12" changed="1" churn="76" />
              <version num="99" curr_loc="44" changed="1" churn="108" />
              <version num="100" curr_loc="12" changed="1" churn="140" />
            </class>
            <class name="Categories" type="ConcreteClass" maxLoc="199">
              <version num="27" curr_loc="192" changed="1" churn="192" />
              <version num="28" curr_loc="191" changed="1" churn="193" />
              <version num="35" curr_loc="190" changed="1" churn="194" />
              <version num="36" curr_loc="199" changed="1" churn="203" />
              <version num="37" curr_loc="193" changed="1" churn="209" />
              <version num="38" curr_loc="169" changed="1" churn="233" />
              <version num="54" curr_loc="158" changed="1" churn="244" />
              <version num="62" curr_loc="158" changed="1" churn="244" />
              <version num="69" curr_loc="164" changed="1" churn="250" />
              <version num="72" curr_loc="156" changed="1" churn="258" />
              <version num="79" curr_loc="163" changed="1" churn="265" />
              <version num="80" curr_loc="158" changed="1" churn="270" />
              <version num="81" curr_loc="156" changed="1" churn="272" />
              <version num="83" curr_loc="158" changed="1" churn="274" />
              <version num="84" curr_loc="155" changed="1" churn="277" />
              <version num="85" curr_loc="155" changed="1" churn="277" />
              <version num="87" curr_loc="133" changed="1" churn="299" />
              <version num="88" curr_loc="136" changed="1" churn="302" />
              <version num="92" curr_loc="112" changed="1" churn="326" />
              <version num="99" curr_loc="112" changed="1" churn="326" />
            </class>
            <class name="CategoryFilter" type="ConcreteClass" maxLoc="47">
              <version num="28" curr_loc="47" changed="1" churn="47" />
              <version num="40" curr_loc="47" changed="1" churn="47" />
              <version num="41" curr_loc="47" changed="1" churn="47" />
              <version num="51" curr_loc="47" changed="1" churn="47" />
              <version num="55" curr_loc="47" changed="1" churn="47" />
              <version num="60" curr_loc="47" changed="1" churn="47" />
              <version num="63" curr_loc="47" changed="1" churn="47" />
            </class>
            <class name="Filter2" type="AbstractClass" maxLoc="13">
              <version num="51" curr_loc="13" changed="1" churn="13" />
              <version num="55" curr_loc="13" changed="1" churn="13" />
              <version num="60" curr_loc="13" changed="1" churn="13" />
              <version num="63" curr_loc="13" changed="1" churn="13" />
            </class>
            <class name="CategoryType" type="Interface" maxLoc="11">
              <version num="88" curr_loc="11" changed="1" churn="11" />
              <version num="92" curr_loc="11" changed="1" churn="11" />
              <version num="99" curr_loc="11" changed="1" churn="11" />
            </class>
            <class name="CategoryClass" type="Interface" maxLoc="8">
              <version num="91" curr_loc="8" changed="1" churn="8" />
              <version num="93" curr_loc="8" changed="1" churn="8" />
              <version num="100" curr_loc="8" changed="1" churn="8" />
            </class>
            <class name="CategoryRunner" type="ConcreteClass" maxLoc="76">
              <version num="91" curr_loc="76" changed="1" churn="76" />
              <version num="93" curr_loc="76" changed="1" churn="76" />
              <version num="100" curr_loc="76" changed="1" churn="76" />
            </class>
          </package>
          <package name="runners">
            <class name="SuiteBuilder" type="ConcreteClass" maxLoc="99">
              <version num="22" curr_loc="99" changed="1" churn="99" />
              <version num="40" curr_loc="99" changed="1" churn="99" />
            </class>
            <class name="Listed" type="ConcreteClass" maxLoc="19">
              <version num="24" curr_loc="19" changed="1" churn="19" />
              <version num="40" curr_loc="19" changed="1" churn="19" />
            </class>
            <class name="Enclosed" type="ConcreteClass" maxLoc="31">
              <version num="336" curr_loc="31" changed="1" churn="31" />
              <version num="361" curr_loc="31" changed="1" churn="31" />
            </class>
          </package>
          <package name="theories">
            <class name="Theories" type="ConcreteClass" maxLoc="199">
              <version num="52" curr_loc="199" changed="1" churn="199" />
              <version num="64" curr_loc="199" changed="1" churn="199" />
              <version num="68" curr_loc="193" changed="1" churn="205" />
              <version num="133" curr_loc="192" changed="1" churn="206" />
              <version num="148" curr_loc="192" changed="1" churn="206" />
              <version num="287" curr_loc="192" changed="1" churn="206" />
              <version num="320" curr_loc="189" changed="1" churn="209" />
              <version num="321" curr_loc="190" changed="1" churn="210" />
              <version num="324" curr_loc="191" changed="1" churn="211" />
              <version num="327" curr_loc="191" changed="1" churn="211" />
              <version num="329" curr_loc="173" changed="1" churn="229" />
              <version num="336" curr_loc="173" changed="1" churn="229" />
              <version num="337" curr_loc="173" changed="1" churn="229" />
              <version num="340" curr_loc="173" changed="1" churn="229" />
              <version num="344" curr_loc="173" changed="1" churn="229" />
              <version num="347" curr_loc="173" changed="1" churn="229" />
              <version num="350" curr_loc="174" changed="1" churn="230" />
              <version num="360" curr_loc="174" changed="1" churn="230" />
              <version num="366" curr_loc="173" changed="1" churn="231" />
              <version num="368" curr_loc="173" changed="1" churn="231" />
              <version num="377" curr_loc="173" changed="1" churn="231" />
              <version num="389" curr_loc="173" changed="1" churn="231" />
              <version num="406" curr_loc="173" changed="1" churn="231" />
              <version num="408" curr_loc="174" changed="1" churn="232" />
              <version num="409" curr_loc="177" changed="1" churn="235" />
              <version num="411" curr_loc="175" changed="1" churn="237" />
              <version num="419" curr_loc="175" changed="1" churn="237" />
              <version num="425" curr_loc="175" changed="1" churn="237" />
              <version num="427" curr_loc="181" changed="1" churn="243" />
              <version num="434" curr_loc="181" changed="1" churn="243" />
            </class>
            <class name="PotentialAssignment" type="AbstractClass" maxLoc="35">
              <version num="54" curr_loc="31" changed="1" churn="31" />
              <version num="62" curr_loc="31" changed="1" churn="31" />
              <version num="69" curr_loc="35" changed="1" churn="35" />
              <version num="368" curr_loc="31" changed="1" churn="39" />
              <version num="410" curr_loc="23" changed="1" churn="47" />
            </class>
            <package name="internal">
              <class name="AllMembersSupplier" type="ConcreteClass" maxLoc="126">
                <version num="117" curr_loc="126" changed="1" churn="126" />
                <version num="287" curr_loc="120" changed="1" churn="132" />
                <version num="308" curr_loc="119" changed="1" churn="133" />
                <version num="326" curr_loc="121" changed="1" churn="135" />
                <version num="327" curr_loc="121" changed="1" churn="135" />
                <version num="332" curr_loc="121" changed="1" churn="135" />
                <version num="336" curr_loc="121" changed="1" churn="135" />
                <version num="337" curr_loc="121" changed="1" churn="135" />
                <version num="368" curr_loc="121" changed="1" churn="135" />
                <version num="374" curr_loc="116" changed="1" churn="140" />
                <version num="376" curr_loc="104" changed="1" churn="152" />
                <version num="411" curr_loc="100" changed="1" churn="156" />
                <version num="421" curr_loc="102" changed="1" churn="158" />
              </class>
              <class name="Assignments" type="ConcreteClass" maxLoc="133">
                <version num="117" curr_loc="133" changed="1" churn="133" />
                <version num="327" curr_loc="123" changed="1" churn="143" />
                <version num="332" curr_loc="123" changed="1" churn="143" />
                <version num="368" curr_loc="123" changed="1" churn="143" />
                <version num="376" curr_loc="114" changed="1" churn="152" />
                <version num="389" curr_loc="114" changed="1" churn="152" />
                <version num="410" curr_loc="114" changed="1" churn="152" />
                <version num="419" curr_loc="116" changed="1" churn="154" />
              </class>
              <class name="ParameterizedAssertionError" type="ConcreteClass" maxLoc="49">
                <version num="368" curr_loc="49" changed="1" churn="49" />
              </class>
            </package>
            <package name="suppliers">
              <class name="TestedOnSupplier" type="ConcreteClass" maxLoc="23">
                <version num="368" curr_loc="23" changed="1" churn="23" />
              </class>
            </package>
            <class name="ParameterSignature" type="ConcreteClass" maxLoc="90">
              <version num="410" curr_loc="90" changed="1" churn="90" />
            </class>
          </package>
          <package name="max">
            <class name="MaxCore" type="ConcreteClass" maxLoc="249">
              <version num="54" curr_loc="169" changed="1" churn="169" />
              <version num="62" curr_loc="169" changed="1" churn="169" />
              <version num="74" curr_loc="170" changed="1" churn="170" />
              <version num="75" curr_loc="170" changed="1" churn="170" />
              <version num="128" curr_loc="169" changed="1" churn="171" />
              <version num="131" curr_loc="160" changed="1" churn="180" />
              <version num="132" curr_loc="121" changed="1" churn="219" />
              <version num="138" curr_loc="99" changed="1" churn="241" />
              <version num="139" curr_loc="102" changed="1" churn="244" />
              <version num="140" curr_loc="111" changed="1" churn="253" />
              <version num="143" curr_loc="169" changed="1" churn="311" />
              <version num="146" curr_loc="160" changed="1" churn="320" />
              <version num="147" curr_loc="121" changed="1" churn="359" />
              <version num="153" curr_loc="99" changed="1" churn="381" />
              <version num="154" curr_loc="102" changed="1" churn="384" />
              <version num="155" curr_loc="111" changed="1" churn="393" />
              <version num="206" curr_loc="108" changed="1" churn="396" />
              <version num="207" curr_loc="109" changed="1" churn="397" />
              <version num="208" curr_loc="115" changed="1" churn="403" />
              <version num="210" curr_loc="122" changed="1" churn="410" />
              <version num="213" curr_loc="108" changed="1" churn="424" />
              <version num="214" curr_loc="109" changed="1" churn="425" />
              <version num="215" curr_loc="115" changed="1" churn="431" />
              <version num="216" curr_loc="122" changed="1" churn="438" />
              <version num="273" curr_loc="125" changed="1" churn="441" />
              <version num="274" curr_loc="125" changed="1" churn="441" />
              <version num="276" curr_loc="121" changed="1" churn="445" />
              <version num="277" curr_loc="121" changed="1" churn="445" />
              <version num="278" curr_loc="125" changed="1" churn="449" />
              <version num="279" curr_loc="125" changed="1" churn="449" />
              <version num="280" curr_loc="141" changed="1" churn="465" />
              <version num="281" curr_loc="249" changed="1" churn="573" />
              <version num="282" curr_loc="141" changed="1" churn="681" />
              <version num="283" curr_loc="249" changed="1" churn="789" />
              <version num="286" curr_loc="236" changed="1" churn="802" />
              <version num="290" curr_loc="220" changed="1" churn="818" />
              <version num="294" curr_loc="243" changed="1" churn="841" />
              <version num="295" curr_loc="237" changed="1" churn="847" />
              <version num="296" curr_loc="189" changed="1" churn="895" />
            </class>
            <class name="MaxHistory" type="ConcreteClass" maxLoc="172">
              <version num="125" curr_loc="166" changed="1" churn="166" />
              <version num="128" curr_loc="169" changed="1" churn="169" />
              <version num="129" curr_loc="166" changed="1" churn="172" />
              <version num="131" curr_loc="167" changed="1" churn="173" />
              <version num="136" curr_loc="151" changed="1" churn="189" />
              <version num="137" curr_loc="152" changed="1" churn="190" />
              <version num="140" curr_loc="172" changed="1" churn="210" />
              <version num="143" curr_loc="169" changed="1" churn="213" />
              <version num="144" curr_loc="166" changed="1" churn="216" />
              <version num="146" curr_loc="167" changed="1" churn="217" />
              <version num="151" curr_loc="151" changed="1" churn="233" />
              <version num="152" curr_loc="152" changed="1" churn="234" />
              <version num="155" curr_loc="172" changed="1" churn="254" />
              <version num="207" curr_loc="164" changed="1" churn="262" />
              <version num="208" curr_loc="165" changed="1" churn="263" />
              <version num="214" curr_loc="164" changed="1" churn="264" />
              <version num="215" curr_loc="165" changed="1" churn="265" />
              <version num="242" curr_loc="166" changed="1" churn="266" />
              <version num="251" curr_loc="166" changed="1" churn="266" />
              <version num="252" curr_loc="152" changed="1" churn="280" />
              <version num="278" curr_loc="163" changed="1" churn="291" />
              <version num="279" curr_loc="163" changed="1" churn="291" />
              <version num="280" curr_loc="160" changed="1" churn="294" />
              <version num="282" curr_loc="160" changed="1" churn="294" />
            </class>
            <class name="CouldNotReadCoreException" type="ConcreteClass" maxLoc="15">
              <version num="131" curr_loc="15" changed="1" churn="15" />
              <version num="146" curr_loc="15" changed="1" churn="15" />
              <version num="296" curr_loc="9" changed="1" churn="21" />
            </class>
          </package>
          <package name="interceptor">
            <class name="ErrorCollector" type="ConcreteClass" maxLoc="76">
              <version num="122" curr_loc="24" changed="1" churn="24" />
              <version num="124" curr_loc="76" changed="1" churn="76" />
              <version num="128" curr_loc="76" changed="1" churn="76" />
              <version num="132" curr_loc="76" changed="1" churn="76" />
              <version num="140" curr_loc="44" changed="1" churn="108" />
              <version num="141" curr_loc="45" changed="1" churn="109" />
              <version num="143" curr_loc="76" changed="1" churn="140" />
              <version num="147" curr_loc="76" changed="1" churn="140" />
              <version num="155" curr_loc="44" changed="1" churn="172" />
              <version num="156" curr_loc="45" changed="1" churn="173" />
              <version num="157" curr_loc="24" changed="1" churn="194" />
              <version num="158" curr_loc="24" changed="1" churn="194" />
            </class>
            <class name="MethodRule" type="Interface" maxLoc="39">
              <version num="122" curr_loc="10" changed="1" churn="10" />
              <version num="124" curr_loc="10" changed="1" churn="10" />
              <version num="125" curr_loc="39" changed="1" churn="39" />
              <version num="127" curr_loc="10" changed="1" churn="68" />
              <version num="142" curr_loc="10" changed="1" churn="68" />
            </class>
            <class name="Rule" type="Interface" maxLoc="14">
              <version num="122" curr_loc="14" changed="1" churn="14" />
              <version num="124" curr_loc="14" changed="1" churn="14" />
              <version num="127" curr_loc="14" changed="1" churn="14" />
              <version num="142" curr_loc="14" changed="1" churn="14" />
            </class>
            <class name="Verifier" type="ConcreteClass" maxLoc="46">
              <version num="122" curr_loc="19" changed="1" churn="19" />
              <version num="124" curr_loc="42" changed="1" churn="42" />
              <version num="125" curr_loc="46" changed="1" churn="46" />
              <version num="128" curr_loc="42" changed="1" churn="50" />
              <version num="129" curr_loc="19" changed="1" churn="73" />
              <version num="143" curr_loc="42" changed="1" churn="96" />
              <version num="144" curr_loc="19" changed="1" churn="119" />
              <version num="157" curr_loc="19" changed="1" churn="119" />
              <version num="158" curr_loc="19" changed="1" churn="119" />
            </class>
            <class name="ExpectedException" type="ConcreteClass" maxLoc="130">
              <version num="124" curr_loc="74" changed="1" churn="74" />
              <version num="125" curr_loc="130" changed="1" churn="130" />
              <version num="128" curr_loc="126" changed="1" churn="134" />
              <version num="129" curr_loc="117" changed="1" churn="143" />
              <version num="132" curr_loc="117" changed="1" churn="143" />
              <version num="143" curr_loc="126" changed="1" churn="152" />
              <version num="144" curr_loc="117" changed="1" churn="161" />
              <version num="147" curr_loc="117" changed="1" churn="161" />
              <version num="161" curr_loc="72" changed="1" churn="206" />
              <version num="162" curr_loc="65" changed="1" churn="213" />
              <version num="165" curr_loc="72" changed="1" churn="220" />
              <version num="166" curr_loc="65" changed="1" churn="227" />
              <version num="186" curr_loc="74" changed="1" churn="236" />
              <version num="194" curr_loc="74" changed="1" churn="236" />
            </class>
            <class name="ExternalResource" type="ConcreteClass" maxLoc="66">
              <version num="124" curr_loc="32" changed="1" churn="32" />
              <version num="128" curr_loc="66" changed="1" churn="66" />
              <version num="129" curr_loc="66" changed="1" churn="66" />
              <version num="132" curr_loc="66" changed="1" churn="66" />
              <version num="140" curr_loc="28" changed="1" churn="104" />
              <version num="143" curr_loc="66" changed="1" churn="142" />
              <version num="144" curr_loc="66" changed="1" churn="142" />
              <version num="147" curr_loc="66" changed="1" churn="142" />
              <version num="155" curr_loc="28" changed="1" churn="180" />
              <version num="159" curr_loc="32" changed="1" churn="184" />
            </class>
            <class name="TemporaryFolder" type="ConcreteClass" maxLoc="89">
              <version num="124" curr_loc="56" changed="1" churn="56" />
              <version num="125" curr_loc="89" changed="1" churn="89" />
              <version num="128" curr_loc="72" changed="1" churn="106" />
              <version num="143" curr_loc="72" changed="1" churn="106" />
              <version num="159" curr_loc="56" changed="1" churn="122" />
            </class>
            <class name="TestName" type="ConcreteClass" maxLoc="39">
              <version num="124" curr_loc="16" changed="1" churn="16" />
              <version num="125" curr_loc="39" changed="1" churn="39" />
              <version num="128" curr_loc="36" changed="1" churn="42" />
              <version num="143" curr_loc="36" changed="1" churn="42" />
              <version num="190" curr_loc="16" changed="1" churn="62" />
              <version num="197" curr_loc="16" changed="1" churn="62" />
              <version num="202" curr_loc="16" changed="1" churn="62" />
              <version num="204" curr_loc="16" changed="1" churn="62" />
            </class>
            <class name="TestWatchman" type="ConcreteClass" maxLoc="93">
              <version num="124" curr_loc="35" changed="1" churn="35" />
              <version num="128" curr_loc="93" changed="1" churn="93" />
              <version num="129" curr_loc="37" changed="1" churn="149" />
              <version num="140" curr_loc="37" changed="1" churn="149" />
              <version num="143" curr_loc="93" changed="1" churn="205" />
              <version num="144" curr_loc="37" changed="1" churn="261" />
              <version num="155" curr_loc="37" changed="1" churn="261" />
              <version num="190" curr_loc="41" changed="1" churn="265" />
              <version num="191" curr_loc="41" changed="1" churn="265" />
              <version num="197" curr_loc="41" changed="1" churn="265" />
              <version num="199" curr_loc="41" changed="1" churn="265" />
              <version num="210" curr_loc="37" changed="1" churn="269" />
              <version num="216" curr_loc="37" changed="1" churn="269" />
              <version num="219" curr_loc="39" changed="1" churn="271" />
              <version num="220" curr_loc="42" changed="1" churn="274" />
              <version num="221" curr_loc="39" changed="1" churn="277" />
              <version num="222" curr_loc="39" changed="1" churn="277" />
              <version num="223" curr_loc="42" changed="1" churn="280" />
              <version num="226" curr_loc="42" changed="1" churn="280" />
              <version num="230" curr_loc="42" changed="1" churn="280" />
              <version num="250" curr_loc="33" changed="1" churn="289" />
              <version num="254" curr_loc="35" changed="1" churn="291" />
              <version num="260" curr_loc="35" changed="1" churn="291" />
            </class>
            <class name="Timeout" type="ConcreteClass" maxLoc="49">
              <version num="124" curr_loc="20" changed="1" churn="20" />
              <version num="125" curr_loc="49" changed="1" churn="49" />
              <version num="128" curr_loc="46" changed="1" churn="52" />
              <version num="129" curr_loc="20" changed="1" churn="78" />
              <version num="143" curr_loc="46" changed="1" churn="104" />
              <version num="144" curr_loc="20" changed="1" churn="130" />
              <version num="226" curr_loc="20" changed="1" churn="130" />
              <version num="230" curr_loc="20" changed="1" churn="130" />
            </class>
            <class name="Interceptor" type="Interface" maxLoc="14">
              <version num="128" curr_loc="12" changed="1" churn="12" />
              <version num="132" curr_loc="14" changed="1" churn="14" />
              <version num="143" curr_loc="12" changed="1" churn="16" />
              <version num="147" curr_loc="14" changed="1" churn="18" />
              <version num="254" curr_loc="12" changed="1" churn="20" />
              <version num="260" curr_loc="12" changed="1" churn="20" />
            </class>
            <class name="StatementInterceptor" type="Interface" maxLoc="11">
              <version num="128" curr_loc="11" changed="1" churn="11" />
              <version num="129" curr_loc="10" changed="1" churn="12" />
              <version num="132" curr_loc="10" changed="1" churn="12" />
              <version num="143" curr_loc="11" changed="1" churn="13" />
              <version num="144" curr_loc="10" changed="1" churn="14" />
              <version num="147" curr_loc="10" changed="1" churn="14" />
              <version num="254" curr_loc="11" changed="1" churn="15" />
              <version num="260" curr_loc="11" changed="1" churn="15" />
            </class>
            <class name="Interceptors" type="ConcreteClass" maxLoc="71">
              <version num="132" curr_loc="44" changed="1" churn="44" />
              <version num="147" curr_loc="13" changed="1" churn="75" />
              <version num="187" curr_loc="13" changed="1" churn="75" />
              <version num="188" curr_loc="62" changed="1" churn="124" />
              <version num="191" curr_loc="71" changed="1" churn="133" />
              <version num="195" curr_loc="13" changed="1" churn="191" />
              <version num="196" curr_loc="62" changed="1" churn="240" />
              <version num="199" curr_loc="71" changed="1" churn="249" />
              <version num="210" curr_loc="42" changed="1" churn="278" />
              <version num="216" curr_loc="42" changed="1" churn="278" />
              <version num="226" curr_loc="43" changed="1" churn="279" />
              <version num="230" curr_loc="43" changed="1" churn="279" />
              <version num="254" curr_loc="44" changed="1" churn="280" />
              <version num="260" curr_loc="44" changed="1" churn="280" />
            </class>
          </package>
          <package name="rules">
            <class name="ErrorCollector" type="ConcreteClass" maxLoc="76">
              <version num="123" curr_loc="76" changed="1" churn="76" />
              <version num="124" curr_loc="76" changed="1" churn="76" />
            </class>
            <class name="ExpectedException" type="ConcreteClass" maxLoc="130">
              <version num="123" curr_loc="130" changed="1" churn="130" />
              <version num="124" curr_loc="130" changed="1" churn="130" />
            </class>
            <class name="ExternalResource" type="AbstractClass" maxLoc="66">
              <version num="123" curr_loc="66" changed="1" churn="66" />
              <version num="124" curr_loc="66" changed="1" churn="66" />
            </class>
            <class name="MethodRule" type="Interface" maxLoc="38">
              <version num="123" curr_loc="38" changed="1" churn="38" />
              <version num="124" curr_loc="38" changed="1" churn="38" />
            </class>
            <class name="Rule" type="Interface" maxLoc="14">
              <version num="123" curr_loc="14" changed="1" churn="14" />
              <version num="124" curr_loc="14" changed="1" churn="14" />
            </class>
            <class name="TemporaryFolder" type="ConcreteClass" maxLoc="89">
              <version num="123" curr_loc="89" changed="1" churn="89" />
              <version num="124" curr_loc="89" changed="1" churn="89" />
            </class>
            <class name="TestName" type="ConcreteClass" maxLoc="39">
              <version num="123" curr_loc="39" changed="1" churn="39" />
              <version num="124" curr_loc="39" changed="1" churn="39" />
            </class>
            <class name="TestWatchman" type="ConcreteClass" maxLoc="93">
              <version num="123" curr_loc="93" changed="1" churn="93" />
              <version num="124" curr_loc="93" changed="1" churn="93" />
            </class>
            <class name="Timeout" type="ConcreteClass" maxLoc="49">
              <version num="123" curr_loc="49" changed="1" churn="49" />
              <version num="124" curr_loc="49" changed="1" churn="49" />
            </class>
            <class name="Verifier" type="ConcreteClass" maxLoc="46">
              <version num="123" curr_loc="46" changed="1" churn="46" />
              <version num="124" curr_loc="46" changed="1" churn="46" />
            </class>
          </package>
          <class name="ParallelComputer" type="ConcreteClass" maxLoc="132">
            <version num="124" curr_loc="78" changed="1" churn="78" />
            <version num="192" curr_loc="78" changed="1" churn="78" />
            <version num="200" curr_loc="78" changed="1" churn="78" />
            <version num="209" curr_loc="79" changed="1" churn="79" />
            <version num="212" curr_loc="80" changed="1" churn="80" />
            <version num="217" curr_loc="79" changed="1" churn="81" />
            <version num="224" curr_loc="103" changed="1" churn="105" />
            <version num="227" curr_loc="103" changed="1" churn="105" />
            <version num="228" curr_loc="103" changed="1" churn="105" />
            <version num="233" curr_loc="128" changed="1" churn="130" />
            <version num="235" curr_loc="132" changed="1" churn="134" />
            <version num="240" curr_loc="103" changed="1" churn="163" />
            <version num="243" curr_loc="128" changed="1" churn="188" />
            <version num="244" curr_loc="132" changed="1" churn="192" />
            <version num="280" curr_loc="120" changed="1" churn="204" />
            <version num="282" curr_loc="120" changed="1" churn="204" />
          </class>
        </package>
        <package name="runner">
          <class name="Description" type="ConcreteClass" maxLoc="261">
            <version num="1" curr_loc="240" changed="1" churn="240" />
            <version num="54" curr_loc="241" changed="1" churn="241" />
            <version num="62" curr_loc="241" changed="1" churn="241" />
            <version num="67" curr_loc="261" changed="1" churn="261" />
            <version num="69" curr_loc="261" changed="1" churn="261" />
            <version num="72" curr_loc="251" changed="1" churn="271" />
            <version num="74" curr_loc="246" changed="1" churn="276" />
            <version num="81" curr_loc="247" changed="1" churn="277" />
            <version num="82" curr_loc="241" changed="1" churn="283" />
            <version num="135" curr_loc="241" changed="1" churn="283" />
            <version num="150" curr_loc="241" changed="1" churn="283" />
            <version num="281" curr_loc="229" changed="1" churn="295" />
            <version num="283" curr_loc="229" changed="1" churn="295" />
            <version num="286" curr_loc="229" changed="1" churn="295" />
            <version num="288" curr_loc="249" changed="1" churn="315" />
            <version num="290" curr_loc="236" changed="1" churn="328" />
            <version num="337" curr_loc="192" changed="1" churn="372" />
            <version num="355" curr_loc="193" changed="1" churn="373" />
            <version num="356" curr_loc="174" changed="1" churn="392" />
            <version num="426" curr_loc="169" changed="1" churn="397" />
          </class>
          <package name="manipulation">
            <class name="Filter" type="AbstractClass" maxLoc="108">
              <version num="4" curr_loc="106" changed="1" churn="106" />
              <version num="54" curr_loc="81" changed="1" churn="131" />
              <version num="62" curr_loc="81" changed="1" churn="131" />
              <version num="72" curr_loc="75" changed="1" churn="137" />
              <version num="79" curr_loc="103" changed="1" churn="165" />
              <version num="80" curr_loc="108" changed="1" churn="170" />
              <version num="81" curr_loc="75" changed="1" churn="203" />
              <version num="276" curr_loc="81" changed="1" churn="209" />
              <version num="277" curr_loc="81" changed="1" churn="209" />
              <version num="286" curr_loc="77" changed="1" churn="213" />
              <version num="292" curr_loc="77" changed="1" churn="213" />
              <version num="405" curr_loc="55" changed="1" churn="235" />
              <version num="411" curr_loc="61" changed="1" churn="241" />
            </class>
            <class name="Sorter" type="ConcreteClass" maxLoc="47">
              <version num="126" curr_loc="46" changed="1" churn="46" />
              <version num="338" curr_loc="47" changed="1" churn="47" />
              <version num="342" curr_loc="44" changed="1" churn="50" />
              <version num="405" curr_loc="40" changed="1" churn="54" />
              <version num="411" curr_loc="46" changed="1" churn="60" />
            </class>
            <class name="CategoryFilter" type="ConcreteClass" maxLoc="31">
              <version num="426" curr_loc="31" changed="1" churn="31" />
            </class>
          </package>
          <class name="Result" type="ConcreteClass" maxLoc="137">
            <version num="28" curr_loc="104" changed="1" churn="104" />
            <version num="89" curr_loc="104" changed="1" churn="104" />
            <version num="107" curr_loc="104" changed="1" churn="104" />
            <version num="284" curr_loc="102" changed="1" churn="106" />
            <version num="285" curr_loc="102" changed="1" churn="106" />
            <version num="318" curr_loc="107" changed="1" churn="111" />
            <version num="367" curr_loc="102" changed="1" churn="116" />
            <version num="380" curr_loc="127" changed="1" churn="141" />
            <version num="382" curr_loc="137" changed="1" churn="151" />
            <version num="384" curr_loc="137" changed="1" churn="151" />
            <version num="398" curr_loc="137" changed="1" churn="151" />
            <version num="428" curr_loc="116" changed="1" churn="172" />
          </class>
          <class name="Plan" type="AbstractClass" maxLoc="35">
            <version num="53" curr_loc="35" changed="1" churn="35" />
            <version num="61" curr_loc="35" changed="1" churn="35" />
            <version num="75" curr_loc="28" changed="1" churn="42" />
            <version num="77" curr_loc="29" changed="1" churn="43" />
            <version num="81" curr_loc="35" changed="1" churn="49" />
          </class>
          <class name="JUnitCore" type="ConcreteClass" maxLoc="202">
            <version num="54" curr_loc="186" changed="1" churn="186" />
            <version num="62" curr_loc="186" changed="1" churn="186" />
            <version num="72" curr_loc="186" changed="1" churn="186" />
            <version num="135" curr_loc="186" changed="1" churn="186" />
            <version num="150" curr_loc="186" changed="1" churn="186" />
            <version num="281" curr_loc="188" changed="1" churn="188" />
            <version num="283" curr_loc="188" changed="1" churn="188" />
            <version num="286" curr_loc="193" changed="1" churn="193" />
            <version num="290" curr_loc="193" changed="1" churn="193" />
            <version num="295" curr_loc="193" changed="1" churn="193" />
            <version num="296" curr_loc="202" changed="1" churn="202" />
            <version num="297" curr_loc="202" changed="1" churn="202" />
            <version num="298" curr_loc="202" changed="1" churn="202" />
            <version num="299" curr_loc="201" changed="1" churn="203" />
            <version num="302" curr_loc="193" changed="1" churn="211" />
            <version num="304" curr_loc="190" changed="1" churn="214" />
            <version num="381" curr_loc="166" changed="1" churn="238" />
          </class>
          <class name="Runner" type="AbstractClass" maxLoc="54">
            <version num="54" curr_loc="40" changed="1" churn="40" />
            <version num="62" curr_loc="40" changed="1" churn="40" />
            <version num="69" curr_loc="54" changed="1" churn="54" />
            <version num="75" curr_loc="44" changed="1" churn="64" />
            <version num="81" curr_loc="44" changed="1" churn="64" />
          </class>
          <package name="notification">
            <class name="RunListener" type="ConcreteClass" maxLoc="119">
              <version num="54" curr_loc="91" changed="1" churn="91" />
              <version num="62" curr_loc="91" changed="1" churn="91" />
              <version num="72" curr_loc="101" changed="1" churn="101" />
              <version num="318" curr_loc="91" changed="1" churn="111" />
              <version num="365" curr_loc="79" changed="1" churn="123" />
              <version num="367" curr_loc="82" changed="1" churn="126" />
              <version num="382" curr_loc="119" changed="1" churn="163" />
              <version num="386" curr_loc="103" changed="1" churn="179" />
              <version num="398" curr_loc="87" changed="1" churn="195" />
            </class>
            <class name="RunNotifier" type="ConcreteClass" maxLoc="185">
              <version num="54" curr_loc="166" changed="1" churn="166" />
              <version num="62" curr_loc="166" changed="1" churn="166" />
              <version num="72" curr_loc="185" changed="1" churn="185" />
              <version num="89" curr_loc="166" changed="1" churn="204" />
              <version num="107" curr_loc="171" changed="1" churn="209" />
              <version num="318" curr_loc="162" changed="1" churn="218" />
              <version num="355" curr_loc="144" changed="1" churn="236" />
              <version num="367" curr_loc="150" changed="1" churn="242" />
              <version num="382" curr_loc="171" changed="1" churn="263" />
              <version num="386" curr_loc="171" changed="1" churn="263" />
              <version num="398" curr_loc="172" changed="1" churn="264" />
              <version num="402" curr_loc="163" changed="1" churn="273" />
            </class>
            <class name="Failure" type="ConcreteClass" maxLoc="79">
              <version num="367" curr_loc="77" changed="1" churn="77" />
              <version num="384" curr_loc="79" changed="1" churn="79" />
            </class>
            <class name="Ignorance" type="ConcreteClass" maxLoc="24">
              <version num="367" curr_loc="11" changed="1" churn="11" />
              <version num="380" curr_loc="24" changed="1" churn="24" />
              <version num="398" curr_loc="24" changed="1" churn="24" />
              <version num="413" curr_loc="9" changed="1" churn="39" />
              <version num="433" curr_loc="11" changed="1" churn="41" />
            </class>
            <class name="InvalidAssumption" type="ConcreteClass" maxLoc="9">
              <version num="367" curr_loc="9" changed="1" churn="9" />
              <version num="380" curr_loc="9" changed="1" churn="9" />
            </class>
            <class name="TestRunEvent" type="AbstractClass" maxLoc="17">
              <version num="367" curr_loc="17" changed="1" churn="17" />
              <version num="384" curr_loc="17" changed="1" churn="17" />
            </class>
            <class name="FailedAssumption" type="ConcreteClass" maxLoc="9">
              <version num="380" curr_loc="9" changed="1" churn="9" />
              <version num="398" curr_loc="9" changed="1" churn="9" />
            </class>
          </package>
          <class name="RunWith" type="Interface" maxLoc="34">
            <version num="109" curr_loc="34" changed="1" churn="34" />
          </class>
          <class name="Computer" type="ConcreteClass" maxLoc="47">
            <version num="115" curr_loc="40" changed="1" churn="40" />
            <version num="117" curr_loc="47" changed="1" churn="47" />
            <version num="209" curr_loc="29" changed="1" churn="65" />
            <version num="217" curr_loc="29" changed="1" churn="65" />
            <version num="227" curr_loc="25" changed="1" churn="69" />
            <version num="240" curr_loc="25" changed="1" churn="69" />
            <version num="295" curr_loc="25" changed="1" churn="69" />
            <version num="302" curr_loc="22" changed="1" churn="72" />
          </class>
          <class name="Request" type="AbstractClass" maxLoc="200">
            <version num="135" curr_loc="161" changed="1" churn="161" />
            <version num="150" curr_loc="161" changed="1" churn="161" />
            <version num="227" curr_loc="161" changed="1" churn="161" />
            <version num="240" curr_loc="161" changed="1" churn="161" />
            <version num="276" curr_loc="162" changed="1" churn="162" />
            <version num="277" curr_loc="162" changed="1" churn="162" />
            <version num="286" curr_loc="162" changed="1" churn="162" />
            <version num="292" curr_loc="151" changed="1" churn="173" />
            <version num="296" curr_loc="200" changed="1" churn="222" />
            <version num="297" curr_loc="200" changed="1" churn="222" />
            <version num="302" curr_loc="168" changed="1" churn="254" />
            <version num="304" curr_loc="168" changed="1" churn="254" />
            <version num="321" curr_loc="165" changed="1" churn="257" />
            <version num="329" curr_loc="165" changed="1" churn="257" />
            <version num="332" curr_loc="159" changed="1" churn="263" />
            <version num="356" curr_loc="159" changed="1" churn="263" />
            <version num="364" curr_loc="149" changed="1" churn="273" />
            <version num="369" curr_loc="150" changed="1" churn="274" />
            <version num="381" curr_loc="158" changed="1" churn="282" />
            <version num="383" curr_loc="158" changed="1" churn="282" />
            <version num="392" curr_loc="148" changed="1" churn="292" />
            <version num="396" curr_loc="136" changed="1" churn="304" />
            <version num="426" curr_loc="136" changed="1" churn="304" />
          </class>
          <class name="Executioner" type="ConcreteClass" maxLoc="22">
            <version num="302" curr_loc="22" changed="1" churn="22" />
            <version num="304" curr_loc="22" changed="1" churn="22" />
          </class>
          <class name="Describable" type="Interface" maxLoc="12">
            <version num="311" curr_loc="12" changed="1" churn="12" />
            <version num="356" curr_loc="12" changed="1" churn="12" />
          </class>
          <class name="Ignorance" type="ConcreteClass" maxLoc="26">
            <version num="380" curr_loc="20" changed="1" churn="20" />
            <version num="384" curr_loc="26" changed="1" churn="26" />
            <version num="398" curr_loc="20" changed="1" churn="32" />
          </class>
          <class name="Category" type="Interface" maxLoc="14">
            <version num="426" curr_loc="14" changed="1" churn="14" />
          </class>
        </package>
        <package name="runners">
          <class name="ParentRunner" type="AbstractClass" maxLoc="391">
            <version num="1" curr_loc="391" changed="1" churn="391" />
            <version num="4" curr_loc="384" changed="1" churn="398" />
            <version num="5" curr_loc="385" changed="1" churn="399" />
            <version num="13" curr_loc="366" changed="1" churn="418" />
            <version num="14" curr_loc="389" changed="1" churn="441" />
            <version num="18" curr_loc="385" changed="1" churn="445" />
            <version num="19" curr_loc="367" changed="1" churn="463" />
            <version num="27" curr_loc="371" changed="1" churn="467" />
            <version num="29" curr_loc="370" changed="1" churn="468" />
            <version num="33" curr_loc="370" changed="1" churn="468" />
            <version num="35" curr_loc="370" changed="1" churn="468" />
            <version num="39" curr_loc="370" changed="1" churn="468" />
            <version num="54" curr_loc="317" changed="1" churn="521" />
            <version num="62" curr_loc="317" changed="1" churn="521" />
            <version num="69" curr_loc="319" changed="1" churn="523" />
            <version num="80" curr_loc="312" changed="1" churn="530" />
            <version num="81" curr_loc="316" changed="1" churn="534" />
            <version num="82" curr_loc="320" changed="1" churn="538" />
            <version num="95" curr_loc="372" changed="1" churn="590" />
            <version num="97" curr_loc="372" changed="1" churn="590" />
            <version num="102" curr_loc="372" changed="1" churn="590" />
            <version num="104" curr_loc="372" changed="1" churn="590" />
            <version num="116" curr_loc="317" changed="1" churn="645" />
            <version num="124" curr_loc="317" changed="1" churn="645" />
            <version num="203" curr_loc="323" changed="1" churn="651" />
            <version num="205" curr_loc="323" changed="1" churn="651" />
            <version num="209" curr_loc="358" changed="1" churn="686" />
            <version num="212" curr_loc="323" changed="1" churn="721" />
            <version num="217" curr_loc="358" changed="1" churn="756" />
            <version num="224" curr_loc="315" changed="1" churn="799" />
            <version num="227" curr_loc="306" changed="1" churn="808" />
            <version num="228" curr_loc="315" changed="1" churn="817" />
            <version num="240" curr_loc="306" changed="1" churn="826" />
            <version num="286" curr_loc="293" changed="1" churn="839" />
            <version num="290" curr_loc="296" changed="1" churn="842" />
            <version num="303" curr_loc="296" changed="1" churn="842" />
            <version num="326" curr_loc="293" changed="1" churn="845" />
            <version num="327" curr_loc="295" changed="1" churn="847" />
            <version num="328" curr_loc="258" changed="1" churn="884" />
            <version num="329" curr_loc="263" changed="1" churn="889" />
            <version num="331" curr_loc="201" changed="1" churn="951" />
            <version num="332" curr_loc="173" changed="1" churn="979" />
          </class>
          <class name="BlockJUnit4ClassRunner" type="ConcreteClass" maxLoc="427">
            <version num="6" curr_loc="400" changed="1" churn="400" />
            <version num="7" curr_loc="400" changed="1" churn="400" />
            <version num="10" curr_loc="400" changed="1" churn="400" />
            <version num="13" curr_loc="427" changed="1" churn="427" />
            <version num="14" curr_loc="391" changed="1" churn="463" />
            <version num="16" curr_loc="418" changed="1" churn="490" />
            <version num="18" curr_loc="389" changed="1" churn="519" />
            <version num="19" curr_loc="415" changed="1" churn="545" />
            <version num="28" curr_loc="417" changed="1" churn="547" />
            <version num="29" curr_loc="406" changed="1" churn="558" />
            <version num="31" curr_loc="406" changed="1" churn="558" />
            <version num="33" curr_loc="386" changed="1" churn="578" />
            <version num="39" curr_loc="380" changed="1" churn="584" />
            <version num="42" curr_loc="414" changed="1" churn="618" />
            <version num="43" curr_loc="414" changed="1" churn="618" />
            <version num="44" curr_loc="412" changed="1" churn="620" />
            <version num="45" curr_loc="414" changed="1" churn="622" />
            <version num="50" curr_loc="380" changed="1" churn="656" />
            <version num="54" curr_loc="384" changed="1" churn="660" />
            <version num="59" curr_loc="380" changed="1" churn="664" />
            <version num="62" curr_loc="384" changed="1" churn="668" />
            <version num="65" curr_loc="383" changed="1" churn="669" />
            <version num="69" curr_loc="406" changed="1" churn="692" />
            <version num="70" curr_loc="403" changed="1" churn="695" />
            <version num="81" curr_loc="405" changed="1" churn="697" />
            <version num="96" curr_loc="402" changed="1" churn="700" />
            <version num="97" curr_loc="402" changed="1" churn="700" />
            <version num="103" curr_loc="402" changed="1" churn="700" />
            <version num="104" curr_loc="402" changed="1" churn="700" />
            <version num="108" curr_loc="395" changed="1" churn="707" />
            <version num="116" curr_loc="395" changed="1" churn="707" />
            <version num="123" curr_loc="392" changed="1" churn="710" />
            <version num="124" curr_loc="392" changed="1" churn="710" />
            <version num="125" curr_loc="392" changed="1" churn="710" />
            <version num="128" curr_loc="388" changed="1" churn="714" />
            <version num="129" curr_loc="389" changed="1" churn="715" />
            <version num="133" curr_loc="389" changed="1" churn="715" />
            <version num="134" curr_loc="377" changed="1" churn="727" />
            <version num="143" curr_loc="388" changed="1" churn="738" />
            <version num="144" curr_loc="389" changed="1" churn="739" />
            <version num="148" curr_loc="389" changed="1" churn="739" />
            <version num="149" curr_loc="377" changed="1" churn="751" />
            <version num="186" curr_loc="358" changed="1" churn="770" />
            <version num="187" curr_loc="357" changed="1" churn="771" />
            <version num="194" curr_loc="358" changed="1" churn="772" />
            <version num="195" curr_loc="357" changed="1" churn="773" />
            <version num="203" curr_loc="316" changed="1" churn="814" />
            <version num="205" curr_loc="316" changed="1" churn="814" />
            <version num="280" curr_loc="311" changed="1" churn="819" />
            <version num="282" curr_loc="311" changed="1" churn="819" />
            <version num="290" curr_loc="311" changed="1" churn="819" />
            <version num="316" curr_loc="314" changed="1" churn="822" />
            <version num="318" curr_loc="314" changed="1" churn="822" />
            <version num="321" curr_loc="314" changed="1" churn="822" />
            <version num="324" curr_loc="301" changed="1" churn="835" />
            <version num="325" curr_loc="301" changed="1" churn="835" />
            <version num="326" curr_loc="301" changed="1" churn="835" />
            <version num="327" curr_loc="294" changed="1" churn="842" />
            <version num="329" curr_loc="264" changed="1" churn="872" />
            <version num="330" curr_loc="268" changed="1" churn="876" />
            <version num="332" curr_loc="268" changed="1" churn="876" />
            <version num="334" curr_loc="264" changed="1" churn="880" />
            <version num="336" curr_loc="171" changed="1" churn="973" />
            <version num="337" curr_loc="168" changed="1" churn="976" />
            <version num="338" curr_loc="170" changed="1" churn="978" />
            <version num="340" curr_loc="157" changed="1" churn="991" />
            <version num="344" curr_loc="161" changed="1" churn="995" />
          </class>
          <package name="model">
            <class name="MultipleFailureException" type="ConcreteClass" maxLoc="60">
              <version num="9" curr_loc="60" changed="1" churn="60" />
              <version num="20" curr_loc="58" changed="1" churn="62" />
              <version num="29" curr_loc="58" changed="1" churn="62" />
            </class>
            <class name="TestClass" type="ConcreteClass" maxLoc="154">
              <version num="33" curr_loc="153" changed="1" churn="153" />
              <version num="65" curr_loc="151" changed="1" churn="155" />
              <version num="132" curr_loc="132" changed="1" churn="174" />
              <version num="133" curr_loc="134" changed="1" churn="176" />
              <version num="147" curr_loc="132" changed="1" churn="178" />
              <version num="148" curr_loc="134" changed="1" churn="180" />
              <version num="188" curr_loc="139" changed="1" churn="185" />
              <version num="189" curr_loc="133" changed="1" churn="191" />
              <version num="191" curr_loc="132" changed="1" churn="192" />
              <version num="196" curr_loc="139" changed="1" churn="199" />
              <version num="198" curr_loc="133" changed="1" churn="205" />
              <version num="199" curr_loc="132" changed="1" churn="206" />
              <version num="326" curr_loc="129" changed="1" churn="209" />
              <version num="327" curr_loc="133" changed="1" churn="213" />
              <version num="332" curr_loc="154" changed="1" churn="234" />
            </class>
            <class name="RunnerBuilder" type="AbstractClass" maxLoc="104">
              <version num="40" curr_loc="104" changed="1" churn="104" />
              <version num="326" curr_loc="99" changed="1" churn="109" />
              <version num="336" curr_loc="92" changed="1" churn="116" />
            </class>
            <class name="InitializationError" type="ConcreteClass" maxLoc="39">
              <version num="93" curr_loc="39" changed="1" churn="39" />
              <version num="100" curr_loc="39" changed="1" churn="39" />
              <version num="326" curr_loc="35" changed="1" churn="43" />
              <version num="336" curr_loc="25" changed="1" churn="53" />
            </class>
            <class name="FrameworkField" type="ConcreteClass" maxLoc="50">
              <version num="97" curr_loc="50" changed="1" churn="50" />
              <version num="104" curr_loc="50" changed="1" churn="50" />
              <version num="116" curr_loc="42" changed="1" churn="58" />
              <version num="124" curr_loc="36" changed="1" churn="64" />
              <version num="133" curr_loc="36" changed="1" churn="64" />
              <version num="148" curr_loc="36" changed="1" churn="64" />
              <version num="188" curr_loc="30" changed="1" churn="70" />
              <version num="191" curr_loc="22" changed="1" churn="78" />
              <version num="196" curr_loc="30" changed="1" churn="86" />
              <version num="199" curr_loc="22" changed="1" churn="94" />
            </class>
            <class name="RunnerScheduler" type="Interface" maxLoc="21">
              <version num="116" curr_loc="21" changed="1" churn="21" />
              <version num="124" curr_loc="7" changed="1" churn="35" />
            </class>
            <class name="RunnerInterceptor" type="Interface" maxLoc="7">
              <version num="124" curr_loc="7" changed="1" churn="7" />
              <version num="212" curr_loc="7" changed="1" churn="7" />
            </class>
            <class name="FrameworkMethod" type="ConcreteClass" maxLoc="157">
              <version num="126" curr_loc="145" changed="1" churn="145" />
              <version num="133" curr_loc="145" changed="1" churn="145" />
              <version num="148" curr_loc="145" changed="1" churn="145" />
              <version num="191" curr_loc="143" changed="1" churn="147" />
              <version num="199" curr_loc="143" changed="1" churn="147" />
              <version num="288" curr_loc="150" changed="1" churn="154" />
              <version num="314" curr_loc="150" changed="1" churn="154" />
              <version num="319" curr_loc="157" changed="1" churn="161" />
              <version num="320" curr_loc="148" changed="1" churn="170" />
              <version num="326" curr_loc="144" changed="1" churn="174" />
              <version num="336" curr_loc="99" changed="1" churn="219" />
            </class>
            <class name="FrameworkMember" type="AbstractClass" maxLoc="20">
              <version num="133" curr_loc="20" changed="1" churn="20" />
              <version num="148" curr_loc="20" changed="1" churn="20" />
              <version num="191" curr_loc="12" changed="1" churn="28" />
              <version num="199" curr_loc="12" changed="1" churn="28" />
            </class>
            <class name="Statement" type="AbstractClass" maxLoc="16">
              <version num="326" curr_loc="16" changed="1" churn="16" />
              <version num="336" curr_loc="9" changed="1" churn="23" />
            </class>
          </package>
          <class name="Suite" type="ConcreteClass" maxLoc="177">
            <version num="54" curr_loc="130" changed="1" churn="130" />
            <version num="62" curr_loc="130" changed="1" churn="130" />
            <version num="69" curr_loc="133" changed="1" churn="133" />
            <version num="70" curr_loc="130" changed="1" churn="136" />
            <version num="81" curr_loc="131" changed="1" churn="137" />
            <version num="105" curr_loc="130" changed="1" churn="138" />
            <version num="110" curr_loc="130" changed="1" churn="138" />
            <version num="112" curr_loc="177" changed="1" churn="185" />
            <version num="116" curr_loc="130" changed="1" churn="232" />
            <version num="132" curr_loc="127" changed="1" churn="235" />
            <version num="134" curr_loc="127" changed="1" churn="235" />
            <version num="139" curr_loc="129" changed="1" churn="237" />
            <version num="147" curr_loc="127" changed="1" churn="239" />
            <version num="149" curr_loc="127" changed="1" churn="239" />
            <version num="154" curr_loc="129" changed="1" churn="241" />
            <version num="207" curr_loc="134" changed="1" churn="246" />
            <version num="209" curr_loc="126" changed="1" churn="254" />
            <version num="214" curr_loc="134" changed="1" churn="262" />
            <version num="217" curr_loc="126" changed="1" churn="270" />
            <version num="258" curr_loc="121" changed="1" churn="275" />
            <version num="261" curr_loc="121" changed="1" churn="275" />
            <version num="286" curr_loc="119" changed="1" churn="277" />
            <version num="290" curr_loc="120" changed="1" churn="278" />
            <version num="326" curr_loc="117" changed="1" churn="281" />
            <version num="327" curr_loc="117" changed="1" churn="281" />
            <version num="329" curr_loc="122" changed="1" churn="286" />
            <version num="332" curr_loc="121" changed="1" churn="287" />
            <version num="336" curr_loc="122" changed="1" churn="288" />
            <version num="337" curr_loc="120" changed="1" churn="290" />
            <version num="348" curr_loc="122" changed="1" churn="292" />
            <version num="353" curr_loc="110" changed="1" churn="304" />
            <version num="363" curr_loc="107" changed="1" churn="307" />
            <version num="369" curr_loc="108" changed="1" churn="308" />
            <version num="381" curr_loc="106" changed="1" churn="310" />
            <version num="383" curr_loc="81" changed="1" churn="335" />
            <version num="384" curr_loc="128" changed="1" churn="382" />
            <version num="385" curr_loc="134" changed="1" churn="388" />
            <version num="390" curr_loc="133" changed="1" churn="389" />
            <version num="393" curr_loc="139" changed="1" churn="395" />
            <version num="398" curr_loc="149" changed="1" churn="405" />
            <version num="401" curr_loc="100" changed="1" churn="454" />
            <version num="403" curr_loc="107" changed="1" churn="461" />
            <version num="422" curr_loc="78" changed="1" churn="490" />
            <version num="427" curr_loc="133" changed="1" churn="545" />
            <version num="432" curr_loc="135" changed="1" churn="547" />
          </class>
          <class name="Parameterized" type="ConcreteClass" maxLoc="211">
            <version num="133" curr_loc="162" changed="1" churn="162" />
            <version num="148" curr_loc="162" changed="1" churn="162" />
            <version num="257" curr_loc="162" changed="1" churn="162" />
            <version num="265" curr_loc="162" changed="1" churn="162" />
            <version num="268" curr_loc="162" changed="1" churn="162" />
            <version num="270" curr_loc="166" changed="1" churn="166" />
            <version num="275" curr_loc="211" changed="1" churn="211" />
            <version num="321" curr_loc="166" changed="1" churn="256" />
            <version num="322" curr_loc="172" changed="1" churn="262" />
            <version num="326" curr_loc="162" changed="1" churn="272" />
            <version num="327" curr_loc="160" changed="1" churn="274" />
            <version num="329" curr_loc="165" changed="1" churn="279" />
            <version num="332" curr_loc="166" changed="1" churn="280" />
            <version num="336" curr_loc="166" changed="1" churn="280" />
            <version num="337" curr_loc="163" changed="1" churn="283" />
            <version num="338" curr_loc="165" changed="1" churn="285" />
            <version num="344" curr_loc="163" changed="1" churn="287" />
            <version num="350" curr_loc="165" changed="1" churn="289" />
            <version num="361" curr_loc="165" changed="1" churn="289" />
            <version num="381" curr_loc="164" changed="1" churn="290" />
            <version num="386" curr_loc="166" changed="1" churn="292" />
            <version num="389" curr_loc="167" changed="1" churn="293" />
            <version num="390" curr_loc="167" changed="1" churn="293" />
            <version num="391" curr_loc="169" changed="1" churn="295" />
            <version num="392" curr_loc="168" changed="1" churn="296" />
            <version num="394" curr_loc="173" changed="1" churn="301" />
            <version num="398" curr_loc="165" changed="1" churn="309" />
            <version num="401" curr_loc="158" changed="1" churn="316" />
            <version num="411" curr_loc="157" changed="1" churn="317" />
            <version num="412" curr_loc="160" changed="1" churn="320" />
            <version num="427" curr_loc="160" changed="1" churn="320" />
            <version num="432" curr_loc="162" changed="1" churn="322" />
          </class>
          <class name="JUnit4" type="ConcreteClass" maxLoc="22">
            <version num="313" curr_loc="22" changed="1" churn="22" />
          </class>
          <class name="FrameworkMethod" type="ConcreteClass" maxLoc="99">
            <version num="336" curr_loc="99" changed="1" churn="99" />
            <version num="337" curr_loc="99" changed="1" churn="99" />
          </class>
          <class name="InitializationError" type="ConcreteClass" maxLoc="25">
            <version num="336" curr_loc="25" changed="1" churn="25" />
            <version num="337" curr_loc="25" changed="1" churn="25" />
          </class>
          <class name="RunnerBuilder" type="AbstractClass" maxLoc="93">
            <version num="336" curr_loc="54" changed="1" churn="54" />
            <version num="337" curr_loc="92" changed="1" churn="92" />
            <version num="361" curr_loc="93" changed="1" churn="93" />
            <version num="367" curr_loc="54" changed="1" churn="132" />
            <version num="369" curr_loc="54" changed="1" churn="132" />
          </class>
          <class name="Statement" type="AbstractClass" maxLoc="9">
            <version num="336" curr_loc="9" changed="1" churn="9" />
            <version num="344" curr_loc="9" changed="1" churn="9" />
          </class>
          <class name="Notifier" type="AbstractClass" maxLoc="9">
            <version num="338" curr_loc="9" changed="1" churn="9" />
            <version num="344" curr_loc="9" changed="1" churn="9" />
          </class>
          <class name="package-info" type="ConcreteClass" maxLoc="8">
            <version num="344" curr_loc="8" changed="1" churn="8" />
            <version num="350" curr_loc="8" changed="1" churn="8" />
          </class>
          <class name="AllTests" type="ConcreteClass" maxLoc="24">
            <version num="361" curr_loc="24" changed="1" churn="24" />
          </class>
          <class name="Enclosed" type="ConcreteClass" maxLoc="9">
            <version num="361" curr_loc="9" changed="1" churn="9" />
            <version num="369" curr_loc="8" changed="1" churn="10" />
            <version num="383" curr_loc="9" changed="1" churn="11" />
            <version num="432" curr_loc="9" changed="1" churn="11" />
          </class>
          <class name="SuiteBuilder" type="AbstractClass" maxLoc="46">
            <version num="369" curr_loc="46" changed="1" churn="46" />
            <version num="383" curr_loc="46" changed="1" churn="46" />
          </class>
        </package>
        <package name="tests">
          <class name="AllTests" type="ConcreteClass" maxLoc="157">
            <version num="1" curr_loc="157" changed="1" churn="157" />
            <version num="4" curr_loc="154" changed="1" churn="160" />
            <version num="29" curr_loc="152" changed="1" churn="162" />
            <version num="31" curr_loc="150" changed="1" churn="164" />
            <version num="32" curr_loc="150" changed="1" churn="164" />
            <version num="35" curr_loc="148" changed="1" churn="166" />
            <version num="38" curr_loc="147" changed="1" churn="167" />
            <version num="94" curr_loc="146" changed="1" churn="168" />
            <version num="101" curr_loc="146" changed="1" churn="168" />
            <version num="105" curr_loc="144" changed="1" churn="170" />
            <version num="121" curr_loc="142" changed="1" churn="172" />
            <version num="124" curr_loc="140" changed="1" churn="174" />
            <version num="128" curr_loc="140" changed="1" churn="174" />
            <version num="143" curr_loc="140" changed="1" churn="174" />
            <version num="157" curr_loc="142" changed="1" churn="176" />
            <version num="158" curr_loc="142" changed="1" churn="176" />
            <version num="159" curr_loc="140" changed="1" churn="178" />
            <version num="182" curr_loc="136" changed="1" churn="182" />
            <version num="184" curr_loc="136" changed="1" churn="182" />
            <version num="186" curr_loc="138" changed="1" churn="184" />
            <version num="194" curr_loc="138" changed="1" churn="184" />
            <version num="202" curr_loc="136" changed="1" churn="186" />
            <version num="204" curr_loc="136" changed="1" churn="186" />
            <version num="209" curr_loc="134" changed="1" churn="188" />
            <version num="211" curr_loc="133" changed="1" churn="189" />
            <version num="212" curr_loc="134" changed="1" churn="190" />
            <version num="217" curr_loc="134" changed="1" churn="190" />
            <version num="218" curr_loc="133" changed="1" churn="191" />
            <version num="226" curr_loc="129" changed="1" churn="195" />
            <version num="230" curr_loc="129" changed="1" churn="195" />
            <version num="254" curr_loc="127" changed="1" churn="197" />
            <version num="260" curr_loc="127" changed="1" churn="197" />
            <version num="280" curr_loc="125" changed="1" churn="199" />
            <version num="282" curr_loc="125" changed="1" churn="199" />
            <version num="286" curr_loc="123" changed="1" churn="201" />
            <version num="294" curr_loc="136" changed="1" churn="214" />
            <version num="295" curr_loc="135" changed="1" churn="215" />
            <version num="335" curr_loc="119" changed="1" churn="231" />
            <version num="336" curr_loc="121" changed="1" churn="233" />
            <version num="339" curr_loc="120" changed="1" churn="234" />
            <version num="345" curr_loc="118" changed="1" churn="236" />
            <version num="350" curr_loc="116" changed="1" churn="238" />
            <version num="377" curr_loc="114" changed="1" churn="240" />
            <version num="397" curr_loc="112" changed="1" churn="242" />
            <version num="407" curr_loc="114" changed="1" churn="244" />
            <version num="420" curr_loc="113" changed="1" churn="245" />
            <version num="421" curr_loc="111" changed="1" churn="247" />
            <version num="423" curr_loc="109" changed="1" churn="249" />
            <version num="426" curr_loc="107" changed="1" churn="251" />
            <version num="428" curr_loc="109" changed="1" churn="253" />
          </class>
          <class name="ParentRunnerTest" type="ConcreteClass" maxLoc="113">
            <version num="1" curr_loc="68" changed="1" churn="68" />
            <version num="3" curr_loc="113" changed="1" churn="113" />
            <version num="4" curr_loc="113" changed="1" churn="113" />
            <version num="54" curr_loc="45" changed="1" churn="181" />
            <version num="62" curr_loc="45" changed="1" churn="181" />
            <version num="81" curr_loc="73" changed="1" churn="209" />
            <version num="124" curr_loc="45" changed="1" churn="237" />
            <version num="209" curr_loc="68" changed="1" churn="260" />
            <version num="212" curr_loc="45" changed="1" churn="283" />
            <version num="217" curr_loc="68" changed="1" churn="306" />
          </class>
          <package name="description">
            <class name="SuiteDescriptionTest" type="ConcreteClass" maxLoc="35">
              <version num="1" curr_loc="35" changed="1" churn="35" />
            </class>
            <class name="TestDescriptionTest" type="ConcreteClass" maxLoc="11">
              <version num="287" curr_loc="11" changed="1" churn="11" />
            </class>
            <class name="AnnotatedDescriptionTest" type="ConcreteClass" maxLoc="96">
              <version num="337" curr_loc="96" changed="1" churn="96" />
            </class>
          </package>
          <package name="running">
            <package name="classes">
              <class name="ParentRunnerFilteringTest" type="ConcreteClass" maxLoc="135">
                <version num="1" curr_loc="135" changed="1" churn="135" />
              </class>
              <class name="ParentRunnerTest" type="ConcreteClass" maxLoc="113">
                <version num="1" curr_loc="113" changed="1" churn="113" />
              </class>
              <class name="TestClassTest" type="ConcreteClass" maxLoc="86">
                <version num="31" curr_loc="86" changed="1" churn="86" />
                <version num="123" curr_loc="86" changed="1" churn="86" />
                <version num="124" curr_loc="86" changed="1" churn="86" />
                <version num="128" curr_loc="86" changed="1" churn="86" />
                <version num="133" curr_loc="86" changed="1" churn="86" />
                <version num="143" curr_loc="86" changed="1" churn="86" />
                <version num="148" curr_loc="86" changed="1" churn="86" />
                <version num="191" curr_loc="33" changed="1" churn="139" />
                <version num="199" curr_loc="33" changed="1" churn="139" />
                <version num="331" curr_loc="56" changed="1" churn="162" />
                <version num="336" curr_loc="56" changed="1" churn="162" />
                <version num="337" curr_loc="56" changed="1" churn="162" />
                <version num="354" curr_loc="47" changed="1" churn="171" />
                <version num="377" curr_loc="46" changed="1" churn="172" />
                <version num="379" curr_loc="46" changed="1" churn="172" />
                <version num="423" curr_loc="15" changed="1" churn="203" />
              </class>
              <class name="ParameterizedTestTest" type="ConcreteClass" maxLoc="306">
                <version num="54" curr_loc="216" changed="1" churn="216" />
                <version num="62" curr_loc="216" changed="1" churn="216" />
                <version num="73" curr_loc="216" changed="1" churn="216" />
                <version num="121" curr_loc="216" changed="1" churn="216" />
                <version num="182" curr_loc="216" changed="1" churn="216" />
                <version num="184" curr_loc="216" changed="1" churn="216" />
                <version num="270" curr_loc="216" changed="1" churn="216" />
                <version num="275" curr_loc="306" changed="1" churn="306" />
                <version num="322" curr_loc="216" changed="1" churn="396" />
                <version num="347" curr_loc="194" changed="1" churn="418" />
                <version num="361" curr_loc="195" changed="1" churn="419" />
              </class>
              <class name="SuiteTest" type="ConcreteClass" maxLoc="167">
                <version num="258" curr_loc="167" changed="1" churn="167" />
                <version num="261" curr_loc="167" changed="1" churn="167" />
                <version num="393" curr_loc="157" changed="1" churn="177" />
              </class>
              <class name="UseSuiteAsASuperclassTest" type="ConcreteClass" maxLoc="44">
                <version num="336" curr_loc="44" changed="1" churn="44" />
                <version num="337" curr_loc="44" changed="1" churn="44" />
                <version num="345" curr_loc="43" changed="1" churn="45" />
              </class>
              <class name="EnclosedTest" type="ConcreteClass" maxLoc="40">
                <version num="361" curr_loc="40" changed="1" churn="40" />
              </class>
              <class name="IgnoreClassTest" type="ConcreteClass" maxLoc="39">
                <version num="367" curr_loc="26" changed="1" churn="26" />
                <version num="384" curr_loc="39" changed="1" churn="39" />
                <version num="431" curr_loc="34" changed="1" churn="44" />
              </class>
            </package>
            <package name="methods">
              <class name="AnnotationTest" type="ConcreteClass" maxLoc="521">
                <version num="121" curr_loc="520" changed="1" churn="520" />
                <version num="174" curr_loc="520" changed="1" churn="520" />
                <version num="180" curr_loc="520" changed="1" churn="520" />
                <version num="182" curr_loc="520" changed="1" churn="520" />
                <version num="184" curr_loc="520" changed="1" churn="520" />
                <version num="287" curr_loc="520" changed="1" churn="520" />
                <version num="313" curr_loc="521" changed="1" churn="521" />
              </class>
              <class name="TimeoutTest" type="ConcreteClass" maxLoc="170">
                <version num="121" curr_loc="170" changed="1" churn="170" />
                <version num="182" curr_loc="170" changed="1" churn="170" />
                <version num="184" curr_loc="170" changed="1" churn="170" />
                <version num="267" curr_loc="170" changed="1" churn="170" />
                <version num="269" curr_loc="170" changed="1" churn="170" />
                <version num="290" curr_loc="170" changed="1" churn="170" />
                <version num="369" curr_loc="165" changed="1" churn="175" />
              </class>
              <class name="TestMethodTest" type="ConcreteClass" maxLoc="149">
                <version num="284" curr_loc="147" changed="1" churn="147" />
                <version num="285" curr_loc="147" changed="1" churn="147" />
                <version num="308" curr_loc="146" changed="1" churn="148" />
                <version num="325" curr_loc="149" changed="1" churn="151" />
                <version num="327" curr_loc="137" changed="1" churn="163" />
                <version num="331" curr_loc="140" changed="1" churn="166" />
                <version num="336" curr_loc="140" changed="1" churn="166" />
                <version num="337" curr_loc="140" changed="1" churn="166" />
                <version num="344" curr_loc="140" changed="1" churn="166" />
                <version num="350" curr_loc="140" changed="1" churn="166" />
                <version num="432" curr_loc="140" changed="1" churn="166" />
              </class>
              <class name="ParameterizedTestMethodTest" type="ConcreteClass" maxLoc="102">
                <version num="336" curr_loc="102" changed="1" churn="102" />
                <version num="337" curr_loc="102" changed="1" churn="102" />
                <version num="344" curr_loc="102" changed="1" churn="102" />
                <version num="350" curr_loc="102" changed="1" churn="102" />
                <version num="432" curr_loc="102" changed="1" churn="102" />
              </class>
            </package>
          </package>
          <package name="manipulation">
            <class name="FilterTest" type="ConcreteClass" maxLoc="34">
              <version num="4" curr_loc="34" changed="1" churn="34" />
            </class>
            <class name="SingleMethodTest" type="ConcreteClass" maxLoc="169">
              <version num="54" curr_loc="168" changed="1" churn="168" />
              <version num="62" curr_loc="168" changed="1" churn="168" />
              <version num="72" curr_loc="169" changed="1" churn="169" />
              <version num="73" curr_loc="169" changed="1" churn="169" />
              <version num="361" curr_loc="168" changed="1" churn="170" />
            </class>
            <class name="FilterableTest" type="ConcreteClass" maxLoc="66">
              <version num="296" curr_loc="62" changed="1" churn="62" />
              <version num="297" curr_loc="63" changed="1" churn="63" />
              <version num="337" curr_loc="62" changed="1" churn="64" />
              <version num="342" curr_loc="63" changed="1" churn="65" />
              <version num="343" curr_loc="66" changed="1" churn="68" />
            </class>
            <class name="SortableTest" type="ConcreteClass" maxLoc="149">
              <version num="361" curr_loc="149" changed="1" churn="149" />
            </class>
            <class name="CategoryTest" type="ConcreteClass" maxLoc="99">
              <version num="426" curr_loc="99" changed="1" churn="99" />
            </class>
          </package>
          <package name="experimental">
            <package name="rules">
              <class name="ClassRulesTest" type="ConcreteClass" maxLoc="102">
                <version num="6" curr_loc="101" changed="1" churn="101" />
                <version num="14" curr_loc="101" changed="1" churn="101" />
                <version num="19" curr_loc="102" changed="1" churn="102" />
                <version num="33" curr_loc="101" changed="1" churn="103" />
                <version num="35" curr_loc="101" changed="1" churn="103" />
                <version num="39" curr_loc="58" changed="1" churn="146" />
                <version num="94" curr_loc="73" changed="1" churn="161" />
                <version num="101" curr_loc="73" changed="1" churn="161" />
              </class>
              <class name="MethodRulesTest" type="ConcreteClass" maxLoc="276">
                <version num="6" curr_loc="275" changed="1" churn="275" />
                <version num="14" curr_loc="275" changed="1" churn="275" />
                <version num="19" curr_loc="276" changed="1" churn="276" />
                <version num="31" curr_loc="275" changed="1" churn="277" />
              </class>
              <class name="TestRuleTest" type="ConcreteClass" maxLoc="305">
                <version num="6" curr_loc="301" changed="1" churn="301" />
                <version num="14" curr_loc="301" changed="1" churn="301" />
                <version num="19" curr_loc="305" changed="1" churn="305" />
                <version num="28" curr_loc="301" changed="1" churn="309" />
                <version num="30" curr_loc="270" changed="1" churn="340" />
                <version num="31" curr_loc="271" changed="1" churn="341" />
                <version num="32" curr_loc="274" changed="1" churn="344" />
              </class>
              <class name="VerifierRuleTest" type="ConcreteClass" maxLoc="125">
                <version num="11" curr_loc="125" changed="1" churn="125" />
                <version num="119" curr_loc="125" changed="1" churn="125" />
                <version num="123" curr_loc="125" changed="1" churn="125" />
                <version num="124" curr_loc="125" changed="1" churn="125" />
              </class>
              <class name="RulesTest" type="ConcreteClass" maxLoc="274">
                <version num="31" curr_loc="235" changed="1" churn="235" />
                <version num="33" curr_loc="274" changed="1" churn="274" />
                <version num="108" curr_loc="235" changed="1" churn="313" />
                <version num="112" curr_loc="246" changed="1" churn="324" />
                <version num="121" curr_loc="235" changed="1" churn="335" />
                <version num="123" curr_loc="235" changed="1" churn="335" />
                <version num="124" curr_loc="235" changed="1" churn="335" />
              </class>
              <class name="TimeoutRuleTest" type="ConcreteClass" maxLoc="39">
                <version num="32" curr_loc="39" changed="1" churn="39" />
                <version num="121" curr_loc="39" changed="1" churn="39" />
                <version num="123" curr_loc="39" changed="1" churn="39" />
                <version num="124" curr_loc="39" changed="1" churn="39" />
              </class>
              <class name="NameRulesTest" type="ConcreteClass" maxLoc="50">
                <version num="66" curr_loc="50" changed="1" churn="50" />
                <version num="123" curr_loc="18" changed="1" churn="82" />
                <version num="124" curr_loc="18" changed="1" churn="82" />
              </class>
              <class name="ExpectedExceptionRuleTest" type="ConcreteClass" maxLoc="233">
                <version num="106" curr_loc="232" changed="1" churn="232" />
                <version num="119" curr_loc="233" changed="1" churn="233" />
                <version num="123" curr_loc="212" changed="1" churn="254" />
                <version num="124" curr_loc="212" changed="1" churn="254" />
              </class>
              <class name="ExternalResourceRuleTest" type="ConcreteClass" maxLoc="37">
                <version num="123" curr_loc="37" changed="1" churn="37" />
                <version num="124" curr_loc="37" changed="1" churn="37" />
              </class>
              <class name="TempFolderRuleTest" type="ConcreteClass" maxLoc="71">
                <version num="123" curr_loc="71" changed="1" churn="71" />
                <version num="124" curr_loc="71" changed="1" churn="71" />
              </class>
            </package>
            <package name="categories">
              <class name="SuiteBuilderTest" type="ConcreteClass" maxLoc="240">
                <version num="28" curr_loc="134" changed="1" churn="134" />
                <version num="40" curr_loc="134" changed="1" churn="134" />
                <version num="41" curr_loc="240" changed="1" churn="240" />
              </class>
              <class name="CategoriesAndParameterizedTest" type="ConcreteClass" maxLoc="107">
                <version num="35" curr_loc="107" changed="1" churn="107" />
              </class>
              <class name="CategoriesMark2Test" type="ConcreteClass" maxLoc="305">
                <version num="53" curr_loc="305" changed="1" churn="305" />
                <version num="55" curr_loc="227" changed="1" churn="383" />
                <version num="61" curr_loc="227" changed="1" churn="383" />
                <version num="63" curr_loc="227" changed="1" churn="383" />
                <version num="65" curr_loc="265" changed="1" churn="421" />
                <version num="67" curr_loc="305" changed="1" churn="461" />
              </class>
              <class name="CategoryTest" type="ConcreteClass" maxLoc="305">
                <version num="54" curr_loc="254" changed="1" churn="254" />
                <version num="62" curr_loc="254" changed="1" churn="254" />
                <version num="67" curr_loc="305" changed="1" churn="305" />
                <version num="69" curr_loc="304" changed="1" churn="306" />
                <version num="70" curr_loc="305" changed="1" churn="307" />
                <version num="81" curr_loc="281" changed="1" churn="331" />
                <version num="85" curr_loc="254" changed="1" churn="358" />
                <version num="88" curr_loc="252" changed="1" churn="360" />
                <version num="92" curr_loc="195" changed="1" churn="417" />
                <version num="93" curr_loc="195" changed="1" churn="417" />
                <version num="99" curr_loc="195" changed="1" churn="417" />
                <version num="100" curr_loc="195" changed="1" churn="417" />
                <version num="105" curr_loc="227" changed="1" churn="449" />
                <version num="112" curr_loc="71" changed="1" churn="605" />
              </class>
            </package>
            <package name="max">
              <class name="MaxStarterTest" type="ConcreteClass" maxLoc="337">
                <version num="39" curr_loc="293" changed="1" churn="293" />
                <version num="54" curr_loc="313" changed="1" churn="313" />
                <version num="62" curr_loc="313" changed="1" churn="313" />
                <version num="70" curr_loc="293" changed="1" churn="333" />
                <version num="74" curr_loc="293" changed="1" churn="333" />
                <version num="80" curr_loc="314" changed="1" churn="354" />
                <version num="121" curr_loc="313" changed="1" churn="355" />
                <version num="132" curr_loc="313" changed="1" churn="355" />
                <version num="147" curr_loc="313" changed="1" churn="355" />
                <version num="182" curr_loc="300" changed="1" churn="368" />
                <version num="184" curr_loc="300" changed="1" churn="368" />
                <version num="191" curr_loc="300" changed="1" churn="368" />
                <version num="199" curr_loc="300" changed="1" churn="368" />
                <version num="237" curr_loc="299" changed="1" churn="369" />
                <version num="248" curr_loc="299" changed="1" churn="369" />
                <version num="251" curr_loc="300" changed="1" churn="370" />
                <version num="276" curr_loc="301" changed="1" churn="371" />
                <version num="277" curr_loc="301" changed="1" churn="371" />
                <version num="278" curr_loc="302" changed="1" churn="372" />
                <version num="279" curr_loc="302" changed="1" churn="372" />
                <version num="280" curr_loc="329" changed="1" churn="399" />
                <version num="281" curr_loc="337" changed="1" churn="407" />
                <version num="282" curr_loc="329" changed="1" churn="415" />
                <version num="283" curr_loc="337" changed="1" churn="423" />
                <version num="286" curr_loc="240" changed="1" churn="520" />
                <version num="287" curr_loc="272" changed="1" churn="552" />
                <version num="288" curr_loc="275" changed="1" churn="555" />
                <version num="289" curr_loc="275" changed="1" churn="555" />
                <version num="290" curr_loc="279" changed="1" churn="559" />
                <version num="292" curr_loc="156" changed="1" churn="682" />
                <version num="294" curr_loc="148" changed="1" churn="690" />
                <version num="295" curr_loc="101" changed="1" churn="737" />
                <version num="296" curr_loc="108" changed="1" churn="744" />
                <version num="299" curr_loc="106" changed="1" churn="746" />
                <version num="300" curr_loc="79" changed="1" churn="773" />
                <version num="301" curr_loc="78" changed="1" churn="774" />
                <version num="302" curr_loc="60" changed="1" churn="792" />
              </class>
              <class name="MaxComputerTest" type="ConcreteClass" maxLoc="148">
                <version num="128" curr_loc="147" changed="1" churn="147" />
                <version num="131" curr_loc="137" changed="1" churn="157" />
                <version num="132" curr_loc="137" changed="1" churn="157" />
                <version num="143" curr_loc="139" changed="1" churn="159" />
                <version num="146" curr_loc="137" changed="1" churn="161" />
                <version num="147" curr_loc="137" changed="1" churn="161" />
                <version num="227" curr_loc="139" changed="1" churn="163" />
                <version num="240" curr_loc="139" changed="1" churn="163" />
                <version num="278" curr_loc="148" changed="1" churn="172" />
                <version num="279" curr_loc="148" changed="1" churn="172" />
                <version num="280" curr_loc="147" changed="1" churn="173" />
                <version num="282" curr_loc="147" changed="1" churn="173" />
              </class>
              <class name="JUnit38SortingTest" type="ConcreteClass" maxLoc="53">
                <version num="276" curr_loc="53" changed="1" churn="53" />
                <version num="277" curr_loc="53" changed="1" churn="53" />
                <version num="278" curr_loc="53" changed="1" churn="53" />
                <version num="279" curr_loc="53" changed="1" churn="53" />
                <version num="280" curr_loc="48" changed="1" churn="58" />
                <version num="282" curr_loc="48" changed="1" churn="58" />
                <version num="286" curr_loc="48" changed="1" churn="58" />
              </class>
              <class name="DescriptionTest" type="ConcreteClass" maxLoc="24">
                <version num="286" curr_loc="24" changed="1" churn="24" />
              </class>
              <class name="CouldNotReadCoreException" type="ConcreteClass" maxLoc="9">
                <version num="296" curr_loc="9" changed="1" churn="9" />
                <version num="299" curr_loc="9" changed="1" churn="9" />
              </class>
              <class name="MaxCore" type="ConcreteClass" maxLoc="189">
                <version num="296" curr_loc="73" changed="1" churn="73" />
                <version num="298" curr_loc="189" changed="1" churn="189" />
                <version num="299" curr_loc="174" changed="1" churn="204" />
                <version num="300" curr_loc="91" changed="1" churn="287" />
                <version num="301" curr_loc="100" changed="1" churn="296" />
                <version num="302" curr_loc="73" changed="1" churn="323" />
              </class>
              <class name="Odds" type="ConcreteClass" maxLoc="21">
                <version num="296" curr_loc="21" changed="1" churn="21" />
                <version num="302" curr_loc="21" changed="1" churn="21" />
              </class>
            </package>
            <class name="AssumptionTest" type="ConcreteClass" maxLoc="177">
              <version num="46" curr_loc="177" changed="1" churn="177" />
              <version num="121" curr_loc="172" changed="1" churn="182" />
              <version num="182" curr_loc="172" changed="1" churn="182" />
              <version num="184" curr_loc="172" changed="1" churn="182" />
              <version num="318" curr_loc="172" changed="1" churn="182" />
              <version num="337" curr_loc="154" changed="1" churn="200" />
              <version num="366" curr_loc="157" changed="1" churn="203" />
              <version num="367" curr_loc="159" changed="1" churn="205" />
              <version num="380" curr_loc="161" changed="1" churn="207" />
              <version num="384" curr_loc="161" changed="1" churn="207" />
              <version num="398" curr_loc="156" changed="1" churn="212" />
            </class>
            <package name="theories">
              <package name="extendingwithstubs">
                <class name="StubbedTheories" type="ConcreteClass" maxLoc="65">
                  <version num="50" curr_loc="65" changed="1" churn="65" />
                  <version num="59" curr_loc="65" changed="1" churn="65" />
                  <version num="86" curr_loc="64" changed="1" churn="66" />
                  <version num="329" curr_loc="65" changed="1" churn="67" />
                  <version num="336" curr_loc="65" changed="1" churn="67" />
                  <version num="337" curr_loc="65" changed="1" churn="67" />
                  <version num="344" curr_loc="65" changed="1" churn="67" />
                  <version num="366" curr_loc="65" changed="1" churn="67" />
                  <version num="432" curr_loc="65" changed="1" churn="67" />
                </class>
                <class name="Guesser" type="ConcreteClass" maxLoc="122">
                  <version num="86" curr_loc="122" changed="1" churn="122" />
                  <version num="366" curr_loc="122" changed="1" churn="122" />
                  <version num="368" curr_loc="122" changed="1" churn="122" />
                  <version num="387" curr_loc="117" changed="1" churn="127" />
                </class>
                <class name="GuesserQueue" type="ConcreteClass" maxLoc="57">
                  <version num="366" curr_loc="57" changed="1" churn="57" />
                  <version num="368" curr_loc="57" changed="1" churn="57" />
                </class>
                <class name="ReguessableValue" type="AbstractClass" maxLoc="16">
                  <version num="366" curr_loc="16" changed="1" churn="16" />
                </class>
              </package>
              <package name="runner">
                <class name="UnsuccessfulWithDataPointFields" type="ConcreteClass" maxLoc="126">
                  <version num="54" curr_loc="126" changed="1" churn="126" />
                  <version num="62" curr_loc="126" changed="1" churn="126" />
                  <version num="73" curr_loc="125" changed="1" churn="127" />
                  <version num="121" curr_loc="126" changed="1" churn="128" />
                  <version num="174" curr_loc="126" changed="1" churn="128" />
                  <version num="180" curr_loc="126" changed="1" churn="128" />
                  <version num="182" curr_loc="126" changed="1" churn="128" />
                  <version num="184" curr_loc="126" changed="1" churn="128" />
                  <version num="287" curr_loc="126" changed="1" churn="128" />
                  <version num="320" curr_loc="122" changed="1" churn="132" />
                  <version num="331" curr_loc="104" changed="1" churn="150" />
                  <version num="368" curr_loc="104" changed="1" churn="150" />
                </class>
                <class name="WithOnlyTestAnnotations" type="ConcreteClass" maxLoc="81">
                  <version num="118" curr_loc="80" changed="1" churn="80" />
                  <version num="121" curr_loc="81" changed="1" churn="81" />
                  <version num="182" curr_loc="81" changed="1" churn="81" />
                  <version num="184" curr_loc="81" changed="1" churn="81" />
                  <version num="287" curr_loc="81" changed="1" churn="81" />
                  <version num="308" curr_loc="58" changed="1" churn="104" />
                  <version num="320" curr_loc="59" changed="1" churn="105" />
                </class>
                <class name="WhenNoParametersMatch" type="ConcreteClass" maxLoc="51">
                  <version num="121" curr_loc="50" changed="1" churn="50" />
                  <version num="182" curr_loc="50" changed="1" churn="50" />
                  <version num="184" curr_loc="50" changed="1" churn="50" />
                  <version num="287" curr_loc="50" changed="1" churn="50" />
                  <version num="347" curr_loc="47" changed="1" churn="53" />
                  <version num="360" curr_loc="48" changed="1" churn="54" />
                  <version num="361" curr_loc="51" changed="1" churn="57" />
                  <version num="362" curr_loc="49" changed="1" churn="59" />
                  <version num="367" curr_loc="51" changed="1" churn="61" />
                  <version num="384" curr_loc="48" changed="1" churn="64" />
                  <version num="412" curr_loc="48" changed="1" churn="64" />
                  <version num="428" curr_loc="51" changed="1" churn="67" />
                </class>
                <class name="WithDataPointMethod" type="ConcreteClass" maxLoc="152">
                  <version num="121" curr_loc="152" changed="1" churn="152" />
                  <version num="182" curr_loc="152" changed="1" churn="152" />
                  <version num="184" curr_loc="152" changed="1" churn="152" />
                  <version num="287" curr_loc="152" changed="1" churn="152" />
                  <version num="308" curr_loc="150" changed="1" churn="154" />
                  <version num="326" curr_loc="151" changed="1" churn="155" />
                  <version num="331" curr_loc="150" changed="1" churn="156" />
                  <version num="367" curr_loc="150" changed="1" churn="156" />
                  <version num="389" curr_loc="150" changed="1" churn="156" />
                </class>
                <class name="SuccessfulWithDataPointFields" type="ConcreteClass" maxLoc="204">
                  <version num="287" curr_loc="204" changed="1" churn="204" />
                  <version num="361" curr_loc="189" changed="1" churn="219" />
                  <version num="409" curr_loc="189" changed="1" churn="219" />
                </class>
                <class name="TheoriesPerformanceTest" type="ConcreteClass" maxLoc="37">
                  <version num="373" curr_loc="37" changed="1" churn="37" />
                  <version num="374" curr_loc="33" changed="1" churn="41" />
                  <version num="377" curr_loc="30" changed="1" churn="44" />
                </class>
              </package>
              <class name="ParameterSignatureTest" type="ConcreteClass" maxLoc="57">
                <version num="121" curr_loc="57" changed="1" churn="57" />
                <version num="182" curr_loc="57" changed="1" churn="57" />
                <version num="184" curr_loc="57" changed="1" churn="57" />
              </class>
              <class name="ParameterizedAssertionErrorTest" type="ConcreteClass" maxLoc="75">
                <version num="121" curr_loc="75" changed="1" churn="75" />
                <version num="182" curr_loc="75" changed="1" churn="75" />
                <version num="184" curr_loc="75" changed="1" churn="75" />
                <version num="287" curr_loc="75" changed="1" churn="75" />
                <version num="367" curr_loc="68" changed="1" churn="82" />
                <version num="368" curr_loc="68" changed="1" churn="82" />
                <version num="387" curr_loc="58" changed="1" churn="92" />
              </class>
              <class name="AllMembersSupplierTest" type="ConcreteClass" maxLoc="34">
                <version num="331" curr_loc="34" changed="1" churn="34" />
                <version num="374" curr_loc="34" changed="1" churn="34" />
                <version num="421" curr_loc="32" changed="1" churn="36" />
              </class>
            </package>
            <class name="AssumptionViolatedExceptionTest" type="ConcreteClass" maxLoc="52">
              <version num="121" curr_loc="52" changed="1" churn="52" />
              <version num="182" curr_loc="52" changed="1" churn="52" />
              <version num="184" curr_loc="52" changed="1" churn="52" />
              <version num="287" curr_loc="52" changed="1" churn="52" />
              <version num="366" curr_loc="48" changed="1" churn="56" />
              <version num="367" curr_loc="48" changed="1" churn="56" />
              <version num="414" curr_loc="48" changed="1" churn="56" />
            </class>
            <package name="parallel">
              <class name="ParallelClassTest" type="ConcreteClass" maxLoc="63">
                <version num="121" curr_loc="54" changed="1" churn="54" />
                <version num="132" curr_loc="54" changed="1" churn="54" />
                <version num="147" curr_loc="54" changed="1" churn="54" />
                <version num="182" curr_loc="55" changed="1" churn="55" />
                <version num="184" curr_loc="55" changed="1" churn="55" />
                <version num="209" curr_loc="63" changed="1" churn="63" />
                <version num="217" curr_loc="63" changed="1" churn="63" />
                <version num="280" curr_loc="55" changed="1" churn="71" />
                <version num="282" curr_loc="55" changed="1" churn="71" />
                <version num="290" curr_loc="54" changed="1" churn="72" />
                <version num="302" curr_loc="54" changed="1" churn="72" />
                <version num="304" curr_loc="54" changed="1" churn="72" />
              </class>
              <class name="ParallelMethodTest" type="ConcreteClass" maxLoc="44">
                <version num="121" curr_loc="44" changed="1" churn="44" />
                <version num="182" curr_loc="44" changed="1" churn="44" />
                <version num="184" curr_loc="44" changed="1" churn="44" />
                <version num="191" curr_loc="44" changed="1" churn="44" />
                <version num="199" curr_loc="44" changed="1" churn="44" />
                <version num="280" curr_loc="44" changed="1" churn="44" />
                <version num="282" curr_loc="44" changed="1" churn="44" />
                <version num="287" curr_loc="43" changed="1" churn="45" />
                <version num="302" curr_loc="43" changed="1" churn="45" />
                <version num="304" curr_loc="43" changed="1" churn="45" />
              </class>
              <class name="ParallelComputer" type="ConcreteClass" maxLoc="120">
                <version num="280" curr_loc="120" changed="1" churn="120" />
                <version num="282" curr_loc="120" changed="1" churn="120" />
                <version num="290" curr_loc="120" changed="1" churn="120" />
                <version num="302" curr_loc="120" changed="1" churn="120" />
              </class>
              <class name="ParallelExecutioner" type="ConcreteClass" maxLoc="119">
                <version num="302" curr_loc="119" changed="1" churn="119" />
                <version num="304" curr_loc="119" changed="1" churn="119" />
              </class>
              <class name="ParallelTest" type="ConcreteClass" maxLoc="91">
                <version num="304" curr_loc="91" changed="1" churn="91" />
                <version num="305" curr_loc="91" changed="1" churn="91" />
              </class>
            </package>
            <package name="results">
              <class name="PrintableResultTest" type="ConcreteClass" maxLoc="51">
                <version num="121" curr_loc="51" changed="1" churn="51" />
                <version num="182" curr_loc="50" changed="1" churn="52" />
                <version num="184" curr_loc="50" changed="1" churn="52" />
                <version num="287" curr_loc="51" changed="1" churn="53" />
                <version num="367" curr_loc="49" changed="1" churn="55" />
              </class>
              <class name="ResultMatchersTest" type="ConcreteClass" maxLoc="22">
                <version num="121" curr_loc="21" changed="1" churn="21" />
                <version num="182" curr_loc="22" changed="1" churn="22" />
                <version num="184" curr_loc="22" changed="1" churn="22" />
                <version num="367" curr_loc="21" changed="1" churn="23" />
              </class>
            </package>
            <package name="interceptor">
              <class name="VerifierInterceptorTest" type="ConcreteClass" maxLoc="125">
                <version num="122" curr_loc="60" changed="1" churn="60" />
                <version num="124" curr_loc="125" changed="1" churn="125" />
                <version num="128" curr_loc="125" changed="1" churn="125" />
                <version num="141" curr_loc="125" changed="1" churn="125" />
                <version num="143" curr_loc="125" changed="1" churn="125" />
                <version num="156" curr_loc="125" changed="1" churn="125" />
                <version num="157" curr_loc="60" changed="1" churn="190" />
                <version num="158" curr_loc="60" changed="1" churn="190" />
              </class>
              <class name="ExpectedExceptionInterceptorTest" type="ConcreteClass" maxLoc="214">
                <version num="124" curr_loc="144" changed="1" churn="144" />
                <version num="128" curr_loc="212" changed="1" churn="212" />
                <version num="143" curr_loc="212" changed="1" churn="212" />
                <version num="160" curr_loc="212" changed="1" churn="212" />
                <version num="161" curr_loc="214" changed="1" churn="214" />
                <version num="162" curr_loc="180" changed="1" churn="248" />
                <version num="163" curr_loc="212" changed="1" churn="280" />
                <version num="165" curr_loc="214" changed="1" churn="282" />
                <version num="166" curr_loc="180" changed="1" churn="316" />
                <version num="186" curr_loc="144" changed="1" churn="352" />
                <version num="194" curr_loc="144" changed="1" churn="352" />
              </class>
              <class name="ExternalResourceInterceptorTest" type="ConcreteClass" maxLoc="37">
                <version num="124" curr_loc="37" changed="1" churn="37" />
                <version num="128" curr_loc="37" changed="1" churn="37" />
                <version num="143" curr_loc="37" changed="1" churn="37" />
                <version num="159" curr_loc="37" changed="1" churn="37" />
              </class>
              <class name="InterceptorTest" type="ConcreteClass" maxLoc="251">
                <version num="124" curr_loc="215" changed="1" churn="215" />
                <version num="128" curr_loc="235" changed="1" churn="235" />
                <version num="129" curr_loc="235" changed="1" churn="235" />
                <version num="143" curr_loc="235" changed="1" churn="235" />
                <version num="144" curr_loc="235" changed="1" churn="235" />
                <version num="182" curr_loc="235" changed="1" churn="235" />
                <version num="184" curr_loc="235" changed="1" churn="235" />
                <version num="187" curr_loc="235" changed="1" churn="235" />
                <version num="188" curr_loc="251" changed="1" churn="251" />
                <version num="191" curr_loc="241" changed="1" churn="261" />
                <version num="195" curr_loc="235" changed="1" churn="267" />
                <version num="196" curr_loc="251" changed="1" churn="283" />
                <version num="199" curr_loc="241" changed="1" churn="293" />
                <version num="202" curr_loc="215" changed="1" churn="319" />
                <version num="204" curr_loc="215" changed="1" churn="319" />
              </class>
              <class name="NameInterceptorTest" type="ConcreteClass" maxLoc="21">
                <version num="124" curr_loc="21" changed="1" churn="21" />
                <version num="128" curr_loc="18" changed="1" churn="24" />
                <version num="143" curr_loc="18" changed="1" churn="24" />
                <version num="187" curr_loc="18" changed="1" churn="24" />
                <version num="195" curr_loc="18" changed="1" churn="24" />
                <version num="202" curr_loc="21" changed="1" churn="27" />
                <version num="204" curr_loc="21" changed="1" churn="27" />
              </class>
              <class name="TempFolderInterceptorTest" type="ConcreteClass" maxLoc="71">
                <version num="124" curr_loc="71" changed="1" churn="71" />
                <version num="128" curr_loc="71" changed="1" churn="71" />
                <version num="143" curr_loc="71" changed="1" churn="71" />
                <version num="159" curr_loc="71" changed="1" churn="71" />
              </class>
              <class name="TimeoutInterceptorTest" type="ConcreteClass" maxLoc="43">
                <version num="124" curr_loc="43" changed="1" churn="43" />
                <version num="128" curr_loc="39" changed="1" churn="47" />
                <version num="132" curr_loc="39" changed="1" churn="47" />
                <version num="143" curr_loc="39" changed="1" churn="47" />
                <version num="147" curr_loc="39" changed="1" churn="47" />
                <version num="182" curr_loc="40" changed="1" churn="48" />
                <version num="184" curr_loc="40" changed="1" churn="48" />
                <version num="187" curr_loc="40" changed="1" churn="48" />
                <version num="195" curr_loc="40" changed="1" churn="48" />
                <version num="202" curr_loc="43" changed="1" churn="51" />
                <version num="204" curr_loc="43" changed="1" churn="51" />
              </class>
            </package>
            <class name="InterceptorTest" type="ConcreteClass" maxLoc="213">
              <version num="202" curr_loc="167" changed="1" churn="167" />
              <version num="204" curr_loc="213" changed="1" churn="213" />
              <version num="226" curr_loc="213" changed="1" churn="213" />
              <version num="230" curr_loc="213" changed="1" churn="213" />
              <version num="250" curr_loc="167" changed="1" churn="259" />
              <version num="254" curr_loc="167" changed="1" churn="259" />
              <version num="260" curr_loc="167" changed="1" churn="259" />
            </class>
            <class name="TimeoutInterceptorTest" type="ConcreteClass" maxLoc="43">
              <version num="202" curr_loc="32" changed="1" churn="32" />
              <version num="204" curr_loc="43" changed="1" churn="43" />
              <version num="219" curr_loc="43" changed="1" churn="43" />
              <version num="222" curr_loc="43" changed="1" churn="43" />
              <version num="225" curr_loc="40" changed="1" churn="46" />
              <version num="226" curr_loc="32" changed="1" churn="54" />
              <version num="229" curr_loc="40" changed="1" churn="62" />
              <version num="230" curr_loc="32" changed="1" churn="70" />
            </class>
            <package name="logging">
              <class name="LoggingTest" type="ConcreteClass" maxLoc="113">
                <version num="286" curr_loc="113" changed="1" churn="113" />
                <version num="290" curr_loc="111" changed="1" churn="115" />
                <version num="306" curr_loc="111" changed="1" churn="115" />
                <version num="307" curr_loc="113" changed="1" churn="117" />
              </class>
            </package>
            <class name="ExperimentalTests" type="ConcreteClass" maxLoc="28">
              <version num="295" curr_loc="28" changed="1" churn="28" />
            </class>
            <class name="MatcherTest" type="ConcreteClass" maxLoc="43">
              <version num="416" curr_loc="43" changed="1" churn="43" />
              <version num="420" curr_loc="43" changed="1" churn="43" />
            </class>
          </package>
          <package name="assertion">
            <class name="AssertionTest" type="ConcreteClass" maxLoc="486">
              <version num="12" curr_loc="486" changed="1" churn="486" />
              <version num="119" curr_loc="468" changed="1" churn="504" />
              <version num="134" curr_loc="469" changed="1" churn="505" />
              <version num="141" curr_loc="470" changed="1" churn="506" />
              <version num="149" curr_loc="469" changed="1" churn="507" />
              <version num="156" curr_loc="470" changed="1" churn="508" />
              <version num="164" curr_loc="472" changed="1" churn="510" />
              <version num="168" curr_loc="470" changed="1" churn="512" />
              <version num="169" curr_loc="472" changed="1" churn="514" />
              <version num="170" curr_loc="472" changed="1" churn="514" />
              <version num="171" curr_loc="474" changed="1" churn="516" />
              <version num="176" curr_loc="472" changed="1" churn="518" />
              <version num="177" curr_loc="474" changed="1" churn="520" />
              <version num="273" curr_loc="460" changed="1" churn="534" />
              <version num="274" curr_loc="460" changed="1" churn="534" />
              <version num="291" curr_loc="455" changed="1" churn="539" />
              <version num="338" curr_loc="447" changed="1" churn="547" />
              <version num="365" curr_loc="439" changed="1" churn="555" />
              <version num="372" curr_loc="438" changed="1" churn="556" />
            </class>
            <class name="MultipleFailureExceptionTest" type="ConcreteClass" maxLoc="60">
              <version num="29" curr_loc="60" changed="1" churn="60" />
            </class>
            <class name="BothTest" type="ConcreteClass" maxLoc="93">
              <version num="121" curr_loc="71" changed="1" churn="71" />
              <version num="170" curr_loc="91" changed="1" churn="91" />
              <version num="171" curr_loc="93" changed="1" churn="93" />
              <version num="172" curr_loc="91" changed="1" churn="95" />
              <version num="173" curr_loc="73" changed="1" churn="113" />
              <version num="174" curr_loc="72" changed="1" churn="114" />
              <version num="176" curr_loc="91" changed="1" churn="133" />
              <version num="177" curr_loc="93" changed="1" churn="135" />
              <version num="178" curr_loc="91" changed="1" churn="137" />
              <version num="179" curr_loc="73" changed="1" churn="155" />
              <version num="180" curr_loc="72" changed="1" churn="156" />
              <version num="182" curr_loc="71" changed="1" churn="157" />
              <version num="184" curr_loc="71" changed="1" churn="157" />
            </class>
            <class name="EachTest" type="ConcreteClass" maxLoc="13">
              <version num="121" curr_loc="13" changed="1" churn="13" />
              <version num="182" curr_loc="13" changed="1" churn="13" />
              <version num="184" curr_loc="13" changed="1" churn="13" />
              <version num="367" curr_loc="13" changed="1" churn="13" />
            </class>
          </package>
          <class name="CategoriesAndParameterizedTest" type="ConcreteClass" maxLoc="107">
            <version num="34" curr_loc="100" changed="1" churn="100" />
            <version num="37" curr_loc="107" changed="1" churn="107" />
            <version num="38" curr_loc="100" changed="1" churn="114" />
          </class>
          <package name="junit3compatibility">
            <class name="ForwardCompatibilityTest" type="ConcreteClass" maxLoc="263">
              <version num="54" curr_loc="222" changed="1" churn="222" />
              <version num="62" curr_loc="222" changed="1" churn="222" />
              <version num="81" curr_loc="263" changed="1" churn="263" />
            </class>
            <class name="SuiteMethodTest" type="ConcreteClass" maxLoc="136">
              <version num="54" curr_loc="123" changed="1" churn="123" />
              <version num="62" curr_loc="123" changed="1" churn="123" />
              <version num="71" curr_loc="136" changed="1" churn="136" />
              <version num="78" curr_loc="136" changed="1" churn="136" />
              <version num="81" curr_loc="117" changed="1" churn="155" />
            </class>
            <class name="AllTestsTest" type="ConcreteClass" maxLoc="81">
              <version num="121" curr_loc="81" changed="1" churn="81" />
              <version num="182" curr_loc="81" changed="1" churn="81" />
              <version num="184" curr_loc="81" changed="1" churn="81" />
              <version num="290" curr_loc="81" changed="1" churn="81" />
            </class>
            <class name="JUnit38ClassRunnerTest" type="ConcreteClass" maxLoc="79">
              <version num="251" curr_loc="79" changed="1" churn="79" />
            </class>
            <class name="OldTestClassAdaptingListenerTest" type="ConcreteClass" maxLoc="27">
              <version num="281" curr_loc="27" changed="1" churn="27" />
              <version num="283" curr_loc="27" changed="1" churn="27" />
            </class>
            <class name="InitializationErrorForwardCompatibilityTest" type="ConcreteClass" maxLoc="100">
              <version num="344" curr_loc="100" changed="1" churn="100" />
              <version num="350" curr_loc="100" changed="1" churn="100" />
            </class>
            <class name="ClassRequestTest" type="ConcreteClass" maxLoc="20">
              <version num="369" curr_loc="19" changed="1" churn="19" />
              <version num="383" curr_loc="20" changed="1" churn="20" />
            </class>
          </package>
          <package name="listening">
            <class name="TestListenerTest" type="ConcreteClass" maxLoc="81">
              <version num="54" curr_loc="63" changed="1" churn="63" />
              <version num="62" curr_loc="63" changed="1" churn="63" />
              <version num="72" curr_loc="81" changed="1" churn="81" />
            </class>
            <class name="TextListenerTest" type="ConcreteClass" maxLoc="95">
              <version num="308" curr_loc="65" changed="1" churn="65" />
              <version num="318" curr_loc="68" changed="1" churn="68" />
              <version num="367" curr_loc="74" changed="1" churn="74" />
              <version num="369" curr_loc="95" changed="1" churn="95" />
              <version num="398" curr_loc="95" changed="1" churn="95" />
              <version num="415" curr_loc="95" changed="1" churn="95" />
            </class>
            <class name="ResultTest" type="ConcreteClass" maxLoc="20">
              <version num="335" curr_loc="20" changed="1" churn="20" />
              <version num="367" curr_loc="20" changed="1" churn="20" />
              <version num="382" curr_loc="20" changed="1" churn="20" />
              <version num="398" curr_loc="20" changed="1" churn="20" />
              <version num="428" curr_loc="20" changed="1" churn="20" />
            </class>
          </package>
          <class name="SafeStatement" type="Interface" maxLoc="8">
            <version num="209" curr_loc="8" changed="1" churn="8" />
            <version num="217" curr_loc="8" changed="1" churn="8" />
          </class>
          <package name="validation">
            <class name="BadlyFormedClassesTest" type="ConcreteClass" maxLoc="68">
              <version num="304" curr_loc="68" changed="1" churn="68" />
              <version num="315" curr_loc="67" changed="1" churn="69" />
            </class>
            <class name="InaccessibleBaseClassTest" type="ConcreteClass" maxLoc="20">
              <version num="308" curr_loc="13" changed="1" churn="13" />
              <version num="327" curr_loc="19" changed="1" churn="19" />
              <version num="331" curr_loc="20" changed="1" churn="20" />
            </class>
            <class name="ValidationTest" type="ConcreteClass" maxLoc="34">
              <version num="310" curr_loc="34" changed="1" churn="34" />
              <version num="317" curr_loc="34" changed="1" churn="34" />
            </class>
          </package>
          <package name="extension">
            <class name="TestMethodInterfaceTest" type="ConcreteClass" maxLoc="33">
              <version num="335" curr_loc="33" changed="1" churn="33" />
              <version num="370" curr_loc="33" changed="1" churn="33" />
              <version num="430" curr_loc="33" changed="1" churn="33" />
            </class>
            <class name="CompositeRunnerTest" type="ConcreteClass" maxLoc="29">
              <version num="397" curr_loc="29" changed="1" churn="29" />
            </class>
          </package>
          <class name="ObjectContractTest" type="ConcreteClass" maxLoc="46">
            <version num="336" curr_loc="46" changed="1" churn="46" />
            <version num="337" curr_loc="46" changed="1" churn="46" />
            <version num="407" curr_loc="46" changed="1" churn="46" />
          </class>
          <package name="deprecated">
            <class name="JUnit4ClassRunnerTest" type="ConcreteClass" maxLoc="54">
              <version num="336" curr_loc="54" changed="1" churn="54" />
              <version num="347" curr_loc="52" changed="1" churn="56" />
              <version num="350" curr_loc="51" changed="1" churn="57" />
            </class>
          </package>
        </package>
        <package name="matchers">
          <class name="JUnitMatchers" type="ConcreteClass" maxLoc="141">
            <version num="2" curr_loc="83" changed="1" churn="83" />
            <version num="121" curr_loc="83" changed="1" churn="83" />
            <version num="164" curr_loc="139" changed="1" churn="139" />
            <version num="167" curr_loc="140" changed="1" churn="140" />
            <version num="168" curr_loc="141" changed="1" churn="141" />
            <version num="169" curr_loc="139" changed="1" churn="143" />
            <version num="171" curr_loc="139" changed="1" churn="143" />
            <version num="172" curr_loc="139" changed="1" churn="143" />
            <version num="173" curr_loc="113" changed="1" churn="169" />
            <version num="174" curr_loc="117" changed="1" churn="173" />
            <version num="175" curr_loc="101" changed="1" churn="189" />
            <version num="177" curr_loc="139" changed="1" churn="227" />
            <version num="178" curr_loc="139" changed="1" churn="227" />
            <version num="179" curr_loc="113" changed="1" churn="253" />
            <version num="180" curr_loc="117" changed="1" churn="257" />
            <version num="181" curr_loc="101" changed="1" churn="273" />
            <version num="182" curr_loc="101" changed="1" churn="273" />
            <version num="184" curr_loc="101" changed="1" churn="273" />
            <version num="332" curr_loc="83" changed="1" churn="291" />
            <version num="351" curr_loc="83" changed="1" churn="291" />
            <version num="352" curr_loc="61" changed="1" churn="313" />
            <version num="361" curr_loc="45" changed="1" churn="329" />
            <version num="367" curr_loc="41" changed="1" churn="333" />
          </class>
          <class name="package-info" type="ConcreteClass" maxLoc="9">
            <version num="86" curr_loc="9" changed="1" churn="9" />
            <version num="311" curr_loc="9" changed="1" churn="9" />
          </class>
          <class name="CombinableMatcher" type="ConcreteClass" maxLoc="34">
            <version num="367" curr_loc="34" changed="1" churn="34" />
          </class>
          <class name="Each" type="ConcreteClass" maxLoc="24">
            <version num="367" curr_loc="24" changed="1" churn="24" />
          </class>
          <class name="IsCollectionContaining" type="ConcreteClass" maxLoc="67">
            <version num="367" curr_loc="67" changed="1" churn="67" />
          </class>
          <class name="StringContains" type="ConcreteClass" maxLoc="31">
            <version num="367" curr_loc="31" changed="1" churn="31" />
          </class>
          <class name="SubstringMatcher" type="AbstractClass" maxLoc="28">
            <version num="367" curr_loc="28" changed="1" churn="28" />
          </class>
          <class name="TypeSafeMatcher" type="AbstractClass" maxLoc="60">
            <version num="367" curr_loc="60" changed="1" churn="60" />
          </class>
        </package>
        <package name="rules">
          <class name="ExpectedException" type="ConcreteClass" maxLoc="137">
            <version num="6" curr_loc="136" changed="1" churn="136" />
            <version num="11" curr_loc="137" changed="1" churn="137" />
            <version num="14" curr_loc="136" changed="1" churn="138" />
            <version num="19" curr_loc="137" changed="1" churn="139" />
            <version num="31" curr_loc="136" changed="1" churn="140" />
            <version num="32" curr_loc="137" changed="1" churn="141" />
            <version num="119" curr_loc="136" changed="1" churn="142" />
            <version num="120" curr_loc="137" changed="1" churn="143" />
            <version num="123" curr_loc="130" changed="1" churn="150" />
          </class>
          <class name="ExternalResource" type="AbstractClass" maxLoc="75">
            <version num="6" curr_loc="68" changed="1" churn="68" />
            <version num="14" curr_loc="68" changed="1" churn="68" />
            <version num="19" curr_loc="69" changed="1" churn="69" />
            <version num="28" curr_loc="68" changed="1" churn="70" />
            <version num="33" curr_loc="70" changed="1" churn="72" />
            <version num="35" curr_loc="74" changed="1" churn="76" />
            <version num="39" curr_loc="75" changed="1" churn="77" />
            <version num="47" curr_loc="65" changed="1" churn="87" />
            <version num="54" curr_loc="66" changed="1" churn="88" />
            <version num="62" curr_loc="66" changed="1" churn="88" />
            <version num="68" curr_loc="68" changed="1" churn="90" />
            <version num="123" curr_loc="66" changed="1" churn="92" />
          </class>
          <class name="TestName" type="ConcreteClass" maxLoc="39">
            <version num="6" curr_loc="39" changed="1" churn="39" />
            <version num="30" curr_loc="39" changed="1" churn="39" />
            <version num="31" curr_loc="39" changed="1" churn="39" />
            <version num="123" curr_loc="39" changed="1" churn="39" />
          </class>
          <class name="TestRule" type="Interface" maxLoc="72">
            <version num="6" curr_loc="54" changed="1" churn="54" />
            <version num="13" curr_loc="52" changed="1" churn="56" />
            <version num="14" curr_loc="55" changed="1" churn="59" />
            <version num="15" curr_loc="72" changed="1" churn="76" />
            <version num="16" curr_loc="57" changed="1" churn="91" />
            <version num="19" curr_loc="70" changed="1" churn="104" />
            <version num="27" curr_loc="55" changed="1" churn="119" />
            <version num="33" curr_loc="41" changed="1" churn="133" />
          </class>
          <class name="TestWatcher" type="AbstractClass" maxLoc="92">
            <version num="6" curr_loc="91" changed="1" churn="91" />
            <version num="11" curr_loc="92" changed="1" churn="92" />
            <version num="14" curr_loc="91" changed="1" churn="93" />
            <version num="19" curr_loc="92" changed="1" churn="94" />
            <version num="30" curr_loc="91" changed="1" churn="95" />
          </class>
          <class name="Timeout" type="ConcreteClass" maxLoc="50">
            <version num="6" curr_loc="49" changed="1" churn="49" />
            <version num="14" curr_loc="49" changed="1" churn="49" />
            <version num="19" curr_loc="50" changed="1" churn="50" />
            <version num="32" curr_loc="49" changed="1" churn="51" />
            <version num="123" curr_loc="49" changed="1" churn="51" />
          </class>
          <class name="Verifier" type="ConcreteClass" maxLoc="46">
            <version num="6" curr_loc="45" changed="1" churn="45" />
            <version num="14" curr_loc="45" changed="1" churn="45" />
            <version num="19" curr_loc="46" changed="1" churn="46" />
            <version num="31" curr_loc="45" changed="1" churn="47" />
            <version num="123" curr_loc="46" changed="1" churn="48" />
          </class>
          <class name="RunRules" type="ConcreteClass" maxLoc="27">
            <version num="13" curr_loc="27" changed="1" churn="27" />
          </class>
          <class name="ErrorCollector" type="ConcreteClass" maxLoc="76">
            <version num="29" curr_loc="76" changed="1" churn="76" />
            <version num="123" curr_loc="76" changed="1" churn="76" />
          </class>
          <class name="TestRuleTestWatchman" type="ConcreteClass" maxLoc="95">
            <version num="30" curr_loc="94" changed="1" churn="94" />
            <version num="31" curr_loc="95" changed="1" churn="95" />
            <version num="32" curr_loc="94" changed="1" churn="96" />
          </class>
          <class name="TestWatchman" type="ConcreteClass" maxLoc="97">
            <version num="30" curr_loc="97" changed="1" churn="97" />
            <version num="31" curr_loc="96" changed="1" churn="98" />
            <version num="123" curr_loc="93" changed="1" churn="101" />
          </class>
          <class name="BisectionRule" type="Interface" maxLoc="11">
            <version num="33" curr_loc="11" changed="1" churn="11" />
            <version num="35" curr_loc="11" changed="1" churn="11" />
          </class>
          <class name="MethodRule" type="Interface" maxLoc="40">
            <version num="33" curr_loc="40" changed="1" churn="40" />
            <version num="123" curr_loc="39" changed="1" churn="41" />
          </class>
          <class name="ClassRule" type="Interface" maxLoc="30">
            <version num="39" curr_loc="30" changed="1" churn="30" />
            <version num="97" curr_loc="30" changed="1" churn="30" />
            <version num="104" curr_loc="30" changed="1" churn="30" />
          </class>
          <class name="TemporaryFolder" type="ConcreteClass" maxLoc="91">
            <version num="123" curr_loc="91" changed="1" churn="91" />
          </class>
        </package>
        <class name="Assert" type="ConcreteClass" maxLoc="824">
          <version num="12" curr_loc="783" changed="1" churn="783" />
          <version num="117" curr_loc="781" changed="1" churn="785" />
          <version num="119" curr_loc="801" changed="1" churn="805" />
          <version num="167" curr_loc="791" changed="1" churn="815" />
          <version num="171" curr_loc="800" changed="1" churn="824" />
          <version num="177" curr_loc="800" changed="1" churn="824" />
          <version num="232" curr_loc="800" changed="1" churn="824" />
          <version num="238" curr_loc="800" changed="1" churn="824" />
          <version num="239" curr_loc="823" changed="1" churn="847" />
          <version num="241" curr_loc="800" changed="1" churn="870" />
          <version num="249" curr_loc="800" changed="1" churn="870" />
          <version num="253" curr_loc="823" changed="1" churn="893" />
          <version num="273" curr_loc="824" changed="1" churn="894" />
          <version num="274" curr_loc="824" changed="1" churn="894" />
          <version num="286" curr_loc="793" changed="1" churn="925" />
          <version num="291" curr_loc="794" changed="1" churn="926" />
          <version num="361" curr_loc="753" changed="1" churn="967" />
          <version num="365" curr_loc="755" changed="1" churn="969" />
          <version num="366" curr_loc="571" changed="1" churn="1153" />
          <version num="372" curr_loc="510" changed="1" churn="1214" />
        </class>
        <package name="internal">
          <package name="runners">
            <package name="model">
              <class name="EachTestNotifier" type="ConcreteClass" maxLoc="59">
                <version num="29" curr_loc="51" changed="1" churn="51" />
                <version num="81" curr_loc="50" changed="1" churn="52" />
                <version num="318" curr_loc="47" changed="1" churn="55" />
                <version num="367" curr_loc="42" changed="1" churn="60" />
                <version num="386" curr_loc="48" changed="1" churn="66" />
                <version num="398" curr_loc="58" changed="1" churn="76" />
                <version num="404" curr_loc="59" changed="1" churn="77" />
                <version num="413" curr_loc="57" changed="1" churn="79" />
                <version num="429" curr_loc="58" changed="1" churn="80" />
              </class>
              <class name="MultipleFailureException" type="ConcreteClass" maxLoc="25">
                <version num="29" curr_loc="12" changed="1" churn="12" />
                <version num="157" curr_loc="25" changed="1" churn="25" />
                <version num="158" curr_loc="25" changed="1" churn="25" />
                <version num="374" curr_loc="17" changed="1" churn="33" />
              </class>
              <class name="TestClass" type="ConcreteClass" maxLoc="165">
                <version num="332" curr_loc="130" changed="1" churn="130" />
                <version num="336" curr_loc="165" changed="1" churn="165" />
                <version num="337" curr_loc="165" changed="1" churn="165" />
                <version num="374" curr_loc="160" changed="1" churn="170" />
                <version num="378" curr_loc="155" changed="1" churn="175" />
                <version num="379" curr_loc="163" changed="1" churn="183" />
                <version num="386" curr_loc="138" changed="1" churn="208" />
                <version num="389" curr_loc="140" changed="1" churn="210" />
                <version num="398" curr_loc="141" changed="1" churn="211" />
                <version num="423" curr_loc="130" changed="1" churn="222" />
              </class>
              <class name="TestElement" type="AbstractClass" maxLoc="29">
                <version num="332" curr_loc="29" changed="1" churn="29" />
                <version num="336" curr_loc="11" changed="1" churn="47" />
                <version num="337" curr_loc="11" changed="1" churn="47" />
                <version num="370" curr_loc="9" changed="1" churn="49" />
                <version num="371" curr_loc="11" changed="1" churn="51" />
                <version num="374" curr_loc="15" changed="1" churn="55" />
              </class>
              <class name="TestMethod" type="ConcreteClass" maxLoc="25">
                <version num="332" curr_loc="24" changed="1" churn="24" />
                <version num="336" curr_loc="25" changed="1" churn="25" />
                <version num="337" curr_loc="25" changed="1" churn="25" />
                <version num="370" curr_loc="24" changed="1" churn="26" />
              </class>
              <class name="FrameworkMethod" type="ConcreteClass" maxLoc="98">
                <version num="337" curr_loc="81" changed="1" churn="81" />
                <version num="374" curr_loc="98" changed="1" churn="98" />
                <version num="407" curr_loc="93" changed="1" churn="103" />
                <version num="409" curr_loc="88" changed="1" churn="108" />
              </class>
              <class name="TestAnnotation" type="ConcreteClass" maxLoc="29">
                <version num="344" curr_loc="29" changed="1" churn="29" />
              </class>
              <class name="TestMethodElement" type="ConcreteClass" maxLoc="24">
                <version num="370" curr_loc="24" changed="1" churn="24" />
                <version num="430" curr_loc="24" changed="1" churn="24" />
              </class>
              <class name="InitializationError" type="ConcreteClass" maxLoc="28">
                <version num="432" curr_loc="28" changed="1" churn="28" />
              </class>
            </package>
            <package name="statements">
              <class name="RunAfters" type="ConcreteClass" maxLoc="50">
                <version num="29" curr_loc="44" changed="1" churn="44" />
                <version num="157" curr_loc="44" changed="1" churn="44" />
                <version num="158" curr_loc="44" changed="1" churn="44" />
                <version num="332" curr_loc="48" changed="1" churn="48" />
                <version num="336" curr_loc="50" changed="1" churn="50" />
                <version num="337" curr_loc="50" changed="1" churn="50" />
                <version num="344" curr_loc="50" changed="1" churn="50" />
              </class>
              <class name="ExpectException" type="ConcreteClass" maxLoc="38">
                <version num="46" curr_loc="38" changed="1" churn="38" />
                <version num="162" curr_loc="35" changed="1" churn="41" />
                <version num="166" curr_loc="35" changed="1" churn="41" />
                <version num="336" curr_loc="36" changed="1" churn="42" />
                <version num="344" curr_loc="36" changed="1" churn="42" />
              </class>
              <class name="FailOnTimeout" type="ConcreteClass" maxLoc="60">
                <version num="267" curr_loc="46" changed="1" churn="46" />
                <version num="269" curr_loc="46" changed="1" churn="46" />
                <version num="336" curr_loc="60" changed="1" churn="60" />
                <version num="344" curr_loc="60" changed="1" churn="60" />
              </class>
              <class name="RunBefores" type="ConcreteClass" maxLoc="32">
                <version num="332" curr_loc="30" changed="1" churn="30" />
                <version num="336" curr_loc="32" changed="1" churn="32" />
                <version num="337" curr_loc="32" changed="1" churn="32" />
                <version num="344" curr_loc="32" changed="1" churn="32" />
              </class>
              <class name="Fail" type="ConcreteClass" maxLoc="17">
                <version num="336" curr_loc="17" changed="1" churn="17" />
                <version num="344" curr_loc="17" changed="1" churn="17" />
              </class>
              <class name="InvokeMethod" type="ConcreteClass" maxLoc="22">
                <version num="336" curr_loc="22" changed="1" churn="22" />
                <version num="337" curr_loc="22" changed="1" churn="22" />
                <version num="344" curr_loc="22" changed="1" churn="22" />
              </class>
            </package>
            <class name="JUnit38ClassRunner" type="ConcreteClass" maxLoc="171">
              <version num="132" curr_loc="158" changed="1" churn="158" />
              <version num="135" curr_loc="160" changed="1" churn="160" />
              <version num="147" curr_loc="158" changed="1" churn="162" />
              <version num="150" curr_loc="160" changed="1" churn="164" />
              <version num="251" curr_loc="169" changed="1" churn="173" />
              <version num="280" curr_loc="170" changed="1" churn="174" />
              <version num="281" curr_loc="171" changed="1" churn="175" />
              <version num="282" curr_loc="170" changed="1" churn="176" />
              <version num="283" curr_loc="171" changed="1" churn="177" />
              <version num="286" curr_loc="152" changed="1" churn="196" />
              <version num="290" curr_loc="152" changed="1" churn="196" />
              <version num="293" curr_loc="161" changed="1" churn="205" />
              <version num="406" curr_loc="128" changed="1" churn="238" />
            </class>
            <class name="ErrorReportingRunner" type="ConcreteClass" maxLoc="62">
              <version num="304" curr_loc="60" changed="1" churn="60" />
              <version num="308" curr_loc="59" changed="1" churn="61" />
              <version num="315" curr_loc="61" changed="1" churn="63" />
              <version num="323" curr_loc="58" changed="1" churn="66" />
              <version num="328" curr_loc="59" changed="1" churn="67" />
              <version num="329" curr_loc="54" changed="1" churn="72" />
              <version num="332" curr_loc="53" changed="1" churn="73" />
              <version num="336" curr_loc="52" changed="1" churn="74" />
              <version num="337" curr_loc="52" changed="1" churn="74" />
              <version num="344" curr_loc="51" changed="1" churn="75" />
              <version num="355" curr_loc="51" changed="1" churn="75" />
              <version num="392" curr_loc="47" changed="1" churn="79" />
              <version num="395" curr_loc="60" changed="1" churn="92" />
              <version num="397" curr_loc="62" changed="1" churn="94" />
            </class>
            <class name="InitializationError" type="ConcreteClass" maxLoc="30">
              <version num="306" curr_loc="30" changed="1" churn="30" />
              <version num="337" curr_loc="29" changed="1" churn="31" />
              <version num="432" curr_loc="25" changed="1" churn="35" />
            </class>
            <class name="JUnit4ClassRunner" type="ConcreteClass" maxLoc="158">
              <version num="306" curr_loc="145" changed="1" churn="145" />
              <version num="344" curr_loc="143" changed="1" churn="147" />
              <version num="346" curr_loc="142" changed="1" churn="148" />
              <version num="350" curr_loc="147" changed="1" churn="153" />
              <version num="370" curr_loc="140" changed="1" churn="160" />
              <version num="377" curr_loc="140" changed="1" churn="160" />
              <version num="395" curr_loc="135" changed="1" churn="165" />
              <version num="411" curr_loc="137" changed="1" churn="167" />
              <version num="412" curr_loc="139" changed="1" churn="169" />
              <version num="424" curr_loc="132" changed="1" churn="176" />
              <version num="427" curr_loc="158" changed="1" churn="202" />
              <version num="432" curr_loc="158" changed="1" churn="202" />
            </class>
            <class name="ParentRunner" type="AbstractClass" maxLoc="177">
              <version num="332" curr_loc="149" changed="1" churn="149" />
              <version num="336" curr_loc="168" changed="1" churn="168" />
              <version num="337" curr_loc="168" changed="1" churn="168" />
              <version num="340" curr_loc="167" changed="1" churn="169" />
              <version num="341" curr_loc="167" changed="1" churn="169" />
              <version num="342" curr_loc="174" changed="1" churn="176" />
              <version num="344" curr_loc="176" changed="1" churn="178" />
              <version num="366" curr_loc="176" changed="1" churn="178" />
              <version num="367" curr_loc="176" changed="1" churn="178" />
              <version num="377" curr_loc="177" changed="1" churn="179" />
              <version num="395" curr_loc="173" changed="1" churn="183" />
              <version num="397" curr_loc="172" changed="1" churn="184" />
              <version num="405" curr_loc="172" changed="1" churn="184" />
              <version num="412" curr_loc="171" changed="1" churn="185" />
              <version num="424" curr_loc="167" changed="1" churn="189" />
              <version num="427" curr_loc="160" changed="1" churn="196" />
              <version num="432" curr_loc="146" changed="1" churn="210" />
            </class>
            <package name="notifiers">
              <class name="IgnoreTestNotifier" type="ConcreteClass" maxLoc="14">
                <version num="338" curr_loc="14" changed="1" churn="14" />
                <version num="344" curr_loc="14" changed="1" churn="14" />
              </class>
              <class name="RunTestNotifier" type="ConcreteClass" maxLoc="31">
                <version num="338" curr_loc="31" changed="1" churn="31" />
                <version num="344" curr_loc="31" changed="1" churn="31" />
              </class>
            </package>
            <class name="BlockJUnit4ClassRunner" type="ConcreteClass" maxLoc="144">
              <version num="344" curr_loc="140" changed="1" churn="140" />
              <version num="349" curr_loc="144" changed="1" churn="144" />
              <version num="350" curr_loc="140" changed="1" churn="148" />
            </class>
            <class name="ClassRoadie" type="ConcreteClass" maxLoc="79">
              <version num="344" curr_loc="79" changed="1" churn="79" />
              <version num="346" curr_loc="78" changed="1" churn="80" />
            </class>
            <class name="FailedBefore" type="ConcreteClass" maxLoc="14">
              <version num="344" curr_loc="14" changed="1" churn="14" />
              <version num="346" curr_loc="12" changed="1" churn="16" />
            </class>
            <class name="MethodRoadie" type="ConcreteClass" maxLoc="156">
              <version num="344" curr_loc="156" changed="1" churn="156" />
              <version num="346" curr_loc="155" changed="1" churn="157" />
            </class>
            <class name="MethodValidator" type="ConcreteClass" maxLoc="91">
              <version num="344" curr_loc="91" changed="1" churn="91" />
              <version num="346" curr_loc="90" changed="1" churn="92" />
            </class>
            <class name="TestClass" type="ConcreteClass" maxLoc="102">
              <version num="344" curr_loc="102" changed="1" churn="102" />
              <version num="346" curr_loc="101" changed="1" churn="103" />
            </class>
            <class name="TestMethod" type="ConcreteClass" maxLoc="69">
              <version num="344" curr_loc="69" changed="1" churn="69" />
              <version num="346" curr_loc="68" changed="1" churn="70" />
            </class>
            <package name="links">
              <class name="ExpectException" type="ConcreteClass" maxLoc="34">
                <version num="344" curr_loc="34" changed="1" churn="34" />
              </class>
              <class name="Fail" type="ConcreteClass" maxLoc="15">
                <version num="344" curr_loc="15" changed="1" churn="15" />
              </class>
              <class name="FailOnTimeout" type="ConcreteClass" maxLoc="58">
                <version num="344" curr_loc="58" changed="1" churn="58" />
              </class>
              <class name="IgnoreTestNotifier" type="ConcreteClass" maxLoc="13">
                <version num="344" curr_loc="13" changed="1" churn="13" />
              </class>
              <class name="InvokeMethod" type="ConcreteClass" maxLoc="21">
                <version num="344" curr_loc="21" changed="1" churn="21" />
              </class>
              <class name="Notifier" type="AbstractClass" maxLoc="9">
                <version num="344" curr_loc="9" changed="1" churn="9" />
              </class>
              <class name="RunAfters" type="ConcreteClass" maxLoc="50">
                <version num="344" curr_loc="43" changed="1" churn="43" />
                <version num="370" curr_loc="49" changed="1" churn="49" />
                <version num="375" curr_loc="50" changed="1" churn="50" />
              </class>
              <class name="RunBefores" type="ConcreteClass" maxLoc="31">
                <version num="344" curr_loc="26" changed="1" churn="26" />
                <version num="371" curr_loc="31" changed="1" churn="31" />
              </class>
              <class name="RunTestNotifier" type="ConcreteClass" maxLoc="29">
                <version num="344" curr_loc="29" changed="1" churn="29" />
                <version num="366" curr_loc="29" changed="1" churn="29" />
                <version num="367" curr_loc="29" changed="1" churn="29" />
                <version num="398" curr_loc="29" changed="1" churn="29" />
              </class>
              <class name="Statement" type="AbstractClass" maxLoc="9">
                <version num="344" curr_loc="9" changed="1" churn="9" />
              </class>
            </package>
            <class name="SuiteMethod" type="ConcreteClass" maxLoc="40">
              <version num="387" curr_loc="40" changed="1" churn="40" />
            </class>
            <class name="CompositeRunner" type="ConcreteClass" maxLoc="77">
              <version num="397" curr_loc="77" changed="1" churn="77" />
              <version num="401" curr_loc="61" changed="1" churn="93" />
              <version num="402" curr_loc="56" changed="1" churn="98" />
              <version num="405" curr_loc="54" changed="1" churn="100" />
              <version num="411" curr_loc="70" changed="1" churn="116" />
            </class>
            <class name="TestMethodElement" type="ConcreteClass" maxLoc="29">
              <version num="430" curr_loc="29" changed="1" churn="29" />
            </class>
          </package>
          <class name="ComparisonCriteria" type="AbstractClass" maxLoc="78">
            <version num="90" curr_loc="76" changed="1" churn="76" />
            <version num="117" curr_loc="78" changed="1" churn="78" />
            <version num="136" curr_loc="60" changed="1" churn="96" />
            <version num="151" curr_loc="60" changed="1" churn="96" />
            <version num="232" curr_loc="61" changed="1" churn="97" />
            <version num="238" curr_loc="61" changed="1" churn="97" />
            <version num="241" curr_loc="61" changed="1" churn="97" />
            <version num="249" curr_loc="61" changed="1" churn="97" />
          </class>
          <class name="InexactComparisonCriteria" type="ConcreteClass" maxLoc="71">
            <version num="90" curr_loc="19" changed="1" churn="19" />
            <version num="238" curr_loc="20" changed="1" churn="20" />
            <version num="249" curr_loc="20" changed="1" churn="20" />
            <version num="273" curr_loc="71" changed="1" churn="71" />
            <version num="274" curr_loc="71" changed="1" churn="71" />
            <version num="291" curr_loc="68" changed="1" churn="74" />
          </class>
          <package name="matchers">
            <class name="CombinableMatcher" type="ConcreteClass" maxLoc="34">
              <version num="121" curr_loc="34" changed="1" churn="34" />
              <version num="182" curr_loc="14" changed="1" churn="54" />
              <version num="184" curr_loc="14" changed="1" churn="54" />
              <version num="367" curr_loc="34" changed="1" churn="74" />
            </class>
            <class name="Each" type="ConcreteClass" maxLoc="24">
              <version num="121" curr_loc="24" changed="1" churn="24" />
              <version num="182" curr_loc="15" changed="1" churn="33" />
              <version num="184" curr_loc="15" changed="1" churn="33" />
              <version num="367" curr_loc="24" changed="1" churn="42" />
            </class>
            <class name="IsCollectionContaining" type="ConcreteClass" maxLoc="67">
              <version num="121" curr_loc="67" changed="1" churn="67" />
              <version num="135" curr_loc="15" changed="1" churn="119" />
              <version num="150" curr_loc="15" changed="1" churn="119" />
              <version num="182" curr_loc="16" changed="1" churn="120" />
              <version num="184" curr_loc="16" changed="1" churn="120" />
              <version num="367" curr_loc="67" changed="1" churn="171" />
            </class>
            <class name="StringContains" type="ConcreteClass" maxLoc="33">
              <version num="121" curr_loc="31" changed="1" churn="31" />
              <version num="182" curr_loc="33" changed="1" churn="33" />
              <version num="184" curr_loc="33" changed="1" churn="33" />
              <version num="367" curr_loc="31" changed="1" churn="35" />
            </class>
            <class name="SubstringMatcher" type="AbstractClass" maxLoc="32">
              <version num="121" curr_loc="28" changed="1" churn="28" />
              <version num="182" curr_loc="32" changed="1" churn="32" />
              <version num="184" curr_loc="32" changed="1" churn="32" />
              <version num="367" curr_loc="28" changed="1" churn="36" />
            </class>
            <class name="TypeSafeMatcher" type="AbstractClass" maxLoc="64">
              <version num="121" curr_loc="60" changed="1" churn="60" />
              <version num="182" curr_loc="64" changed="1" churn="64" />
              <version num="184" curr_loc="64" changed="1" churn="64" />
              <version num="367" curr_loc="60" changed="1" churn="68" />
            </class>
          </package>
          <package name="requests">
            <class name="FilterRequest" type="ConcreteClass" maxLoc="43">
              <version num="126" curr_loc="42" changed="1" churn="42" />
              <version num="392" curr_loc="43" changed="1" churn="43" />
            </class>
            <class name="ClassRequest" type="ConcreteClass" maxLoc="88">
              <version num="369" curr_loc="26" changed="1" churn="26" />
              <version num="383" curr_loc="88" changed="1" churn="88" />
              <version num="388" curr_loc="75" changed="1" churn="101" />
              <version num="392" curr_loc="72" changed="1" churn="104" />
              <version num="432" curr_loc="71" changed="1" churn="105" />
            </class>
            <class name="IgnoredClassRunner" type="ConcreteClass" maxLoc="34">
              <version num="369" curr_loc="26" changed="1" churn="26" />
              <version num="386" curr_loc="26" changed="1" churn="26" />
              <version num="398" curr_loc="31" changed="1" churn="31" />
              <version num="413" curr_loc="31" changed="1" churn="31" />
              <version num="431" curr_loc="34" changed="1" churn="34" />
            </class>
            <class name="ClassesRequest" type="ConcreteClass" maxLoc="31">
              <version num="392" curr_loc="27" changed="1" churn="27" />
              <version num="396" curr_loc="21" changed="1" churn="33" />
              <version num="397" curr_loc="28" changed="1" churn="40" />
              <version num="400" curr_loc="30" changed="1" churn="42" />
              <version num="401" curr_loc="31" changed="1" churn="43" />
            </class>
            <class name="ErrorReportingRequest" type="ConcreteClass" maxLoc="45">
              <version num="392" curr_loc="43" changed="1" churn="43" />
              <version num="395" curr_loc="23" changed="1" churn="63" />
              <version num="397" curr_loc="39" changed="1" churn="79" />
              <version num="401" curr_loc="45" changed="1" churn="85" />
              <version num="432" curr_loc="43" changed="1" churn="87" />
            </class>
          </package>
          <class name="ExactComparisonCriteria" type="ConcreteClass" maxLoc="11">
            <version num="136" curr_loc="10" changed="1" churn="10" />
            <version num="151" curr_loc="10" changed="1" churn="10" />
            <version num="238" curr_loc="11" changed="1" churn="11" />
            <version num="249" curr_loc="11" changed="1" churn="11" />
          </class>
          <package name="builders">
            <class name="AllDefaultPossibilitiesBuilder" type="ConcreteClass" maxLoc="57">
              <version num="336" curr_loc="57" changed="1" churn="57" />
              <version num="367" curr_loc="57" changed="1" churn="57" />
              <version num="368" curr_loc="41" changed="1" churn="73" />
              <version num="369" curr_loc="41" changed="1" churn="73" />
            </class>
            <class name="AnnotatedBuilder" type="ConcreteClass" maxLoc="45">
              <version num="336" curr_loc="45" changed="1" churn="45" />
              <version num="337" curr_loc="45" changed="1" churn="45" />
              <version num="369" curr_loc="45" changed="1" churn="45" />
            </class>
            <class name="IgnoredBuilder" type="ConcreteClass" maxLoc="17">
              <version num="336" curr_loc="17" changed="1" churn="17" />
              <version num="369" curr_loc="17" changed="1" churn="17" />
            </class>
            <class name="JUnit3Builder" type="ConcreteClass" maxLoc="21">
              <version num="336" curr_loc="21" changed="1" churn="21" />
              <version num="369" curr_loc="21" changed="1" churn="21" />
            </class>
            <class name="JUnit4Builder" type="ConcreteClass" maxLoc="15">
              <version num="336" curr_loc="15" changed="1" churn="15" />
              <version num="344" curr_loc="15" changed="1" churn="15" />
              <version num="350" curr_loc="15" changed="1" churn="15" />
              <version num="369" curr_loc="15" changed="1" churn="15" />
            </class>
            <class name="NullBuilder" type="ConcreteClass" maxLoc="14">
              <version num="336" curr_loc="14" changed="1" churn="14" />
              <version num="369" curr_loc="14" changed="1" churn="14" />
            </class>
            <class name="SuiteMethodBuilder" type="ConcreteClass" maxLoc="26">
              <version num="336" curr_loc="26" changed="1" churn="26" />
              <version num="369" curr_loc="26" changed="1" churn="26" />
            </class>
            <class name="IgnoredClassRunner" type="ConcreteClass" maxLoc="26">
              <version num="369" curr_loc="26" changed="1" churn="26" />
            </class>
          </package>
          <package name="deprecated">
            <class name="ClassRoadie" type="ConcreteClass" maxLoc="80">
              <version num="346" curr_loc="80" changed="1" churn="80" />
              <version num="350" curr_loc="80" changed="1" churn="80" />
            </class>
            <class name="FailedBefore" type="ConcreteClass" maxLoc="14">
              <version num="346" curr_loc="14" changed="1" churn="14" />
              <version num="350" curr_loc="14" changed="1" churn="14" />
            </class>
            <class name="MethodRoadie" type="ConcreteClass" maxLoc="157">
              <version num="346" curr_loc="157" changed="1" churn="157" />
              <version num="350" curr_loc="157" changed="1" churn="157" />
            </class>
            <class name="MethodValidator" type="ConcreteClass" maxLoc="93">
              <version num="346" curr_loc="93" changed="1" churn="93" />
              <version num="350" curr_loc="93" changed="1" churn="93" />
            </class>
            <class name="TestClass" type="ConcreteClass" maxLoc="103">
              <version num="346" curr_loc="103" changed="1" churn="103" />
              <version num="350" curr_loc="103" changed="1" churn="103" />
            </class>
            <class name="TestMethod" type="ConcreteClass" maxLoc="70">
              <version num="346" curr_loc="70" changed="1" churn="70" />
              <version num="350" curr_loc="70" changed="1" churn="70" />
            </class>
          </package>
          <class name="ArrayComparisonFailure" type="ConcreteClass" maxLoc="59">
            <version num="363" curr_loc="59" changed="1" churn="59" />
          </class>
          <class name="AssumptionViolatedException" type="ConcreteClass" maxLoc="40">
            <version num="366" curr_loc="40" changed="1" churn="40" />
          </class>
          <class name="TextListener" type="ConcreteClass" maxLoc="127">
            <version num="367" curr_loc="98" changed="1" churn="98" />
            <version num="380" curr_loc="113" changed="1" churn="113" />
            <version num="384" curr_loc="113" changed="1" churn="113" />
            <version num="398" curr_loc="127" changed="1" churn="127" />
            <version num="417" curr_loc="107" changed="1" churn="147" />
            <version num="433" curr_loc="122" changed="1" churn="162" />
          </class>
          <class name="Ignorance" type="ConcreteClass" maxLoc="12">
            <version num="433" curr_loc="12" changed="1" churn="12" />
          </class>
        </package>
        <class name="Assume" type="ConcreteClass" maxLoc="102">
          <version num="121" curr_loc="94" changed="1" churn="94" />
          <version num="182" curr_loc="94" changed="1" churn="94" />
          <version num="184" curr_loc="94" changed="1" churn="94" />
          <version num="359" curr_loc="94" changed="1" churn="94" />
          <version num="361" curr_loc="99" changed="1" churn="99" />
          <version num="365" curr_loc="100" changed="1" churn="100" />
          <version num="366" curr_loc="102" changed="1" churn="102" />
          <version num="367" curr_loc="68" changed="1" churn="136" />
          <version num="413" curr_loc="68" changed="1" churn="136" />
          <version num="414" curr_loc="70" changed="1" churn="138" />
          <version num="436" curr_loc="62" changed="1" churn="146" />
        </class>
        <class name="AfterClass" type="Interface" maxLoc="41">
          <version num="255" curr_loc="41" changed="1" churn="41" />
          <version num="263" curr_loc="41" changed="1" churn="41" />
          <version num="317" curr_loc="41" changed="1" churn="41" />
        </class>
        <class name="Before" type="Interface" maxLoc="38">
          <version num="309" curr_loc="38" changed="1" churn="38" />
        </class>
        <class name="ComparisonFailure" type="ConcreteClass" maxLoc="138">
          <version num="358" curr_loc="138" changed="1" churn="138" />
        </class>
      </package>
    </package>
    <package name="junit">
      <package name="tests">
        <package name="framework">
          <class name="AssertTest" type="ConcreteClass" maxLoc="172">
            <version num="4" curr_loc="171" changed="1" churn="171" />
            <version num="12" curr_loc="172" changed="1" churn="172" />
            <version num="437" curr_loc="147" changed="1" churn="197" />
          </class>
          <class name="ComparisonFailureTest" type="ConcreteClass" maxLoc="47">
            <version num="12" curr_loc="47" changed="1" churn="47" />
            <version num="437" curr_loc="23" changed="1" churn="71" />
          </class>
          <class name="SuiteTest" type="ConcreteClass" maxLoc="105">
            <version num="47" curr_loc="105" changed="1" churn="105" />
            <version num="49" curr_loc="105" changed="1" churn="105" />
            <version num="57" curr_loc="105" changed="1" churn="105" />
            <version num="58" curr_loc="105" changed="1" churn="105" />
            <version num="437" curr_loc="98" changed="1" churn="112" />
          </class>
          <class name="ThreeTestCases" type="ConcreteClass" maxLoc="15">
            <version num="49" curr_loc="15" changed="1" churn="15" />
            <version num="57" curr_loc="15" changed="1" churn="15" />
            <version num="58" curr_loc="15" changed="1" churn="15" />
          </class>
          <class name="AllTests" type="ConcreteClass" maxLoc="31">
            <version num="437" curr_loc="31" changed="1" churn="31" />
          </class>
          <class name="ComparisonCompactorTest" type="ConcreteClass" maxLoc="102">
            <version num="437" curr_loc="102" changed="1" churn="102" />
          </class>
          <class name="DoublePrecisionAssertTest" type="ConcreteClass" maxLoc="55">
            <version num="437" curr_loc="55" changed="1" churn="55" />
          </class>
          <class name="Failure" type="ConcreteClass" maxLoc="14">
            <version num="437" curr_loc="14" changed="1" churn="14" />
          </class>
          <class name="FloatAssertTest" type="ConcreteClass" maxLoc="63">
            <version num="437" curr_loc="63" changed="1" churn="63" />
          </class>
          <class name="InheritedTestCase" type="ConcreteClass" maxLoc="9">
            <version num="437" curr_loc="9" changed="1" churn="9" />
          </class>
          <class name="NoArgTestCaseTest" type="ConcreteClass" maxLoc="9">
            <version num="437" curr_loc="9" changed="1" churn="9" />
          </class>
          <class name="NoTestCaseClass" type="ConcreteClass" maxLoc="10">
            <version num="437" curr_loc="10" changed="1" churn="10" />
          </class>
          <class name="NoTestCases" type="ConcreteClass" maxLoc="11">
            <version num="437" curr_loc="11" changed="1" churn="11" />
          </class>
          <class name="NotPublicTestCase" type="ConcreteClass" maxLoc="13">
            <version num="437" curr_loc="13" changed="1" churn="13" />
          </class>
          <class name="NotVoidTestCase" type="ConcreteClass" maxLoc="14">
            <version num="437" curr_loc="14" changed="1" churn="14" />
          </class>
          <class name="OneTestCase" type="ConcreteClass" maxLoc="15">
            <version num="437" curr_loc="15" changed="1" churn="15" />
          </class>
          <class name="OverrideTestCase" type="ConcreteClass" maxLoc="10">
            <version num="437" curr_loc="10" changed="1" churn="10" />
          </class>
          <class name="Success" type="ConcreteClass" maxLoc="17">
            <version num="437" curr_loc="17" changed="1" churn="17" />
          </class>
          <class name="TestCaseTest" type="ConcreteClass" maxLoc="190">
            <version num="437" curr_loc="190" changed="1" churn="190" />
          </class>
          <class name="TestImplementorTest" type="ConcreteClass" maxLoc="54">
            <version num="437" curr_loc="54" changed="1" churn="54" />
          </class>
          <class name="TestListenerTest" type="ConcreteClass" maxLoc="72">
            <version num="437" curr_loc="72" changed="1" churn="72" />
          </class>
          <class name="package-info" type="ConcreteClass" maxLoc="4">
            <version num="437" curr_loc="4" changed="1" churn="4" />
          </class>
        </package>
        <package name="runner">
          <class name="BaseTestRunnerTest" type="ConcreteClass" maxLoc="53">
            <version num="266" curr_loc="53" changed="1" churn="53" />
            <version num="437" curr_loc="39" changed="1" churn="67" />
          </class>
          <class name="AllTests" type="ConcreteClass" maxLoc="30">
            <version num="437" curr_loc="30" changed="1" churn="30" />
          </class>
          <class name="StackFilterTest" type="ConcreteClass" maxLoc="46">
            <version num="437" curr_loc="46" changed="1" churn="46" />
          </class>
          <class name="TextFeedbackTest" type="ConcreteClass" maxLoc="109">
            <version num="437" curr_loc="109" changed="1" churn="109" />
          </class>
          <class name="TextRunnerSingleMethodTest" type="ConcreteClass" maxLoc="39">
            <version num="437" curr_loc="39" changed="1" churn="39" />
          </class>
          <class name="TextRunnerTest" type="ConcreteClass" maxLoc="61">
            <version num="437" curr_loc="61" changed="1" churn="61" />
          </class>
          <class name="package-info" type="ConcreteClass" maxLoc="4">
            <version num="437" curr_loc="4" changed="1" churn="4" />
          </class>
        </package>
        <class name="AllTests" type="ConcreteClass" maxLoc="23">
          <version num="437" curr_loc="23" changed="1" churn="23" />
        </class>
        <class name="WasRun" type="ConcreteClass" maxLoc="15">
          <version num="437" curr_loc="15" changed="1" churn="15" />
        </class>
        <package name="extensions">
          <class name="ActiveTestTest" type="ConcreteClass" maxLoc="64">
            <version num="437" curr_loc="64" changed="1" churn="64" />
          </class>
          <class name="AllTests" type="ConcreteClass" maxLoc="23">
            <version num="437" curr_loc="23" changed="1" churn="23" />
          </class>
          <class name="ExtensionTest" type="ConcreteClass" maxLoc="98">
            <version num="437" curr_loc="98" changed="1" churn="98" />
          </class>
          <class name="RepeatedTestTest" type="ConcreteClass" maxLoc="62">
            <version num="437" curr_loc="62" changed="1" churn="62" />
          </class>
          <class name="package-info" type="ConcreteClass" maxLoc="4">
            <version num="437" curr_loc="4" changed="1" churn="4" />
          </class>
        </package>
        <class name="package-info" type="ConcreteClass" maxLoc="4">
          <version num="437" curr_loc="4" changed="1" churn="4" />
        </class>
      </package>
      <package name="runner">
        <class name="Version" type="ConcreteClass" maxLoc="18">
          <version num="8" curr_loc="18" changed="1" churn="18" />
          <version num="21" curr_loc="18" changed="1" churn="18" />
          <version num="23" curr_loc="18" changed="1" churn="18" />
          <version num="40" curr_loc="18" changed="1" churn="18" />
          <version num="48" curr_loc="18" changed="1" churn="18" />
          <version num="56" curr_loc="18" changed="1" churn="18" />
          <version num="84" curr_loc="18" changed="1" churn="18" />
          <version num="87" curr_loc="18" changed="1" churn="18" />
          <version num="90" curr_loc="18" changed="1" churn="18" />
          <version num="97" curr_loc="18" changed="1" churn="18" />
          <version num="104" curr_loc="18" changed="1" churn="18" />
          <version num="114" curr_loc="18" changed="1" churn="18" />
          <version num="115" curr_loc="18" changed="1" churn="18" />
          <version num="122" curr_loc="18" changed="1" churn="18" />
          <version num="141" curr_loc="18" changed="1" churn="18" />
          <version num="156" curr_loc="18" changed="1" churn="18" />
          <version num="164" curr_loc="18" changed="1" churn="18" />
          <version num="168" curr_loc="18" changed="1" churn="18" />
          <version num="169" curr_loc="18" changed="1" churn="18" />
          <version num="183" curr_loc="18" changed="1" churn="18" />
          <version num="185" curr_loc="18" changed="1" churn="18" />
          <version num="193" curr_loc="18" changed="1" churn="18" />
          <version num="201" curr_loc="18" changed="1" churn="18" />
          <version num="231" curr_loc="18" changed="1" churn="18" />
          <version num="234" curr_loc="18" changed="1" churn="18" />
          <version num="236" curr_loc="18" changed="1" churn="18" />
          <version num="245" curr_loc="18" changed="1" churn="18" />
          <version num="246" curr_loc="18" changed="1" churn="18" />
          <version num="247" curr_loc="18" changed="1" churn="18" />
          <version num="251" curr_loc="18" changed="1" churn="18" />
          <version num="256" curr_loc="18" changed="1" churn="18" />
          <version num="259" curr_loc="18" changed="1" churn="18" />
          <version num="262" curr_loc="18" changed="1" churn="18" />
          <version num="264" curr_loc="18" changed="1" churn="18" />
          <version num="271" curr_loc="18" changed="1" churn="18" />
          <version num="272" curr_loc="18" changed="1" churn="18" />
          <version num="273" curr_loc="18" changed="1" churn="18" />
          <version num="274" curr_loc="18" changed="1" churn="18" />
          <version num="294" curr_loc="18" changed="1" churn="18" />
          <version num="301" curr_loc="18" changed="1" churn="18" />
          <version num="312" curr_loc="18" changed="1" churn="18" />
          <version num="333" curr_loc="18" changed="1" churn="18" />
          <version num="337" curr_loc="18" changed="1" churn="18" />
          <version num="347" curr_loc="18" changed="1" churn="18" />
          <version num="349" curr_loc="18" changed="1" churn="18" />
          <version num="354" curr_loc="18" changed="1" churn="18" />
          <version num="357" curr_loc="18" changed="1" churn="18" />
          <version num="361" curr_loc="18" changed="1" churn="18" />
          <version num="365" curr_loc="18" changed="1" churn="18" />
          <version num="368" curr_loc="18" changed="1" churn="18" />
          <version num="373" curr_loc="18" changed="1" churn="18" />
          <version num="377" curr_loc="18" changed="1" churn="18" />
          <version num="437" curr_loc="18" changed="1" churn="18" />
        </class>
        <class name="BaseTestRunner" type="AbstractClass" maxLoc="319">
          <version num="266" curr_loc="318" changed="1" churn="318" />
          <version num="437" curr_loc="319" changed="1" churn="319" />
        </class>
        <class name="TestRunListener" type="Interface" maxLoc="19">
          <version num="437" curr_loc="19" changed="1" churn="19" />
        </class>
        <class name="package-info" type="ConcreteClass" maxLoc="4">
          <version num="437" curr_loc="4" changed="1" churn="4" />
        </class>
      </package>
      <package name="framework">
        <class name="Assert" type="ConcreteClass" maxLoc="296">
          <version num="12" curr_loc="296" changed="1" churn="296" />
          <version num="90" curr_loc="292" changed="1" churn="300" />
          <version num="98" curr_loc="292" changed="1" churn="300" />
          <version num="111" curr_loc="292" changed="1" churn="300" />
          <version num="437" curr_loc="286" changed="1" churn="306" />
        </class>
        <class name="JUnit4TestAdapter" type="ConcreteClass" maxLoc="87">
          <version num="47" curr_loc="85" changed="1" churn="85" />
          <version num="54" curr_loc="85" changed="1" churn="85" />
          <version num="62" curr_loc="85" changed="1" churn="85" />
          <version num="71" curr_loc="86" changed="1" churn="86" />
          <version num="75" curr_loc="86" changed="1" churn="86" />
          <version num="77" curr_loc="87" changed="1" churn="87" />
          <version num="78" curr_loc="86" changed="1" churn="88" />
          <version num="81" curr_loc="87" changed="1" churn="89" />
          <version num="437" curr_loc="53" changed="1" churn="123" />
        </class>
        <class name="TestSuite" type="ConcreteClass" maxLoc="307">
          <version num="49" curr_loc="307" changed="1" churn="307" />
          <version num="57" curr_loc="307" changed="1" churn="307" />
          <version num="58" curr_loc="307" changed="1" churn="307" />
          <version num="251" curr_loc="296" changed="1" churn="318" />
          <version num="437" curr_loc="296" changed="1" churn="318" />
        </class>
        <class name="JUnit4TestAdapterCache" type="ConcreteClass" maxLoc="93">
          <version num="54" curr_loc="81" changed="1" churn="81" />
          <version num="62" curr_loc="81" changed="1" churn="81" />
          <version num="76" curr_loc="90" changed="1" churn="90" />
          <version num="77" curr_loc="93" changed="1" churn="93" />
          <version num="81" curr_loc="92" changed="1" churn="94" />
          <version num="437" curr_loc="81" changed="1" churn="105" />
        </class>
        <class name="AssertionFailedError" type="ConcreteClass" maxLoc="16">
          <version num="437" curr_loc="16" changed="1" churn="16" />
        </class>
        <class name="ComparisonCompactor" type="ConcreteClass" maxLoc="72">
          <version num="437" curr_loc="72" changed="1" churn="72" />
        </class>
        <class name="ComparisonFailure" type="ConcreteClass" maxLoc="52">
          <version num="437" curr_loc="52" changed="1" churn="52" />
        </class>
        <class name="JUnit4TestCaseFacade" type="ConcreteClass" maxLoc="32">
          <version num="437" curr_loc="32" changed="1" churn="32" />
        </class>
        <class name="Protectable" type="Interface" maxLoc="14">
          <version num="437" curr_loc="14" changed="1" churn="14" />
        </class>
        <class name="Test" type="Interface" maxLoc="17">
          <version num="437" curr_loc="17" changed="1" churn="17" />
        </class>
        <class name="TestCase" type="AbstractClass" maxLoc="212">
          <version num="437" curr_loc="212" changed="1" churn="212" />
        </class>
        <class name="TestFailure" type="ConcreteClass" maxLoc="58">
          <version num="437" curr_loc="58" changed="1" churn="58" />
        </class>
        <class name="TestListener" type="Interface" maxLoc="23">
          <version num="437" curr_loc="23" changed="1" churn="23" />
        </class>
        <class name="TestResult" type="ConcreteClass" maxLoc="169">
          <version num="437" curr_loc="169" changed="1" churn="169" />
        </class>
        <class name="package-info" type="ConcreteClass" maxLoc="4">
          <version num="437" curr_loc="4" changed="1" churn="4" />
        </class>
      </package>
      <package name="textui">
        <class name="TestRunner" type="ConcreteClass" maxLoc="203">
          <version num="266" curr_loc="203" changed="1" churn="203" />
          <version num="437" curr_loc="203" changed="1" churn="203" />
        </class>
        <class name="ResultPrinter" type="ConcreteClass" maxLoc="138">
          <version num="437" curr_loc="138" changed="1" churn="138" />
        </class>
        <class name="package-info" type="ConcreteClass" maxLoc="4">
          <version num="437" curr_loc="4" changed="1" churn="4" />
        </class>
      </package>
      <package name="extensions">
        <class name="ActiveTestSuite" type="ConcreteClass" maxLoc="70">
          <version num="437" curr_loc="70" changed="1" churn="70" />
        </class>
        <class name="RepeatedTest" type="ConcreteClass" maxLoc="38">
          <version num="437" curr_loc="38" changed="1" churn="38" />
        </class>
        <class name="TestDecorator" type="ConcreteClass" maxLoc="43">
          <version num="437" curr_loc="43" changed="1" churn="43" />
        </class>
        <class name="TestSetup" type="ConcreteClass" maxLoc="42">
          <version num="437" curr_loc="42" changed="1" churn="42" />
        </class>
        <class name="package-info" type="ConcreteClass" maxLoc="4">
          <version num="437" curr_loc="4" changed="1" churn="4" />
        </class>
      </package>
      <package name="samples">
        <class name="AllTests" type="ConcreteClass" maxLoc="22">
          <version num="437" curr_loc="22" changed="1" churn="22" />
        </class>
        <class name="ListTest" type="ConcreteClass" maxLoc="63">
          <version num="437" curr_loc="63" changed="1" churn="63" />
        </class>
        <class name="SimpleTest" type="ConcreteClass" maxLoc="66">
          <version num="437" curr_loc="66" changed="1" churn="66" />
        </class>
        <package name="money">
          <class name="IMoney" type="Interface" maxLoc="45">
            <version num="437" curr_loc="45" changed="1" churn="45" />
          </class>
          <class name="Money" type="ConcreteClass" maxLoc="78">
            <version num="437" curr_loc="78" changed="1" churn="78" />
          </class>
          <class name="MoneyBag" type="ConcreteClass" maxLoc="124">
            <version num="437" curr_loc="124" changed="1" churn="124" />
          </class>
          <class name="MoneyTest" type="ConcreteClass" maxLoc="143">
            <version num="437" curr_loc="143" changed="1" churn="143" />
          </class>
          <class name="package-info" type="ConcreteClass" maxLoc="4">
            <version num="437" curr_loc="4" changed="1" churn="4" />
          </class>
        </package>
        <class name="package-info" type="ConcreteClass" maxLoc="4">
          <version num="437" curr_loc="4" changed="1" churn="4" />
        </class>
      </package>
    </package>
    <package name="Default-Package">
      <class name="ParameterTokenSuite" type="ConcreteClass" maxLoc="12">
        <version num="53" curr_loc="12" changed="1" churn="12" />
        <version num="61" curr_loc="12" changed="1" churn="12" />
        <version num="68" curr_loc="12" changed="1" churn="12" />
      </class>
      <class name="ParameterizedTestA" type="ConcreteClass" maxLoc="25">
        <version num="53" curr_loc="25" changed="1" churn="25" />
        <version num="61" curr_loc="25" changed="1" churn="25" />
        <version num="68" curr_loc="25" changed="1" churn="25" />
      </class>
      <class name="SomeTestB" type="ConcreteClass" maxLoc="11">
        <version num="53" curr_loc="11" changed="1" churn="11" />
        <version num="61" curr_loc="11" changed="1" churn="11" />
        <version num="68" curr_loc="11" changed="1" churn="11" />
      </class>
      <class name="CategoryFilter" type="ConcreteClass" maxLoc="1">
        <version num="54" curr_loc="1" changed="1" churn="1" />
        <version num="62" curr_loc="1" changed="1" churn="1" />
      </class>
      <class name="Filter2" type="ConcreteClass" maxLoc="1">
        <version num="54" curr_loc="1" changed="1" churn="1" />
        <version num="62" curr_loc="1" changed="1" churn="1" />
      </class>
      <class name="CategoryTest" type="ConcreteClass" maxLoc="58">
        <version num="112" curr_loc="58" changed="1" churn="58" />
        <version num="113" curr_loc="58" changed="1" churn="58" />
      </class>
    </package>
  </CodeInfo>
  <LogInfo>
    <versionLog num="1" sha="01b427b3b89ce04d01f0ddbd746d13a175feec5b" author="David Saff &lt;david@saff.net&gt;" date="Fri Apr 29 14:24:46 2011 -0400" msg="    Fix for github#38: ParentRunner filters more than once" />
    <versionLog num="2" sha="351af6fa6a08ddf51f03525d8cc4616d45f5caf1" author="David Saff &lt;david@saff.net&gt;" date="Fri Apr 15 15:39:15 2011 -0400" msg="    Fix javadoc for either." />
    <versionLog num="3" sha="4f49c9cb62994111532578d2f6ed4bb98ba078ab" author="David Saff &lt;david@saff.net&gt;" date="Fri Apr 15 15:24:25 2011 -0400" msg="    Remove no-longer-correct comment from test" />
    <versionLog num="4" sha="669bb577583f2edd8cd65008a7c9ac19ebc350ea" author="David Saff &lt;david@saff.net&gt;" date="Fri Apr 15 13:35:45 2011 -0400" msg="    Fixes issue #39, by having multiple calls to ParentRunner.filter    result in the intersection of filters, rather than just the last    one used." />
    <versionLog num="5" sha="62a2a56c293fd154f152da6dad498d1fc222b352" author="David Saff &lt;david@saff.net&gt;" date="Fri Mar 4 16:02:28 2011 -0500" msg="    Fix ParentRunner#withClassRules javadoc.  (Thanks to lacostej for initial pull)    Closes GH-191." />
    <versionLog num="6" sha="8440169a16f2eec18a869dc5804e3686aafb25d8" author="Kevin Cooney &lt;kcooney@google.com&gt;" date="Wed Feb 9 22:18:37 2011 -0800" msg="    Change TestRule back to an interface. Fix TestWatcher methods to be protected." />
    <versionLog num="7" sha="de86eb205637ea755909554b93d6da89353414dd" author="marciomazza &lt;marciomazza@gmail.com&gt;" date="Thu Feb 3 12:24:12 2011 -0200" msg="    fixed documentation for BlockJUnit4ClassRunner.methodBlock: the steps of befores/afters can be influenced by rules as much as the other ones" />
    <versionLog num="8" sha="12c1066d3cd6876a18715afaf06fbb5901ec975a" author="David Saff &lt;david@saff.net&gt;" date="Tue Jan 18 15:20:56 2011 -0500" msg="    Update to beta 2" />
    <versionLog num="9" sha="346bad2d3fb82c9a8378758b12979f7c9fe584e3" author="Kevin Cooney &lt;kcooney@google.com&gt;" date="Tue Jan 11 21:09:50 2011 -0800" msg="    MultipleFailureException cleanup.        1. Avoid creating a message unless getMessage() is called. Most of the time, the message is ignored; EachTestNotifier will create    individual failures for Throwable.    2. Constructor should make a copy of the passed in List    3. getFailures() should return an unmodifiable List" />
    <versionLog num="10" sha="d494698a44291098aff33bd77b1ea501fe38be82" author="Kevin Cooney &lt;kcooney@google.com&gt;" date="Tue Jan 11 20:34:56 2011 -0800" msg="    Fix Javadoc; remove compiler warning" />
    <versionLog num="11" sha="e857122bff2a9774c4f44df4a7d531b902e406df" author="Kevin Cooney &lt;kcooney@google.com&gt;" date="Fri Jan 7 20:53:42 2011 -0800" msg="    Fix issue 30. Make TestWatcher abstract." />
    <versionLog num="12" sha="766343797294634c86186664c519d65d7d984c96" author="Kevin Cooney &lt;kcooney@google.com&gt;" date="Fri Jan 7 20:36:11 2011 -0800" msg="    Fix AssertionError.toString() when no messages are passed.        Fixes:    junit.framework.Assert.fail()    junit.framework.AssertEquals(&quot;a&quot;, &quot;a&quot;)    org.junit.Assert.fail()" />
    <versionLog num="13" sha="0128bff582b2d10bffff9ff497c3e6f697958b83" author="Kevin Cooney &lt;kcooney@google.com&gt;" date="Fri Jan 7 19:24:41 2011 -0800" msg="    Replace TestRule.applyAll() with RunRules." />
    <versionLog num="14" sha="7f6173aa593b07856c1ca73ffaf87ff10ea15d4c" author="Kevin Cooney &lt;kcooney@google.com&gt;" date="Fri Jan 7 17:44:42 2011 -0800" msg="    Revert &quot;Make TestRule an abstract class. Specify target of the rule annotations.&quot;        I accidentically based this branch off of the run-leaf branch. This is the    first step to fix this.        This reverts commit 8ff0b44e3fb0c1c56a1dc6290c3b6828a5a8f9bf." />
    <versionLog num="15" sha="c20ddf922ea1767eb9944cfb436dc9384b884d24" author="David Saff &lt;david@saff.net&gt;" date="Fri Jan 7 13:57:57 2011 -0500" msg="    javadoc fixes on TestRule" />
    <versionLog num="16" sha="5f25ca318bc2b35ecf8526c08a1e3b3e17d375da" author="David Saff &lt;david@saff.net&gt;" date="Fri Jan 7 13:03:18 2011 -0500" msg="    Fix bad javadoc and bad release notes" />
    <versionLog num="17" sha="19b0d51f397571ee8ab7810521718e555b520f4a" author="David Saff &lt;david@saff.net&gt;" date="Fri Jan 7 11:20:04 2011 -0500" msg="    Fixed a javadoc problem.  More remain." />
    <versionLog num="18" sha="bed58a573c373d57d64fa369f58b2a8f0dbee3d7" author="Kevin Cooney &lt;kcooney@google.com&gt;" date="Wed Jan 5 12:53:46 2011 -0800" msg="    Add runLeaf() to ParentRunner.    This makes it easier to write a custom runner that supports    MultipleFailureException and AssumptionViolatedException    without depending on internal classes." />
    <versionLog num="19" sha="8ff0b44e3fb0c1c56a1dc6290c3b6828a5a8f9bf" author="Kevin Cooney &lt;kcooney@google.com&gt;" date="Tue Jan 4 21:09:02 2011 -0800" msg="    Make TestRule an abstract class. Specify target of the rule annotations.        Making TestRule abstract allows the apply method to be non-public, so    developers with IDEs that are using rules will not see the apply method    as a valid completion." />
    <versionLog num="20" sha="708ed373c02b467422890d5163fff46d1f32ab01" author="Kevin Cooney &lt;kcooney@google.com&gt;" date="Tue Jan 4 20:32:50 2011 -0800" msg="    Fix typos in comments" />
    <versionLog num="21" sha="751f75986b11336ac8310d73c89003b0b09ecb92" author="David Saff &lt;david@saff.net&gt;" date="Mon Jan 3 16:12:10 2011 -0500" msg="    For consistency, renaming version to 4.9b1" />
    <versionLog num="22" sha="a4c19ea7000b620dbb9f54c6cb625ddad1f8f33e" author="David Saff &lt;david@saff.net&gt;" date="Mon Jan 3 15:19:23 2011 -0500" msg="    Update version in pom.xml; delete obsolete SuiteBuilder.java;    remove duplication in build.xml" />
    <versionLog num="23" sha="6ee76dc22e56457cb5904eb6c5c0bf97939880cb" author="David Saff &lt;david@saff.net&gt;" date="Mon Jan 3 14:49:23 2011 -0500" msg="    Update build_tests.sh to test &quot;ant profile&quot;" />
    <versionLog num="24" sha="06451d15d8ed14910f68bc18fb40e5b4d2aed374" author="David Saff &lt;david@saff.net&gt;" date="Mon Jan 3 14:26:53 2011 -0500" msg="    Remove obsolete file Listed.java" />
    <versionLog num="25" sha="96da6a59e6f8186a8cba427acfb45639d47f3909" author="David Saff &lt;david@saff.net&gt;" date="Mon Jan 3 14:09:16 2011 -0500" msg="    Further documentation updates.  No obvious changes from 4.8.2 missing, now." />
    <versionLog num="26" sha="b310cd56f1039389aa360fbf51c6349e7a8e1f02" author="David Saff &lt;david@saff.net&gt;" date="Mon Jan 3 13:33:50 2011 -0500" msg="    Update JUnit version, improve ClassRule javadoc, update release notes" />
    <versionLog num="27" sha="8d26b450670647c847aa0ba1dd47a9c54865c63d" author="David Saff &lt;david@saff.net&gt;" date="Tue Dec 28 09:46:14 2010 -0500" msg="    further documentation cleanup, especially around TestRule" />
    <versionLog num="28" sha="81b50e9f3bdb66543d07e7349026bd3b447f433e" author="David Saff &lt;david@saff.net&gt;" date="Tue Nov 16 10:18:17 2010 -0500" msg="    TODO cleanup for 4.9 lead-up" />
    <versionLog num="29" sha="b3789b3f879d34bbe968d5aa51d15c8856b9d102" author="Kevin Cooney &lt;kcooney@google.com&gt;" date="Fri Nov 12 17:30:03 2010 -0800" msg="    Create MultipleFailureException in org.junit.runners.model and deprecate the one in org.junit.internal.runners.model.    Update MultipleFailureException to have a useful message.        This allows developers who write custom runners to properly handle multiple exceptions without depending on internal classes." />
    <versionLog num="30" sha="308768863b78f3a6345e25d7f9d35892c2de5a01" author="David Saff &lt;david@saff.net&gt;" date="Tue Nov 9 09:45:14 2010 -0500" msg="    Renamed TestRuleTestWatchman to TestWatcher, updated docs" />
    <versionLog num="31" sha="d21d4edb6a5c55a3d8930dd26762a26cad67d827" author="David Saff &lt;david@saff.net&gt;" date="Tue Nov 9 09:11:59 2010 -0500" msg="    Get rid of MethodRule deprecation warnings" />
    <versionLog num="32" sha="4041354a3a7629b74970e0624b7564736c20e1e3" author="David Saff &lt;david@saff.net&gt;" date="Tue Nov 9 08:57:34 2010 -0500" msg="    Starting to get rid of deprecation warnings" />
    <versionLog num="33" sha="0815c4d619b177431e64a2485baa0f746f3e2886" author="David Saff &lt;david@saff.net&gt;" date="Mon Oct 25 23:13:50 2010 -0400" msg="    Added TestRule, much better interface for a much better world." />
    <versionLog num="34" sha="56b1d5d4342c13151ae2d4b3f9aca146732cfb42" author="David Saff &lt;david@saff.net&gt;" date="Mon Oct 25 22:50:08 2010 -0400" msg="    catch up deletion" />
    <versionLog num="35" sha="c7895eb8695d79b14ff2f903fbb2fab3e52e4c43" author="David Saff &lt;david@saff.net&gt;" date="Mon Oct 25 22:49:47 2010 -0400" msg="    ClassRule uses a generic, horribly named BisectionRule, and category opt-out logic is more general" />
    <versionLog num="36" sha="95a8c63cb0a7867d58ee4a0777fec65bab39a1ec" author="David Saff &lt;saff@dr-computer.home&gt;" date="Tue Oct 12 23:20:49 2010 -0400" msg="    Add comment about next steps" />
    <versionLog num="37" sha="403f761da11bdaf9a03538139e7ae51601c36b0e" author="David Saff &lt;david@saff.net&gt;" date="Tue Oct 12 23:03:29 2010 -0400" msg="    Correctly doesn't try to parse categories for methods of parameterized test classes." />
    <versionLog num="38" sha="b3831d600d2d893ec6250ee930188cc373d81ee5" author="David Saff &lt;saff@dr-computer.local&gt;" date="Mon Aug 30 22:10:50 2010 -0400" msg="    Fixed direct category/parameterized conflict in a hacky way.  Next, error for method-level category annotations in parameterized class." />
    <versionLog num="39" sha="568e29c871ea144e12f273dc7e12c949a5a507da" author="dsaff &lt;david@saff.net&gt;" date="Wed May 19 22:24:16 2010 -0400" msg="    Adding ClassRules" />
    <versionLog num="40" sha="f09cff79b941a525271f3f2838a9742b4c5c8d36" author="dsaff &lt;david@saff.net&gt;" date="Wed May 12 00:42:59 2010 -0400" msg="    alpha-ready implementation of SuiteBuilder" />
    <versionLog num="41" sha="3b7ab4a322c966602f202e455a8bc4612af56a18" author="dsaff &lt;david@saff.net&gt;" date="Wed May 12 00:20:38 2010 -0400" msg="    Re-adding SuiteBuilder (renamed Suite2), and CategoryFilter" />
    <versionLog num="42" sha="ab2395c8c07077bed6aa5b673bf05197627bad3f" author="Alistair A. Israel &lt;aisrael@gmail.com&gt;" date="Thu May 6 16:32:07 2010 +0800" msg="    Lost the import again" />
    <versionLog num="43" sha="28ef5cb783d9e4b8239f7984696a9c5080c126a7" author="Alistair A. Israel &lt;aisrael@gmail.com&gt;" date="Thu May 6 16:21:41 2010 +0800" msg="    Added missing imports after merge" />
    <versionLog num="44" sha="3840331fd1918e91b0a36a263d141a40c41566a9" author="Alistair A. Israel &lt;aisrael@gmail.com&gt;" date="Thu May 6 16:18:46 2010 +0800" msg="    Revert &quot;Fixed compilation errors from merge&quot;        This reverts commit 0b2483896d93e5a26cf433b52c463e9aff9ea022." />
    <versionLog num="45" sha="0b2483896d93e5a26cf433b52c463e9aff9ea022" author="Alistair A. Israel &lt;aisrael@gmail.com&gt;" date="Thu May 6 16:18:18 2010 +0800" msg="    Fixed compilation errors from merge" />
    <versionLog num="46" sha="ab51452ac565d286b7bbd5a13767253c317bb29f" author="dsaff &lt;david@saff.net&gt;" date="Mon May 3 22:23:59 2010 -0400" msg="    Fixes github#98: assumptions with expected exceptions" />
    <versionLog num="47" sha="a30e87b6ac67f14a42b97d427bb1c8c6ba18cd87" author="dsaff &lt;david@saff.net&gt;" date="Thu Apr 8 13:04:17 2010 -0400" msg="    Clean-up after review in github's compare view.  Thanks, github." />
    <versionLog num="48" sha="a64ef43fc5d2a019d5cebd17a3c7ecb3341e5dfa" author="dsaff &lt;david@saff.net&gt;" date="Tue Apr 6 10:17:07 2010 +0800" msg="    up version" />
    <versionLog num="49" sha="d0534dae86dd511eb0575dbdf7e706a40f51e590" author="dsaff &lt;david@saff.net&gt;" date="Tue Apr 6 09:43:42 2010 +0800" msg="    Improve handling of TestSuites" />
    <versionLog num="50" sha="7ffc23078cc11ce7502c375242b66d6a745ac9a1" author="dsaff &lt;david@saff.net&gt;" date="Tue Apr 6 02:27:28 2010 +0800" msg="    Fix compilation errors" />
    <versionLog num="51" sha="01ecc0d5bc9f8b49ed36881cc258573a43bef69f" author="dsaff &lt;david@saff.net&gt;" date="Tue Apr 6 02:16:53 2010 +0800" msg="    I want these gone" />
    <versionLog num="52" sha="309edadfd8a7169e99571d36ec31cacfaabb2fe1" author="Berin Loritsch &lt;berin@berin-laptop.(none)&gt;" date="Wed Feb 10 07:02:17 2010 +0800" msg="    Take care of the TODO to make the inner class static." />
    <versionLog num="53" sha="a21ce2438fd69d6656dcf5274deb031976df12c1" author="dsaff &lt;david@saff.net&gt;" date="Tue Apr 6 02:14:12 2010 +0800" msg="    Most of the plans and mark2 nonsense gone" />
    <versionLog num="54" sha="5f7fddf537e551109ffd6241a00c87a2b3521523" author="dsaff &lt;david@saff.net&gt;" date="Tue Apr 6 02:13:46 2010 +0800" msg="    Most of the plans and mark2 nonsense gone" />
    <versionLog num="55" sha="496ee866a46f783d145b649a688df57cbf79490e" author="dsaff &lt;david@saff.net&gt;" date="Wed Mar 10 01:36:07 2010 +0800" msg="    categories 2" />
    <versionLog num="56" sha="25fa1d53ff124bc82d9d449c37ff1dea186c3e42" author="dsaff &lt;david@saff.net&gt;" date="Mon Apr 5 22:17:07 2010 -0400" msg="    up version" />
    <versionLog num="57" sha="2de4d6f2bcf699b94614f9208f620f4c56bc9876" author="dsaff &lt;david@saff.net&gt;" date="Mon Apr 5 21:43:42 2010 -0400" msg="    Improve handling of TestSuites.  Closes gh-96" />
    <versionLog num="58" sha="70adacdc1a7f963c081a9752ba62200f8b798d56" author="dsaff &lt;david@saff.net&gt;" date="Mon Apr 5 21:43:42 2010 -0400" msg="    Improve handling of TestSuites" />
    <versionLog num="59" sha="1d86784cd452e8d9e30d812255cadb75ef8dae15" author="dsaff &lt;david@saff.net&gt;" date="Mon Apr 5 14:27:28 2010 -0400" msg="    Fix compilation errors" />
    <versionLog num="60" sha="5077a8c714a3693e26e15932feeb3861175ac849" author="dsaff &lt;david@saff.net&gt;" date="Mon Apr 5 14:16:53 2010 -0400" msg="    I want these gone" />
    <versionLog num="61" sha="e39dc46adb1cd28a9f348e6f336764f70fcb4cdf" author="dsaff &lt;david@saff.net&gt;" date="Mon Apr 5 14:14:12 2010 -0400" msg="    Most of the plans and mark2 nonsense gone" />
    <versionLog num="62" sha="97402a3401c6cc2d45d395c0d9d636f483b5571c" author="dsaff &lt;david@saff.net&gt;" date="Mon Apr 5 14:13:46 2010 -0400" msg="    Most of the plans and mark2 nonsense gone" />
    <versionLog num="63" sha="b8c76067e505713f90195087ec53a078654ec3fa" author="dsaff &lt;david@saff.net&gt;" date="Tue Mar 9 12:36:07 2010 -0500" msg="    categories 2" />
    <versionLog num="64" sha="54b657ce3d7042fc0adc13130400322b5dd70779" author="Berin Loritsch &lt;berin@berin-laptop.(none)&gt;" date="Wed Feb 10 07:02:17 2010 +0800" msg="    Take care of the TODO to make the inner class static." />
    <versionLog num="65" sha="1bbab715de4c64943948ecc3739c8d5569378672" author="David Saff &lt;saff@redredrobot.home&gt;" date="Mon Feb 8 23:10:47 2010 -0500" msg="    CategoriesMark2 reuse code properly from TestClass" />
    <versionLog num="66" sha="04189a834a01ae7ff3189bfa869e90d1a7f83acf" author="David Saff &lt;saff@redredrobot.home&gt;" date="Mon Feb 8 22:05:58 2010 -0500" msg="    added test of TestName in Before and After" />
    <versionLog num="67" sha="4de916220b9e70d08eccf7e7e292fe9e54157e92" author="David Saff &lt;saff@redredrobot.home&gt;" date="Tue Feb 2 23:35:20 2010 -0500" msg="    Started on a new API for categories (and filters in general)" />
    <versionLog num="68" sha="8dd7600e8634709c2e673e825e3f8cea58ff3c65" author="David Saff &lt;saff@dhcp-172-31-197-85.cam.corp.google.com&gt;" date="Mon Feb 1 14:09:52 2010 -0500" msg="    Temporarily here to keep master clean" />
    <versionLog num="69" sha="12b9b787a161d4b460d4d6a14da6ac53cac3713b" author="David Saff &lt;saff@redredrobot.home&gt;" date="Mon Jan 25 23:46:25 2010 -0500" msg="    Category filter can look all the way up the Description stack" />
    <versionLog num="70" sha="86abf33f863fee1db3ba7dd8ee3e9910f105f57d" author="David Saff &lt;saff@redredrobot.local&gt;" date="Thu Jan 21 16:30:36 2010 -0500" msg="    test for multi-level category application" />
    <versionLog num="71" sha="9de3abe6c337247fd4b5d5af6406bdbb30403f50" author="David Saff &lt;saff@redredrobot.local&gt;" date="Thu Jan 21 15:52:21 2010 -0500" msg="    private fields and appropriate use of Plan" />
    <versionLog num="72" sha="b33b4b090c224c14415d0ffb68a078a097aeaf71" author="David Saff &lt;saff@redredrobot.home&gt;" date="Mon Jan 4 23:13:25 2010 -0500" msg="    RunNotifier.fireTestRunStarted(Plan) to replace fireTestRunStarted(Description)" />
    <versionLog num="73" sha="66cf6859fa74021320c9b0d5e0a6ffc5c86b770f" author="David Saff &lt;saff@redredrobot.home&gt;" date="Mon Jan 4 22:43:46 2010 -0500" msg="    Description.getChildren removed from all tests" />
    <versionLog num="74" sha="c503e40d9ec79ba76b69dd31d7dd32648fa13cf2" author="David Saff &lt;saff@redredrobot.home&gt;" date="Mon Jan 4 22:40:54 2010 -0500" msg="    Deleted huge time-tripling test, MaxCore uses Plan for recursive descent" />
    <versionLog num="75" sha="c3873cf7b17abba564374522af2bdc02abcc509d" author="David Saff &lt;saff@dhcp-172-31-197-85.cam.corp.google.com&gt;" date="Wed Dec 23 13:40:13 2009 -0500" msg="    Max uses Plan rather than Description now" />
    <versionLog num="76" sha="f1f4fe290a3a35a9083d2e76e922b57350e05f34" author="David Saff &lt;saff@redredrobot.local&gt;" date="Tue Dec 22 11:18:29 2009 -0500" msg="    Cleaned up methods and method order" />
    <versionLog num="77" sha="6589127231db19458b696785bab3b839f9bde90f" author="David Saff &lt;saff@redredrobot.local&gt;" date="Tue Dec 22 10:52:53 2009 -0500" msg="    Added Plan, which knows about child relationships--we'll eventually deprecate children from Description.  Plan is first used in JUnit4TestAdapter" />
    <versionLog num="78" sha="870289f3272917f312de6902b8b6bdc43552d4b7" author="David Saff &lt;saff@redredrobot.home&gt;" date="Mon Dec 21 22:54:05 2009 -0500" msg="    Simplify Filter implementation for backward compatibility" />
    <versionLog num="79" sha="2f9b53dbecad010dbb7e7cfff3a11476b7d2208a" author="David Saff &lt;saff@redredrobot.home&gt;" date="Mon Dec 21 22:30:10 2009 -0500" msg="    Simplify Filter implementations" />
    <versionLog num="80" sha="7cd277620b4c888ae4101bb3f4768af83b85313a" author="David Saff &lt;saff@dhcp-172-31-197-85.cam.corp.google.com&gt;" date="Fri Dec 18 09:50:45 2009 -0500" msg="    Better documentation of Filter method, which allows a more succinct definition of ParentRunner" />
    <versionLog num="81" sha="7a2b0460c7abd7573faa9d7845a5b1169dcdcb7f" author="David Saff &lt;saff@dhcp-172-31-197-85.cam.corp.google.com&gt;" date="Fri Dec 18 09:05:43 2009 -0500" msg="    Big refactor" />
    <versionLog num="82" sha="d3e86b059db787af5c0d58ddf3f69af5b42865b8" author="David Saff &lt;saff@redredrobot.home&gt;" date="Thu Dec 17 23:59:38 2009 -0500" msg="    About to do surgery on ParentRunner" />
    <versionLog num="83" sha="832bb8322f2ca09af52769a0198b276269b53988" author="David Saff &lt;saff@dhcp-172-31-197-85.cam.corp.google.com&gt;" date="Tue Dec 8 10:15:44 2009 -0500" msg="    Clarify that annotating suite has no effect" />
    <versionLog num="84" sha="ea80d1aa27f92ce103c43c0bf70a829d6e31111d" author="David Saff &lt;saff@dhcp-172-31-197-85.cam.corp.google.com&gt;" date="Tue Dec 8 10:13:21 2009 -0500" msg="    Fix documentation reference to CategoryType" />
    <versionLog num="85" sha="7d8f2b7f6e190e8e59efacc10bc617b6646d131b" author="David Saff &lt;saff@redredrobot.home&gt;" date="Mon Dec 7 23:00:43 2009 -0500" msg="    Annotations on classes are merged with method annotations for categories" />
    <versionLog num="86" sha="d0c70cac5b28861803d97d59ab93dfcb10d2c4d3" author="David Saff &lt;saff@dhcp-172-31-197-85.cam.corp.google.com&gt;" date="Thu Dec 3 15:21:05 2009 -0500" msg="    Make release notes compilable, add announce list to building task list, fix generics issues." />
    <versionLog num="87" sha="5a3a326096cf65a58272ee89a5ef1c164cfd9d33" author="David Saff &lt;saff@redredrobot.home&gt;" date="Mon Nov 30 23:08:09 2009 -0500" msg="    Final cleanup of Categories and release notes for 4.8" />
    <versionLog num="88" sha="cec8e3ed1246c289ae156c4418d2e224bd793f4b" author="David Saff &lt;saff@redredrobot.local&gt;" date="Mon Nov 23 23:06:40 2009 -0500" msg="    Any class can be a category.  Added Category exclusion." />
    <versionLog num="89" sha="f8ee06baeb1ffa935c14c80aef5c5e6d28faefbd" author="David Saff &lt;saff@redredrobot.home&gt;" date="Mon Nov 16 23:24:20 2009 -0500" msg="    Our own cleanup" />
    <versionLog num="90" sha="7aac4b19d359285041ccb51d575235339a1a8be0" author="David Saff &lt;saff@dhcp-172-31-197-85.cam.corp.google.com&gt;" date="Tue Oct 27 08:52:06 2009 -0400" msg="    Fixed assertNull issue" />
    <versionLog num="91" sha="b0902ca1ba8c1b20f0c08b3d04b5032de335531e" author="David Saff &lt;saff@redredrobot.home&gt;" date="Mon Oct 26 21:55:44 2009 -0400" msg="    Deleting old names for things" />
    <versionLog num="92" sha="4a678cd73cdc5f0330da0b57d42f7fb0c564d73c" author="David Saff &lt;saff@redredrobot.home&gt;" date="Mon Oct 19 23:11:19 2009 -0400" msg="    javadoc'ed, and with better names" />
    <versionLog num="93" sha="9eab1418bf073556414f8654a8b66d65d784ed71" author="David Saff &lt;saff@redredrobot.home&gt;" date="Mon Oct 19 22:51:12 2009 -0400" msg="    Multiple categories on tests, category inheritance, production classes in production package." />
    <versionLog num="94" sha="a8a05d5b490aff69efc6be29fa28a7b14674ab48" author="Alistair A. Israel &lt;aisrael@gmail.com&gt;" date="Mon Oct 19 17:38:42 2009 +0800" msg="    Added ClassrulesTest to exercise class-level @Rules" />
    <versionLog num="95" sha="71980abb3edfbdd988b4b4714c508e4db86787f4" author="Alistair A. Israel &lt;aisrael@gmail.com&gt;" date="Mon Oct 19 17:14:08 2009 +0800" msg="    Clarified Javadoc and exception message; finalized parameter" />
    <versionLog num="96" sha="5b5a17d3c50bf5e96f4baff2aa061ba039511048" author="Alistair A. Israel &lt;aisrael@gmail.com&gt;" date="Mon Oct 19 17:12:16 2009 +0800" msg="    Use Field#getType()" />
    <versionLog num="97" sha="4abb65c56382cdd4ff453ddceb70b5944e6e0b38" author="Alistair A. Israel &lt;aisrael@gmail.com&gt;" date="Mon Oct 19 16:59:38 2009 +0800" msg="    Proof-of-concept for class-level @Rule support" />
    <versionLog num="98" sha="81821e83c425202b86c27d6be9c9ebe453e6d507" author="watisdit &lt;waldodelport@gmail.com&gt;" date="Sat Aug 1 01:41:13 2009 +0800" msg="    Fixes sourceForge bug:    When assertEquals(Object expected, Object actual) is failed, it outputs:    java.lang.AssertionError: expected:&lt;XXX&gt; but was:&lt;YYY&gt;.    assertNull(Object) could use the same message: expected:&lt;null&gt; but    was:&lt;YYY&gt;.        Signed-off-by: dsaff &lt;david@saff.net&gt;" />
    <versionLog num="99" sha="46036e7146f9dd0ca44baaec490692b967edd0ce" author="David Saff &lt;saff@redredrobot.home&gt;" date="Mon Oct 19 23:11:19 2009 -0400" msg="    javadoc'ed, and with better names" />
    <versionLog num="100" sha="ce810b763e5021629248702993f226e3bf969db8" author="David Saff &lt;saff@redredrobot.home&gt;" date="Mon Oct 19 22:51:12 2009 -0400" msg="    Multiple categories on tests, category inheritance, production classes in production package." />
    <versionLog num="101" sha="ee598b3836fa23c5d8a936d2b621cb3f32f3794e" author="Alistair A. Israel &lt;aisrael@gmail.com&gt;" date="Mon Oct 19 17:38:42 2009 +0800" msg="    Added ClassrulesTest to exercise class-level @Rules" />
    <versionLog num="102" sha="31213175b4a349b1e6ab16f553570533bc81e579" author="Alistair A. Israel &lt;aisrael@gmail.com&gt;" date="Mon Oct 19 17:14:08 2009 +0800" msg="    Clarified Javadoc and exception message; finalized parameter" />
    <versionLog num="103" sha="01716157f2683f5610d721929a687e7dc3aee558" author="Alistair A. Israel &lt;aisrael@gmail.com&gt;" date="Mon Oct 19 17:12:16 2009 +0800" msg="    Use Field#getType()" />
    <versionLog num="104" sha="79ef5a7e1d7fa144cc81c9414f4791aaea8b3d75" author="Alistair A. Israel &lt;aisrael@gmail.com&gt;" date="Mon Oct 19 16:59:38 2009 +0800" msg="    Proof-of-concept for class-level @Rule support" />
    <versionLog num="105" sha="334bf585b5de1534d7c0ec519fa0df250d00f022" author="David Saff &lt;saff@redredrobot.home&gt;" date="Mon Oct 12 23:59:14 2009 -0400" msg="    This looks like a usable Category API" />
    <versionLog num="106" sha="758ec7fdc2ea8db0c3cb57b83c2a1a069ee214b6" author="David Saff &lt;saff@redredrobot.home&gt;" date="Mon Oct 12 22:05:01 2009 -0400" msg="    Removed unused import" />
    <versionLog num="107" sha="28d398d01c7a294ca9db34b90e2b1e3c874a8bc0" author="Kristian Rosenvold &lt;kristian@rosenvold.com&gt;" date="Mon Oct 5 12:17:49 2009 +0200" msg="    Readed concurrency patch because I had messed up" />
    <versionLog num="108" sha="a68ae0886c1c6274943e6f99d70816d162273d9c" author="KentBeck &lt;kent@threeriversinstitute.org&gt;" date="Tue Sep 22 19:32:01 2009 -0700" msg="    Signed-off-by: KentBeck &lt;kent@threeriversinstitute.org&gt;" />
    <versionLog num="109" sha="2e63af604c9487b9e8acbe002cf9a27230d1d7a0" author="alanharder &lt;alan.harder@sun.com&gt;" date="Fri Aug 28 15:24:22 2009 +0800" msg="    Fix @SuiteClasses example in javadoc        Signed-off-by: Kent Beck &lt;kent@threeriversinstitute.org&gt;" />
    <versionLog num="110" sha="75614895426a8c121cdb7ddc193d7eba8eac6630" author="alanharder &lt;alan.harder@sun.com&gt;" date="Fri Aug 28 15:14:50 2009 +0800" msg="    Fix @SuiteClasses example in javadoc        Signed-off-by: Kent Beck &lt;kent@threeriversinstitute.org&gt;" />
    <versionLog num="111" sha="bf01cb023bf18d9c3ff3439886d62d5bb34d49ac" author="watisdit &lt;waldodelport@gmail.com&gt;" date="Sat Aug 1 01:41:13 2009 +0800" msg="    Fixes sourceForge bug:    When assertEquals(Object expected, Object actual) is failed, it outputs:    java.lang.AssertionError: expected:&lt;XXX&gt; but was:&lt;YYY&gt;.    assertNull(Object) could use the same message: expected:&lt;null&gt; but    was:&lt;YYY&gt;.        Signed-off-by: dsaff &lt;david@saff.net&gt;" />
    <versionLog num="112" sha="a268686d96bfbb328e02b363c3f0f72da54f9fc6" author="David Saff &lt;saff@dhcp-172-31-197-71.cam.corp.google.com&gt;" date="Thu Aug 20 10:30:12 2009 -0400" msg="    checkpoint" />
    <versionLog num="113" sha="7e74bfd60ca879d78db96915ce1d8db341db2279" author="David Saff &lt;saff@redredrobot.local&gt;" date="Fri Jul 31 16:48:27 2009 -0400" msg="    Here's what categories would look like" />
    <versionLog num="114" sha="a8629da96207e1ce71ead9ba9f85bc324f09bcab" author="David Saff &lt;saff@new-host-4.home&gt;" date="Mon Jul 27 22:16:50 2009 -0400" msg="    4.7 final" />
    <versionLog num="115" sha="23ffc6baf5768057e366e183e53f4dfa86fbb005" author="David Saff &lt;saff@redredrobot.home&gt;" date="Mon Jul 20 23:35:01 2009 -0400" msg="    Updated version to RC1" />
    <versionLog num="116" sha="df85817595e97082eaf8d6c95e2c269b86afff20" author="David Saff &lt;saff@redredrobot.home&gt;" date="Mon Jul 20 22:34:15 2009 -0400" msg="    org.junit is javadoced except internal and experimental" />
    <versionLog num="117" sha="cc24890c002286ca583518c471b16d143a69a62a" author="David Saff &lt;saff@redredrobot.home&gt;" date="Mon Jul 20 22:23:33 2009 -0400" msg="    org.junit.runner is javadoced" />
    <versionLog num="118" sha="b0b1c80075abf53597839e6bb430804b17d5c24a" author="David Saff &lt;saff@redredrobot.home&gt;" date="Mon Jul 20 22:09:23 2009 -0400" msg="    experimental.results is javadoced" />
    <versionLog num="119" sha="15815f55d2e9ae567ef8fe0a172f498b87a3a880" author="David Saff &lt;saff@redredrobot.home&gt;" date="Mon Jul 20 22:01:25 2009 -0400" msg="    Last errors gone from Hamcrest rollback" />
    <versionLog num="120" sha="c618504adee4bc91b3bd7e0ff06be6e1fa9d88cc" author="David Saff &lt;saff@dhcp-172-31-197-71.cam.corp.google.com&gt;" date="Mon Jul 20 10:41:18 2009 -0400" msg="    Cleaning up compile errors from reverting hamcrest change" />
    <versionLog num="121" sha="4e2455b1f142bdf8f07383082638718695e51224" author="David Saff &lt;saff@dhcp-172-31-197-71.cam.corp.google.com&gt;" date="Mon Jul 20 10:35:10 2009 -0400" msg="    Rollback to hamcrest 1.1" />
    <versionLog num="122" sha="017ce048adbc360fed2e8d7ae55dfbb3dbdc76dc" author="David Saff &lt;saff@redredrobot.local&gt;" date="Fri Jul 17 17:30:24 2009 -0400" msg="    Re-deleted interceptor classes" />
    <versionLog num="123" sha="99a84a542f2ac532a8425fa0a77884902b1c01b0" author="David Saff &lt;saff@redredrobot.home&gt;" date="Wed Jul 15 22:17:25 2009 -0400" msg="    org.junit.Rule, org.junit.Rules" />
    <versionLog num="124" sha="97afc5e205e1c6ac0f5a9aefabed92d58d88ab81" author="David Saff &lt;saff@redredrobot.home&gt;" date="Wed Jul 15 22:12:32 2009 -0400" msg="    No more Interceptors.  Everything is rules" />
    <versionLog num="125" sha="a1813f62876a6c7227ec5c866b621e01cda79664" author="David Saff &lt;saff@redredrobot.home&gt;" date="Tue Jul 7 23:58:33 2009 -0400" msg="    Done with interceptor javadoc" />
    <versionLog num="126" sha="82169027cce65df0e48f1b0824f6aad308ea8f13" author="David Saff &lt;saff@redredrobot.home&gt;" date="Tue Jul 7 23:34:31 2009 -0400" msg="    Fix javadoc warnings" />
    <versionLog num="127" sha="c8657376d5706cb7cf9e357a152d1263d71fa82d" author="David Saff &lt;saff@redredrobot.home&gt;" date="Tue Jul 7 11:50:23 2009 +0800" msg="    Fixing Interceptor-&gt;Rule name changes        Signed-off-by: Kent Beck &lt;kent@threeriversinstitute.org&gt;" />
    <versionLog num="128" sha="54917b88aab026dabb4541276ed875117c1e1faa" author="David Saff &lt;saff@redredrobot.home&gt;" date="Tue Jul 7 11:50:14 2009 +0800" msg="    Fixing Interceptor-&gt;Rule name changes        Signed-off-by: Kent Beck &lt;kent@threeriversinstitute.org&gt;" />
    <versionLog num="129" sha="734ab5187c068599352e5fdc7374c1334d484fef" author="David Saff &lt;saff@redredrobot.home&gt;" date="Tue Jul 7 10:01:56 2009 +0800" msg="    StatementInterceptor takes Object target        Signed-off-by: Kent Beck &lt;kent@threeriversinstitute.org&gt;" />
    <versionLog num="130" sha="7a0a6839fe3ae4076cc72a0586e2dbe4b1bc995f" author="David Saff &lt;saff@redredrobot.home&gt;" date="Tue Jul 7 09:44:02 2009 +0800" msg="    FailureList isn't public        Signed-off-by: Kent Beck &lt;kent@threeriversinstitute.org&gt;" />
    <versionLog num="131" sha="303f74183714223503216efa037373bfb04bfe1a" author="David Saff &lt;saff@redredrobot.local&gt;" date="Fri Jul 3 05:24:29 2009 +0800" msg="    Finished Max javadoc        Signed-off-by: Kent Beck &lt;kent@threeriversinstitute.org&gt;" />
    <versionLog num="132" sha="d8da2f699a89857292e5e5b92945b2fe3c0a039a" author="David Saff &lt;saff@dhcp-172-31-204-113.cam.corp.google.com&gt;" date="Thu Jul 2 01:43:53 2009 +0800" msg="    Getting started on Interceptors javadoc        Signed-off-by: Kent Beck &lt;kent@threeriversinstitute.org&gt;" />
    <versionLog num="133" sha="003f66a2e928691100fbe719d7253b5213e99698" author="David Saff &lt;saff@redredrobot.home&gt;" date="Wed Jul 1 11:19:05 2009 +0800" msg="    FrameworkField TODO deletion        Signed-off-by: Kent Beck &lt;kent@threeriversinstitute.org&gt;" />
    <versionLog num="134" sha="dee8a47af11dd88139f4d46a1ebee7fc613e367e" author="David Saff &lt;saff@redredrobot.home&gt;" date="Wed Jul 1 10:55:03 2009 +0800" msg="    Better extension point for adding interceptors        Signed-off-by: Kent Beck &lt;kent@threeriversinstitute.org&gt;" />
    <versionLog num="135" sha="9218455d51cd94b21b4536af793dd4c4c6820bf7" author="David Saff &lt;saff@redredrobot.home&gt;" date="Wed Jul 1 10:30:54 2009 +0800" msg="    TODO cleanup        Signed-off-by: Kent Beck &lt;kent@threeriversinstitute.org&gt;" />
    <versionLog num="136" sha="dc5b58961ab0edd69e5457b122a5ed9185ecd3ec" author="David Saff &lt;saff@redredrobot.local&gt;" date="Tue Jun 16 13:33:36 2009 +0800" msg="    Clean up TODOs in ComparisonCriteria and subclasses        Signed-off-by: Kent Beck &lt;kent@threeriversinstitute.org&gt;" />
    <versionLog num="137" sha="24466485d2dfb58818ac3abf222558a230cbf4cb" author="David Saff &lt;saff@redredrobot.local&gt;" date="Tue Jun 16 13:29:46 2009 +0800" msg="    Clean up exceptions in readHistory        Signed-off-by: Kent Beck &lt;kent@threeriversinstitute.org&gt;" />
    <versionLog num="138" sha="c1fb11d4e5280cda98c84a910545703b15b1cf67" author="David Saff &lt;saff@redredrobot.local&gt;" date="Tue Jun 16 13:25:14 2009 +0800" msg="    TODO clean-up        Signed-off-by: Kent Beck &lt;kent@threeriversinstitute.org&gt;" />
    <versionLog num="139" sha="58723f03198f62f079cd242f7110a94713a5a90b" author="David Saff &lt;saff@redredrobot.local&gt;" date="Tue Jun 16 13:24:01 2009 +0800" msg="    Move emptySuite method to Suite        Signed-off-by: Kent Beck &lt;kent@threeriversinstitute.org&gt;" />
    <versionLog num="140" sha="b4a19d903c5ec7e5ddad0776e8f611338b58be08" author="David Saff &lt;saff@redredrobot.local&gt;" date="Tue Jun 16 13:18:42 2009 +0800" msg="    Clean up TODO's, including unnecessary exception catch in max        Signed-off-by: Kent Beck &lt;kent@threeriversinstitute.org&gt;" />
    <versionLog num="141" sha="23cee0d142da2296c7a1dad7129da784ad9eb3f7" author="David Saff &lt;saff@redredrobot.local&gt;" date="Tue Jun 16 13:12:10 2009 +0800" msg="    Advance version, and beef up ErrorCollector with checkThat and checkPasses        Signed-off-by: Kent Beck &lt;kent@threeriversinstitute.org&gt;" />
    <versionLog num="142" sha="573ae79e0a1802e1875203d0f30ba3f41afadbc6" author="David Saff &lt;saff@redredrobot.home&gt;" date="Mon Jul 6 23:50:23 2009 -0400" msg="    Fixing Interceptor-&gt;Rule name changes" />
    <versionLog num="143" sha="409a8e06c9f2ec5aa0d9db8a3d413f394c290f6d" author="David Saff &lt;saff@redredrobot.home&gt;" date="Mon Jul 6 23:50:14 2009 -0400" msg="    Fixing Interceptor-&gt;Rule name changes" />
    <versionLog num="144" sha="8e313a1e58a56694c0441b2fa60974fa8e1bfe31" author="David Saff &lt;saff@redredrobot.home&gt;" date="Mon Jul 6 22:01:56 2009 -0400" msg="    StatementInterceptor takes Object target" />
    <versionLog num="145" sha="4b549360e08dac944ee34b7c7bf1a95b41f72f35" author="David Saff &lt;saff@redredrobot.home&gt;" date="Mon Jul 6 21:44:02 2009 -0400" msg="    FailureList isn't public" />
    <versionLog num="146" sha="5501ad5d546427b228b208da15cec997e0b13cc8" author="David Saff &lt;saff@redredrobot.local&gt;" date="Thu Jul 2 17:24:29 2009 -0400" msg="    Finished Max javadoc" />
    <versionLog num="147" sha="223b34b516467bcd9cb7ebc7f49549f2e7362dca" author="David Saff &lt;saff@dhcp-172-31-204-113.cam.corp.google.com&gt;" date="Wed Jul 1 13:43:53 2009 -0400" msg="    Getting started on Interceptors javadoc" />
    <versionLog num="148" sha="fc7acc64dbbf5c28ef4bd3b142e35922d6294428" author="David Saff &lt;saff@redredrobot.home&gt;" date="Tue Jun 30 23:19:05 2009 -0400" msg="    FrameworkField TODO deletion" />
    <versionLog num="149" sha="e4c7fac80cac937faf413e3ddd58e0fd091bd367" author="David Saff &lt;saff@redredrobot.home&gt;" date="Tue Jun 30 22:55:03 2009 -0400" msg="    Better extension point for adding interceptors" />
    <versionLog num="150" sha="cb1d4dfd390718002349f2cbb456ec9ea769ff2b" author="David Saff &lt;saff@redredrobot.home&gt;" date="Tue Jun 30 22:30:54 2009 -0400" msg="    TODO cleanup" />
    <versionLog num="151" sha="8088946a72634d8d6f91db157f4cbe9a2931d4ea" author="David Saff &lt;saff@redredrobot.local&gt;" date="Mon Jun 15 22:33:36 2009 -0700" msg="    Clean up TODOs in ComparisonCriteria and subclasses" />
    <versionLog num="152" sha="fea583afc60dfdd67dec3349f0e0203d6cb3a69f" author="David Saff &lt;saff@redredrobot.local&gt;" date="Mon Jun 15 22:29:46 2009 -0700" msg="    Clean up exceptions in readHistory" />
    <versionLog num="153" sha="be06ab8bfe4991ce64d4dae0655833b060362cda" author="David Saff &lt;saff@redredrobot.local&gt;" date="Mon Jun 15 22:25:14 2009 -0700" msg="    TODO clean-up" />
    <versionLog num="154" sha="b2ebdc0a3e15d90fe695953fd334408ec1afad77" author="David Saff &lt;saff@redredrobot.local&gt;" date="Mon Jun 15 22:24:01 2009 -0700" msg="    Move emptySuite method to Suite" />
    <versionLog num="155" sha="e9e9b31a483fc562af4ebf5c59e7c89a8ef83459" author="David Saff &lt;saff@redredrobot.local&gt;" date="Mon Jun 15 22:18:42 2009 -0700" msg="    Clean up TODO's, including unnecessary exception catch in max" />
    <versionLog num="156" sha="50b77b1f3108aa77af0906162d552e513936c322" author="David Saff &lt;saff@redredrobot.local&gt;" date="Mon Jun 15 22:12:10 2009 -0700" msg="    Advance version, and beef up ErrorCollector with checkThat and checkPasses" />
    <versionLog num="157" sha="077d4657cce12a38d4f34266fc62c190b28235a9" author="David Saff &lt;saff@new-host-3.home&gt;" date="Thu Jun 4 12:52:28 2009 +0800" msg="    Added Verifier and ErrorCollector        Signed-off-by: Kent Beck &lt;kent@threeriversinstitute.org&gt;" />
    <versionLog num="158" sha="11258fcfd07dd63754fbea374bbba59ea82bc685" author="David Saff &lt;saff@new-host-3.home&gt;" date="Thu Jun 4 00:52:28 2009 -0400" msg="    Added Verifier and ErrorCollector" />
    <versionLog num="159" sha="20dd0741fca1009e5f641cd0fd1f319459ceeed0" author="David Saff &lt;saff@new-host-3.home&gt;" date="Thu Jun 4 00:09:23 2009 -0400" msg="    Added TemporaryFile and ExternalResource interceptors" />
    <versionLog num="160" sha="2e9a239f419fa60779b5f1ab191561108e1fe3d4" author="David Saff &lt;saff@dhcp-172-31-204-188.cam.corp.google.com&gt;" date="Wed Jun 3 03:47:20 2009 +0800" msg="    ExpectedException allows multiple exceptions        Signed-off-by: Kent Beck &lt;kent@threeriversinstitute.org&gt;" />
    <versionLog num="161" sha="7c6809f47fde700f345ded8faaff468dc2d53c08" author="David Saff &lt;saff@dhcp-172-31-197-71.cam.corp.google.com&gt;" date="Tue Jun 2 04:57:41 2009 +0800" msg="    ExpectedException allows multiple exceptions        Signed-off-by: Kent Beck &lt;kent@threeriversinstitute.org&gt;" />
    <versionLog num="162" sha="a423117429dc71bf3068eeae38c6443672beda7f" author="David Saff &lt;saff@dhcp-172-31-197-71.cam.corp.google.com&gt;" date="Tue Jun 2 04:37:05 2009 +0800" msg="    ExpectedException drastically simplified        Signed-off-by: Kent Beck &lt;kent@threeriversinstitute.org&gt;" />
    <versionLog num="163" sha="a402014d7d4fb320442a73b1e7e151c6bb037899" author="David Saff &lt;saff@dhcp-172-31-204-188.cam.corp.google.com&gt;" date="Tue Jun 2 15:47:20 2009 -0400" msg="    ExpectedException allows multiple exceptions" />
    <versionLog num="164" sha="c9e0f1a3a519bdab2d71b48635a9cc7df3cff3fa" author="David Saff &lt;saff@dhcp-172-31-204-188.cam.corp.google.com&gt;" date="Mon Jun 1 23:08:41 2009 +0800" msg="    JUnitMatchers.matches creates any type        Signed-off-by: Kent Beck &lt;kent@threeriversinstitute.org&gt;" />
    <versionLog num="165" sha="a01928138beb41a189dc1fa43f92942b39393cbb" author="David Saff &lt;saff@dhcp-172-31-197-71.cam.corp.google.com&gt;" date="Mon Jun 1 16:57:41 2009 -0400" msg="    ExpectedException allows multiple exceptions" />
    <versionLog num="166" sha="d5af0e46c1cd912ef0932ce868517b1e8335531e" author="David Saff &lt;saff@dhcp-172-31-197-71.cam.corp.google.com&gt;" date="Mon Jun 1 16:37:05 2009 -0400" msg="    ExpectedException drastically simplified" />
    <versionLog num="167" sha="0b57f033a94caca38ab1369b117baa1589d7d6d3" author="David Saff &lt;saff@dhcp-172-31-197-71.cam.corp.google.com&gt;" date="Mon Jun 1 14:43:37 2009 -0400" msg="    Minor updates to assertThat and isAnyOf" />
    <versionLog num="168" sha="89c38cee73bdcc7505da15d7e5de60cdf45a6c0e" author="David Saff &lt;saff@dhcp-172-31-197-71.cam.corp.google.com&gt;" date="Mon Jun 1 13:13:17 2009 -0400" msg="    Improved documentation of new matchers" />
    <versionLog num="169" sha="3762b9a6f23454691ad4d61000b148a00edaeace" author="David Saff &lt;saff@dhcp-172-31-204-188.cam.corp.google.com&gt;" date="Mon Jun 1 11:08:41 2009 -0400" msg="    JUnitMatchers.matches creates any type" />
    <versionLog num="170" sha="323e55fbc5dbf8d977b23220fa2316cbfceaeb6b" author="David Saff &lt;saff@dhcp-172-31-197-71.cam.corp.google.com&gt;" date="Fri May 29 23:57:14 2009 +0800" msg="    Fixed warnings        Signed-off-by: Kent Beck &lt;kent@threeriversinstitute.org&gt;" />
    <versionLog num="171" sha="79b7c3e8f1d725460212c659524b9bbf5d8a1461" author="David Saff &lt;saff@dhcp-172-31-197-71.cam.corp.google.com&gt;" date="Fri May 29 23:56:22 2009 +0800" msg="    Hamcrest 1.2 documented in release notes        Signed-off-by: Kent Beck &lt;kent@threeriversinstitute.org&gt;" />
    <versionLog num="172" sha="a5aa7cf7d61162947504060c9d3b6d4db6c073cf" author="David Saff &lt;saff@dhcp-172-31-197-71.cam.corp.google.com&gt;" date="Fri May 29 23:20:30 2009 +0800" msg="    I think this is the end of hamcrest generics        Signed-off-by: Kent Beck &lt;kent@threeriversinstitute.org&gt;" />
    <versionLog num="173" sha="505f7705d932002881b530829f4750e9438a963e" author="David Saff &lt;saff@dhcp-172-31-197-71.cam.corp.google.com&gt;" date="Fri May 29 22:39:33 2009 +0800" msg="    Better tests of both        Signed-off-by: Kent Beck &lt;kent@threeriversinstitute.org&gt;" />
    <versionLog num="174" sha="8a9c52df0ef4c0667a3a54bd4c6387c149577c2e" author="David Saff &lt;saff@dhcp-172-31-197-71.cam.corp.google.com&gt;" date="Fri May 29 21:57:31 2009 +0800" msg="    Undeprectated JUnitMatchers.either and .both, with different typing, and created JUnitMatchers.matches        Signed-off-by: Kent Beck &lt;kent@threeriversinstitute.org&gt;" />
    <versionLog num="175" sha="96635b8788e3d089450c2791dd2f11100244d9e1" author="David Saff &lt;saff@dhcp-172-31-197-71.cam.corp.google.com&gt;" date="Fri May 29 21:19:05 2009 +0800" msg="    Needed to mostly compile        Signed-off-by: Kent Beck &lt;kent@threeriversinstitute.org&gt;" />
    <versionLog num="176" sha="68e573bb82a183201a9e91d12746cacc061c48bc" author="David Saff &lt;saff@dhcp-172-31-197-71.cam.corp.google.com&gt;" date="Fri May 29 11:57:14 2009 -0400" msg="    Fixed warnings" />
    <versionLog num="177" sha="9164fdee10603ebdb2b4a7d78ab00046fa3ad37f" author="David Saff &lt;saff@dhcp-172-31-197-71.cam.corp.google.com&gt;" date="Fri May 29 11:56:22 2009 -0400" msg="    Hamcrest 1.2 documented in release notes" />
    <versionLog num="178" sha="67c31453db464a17bd907a8b4ccfb9103ef946f0" author="David Saff &lt;saff@dhcp-172-31-197-71.cam.corp.google.com&gt;" date="Fri May 29 11:20:30 2009 -0400" msg="    I think this is the end of hamcrest generics" />
    <versionLog num="179" sha="e3f50a17c8c6fb7a33bd8a7afb36235b22422346" author="David Saff &lt;saff@dhcp-172-31-197-71.cam.corp.google.com&gt;" date="Fri May 29 10:39:33 2009 -0400" msg="    Better tests of both" />
    <versionLog num="180" sha="7dd6711cb9e552cee8091893d4085fdc3f9996b0" author="David Saff &lt;saff@dhcp-172-31-197-71.cam.corp.google.com&gt;" date="Fri May 29 09:57:31 2009 -0400" msg="    Undeprectated JUnitMatchers.either and .both, with different typing, and created JUnitMatchers.matches" />
    <versionLog num="181" sha="fd925dc6b23c4fa68de2eab06dc162c4f06ff224" author="David Saff &lt;saff@dhcp-172-31-197-71.cam.corp.google.com&gt;" date="Fri May 29 09:19:05 2009 -0400" msg="    Needed to mostly compile" />
    <versionLog num="182" sha="52e61a55e8ffcaab2586ea8fec28e4b01336cd30" author="David Saff &lt;saff@dhcp-172-31-197-71.cam.corp.google.com&gt;" date="Thu May 28 01:57:07 2009 +0800" msg="    Upgraded to Hamcrest 1.2        Signed-off-by: Kent Beck &lt;kent@threeriversinstitute.org&gt;" />
    <versionLog num="183" sha="695ae54ef17fc658734119b5378b19ff754a9951" author="David Saff &lt;saff@dhcp-172-31-197-71.cam.corp.google.com&gt;" date="Wed May 27 23:25:56 2009 +0800" msg="    Updated version        Signed-off-by: Kent Beck &lt;kent@threeriversinstitute.org&gt;" />
    <versionLog num="184" sha="e35fb32e07a4cfe69dd86024a79d9cb3b9132e55" author="David Saff &lt;saff@dhcp-172-31-197-71.cam.corp.google.com&gt;" date="Wed May 27 13:57:07 2009 -0400" msg="    Upgraded to Hamcrest 1.2" />
    <versionLog num="185" sha="618d9ac96993540d11078fc963af9e9b4d479943" author="David Saff &lt;saff@dhcp-172-31-197-71.cam.corp.google.com&gt;" date="Wed May 27 11:25:56 2009 -0400" msg="    Updated version" />
    <versionLog num="186" sha="26a9910d4df6899107d78f77795f4aba2eadde12" author="David Saff &lt;saff@new-host-2.home&gt;" date="Wed May 27 12:19:49 2009 +0800" msg="    ExpectedException Interceptor added        Signed-off-by: Kent Beck &lt;kent@threeriversinstitute.org&gt;" />
    <versionLog num="187" sha="fb7e47081b37842a814e9f35013b9b12a33b3fc3" author="David Saff &lt;saff@new-host-2.home&gt;" date="Wed May 27 10:55:58 2009 +0800" msg="    No Interceptors class, interceptors turned on by default        Signed-off-by: Kent Beck &lt;kent@threeriversinstitute.org&gt;" />
    <versionLog num="188" sha="5261a76c3014edc93f568ac76e8012d59dc2c831" author="David Saff &lt;saff@new-host-2.home&gt;" date="Wed May 27 10:27:24 2009 +0800" msg="    Using getAnnotatedFields in Interceptors, now correctly        Signed-off-by: Kent Beck &lt;kent@threeriversinstitute.org&gt;" />
    <versionLog num="189" sha="5ccb8e7c1189ac4a248dc2aa2852d1a760937466" author="David Saff &lt;saff@redredrobot.home&gt;" date="Tue May 26 10:03:53 2009 +0800" msg="    All tests pass        Signed-off-by: Kent Beck &lt;kent@threeriversinstitute.org&gt;" />
    <versionLog num="190" sha="798b5549a8a7df9357176d8e67982bf8686fdd51" author="David Saff &lt;saff@new-host-2.home&gt;" date="Wed May 27 10:12:24 2009 +0800" msg="    Remove throws from TestWatchman.starting        Signed-off-by: Kent Beck &lt;kent@threeriversinstitute.org&gt;" />
    <versionLog num="191" sha="356a069f8cbbad2a368fdbc6ceee4e94200e7140" author="David Saff &lt;saff@redredrobot.home&gt;" date="Tue May 26 09:51:47 2009 +0800" msg="    Getting there with FrameworkField, but checking in before everything works, to demo squeezing        Signed-off-by: Kent Beck &lt;kent@threeriversinstitute.org&gt;" />
    <versionLog num="192" sha="b5573b70809bed76a0397bb5bb196b6b2144d3d4" author="David Saff &lt;saff@dhcp-172-31-197-71.cam.corp.google.com&gt;" date="Wed May 13 23:23:02 2009 +0800" msg="    ParallelComputer doesn't have to assume BlockJUnit4Runner anymore        Signed-off-by: Kent Beck &lt;kent@threeriversinstitute.org&gt;" />
    <versionLog num="193" sha="96fd024b563859eee75b68b071cb736026c47ea1" author="David Saff &lt;saff@new-host-3.home&gt;" date="Tue May 12 11:49:06 2009 +0800" msg="    Updated version        Signed-off-by: Kent Beck &lt;kent@threeriversinstitute.org&gt;" />
    <versionLog num="194" sha="26fa0a4207e21f058d220c84f8195ee25943400c" author="David Saff &lt;saff@new-host-2.home&gt;" date="Wed May 27 00:19:49 2009 -0400" msg="    ExpectedException Interceptor added" />
    <versionLog num="195" sha="e6769d4009db8030661815965e2e22829a4619ff" author="David Saff &lt;saff@new-host-2.home&gt;" date="Tue May 26 22:55:58 2009 -0400" msg="    No Interceptors class, interceptors turned on by default" />
    <versionLog num="196" sha="1e54b68d2fe7c4238993b360c7be6fbb05d30528" author="David Saff &lt;saff@new-host-2.home&gt;" date="Tue May 26 22:27:24 2009 -0400" msg="    Using getAnnotatedFields in Interceptors, now correctly" />
    <versionLog num="197" sha="38f920506399298a945ed38e08e18e1dafb62520" author="David Saff &lt;saff@new-host-2.home&gt;" date="Tue May 26 22:12:24 2009 -0400" msg="    Remove throws from TestWatchman.starting" />
    <versionLog num="198" sha="85d42f2ef0ce94448700c90ed99372def66dc2a2" author="David Saff &lt;saff@redredrobot.home&gt;" date="Mon May 25 22:03:53 2009 -0400" msg="    All tests pass" />
    <versionLog num="199" sha="bbcb8f416628bc168a2ed8353a30b4e9647abf6f" author="David Saff &lt;saff@redredrobot.home&gt;" date="Mon May 25 21:51:47 2009 -0400" msg="    Getting there with FrameworkField, but checking in before everything works, to demo squeezing" />
    <versionLog num="200" sha="b3ee106f9f95e1f4093adb505e13a163df77f341" author="David Saff &lt;saff@dhcp-172-31-197-71.cam.corp.google.com&gt;" date="Wed May 13 11:23:02 2009 -0400" msg="    ParallelComputer doesn't have to assume BlockJUnit4Runner anymore" />
    <versionLog num="201" sha="b8640d1e9e642aa6b2f1a2e416fdbbb87f7a4476" author="David Saff &lt;saff@new-host-3.home&gt;" date="Mon May 11 23:49:06 2009 -0400" msg="    Updated version" />
    <versionLog num="202" sha="5eaf0fb09857851e8cf6740d2896705bd2014318" author="David Saff &lt;saff@new-host-3.home&gt;" date="Tue May 12 11:45:01 2009 +0800" msg="    Added TestName Interceptor        Signed-off-by: Kent Beck &lt;kent@threeriversinstitute.org&gt;" />
    <versionLog num="203" sha="7b94e3de5c8eab7e25c8b3be0e822ae6d4175bf0" author="David Saff &lt;saff@new-host-3.home&gt;" date="Tue May 12 11:29:36 2009 +0800" msg="    don't wrap statements for before/after/etc unless there's something to wrap them with.        Signed-off-by: Kent Beck &lt;kent@threeriversinstitute.org&gt;" />
    <versionLog num="204" sha="507e7b1799801409104fa5054b3bc6ac3fe82e7d" author="David Saff &lt;saff@new-host-3.home&gt;" date="Mon May 11 23:45:01 2009 -0400" msg="    Added TestName Interceptor" />
    <versionLog num="205" sha="198df01b7b288e57e222a33c74f8ff98bf518d93" author="David Saff &lt;saff@new-host-3.home&gt;" date="Mon May 11 23:29:36 2009 -0400" msg="    don't wrap statements for before/after/etc unless there's something to wrap them with." />
    <versionLog num="206" sha="f2594e308d784f88715bdc7b9b245b998e947538" author="David Saff &lt;saff@new-host-3.home&gt;" date="Tue May 12 09:38:59 2009 +0800" msg="    Another TODO bites the dust        Signed-off-by: Kent Beck &lt;kent@threeriversinstitute.org&gt;" />
    <versionLog num="207" sha="3bcf273c37bc31e1f13986b02977cadbcd2b5a76" author="David Saff &lt;saff@dhcp-172-31-197-71.cam.corp.google.com&gt;" date="Tue May 12 04:50:19 2009 +0800" msg="    Removing more TODOs        Signed-off-by: Kent Beck &lt;kent@threeriversinstitute.org&gt;" />
    <versionLog num="208" sha="ac837502e0a755850e80bb9feea2071707b5446d" author="David Saff &lt;saff@dhcp-172-31-197-71.cam.corp.google.com&gt;" date="Tue May 12 04:46:15 2009 +0800" msg="    Reduced some visibility where possible        Signed-off-by: Kent Beck &lt;kent@threeriversinstitute.org&gt;" />
    <versionLog num="209" sha="13bda470bfa1fe989ce80d616fb096af1b937146" author="David Saff &lt;saff@dhcp-172-31-197-71.cam.corp.google.com&gt;" date="Tue May 12 04:26:51 2009 +0800" msg="    Make ParallelComputer more beautiful by creating a Decorator    extension point in ParentRunner        Signed-off-by: Kent Beck &lt;kent@threeriversinstitute.org&gt;" />
    <versionLog num="210" sha="8435a2a04e66546490344a028052f648b5f9f213" author="David Saff &lt;saff@dhcp-172-31-197-71.cam.corp.google.com&gt;" date="Tue May 12 04:42:24 2009 +0800" msg="    Removed useless TODOs        Signed-off-by: Kent Beck &lt;kent@threeriversinstitute.org&gt;" />
    <versionLog num="211" sha="d8267a16675047b6b4ba5a94a951fdde2fb70768" author="David Saff &lt;saff@dhcp-172-31-197-71.cam.corp.google.com&gt;" date="Fri May 8 22:35:06 2009 +0800" msg="    Added parallel tests to AllTests        Signed-off-by: Kent Beck &lt;kent@threeriversinstitute.org&gt;" />
    <versionLog num="212" sha="b737131b847c53bb4f1cf6dbf86f586008550eba" author="David Saff &lt;saff@new-host-3.home&gt;" date="Mon May 11 22:54:41 2009 -0400" msg="    Pairing approach to removing duplication from ParallelComputer,    creating RunnerInterceptor." />
    <versionLog num="213" sha="ff2ff9176dfb18887a8e6e463e49b00c6f3acc5f" author="David Saff &lt;saff@new-host-3.home&gt;" date="Mon May 11 21:38:59 2009 -0400" msg="    Another TODO bites the dust" />
    <versionLog num="214" sha="dafc0ed884bbbdba1a7934712c57ed41bc6c9777" author="David Saff &lt;saff@dhcp-172-31-197-71.cam.corp.google.com&gt;" date="Mon May 11 16:50:19 2009 -0400" msg="    Removing more TODOs" />
    <versionLog num="215" sha="73e8fa8187a58a3ad4c96e6d2f010f8d77d723cb" author="David Saff &lt;saff@dhcp-172-31-197-71.cam.corp.google.com&gt;" date="Mon May 11 16:46:15 2009 -0400" msg="    Reduced some visibility where possible" />
    <versionLog num="216" sha="d596c6a0049235c066df055b4a776e8d90991af1" author="David Saff &lt;saff@dhcp-172-31-197-71.cam.corp.google.com&gt;" date="Mon May 11 16:42:24 2009 -0400" msg="    Removed useless TODOs" />
    <versionLog num="217" sha="ad5971c88fb501f007cf1a75200349fb7cbb4b25" author="David Saff &lt;saff@dhcp-172-31-197-71.cam.corp.google.com&gt;" date="Mon May 11 16:26:51 2009 -0400" msg="    Make ParallelComputer more beautiful by creating a Decorator    extension point in ParentRunner" />
    <versionLog num="218" sha="4d6f0702dae590809b808230f027a60aa0a4a345" author="David Saff &lt;saff@dhcp-172-31-197-71.cam.corp.google.com&gt;" date="Fri May 8 10:35:06 2009 -0400" msg="    Added parallel tests to AllTests" />
    <versionLog num="219" sha="79b869efc27dd878bd0c3d73b2a55b4852b309f2" author="David Saff &lt;saff@dhcp-172-31-197-71.cam.corp.google.com&gt;" date="Wed May 6 23:31:30 2009 +0800" msg="    Ignore test for gump (need better long-term solution)        Signed-off-by: Kent Beck &lt;kent@threeriversinstitute.org&gt;" />
    <versionLog num="220" sha="cc84ff1bd98382b0e9483e3be83aef8f02e912ac" author="David Saff &lt;saff@dhcp-172-31-197-71.cam.corp.google.com&gt;" date="Wed May 6 23:23:23 2009 +0800" msg="    starting can throw Exception        Signed-off-by: Kent Beck &lt;kent@threeriversinstitute.org&gt;" />
    <versionLog num="221" sha="441ab8503a4f09a670ac6e7686ace1485583164d" author="David Saff &lt;saff@dhcp-172-31-197-71.cam.corp.google.com&gt;" date="Wed May 6 13:40:40 2009 -0400" msg="    starting() can throw exception" />
    <versionLog num="222" sha="9f1840115193b7d1bc4bc0b2715d762d317689dd" author="David Saff &lt;saff@dhcp-172-31-197-71.cam.corp.google.com&gt;" date="Wed May 6 11:31:30 2009 -0400" msg="    Ignore test for gump (need better long-term solution)" />
    <versionLog num="223" sha="2527d9ad37a797530dbd4b1095d3ddc3f5a7ae19" author="David Saff &lt;saff@dhcp-172-31-197-71.cam.corp.google.com&gt;" date="Wed May 6 11:23:23 2009 -0400" msg="    starting can throw Exception" />
    <versionLog num="224" sha="23865799f82e1de0d053f1bc787ae5a95b329f27" author="David Saff &lt;saff@redredrobot.home&gt;" date="Tue May 5 12:06:57 2009 +0800" msg="    Removed duplication by creating a delegating subclass of ParentRunner,    and introducing temporary ugly public API.        Signed-off-by: Kent Beck &lt;kent@threeriversinstitute.org&gt;" />
    <versionLog num="225" sha="b94a710a62228a54b13309c634047ae3ce77d58e" author="David Saff &lt;saff@redredrobot.home&gt;" date="Tue May 5 11:57:10 2009 +0800" msg="    Updated release notes, and added &quot;Oh, yeah, wow&quot; to the test.        Signed-off-by: Kent Beck &lt;kent@threeriversinstitute.org&gt;" />
    <versionLog num="226" sha="6aa1fb428b0b6de82ca6288863ce7571b0563017" author="David Saff &lt;saff@redredrobot.home&gt;" date="Tue May 5 11:50:04 2009 +0800" msg="    Added a Timeout Interceptor, to apply the same timeout to all methods.        Signed-off-by: Kent Beck &lt;kent@threeriversinstitute.org&gt;" />
    <versionLog num="227" sha="796e723caa0a1f75bb7b48b2454bea633fbf8e4e" author="David Saff &lt;saff@dhcp-172-31-197-71.cam.corp.google.com&gt;" date="Tue May 5 04:38:26 2009 +0800" msg="    Removed duplication in ParallelComputer.  Cure worse than disease?        Signed-off-by: Kent Beck &lt;kent@threeriversinstitute.org&gt;" />
    <versionLog num="228" sha="8b87e991c603ac14265fc3dd66b089c2395cb701" author="David Saff &lt;saff@redredrobot.home&gt;" date="Tue May 5 00:06:57 2009 -0400" msg="    Removed duplication by creating a delegating subclass of ParentRunner,    and introducing temporary ugly public API." />
    <versionLog num="229" sha="219beb35ca3cfe068b45a8e4ee28989a526387dd" author="David Saff &lt;saff@redredrobot.home&gt;" date="Mon May 4 23:57:10 2009 -0400" msg="    Updated release notes, and added &quot;Oh, yeah, wow&quot; to the test." />
    <versionLog num="230" sha="e5a301651a359ed4ce2c1dd81a4a73868b4dddcc" author="David Saff &lt;saff@redredrobot.home&gt;" date="Mon May 4 23:50:04 2009 -0400" msg="    Added a Timeout Interceptor, to apply the same timeout to all methods." />
    <versionLog num="231" sha="b77d9de8e3e2894fc6120c95a8e7766c38912d49" author="David Saff &lt;saff@dhcp-172-31-197-71.cam.corp.google.com&gt;" date="Tue May 5 01:40:44 2009 +0800" msg="    Don't edit Version.java manually.  Really.  I mean it.        Signed-off-by: Kent Beck &lt;kent@threeriversinstitute.org&gt;" />
    <versionLog num="232" sha="31cbeb4f3c141295d0b0703ccff2b2ffbee780f4" author="David Saff &lt;saff@dhcp-172-31-197-71.cam.corp.google.com&gt;" date="Tue May 5 03:47:26 2009 +0800" msg="    arrayEquals is a better name than internalArrayEquals        Signed-off-by: Kent Beck &lt;kent@threeriversinstitute.org&gt;" />
    <versionLog num="233" sha="fdc9cd5ea91f5ae1d7e5991abadd1b3f989626f7" author="David Saff &lt;saff@dhcp-172-31-197-71.cam.corp.google.com&gt;" date="Tue May 5 01:52:47 2009 +0800" msg="    Incorporated James Abbley's patch for ParallelComputer        Signed-off-by: Kent Beck &lt;kent@threeriversinstitute.org&gt;" />
    <versionLog num="234" sha="30a17cfdc3e58d7b0bc9723f86098c2a06a77c23" author="David Saff &lt;saff@dhcp-172-31-197-71.cam.corp.google.com&gt;" date="Tue May 5 01:38:04 2009 +0800" msg="    Linked to blog from release notes        Signed-off-by: Kent Beck &lt;kent@threeriversinstitute.org&gt;" />
    <versionLog num="235" sha="f5a10efbbdffec756bc055710ebf6b8169e9dbca" author="James Abley &lt;jabley@miq-jabley.(none)&gt;" date="Fri May 1 22:42:43 2009 +0800" msg="    remove timeout and try reducing duplication between ParallelSuite and ParallelRunner        Signed-off-by: dsaff &lt;david@saff.net&gt;        Signed-off-by: Kent Beck &lt;kent@threeriversinstitute.org&gt;" />
    <versionLog num="236" sha="000826663788e16d0670edf5b8967f82b9ca551e" author="David Saff &lt;saff@dhcp-172-31-197-71.cam.corp.google.com&gt;" date="Tue May 5 01:27:34 2009 +0800" msg="    Updated version number        Signed-off-by: Kent Beck &lt;kent@threeriversinstitute.org&gt;" />
    <versionLog num="237" sha="bf5199cc461adbd9a17d5a29e16a31e4642de25d" author="David Saff &lt;saff@dhcp-172-31-197-71.cam.corp.google.com&gt;" date="Tue May 5 01:14:30 2009 +0800" msg="    Removed unnecessary @SuppressWarnings        Signed-off-by: Kent Beck &lt;kent@threeriversinstitute.org&gt;" />
    <versionLog num="238" sha="44e2ed65cd904fc03aecd3b0763856009294bdec" author="David Saff &lt;saff@dhcp-172-31-197-71.cam.corp.google.com&gt;" date="Fri May 1 02:52:12 2009 +0800" msg="    Finishing the work of ComparisonCriteria        Signed-off-by: Kent Beck &lt;kent@threeriversinstitute.org&gt;" />
    <versionLog num="239" sha="025ccd132c3f3189bcb7f05c2a189ae403e2c1d6" author="David Saff &lt;saff@dhcp-172-31-197-71.cam.corp.google.com&gt;" date="Thu Apr 30 04:02:24 2009 +0800" msg="    Fix assertArrayEquals(float[], float[]) javadoc        Signed-off-by: Kent Beck &lt;kent@threeriversinstitute.org&gt;" />
    <versionLog num="240" sha="3d08ecc6a661f09520559637794c9a161db90f3d" author="David Saff &lt;saff@dhcp-172-31-197-71.cam.corp.google.com&gt;" date="Mon May 4 16:38:26 2009 -0400" msg="    Removed duplication in ParallelComputer.  Cure worse than disease?" />
    <versionLog num="241" sha="0dc3de7fbcf997ca8465ed9e7793a0b4f730121b" author="David Saff &lt;saff@dhcp-172-31-197-71.cam.corp.google.com&gt;" date="Mon May 4 15:47:26 2009 -0400" msg="    arrayEquals is a better name than internalArrayEquals" />
    <versionLog num="242" sha="d0f619bfbdf4595db3e30fa7a27d7a6fdd08723a" author="David Saff &lt;saff@dhcp-172-31-197-71.cam.corp.google.com&gt;" date="Mon May 4 15:46:46 2009 -0400" msg="    Reverted needless MaxHistory changes" />
    <versionLog num="243" sha="8b507d7908603bf6e36ea9e60921b76eb5923d0f" author="David Saff &lt;saff@dhcp-172-31-197-71.cam.corp.google.com&gt;" date="Mon May 4 13:52:47 2009 -0400" msg="    Incorporated James Abbley's patch for ParallelComputer" />
    <versionLog num="244" sha="015c02e04d940a4bffc6a8e687751c4610db19b8" author="James Abley &lt;jabley@miq-jabley.(none)&gt;" date="Fri May 1 22:42:43 2009 +0800" msg="    remove timeout and try reducing duplication between ParallelSuite and ParallelRunner        Signed-off-by: dsaff &lt;david@saff.net&gt;" />
    <versionLog num="245" sha="a24d1ce6ad8b83c58e0ecb1c9a17897d540d5bd5" author="David Saff &lt;saff@dhcp-172-31-197-71.cam.corp.google.com&gt;" date="Mon May 4 13:40:44 2009 -0400" msg="    Don't edit Version.java manually.  Really.  I mean it." />
    <versionLog num="246" sha="764c97d22e5a71fbfd6e545e6db34b277629da0a" author="David Saff &lt;saff@dhcp-172-31-197-71.cam.corp.google.com&gt;" date="Mon May 4 13:38:04 2009 -0400" msg="    Linked to blog from release notes" />
    <versionLog num="247" sha="233f889671ab856e45e62e266d34b50d395c185c" author="David Saff &lt;saff@dhcp-172-31-197-71.cam.corp.google.com&gt;" date="Mon May 4 13:27:34 2009 -0400" msg="    Updated version number" />
    <versionLog num="248" sha="82dd2b3cf88647a5167e336fc97ea2b2b72432be" author="David Saff &lt;saff@dhcp-172-31-197-71.cam.corp.google.com&gt;" date="Mon May 4 13:14:30 2009 -0400" msg="    Removed unnecessary @SuppressWarnings" />
    <versionLog num="249" sha="11f0abd09655be84d94d3013cf0c46f8239369e6" author="David Saff &lt;saff@dhcp-172-31-197-71.cam.corp.google.com&gt;" date="Thu Apr 30 14:52:12 2009 -0400" msg="    Finishing the work of ComparisonCriteria" />
    <versionLog num="250" sha="e13f8cdc5c3394962fc6eddde235980181b3bb8c" author="KentBeck &lt;kent@threeriversinstitute.org&gt;" date="Thu Apr 30 08:39:29 2009 -0700" msg="    Signed-off-by: KentBeck &lt;kent@threeriversinstitute.org&gt;" />
    <versionLog num="251" sha="c7874453182cde8e7b38cf3ce356d16d3d1dcde8" author="KentBeck &lt;kent@threeriversinstitute.org&gt;" date="Wed Apr 29 14:19:36 2009 -0700" msg="    Fixed error message for malformed JUnit 3.8 test.        Signed-off-by: KentBeck &lt;kent@threeriversinstitute.org&gt;" />
    <versionLog num="252" sha="3d6e99e93d7ba7360bfed1c213114648e8c70849" author="David Saff &lt;saff@dhcp-172-31-197-71.cam.corp.google.com&gt;" date="Wed Apr 29 16:02:52 2009 -0400" msg="    Removed commented-out code" />
    <versionLog num="253" sha="2b9ba5540f5051239a9fde65f195cefc532efadc" author="David Saff &lt;saff@dhcp-172-31-197-71.cam.corp.google.com&gt;" date="Wed Apr 29 16:02:24 2009 -0400" msg="    Fix assertArrayEquals(float[], float[]) javadoc" />
    <versionLog num="254" sha="6c942aec322e039d2c6fc82c4d5c1a63cf6fb244" author="David Saff &lt;saff@new-host-4.home&gt;" date="Wed Apr 29 11:29:50 2009 +0800" msg="    Interceptors and Watchmen, because we're just that cool.        Signed-off-by: Kent Beck &lt;kent@threeriversinstitute.org&gt;" />
    <versionLog num="255" sha="c04b0d3a007c96d53a0c64c110f71ac0d0d53771" author="David Saff &lt;saff@dhcp-172-31-197-71.cam.corp.google.com&gt;" date="Tue Apr 21 04:02:51 2009 +0800" msg="    Fixed AfterClass javadoc        Signed-off-by: Kent Beck &lt;kent@threeriversinstitute.org&gt;" />
    <versionLog num="256" sha="3e06324ab77f9b9f7dbfe60b41324bcea06f7824" author="David Saff &lt;saff@dhcp-172-31-197-71.cam.corp.google.com&gt;" date="Wed Apr 29 04:09:42 2009 +0800" msg="    updated snapshot version        Signed-off-by: Kent Beck &lt;kent@threeriversinstitute.org&gt;" />
    <versionLog num="257" sha="34e4e5ac519422cfa317713271be716c1897d7d1" author="David Saff &lt;saff@dhcp-172-31-197-71.cam.corp.google.com&gt;" date="Tue Apr 21 03:08:34 2009 +0800" msg="    Fix javadoc on Parameterized        Signed-off-by: Kent Beck &lt;kent@threeriversinstitute.org&gt;" />
    <versionLog num="258" sha="ac7a1f1b2cb3ed60f87cc081fe61017f8bb8e93e" author="David Saff &lt;saff@dhcp-172-31-197-71.cam.corp.google.com&gt;" date="Wed Apr 29 04:12:32 2009 +0800" msg="    SuiteClasses is inherited        Signed-off-by: Kent Beck &lt;kent@threeriversinstitute.org&gt;" />
    <versionLog num="259" sha="503a3b0d79d395ae5c05fee40cd4de2b927b7808" author="David Saff &lt;saff@dhcp-172-31-197-71.cam.corp.google.com&gt;" date="Tue Apr 21 03:35:42 2009 +0800" msg="    We're 4.7 now        Signed-off-by: Kent Beck &lt;kent@threeriversinstitute.org&gt;" />
    <versionLog num="260" sha="28d40d93420cacdb4d420b04475bafdc7d89d922" author="David Saff &lt;saff@new-host-4.home&gt;" date="Tue Apr 28 23:29:50 2009 -0400" msg="    Interceptors and Watchmen, because we're just that cool." />
    <versionLog num="261" sha="fd1111ed097e0db6602c2f388d41c7ad817c7f9f" author="David Saff &lt;saff@dhcp-172-31-197-71.cam.corp.google.com&gt;" date="Tue Apr 28 16:12:32 2009 -0400" msg="    SuiteClasses is inherited" />
    <versionLog num="262" sha="c8059f0991a7c85561b851ee8feb3319bd1c11aa" author="David Saff &lt;saff@dhcp-172-31-197-71.cam.corp.google.com&gt;" date="Tue Apr 28 16:09:42 2009 -0400" msg="    updated snapshot version" />
    <versionLog num="263" sha="71ad947417f7e99014a7ffa1b431bbc2f15bfa36" author="David Saff &lt;saff@dhcp-172-31-197-71.cam.corp.google.com&gt;" date="Mon Apr 20 16:02:51 2009 -0400" msg="    Fixed AfterClass javadoc" />
    <versionLog num="264" sha="e5fa2ab32ad21b37d91a4f4173dc31a9bf3717a6" author="David Saff &lt;saff@dhcp-172-31-197-71.cam.corp.google.com&gt;" date="Mon Apr 20 15:35:42 2009 -0400" msg="    We're 4.7 now" />
    <versionLog num="265" sha="f9168cb066a53dc63f7346f6bb3d25a46d0ccbed" author="David Saff &lt;saff@dhcp-172-31-197-71.cam.corp.google.com&gt;" date="Mon Apr 20 15:08:34 2009 -0400" msg="    Fix javadoc on Parameterized" />
    <versionLog num="266" sha="17087303ee4f7f5c801e0d652a7e51a9f5d68297" author="David Saff &lt;saff@dhcp-172-31-197-71.cam.corp.google.com&gt;" date="Mon Apr 20 13:57:25 2009 -0400" msg="    Fixed bug 1812200" />
    <versionLog num="267" sha="912e94cafbc1f7074c39dbbd286a487c7ebe7ace" author="David Saff &lt;saff@dhcp-172-31-197-71.cam.corp.google.com&gt;" date="Sat Apr 18 03:27:26 2009 +0800" msg="    Holy cow, vanilla threads work        Signed-off-by: Kent Beck &lt;kent@threeriversinstitute.org&gt;" />
    <versionLog num="268" sha="0cb606ac2c77a4460bec1efa22a1c8e8d473b11c" author="David Saff &lt;saff@dhcp-172-31-197-71.cam.corp.google.com&gt;" date="Tue Apr 14 21:02:31 2009 +0800" msg="    Removed inane javadoc comment        Signed-off-by: Kent Beck &lt;kent@threeriversinstitute.org&gt;" />
    <versionLog num="269" sha="480b98e7f1bce46382e47fc30db2ef1a98a58b66" author="David Saff &lt;saff@dhcp-172-31-197-71.cam.corp.google.com&gt;" date="Fri Apr 17 15:27:26 2009 -0400" msg="    Holy cow, vanilla threads work" />
    <versionLog num="270" sha="b5e9885854a0d594451800b9127eb50afb645433" author="David Saff &lt;saff@new-host-3.home&gt;" date="Mon Apr 13 22:07:14 2009 -0400" msg="    Revert &quot;Added AfterParameterize and BeforeParameterize to allow methods to run before and after parameterized tests&quot;        This reverts commit 6abd4e65122ac6e3b56cf53a9a7540b61e4e687e.        This should be considered in a branch, not ready for master    on this yet." />
    <versionLog num="271" sha="469dcc78a7610916ffa29e2cefc21f80430df8c0" author="David Saff &lt;saff@new-host-3.home&gt;" date="Tue Apr 14 09:43:51 2009 +0800" msg="    Updated to 4.6 final        Signed-off-by: Kent Beck &lt;kent@threeriversinstitute.org&gt;" />
    <versionLog num="272" sha="ef929258653948dc6d6b2d188a9360fe48c7cb87" author="David Saff &lt;saff@new-host-3.home&gt;" date="Mon Apr 13 21:43:51 2009 -0400" msg="    Updated to 4.6 final" />
    <versionLog num="273" sha="70986438ca98df55899e293a72931fc12bb737d9" author="David Saff &lt;saff@new-host-2.home&gt;" date="Tue Apr 7 10:31:18 2009 +0800" msg="    Last changes with Kent.        Added fixed bugs to Release notes.    Updated version number.    Updated README.html        Signed-off-by: Kent Beck &lt;kent@threeriversinstitute.org&gt;" />
    <versionLog num="274" sha="68e5927ecf49bb21c396c423c3669ada15b7fe1b" author="David Saff &lt;saff@new-host-2.home&gt;" date="Mon Apr 6 22:31:18 2009 -0400" msg="    Last changes with Kent.        Added fixed bugs to Release notes.    Updated version number.    Updated README.html" />
    <versionLog num="275" sha="6abd4e65122ac6e3b56cf53a9a7540b61e4e687e" author="Mike Forsberg &lt;bigmike@io.com&gt;" date="Mon Mar 23 04:13:50 2009 +0800" msg="    Added AfterParameterize and BeforeParameterize to allow methods to run before and after parameterized tests        Signed-off-by: dsaff &lt;david@saff.net&gt;" />
    <versionLog num="276" sha="8e20f520565dc52f5599eafd54b603043bfecbaf" author="David Saff &lt;saff@dhcp-172-31-197-71.cam.corp.google.com&gt;" date="Tue Mar 10 22:44:22 2009 +0800" msg="    Finished release notes, I think        Signed-off-by: Kent Beck &lt;kent@threeriversinstitute.org&gt;" />
    <versionLog num="277" sha="f3c211455b9e09be36e4bf7ccc499fbdd35a527a" author="David Saff &lt;saff@dhcp-172-31-197-71.cam.corp.google.com&gt;" date="Tue Mar 10 10:44:22 2009 -0400" msg="    Finished release notes, I think" />
    <versionLog num="278" sha="95da39292ea777ec3ff99be2bb23d46f704f683a" author="David Saff &lt;saff@new-host.home&gt;" date="Tue Mar 10 11:10:54 2009 +0800" msg="    Got rid of unnecessary forget() method        Signed-off-by: Kent Beck &lt;kent@threeriversinstitute.org&gt;" />
    <versionLog num="279" sha="9a2e993c544a2cd1a0b93c9f59340910f51366b4" author="David Saff &lt;saff@new-host.home&gt;" date="Mon Mar 9 23:10:54 2009 -0400" msg="    Got rid of unnecessary forget() method" />
    <versionLog num="280" sha="d6c79c0f626afd12506b6a5a672cdec84683c3ca" author="David Saff &lt;saff@redredrobot.home&gt;" date="Tue Mar 3 12:49:40 2009 +0800" msg="    Some test edits for release notes, but especially experimenting with MaxComputerTest: can MaxCore be written in terms of the Computer abstraction?        Signed-off-by: Kent Beck &lt;kent@threeriversinstitute.org&gt;" />
    <versionLog num="281" sha="6664bd272c43bcdf00f9ef9ce6f2d73af82036b1" author="David Saff &lt;saff@redredrobot.home&gt;" date="Tue Feb 24 13:00:44 2009 +0800" msg="    Experiment in filtering JUnit 3 warnings through to the command line        Signed-off-by: Kent Beck &lt;kent@threeriversinstitute.org&gt;" />
    <versionLog num="282" sha="474df716f498aa2695c422cceb3e46cad999e972" author="David Saff &lt;saff@redredrobot.home&gt;" date="Mon Mar 2 23:49:40 2009 -0500" msg="    Some test edits for release notes, but especially experimenting with MaxComputerTest: can MaxCore be written in terms of the Computer abstraction?" />
    <versionLog num="283" sha="6eb76c8b08c738823546fe5b935b653951fc773e" author="David Saff &lt;saff@redredrobot.home&gt;" date="Tue Feb 24 00:00:44 2009 -0500" msg="    Experiment in filtering JUnit 3 warnings through to the command line" />
    <versionLog num="284" sha="a20a0181362d470fbfcb1dff865dfb321fe3b8b1" author="David Saff &lt;saff@redredrobot.local&gt;" date="Tue Feb 10 12:17:49 2009 +0800" msg="    Removed misguided fIgnoredDuringRun flag        Signed-off-by: Kent Beck &lt;kent@threeriversinstitute.org&gt;" />
    <versionLog num="285" sha="b0c9945e21e66efcc947b3859f947185a87c59a9" author="David Saff &lt;saff@redredrobot.local&gt;" date="Mon Feb 9 23:17:49 2009 -0500" msg="    Removed misguided fIgnoredDuringRun flag" />
    <versionLog num="286" sha="d9c81356e3a2fbb165c71b32d63d0cc39a1bd861" author="kbeck &lt;kbeck&gt;" date="Wed Jan 28 04:18:38 2009 +0000" msg="    Preparing for 4.6" />
    <versionLog num="287" sha="34dd9f4e2bebbcf694dcb855a29edff9243a10d3" author="kbeck &lt;kbeck&gt;" date="Tue Jan 6 04:02:00 2009 +0000" msg="    Fixed 2191102 and 2196462." />
    <versionLog num="288" sha="90bf3119a6326671cc467386036302cc6040f752" author="kbeck &lt;kbeck&gt;" date="Sat Dec 20 15:36:48 2008 +0000" msg="    Description seems to be heading towards Composite. Added &quot;getTestName&quot;" />
    <versionLog num="289" sha="c12af8eb53b2464efff959b633f4c189caf2f1e7" author="kbeck &lt;kbeck&gt;" date="Sat Nov 22 00:36:54 2008 +0000" msg="    A diff got inserted somehow." />
    <versionLog num="290" sha="421ab330509a53302f56b209595f55b23bfdfc0e" author="dsaff &lt;dsaff&gt;" date="Tue Nov 18 22:52:31 2008 +0000" msg="    Max now runs the right number of tests" />
    <versionLog num="291" sha="41cbbf7e228b8f7908e672a79863ff970316b120" author="dsaff &lt;dsaff&gt;" date="Tue Nov 18 22:51:29 2008 +0000" msg="    Asserting on arrays of doubles" />
    <versionLog num="292" sha="fa6483264ce2530585b374c276c2266d0d0c4ef0" author="kbeck &lt;kbeck&gt;" date="Thu Nov 13 19:32:26 2008 +0000" msg="    closing in on 3.8 multiple run defect" />
    <versionLog num="293" sha="b294a12beffb7952de6aef3198d47f7cd08486d7" author="kbeck &lt;kbeck&gt;" date="Thu Nov 13 19:30:29 2008 +0000" msg="    *** empty log message ***" />
    <versionLog num="294" sha="8d9ac8d65204fe8cd7e1d9146f123a461952bae9" author="kbeck &lt;kbeck&gt;" date="Wed Nov 12 22:17:56 2008 +0000" msg="    Zeroing in on the JUnitMax error where it runs JUnit 3.8 tests multiple times." />
    <versionLog num="295" sha="85578d48f6459a05665329faa9b52a861e9142cb" author="kbeck &lt;kbeck&gt;" date="Thu Nov 6 20:15:27 2008 +0000" msg="    Now sorting tests globally" />
    <versionLog num="296" sha="d6662fcc06ec7b07c696eb703c47d3731e4e11c7" author="kbeck &lt;kbeck&gt;" date="Fri Oct 31 00:24:00 2008 +0000" msg="    Oops, checked in some scaffolding and temporary changes" />
    <versionLog num="297" sha="fab8f0da7e35f0436b80bf5cfe799882b2cb4db5" author="kbeck &lt;kbeck&gt;" date="Tue Oct 28 20:03:43 2008 +0000" msg="    Eclipse isn't quite calling Max just yet. Keep sinning until it does." />
    <versionLog num="298" sha="df48b66e73c740acb15f065eb7a4bad433930891" author="kbeck &lt;kbeck&gt;" date="Tue Oct 28 19:50:31 2008 +0000" msg="    AllTests passes, but Eclipse doesn't cal JUnitCore, so first attempt at dogfooding failed." />
    <versionLog num="299" sha="ce7bda3346278aab6ccebedcd5b8c8d4ab27ba02" author="kbeck &lt;kbeck&gt;" date="Tue Oct 28 19:17:15 2008 +0000" msg="    Persistence for MaxCore" />
    <versionLog num="300" sha="451ca12156d5704809a1feff78a10a9451cd2023" author="kbeck &lt;kbeck&gt;" date="Thu Oct 23 19:38:08 2008 +0000" msg="    Cleaned up MaxCore and the tests" />
    <versionLog num="301" sha="378e17964a4188bad9b3d966207a2f682072148e" author="kbeck &lt;kbeck&gt;" date="Thu Oct 23 18:59:35 2008 +0000" msg="    Better test sorting in MaxCore" />
    <versionLog num="302" sha="a72b0dbef4b01e8ad0b832d9a579dd7fabd5a071" author="kbeck &lt;kbeck&gt;" date="Fri Oct 17 22:35:23 2008 +0000" msg="    Clean up parallel execution naming." />
    <versionLog num="303" sha="cec4a6baf600b8dee3d1318c242a67b56874288a" author="kbeck &lt;kbeck&gt;" date="Tue Sep 9 20:57:17 2008 +0000" msg="    *** empty log message ***" />
    <versionLog num="304" sha="432e3e27df0b072f3bab066cd33214913f4c7f32" author="kbeck &lt;kbeck&gt;" date="Tue Sep 9 20:46:02 2008 +0000" msg="    Run methods and classes in parallel" />
    <versionLog num="305" sha="8c91ac2cb9da29edf75ae22dba1e1aaa60275176" author="kbeck &lt;kbeck&gt;" date="Fri Sep 5 21:00:16 2008 +0000" msg="    Experimenting with parallel execution" />
    <versionLog num="306" sha="3a961b7fd1e7a85b5e293f9e32ea6ced3f361f69" author="dsaff &lt;dsaff&gt;" date="Tue Aug 19 18:54:34 2008 +0000" msg="    Indicate when deprecation is likely to end" />
    <versionLog num="307" sha="68f1e62d7df34bd2781cc7df583db9ba6fea497c" author="kbeck &lt;kbeck&gt;" date="Tue Aug 19 17:59:50 2008 +0000" msg="    Beginnings of data gathering" />
    <versionLog num="308" sha="c4e7dfe1ea2722c7d8a29373744e9a4a4f2f9c66" author="dsaff &lt;dsaff&gt;" date="Mon Aug 18 14:54:26 2008 +0000" msg="    Remove unused imports" />
    <versionLog num="309" sha="829ca4d37671b20df3f2451915aa91c804b7de97" author="dsaff &lt;dsaff&gt;" date="Mon Aug 18 14:52:14 2008 +0000" msg="    Indicated that Before guarantees no particular order." />
    <versionLog num="310" sha="5a7824ae153484cb898c3850aa71b2cadf6f3fcc" author="dsaff &lt;dsaff&gt;" date="Mon Aug 11 20:10:58 2008 +0000" msg="    Non-static BeforeClass test has better name" />
    <versionLog num="311" sha="1c1a6f8020c615c9d723f79a8405e57f1c66ea1e" author="dsaff &lt;dsaff&gt;" date="Mon Aug 11 20:08:18 2008 +0000" msg="    Tagged old version as 4.5.  Docs now say 4.6, and doc'ed a few missing classes" />
    <versionLog num="312" sha="c68a2ac49fac68864fb3e6f3b1a124446bbaaa41" author="dsaff &lt;dsaff&gt;" date="Fri Aug 8 18:06:37 2008 +0000" msg="    This is 4.5." />
    <versionLog num="313" sha="71ce2b015df78f167e4681b097cadc2e0e6655e2" author="dsaff &lt;dsaff&gt;" date="Wed Aug 6 13:29:14 2008 +0000" msg="    JUnit4 runner as a pointer to the current default" />
    <versionLog num="314" sha="a36466e1aed381e2973e5550969474a043879611" author="kbeck &lt;kbeck&gt;" date="Tue Aug 5 17:15:45 2008 +0000" msg="    Cleaned up formatting" />
    <versionLog num="315" sha="3dd6b9fca5ccbd02a4d1cb5c5b3c921e369662a0" author="dsaff &lt;dsaff&gt;" date="Fri Aug 1 15:28:05 2008 +0000" msg="    validation errors in JUnit4ClassRunner are again reported." />
    <versionLog num="316" sha="c5ece65fe537092b9552f0efcca8a1e144ca4182" author="dsaff &lt;dsaff&gt;" date="Fri Aug 1 13:53:42 2008 +0000" msg="    Fixed a javadoc on BlockJUnit4ClassRunner" />
    <versionLog num="317" sha="0b65be5d4d0aaf5867ed414765c0c48ceeb00e18" author="kbeck &lt;kbeck&gt;" date="Thu Jul 31 23:44:19 2008 +0000" msg="    Fixed AfterClass javadoc and added a ValidationTest that appears to already be working in spite of complaints to the contrary." />
    <versionLog num="318" sha="ca6d91f41d566b21b643b013e843732e1315652f" author="dsaff &lt;dsaff&gt;" date="Thu Jul 31 14:57:25 2008 +0000" msg="    Failing assumptions can be listened for." />
    <versionLog num="319" sha="b5bf89de628350e58514421150839318c1338c55" author="dsaff &lt;dsaff&gt;" date="Thu Jul 31 14:29:15 2008 +0000" msg="    Javadoc on FrameworkMethod augmented" />
    <versionLog num="320" sha="50b9c949876189d8c4871471ec346988e4ccae06" author="dsaff &lt;dsaff&gt;" date="Thu Jul 31 14:28:18 2008 +0000" msg="    Better validation in Theories" />
    <versionLog num="321" sha="095d3f8df0708f98d41f5894a892388b6985c44f" author="dsaff &lt;dsaff&gt;" date="Thu Jul 31 14:20:56 2008 +0000" msg="    Validation of constructors that can take parameters, commenting about an exception    that should never occur" />
    <versionLog num="322" sha="a07f1be1bc7eb7f7d757da48d0a3110452cca4d4" author="dsaff &lt;dsaff&gt;" date="Thu Jul 31 13:59:58 2008 +0000" msg="    Cleaned up implementation of Parameterized to better use its Suite subclass, and better validate the test class" />
    <versionLog num="323" sha="94d454a32857d85e08600e38728418863478501c" author="dsaff &lt;dsaff&gt;" date="Thu Jul 31 13:59:26 2008 +0000" msg="    Remove bogus TODO" />
    <versionLog num="324" sha="dd9ee989f3f322c7c6793f95a73b28f3cc11c11e" author="dsaff &lt;dsaff&gt;" date="Thu Jul 31 13:59:08 2008 +0000" msg="    Better name for validateConstructor" />
    <versionLog num="325" sha="b0b34427e9e644868f2b63d40d0556c35e818a63" author="dsaff &lt;dsaff&gt;" date="Wed Jul 30 20:39:27 2008 +0000" msg="    Make sure constructor has no args" />
    <versionLog num="326" sha="30a039854fd7f8cda135222054b247c158b91fa7" author="dsaff &lt;dsaff&gt;" date="Wed Jul 30 20:28:46 2008 +0000" msg="    All javadoc added" />
    <versionLog num="327" sha="5d957024be0d1b181879d48b7915b3b8aad8f5d5" author="dsaff &lt;dsaff&gt;" date="Wed Jul 30 19:23:24 2008 +0000" msg="    TestClass documented, validation logic pushed, almost entirely, to BlockJUnit4ClassRunner, and some holes noted." />
    <versionLog num="328" sha="e07e59eb9d24f6e4fa85dd99f311c1feca6ea983" author="dsaff &lt;dsaff&gt;" date="Wed Jul 30 02:56:52 2008 +0000" msg="    ErrorReportingRunner is not a ParentRunner.  This means that all ParentRunners validate, for sure, during construction." />
    <versionLog num="329" sha="1fcd990f60518c941a44bae2596392021614a20b" author="kbeck &lt;kbeck&gt;" date="Tue Jul 29 18:55:58 2008 +0000" msg="    Javadoc and various cleanup" />
    <versionLog num="330" sha="979e8abbe974e8847668f5887403da78a6165ebc" author="dsaff &lt;dsaff&gt;" date="Tue Jul 29 17:12:00 2008 +0000" msg="    Only one ParentRunner constructor" />
    <versionLog num="331" sha="9a789a40295a91844e4e16afee93d5ff7218951a" author="dsaff &lt;dsaff&gt;" date="Tue Jul 29 17:11:20 2008 +0000" msg="    Publishing TestClass and doc'ing ParentRunner" />
    <versionLog num="332" sha="123432f737b8d6e54937cf9f2e939b1e8f882e76" author="dsaff &lt;dsaff&gt;" date="Wed Jul 23 20:39:42 2008 +0000" msg="    TestClass and ParentRunner presently published proudly.  TestMethod and TestElement die deserved deaths." />
    <versionLog num="333" sha="28124c61f58334eb6dc8e4c024fc346509d03108" author="kbeck &lt;kbeck&gt;" date="Wed Jul 23 16:04:02 2008 +0000" msg="    *** empty log message ***" />
    <versionLog num="334" sha="7a3e99635d7ffcc4d730f27835eeaeb082003199" author="dsaff &lt;dsaff&gt;" date="Wed Jul 23 15:59:22 2008 +0000" msg="    Draft javadoc for review" />
    <versionLog num="335" sha="0b6e837fbf3a02fd28b4930e12cfcf86801b1d75" author="dsaff &lt;dsaff&gt;" date="Tue Jul 22 20:33:24 2008 +0000" msg="    Added 4.5 release notes, and removed two tests" />
    <versionLog num="336" sha="a9815c0f1419e20b6282c3944195083bb38deaa9" author="kbeck &lt;kbeck&gt;" date="Tue Jul 22 17:50:44 2008 +0000" msg="    4.5 release candidate minus javadoc and release notes (surprise, surprise)" />
    <versionLog num="337" sha="c96215c5d025336d8ab1d7d2ab57daee20869cea" author="kbeck &lt;kbeck&gt;" date="Tue Jul 22 17:43:13 2008 +0000" msg="    Preparing for 4.5 release. Published InitializationError and FrameworkMethod. Reverted failed assumptions so they work as in 4.4, counted as passing (later we'll give them their own category or typed events with callback)." />
    <versionLog num="338" sha="8e3f361443ddf8bca21c3db661c75d374fe78dba" author="kbeck &lt;kbeck&gt;" date="Wed Jul 16 00:21:15 2008 +0000" msg="    Refactored to eliminate Notifier and its subclasses. You don't pull your weight around here and you're history." />
    <versionLog num="339" sha="412519b20d4cb96466c03466fa003068e9fb5eca" author="kbeck &lt;kbeck&gt;" date="Thu Jul 10 20:50:01 2008 +0000" msg="    Added FilterableTest to AllTests" />
    <versionLog num="340" sha="29f117914afa33c2538479c785f349daa787bf60" author="kbeck &lt;kbeck&gt;" date="Thu Jul 10 20:48:29 2008 +0000" msg="    Refinement of BlockJUnit4ClassRunner to make it easier to override." />
    <versionLog num="341" sha="e2033a1894451c2b90ab4c43ff1eed0aad3f14ce" author="dsaff &lt;dsaff&gt;" date="Thu Jul 10 20:06:38 2008 +0000" msg="    Remove caching filtered and sorted results, which led to spooky ordering dependencies in ParentRunner" />
    <versionLog num="342" sha="d8b6eb74e0e3466d66c9ff75e55f087c09a959b1" author="kbeck &lt;kbeck&gt;" date="Thu Jul 10 01:02:06 2008 +0000" msg="    Cleaned up ParentRunner in search of the elusive filter bug" />
    <versionLog num="343" sha="0b1337a4536d95480ef94b27310cde48a552d634" author="kbeck &lt;kbeck&gt;" date="Wed Jul 9 21:01:39 2008 +0000" msg="    Added failed test for filtering" />
    <versionLog num="344" sha="96d7dd609920deb1336cf85dc6c9a3a0d5e30d15" author="kbeck &lt;kbeck&gt;" date="Tue Jul 1 18:29:54 2008 +0000" msg="    Reorganizing visibility to publish BlockJUnit4ClassRunner and friends. Not sure if this is done. Check with Structure 101?" />
    <versionLog num="345" sha="eb2750d861ac1ecf2dbd0425e457fe833468a169" author="kbeck &lt;kbeck&gt;" date="Tue Jul 1 17:01:37 2008 +0000" msg="    Added Johannes Link's test for running subclasses of Suite" />
    <versionLog num="346" sha="8c61443793e4c2e90a4056ee528c3880febb53d2" author="dsaff &lt;dsaff&gt;" date="Thu Jun 26 15:20:39 2008 +0000" msg="    Move deprecated classes back where they used to be." />
    <versionLog num="347" sha="3ef1b3ac5d45cd0023afc18739aadf4f15b9d80c" author="kbeck &lt;kbeck&gt;" date="Thu Jun 26 13:55:23 2008 +0000" msg="    Turned off javadoc and deprecated warnings and deleted java.hprof.txt." />
    <versionLog num="348" sha="0c8452532da8f8e9d5ccc737f3cc7e95f65df160" author="kbeck &lt;kbeck&gt;" date="Thu Jun 26 13:39:13 2008 +0000" msg="    Added protected Suite(Class&lt;?&gt; klass, Class&lt;?&gt;[] suiteClasses) to support ClasspathSuite. This still needs a test." />
    <versionLog num="349" sha="9bd1be07aa38d7fa2de048845f7b13458c9420d7" author="dsaff &lt;dsaff&gt;" date="Tue Jun 24 16:34:19 2008 +0000" msg="    Parallelize Statement builder methods in BlockJUnit4ClassRunner" />
    <versionLog num="350" sha="078e45bd31a9920e00633ad6ce658e22529304f2" author="kbeck &lt;kbeck&gt;" date="Mon Jun 16 17:52:02 2008 +0000" msg="    Brought in old JUnit4ClassRunner for compatibility. Renamed new JUnit4ClassRunner to BlockJUnit4ClassRunner." />
    <versionLog num="351" sha="f49fb25b6fbffcc7a68b28824ed3856ffa9d6fdd" author="dsaff &lt;dsaff&gt;" date="Tue Jun 10 19:50:14 2008 +0000" msg="    Javadoc for JUnitMatchers, final missing javadoc" />
    <versionLog num="352" sha="5c61adf678d0f736846e95cf7062b9102a51afa9" author="kbeck &lt;kbeck&gt;" date="Tue Jun 10 18:08:34 2008 +0000" msg="    Half done doc'ing JUnitMatchers" />
    <versionLog num="353" sha="23ce44aec824a38dc117fee49a79d52d9cd83522" author="dsaff &lt;dsaff&gt;" date="Tue Jun 10 17:47:29 2008 +0000" msg="    Finish javadoc" />
    <versionLog num="354" sha="99b37a20e91078d3f0cc641e4dbfc4ad4cac1e4e" author="kbeck &lt;kbeck&gt;" date="Tue Jun 10 17:45:57 2008 +0000" msg="    *** empty log message ***" />
    <versionLog num="355" sha="65ff7563cc41bc7158d05e69ea0e1ec7bc0f6bd5" author="dsaff &lt;dsaff&gt;" date="Mon Jun 9 15:19:20 2008 +0000" msg="    Finishing javadoc for org.junit.runner.*" />
    <versionLog num="356" sha="f691c8f29653e75a8bac5e7bec1861e948966978" author="dsaff &lt;dsaff&gt;" date="Tue Jun 3 17:14:15 2008 +0000" msg="    Javadocs for three more classes" />
    <versionLog num="357" sha="3a7fe9fb7714a890a307ff6d7695e70548ebc457" author="dsaff &lt;dsaff&gt;" date="Tue Jun 3 16:16:52 2008 +0000" msg="    Added profile task to build.xml" />
    <versionLog num="358" sha="217bb1bf62aafc466cb5ee794983e589513650fb" author="dsaff &lt;dsaff&gt;" date="Thu May 29 13:32:06 2008 +0000" msg="    org.junit base package all javadoc'ed" />
    <versionLog num="359" sha="56dcf5286f5bbb90532f39d407e12e4255670fb9" author="dsaff &lt;dsaff&gt;" date="Thu May 29 13:31:06 2008 +0000" msg="    Remove Assume.fail, which is uncalled" />
    <versionLog num="360" sha="6b182284c1a0452cf175852f2c808b08167c2f72" author="dsaff &lt;dsaff&gt;" date="Thu May 29 13:30:13 2008 +0000" msg="    If there are no data points that pass the assumption, the test fails." />
    <versionLog num="361" sha="ef32d036d0ff96328f622942514ca73b5f69556d" author="kbeck &lt;kbeck&gt;" date="Tue May 13 18:03:51 2008 +0000" msg="    Adding javadoc. Move Enclosed to experimental." />
    <versionLog num="362" sha="b5a8d4e8e57d494ddebf3d3792ff883cee7d83f6" author="dsaff &lt;dsaff&gt;" date="Mon May 12 15:48:18 2008 +0000" msg="    Fixed test" />
    <versionLog num="363" sha="98555e6c5b77b59017eeaa6b54f65c1717c16b72" author="dsaff &lt;dsaff&gt;" date="Mon May 12 15:48:00 2008 +0000" msg="    JavaDoc cleanup" />
    <versionLog num="364" sha="ae725a017f8193955719e373352caa20278ddee4" author="dsaff &lt;dsaff&gt;" date="Mon May 12 15:46:26 2008 +0000" msg="    Javadoc cleanup" />
    <versionLog num="365" sha="b521f9fbcc141e0a0925eaf5a0fd7f5285fa527c" author="kbeck &lt;kbeck&gt;" date="Wed May 7 00:32:09 2008 +0000" msg="    Cleaned up javadoc and ant build problems." />
    <versionLog num="366" sha="d61e2885bfae9add429f42d9ce0d9bc8c3ef72b0" author="kbeck &lt;kbeck&gt;" date="Tue May 6 16:42:11 2008 +0000" msg="    Adding javadoc and tweaking visibility." />
    <versionLog num="367" sha="d9c908b9aab5f610e2f42aba1863ce25e36423f2" author="dsaff &lt;dsaff&gt;" date="Mon Apr 7 17:59:21 2008 +0000" msg="    API clean-up before 4.5 release" />
    <versionLog num="368" sha="37a611801fbea6ecc9b6356d9616e761c8b59b91" author="dsaff &lt;dsaff&gt;" date="Thu Mar 20 22:53:19 2008 +0000" msg="    Theory failures show names of sources, not values" />
    <versionLog num="369" sha="67e3edf20613b1278f4be05353b31b5129e21882" author="dsaff &lt;dsaff&gt;" date="Wed Mar 19 02:57:33 2008 +0000" msg="    Broke out runner construction into a list of RunnerBuilders" />
    <versionLog num="370" sha="6ff2381af213bf699e62244315debec66b373d81" author="kbeck &lt;kbeck&gt;" date="Thu Feb 14 21:37:51 2008 +0000" msg="    Found a final home for runBefores() and runAfters()" />
    <versionLog num="371" sha="54af3dfcf6f61839cb2d531a28fc0395cdcdb790" author="kbeck &lt;kbeck&gt;" date="Tue Feb 5 22:16:01 2008 +0000" msg="    Cleaned up TestElement" />
    <versionLog num="372" sha="a90f320bbb189f07ff2fca81a9b5e4e0c8381978" author="kbeck &lt;kbeck&gt;" date="Tue Feb 5 22:06:47 2008 +0000" msg="    Fixed 1857283, assertEquals(null, &quot;null)" />
    <versionLog num="373" sha="47114275293f28be0f1cb9606a43ef1fe3173cb3" author="dsaff &lt;dsaff&gt;" date="Fri Jan 25 16:51:18 2008 +0000" msg="    Added assumption to TheoriesPerformanceTest, to prevent continuous integration from breaking on other boxes." />
    <versionLog num="374" sha="5042f695491027730cca2918616399d869de3973" author="dsaff &lt;dsaff&gt;" date="Fri Jan 25 14:11:31 2008 +0000" msg="    By passing TestClass to AllMembersSupplier, we can reuse the annotation parsing already supplied, and improve performance" />
    <versionLog num="375" sha="752727de89a6bab731f49597c7ec3858ebb3e0a3" author="dsaff &lt;dsaff&gt;" date="Fri Jan 25 13:51:07 2008 +0000" msg="    Exceptions are expensive to create if we don't plan to throw them (the stack trace is always filled in)" />
    <versionLog num="376" sha="4f405a49eba4822fbdda0c9415d2dc4fd82fb14b" author="dsaff &lt;dsaff&gt;" date="Fri Jan 25 13:49:59 2008 +0000" msg="    By passing TestClass to AllMembersSupplier, we can reuse the annotation parsing already supplied, and improve performance" />
    <versionLog num="377" sha="cde32fb62ad8f5a05d700ce3189e131fa51739cb" author="dsaff &lt;dsaff&gt;" date="Mon Jan 21 20:35:00 2008 +0000" msg="    Theories are a lot faster, by caching the @Before and @After methods and sharing them between all Theory method invocations." />
    <versionLog num="378" sha="9f52d1c93e0f8246ab5430007107e0c2599563dd" author="dsaff &lt;dsaff&gt;" date="Wed Jan 16 15:38:11 2008 +0000" msg="    Simplified addToAnnotationList" />
    <versionLog num="379" sha="74fe2493715dfe5b7d408411ce5d63a17398db48" author="dsaff &lt;dsaff&gt;" date="Thu Jan 10 05:22:13 2008 +0000" msg="    Profiling a JUnit 4.4 suite shows that getAnnotatedMethods accounts for at least 13% of running time (all running time, including user test code!)  This is a fix" />
    <versionLog num="380" sha="af9634a3656bcd9c3988692c32381d0772077584" author="dsaff &lt;dsaff&gt;" date="Thu Jan 10 04:59:22 2008 +0000" msg="    Organized classes and methods for reporting ignored and invalid tests" />
    <versionLog num="381" sha="c732aa178a822671d3de88e5ece05f9bf464172b" author="dsaff &lt;dsaff&gt;" date="Thu Jan 10 04:52:51 2008 +0000" msg="    Remove unnecessary code, and document Suite constructors" />
    <versionLog num="382" sha="497ebf11c284bcc2b32eecc4a063589b4f17d250" author="dsaff &lt;dsaff&gt;" date="Thu Jan 10 04:26:23 2008 +0000" msg="    Rename testFailedAssumption to testInvalidAssumption, and update documentation" />
    <versionLog num="383" sha="d148bce8682505082a3cc634acbd36ac13a10c9a" author="dsaff &lt;dsaff&gt;" date="Thu Jan 10 04:12:53 2008 +0000" msg="    A SuiteBuilder can be explicitly passed to a Runner class that needs one in its constructor.  This eliminates the ugly global constant SuiteBuilder in Suite, and breaks the cyclic dependency between runners and requests" />
    <versionLog num="384" sha="a916d4133c7e394130d7953da427aae9917ab92c" author="dsaff &lt;dsaff&gt;" date="Thu Jan 10 03:32:15 2008 +0000" msg="    Invalid assumptions, failed tests, and ignored tests now all print similarly" />
    <versionLog num="385" sha="4dcf3a499652b3c089d91e209c6f01313115ff76" author="dsaff &lt;dsaff&gt;" date="Fri Jan 4 18:31:45 2008 +0000" msg="    Found untested line" />
    <versionLog num="386" sha="1fb24143dc38d0b00f7e7b13b23e6619cc216f9b" author="dsaff &lt;dsaff&gt;" date="Sun Dec 30 22:02:05 2007 +0000" msg="    Assumption failures and ignore are different events" />
    <versionLog num="387" sha="58d1b6209b82451ff54f443bd265eef96135bca0" author="dsaff &lt;dsaff&gt;" date="Fri Dec 28 19:48:32 2007 +0000" msg="    Remove unnecessary @SuppressWarnings" />
    <versionLog num="388" sha="e37e11647893739777a7b4739822def1aa996ba3" author="dsaff &lt;dsaff&gt;" date="Fri Dec 28 19:48:09 2007 +0000" msg="    Added TODO to remove cyclic dependency" />
    <versionLog num="389" sha="18299dc8f8aaae0e64345795b2884eb7f42ad460" author="dsaff &lt;dsaff&gt;" date="Fri Dec 28 19:47:37 2007 +0000" msg="    Assignments depends on TestClass, rather than directly on java.lang.Class" />
    <versionLog num="390" sha="248bdb8248d80ac57d8b485ef73e758103a0c312" author="dsaff &lt;dsaff&gt;" date="Sun Dec 16 02:46:45 2007 +0000" msg="    Slight organization in Suite" />
    <versionLog num="391" sha="b067fc9b47471e5b3561b545cb63ea1ec892922d" author="dsaff &lt;dsaff&gt;" date="Sun Dec 16 02:29:10 2007 +0000" msg="    Pushed down call to getParametersList to the lowest point possible" />
    <versionLog num="392" sha="7ceaea00ee1af6168d737b785460a803d6f3c50c" author="dsaff &lt;dsaff&gt;" date="Thu Dec 13 07:57:28 2007 +0000" msg="    Remove some anemic Request implementations" />
    <versionLog num="393" sha="b8008562db24f9189b90dd0e3864a381681d527f" author="dsaff &lt;dsaff&gt;" date="Thu Dec 13 07:45:29 2007 +0000" msg="    Sort members of Suite" />
    <versionLog num="394" sha="09fcafc04e07b3481ef60159de2d6ae3464b98ac" author="dsaff &lt;dsaff&gt;" date="Thu Dec 13 07:44:57 2007 +0000" msg="    Make ParentRunner.fTestClass private" />
    <versionLog num="395" sha="5af049cac0c976c586d955607fa459aacb778d3c" author="dsaff &lt;dsaff&gt;" date="Thu Dec 13 07:43:48 2007 +0000" msg="    Remove unnecessary comments" />
    <versionLog num="396" sha="5e4f8e7fb82919d992887fca1741bb04ef1c8f4a" author="dsaff &lt;dsaff&gt;" date="Thu Dec 13 07:43:13 2007 +0000" msg="    New Suite implementation makes ClassesRequest crazy simple" />
    <versionLog num="397" sha="9c8d59d9869280a698c3f3a119eb69f0e897c94b" author="dsaff &lt;dsaff&gt;" date="Thu Dec 13 06:35:44 2007 +0000" msg="    Remove CompositeRunner, which has nothing to add to Suite" />
    <versionLog num="398" sha="95bd62b2ffd80394d1a17e9078a4d79478423030" author="dsaff &lt;dsaff&gt;" date="Thu Dec 13 06:35:04 2007 +0000" msg="    Start separating the idea of failed assumptions from ignored tests" />
    <versionLog num="399" sha="e727dd6b1cb2caa1699da3b2df7625c9554adc36" author="dsaff &lt;dsaff&gt;" date="Thu Dec 13 06:34:26 2007 +0000" msg="    Remove unnecessary SuppressWarnings" />
    <versionLog num="400" sha="163b0fe01b06f9993a03049c4aecad4ea5d04814" author="kbeck &lt;kbeck&gt;" date="Tue Dec 11 20:40:13 2007 +0000" msg="    Removed unnecessary null check" />
    <versionLog num="401" sha="478900d7d7af563a3b75b6ca9d7d44e37e2aff5b" author="kbeck &lt;kbeck&gt;" date="Mon Dec 10 19:31:40 2007 +0000" msg="    Steps towards eliminating CompositeRunner" />
    <versionLog num="402" sha="65e9f226760647823a2d4b08bc4d2317ab62fc7d" author="dsaff &lt;dsaff&gt;" date="Mon Dec 10 18:57:12 2007 +0000" msg="    Added TODOs to finish 4.5" />
    <versionLog num="403" sha="9e4dcfe471791bb3aada80810bcbaf6c8b9cd068" author="dsaff &lt;dsaff&gt;" date="Mon Dec 10 18:39:41 2007 +0000" msg="    Extracted parent logic into a SuiteBuilder class" />
    <versionLog num="404" sha="56ac86372fa1ff9b3840ffdbfd30106f10c203a5" author="dsaff &lt;dsaff&gt;" date="Mon Dec 10 18:39:11 2007 +0000" msg="    Added TODO about statically ignored tests" />
    <versionLog num="405" sha="42beed3ad166a9cceefc59f6c79a16844cae0d02" author="dsaff &lt;dsaff&gt;" date="Mon Dec 10 18:38:41 2007 +0000" msg="    ParentRunner handles filtering and sorting for all runners, now including CompositeRunner" />
    <versionLog num="406" sha="8964b10541f840e559a3308a043b64a8c1f6af57" author="dsaff &lt;dsaff&gt;" date="Mon Dec 10 18:37:55 2007 +0000" msg="    Removed unnecessary SuppressWarnings" />
    <versionLog num="407" sha="840b02e455b1da9741ea02160160acd6d63865d2" author="dsaff &lt;dsaff&gt;" date="Sat Dec 8 19:49:51 2007 +0000" msg="    FrameworkMethod now obeys object contract" />
    <versionLog num="408" sha="7fe2a0e69eaa06c445238906739c4d05503973cc" author="dsaff &lt;dsaff&gt;" date="Sat Dec 8 19:45:41 2007 +0000" msg="    Remove stale TODO" />
    <versionLog num="409" sha="1e4a3ba03cca7cfc03b2565952f74d2ae964facc" author="dsaff &lt;dsaff&gt;" date="Sat Dec 8 19:36:58 2007 +0000" msg="    A method marked @Theory and @Test should only be executed once" />
    <versionLog num="410" sha="03411db6286fe1be8e5b549a8affec5de35fa10c" author="dsaff &lt;dsaff&gt;" date="Sat Dec 8 19:36:13 2007 +0000" msg="    Remove stale TODO comments" />
    <versionLog num="411" sha="0fa19baf003c5808831c59f8a839cc871586f30e" author="dsaff &lt;dsaff&gt;" date="Fri Dec 7 19:14:40 2007 +0000" msg="    Small runner definition cleanup" />
    <versionLog num="412" sha="44fabd25eb7d8c5291094b033007c32b7a1b8da2" author="dsaff &lt;dsaff&gt;" date="Fri Dec 7 19:06:00 2007 +0000" msg="    Reorganize ParentRunner and children" />
    <versionLog num="413" sha="2a6d6365c593149da094d7512028a2d008ea6cff" author="dsaff &lt;dsaff&gt;" date="Fri Dec 7 19:05:27 2007 +0000" msg="    Use single-arg assumptionFailureException constructor to beautify reporting" />
    <versionLog num="414" sha="ea47086066445ba537d1573fd7458de8875d6c45" author="dsaff &lt;dsaff&gt;" date="Fri Dec 7 18:52:01 2007 +0000" msg="    Allow AssumptionFailedExceptions to have a simple, string based reason" />
    <versionLog num="415" sha="8a8008c96936d468a2f579bcea9a71e965558d57" author="dsaff &lt;dsaff&gt;" date="Fri Dec 7 18:44:09 2007 +0000" msg="    Ignored tests should be shown differently in stack trace section of report" />
    <versionLog num="416" sha="da9a91f77d9e3045b2692afb4fe9fc12eeb8a93f" author="dsaff &lt;dsaff&gt;" date="Fri Dec 7 18:43:47 2007 +0000" msg="    Remove duplication in test logic" />
    <versionLog num="417" sha="a7c07de664a4562c3ff171102729f06a5f572d9b" author="dsaff &lt;dsaff&gt;" date="Fri Dec 7 18:43:03 2007 +0000" msg="    Remove duplication between printing failures and ignorances" />
    <versionLog num="418" sha="0d6cd750d53486f01f12ddfee8657d94b5940574" author="dsaff &lt;dsaff&gt;" date="Fri Dec 7 18:42:28 2007 +0000" msg="    Remove old todo" />
    <versionLog num="419" sha="5ca9ec43b61e5353296c69a307cd7b71e630b2e0" author="dsaff &lt;dsaff&gt;" date="Fri Dec 7 18:28:27 2007 +0000" msg="    Don't need to pass instance in to calculate values" />
    <versionLog num="420" sha="70fcf98c69eace2e6cc6dc37b54e70fe57c490f1" author="dsaff &lt;dsaff&gt;" date="Fri Dec 7 18:27:49 2007 +0000" msg="    Improve description of hasFailureContaining" />
    <versionLog num="421" sha="4d1d0bb9ee6926b5a85ebc2ad077eb31f94e1181" author="dsaff &lt;dsaff&gt;" date="Fri Dec 7 17:53:27 2007 +0000" msg="    if DataPoints annotation present on a field, and looking for Object parameter, interpret as array, not object" />
    <versionLog num="422" sha="1796fa2ddd8ab6e2551d40b1b1a63cd954837b19" author="dsaff &lt;dsaff&gt;" date="Fri Dec 7 17:45:07 2007 +0000" msg="    Suite is again a CompositeRunner" />
    <versionLog num="423" sha="9ba0d7a6ada9742d3f7a721cfab09c29e80ca39d" author="dsaff &lt;dsaff&gt;" date="Fri Dec 7 17:44:39 2007 +0000" msg="    Complain if class has more than one constructor" />
    <versionLog num="424" sha="23415d78793163c399ec376bed6c72cc86d885e3" author="dsaff &lt;dsaff&gt;" date="Fri Dec 7 17:44:01 2007 +0000" msg="    Complete moving filtering and sorting to ParentRunner" />
    <versionLog num="425" sha="4892e000aa5b890795b5082f636d6623b6f3820d" author="dsaff &lt;dsaff&gt;" date="Fri Dec 7 16:57:39 2007 +0000" msg="    Inline invokeWithActualParameters" />
    <versionLog num="426" sha="75f789242bd1859cf6798c3c49f45a9216ff553f" author="dsaff &lt;dsaff&gt;" date="Fri Dec 7 16:55:10 2007 +0000" msg="    Removed nascent category implementation" />
    <versionLog num="427" sha="3a791ec79fff66aebc332fe4e4cbf626e39bd3d3" author="dsaff &lt;dsaff&gt;" date="Fri Dec 7 16:54:31 2007 +0000" msg="    - Organize ParentRunner better" />
    <versionLog num="428" sha="77ecd2119d3124b72935038effffadf7b98eccd9" author="dsaff &lt;dsaff&gt;" date="Fri Dec 7 16:36:33 2007 +0000" msg="    Properly handles ignore notifications from inside a started/ended block" />
    <versionLog num="429" sha="647e9ff7881d796ea6b87472e3c1bd40e2e19c76" author="dsaff &lt;dsaff&gt;" date="Fri Dec 7 16:36:05 2007 +0000" msg="    Removed old TODO comment" />
    <versionLog num="430" sha="4dd7049a053dec125afbfd40ed05a5124d94aa9a" author="dsaff &lt;dsaff&gt;" date="Fri Dec 7 16:35:49 2007 +0000" msg="    Moved TestMethodElement into proper package" />
    <versionLog num="431" sha="f06b01dcd0b9b0be4f0bd62eaf00b5cc3b0f8a65" author="dsaff &lt;dsaff&gt;" date="Fri Dec 7 16:35:00 2007 +0000" msg="    Indicate reason when a class is ignored" />
    <versionLog num="432" sha="9a5dfd996ab7007994fcf60752441835dbdbb5d0" author="dsaff &lt;dsaff&gt;" date="Fri Dec 7 16:34:18 2007 +0000" msg="    Moved InitializationError into proper package" />
    <versionLog num="433" sha="2b56dbb49ba6595e54baa0285b76ddaae35f0c33" author="dsaff &lt;dsaff&gt;" date="Fri Dec 7 16:33:31 2007 +0000" msg="    Moved Ignorance into proper package" />
    <versionLog num="434" sha="81ef67251efba98fd6bb1065e9ab97c102dbcc24" author="dsaff &lt;dsaff&gt;" date="Fri Dec 7 16:32:57 2007 +0000" msg="    No matching parameters is now an assumption failure, not an assertion failure" />
    <versionLog num="435" sha="b52e4af4eb7b26619e1d80537952aed7276766cb" author="dsaff &lt;dsaff&gt;" date="Fri Dec 7 16:31:54 2007 +0000" msg="    Remove" />
    <versionLog num="436" sha="1e2c9d6451e587981d7be7a1a01dd5f3a722ca4d" author="dsaff &lt;dsaff&gt;" date="Fri Dec 7 16:31:40 2007 +0000" msg="    Added Assume.fail" />
  </LogInfo>
</Project>

