  


<!DOCTYPE html>
<html>
  <head prefix="og: http://ogp.me/ns# fb: http://ogp.me/ns/fb# githubog: http://ogp.me/ns/fb/githubog#">
    <meta charset='utf-8'>
    <meta http-equiv="X-UA-Compatible" content="IE=edge">
        <title>SkyscrapAR/data/junit.xml at master Â· ah-itagile/SkyscrapAR</title>
    <link rel="search" type="application/opensearchdescription+xml" href="/opensearch.xml" title="GitHub" />
    <link rel="fluid-icon" href="https://github.com/fluidicon.png" title="GitHub" />
    <link rel="apple-touch-icon" sizes="57x57" href="/apple-touch-icon-114.png" />
    <link rel="apple-touch-icon" sizes="114x114" href="/apple-touch-icon-114.png" />
    <link rel="apple-touch-icon" sizes="72x72" href="/apple-touch-icon-144.png" />
    <link rel="apple-touch-icon" sizes="144x144" href="/apple-touch-icon-144.png" />
    <link rel="logo" type="image/svg" href="http://github-media-downloads.s3.amazonaws.com/github-logo.svg" />
    <link rel="xhr-socket" href="/_sockets" />


    <meta name="msapplication-TileImage" content="/windows-tile.png" />
    <meta name="msapplication-TileColor" content="#ffffff" />
    <meta name="selected-link" value="repo_source" data-pjax-transient />

    
    
    <link rel="icon" type="image/x-icon" href="/favicon.ico" />

    <meta content="authenticity_token" name="csrf-param" />
<meta content="T76uidQr8W9b3xYtCXdWh78Qfzr0tspicVaWKaXIHZw=" name="csrf-token" />

    <link href="https://a248.e.akamai.net/assets.github.com/assets/github-d5919c2c85462b6c3d5b24d94361e0cfe7c6d3c1.css" media="all" rel="stylesheet" type="text/css" />
    <link href="https://a248.e.akamai.net/assets.github.com/assets/github2-c199e1478f7546c043f0929b27d7f1688483a16d.css" media="all" rel="stylesheet" type="text/css" />
    


      <script src="https://a248.e.akamai.net/assets.github.com/assets/frameworks-92d138f450f2960501e28397a2f63b0f100590f0.js" type="text/javascript"></script>
      <script src="https://a248.e.akamai.net/assets.github.com/assets/github-f75da9e48705cfee1b7cdfa70be8761b36a4b55f.js" type="text/javascript"></script>
      
      <meta http-equiv="x-pjax-version" content="8f1f439b8bc49e5eed8ce8d6b2168bf4">

        <link data-pjax-transient rel='permalink' href='/ah-itagile/SkyscrapAR/blob/b0a161c79bb727f030dcc986316f4112959b00fd/data/junit.xml'>
    <meta property="og:title" content="SkyscrapAR"/>
    <meta property="og:type" content="githubog:gitrepository"/>
    <meta property="og:url" content="https://github.com/ah-itagile/SkyscrapAR"/>
    <meta property="og:image" content="https://secure.gravatar.com/avatar/a46c4633b15d89ee7a38155dcdf075ab?s=420&amp;d=https://a248.e.akamai.net/assets.github.com%2Fimages%2Fgravatars%2Fgravatar-user-420.png"/>
    <meta property="og:site_name" content="GitHub"/>
    <meta property="og:description" content="SkyscrapAR - Software visualization with augmented reality"/>
    <meta property="twitter:card" content="summary"/>
    <meta property="twitter:site" content="@GitHub">
    <meta property="twitter:title" content="ah-itagile/SkyscrapAR"/>

    <meta name="description" content="SkyscrapAR - Software visualization with augmented reality" />

      <meta name="robots" content="noindex, nofollow">
  <link href="https://github.com/ah-itagile/SkyscrapAR/commits/master.atom" rel="alternate" title="Recent Commits to SkyscrapAR:master" type="application/atom+xml" />

  </head>


  <body class="logged_in page-blob windows vis-public fork env-production  ">
    <div id="wrapper">

      

      
      
      

      <div class="header header-logged-in true">
  <div class="container clearfix">

    <a class="header-logo-invertocat" href="https://github.com/">
  <span class="mega-icon mega-icon-invertocat"></span>
</a>

    <div class="divider-vertical"></div>

      <a href="/notifications" class="notification-indicator tooltipped downwards" title="You have no unread notifications">
    <span class="mail-status all-read"></span>
  </a>
  <div class="divider-vertical"></div>


      <div class="command-bar js-command-bar  in-repository">
          <form accept-charset="UTF-8" action="/search" class="command-bar-form" id="top_search_form" method="get">
  <a href="/search/advanced" class="advanced-search-icon tooltipped downwards command-bar-search" id="advanced_search" title="Advanced search"><span class="mini-icon mini-icon-advanced-search "></span></a>

  <input type="text" data-hotkey="/ s" name="q" id="js-command-bar-field" placeholder="Search or type a command" tabindex="1" data-username="Helgeb" autocapitalize="off">

    <input type="hidden" name="nwo" value="ah-itagile/SkyscrapAR" />

    <div class="select-menu js-menu-container js-select-menu search-context-select-menu">
      <span class="minibutton select-menu-button js-menu-target">
        <span class="js-select-button">This repository</span>
      </span>

      <div class="select-menu-modal-holder js-menu-content js-navigation-container">
        <div class="select-menu-modal">

          <div class="select-menu-item js-navigation-item selected">
            <span class="select-menu-item-icon mini-icon mini-icon-confirm"></span>
            <input type="radio" name="search_target" value="repository" checked="checked" />
            <div class="select-menu-item-text js-select-button-text">This repository</div>
          </div> <!-- /.select-menu-item -->

          <div class="select-menu-item js-navigation-item">
            <span class="select-menu-item-icon mini-icon mini-icon-confirm"></span>
            <input type="radio" name="search_target" value="global" />
            <div class="select-menu-item-text js-select-button-text">All repositories</div>
          </div> <!-- /.select-menu-item -->

        </div>
      </div>
    </div>

  <span class="mini-icon help tooltipped downwards" title="Show command bar help">
    <span class="mini-icon mini-icon-help"></span>
  </span>

    <input type="hidden" name="type" value="Code" />

  <input type="hidden" name="ref" value="cmdform">

  <div class="divider-vertical"></div>

    <input type="hidden" class="js-repository-name-with-owner" value="ah-itagile/SkyscrapAR"/>
    <input type="hidden" class="js-repository-branch" value="master"/>
    <input type="hidden" class="js-repository-tree-sha" value="5868aa215de39a023d885562e198594af2519010"/>
</form>
        <ul class="top-nav">
            <li class="explore"><a href="https://github.com/explore">Explore</a></li>
            <li><a href="https://gist.github.com">Gist</a></li>
            <li><a href="/blog">Blog</a></li>
          <li><a href="http://help.github.com">Help</a></li>
        </ul>
      </div>

    

  

    <ul id="user-links">
      <li>
        <a href="https://github.com/Helgeb" class="name">
          <img height="20" src="https://secure.gravatar.com/avatar/7b852787c94b6df431e842a202c2c6c2?s=140&amp;d=https://a248.e.akamai.net/assets.github.com%2Fimages%2Fgravatars%2Fgravatar-user-420.png" width="20" /> Helgeb
        </a>
      </li>

        <li>
          <a href="/new" id="new_repo" class="tooltipped downwards" title="Create a new repo">
            <span class="mini-icon mini-icon-create"></span>
          </a>
        </li>

        <li>
          <a href="/settings/profile" id="account_settings"
            class="tooltipped downwards"
            title="Account settings ">
            <span class="mini-icon mini-icon-account-settings"></span>
          </a>
        </li>
        <li>
          <a class="tooltipped downwards" href="/logout" data-method="post" id="logout" title="Sign out">
            <span class="mini-icon mini-icon-logout"></span>
          </a>
        </li>

    </ul>


<div class="js-new-dropdown-contents hidden">
  <ul class="dropdown-menu">
    <li>
      <a href="/new"><span class="mini-icon mini-icon-create"></span> New repository</a>
    </li>
    <li>
        <a href="https://github.com/ah-itagile/SkyscrapAR/issues/new"><span class="mini-icon mini-icon-issue-opened"></span> New issue</a>
    </li>
    <li>
    </li>
    <li>
      <a href="/organizations/new"><span class="mini-icon mini-icon-u-list"></span> New organization</a>
    </li>
  </ul>
</div>


    
  </div>
</div>

      

      

      


            <div class="site hfeed" itemscope itemtype="http://schema.org/WebPage">
      <div class="hentry">
        
        <div class="pagehead repohead instapaper_ignore readability-menu ">
          <div class="container">
            <div class="title-actions-bar">
              

<ul class="pagehead-actions">


    <li class="subscription">
      <form accept-charset="UTF-8" action="/notifications/subscribe" data-autosubmit="true" data-remote="true" method="post"><div style="margin:0;padding:0;display:inline"><input name="authenticity_token" type="hidden" value="T76uidQr8W9b3xYtCXdWh78Qfzr0tspicVaWKaXIHZw=" /></div>  <input id="repository_id" name="repository_id" type="hidden" value="6965643" />

    <div class="select-menu js-menu-container js-select-menu">
      <span class="minibutton select-menu-button js-menu-target">
        <span class="js-select-button">
          <span class="mini-icon mini-icon-watching"></span>
          Watch
        </span>
      </span>

      <div class="select-menu-modal-holder js-menu-content">
        <div class="select-menu-modal">
          <div class="select-menu-header">
            <span class="select-menu-title">Notification status</span>
            <span class="mini-icon mini-icon-remove-close js-menu-close"></span>
          </div> <!-- /.select-menu-header -->

          <div class="select-menu-list js-navigation-container">

            <div class="select-menu-item js-navigation-item selected">
              <span class="select-menu-item-icon mini-icon mini-icon-confirm"></span>
              <div class="select-menu-item-text">
                <input checked="checked" id="do_included" name="do" type="radio" value="included" />
                <h4>Not watching</h4>
                <span class="description">You only receive notifications for discussions in which you participate or are @mentioned.</span>
                <span class="js-select-button-text hidden-select-button-text">
                  <span class="mini-icon mini-icon-watching"></span>
                  Watch
                </span>
              </div>
            </div> <!-- /.select-menu-item -->

            <div class="select-menu-item js-navigation-item ">
              <span class="select-menu-item-icon mini-icon mini-icon-confirm"></span>
              <div class="select-menu-item-text">
                <input id="do_subscribed" name="do" type="radio" value="subscribed" />
                <h4>Watching</h4>
                <span class="description">You receive notifications for all discussions in this repository.</span>
                <span class="js-select-button-text hidden-select-button-text">
                  <span class="mini-icon mini-icon-unwatch"></span>
                  Unwatch
                </span>
              </div>
            </div> <!-- /.select-menu-item -->

            <div class="select-menu-item js-navigation-item ">
              <span class="select-menu-item-icon mini-icon mini-icon-confirm"></span>
              <div class="select-menu-item-text">
                <input id="do_ignore" name="do" type="radio" value="ignore" />
                <h4>Ignoring</h4>
                <span class="description">You do not receive any notifications for discussions in this repository.</span>
                <span class="js-select-button-text hidden-select-button-text">
                  <span class="mini-icon mini-icon-mute"></span>
                  Stop ignoring
                </span>
              </div>
            </div> <!-- /.select-menu-item -->

          </div> <!-- /.select-menu-list -->

        </div> <!-- /.select-menu-modal -->
      </div> <!-- /.select-menu-modal-holder -->
    </div> <!-- /.select-menu -->

</form>
    </li>

    <li class="js-toggler-container js-social-container starring-container ">
      <a href="/ah-itagile/SkyscrapAR/unstar" class="minibutton js-toggler-target star-button starred upwards" title="Unstar this repo" data-remote="true" data-method="post" rel="nofollow">
        <span class="mini-icon mini-icon-remove-star"></span>
        <span class="text">Unstar</span>
      </a>
      <a href="/ah-itagile/SkyscrapAR/star" class="minibutton js-toggler-target star-button unstarred upwards" title="Star this repo" data-remote="true" data-method="post" rel="nofollow">
        <span class="mini-icon mini-icon-star"></span>
        <span class="text">Star</span>
      </a>
      <a class="social-count js-social-count" href="/ah-itagile/SkyscrapAR/stargazers">2</a>
    </li>

        <li>
          <a href="/ah-itagile/SkyscrapAR/fork" class="minibutton js-toggler-target fork-button lighter upwards" title="Fork this repo" rel="nofollow" data-method="post">
            <span class="mini-icon mini-icon-branch-create"></span>
            <span class="text">Fork</span>
          </a>
          <a href="/ah-itagile/SkyscrapAR/network" class="social-count">3</a>
        </li>


</ul>

              <h1 itemscope itemtype="http://data-vocabulary.org/Breadcrumb" class="entry-title public">
                <span class="repo-label"><span>public</span></span>
                <span class="mega-icon mega-icon-repo-forked"></span>
                <span class="author vcard">
                  <a href="/ah-itagile" class="url fn" itemprop="url" rel="author">
                  <span itemprop="title">ah-itagile</span>
                  </a></span> /
                <strong><a href="/ah-itagile/SkyscrapAR" class="js-current-repository">SkyscrapAR</a></strong>
                  <span class="fork-flag">
                    <span class="text">forked from <a href="/rodrigorgs/SkyscrapAR">rodrigorgs/SkyscrapAR</a></span>
                  </span>
              </h1>
            </div>

            
  <ul class="tabs">
    <li class="pulse-nav"><a href="/ah-itagile/SkyscrapAR/pulse" class="js-selected-navigation-item " data-selected-links="pulse /ah-itagile/SkyscrapAR/pulse" rel="nofollow"><span class="mini-icon mini-icon-pulse"></span></a></li>
    <li><a href="/ah-itagile/SkyscrapAR" class="js-selected-navigation-item selected" data-selected-links="repo_source repo_downloads repo_commits repo_tags repo_branches /ah-itagile/SkyscrapAR">Code</a></li>
    <li><a href="/ah-itagile/SkyscrapAR/network" class="js-selected-navigation-item " data-selected-links="repo_network /ah-itagile/SkyscrapAR/network">Network</a></li>
    <li><a href="/ah-itagile/SkyscrapAR/pulls" class="js-selected-navigation-item " data-selected-links="repo_pulls /ah-itagile/SkyscrapAR/pulls">Pull Requests <span class='counter'>0</span></a></li>


      <li><a href="/ah-itagile/SkyscrapAR/wiki" class="js-selected-navigation-item " data-selected-links="repo_wiki /ah-itagile/SkyscrapAR/wiki">Wiki</a></li>


    <li><a href="/ah-itagile/SkyscrapAR/graphs" class="js-selected-navigation-item " data-selected-links="repo_graphs repo_contributors /ah-itagile/SkyscrapAR/graphs">Graphs</a></li>


  </ul>
  
<div class="tabnav">

  <span class="tabnav-right">
    <ul class="tabnav-tabs">
          <li><a href="/ah-itagile/SkyscrapAR/tags" class="js-selected-navigation-item tabnav-tab" data-selected-links="repo_tags /ah-itagile/SkyscrapAR/tags">Tags <span class="counter blank">0</span></a></li>
    </ul>
  </span>

  <div class="tabnav-widget scope">


    <div class="select-menu js-menu-container js-select-menu js-branch-menu">
      <a class="minibutton select-menu-button js-menu-target" data-hotkey="w" data-ref="master">
        <span class="mini-icon mini-icon-branch"></span>
        <i>branch:</i>
        <span class="js-select-button">master</span>
      </a>

      <div class="select-menu-modal-holder js-menu-content js-navigation-container">

        <div class="select-menu-modal">
          <div class="select-menu-header">
            <span class="select-menu-title">Switch branches/tags</span>
            <span class="mini-icon mini-icon-remove-close js-menu-close"></span>
          </div> <!-- /.select-menu-header -->

          <div class="select-menu-filters">
            <div class="select-menu-text-filter">
              <input type="text" id="commitish-filter-field" class="js-filterable-field js-navigation-enable" placeholder="Filter branches/tags">
            </div>
            <div class="select-menu-tabs">
              <ul>
                <li class="select-menu-tab">
                  <a href="#" data-tab-filter="branches" class="js-select-menu-tab">Branches</a>
                </li>
                <li class="select-menu-tab">
                  <a href="#" data-tab-filter="tags" class="js-select-menu-tab">Tags</a>
                </li>
              </ul>
            </div><!-- /.select-menu-tabs -->
          </div><!-- /.select-menu-filters -->

          <div class="select-menu-list select-menu-tab-bucket js-select-menu-tab-bucket css-truncate" data-tab-filter="branches">

            <div data-filterable-for="commitish-filter-field" data-filterable-type="substring">

                <div class="select-menu-item js-navigation-item selected">
                  <span class="select-menu-item-icon mini-icon mini-icon-confirm"></span>
                  <a href="/ah-itagile/SkyscrapAR/blob/master/data/junit.xml" class="js-navigation-open select-menu-item-text js-select-button-text css-truncate-target" data-name="master" rel="nofollow" title="master">master</a>
                </div> <!-- /.select-menu-item -->
                <div class="select-menu-item js-navigation-item ">
                  <span class="select-menu-item-icon mini-icon mini-icon-confirm"></span>
                  <a href="/ah-itagile/SkyscrapAR/blob/processing2.0/data/junit.xml" class="js-navigation-open select-menu-item-text js-select-button-text css-truncate-target" data-name="processing2.0" rel="nofollow" title="processing2.0">processing2.0</a>
                </div> <!-- /.select-menu-item -->
            </div>

              <div class="select-menu-no-results">Nothing to show</div>
          </div> <!-- /.select-menu-list -->


          <div class="select-menu-list select-menu-tab-bucket js-select-menu-tab-bucket css-truncate" data-tab-filter="tags">
            <div data-filterable-for="commitish-filter-field" data-filterable-type="substring">

            </div>

            <div class="select-menu-no-results">Nothing to show</div>

          </div> <!-- /.select-menu-list -->

        </div> <!-- /.select-menu-modal -->
      </div> <!-- /.select-menu-modal-holder -->
    </div> <!-- /.select-menu -->

  </div> <!-- /.scope -->

  <ul class="tabnav-tabs">
    <li><a href="/ah-itagile/SkyscrapAR" class="selected js-selected-navigation-item tabnav-tab" data-selected-links="repo_source /ah-itagile/SkyscrapAR">Files</a></li>
    <li><a href="/ah-itagile/SkyscrapAR/commits/master" class="js-selected-navigation-item tabnav-tab" data-selected-links="repo_commits /ah-itagile/SkyscrapAR/commits/master">Commits</a></li>
    <li><a href="/ah-itagile/SkyscrapAR/branches" class="js-selected-navigation-item tabnav-tab" data-selected-links="repo_branches /ah-itagile/SkyscrapAR/branches" rel="nofollow">Branches <span class="counter ">2</span></a></li>
  </ul>

</div>

  
  
  


            
          </div>
        </div><!-- /.repohead -->

        <div id="js-repo-pjax-container" class="container context-loader-container" data-pjax-container>
          


<!-- blob contrib key: blob_contributors:v21:1a6ab523418752c16e7eef2339310520 -->
<!-- blob contrib frag key: views10/v8/blob_contributors:v21:1a6ab523418752c16e7eef2339310520 -->


<div id="slider">
    <div class="frame-meta">

      <p title="This is a placeholder element" class="js-history-link-replace hidden"></p>

        <div class="breadcrumb">
          <span class='bold'><span itemscope="" itemtype="http://data-vocabulary.org/Breadcrumb"><a href="/ah-itagile/SkyscrapAR" class="js-slide-to" data-branch="master" data-direction="back" itemscope="url"><span itemprop="title">SkyscrapAR</span></a></span></span><span class="separator"> / </span><span itemscope="" itemtype="http://data-vocabulary.org/Breadcrumb"><a href="/ah-itagile/SkyscrapAR/tree/master/data" class="js-slide-to" data-branch="master" data-direction="back" itemscope="url"><span itemprop="title">data</span></a></span><span class="separator"> / </span><strong class="final-path">junit.xml</strong> <span class="js-zeroclipboard zeroclipboard-button" data-clipboard-text="data/junit.xml" data-copied-hint="copied!" title="copy to clipboard"><span class="mini-icon mini-icon-clipboard"></span></span>
        </div>

      <a href="/ah-itagile/SkyscrapAR/find/master" class="js-slide-to" data-hotkey="t" style="display:none">Show File Finder</a>


        <div class="commit commit-loader file-history-tease js-deferred-content" data-url="/ah-itagile/SkyscrapAR/contributors/master/data/junit.xml">
          Fetching contributorsâ¦

          <div class="participation">
            <p class="loader-loading"><img alt="Octocat-spinner-32-eaf2f5" height="16" src="https://a248.e.akamai.net/assets.github.com/images/spinners/octocat-spinner-32-EAF2F5.gif?1340659511" width="16" /></p>
            <p class="loader-error">Cannot retrieve contributors at this time</p>
          </div>
        </div>

    </div><!-- ./.frame-meta -->

    <div class="frames">
      <div class="frame" data-permalink-url="/ah-itagile/SkyscrapAR/blob/b0a161c79bb727f030dcc986316f4112959b00fd/data/junit.xml" data-title="SkyscrapAR/data/junit.xml at master Â· ah-itagile/SkyscrapAR Â· GitHub" data-type="blob">

        <div id="files" class="bubble">
          <div class="file">
            <div class="meta">
              <div class="info">
                <span class="icon"><b class="mini-icon mini-icon-text-file"></b></span>
                <span class="mode" title="File Mode">file</span>
                  <span>3285 lines (3283 sloc)</span>
                <span>289.663 kb</span>
              </div>
              <div class="actions">
                <div class="button-group">
                        <a class="minibutton tooltipped leftwards"
                           title="Clicking this button will automatically fork this project so you can edit the file"
                           href="/ah-itagile/SkyscrapAR/edit/master/data/junit.xml"
                           data-method="post" rel="nofollow">Edit</a>
                  <a href="/ah-itagile/SkyscrapAR/raw/master/data/junit.xml" class="button minibutton " id="raw-url">Raw</a>
                    <a href="/ah-itagile/SkyscrapAR/blame/master/data/junit.xml" class="button minibutton ">Blame</a>
                  <a href="/ah-itagile/SkyscrapAR/commits/master/data/junit.xml" class="button minibutton " rel="nofollow">History</a>
                </div><!-- /.button-group -->
              </div><!-- /.actions -->

            </div>
                <div class="blob-wrapper data type-xml js-blob-data">
      <table class="file-code file-diff">
        <tr class="file-code-line">
          <td class="blob-line-nums">
            <span id="L1" rel="#L1">1</span>
<span id="L2" rel="#L2">2</span>
<span id="L3" rel="#L3">3</span>
<span id="L4" rel="#L4">4</span>
<span id="L5" rel="#L5">5</span>
<span id="L6" rel="#L6">6</span>
<span id="L7" rel="#L7">7</span>
<span id="L8" rel="#L8">8</span>
<span id="L9" rel="#L9">9</span>
<span id="L10" rel="#L10">10</span>
<span id="L11" rel="#L11">11</span>
<span id="L12" rel="#L12">12</span>
<span id="L13" rel="#L13">13</span>
<span id="L14" rel="#L14">14</span>
<span id="L15" rel="#L15">15</span>
<span id="L16" rel="#L16">16</span>
<span id="L17" rel="#L17">17</span>
<span id="L18" rel="#L18">18</span>
<span id="L19" rel="#L19">19</span>
<span id="L20" rel="#L20">20</span>
<span id="L21" rel="#L21">21</span>
<span id="L22" rel="#L22">22</span>
<span id="L23" rel="#L23">23</span>
<span id="L24" rel="#L24">24</span>
<span id="L25" rel="#L25">25</span>
<span id="L26" rel="#L26">26</span>
<span id="L27" rel="#L27">27</span>
<span id="L28" rel="#L28">28</span>
<span id="L29" rel="#L29">29</span>
<span id="L30" rel="#L30">30</span>
<span id="L31" rel="#L31">31</span>
<span id="L32" rel="#L32">32</span>
<span id="L33" rel="#L33">33</span>
<span id="L34" rel="#L34">34</span>
<span id="L35" rel="#L35">35</span>
<span id="L36" rel="#L36">36</span>
<span id="L37" rel="#L37">37</span>
<span id="L38" rel="#L38">38</span>
<span id="L39" rel="#L39">39</span>
<span id="L40" rel="#L40">40</span>
<span id="L41" rel="#L41">41</span>
<span id="L42" rel="#L42">42</span>
<span id="L43" rel="#L43">43</span>
<span id="L44" rel="#L44">44</span>
<span id="L45" rel="#L45">45</span>
<span id="L46" rel="#L46">46</span>
<span id="L47" rel="#L47">47</span>
<span id="L48" rel="#L48">48</span>
<span id="L49" rel="#L49">49</span>
<span id="L50" rel="#L50">50</span>
<span id="L51" rel="#L51">51</span>
<span id="L52" rel="#L52">52</span>
<span id="L53" rel="#L53">53</span>
<span id="L54" rel="#L54">54</span>
<span id="L55" rel="#L55">55</span>
<span id="L56" rel="#L56">56</span>
<span id="L57" rel="#L57">57</span>
<span id="L58" rel="#L58">58</span>
<span id="L59" rel="#L59">59</span>
<span id="L60" rel="#L60">60</span>
<span id="L61" rel="#L61">61</span>
<span id="L62" rel="#L62">62</span>
<span id="L63" rel="#L63">63</span>
<span id="L64" rel="#L64">64</span>
<span id="L65" rel="#L65">65</span>
<span id="L66" rel="#L66">66</span>
<span id="L67" rel="#L67">67</span>
<span id="L68" rel="#L68">68</span>
<span id="L69" rel="#L69">69</span>
<span id="L70" rel="#L70">70</span>
<span id="L71" rel="#L71">71</span>
<span id="L72" rel="#L72">72</span>
<span id="L73" rel="#L73">73</span>
<span id="L74" rel="#L74">74</span>
<span id="L75" rel="#L75">75</span>
<span id="L76" rel="#L76">76</span>
<span id="L77" rel="#L77">77</span>
<span id="L78" rel="#L78">78</span>
<span id="L79" rel="#L79">79</span>
<span id="L80" rel="#L80">80</span>
<span id="L81" rel="#L81">81</span>
<span id="L82" rel="#L82">82</span>
<span id="L83" rel="#L83">83</span>
<span id="L84" rel="#L84">84</span>
<span id="L85" rel="#L85">85</span>
<span id="L86" rel="#L86">86</span>
<span id="L87" rel="#L87">87</span>
<span id="L88" rel="#L88">88</span>
<span id="L89" rel="#L89">89</span>
<span id="L90" rel="#L90">90</span>
<span id="L91" rel="#L91">91</span>
<span id="L92" rel="#L92">92</span>
<span id="L93" rel="#L93">93</span>
<span id="L94" rel="#L94">94</span>
<span id="L95" rel="#L95">95</span>
<span id="L96" rel="#L96">96</span>
<span id="L97" rel="#L97">97</span>
<span id="L98" rel="#L98">98</span>
<span id="L99" rel="#L99">99</span>
<span id="L100" rel="#L100">100</span>
<span id="L101" rel="#L101">101</span>
<span id="L102" rel="#L102">102</span>
<span id="L103" rel="#L103">103</span>
<span id="L104" rel="#L104">104</span>
<span id="L105" rel="#L105">105</span>
<span id="L106" rel="#L106">106</span>
<span id="L107" rel="#L107">107</span>
<span id="L108" rel="#L108">108</span>
<span id="L109" rel="#L109">109</span>
<span id="L110" rel="#L110">110</span>
<span id="L111" rel="#L111">111</span>
<span id="L112" rel="#L112">112</span>
<span id="L113" rel="#L113">113</span>
<span id="L114" rel="#L114">114</span>
<span id="L115" rel="#L115">115</span>
<span id="L116" rel="#L116">116</span>
<span id="L117" rel="#L117">117</span>
<span id="L118" rel="#L118">118</span>
<span id="L119" rel="#L119">119</span>
<span id="L120" rel="#L120">120</span>
<span id="L121" rel="#L121">121</span>
<span id="L122" rel="#L122">122</span>
<span id="L123" rel="#L123">123</span>
<span id="L124" rel="#L124">124</span>
<span id="L125" rel="#L125">125</span>
<span id="L126" rel="#L126">126</span>
<span id="L127" rel="#L127">127</span>
<span id="L128" rel="#L128">128</span>
<span id="L129" rel="#L129">129</span>
<span id="L130" rel="#L130">130</span>
<span id="L131" rel="#L131">131</span>
<span id="L132" rel="#L132">132</span>
<span id="L133" rel="#L133">133</span>
<span id="L134" rel="#L134">134</span>
<span id="L135" rel="#L135">135</span>
<span id="L136" rel="#L136">136</span>
<span id="L137" rel="#L137">137</span>
<span id="L138" rel="#L138">138</span>
<span id="L139" rel="#L139">139</span>
<span id="L140" rel="#L140">140</span>
<span id="L141" rel="#L141">141</span>
<span id="L142" rel="#L142">142</span>
<span id="L143" rel="#L143">143</span>
<span id="L144" rel="#L144">144</span>
<span id="L145" rel="#L145">145</span>
<span id="L146" rel="#L146">146</span>
<span id="L147" rel="#L147">147</span>
<span id="L148" rel="#L148">148</span>
<span id="L149" rel="#L149">149</span>
<span id="L150" rel="#L150">150</span>
<span id="L151" rel="#L151">151</span>
<span id="L152" rel="#L152">152</span>
<span id="L153" rel="#L153">153</span>
<span id="L154" rel="#L154">154</span>
<span id="L155" rel="#L155">155</span>
<span id="L156" rel="#L156">156</span>
<span id="L157" rel="#L157">157</span>
<span id="L158" rel="#L158">158</span>
<span id="L159" rel="#L159">159</span>
<span id="L160" rel="#L160">160</span>
<span id="L161" rel="#L161">161</span>
<span id="L162" rel="#L162">162</span>
<span id="L163" rel="#L163">163</span>
<span id="L164" rel="#L164">164</span>
<span id="L165" rel="#L165">165</span>
<span id="L166" rel="#L166">166</span>
<span id="L167" rel="#L167">167</span>
<span id="L168" rel="#L168">168</span>
<span id="L169" rel="#L169">169</span>
<span id="L170" rel="#L170">170</span>
<span id="L171" rel="#L171">171</span>
<span id="L172" rel="#L172">172</span>
<span id="L173" rel="#L173">173</span>
<span id="L174" rel="#L174">174</span>
<span id="L175" rel="#L175">175</span>
<span id="L176" rel="#L176">176</span>
<span id="L177" rel="#L177">177</span>
<span id="L178" rel="#L178">178</span>
<span id="L179" rel="#L179">179</span>
<span id="L180" rel="#L180">180</span>
<span id="L181" rel="#L181">181</span>
<span id="L182" rel="#L182">182</span>
<span id="L183" rel="#L183">183</span>
<span id="L184" rel="#L184">184</span>
<span id="L185" rel="#L185">185</span>
<span id="L186" rel="#L186">186</span>
<span id="L187" rel="#L187">187</span>
<span id="L188" rel="#L188">188</span>
<span id="L189" rel="#L189">189</span>
<span id="L190" rel="#L190">190</span>
<span id="L191" rel="#L191">191</span>
<span id="L192" rel="#L192">192</span>
<span id="L193" rel="#L193">193</span>
<span id="L194" rel="#L194">194</span>
<span id="L195" rel="#L195">195</span>
<span id="L196" rel="#L196">196</span>
<span id="L197" rel="#L197">197</span>
<span id="L198" rel="#L198">198</span>
<span id="L199" rel="#L199">199</span>
<span id="L200" rel="#L200">200</span>
<span id="L201" rel="#L201">201</span>
<span id="L202" rel="#L202">202</span>
<span id="L203" rel="#L203">203</span>
<span id="L204" rel="#L204">204</span>
<span id="L205" rel="#L205">205</span>
<span id="L206" rel="#L206">206</span>
<span id="L207" rel="#L207">207</span>
<span id="L208" rel="#L208">208</span>
<span id="L209" rel="#L209">209</span>
<span id="L210" rel="#L210">210</span>
<span id="L211" rel="#L211">211</span>
<span id="L212" rel="#L212">212</span>
<span id="L213" rel="#L213">213</span>
<span id="L214" rel="#L214">214</span>
<span id="L215" rel="#L215">215</span>
<span id="L216" rel="#L216">216</span>
<span id="L217" rel="#L217">217</span>
<span id="L218" rel="#L218">218</span>
<span id="L219" rel="#L219">219</span>
<span id="L220" rel="#L220">220</span>
<span id="L221" rel="#L221">221</span>
<span id="L222" rel="#L222">222</span>
<span id="L223" rel="#L223">223</span>
<span id="L224" rel="#L224">224</span>
<span id="L225" rel="#L225">225</span>
<span id="L226" rel="#L226">226</span>
<span id="L227" rel="#L227">227</span>
<span id="L228" rel="#L228">228</span>
<span id="L229" rel="#L229">229</span>
<span id="L230" rel="#L230">230</span>
<span id="L231" rel="#L231">231</span>
<span id="L232" rel="#L232">232</span>
<span id="L233" rel="#L233">233</span>
<span id="L234" rel="#L234">234</span>
<span id="L235" rel="#L235">235</span>
<span id="L236" rel="#L236">236</span>
<span id="L237" rel="#L237">237</span>
<span id="L238" rel="#L238">238</span>
<span id="L239" rel="#L239">239</span>
<span id="L240" rel="#L240">240</span>
<span id="L241" rel="#L241">241</span>
<span id="L242" rel="#L242">242</span>
<span id="L243" rel="#L243">243</span>
<span id="L244" rel="#L244">244</span>
<span id="L245" rel="#L245">245</span>
<span id="L246" rel="#L246">246</span>
<span id="L247" rel="#L247">247</span>
<span id="L248" rel="#L248">248</span>
<span id="L249" rel="#L249">249</span>
<span id="L250" rel="#L250">250</span>
<span id="L251" rel="#L251">251</span>
<span id="L252" rel="#L252">252</span>
<span id="L253" rel="#L253">253</span>
<span id="L254" rel="#L254">254</span>
<span id="L255" rel="#L255">255</span>
<span id="L256" rel="#L256">256</span>
<span id="L257" rel="#L257">257</span>
<span id="L258" rel="#L258">258</span>
<span id="L259" rel="#L259">259</span>
<span id="L260" rel="#L260">260</span>
<span id="L261" rel="#L261">261</span>
<span id="L262" rel="#L262">262</span>
<span id="L263" rel="#L263">263</span>
<span id="L264" rel="#L264">264</span>
<span id="L265" rel="#L265">265</span>
<span id="L266" rel="#L266">266</span>
<span id="L267" rel="#L267">267</span>
<span id="L268" rel="#L268">268</span>
<span id="L269" rel="#L269">269</span>
<span id="L270" rel="#L270">270</span>
<span id="L271" rel="#L271">271</span>
<span id="L272" rel="#L272">272</span>
<span id="L273" rel="#L273">273</span>
<span id="L274" rel="#L274">274</span>
<span id="L275" rel="#L275">275</span>
<span id="L276" rel="#L276">276</span>
<span id="L277" rel="#L277">277</span>
<span id="L278" rel="#L278">278</span>
<span id="L279" rel="#L279">279</span>
<span id="L280" rel="#L280">280</span>
<span id="L281" rel="#L281">281</span>
<span id="L282" rel="#L282">282</span>
<span id="L283" rel="#L283">283</span>
<span id="L284" rel="#L284">284</span>
<span id="L285" rel="#L285">285</span>
<span id="L286" rel="#L286">286</span>
<span id="L287" rel="#L287">287</span>
<span id="L288" rel="#L288">288</span>
<span id="L289" rel="#L289">289</span>
<span id="L290" rel="#L290">290</span>
<span id="L291" rel="#L291">291</span>
<span id="L292" rel="#L292">292</span>
<span id="L293" rel="#L293">293</span>
<span id="L294" rel="#L294">294</span>
<span id="L295" rel="#L295">295</span>
<span id="L296" rel="#L296">296</span>
<span id="L297" rel="#L297">297</span>
<span id="L298" rel="#L298">298</span>
<span id="L299" rel="#L299">299</span>
<span id="L300" rel="#L300">300</span>
<span id="L301" rel="#L301">301</span>
<span id="L302" rel="#L302">302</span>
<span id="L303" rel="#L303">303</span>
<span id="L304" rel="#L304">304</span>
<span id="L305" rel="#L305">305</span>
<span id="L306" rel="#L306">306</span>
<span id="L307" rel="#L307">307</span>
<span id="L308" rel="#L308">308</span>
<span id="L309" rel="#L309">309</span>
<span id="L310" rel="#L310">310</span>
<span id="L311" rel="#L311">311</span>
<span id="L312" rel="#L312">312</span>
<span id="L313" rel="#L313">313</span>
<span id="L314" rel="#L314">314</span>
<span id="L315" rel="#L315">315</span>
<span id="L316" rel="#L316">316</span>
<span id="L317" rel="#L317">317</span>
<span id="L318" rel="#L318">318</span>
<span id="L319" rel="#L319">319</span>
<span id="L320" rel="#L320">320</span>
<span id="L321" rel="#L321">321</span>
<span id="L322" rel="#L322">322</span>
<span id="L323" rel="#L323">323</span>
<span id="L324" rel="#L324">324</span>
<span id="L325" rel="#L325">325</span>
<span id="L326" rel="#L326">326</span>
<span id="L327" rel="#L327">327</span>
<span id="L328" rel="#L328">328</span>
<span id="L329" rel="#L329">329</span>
<span id="L330" rel="#L330">330</span>
<span id="L331" rel="#L331">331</span>
<span id="L332" rel="#L332">332</span>
<span id="L333" rel="#L333">333</span>
<span id="L334" rel="#L334">334</span>
<span id="L335" rel="#L335">335</span>
<span id="L336" rel="#L336">336</span>
<span id="L337" rel="#L337">337</span>
<span id="L338" rel="#L338">338</span>
<span id="L339" rel="#L339">339</span>
<span id="L340" rel="#L340">340</span>
<span id="L341" rel="#L341">341</span>
<span id="L342" rel="#L342">342</span>
<span id="L343" rel="#L343">343</span>
<span id="L344" rel="#L344">344</span>
<span id="L345" rel="#L345">345</span>
<span id="L346" rel="#L346">346</span>
<span id="L347" rel="#L347">347</span>
<span id="L348" rel="#L348">348</span>
<span id="L349" rel="#L349">349</span>
<span id="L350" rel="#L350">350</span>
<span id="L351" rel="#L351">351</span>
<span id="L352" rel="#L352">352</span>
<span id="L353" rel="#L353">353</span>
<span id="L354" rel="#L354">354</span>
<span id="L355" rel="#L355">355</span>
<span id="L356" rel="#L356">356</span>
<span id="L357" rel="#L357">357</span>
<span id="L358" rel="#L358">358</span>
<span id="L359" rel="#L359">359</span>
<span id="L360" rel="#L360">360</span>
<span id="L361" rel="#L361">361</span>
<span id="L362" rel="#L362">362</span>
<span id="L363" rel="#L363">363</span>
<span id="L364" rel="#L364">364</span>
<span id="L365" rel="#L365">365</span>
<span id="L366" rel="#L366">366</span>
<span id="L367" rel="#L367">367</span>
<span id="L368" rel="#L368">368</span>
<span id="L369" rel="#L369">369</span>
<span id="L370" rel="#L370">370</span>
<span id="L371" rel="#L371">371</span>
<span id="L372" rel="#L372">372</span>
<span id="L373" rel="#L373">373</span>
<span id="L374" rel="#L374">374</span>
<span id="L375" rel="#L375">375</span>
<span id="L376" rel="#L376">376</span>
<span id="L377" rel="#L377">377</span>
<span id="L378" rel="#L378">378</span>
<span id="L379" rel="#L379">379</span>
<span id="L380" rel="#L380">380</span>
<span id="L381" rel="#L381">381</span>
<span id="L382" rel="#L382">382</span>
<span id="L383" rel="#L383">383</span>
<span id="L384" rel="#L384">384</span>
<span id="L385" rel="#L385">385</span>
<span id="L386" rel="#L386">386</span>
<span id="L387" rel="#L387">387</span>
<span id="L388" rel="#L388">388</span>
<span id="L389" rel="#L389">389</span>
<span id="L390" rel="#L390">390</span>
<span id="L391" rel="#L391">391</span>
<span id="L392" rel="#L392">392</span>
<span id="L393" rel="#L393">393</span>
<span id="L394" rel="#L394">394</span>
<span id="L395" rel="#L395">395</span>
<span id="L396" rel="#L396">396</span>
<span id="L397" rel="#L397">397</span>
<span id="L398" rel="#L398">398</span>
<span id="L399" rel="#L399">399</span>
<span id="L400" rel="#L400">400</span>
<span id="L401" rel="#L401">401</span>
<span id="L402" rel="#L402">402</span>
<span id="L403" rel="#L403">403</span>
<span id="L404" rel="#L404">404</span>
<span id="L405" rel="#L405">405</span>
<span id="L406" rel="#L406">406</span>
<span id="L407" rel="#L407">407</span>
<span id="L408" rel="#L408">408</span>
<span id="L409" rel="#L409">409</span>
<span id="L410" rel="#L410">410</span>
<span id="L411" rel="#L411">411</span>
<span id="L412" rel="#L412">412</span>
<span id="L413" rel="#L413">413</span>
<span id="L414" rel="#L414">414</span>
<span id="L415" rel="#L415">415</span>
<span id="L416" rel="#L416">416</span>
<span id="L417" rel="#L417">417</span>
<span id="L418" rel="#L418">418</span>
<span id="L419" rel="#L419">419</span>
<span id="L420" rel="#L420">420</span>
<span id="L421" rel="#L421">421</span>
<span id="L422" rel="#L422">422</span>
<span id="L423" rel="#L423">423</span>
<span id="L424" rel="#L424">424</span>
<span id="L425" rel="#L425">425</span>
<span id="L426" rel="#L426">426</span>
<span id="L427" rel="#L427">427</span>
<span id="L428" rel="#L428">428</span>
<span id="L429" rel="#L429">429</span>
<span id="L430" rel="#L430">430</span>
<span id="L431" rel="#L431">431</span>
<span id="L432" rel="#L432">432</span>
<span id="L433" rel="#L433">433</span>
<span id="L434" rel="#L434">434</span>
<span id="L435" rel="#L435">435</span>
<span id="L436" rel="#L436">436</span>
<span id="L437" rel="#L437">437</span>
<span id="L438" rel="#L438">438</span>
<span id="L439" rel="#L439">439</span>
<span id="L440" rel="#L440">440</span>
<span id="L441" rel="#L441">441</span>
<span id="L442" rel="#L442">442</span>
<span id="L443" rel="#L443">443</span>
<span id="L444" rel="#L444">444</span>
<span id="L445" rel="#L445">445</span>
<span id="L446" rel="#L446">446</span>
<span id="L447" rel="#L447">447</span>
<span id="L448" rel="#L448">448</span>
<span id="L449" rel="#L449">449</span>
<span id="L450" rel="#L450">450</span>
<span id="L451" rel="#L451">451</span>
<span id="L452" rel="#L452">452</span>
<span id="L453" rel="#L453">453</span>
<span id="L454" rel="#L454">454</span>
<span id="L455" rel="#L455">455</span>
<span id="L456" rel="#L456">456</span>
<span id="L457" rel="#L457">457</span>
<span id="L458" rel="#L458">458</span>
<span id="L459" rel="#L459">459</span>
<span id="L460" rel="#L460">460</span>
<span id="L461" rel="#L461">461</span>
<span id="L462" rel="#L462">462</span>
<span id="L463" rel="#L463">463</span>
<span id="L464" rel="#L464">464</span>
<span id="L465" rel="#L465">465</span>
<span id="L466" rel="#L466">466</span>
<span id="L467" rel="#L467">467</span>
<span id="L468" rel="#L468">468</span>
<span id="L469" rel="#L469">469</span>
<span id="L470" rel="#L470">470</span>
<span id="L471" rel="#L471">471</span>
<span id="L472" rel="#L472">472</span>
<span id="L473" rel="#L473">473</span>
<span id="L474" rel="#L474">474</span>
<span id="L475" rel="#L475">475</span>
<span id="L476" rel="#L476">476</span>
<span id="L477" rel="#L477">477</span>
<span id="L478" rel="#L478">478</span>
<span id="L479" rel="#L479">479</span>
<span id="L480" rel="#L480">480</span>
<span id="L481" rel="#L481">481</span>
<span id="L482" rel="#L482">482</span>
<span id="L483" rel="#L483">483</span>
<span id="L484" rel="#L484">484</span>
<span id="L485" rel="#L485">485</span>
<span id="L486" rel="#L486">486</span>
<span id="L487" rel="#L487">487</span>
<span id="L488" rel="#L488">488</span>
<span id="L489" rel="#L489">489</span>
<span id="L490" rel="#L490">490</span>
<span id="L491" rel="#L491">491</span>
<span id="L492" rel="#L492">492</span>
<span id="L493" rel="#L493">493</span>
<span id="L494" rel="#L494">494</span>
<span id="L495" rel="#L495">495</span>
<span id="L496" rel="#L496">496</span>
<span id="L497" rel="#L497">497</span>
<span id="L498" rel="#L498">498</span>
<span id="L499" rel="#L499">499</span>
<span id="L500" rel="#L500">500</span>
<span id="L501" rel="#L501">501</span>
<span id="L502" rel="#L502">502</span>
<span id="L503" rel="#L503">503</span>
<span id="L504" rel="#L504">504</span>
<span id="L505" rel="#L505">505</span>
<span id="L506" rel="#L506">506</span>
<span id="L507" rel="#L507">507</span>
<span id="L508" rel="#L508">508</span>
<span id="L509" rel="#L509">509</span>
<span id="L510" rel="#L510">510</span>
<span id="L511" rel="#L511">511</span>
<span id="L512" rel="#L512">512</span>
<span id="L513" rel="#L513">513</span>
<span id="L514" rel="#L514">514</span>
<span id="L515" rel="#L515">515</span>
<span id="L516" rel="#L516">516</span>
<span id="L517" rel="#L517">517</span>
<span id="L518" rel="#L518">518</span>
<span id="L519" rel="#L519">519</span>
<span id="L520" rel="#L520">520</span>
<span id="L521" rel="#L521">521</span>
<span id="L522" rel="#L522">522</span>
<span id="L523" rel="#L523">523</span>
<span id="L524" rel="#L524">524</span>
<span id="L525" rel="#L525">525</span>
<span id="L526" rel="#L526">526</span>
<span id="L527" rel="#L527">527</span>
<span id="L528" rel="#L528">528</span>
<span id="L529" rel="#L529">529</span>
<span id="L530" rel="#L530">530</span>
<span id="L531" rel="#L531">531</span>
<span id="L532" rel="#L532">532</span>
<span id="L533" rel="#L533">533</span>
<span id="L534" rel="#L534">534</span>
<span id="L535" rel="#L535">535</span>
<span id="L536" rel="#L536">536</span>
<span id="L537" rel="#L537">537</span>
<span id="L538" rel="#L538">538</span>
<span id="L539" rel="#L539">539</span>
<span id="L540" rel="#L540">540</span>
<span id="L541" rel="#L541">541</span>
<span id="L542" rel="#L542">542</span>
<span id="L543" rel="#L543">543</span>
<span id="L544" rel="#L544">544</span>
<span id="L545" rel="#L545">545</span>
<span id="L546" rel="#L546">546</span>
<span id="L547" rel="#L547">547</span>
<span id="L548" rel="#L548">548</span>
<span id="L549" rel="#L549">549</span>
<span id="L550" rel="#L550">550</span>
<span id="L551" rel="#L551">551</span>
<span id="L552" rel="#L552">552</span>
<span id="L553" rel="#L553">553</span>
<span id="L554" rel="#L554">554</span>
<span id="L555" rel="#L555">555</span>
<span id="L556" rel="#L556">556</span>
<span id="L557" rel="#L557">557</span>
<span id="L558" rel="#L558">558</span>
<span id="L559" rel="#L559">559</span>
<span id="L560" rel="#L560">560</span>
<span id="L561" rel="#L561">561</span>
<span id="L562" rel="#L562">562</span>
<span id="L563" rel="#L563">563</span>
<span id="L564" rel="#L564">564</span>
<span id="L565" rel="#L565">565</span>
<span id="L566" rel="#L566">566</span>
<span id="L567" rel="#L567">567</span>
<span id="L568" rel="#L568">568</span>
<span id="L569" rel="#L569">569</span>
<span id="L570" rel="#L570">570</span>
<span id="L571" rel="#L571">571</span>
<span id="L572" rel="#L572">572</span>
<span id="L573" rel="#L573">573</span>
<span id="L574" rel="#L574">574</span>
<span id="L575" rel="#L575">575</span>
<span id="L576" rel="#L576">576</span>
<span id="L577" rel="#L577">577</span>
<span id="L578" rel="#L578">578</span>
<span id="L579" rel="#L579">579</span>
<span id="L580" rel="#L580">580</span>
<span id="L581" rel="#L581">581</span>
<span id="L582" rel="#L582">582</span>
<span id="L583" rel="#L583">583</span>
<span id="L584" rel="#L584">584</span>
<span id="L585" rel="#L585">585</span>
<span id="L586" rel="#L586">586</span>
<span id="L587" rel="#L587">587</span>
<span id="L588" rel="#L588">588</span>
<span id="L589" rel="#L589">589</span>
<span id="L590" rel="#L590">590</span>
<span id="L591" rel="#L591">591</span>
<span id="L592" rel="#L592">592</span>
<span id="L593" rel="#L593">593</span>
<span id="L594" rel="#L594">594</span>
<span id="L595" rel="#L595">595</span>
<span id="L596" rel="#L596">596</span>
<span id="L597" rel="#L597">597</span>
<span id="L598" rel="#L598">598</span>
<span id="L599" rel="#L599">599</span>
<span id="L600" rel="#L600">600</span>
<span id="L601" rel="#L601">601</span>
<span id="L602" rel="#L602">602</span>
<span id="L603" rel="#L603">603</span>
<span id="L604" rel="#L604">604</span>
<span id="L605" rel="#L605">605</span>
<span id="L606" rel="#L606">606</span>
<span id="L607" rel="#L607">607</span>
<span id="L608" rel="#L608">608</span>
<span id="L609" rel="#L609">609</span>
<span id="L610" rel="#L610">610</span>
<span id="L611" rel="#L611">611</span>
<span id="L612" rel="#L612">612</span>
<span id="L613" rel="#L613">613</span>
<span id="L614" rel="#L614">614</span>
<span id="L615" rel="#L615">615</span>
<span id="L616" rel="#L616">616</span>
<span id="L617" rel="#L617">617</span>
<span id="L618" rel="#L618">618</span>
<span id="L619" rel="#L619">619</span>
<span id="L620" rel="#L620">620</span>
<span id="L621" rel="#L621">621</span>
<span id="L622" rel="#L622">622</span>
<span id="L623" rel="#L623">623</span>
<span id="L624" rel="#L624">624</span>
<span id="L625" rel="#L625">625</span>
<span id="L626" rel="#L626">626</span>
<span id="L627" rel="#L627">627</span>
<span id="L628" rel="#L628">628</span>
<span id="L629" rel="#L629">629</span>
<span id="L630" rel="#L630">630</span>
<span id="L631" rel="#L631">631</span>
<span id="L632" rel="#L632">632</span>
<span id="L633" rel="#L633">633</span>
<span id="L634" rel="#L634">634</span>
<span id="L635" rel="#L635">635</span>
<span id="L636" rel="#L636">636</span>
<span id="L637" rel="#L637">637</span>
<span id="L638" rel="#L638">638</span>
<span id="L639" rel="#L639">639</span>
<span id="L640" rel="#L640">640</span>
<span id="L641" rel="#L641">641</span>
<span id="L642" rel="#L642">642</span>
<span id="L643" rel="#L643">643</span>
<span id="L644" rel="#L644">644</span>
<span id="L645" rel="#L645">645</span>
<span id="L646" rel="#L646">646</span>
<span id="L647" rel="#L647">647</span>
<span id="L648" rel="#L648">648</span>
<span id="L649" rel="#L649">649</span>
<span id="L650" rel="#L650">650</span>
<span id="L651" rel="#L651">651</span>
<span id="L652" rel="#L652">652</span>
<span id="L653" rel="#L653">653</span>
<span id="L654" rel="#L654">654</span>
<span id="L655" rel="#L655">655</span>
<span id="L656" rel="#L656">656</span>
<span id="L657" rel="#L657">657</span>
<span id="L658" rel="#L658">658</span>
<span id="L659" rel="#L659">659</span>
<span id="L660" rel="#L660">660</span>
<span id="L661" rel="#L661">661</span>
<span id="L662" rel="#L662">662</span>
<span id="L663" rel="#L663">663</span>
<span id="L664" rel="#L664">664</span>
<span id="L665" rel="#L665">665</span>
<span id="L666" rel="#L666">666</span>
<span id="L667" rel="#L667">667</span>
<span id="L668" rel="#L668">668</span>
<span id="L669" rel="#L669">669</span>
<span id="L670" rel="#L670">670</span>
<span id="L671" rel="#L671">671</span>
<span id="L672" rel="#L672">672</span>
<span id="L673" rel="#L673">673</span>
<span id="L674" rel="#L674">674</span>
<span id="L675" rel="#L675">675</span>
<span id="L676" rel="#L676">676</span>
<span id="L677" rel="#L677">677</span>
<span id="L678" rel="#L678">678</span>
<span id="L679" rel="#L679">679</span>
<span id="L680" rel="#L680">680</span>
<span id="L681" rel="#L681">681</span>
<span id="L682" rel="#L682">682</span>
<span id="L683" rel="#L683">683</span>
<span id="L684" rel="#L684">684</span>
<span id="L685" rel="#L685">685</span>
<span id="L686" rel="#L686">686</span>
<span id="L687" rel="#L687">687</span>
<span id="L688" rel="#L688">688</span>
<span id="L689" rel="#L689">689</span>
<span id="L690" rel="#L690">690</span>
<span id="L691" rel="#L691">691</span>
<span id="L692" rel="#L692">692</span>
<span id="L693" rel="#L693">693</span>
<span id="L694" rel="#L694">694</span>
<span id="L695" rel="#L695">695</span>
<span id="L696" rel="#L696">696</span>
<span id="L697" rel="#L697">697</span>
<span id="L698" rel="#L698">698</span>
<span id="L699" rel="#L699">699</span>
<span id="L700" rel="#L700">700</span>
<span id="L701" rel="#L701">701</span>
<span id="L702" rel="#L702">702</span>
<span id="L703" rel="#L703">703</span>
<span id="L704" rel="#L704">704</span>
<span id="L705" rel="#L705">705</span>
<span id="L706" rel="#L706">706</span>
<span id="L707" rel="#L707">707</span>
<span id="L708" rel="#L708">708</span>
<span id="L709" rel="#L709">709</span>
<span id="L710" rel="#L710">710</span>
<span id="L711" rel="#L711">711</span>
<span id="L712" rel="#L712">712</span>
<span id="L713" rel="#L713">713</span>
<span id="L714" rel="#L714">714</span>
<span id="L715" rel="#L715">715</span>
<span id="L716" rel="#L716">716</span>
<span id="L717" rel="#L717">717</span>
<span id="L718" rel="#L718">718</span>
<span id="L719" rel="#L719">719</span>
<span id="L720" rel="#L720">720</span>
<span id="L721" rel="#L721">721</span>
<span id="L722" rel="#L722">722</span>
<span id="L723" rel="#L723">723</span>
<span id="L724" rel="#L724">724</span>
<span id="L725" rel="#L725">725</span>
<span id="L726" rel="#L726">726</span>
<span id="L727" rel="#L727">727</span>
<span id="L728" rel="#L728">728</span>
<span id="L729" rel="#L729">729</span>
<span id="L730" rel="#L730">730</span>
<span id="L731" rel="#L731">731</span>
<span id="L732" rel="#L732">732</span>
<span id="L733" rel="#L733">733</span>
<span id="L734" rel="#L734">734</span>
<span id="L735" rel="#L735">735</span>
<span id="L736" rel="#L736">736</span>
<span id="L737" rel="#L737">737</span>
<span id="L738" rel="#L738">738</span>
<span id="L739" rel="#L739">739</span>
<span id="L740" rel="#L740">740</span>
<span id="L741" rel="#L741">741</span>
<span id="L742" rel="#L742">742</span>
<span id="L743" rel="#L743">743</span>
<span id="L744" rel="#L744">744</span>
<span id="L745" rel="#L745">745</span>
<span id="L746" rel="#L746">746</span>
<span id="L747" rel="#L747">747</span>
<span id="L748" rel="#L748">748</span>
<span id="L749" rel="#L749">749</span>
<span id="L750" rel="#L750">750</span>
<span id="L751" rel="#L751">751</span>
<span id="L752" rel="#L752">752</span>
<span id="L753" rel="#L753">753</span>
<span id="L754" rel="#L754">754</span>
<span id="L755" rel="#L755">755</span>
<span id="L756" rel="#L756">756</span>
<span id="L757" rel="#L757">757</span>
<span id="L758" rel="#L758">758</span>
<span id="L759" rel="#L759">759</span>
<span id="L760" rel="#L760">760</span>
<span id="L761" rel="#L761">761</span>
<span id="L762" rel="#L762">762</span>
<span id="L763" rel="#L763">763</span>
<span id="L764" rel="#L764">764</span>
<span id="L765" rel="#L765">765</span>
<span id="L766" rel="#L766">766</span>
<span id="L767" rel="#L767">767</span>
<span id="L768" rel="#L768">768</span>
<span id="L769" rel="#L769">769</span>
<span id="L770" rel="#L770">770</span>
<span id="L771" rel="#L771">771</span>
<span id="L772" rel="#L772">772</span>
<span id="L773" rel="#L773">773</span>
<span id="L774" rel="#L774">774</span>
<span id="L775" rel="#L775">775</span>
<span id="L776" rel="#L776">776</span>
<span id="L777" rel="#L777">777</span>
<span id="L778" rel="#L778">778</span>
<span id="L779" rel="#L779">779</span>
<span id="L780" rel="#L780">780</span>
<span id="L781" rel="#L781">781</span>
<span id="L782" rel="#L782">782</span>
<span id="L783" rel="#L783">783</span>
<span id="L784" rel="#L784">784</span>
<span id="L785" rel="#L785">785</span>
<span id="L786" rel="#L786">786</span>
<span id="L787" rel="#L787">787</span>
<span id="L788" rel="#L788">788</span>
<span id="L789" rel="#L789">789</span>
<span id="L790" rel="#L790">790</span>
<span id="L791" rel="#L791">791</span>
<span id="L792" rel="#L792">792</span>
<span id="L793" rel="#L793">793</span>
<span id="L794" rel="#L794">794</span>
<span id="L795" rel="#L795">795</span>
<span id="L796" rel="#L796">796</span>
<span id="L797" rel="#L797">797</span>
<span id="L798" rel="#L798">798</span>
<span id="L799" rel="#L799">799</span>
<span id="L800" rel="#L800">800</span>
<span id="L801" rel="#L801">801</span>
<span id="L802" rel="#L802">802</span>
<span id="L803" rel="#L803">803</span>
<span id="L804" rel="#L804">804</span>
<span id="L805" rel="#L805">805</span>
<span id="L806" rel="#L806">806</span>
<span id="L807" rel="#L807">807</span>
<span id="L808" rel="#L808">808</span>
<span id="L809" rel="#L809">809</span>
<span id="L810" rel="#L810">810</span>
<span id="L811" rel="#L811">811</span>
<span id="L812" rel="#L812">812</span>
<span id="L813" rel="#L813">813</span>
<span id="L814" rel="#L814">814</span>
<span id="L815" rel="#L815">815</span>
<span id="L816" rel="#L816">816</span>
<span id="L817" rel="#L817">817</span>
<span id="L818" rel="#L818">818</span>
<span id="L819" rel="#L819">819</span>
<span id="L820" rel="#L820">820</span>
<span id="L821" rel="#L821">821</span>
<span id="L822" rel="#L822">822</span>
<span id="L823" rel="#L823">823</span>
<span id="L824" rel="#L824">824</span>
<span id="L825" rel="#L825">825</span>
<span id="L826" rel="#L826">826</span>
<span id="L827" rel="#L827">827</span>
<span id="L828" rel="#L828">828</span>
<span id="L829" rel="#L829">829</span>
<span id="L830" rel="#L830">830</span>
<span id="L831" rel="#L831">831</span>
<span id="L832" rel="#L832">832</span>
<span id="L833" rel="#L833">833</span>
<span id="L834" rel="#L834">834</span>
<span id="L835" rel="#L835">835</span>
<span id="L836" rel="#L836">836</span>
<span id="L837" rel="#L837">837</span>
<span id="L838" rel="#L838">838</span>
<span id="L839" rel="#L839">839</span>
<span id="L840" rel="#L840">840</span>
<span id="L841" rel="#L841">841</span>
<span id="L842" rel="#L842">842</span>
<span id="L843" rel="#L843">843</span>
<span id="L844" rel="#L844">844</span>
<span id="L845" rel="#L845">845</span>
<span id="L846" rel="#L846">846</span>
<span id="L847" rel="#L847">847</span>
<span id="L848" rel="#L848">848</span>
<span id="L849" rel="#L849">849</span>
<span id="L850" rel="#L850">850</span>
<span id="L851" rel="#L851">851</span>
<span id="L852" rel="#L852">852</span>
<span id="L853" rel="#L853">853</span>
<span id="L854" rel="#L854">854</span>
<span id="L855" rel="#L855">855</span>
<span id="L856" rel="#L856">856</span>
<span id="L857" rel="#L857">857</span>
<span id="L858" rel="#L858">858</span>
<span id="L859" rel="#L859">859</span>
<span id="L860" rel="#L860">860</span>
<span id="L861" rel="#L861">861</span>
<span id="L862" rel="#L862">862</span>
<span id="L863" rel="#L863">863</span>
<span id="L864" rel="#L864">864</span>
<span id="L865" rel="#L865">865</span>
<span id="L866" rel="#L866">866</span>
<span id="L867" rel="#L867">867</span>
<span id="L868" rel="#L868">868</span>
<span id="L869" rel="#L869">869</span>
<span id="L870" rel="#L870">870</span>
<span id="L871" rel="#L871">871</span>
<span id="L872" rel="#L872">872</span>
<span id="L873" rel="#L873">873</span>
<span id="L874" rel="#L874">874</span>
<span id="L875" rel="#L875">875</span>
<span id="L876" rel="#L876">876</span>
<span id="L877" rel="#L877">877</span>
<span id="L878" rel="#L878">878</span>
<span id="L879" rel="#L879">879</span>
<span id="L880" rel="#L880">880</span>
<span id="L881" rel="#L881">881</span>
<span id="L882" rel="#L882">882</span>
<span id="L883" rel="#L883">883</span>
<span id="L884" rel="#L884">884</span>
<span id="L885" rel="#L885">885</span>
<span id="L886" rel="#L886">886</span>
<span id="L887" rel="#L887">887</span>
<span id="L888" rel="#L888">888</span>
<span id="L889" rel="#L889">889</span>
<span id="L890" rel="#L890">890</span>
<span id="L891" rel="#L891">891</span>
<span id="L892" rel="#L892">892</span>
<span id="L893" rel="#L893">893</span>
<span id="L894" rel="#L894">894</span>
<span id="L895" rel="#L895">895</span>
<span id="L896" rel="#L896">896</span>
<span id="L897" rel="#L897">897</span>
<span id="L898" rel="#L898">898</span>
<span id="L899" rel="#L899">899</span>
<span id="L900" rel="#L900">900</span>
<span id="L901" rel="#L901">901</span>
<span id="L902" rel="#L902">902</span>
<span id="L903" rel="#L903">903</span>
<span id="L904" rel="#L904">904</span>
<span id="L905" rel="#L905">905</span>
<span id="L906" rel="#L906">906</span>
<span id="L907" rel="#L907">907</span>
<span id="L908" rel="#L908">908</span>
<span id="L909" rel="#L909">909</span>
<span id="L910" rel="#L910">910</span>
<span id="L911" rel="#L911">911</span>
<span id="L912" rel="#L912">912</span>
<span id="L913" rel="#L913">913</span>
<span id="L914" rel="#L914">914</span>
<span id="L915" rel="#L915">915</span>
<span id="L916" rel="#L916">916</span>
<span id="L917" rel="#L917">917</span>
<span id="L918" rel="#L918">918</span>
<span id="L919" rel="#L919">919</span>
<span id="L920" rel="#L920">920</span>
<span id="L921" rel="#L921">921</span>
<span id="L922" rel="#L922">922</span>
<span id="L923" rel="#L923">923</span>
<span id="L924" rel="#L924">924</span>
<span id="L925" rel="#L925">925</span>
<span id="L926" rel="#L926">926</span>
<span id="L927" rel="#L927">927</span>
<span id="L928" rel="#L928">928</span>
<span id="L929" rel="#L929">929</span>
<span id="L930" rel="#L930">930</span>
<span id="L931" rel="#L931">931</span>
<span id="L932" rel="#L932">932</span>
<span id="L933" rel="#L933">933</span>
<span id="L934" rel="#L934">934</span>
<span id="L935" rel="#L935">935</span>
<span id="L936" rel="#L936">936</span>
<span id="L937" rel="#L937">937</span>
<span id="L938" rel="#L938">938</span>
<span id="L939" rel="#L939">939</span>
<span id="L940" rel="#L940">940</span>
<span id="L941" rel="#L941">941</span>
<span id="L942" rel="#L942">942</span>
<span id="L943" rel="#L943">943</span>
<span id="L944" rel="#L944">944</span>
<span id="L945" rel="#L945">945</span>
<span id="L946" rel="#L946">946</span>
<span id="L947" rel="#L947">947</span>
<span id="L948" rel="#L948">948</span>
<span id="L949" rel="#L949">949</span>
<span id="L950" rel="#L950">950</span>
<span id="L951" rel="#L951">951</span>
<span id="L952" rel="#L952">952</span>
<span id="L953" rel="#L953">953</span>
<span id="L954" rel="#L954">954</span>
<span id="L955" rel="#L955">955</span>
<span id="L956" rel="#L956">956</span>
<span id="L957" rel="#L957">957</span>
<span id="L958" rel="#L958">958</span>
<span id="L959" rel="#L959">959</span>
<span id="L960" rel="#L960">960</span>
<span id="L961" rel="#L961">961</span>
<span id="L962" rel="#L962">962</span>
<span id="L963" rel="#L963">963</span>
<span id="L964" rel="#L964">964</span>
<span id="L965" rel="#L965">965</span>
<span id="L966" rel="#L966">966</span>
<span id="L967" rel="#L967">967</span>
<span id="L968" rel="#L968">968</span>
<span id="L969" rel="#L969">969</span>
<span id="L970" rel="#L970">970</span>
<span id="L971" rel="#L971">971</span>
<span id="L972" rel="#L972">972</span>
<span id="L973" rel="#L973">973</span>
<span id="L974" rel="#L974">974</span>
<span id="L975" rel="#L975">975</span>
<span id="L976" rel="#L976">976</span>
<span id="L977" rel="#L977">977</span>
<span id="L978" rel="#L978">978</span>
<span id="L979" rel="#L979">979</span>
<span id="L980" rel="#L980">980</span>
<span id="L981" rel="#L981">981</span>
<span id="L982" rel="#L982">982</span>
<span id="L983" rel="#L983">983</span>
<span id="L984" rel="#L984">984</span>
<span id="L985" rel="#L985">985</span>
<span id="L986" rel="#L986">986</span>
<span id="L987" rel="#L987">987</span>
<span id="L988" rel="#L988">988</span>
<span id="L989" rel="#L989">989</span>
<span id="L990" rel="#L990">990</span>
<span id="L991" rel="#L991">991</span>
<span id="L992" rel="#L992">992</span>
<span id="L993" rel="#L993">993</span>
<span id="L994" rel="#L994">994</span>
<span id="L995" rel="#L995">995</span>
<span id="L996" rel="#L996">996</span>
<span id="L997" rel="#L997">997</span>
<span id="L998" rel="#L998">998</span>
<span id="L999" rel="#L999">999</span>
<span id="L1000" rel="#L1000">1000</span>
<span id="L1001" rel="#L1001">1001</span>
<span id="L1002" rel="#L1002">1002</span>
<span id="L1003" rel="#L1003">1003</span>
<span id="L1004" rel="#L1004">1004</span>
<span id="L1005" rel="#L1005">1005</span>
<span id="L1006" rel="#L1006">1006</span>
<span id="L1007" rel="#L1007">1007</span>
<span id="L1008" rel="#L1008">1008</span>
<span id="L1009" rel="#L1009">1009</span>
<span id="L1010" rel="#L1010">1010</span>
<span id="L1011" rel="#L1011">1011</span>
<span id="L1012" rel="#L1012">1012</span>
<span id="L1013" rel="#L1013">1013</span>
<span id="L1014" rel="#L1014">1014</span>
<span id="L1015" rel="#L1015">1015</span>
<span id="L1016" rel="#L1016">1016</span>
<span id="L1017" rel="#L1017">1017</span>
<span id="L1018" rel="#L1018">1018</span>
<span id="L1019" rel="#L1019">1019</span>
<span id="L1020" rel="#L1020">1020</span>
<span id="L1021" rel="#L1021">1021</span>
<span id="L1022" rel="#L1022">1022</span>
<span id="L1023" rel="#L1023">1023</span>
<span id="L1024" rel="#L1024">1024</span>
<span id="L1025" rel="#L1025">1025</span>
<span id="L1026" rel="#L1026">1026</span>
<span id="L1027" rel="#L1027">1027</span>
<span id="L1028" rel="#L1028">1028</span>
<span id="L1029" rel="#L1029">1029</span>
<span id="L1030" rel="#L1030">1030</span>
<span id="L1031" rel="#L1031">1031</span>
<span id="L1032" rel="#L1032">1032</span>
<span id="L1033" rel="#L1033">1033</span>
<span id="L1034" rel="#L1034">1034</span>
<span id="L1035" rel="#L1035">1035</span>
<span id="L1036" rel="#L1036">1036</span>
<span id="L1037" rel="#L1037">1037</span>
<span id="L1038" rel="#L1038">1038</span>
<span id="L1039" rel="#L1039">1039</span>
<span id="L1040" rel="#L1040">1040</span>
<span id="L1041" rel="#L1041">1041</span>
<span id="L1042" rel="#L1042">1042</span>
<span id="L1043" rel="#L1043">1043</span>
<span id="L1044" rel="#L1044">1044</span>
<span id="L1045" rel="#L1045">1045</span>
<span id="L1046" rel="#L1046">1046</span>
<span id="L1047" rel="#L1047">1047</span>
<span id="L1048" rel="#L1048">1048</span>
<span id="L1049" rel="#L1049">1049</span>
<span id="L1050" rel="#L1050">1050</span>
<span id="L1051" rel="#L1051">1051</span>
<span id="L1052" rel="#L1052">1052</span>
<span id="L1053" rel="#L1053">1053</span>
<span id="L1054" rel="#L1054">1054</span>
<span id="L1055" rel="#L1055">1055</span>
<span id="L1056" rel="#L1056">1056</span>
<span id="L1057" rel="#L1057">1057</span>
<span id="L1058" rel="#L1058">1058</span>
<span id="L1059" rel="#L1059">1059</span>
<span id="L1060" rel="#L1060">1060</span>
<span id="L1061" rel="#L1061">1061</span>
<span id="L1062" rel="#L1062">1062</span>
<span id="L1063" rel="#L1063">1063</span>
<span id="L1064" rel="#L1064">1064</span>
<span id="L1065" rel="#L1065">1065</span>
<span id="L1066" rel="#L1066">1066</span>
<span id="L1067" rel="#L1067">1067</span>
<span id="L1068" rel="#L1068">1068</span>
<span id="L1069" rel="#L1069">1069</span>
<span id="L1070" rel="#L1070">1070</span>
<span id="L1071" rel="#L1071">1071</span>
<span id="L1072" rel="#L1072">1072</span>
<span id="L1073" rel="#L1073">1073</span>
<span id="L1074" rel="#L1074">1074</span>
<span id="L1075" rel="#L1075">1075</span>
<span id="L1076" rel="#L1076">1076</span>
<span id="L1077" rel="#L1077">1077</span>
<span id="L1078" rel="#L1078">1078</span>
<span id="L1079" rel="#L1079">1079</span>
<span id="L1080" rel="#L1080">1080</span>
<span id="L1081" rel="#L1081">1081</span>
<span id="L1082" rel="#L1082">1082</span>
<span id="L1083" rel="#L1083">1083</span>
<span id="L1084" rel="#L1084">1084</span>
<span id="L1085" rel="#L1085">1085</span>
<span id="L1086" rel="#L1086">1086</span>
<span id="L1087" rel="#L1087">1087</span>
<span id="L1088" rel="#L1088">1088</span>
<span id="L1089" rel="#L1089">1089</span>
<span id="L1090" rel="#L1090">1090</span>
<span id="L1091" rel="#L1091">1091</span>
<span id="L1092" rel="#L1092">1092</span>
<span id="L1093" rel="#L1093">1093</span>
<span id="L1094" rel="#L1094">1094</span>
<span id="L1095" rel="#L1095">1095</span>
<span id="L1096" rel="#L1096">1096</span>
<span id="L1097" rel="#L1097">1097</span>
<span id="L1098" rel="#L1098">1098</span>
<span id="L1099" rel="#L1099">1099</span>
<span id="L1100" rel="#L1100">1100</span>
<span id="L1101" rel="#L1101">1101</span>
<span id="L1102" rel="#L1102">1102</span>
<span id="L1103" rel="#L1103">1103</span>
<span id="L1104" rel="#L1104">1104</span>
<span id="L1105" rel="#L1105">1105</span>
<span id="L1106" rel="#L1106">1106</span>
<span id="L1107" rel="#L1107">1107</span>
<span id="L1108" rel="#L1108">1108</span>
<span id="L1109" rel="#L1109">1109</span>
<span id="L1110" rel="#L1110">1110</span>
<span id="L1111" rel="#L1111">1111</span>
<span id="L1112" rel="#L1112">1112</span>
<span id="L1113" rel="#L1113">1113</span>
<span id="L1114" rel="#L1114">1114</span>
<span id="L1115" rel="#L1115">1115</span>
<span id="L1116" rel="#L1116">1116</span>
<span id="L1117" rel="#L1117">1117</span>
<span id="L1118" rel="#L1118">1118</span>
<span id="L1119" rel="#L1119">1119</span>
<span id="L1120" rel="#L1120">1120</span>
<span id="L1121" rel="#L1121">1121</span>
<span id="L1122" rel="#L1122">1122</span>
<span id="L1123" rel="#L1123">1123</span>
<span id="L1124" rel="#L1124">1124</span>
<span id="L1125" rel="#L1125">1125</span>
<span id="L1126" rel="#L1126">1126</span>
<span id="L1127" rel="#L1127">1127</span>
<span id="L1128" rel="#L1128">1128</span>
<span id="L1129" rel="#L1129">1129</span>
<span id="L1130" rel="#L1130">1130</span>
<span id="L1131" rel="#L1131">1131</span>
<span id="L1132" rel="#L1132">1132</span>
<span id="L1133" rel="#L1133">1133</span>
<span id="L1134" rel="#L1134">1134</span>
<span id="L1135" rel="#L1135">1135</span>
<span id="L1136" rel="#L1136">1136</span>
<span id="L1137" rel="#L1137">1137</span>
<span id="L1138" rel="#L1138">1138</span>
<span id="L1139" rel="#L1139">1139</span>
<span id="L1140" rel="#L1140">1140</span>
<span id="L1141" rel="#L1141">1141</span>
<span id="L1142" rel="#L1142">1142</span>
<span id="L1143" rel="#L1143">1143</span>
<span id="L1144" rel="#L1144">1144</span>
<span id="L1145" rel="#L1145">1145</span>
<span id="L1146" rel="#L1146">1146</span>
<span id="L1147" rel="#L1147">1147</span>
<span id="L1148" rel="#L1148">1148</span>
<span id="L1149" rel="#L1149">1149</span>
<span id="L1150" rel="#L1150">1150</span>
<span id="L1151" rel="#L1151">1151</span>
<span id="L1152" rel="#L1152">1152</span>
<span id="L1153" rel="#L1153">1153</span>
<span id="L1154" rel="#L1154">1154</span>
<span id="L1155" rel="#L1155">1155</span>
<span id="L1156" rel="#L1156">1156</span>
<span id="L1157" rel="#L1157">1157</span>
<span id="L1158" rel="#L1158">1158</span>
<span id="L1159" rel="#L1159">1159</span>
<span id="L1160" rel="#L1160">1160</span>
<span id="L1161" rel="#L1161">1161</span>
<span id="L1162" rel="#L1162">1162</span>
<span id="L1163" rel="#L1163">1163</span>
<span id="L1164" rel="#L1164">1164</span>
<span id="L1165" rel="#L1165">1165</span>
<span id="L1166" rel="#L1166">1166</span>
<span id="L1167" rel="#L1167">1167</span>
<span id="L1168" rel="#L1168">1168</span>
<span id="L1169" rel="#L1169">1169</span>
<span id="L1170" rel="#L1170">1170</span>
<span id="L1171" rel="#L1171">1171</span>
<span id="L1172" rel="#L1172">1172</span>
<span id="L1173" rel="#L1173">1173</span>
<span id="L1174" rel="#L1174">1174</span>
<span id="L1175" rel="#L1175">1175</span>
<span id="L1176" rel="#L1176">1176</span>
<span id="L1177" rel="#L1177">1177</span>
<span id="L1178" rel="#L1178">1178</span>
<span id="L1179" rel="#L1179">1179</span>
<span id="L1180" rel="#L1180">1180</span>
<span id="L1181" rel="#L1181">1181</span>
<span id="L1182" rel="#L1182">1182</span>
<span id="L1183" rel="#L1183">1183</span>
<span id="L1184" rel="#L1184">1184</span>
<span id="L1185" rel="#L1185">1185</span>
<span id="L1186" rel="#L1186">1186</span>
<span id="L1187" rel="#L1187">1187</span>
<span id="L1188" rel="#L1188">1188</span>
<span id="L1189" rel="#L1189">1189</span>
<span id="L1190" rel="#L1190">1190</span>
<span id="L1191" rel="#L1191">1191</span>
<span id="L1192" rel="#L1192">1192</span>
<span id="L1193" rel="#L1193">1193</span>
<span id="L1194" rel="#L1194">1194</span>
<span id="L1195" rel="#L1195">1195</span>
<span id="L1196" rel="#L1196">1196</span>
<span id="L1197" rel="#L1197">1197</span>
<span id="L1198" rel="#L1198">1198</span>
<span id="L1199" rel="#L1199">1199</span>
<span id="L1200" rel="#L1200">1200</span>
<span id="L1201" rel="#L1201">1201</span>
<span id="L1202" rel="#L1202">1202</span>
<span id="L1203" rel="#L1203">1203</span>
<span id="L1204" rel="#L1204">1204</span>
<span id="L1205" rel="#L1205">1205</span>
<span id="L1206" rel="#L1206">1206</span>
<span id="L1207" rel="#L1207">1207</span>
<span id="L1208" rel="#L1208">1208</span>
<span id="L1209" rel="#L1209">1209</span>
<span id="L1210" rel="#L1210">1210</span>
<span id="L1211" rel="#L1211">1211</span>
<span id="L1212" rel="#L1212">1212</span>
<span id="L1213" rel="#L1213">1213</span>
<span id="L1214" rel="#L1214">1214</span>
<span id="L1215" rel="#L1215">1215</span>
<span id="L1216" rel="#L1216">1216</span>
<span id="L1217" rel="#L1217">1217</span>
<span id="L1218" rel="#L1218">1218</span>
<span id="L1219" rel="#L1219">1219</span>
<span id="L1220" rel="#L1220">1220</span>
<span id="L1221" rel="#L1221">1221</span>
<span id="L1222" rel="#L1222">1222</span>
<span id="L1223" rel="#L1223">1223</span>
<span id="L1224" rel="#L1224">1224</span>
<span id="L1225" rel="#L1225">1225</span>
<span id="L1226" rel="#L1226">1226</span>
<span id="L1227" rel="#L1227">1227</span>
<span id="L1228" rel="#L1228">1228</span>
<span id="L1229" rel="#L1229">1229</span>
<span id="L1230" rel="#L1230">1230</span>
<span id="L1231" rel="#L1231">1231</span>
<span id="L1232" rel="#L1232">1232</span>
<span id="L1233" rel="#L1233">1233</span>
<span id="L1234" rel="#L1234">1234</span>
<span id="L1235" rel="#L1235">1235</span>
<span id="L1236" rel="#L1236">1236</span>
<span id="L1237" rel="#L1237">1237</span>
<span id="L1238" rel="#L1238">1238</span>
<span id="L1239" rel="#L1239">1239</span>
<span id="L1240" rel="#L1240">1240</span>
<span id="L1241" rel="#L1241">1241</span>
<span id="L1242" rel="#L1242">1242</span>
<span id="L1243" rel="#L1243">1243</span>
<span id="L1244" rel="#L1244">1244</span>
<span id="L1245" rel="#L1245">1245</span>
<span id="L1246" rel="#L1246">1246</span>
<span id="L1247" rel="#L1247">1247</span>
<span id="L1248" rel="#L1248">1248</span>
<span id="L1249" rel="#L1249">1249</span>
<span id="L1250" rel="#L1250">1250</span>
<span id="L1251" rel="#L1251">1251</span>
<span id="L1252" rel="#L1252">1252</span>
<span id="L1253" rel="#L1253">1253</span>
<span id="L1254" rel="#L1254">1254</span>
<span id="L1255" rel="#L1255">1255</span>
<span id="L1256" rel="#L1256">1256</span>
<span id="L1257" rel="#L1257">1257</span>
<span id="L1258" rel="#L1258">1258</span>
<span id="L1259" rel="#L1259">1259</span>
<span id="L1260" rel="#L1260">1260</span>
<span id="L1261" rel="#L1261">1261</span>
<span id="L1262" rel="#L1262">1262</span>
<span id="L1263" rel="#L1263">1263</span>
<span id="L1264" rel="#L1264">1264</span>
<span id="L1265" rel="#L1265">1265</span>
<span id="L1266" rel="#L1266">1266</span>
<span id="L1267" rel="#L1267">1267</span>
<span id="L1268" rel="#L1268">1268</span>
<span id="L1269" rel="#L1269">1269</span>
<span id="L1270" rel="#L1270">1270</span>
<span id="L1271" rel="#L1271">1271</span>
<span id="L1272" rel="#L1272">1272</span>
<span id="L1273" rel="#L1273">1273</span>
<span id="L1274" rel="#L1274">1274</span>
<span id="L1275" rel="#L1275">1275</span>
<span id="L1276" rel="#L1276">1276</span>
<span id="L1277" rel="#L1277">1277</span>
<span id="L1278" rel="#L1278">1278</span>
<span id="L1279" rel="#L1279">1279</span>
<span id="L1280" rel="#L1280">1280</span>
<span id="L1281" rel="#L1281">1281</span>
<span id="L1282" rel="#L1282">1282</span>
<span id="L1283" rel="#L1283">1283</span>
<span id="L1284" rel="#L1284">1284</span>
<span id="L1285" rel="#L1285">1285</span>
<span id="L1286" rel="#L1286">1286</span>
<span id="L1287" rel="#L1287">1287</span>
<span id="L1288" rel="#L1288">1288</span>
<span id="L1289" rel="#L1289">1289</span>
<span id="L1290" rel="#L1290">1290</span>
<span id="L1291" rel="#L1291">1291</span>
<span id="L1292" rel="#L1292">1292</span>
<span id="L1293" rel="#L1293">1293</span>
<span id="L1294" rel="#L1294">1294</span>
<span id="L1295" rel="#L1295">1295</span>
<span id="L1296" rel="#L1296">1296</span>
<span id="L1297" rel="#L1297">1297</span>
<span id="L1298" rel="#L1298">1298</span>
<span id="L1299" rel="#L1299">1299</span>
<span id="L1300" rel="#L1300">1300</span>
<span id="L1301" rel="#L1301">1301</span>
<span id="L1302" rel="#L1302">1302</span>
<span id="L1303" rel="#L1303">1303</span>
<span id="L1304" rel="#L1304">1304</span>
<span id="L1305" rel="#L1305">1305</span>
<span id="L1306" rel="#L1306">1306</span>
<span id="L1307" rel="#L1307">1307</span>
<span id="L1308" rel="#L1308">1308</span>
<span id="L1309" rel="#L1309">1309</span>
<span id="L1310" rel="#L1310">1310</span>
<span id="L1311" rel="#L1311">1311</span>
<span id="L1312" rel="#L1312">1312</span>
<span id="L1313" rel="#L1313">1313</span>
<span id="L1314" rel="#L1314">1314</span>
<span id="L1315" rel="#L1315">1315</span>
<span id="L1316" rel="#L1316">1316</span>
<span id="L1317" rel="#L1317">1317</span>
<span id="L1318" rel="#L1318">1318</span>
<span id="L1319" rel="#L1319">1319</span>
<span id="L1320" rel="#L1320">1320</span>
<span id="L1321" rel="#L1321">1321</span>
<span id="L1322" rel="#L1322">1322</span>
<span id="L1323" rel="#L1323">1323</span>
<span id="L1324" rel="#L1324">1324</span>
<span id="L1325" rel="#L1325">1325</span>
<span id="L1326" rel="#L1326">1326</span>
<span id="L1327" rel="#L1327">1327</span>
<span id="L1328" rel="#L1328">1328</span>
<span id="L1329" rel="#L1329">1329</span>
<span id="L1330" rel="#L1330">1330</span>
<span id="L1331" rel="#L1331">1331</span>
<span id="L1332" rel="#L1332">1332</span>
<span id="L1333" rel="#L1333">1333</span>
<span id="L1334" rel="#L1334">1334</span>
<span id="L1335" rel="#L1335">1335</span>
<span id="L1336" rel="#L1336">1336</span>
<span id="L1337" rel="#L1337">1337</span>
<span id="L1338" rel="#L1338">1338</span>
<span id="L1339" rel="#L1339">1339</span>
<span id="L1340" rel="#L1340">1340</span>
<span id="L1341" rel="#L1341">1341</span>
<span id="L1342" rel="#L1342">1342</span>
<span id="L1343" rel="#L1343">1343</span>
<span id="L1344" rel="#L1344">1344</span>
<span id="L1345" rel="#L1345">1345</span>
<span id="L1346" rel="#L1346">1346</span>
<span id="L1347" rel="#L1347">1347</span>
<span id="L1348" rel="#L1348">1348</span>
<span id="L1349" rel="#L1349">1349</span>
<span id="L1350" rel="#L1350">1350</span>
<span id="L1351" rel="#L1351">1351</span>
<span id="L1352" rel="#L1352">1352</span>
<span id="L1353" rel="#L1353">1353</span>
<span id="L1354" rel="#L1354">1354</span>
<span id="L1355" rel="#L1355">1355</span>
<span id="L1356" rel="#L1356">1356</span>
<span id="L1357" rel="#L1357">1357</span>
<span id="L1358" rel="#L1358">1358</span>
<span id="L1359" rel="#L1359">1359</span>
<span id="L1360" rel="#L1360">1360</span>
<span id="L1361" rel="#L1361">1361</span>
<span id="L1362" rel="#L1362">1362</span>
<span id="L1363" rel="#L1363">1363</span>
<span id="L1364" rel="#L1364">1364</span>
<span id="L1365" rel="#L1365">1365</span>
<span id="L1366" rel="#L1366">1366</span>
<span id="L1367" rel="#L1367">1367</span>
<span id="L1368" rel="#L1368">1368</span>
<span id="L1369" rel="#L1369">1369</span>
<span id="L1370" rel="#L1370">1370</span>
<span id="L1371" rel="#L1371">1371</span>
<span id="L1372" rel="#L1372">1372</span>
<span id="L1373" rel="#L1373">1373</span>
<span id="L1374" rel="#L1374">1374</span>
<span id="L1375" rel="#L1375">1375</span>
<span id="L1376" rel="#L1376">1376</span>
<span id="L1377" rel="#L1377">1377</span>
<span id="L1378" rel="#L1378">1378</span>
<span id="L1379" rel="#L1379">1379</span>
<span id="L1380" rel="#L1380">1380</span>
<span id="L1381" rel="#L1381">1381</span>
<span id="L1382" rel="#L1382">1382</span>
<span id="L1383" rel="#L1383">1383</span>
<span id="L1384" rel="#L1384">1384</span>
<span id="L1385" rel="#L1385">1385</span>
<span id="L1386" rel="#L1386">1386</span>
<span id="L1387" rel="#L1387">1387</span>
<span id="L1388" rel="#L1388">1388</span>
<span id="L1389" rel="#L1389">1389</span>
<span id="L1390" rel="#L1390">1390</span>
<span id="L1391" rel="#L1391">1391</span>
<span id="L1392" rel="#L1392">1392</span>
<span id="L1393" rel="#L1393">1393</span>
<span id="L1394" rel="#L1394">1394</span>
<span id="L1395" rel="#L1395">1395</span>
<span id="L1396" rel="#L1396">1396</span>
<span id="L1397" rel="#L1397">1397</span>
<span id="L1398" rel="#L1398">1398</span>
<span id="L1399" rel="#L1399">1399</span>
<span id="L1400" rel="#L1400">1400</span>
<span id="L1401" rel="#L1401">1401</span>
<span id="L1402" rel="#L1402">1402</span>
<span id="L1403" rel="#L1403">1403</span>
<span id="L1404" rel="#L1404">1404</span>
<span id="L1405" rel="#L1405">1405</span>
<span id="L1406" rel="#L1406">1406</span>
<span id="L1407" rel="#L1407">1407</span>
<span id="L1408" rel="#L1408">1408</span>
<span id="L1409" rel="#L1409">1409</span>
<span id="L1410" rel="#L1410">1410</span>
<span id="L1411" rel="#L1411">1411</span>
<span id="L1412" rel="#L1412">1412</span>
<span id="L1413" rel="#L1413">1413</span>
<span id="L1414" rel="#L1414">1414</span>
<span id="L1415" rel="#L1415">1415</span>
<span id="L1416" rel="#L1416">1416</span>
<span id="L1417" rel="#L1417">1417</span>
<span id="L1418" rel="#L1418">1418</span>
<span id="L1419" rel="#L1419">1419</span>
<span id="L1420" rel="#L1420">1420</span>
<span id="L1421" rel="#L1421">1421</span>
<span id="L1422" rel="#L1422">1422</span>
<span id="L1423" rel="#L1423">1423</span>
<span id="L1424" rel="#L1424">1424</span>
<span id="L1425" rel="#L1425">1425</span>
<span id="L1426" rel="#L1426">1426</span>
<span id="L1427" rel="#L1427">1427</span>
<span id="L1428" rel="#L1428">1428</span>
<span id="L1429" rel="#L1429">1429</span>
<span id="L1430" rel="#L1430">1430</span>
<span id="L1431" rel="#L1431">1431</span>
<span id="L1432" rel="#L1432">1432</span>
<span id="L1433" rel="#L1433">1433</span>
<span id="L1434" rel="#L1434">1434</span>
<span id="L1435" rel="#L1435">1435</span>
<span id="L1436" rel="#L1436">1436</span>
<span id="L1437" rel="#L1437">1437</span>
<span id="L1438" rel="#L1438">1438</span>
<span id="L1439" rel="#L1439">1439</span>
<span id="L1440" rel="#L1440">1440</span>
<span id="L1441" rel="#L1441">1441</span>
<span id="L1442" rel="#L1442">1442</span>
<span id="L1443" rel="#L1443">1443</span>
<span id="L1444" rel="#L1444">1444</span>
<span id="L1445" rel="#L1445">1445</span>
<span id="L1446" rel="#L1446">1446</span>
<span id="L1447" rel="#L1447">1447</span>
<span id="L1448" rel="#L1448">1448</span>
<span id="L1449" rel="#L1449">1449</span>
<span id="L1450" rel="#L1450">1450</span>
<span id="L1451" rel="#L1451">1451</span>
<span id="L1452" rel="#L1452">1452</span>
<span id="L1453" rel="#L1453">1453</span>
<span id="L1454" rel="#L1454">1454</span>
<span id="L1455" rel="#L1455">1455</span>
<span id="L1456" rel="#L1456">1456</span>
<span id="L1457" rel="#L1457">1457</span>
<span id="L1458" rel="#L1458">1458</span>
<span id="L1459" rel="#L1459">1459</span>
<span id="L1460" rel="#L1460">1460</span>
<span id="L1461" rel="#L1461">1461</span>
<span id="L1462" rel="#L1462">1462</span>
<span id="L1463" rel="#L1463">1463</span>
<span id="L1464" rel="#L1464">1464</span>
<span id="L1465" rel="#L1465">1465</span>
<span id="L1466" rel="#L1466">1466</span>
<span id="L1467" rel="#L1467">1467</span>
<span id="L1468" rel="#L1468">1468</span>
<span id="L1469" rel="#L1469">1469</span>
<span id="L1470" rel="#L1470">1470</span>
<span id="L1471" rel="#L1471">1471</span>
<span id="L1472" rel="#L1472">1472</span>
<span id="L1473" rel="#L1473">1473</span>
<span id="L1474" rel="#L1474">1474</span>
<span id="L1475" rel="#L1475">1475</span>
<span id="L1476" rel="#L1476">1476</span>
<span id="L1477" rel="#L1477">1477</span>
<span id="L1478" rel="#L1478">1478</span>
<span id="L1479" rel="#L1479">1479</span>
<span id="L1480" rel="#L1480">1480</span>
<span id="L1481" rel="#L1481">1481</span>
<span id="L1482" rel="#L1482">1482</span>
<span id="L1483" rel="#L1483">1483</span>
<span id="L1484" rel="#L1484">1484</span>
<span id="L1485" rel="#L1485">1485</span>
<span id="L1486" rel="#L1486">1486</span>
<span id="L1487" rel="#L1487">1487</span>
<span id="L1488" rel="#L1488">1488</span>
<span id="L1489" rel="#L1489">1489</span>
<span id="L1490" rel="#L1490">1490</span>
<span id="L1491" rel="#L1491">1491</span>
<span id="L1492" rel="#L1492">1492</span>
<span id="L1493" rel="#L1493">1493</span>
<span id="L1494" rel="#L1494">1494</span>
<span id="L1495" rel="#L1495">1495</span>
<span id="L1496" rel="#L1496">1496</span>
<span id="L1497" rel="#L1497">1497</span>
<span id="L1498" rel="#L1498">1498</span>
<span id="L1499" rel="#L1499">1499</span>
<span id="L1500" rel="#L1500">1500</span>
<span id="L1501" rel="#L1501">1501</span>
<span id="L1502" rel="#L1502">1502</span>
<span id="L1503" rel="#L1503">1503</span>
<span id="L1504" rel="#L1504">1504</span>
<span id="L1505" rel="#L1505">1505</span>
<span id="L1506" rel="#L1506">1506</span>
<span id="L1507" rel="#L1507">1507</span>
<span id="L1508" rel="#L1508">1508</span>
<span id="L1509" rel="#L1509">1509</span>
<span id="L1510" rel="#L1510">1510</span>
<span id="L1511" rel="#L1511">1511</span>
<span id="L1512" rel="#L1512">1512</span>
<span id="L1513" rel="#L1513">1513</span>
<span id="L1514" rel="#L1514">1514</span>
<span id="L1515" rel="#L1515">1515</span>
<span id="L1516" rel="#L1516">1516</span>
<span id="L1517" rel="#L1517">1517</span>
<span id="L1518" rel="#L1518">1518</span>
<span id="L1519" rel="#L1519">1519</span>
<span id="L1520" rel="#L1520">1520</span>
<span id="L1521" rel="#L1521">1521</span>
<span id="L1522" rel="#L1522">1522</span>
<span id="L1523" rel="#L1523">1523</span>
<span id="L1524" rel="#L1524">1524</span>
<span id="L1525" rel="#L1525">1525</span>
<span id="L1526" rel="#L1526">1526</span>
<span id="L1527" rel="#L1527">1527</span>
<span id="L1528" rel="#L1528">1528</span>
<span id="L1529" rel="#L1529">1529</span>
<span id="L1530" rel="#L1530">1530</span>
<span id="L1531" rel="#L1531">1531</span>
<span id="L1532" rel="#L1532">1532</span>
<span id="L1533" rel="#L1533">1533</span>
<span id="L1534" rel="#L1534">1534</span>
<span id="L1535" rel="#L1535">1535</span>
<span id="L1536" rel="#L1536">1536</span>
<span id="L1537" rel="#L1537">1537</span>
<span id="L1538" rel="#L1538">1538</span>
<span id="L1539" rel="#L1539">1539</span>
<span id="L1540" rel="#L1540">1540</span>
<span id="L1541" rel="#L1541">1541</span>
<span id="L1542" rel="#L1542">1542</span>
<span id="L1543" rel="#L1543">1543</span>
<span id="L1544" rel="#L1544">1544</span>
<span id="L1545" rel="#L1545">1545</span>
<span id="L1546" rel="#L1546">1546</span>
<span id="L1547" rel="#L1547">1547</span>
<span id="L1548" rel="#L1548">1548</span>
<span id="L1549" rel="#L1549">1549</span>
<span id="L1550" rel="#L1550">1550</span>
<span id="L1551" rel="#L1551">1551</span>
<span id="L1552" rel="#L1552">1552</span>
<span id="L1553" rel="#L1553">1553</span>
<span id="L1554" rel="#L1554">1554</span>
<span id="L1555" rel="#L1555">1555</span>
<span id="L1556" rel="#L1556">1556</span>
<span id="L1557" rel="#L1557">1557</span>
<span id="L1558" rel="#L1558">1558</span>
<span id="L1559" rel="#L1559">1559</span>
<span id="L1560" rel="#L1560">1560</span>
<span id="L1561" rel="#L1561">1561</span>
<span id="L1562" rel="#L1562">1562</span>
<span id="L1563" rel="#L1563">1563</span>
<span id="L1564" rel="#L1564">1564</span>
<span id="L1565" rel="#L1565">1565</span>
<span id="L1566" rel="#L1566">1566</span>
<span id="L1567" rel="#L1567">1567</span>
<span id="L1568" rel="#L1568">1568</span>
<span id="L1569" rel="#L1569">1569</span>
<span id="L1570" rel="#L1570">1570</span>
<span id="L1571" rel="#L1571">1571</span>
<span id="L1572" rel="#L1572">1572</span>
<span id="L1573" rel="#L1573">1573</span>
<span id="L1574" rel="#L1574">1574</span>
<span id="L1575" rel="#L1575">1575</span>
<span id="L1576" rel="#L1576">1576</span>
<span id="L1577" rel="#L1577">1577</span>
<span id="L1578" rel="#L1578">1578</span>
<span id="L1579" rel="#L1579">1579</span>
<span id="L1580" rel="#L1580">1580</span>
<span id="L1581" rel="#L1581">1581</span>
<span id="L1582" rel="#L1582">1582</span>
<span id="L1583" rel="#L1583">1583</span>
<span id="L1584" rel="#L1584">1584</span>
<span id="L1585" rel="#L1585">1585</span>
<span id="L1586" rel="#L1586">1586</span>
<span id="L1587" rel="#L1587">1587</span>
<span id="L1588" rel="#L1588">1588</span>
<span id="L1589" rel="#L1589">1589</span>
<span id="L1590" rel="#L1590">1590</span>
<span id="L1591" rel="#L1591">1591</span>
<span id="L1592" rel="#L1592">1592</span>
<span id="L1593" rel="#L1593">1593</span>
<span id="L1594" rel="#L1594">1594</span>
<span id="L1595" rel="#L1595">1595</span>
<span id="L1596" rel="#L1596">1596</span>
<span id="L1597" rel="#L1597">1597</span>
<span id="L1598" rel="#L1598">1598</span>
<span id="L1599" rel="#L1599">1599</span>
<span id="L1600" rel="#L1600">1600</span>
<span id="L1601" rel="#L1601">1601</span>
<span id="L1602" rel="#L1602">1602</span>
<span id="L1603" rel="#L1603">1603</span>
<span id="L1604" rel="#L1604">1604</span>
<span id="L1605" rel="#L1605">1605</span>
<span id="L1606" rel="#L1606">1606</span>
<span id="L1607" rel="#L1607">1607</span>
<span id="L1608" rel="#L1608">1608</span>
<span id="L1609" rel="#L1609">1609</span>
<span id="L1610" rel="#L1610">1610</span>
<span id="L1611" rel="#L1611">1611</span>
<span id="L1612" rel="#L1612">1612</span>
<span id="L1613" rel="#L1613">1613</span>
<span id="L1614" rel="#L1614">1614</span>
<span id="L1615" rel="#L1615">1615</span>
<span id="L1616" rel="#L1616">1616</span>
<span id="L1617" rel="#L1617">1617</span>
<span id="L1618" rel="#L1618">1618</span>
<span id="L1619" rel="#L1619">1619</span>
<span id="L1620" rel="#L1620">1620</span>
<span id="L1621" rel="#L1621">1621</span>
<span id="L1622" rel="#L1622">1622</span>
<span id="L1623" rel="#L1623">1623</span>
<span id="L1624" rel="#L1624">1624</span>
<span id="L1625" rel="#L1625">1625</span>
<span id="L1626" rel="#L1626">1626</span>
<span id="L1627" rel="#L1627">1627</span>
<span id="L1628" rel="#L1628">1628</span>
<span id="L1629" rel="#L1629">1629</span>
<span id="L1630" rel="#L1630">1630</span>
<span id="L1631" rel="#L1631">1631</span>
<span id="L1632" rel="#L1632">1632</span>
<span id="L1633" rel="#L1633">1633</span>
<span id="L1634" rel="#L1634">1634</span>
<span id="L1635" rel="#L1635">1635</span>
<span id="L1636" rel="#L1636">1636</span>
<span id="L1637" rel="#L1637">1637</span>
<span id="L1638" rel="#L1638">1638</span>
<span id="L1639" rel="#L1639">1639</span>
<span id="L1640" rel="#L1640">1640</span>
<span id="L1641" rel="#L1641">1641</span>
<span id="L1642" rel="#L1642">1642</span>
<span id="L1643" rel="#L1643">1643</span>
<span id="L1644" rel="#L1644">1644</span>
<span id="L1645" rel="#L1645">1645</span>
<span id="L1646" rel="#L1646">1646</span>
<span id="L1647" rel="#L1647">1647</span>
<span id="L1648" rel="#L1648">1648</span>
<span id="L1649" rel="#L1649">1649</span>
<span id="L1650" rel="#L1650">1650</span>
<span id="L1651" rel="#L1651">1651</span>
<span id="L1652" rel="#L1652">1652</span>
<span id="L1653" rel="#L1653">1653</span>
<span id="L1654" rel="#L1654">1654</span>
<span id="L1655" rel="#L1655">1655</span>
<span id="L1656" rel="#L1656">1656</span>
<span id="L1657" rel="#L1657">1657</span>
<span id="L1658" rel="#L1658">1658</span>
<span id="L1659" rel="#L1659">1659</span>
<span id="L1660" rel="#L1660">1660</span>
<span id="L1661" rel="#L1661">1661</span>
<span id="L1662" rel="#L1662">1662</span>
<span id="L1663" rel="#L1663">1663</span>
<span id="L1664" rel="#L1664">1664</span>
<span id="L1665" rel="#L1665">1665</span>
<span id="L1666" rel="#L1666">1666</span>
<span id="L1667" rel="#L1667">1667</span>
<span id="L1668" rel="#L1668">1668</span>
<span id="L1669" rel="#L1669">1669</span>
<span id="L1670" rel="#L1670">1670</span>
<span id="L1671" rel="#L1671">1671</span>
<span id="L1672" rel="#L1672">1672</span>
<span id="L1673" rel="#L1673">1673</span>
<span id="L1674" rel="#L1674">1674</span>
<span id="L1675" rel="#L1675">1675</span>
<span id="L1676" rel="#L1676">1676</span>
<span id="L1677" rel="#L1677">1677</span>
<span id="L1678" rel="#L1678">1678</span>
<span id="L1679" rel="#L1679">1679</span>
<span id="L1680" rel="#L1680">1680</span>
<span id="L1681" rel="#L1681">1681</span>
<span id="L1682" rel="#L1682">1682</span>
<span id="L1683" rel="#L1683">1683</span>
<span id="L1684" rel="#L1684">1684</span>
<span id="L1685" rel="#L1685">1685</span>
<span id="L1686" rel="#L1686">1686</span>
<span id="L1687" rel="#L1687">1687</span>
<span id="L1688" rel="#L1688">1688</span>
<span id="L1689" rel="#L1689">1689</span>
<span id="L1690" rel="#L1690">1690</span>
<span id="L1691" rel="#L1691">1691</span>
<span id="L1692" rel="#L1692">1692</span>
<span id="L1693" rel="#L1693">1693</span>
<span id="L1694" rel="#L1694">1694</span>
<span id="L1695" rel="#L1695">1695</span>
<span id="L1696" rel="#L1696">1696</span>
<span id="L1697" rel="#L1697">1697</span>
<span id="L1698" rel="#L1698">1698</span>
<span id="L1699" rel="#L1699">1699</span>
<span id="L1700" rel="#L1700">1700</span>
<span id="L1701" rel="#L1701">1701</span>
<span id="L1702" rel="#L1702">1702</span>
<span id="L1703" rel="#L1703">1703</span>
<span id="L1704" rel="#L1704">1704</span>
<span id="L1705" rel="#L1705">1705</span>
<span id="L1706" rel="#L1706">1706</span>
<span id="L1707" rel="#L1707">1707</span>
<span id="L1708" rel="#L1708">1708</span>
<span id="L1709" rel="#L1709">1709</span>
<span id="L1710" rel="#L1710">1710</span>
<span id="L1711" rel="#L1711">1711</span>
<span id="L1712" rel="#L1712">1712</span>
<span id="L1713" rel="#L1713">1713</span>
<span id="L1714" rel="#L1714">1714</span>
<span id="L1715" rel="#L1715">1715</span>
<span id="L1716" rel="#L1716">1716</span>
<span id="L1717" rel="#L1717">1717</span>
<span id="L1718" rel="#L1718">1718</span>
<span id="L1719" rel="#L1719">1719</span>
<span id="L1720" rel="#L1720">1720</span>
<span id="L1721" rel="#L1721">1721</span>
<span id="L1722" rel="#L1722">1722</span>
<span id="L1723" rel="#L1723">1723</span>
<span id="L1724" rel="#L1724">1724</span>
<span id="L1725" rel="#L1725">1725</span>
<span id="L1726" rel="#L1726">1726</span>
<span id="L1727" rel="#L1727">1727</span>
<span id="L1728" rel="#L1728">1728</span>
<span id="L1729" rel="#L1729">1729</span>
<span id="L1730" rel="#L1730">1730</span>
<span id="L1731" rel="#L1731">1731</span>
<span id="L1732" rel="#L1732">1732</span>
<span id="L1733" rel="#L1733">1733</span>
<span id="L1734" rel="#L1734">1734</span>
<span id="L1735" rel="#L1735">1735</span>
<span id="L1736" rel="#L1736">1736</span>
<span id="L1737" rel="#L1737">1737</span>
<span id="L1738" rel="#L1738">1738</span>
<span id="L1739" rel="#L1739">1739</span>
<span id="L1740" rel="#L1740">1740</span>
<span id="L1741" rel="#L1741">1741</span>
<span id="L1742" rel="#L1742">1742</span>
<span id="L1743" rel="#L1743">1743</span>
<span id="L1744" rel="#L1744">1744</span>
<span id="L1745" rel="#L1745">1745</span>
<span id="L1746" rel="#L1746">1746</span>
<span id="L1747" rel="#L1747">1747</span>
<span id="L1748" rel="#L1748">1748</span>
<span id="L1749" rel="#L1749">1749</span>
<span id="L1750" rel="#L1750">1750</span>
<span id="L1751" rel="#L1751">1751</span>
<span id="L1752" rel="#L1752">1752</span>
<span id="L1753" rel="#L1753">1753</span>
<span id="L1754" rel="#L1754">1754</span>
<span id="L1755" rel="#L1755">1755</span>
<span id="L1756" rel="#L1756">1756</span>
<span id="L1757" rel="#L1757">1757</span>
<span id="L1758" rel="#L1758">1758</span>
<span id="L1759" rel="#L1759">1759</span>
<span id="L1760" rel="#L1760">1760</span>
<span id="L1761" rel="#L1761">1761</span>
<span id="L1762" rel="#L1762">1762</span>
<span id="L1763" rel="#L1763">1763</span>
<span id="L1764" rel="#L1764">1764</span>
<span id="L1765" rel="#L1765">1765</span>
<span id="L1766" rel="#L1766">1766</span>
<span id="L1767" rel="#L1767">1767</span>
<span id="L1768" rel="#L1768">1768</span>
<span id="L1769" rel="#L1769">1769</span>
<span id="L1770" rel="#L1770">1770</span>
<span id="L1771" rel="#L1771">1771</span>
<span id="L1772" rel="#L1772">1772</span>
<span id="L1773" rel="#L1773">1773</span>
<span id="L1774" rel="#L1774">1774</span>
<span id="L1775" rel="#L1775">1775</span>
<span id="L1776" rel="#L1776">1776</span>
<span id="L1777" rel="#L1777">1777</span>
<span id="L1778" rel="#L1778">1778</span>
<span id="L1779" rel="#L1779">1779</span>
<span id="L1780" rel="#L1780">1780</span>
<span id="L1781" rel="#L1781">1781</span>
<span id="L1782" rel="#L1782">1782</span>
<span id="L1783" rel="#L1783">1783</span>
<span id="L1784" rel="#L1784">1784</span>
<span id="L1785" rel="#L1785">1785</span>
<span id="L1786" rel="#L1786">1786</span>
<span id="L1787" rel="#L1787">1787</span>
<span id="L1788" rel="#L1788">1788</span>
<span id="L1789" rel="#L1789">1789</span>
<span id="L1790" rel="#L1790">1790</span>
<span id="L1791" rel="#L1791">1791</span>
<span id="L1792" rel="#L1792">1792</span>
<span id="L1793" rel="#L1793">1793</span>
<span id="L1794" rel="#L1794">1794</span>
<span id="L1795" rel="#L1795">1795</span>
<span id="L1796" rel="#L1796">1796</span>
<span id="L1797" rel="#L1797">1797</span>
<span id="L1798" rel="#L1798">1798</span>
<span id="L1799" rel="#L1799">1799</span>
<span id="L1800" rel="#L1800">1800</span>
<span id="L1801" rel="#L1801">1801</span>
<span id="L1802" rel="#L1802">1802</span>
<span id="L1803" rel="#L1803">1803</span>
<span id="L1804" rel="#L1804">1804</span>
<span id="L1805" rel="#L1805">1805</span>
<span id="L1806" rel="#L1806">1806</span>
<span id="L1807" rel="#L1807">1807</span>
<span id="L1808" rel="#L1808">1808</span>
<span id="L1809" rel="#L1809">1809</span>
<span id="L1810" rel="#L1810">1810</span>
<span id="L1811" rel="#L1811">1811</span>
<span id="L1812" rel="#L1812">1812</span>
<span id="L1813" rel="#L1813">1813</span>
<span id="L1814" rel="#L1814">1814</span>
<span id="L1815" rel="#L1815">1815</span>
<span id="L1816" rel="#L1816">1816</span>
<span id="L1817" rel="#L1817">1817</span>
<span id="L1818" rel="#L1818">1818</span>
<span id="L1819" rel="#L1819">1819</span>
<span id="L1820" rel="#L1820">1820</span>
<span id="L1821" rel="#L1821">1821</span>
<span id="L1822" rel="#L1822">1822</span>
<span id="L1823" rel="#L1823">1823</span>
<span id="L1824" rel="#L1824">1824</span>
<span id="L1825" rel="#L1825">1825</span>
<span id="L1826" rel="#L1826">1826</span>
<span id="L1827" rel="#L1827">1827</span>
<span id="L1828" rel="#L1828">1828</span>
<span id="L1829" rel="#L1829">1829</span>
<span id="L1830" rel="#L1830">1830</span>
<span id="L1831" rel="#L1831">1831</span>
<span id="L1832" rel="#L1832">1832</span>
<span id="L1833" rel="#L1833">1833</span>
<span id="L1834" rel="#L1834">1834</span>
<span id="L1835" rel="#L1835">1835</span>
<span id="L1836" rel="#L1836">1836</span>
<span id="L1837" rel="#L1837">1837</span>
<span id="L1838" rel="#L1838">1838</span>
<span id="L1839" rel="#L1839">1839</span>
<span id="L1840" rel="#L1840">1840</span>
<span id="L1841" rel="#L1841">1841</span>
<span id="L1842" rel="#L1842">1842</span>
<span id="L1843" rel="#L1843">1843</span>
<span id="L1844" rel="#L1844">1844</span>
<span id="L1845" rel="#L1845">1845</span>
<span id="L1846" rel="#L1846">1846</span>
<span id="L1847" rel="#L1847">1847</span>
<span id="L1848" rel="#L1848">1848</span>
<span id="L1849" rel="#L1849">1849</span>
<span id="L1850" rel="#L1850">1850</span>
<span id="L1851" rel="#L1851">1851</span>
<span id="L1852" rel="#L1852">1852</span>
<span id="L1853" rel="#L1853">1853</span>
<span id="L1854" rel="#L1854">1854</span>
<span id="L1855" rel="#L1855">1855</span>
<span id="L1856" rel="#L1856">1856</span>
<span id="L1857" rel="#L1857">1857</span>
<span id="L1858" rel="#L1858">1858</span>
<span id="L1859" rel="#L1859">1859</span>
<span id="L1860" rel="#L1860">1860</span>
<span id="L1861" rel="#L1861">1861</span>
<span id="L1862" rel="#L1862">1862</span>
<span id="L1863" rel="#L1863">1863</span>
<span id="L1864" rel="#L1864">1864</span>
<span id="L1865" rel="#L1865">1865</span>
<span id="L1866" rel="#L1866">1866</span>
<span id="L1867" rel="#L1867">1867</span>
<span id="L1868" rel="#L1868">1868</span>
<span id="L1869" rel="#L1869">1869</span>
<span id="L1870" rel="#L1870">1870</span>
<span id="L1871" rel="#L1871">1871</span>
<span id="L1872" rel="#L1872">1872</span>
<span id="L1873" rel="#L1873">1873</span>
<span id="L1874" rel="#L1874">1874</span>
<span id="L1875" rel="#L1875">1875</span>
<span id="L1876" rel="#L1876">1876</span>
<span id="L1877" rel="#L1877">1877</span>
<span id="L1878" rel="#L1878">1878</span>
<span id="L1879" rel="#L1879">1879</span>
<span id="L1880" rel="#L1880">1880</span>
<span id="L1881" rel="#L1881">1881</span>
<span id="L1882" rel="#L1882">1882</span>
<span id="L1883" rel="#L1883">1883</span>
<span id="L1884" rel="#L1884">1884</span>
<span id="L1885" rel="#L1885">1885</span>
<span id="L1886" rel="#L1886">1886</span>
<span id="L1887" rel="#L1887">1887</span>
<span id="L1888" rel="#L1888">1888</span>
<span id="L1889" rel="#L1889">1889</span>
<span id="L1890" rel="#L1890">1890</span>
<span id="L1891" rel="#L1891">1891</span>
<span id="L1892" rel="#L1892">1892</span>
<span id="L1893" rel="#L1893">1893</span>
<span id="L1894" rel="#L1894">1894</span>
<span id="L1895" rel="#L1895">1895</span>
<span id="L1896" rel="#L1896">1896</span>
<span id="L1897" rel="#L1897">1897</span>
<span id="L1898" rel="#L1898">1898</span>
<span id="L1899" rel="#L1899">1899</span>
<span id="L1900" rel="#L1900">1900</span>
<span id="L1901" rel="#L1901">1901</span>
<span id="L1902" rel="#L1902">1902</span>
<span id="L1903" rel="#L1903">1903</span>
<span id="L1904" rel="#L1904">1904</span>
<span id="L1905" rel="#L1905">1905</span>
<span id="L1906" rel="#L1906">1906</span>
<span id="L1907" rel="#L1907">1907</span>
<span id="L1908" rel="#L1908">1908</span>
<span id="L1909" rel="#L1909">1909</span>
<span id="L1910" rel="#L1910">1910</span>
<span id="L1911" rel="#L1911">1911</span>
<span id="L1912" rel="#L1912">1912</span>
<span id="L1913" rel="#L1913">1913</span>
<span id="L1914" rel="#L1914">1914</span>
<span id="L1915" rel="#L1915">1915</span>
<span id="L1916" rel="#L1916">1916</span>
<span id="L1917" rel="#L1917">1917</span>
<span id="L1918" rel="#L1918">1918</span>
<span id="L1919" rel="#L1919">1919</span>
<span id="L1920" rel="#L1920">1920</span>
<span id="L1921" rel="#L1921">1921</span>
<span id="L1922" rel="#L1922">1922</span>
<span id="L1923" rel="#L1923">1923</span>
<span id="L1924" rel="#L1924">1924</span>
<span id="L1925" rel="#L1925">1925</span>
<span id="L1926" rel="#L1926">1926</span>
<span id="L1927" rel="#L1927">1927</span>
<span id="L1928" rel="#L1928">1928</span>
<span id="L1929" rel="#L1929">1929</span>
<span id="L1930" rel="#L1930">1930</span>
<span id="L1931" rel="#L1931">1931</span>
<span id="L1932" rel="#L1932">1932</span>
<span id="L1933" rel="#L1933">1933</span>
<span id="L1934" rel="#L1934">1934</span>
<span id="L1935" rel="#L1935">1935</span>
<span id="L1936" rel="#L1936">1936</span>
<span id="L1937" rel="#L1937">1937</span>
<span id="L1938" rel="#L1938">1938</span>
<span id="L1939" rel="#L1939">1939</span>
<span id="L1940" rel="#L1940">1940</span>
<span id="L1941" rel="#L1941">1941</span>
<span id="L1942" rel="#L1942">1942</span>
<span id="L1943" rel="#L1943">1943</span>
<span id="L1944" rel="#L1944">1944</span>
<span id="L1945" rel="#L1945">1945</span>
<span id="L1946" rel="#L1946">1946</span>
<span id="L1947" rel="#L1947">1947</span>
<span id="L1948" rel="#L1948">1948</span>
<span id="L1949" rel="#L1949">1949</span>
<span id="L1950" rel="#L1950">1950</span>
<span id="L1951" rel="#L1951">1951</span>
<span id="L1952" rel="#L1952">1952</span>
<span id="L1953" rel="#L1953">1953</span>
<span id="L1954" rel="#L1954">1954</span>
<span id="L1955" rel="#L1955">1955</span>
<span id="L1956" rel="#L1956">1956</span>
<span id="L1957" rel="#L1957">1957</span>
<span id="L1958" rel="#L1958">1958</span>
<span id="L1959" rel="#L1959">1959</span>
<span id="L1960" rel="#L1960">1960</span>
<span id="L1961" rel="#L1961">1961</span>
<span id="L1962" rel="#L1962">1962</span>
<span id="L1963" rel="#L1963">1963</span>
<span id="L1964" rel="#L1964">1964</span>
<span id="L1965" rel="#L1965">1965</span>
<span id="L1966" rel="#L1966">1966</span>
<span id="L1967" rel="#L1967">1967</span>
<span id="L1968" rel="#L1968">1968</span>
<span id="L1969" rel="#L1969">1969</span>
<span id="L1970" rel="#L1970">1970</span>
<span id="L1971" rel="#L1971">1971</span>
<span id="L1972" rel="#L1972">1972</span>
<span id="L1973" rel="#L1973">1973</span>
<span id="L1974" rel="#L1974">1974</span>
<span id="L1975" rel="#L1975">1975</span>
<span id="L1976" rel="#L1976">1976</span>
<span id="L1977" rel="#L1977">1977</span>
<span id="L1978" rel="#L1978">1978</span>
<span id="L1979" rel="#L1979">1979</span>
<span id="L1980" rel="#L1980">1980</span>
<span id="L1981" rel="#L1981">1981</span>
<span id="L1982" rel="#L1982">1982</span>
<span id="L1983" rel="#L1983">1983</span>
<span id="L1984" rel="#L1984">1984</span>
<span id="L1985" rel="#L1985">1985</span>
<span id="L1986" rel="#L1986">1986</span>
<span id="L1987" rel="#L1987">1987</span>
<span id="L1988" rel="#L1988">1988</span>
<span id="L1989" rel="#L1989">1989</span>
<span id="L1990" rel="#L1990">1990</span>
<span id="L1991" rel="#L1991">1991</span>
<span id="L1992" rel="#L1992">1992</span>
<span id="L1993" rel="#L1993">1993</span>
<span id="L1994" rel="#L1994">1994</span>
<span id="L1995" rel="#L1995">1995</span>
<span id="L1996" rel="#L1996">1996</span>
<span id="L1997" rel="#L1997">1997</span>
<span id="L1998" rel="#L1998">1998</span>
<span id="L1999" rel="#L1999">1999</span>
<span id="L2000" rel="#L2000">2000</span>
<span id="L2001" rel="#L2001">2001</span>
<span id="L2002" rel="#L2002">2002</span>
<span id="L2003" rel="#L2003">2003</span>
<span id="L2004" rel="#L2004">2004</span>
<span id="L2005" rel="#L2005">2005</span>
<span id="L2006" rel="#L2006">2006</span>
<span id="L2007" rel="#L2007">2007</span>
<span id="L2008" rel="#L2008">2008</span>
<span id="L2009" rel="#L2009">2009</span>
<span id="L2010" rel="#L2010">2010</span>
<span id="L2011" rel="#L2011">2011</span>
<span id="L2012" rel="#L2012">2012</span>
<span id="L2013" rel="#L2013">2013</span>
<span id="L2014" rel="#L2014">2014</span>
<span id="L2015" rel="#L2015">2015</span>
<span id="L2016" rel="#L2016">2016</span>
<span id="L2017" rel="#L2017">2017</span>
<span id="L2018" rel="#L2018">2018</span>
<span id="L2019" rel="#L2019">2019</span>
<span id="L2020" rel="#L2020">2020</span>
<span id="L2021" rel="#L2021">2021</span>
<span id="L2022" rel="#L2022">2022</span>
<span id="L2023" rel="#L2023">2023</span>
<span id="L2024" rel="#L2024">2024</span>
<span id="L2025" rel="#L2025">2025</span>
<span id="L2026" rel="#L2026">2026</span>
<span id="L2027" rel="#L2027">2027</span>
<span id="L2028" rel="#L2028">2028</span>
<span id="L2029" rel="#L2029">2029</span>
<span id="L2030" rel="#L2030">2030</span>
<span id="L2031" rel="#L2031">2031</span>
<span id="L2032" rel="#L2032">2032</span>
<span id="L2033" rel="#L2033">2033</span>
<span id="L2034" rel="#L2034">2034</span>
<span id="L2035" rel="#L2035">2035</span>
<span id="L2036" rel="#L2036">2036</span>
<span id="L2037" rel="#L2037">2037</span>
<span id="L2038" rel="#L2038">2038</span>
<span id="L2039" rel="#L2039">2039</span>
<span id="L2040" rel="#L2040">2040</span>
<span id="L2041" rel="#L2041">2041</span>
<span id="L2042" rel="#L2042">2042</span>
<span id="L2043" rel="#L2043">2043</span>
<span id="L2044" rel="#L2044">2044</span>
<span id="L2045" rel="#L2045">2045</span>
<span id="L2046" rel="#L2046">2046</span>
<span id="L2047" rel="#L2047">2047</span>
<span id="L2048" rel="#L2048">2048</span>
<span id="L2049" rel="#L2049">2049</span>
<span id="L2050" rel="#L2050">2050</span>
<span id="L2051" rel="#L2051">2051</span>
<span id="L2052" rel="#L2052">2052</span>
<span id="L2053" rel="#L2053">2053</span>
<span id="L2054" rel="#L2054">2054</span>
<span id="L2055" rel="#L2055">2055</span>
<span id="L2056" rel="#L2056">2056</span>
<span id="L2057" rel="#L2057">2057</span>
<span id="L2058" rel="#L2058">2058</span>
<span id="L2059" rel="#L2059">2059</span>
<span id="L2060" rel="#L2060">2060</span>
<span id="L2061" rel="#L2061">2061</span>
<span id="L2062" rel="#L2062">2062</span>
<span id="L2063" rel="#L2063">2063</span>
<span id="L2064" rel="#L2064">2064</span>
<span id="L2065" rel="#L2065">2065</span>
<span id="L2066" rel="#L2066">2066</span>
<span id="L2067" rel="#L2067">2067</span>
<span id="L2068" rel="#L2068">2068</span>
<span id="L2069" rel="#L2069">2069</span>
<span id="L2070" rel="#L2070">2070</span>
<span id="L2071" rel="#L2071">2071</span>
<span id="L2072" rel="#L2072">2072</span>
<span id="L2073" rel="#L2073">2073</span>
<span id="L2074" rel="#L2074">2074</span>
<span id="L2075" rel="#L2075">2075</span>
<span id="L2076" rel="#L2076">2076</span>
<span id="L2077" rel="#L2077">2077</span>
<span id="L2078" rel="#L2078">2078</span>
<span id="L2079" rel="#L2079">2079</span>
<span id="L2080" rel="#L2080">2080</span>
<span id="L2081" rel="#L2081">2081</span>
<span id="L2082" rel="#L2082">2082</span>
<span id="L2083" rel="#L2083">2083</span>
<span id="L2084" rel="#L2084">2084</span>
<span id="L2085" rel="#L2085">2085</span>
<span id="L2086" rel="#L2086">2086</span>
<span id="L2087" rel="#L2087">2087</span>
<span id="L2088" rel="#L2088">2088</span>
<span id="L2089" rel="#L2089">2089</span>
<span id="L2090" rel="#L2090">2090</span>
<span id="L2091" rel="#L2091">2091</span>
<span id="L2092" rel="#L2092">2092</span>
<span id="L2093" rel="#L2093">2093</span>
<span id="L2094" rel="#L2094">2094</span>
<span id="L2095" rel="#L2095">2095</span>
<span id="L2096" rel="#L2096">2096</span>
<span id="L2097" rel="#L2097">2097</span>
<span id="L2098" rel="#L2098">2098</span>
<span id="L2099" rel="#L2099">2099</span>
<span id="L2100" rel="#L2100">2100</span>
<span id="L2101" rel="#L2101">2101</span>
<span id="L2102" rel="#L2102">2102</span>
<span id="L2103" rel="#L2103">2103</span>
<span id="L2104" rel="#L2104">2104</span>
<span id="L2105" rel="#L2105">2105</span>
<span id="L2106" rel="#L2106">2106</span>
<span id="L2107" rel="#L2107">2107</span>
<span id="L2108" rel="#L2108">2108</span>
<span id="L2109" rel="#L2109">2109</span>
<span id="L2110" rel="#L2110">2110</span>
<span id="L2111" rel="#L2111">2111</span>
<span id="L2112" rel="#L2112">2112</span>
<span id="L2113" rel="#L2113">2113</span>
<span id="L2114" rel="#L2114">2114</span>
<span id="L2115" rel="#L2115">2115</span>
<span id="L2116" rel="#L2116">2116</span>
<span id="L2117" rel="#L2117">2117</span>
<span id="L2118" rel="#L2118">2118</span>
<span id="L2119" rel="#L2119">2119</span>
<span id="L2120" rel="#L2120">2120</span>
<span id="L2121" rel="#L2121">2121</span>
<span id="L2122" rel="#L2122">2122</span>
<span id="L2123" rel="#L2123">2123</span>
<span id="L2124" rel="#L2124">2124</span>
<span id="L2125" rel="#L2125">2125</span>
<span id="L2126" rel="#L2126">2126</span>
<span id="L2127" rel="#L2127">2127</span>
<span id="L2128" rel="#L2128">2128</span>
<span id="L2129" rel="#L2129">2129</span>
<span id="L2130" rel="#L2130">2130</span>
<span id="L2131" rel="#L2131">2131</span>
<span id="L2132" rel="#L2132">2132</span>
<span id="L2133" rel="#L2133">2133</span>
<span id="L2134" rel="#L2134">2134</span>
<span id="L2135" rel="#L2135">2135</span>
<span id="L2136" rel="#L2136">2136</span>
<span id="L2137" rel="#L2137">2137</span>
<span id="L2138" rel="#L2138">2138</span>
<span id="L2139" rel="#L2139">2139</span>
<span id="L2140" rel="#L2140">2140</span>
<span id="L2141" rel="#L2141">2141</span>
<span id="L2142" rel="#L2142">2142</span>
<span id="L2143" rel="#L2143">2143</span>
<span id="L2144" rel="#L2144">2144</span>
<span id="L2145" rel="#L2145">2145</span>
<span id="L2146" rel="#L2146">2146</span>
<span id="L2147" rel="#L2147">2147</span>
<span id="L2148" rel="#L2148">2148</span>
<span id="L2149" rel="#L2149">2149</span>
<span id="L2150" rel="#L2150">2150</span>
<span id="L2151" rel="#L2151">2151</span>
<span id="L2152" rel="#L2152">2152</span>
<span id="L2153" rel="#L2153">2153</span>
<span id="L2154" rel="#L2154">2154</span>
<span id="L2155" rel="#L2155">2155</span>
<span id="L2156" rel="#L2156">2156</span>
<span id="L2157" rel="#L2157">2157</span>
<span id="L2158" rel="#L2158">2158</span>
<span id="L2159" rel="#L2159">2159</span>
<span id="L2160" rel="#L2160">2160</span>
<span id="L2161" rel="#L2161">2161</span>
<span id="L2162" rel="#L2162">2162</span>
<span id="L2163" rel="#L2163">2163</span>
<span id="L2164" rel="#L2164">2164</span>
<span id="L2165" rel="#L2165">2165</span>
<span id="L2166" rel="#L2166">2166</span>
<span id="L2167" rel="#L2167">2167</span>
<span id="L2168" rel="#L2168">2168</span>
<span id="L2169" rel="#L2169">2169</span>
<span id="L2170" rel="#L2170">2170</span>
<span id="L2171" rel="#L2171">2171</span>
<span id="L2172" rel="#L2172">2172</span>
<span id="L2173" rel="#L2173">2173</span>
<span id="L2174" rel="#L2174">2174</span>
<span id="L2175" rel="#L2175">2175</span>
<span id="L2176" rel="#L2176">2176</span>
<span id="L2177" rel="#L2177">2177</span>
<span id="L2178" rel="#L2178">2178</span>
<span id="L2179" rel="#L2179">2179</span>
<span id="L2180" rel="#L2180">2180</span>
<span id="L2181" rel="#L2181">2181</span>
<span id="L2182" rel="#L2182">2182</span>
<span id="L2183" rel="#L2183">2183</span>
<span id="L2184" rel="#L2184">2184</span>
<span id="L2185" rel="#L2185">2185</span>
<span id="L2186" rel="#L2186">2186</span>
<span id="L2187" rel="#L2187">2187</span>
<span id="L2188" rel="#L2188">2188</span>
<span id="L2189" rel="#L2189">2189</span>
<span id="L2190" rel="#L2190">2190</span>
<span id="L2191" rel="#L2191">2191</span>
<span id="L2192" rel="#L2192">2192</span>
<span id="L2193" rel="#L2193">2193</span>
<span id="L2194" rel="#L2194">2194</span>
<span id="L2195" rel="#L2195">2195</span>
<span id="L2196" rel="#L2196">2196</span>
<span id="L2197" rel="#L2197">2197</span>
<span id="L2198" rel="#L2198">2198</span>
<span id="L2199" rel="#L2199">2199</span>
<span id="L2200" rel="#L2200">2200</span>
<span id="L2201" rel="#L2201">2201</span>
<span id="L2202" rel="#L2202">2202</span>
<span id="L2203" rel="#L2203">2203</span>
<span id="L2204" rel="#L2204">2204</span>
<span id="L2205" rel="#L2205">2205</span>
<span id="L2206" rel="#L2206">2206</span>
<span id="L2207" rel="#L2207">2207</span>
<span id="L2208" rel="#L2208">2208</span>
<span id="L2209" rel="#L2209">2209</span>
<span id="L2210" rel="#L2210">2210</span>
<span id="L2211" rel="#L2211">2211</span>
<span id="L2212" rel="#L2212">2212</span>
<span id="L2213" rel="#L2213">2213</span>
<span id="L2214" rel="#L2214">2214</span>
<span id="L2215" rel="#L2215">2215</span>
<span id="L2216" rel="#L2216">2216</span>
<span id="L2217" rel="#L2217">2217</span>
<span id="L2218" rel="#L2218">2218</span>
<span id="L2219" rel="#L2219">2219</span>
<span id="L2220" rel="#L2220">2220</span>
<span id="L2221" rel="#L2221">2221</span>
<span id="L2222" rel="#L2222">2222</span>
<span id="L2223" rel="#L2223">2223</span>
<span id="L2224" rel="#L2224">2224</span>
<span id="L2225" rel="#L2225">2225</span>
<span id="L2226" rel="#L2226">2226</span>
<span id="L2227" rel="#L2227">2227</span>
<span id="L2228" rel="#L2228">2228</span>
<span id="L2229" rel="#L2229">2229</span>
<span id="L2230" rel="#L2230">2230</span>
<span id="L2231" rel="#L2231">2231</span>
<span id="L2232" rel="#L2232">2232</span>
<span id="L2233" rel="#L2233">2233</span>
<span id="L2234" rel="#L2234">2234</span>
<span id="L2235" rel="#L2235">2235</span>
<span id="L2236" rel="#L2236">2236</span>
<span id="L2237" rel="#L2237">2237</span>
<span id="L2238" rel="#L2238">2238</span>
<span id="L2239" rel="#L2239">2239</span>
<span id="L2240" rel="#L2240">2240</span>
<span id="L2241" rel="#L2241">2241</span>
<span id="L2242" rel="#L2242">2242</span>
<span id="L2243" rel="#L2243">2243</span>
<span id="L2244" rel="#L2244">2244</span>
<span id="L2245" rel="#L2245">2245</span>
<span id="L2246" rel="#L2246">2246</span>
<span id="L2247" rel="#L2247">2247</span>
<span id="L2248" rel="#L2248">2248</span>
<span id="L2249" rel="#L2249">2249</span>
<span id="L2250" rel="#L2250">2250</span>
<span id="L2251" rel="#L2251">2251</span>
<span id="L2252" rel="#L2252">2252</span>
<span id="L2253" rel="#L2253">2253</span>
<span id="L2254" rel="#L2254">2254</span>
<span id="L2255" rel="#L2255">2255</span>
<span id="L2256" rel="#L2256">2256</span>
<span id="L2257" rel="#L2257">2257</span>
<span id="L2258" rel="#L2258">2258</span>
<span id="L2259" rel="#L2259">2259</span>
<span id="L2260" rel="#L2260">2260</span>
<span id="L2261" rel="#L2261">2261</span>
<span id="L2262" rel="#L2262">2262</span>
<span id="L2263" rel="#L2263">2263</span>
<span id="L2264" rel="#L2264">2264</span>
<span id="L2265" rel="#L2265">2265</span>
<span id="L2266" rel="#L2266">2266</span>
<span id="L2267" rel="#L2267">2267</span>
<span id="L2268" rel="#L2268">2268</span>
<span id="L2269" rel="#L2269">2269</span>
<span id="L2270" rel="#L2270">2270</span>
<span id="L2271" rel="#L2271">2271</span>
<span id="L2272" rel="#L2272">2272</span>
<span id="L2273" rel="#L2273">2273</span>
<span id="L2274" rel="#L2274">2274</span>
<span id="L2275" rel="#L2275">2275</span>
<span id="L2276" rel="#L2276">2276</span>
<span id="L2277" rel="#L2277">2277</span>
<span id="L2278" rel="#L2278">2278</span>
<span id="L2279" rel="#L2279">2279</span>
<span id="L2280" rel="#L2280">2280</span>
<span id="L2281" rel="#L2281">2281</span>
<span id="L2282" rel="#L2282">2282</span>
<span id="L2283" rel="#L2283">2283</span>
<span id="L2284" rel="#L2284">2284</span>
<span id="L2285" rel="#L2285">2285</span>
<span id="L2286" rel="#L2286">2286</span>
<span id="L2287" rel="#L2287">2287</span>
<span id="L2288" rel="#L2288">2288</span>
<span id="L2289" rel="#L2289">2289</span>
<span id="L2290" rel="#L2290">2290</span>
<span id="L2291" rel="#L2291">2291</span>
<span id="L2292" rel="#L2292">2292</span>
<span id="L2293" rel="#L2293">2293</span>
<span id="L2294" rel="#L2294">2294</span>
<span id="L2295" rel="#L2295">2295</span>
<span id="L2296" rel="#L2296">2296</span>
<span id="L2297" rel="#L2297">2297</span>
<span id="L2298" rel="#L2298">2298</span>
<span id="L2299" rel="#L2299">2299</span>
<span id="L2300" rel="#L2300">2300</span>
<span id="L2301" rel="#L2301">2301</span>
<span id="L2302" rel="#L2302">2302</span>
<span id="L2303" rel="#L2303">2303</span>
<span id="L2304" rel="#L2304">2304</span>
<span id="L2305" rel="#L2305">2305</span>
<span id="L2306" rel="#L2306">2306</span>
<span id="L2307" rel="#L2307">2307</span>
<span id="L2308" rel="#L2308">2308</span>
<span id="L2309" rel="#L2309">2309</span>
<span id="L2310" rel="#L2310">2310</span>
<span id="L2311" rel="#L2311">2311</span>
<span id="L2312" rel="#L2312">2312</span>
<span id="L2313" rel="#L2313">2313</span>
<span id="L2314" rel="#L2314">2314</span>
<span id="L2315" rel="#L2315">2315</span>
<span id="L2316" rel="#L2316">2316</span>
<span id="L2317" rel="#L2317">2317</span>
<span id="L2318" rel="#L2318">2318</span>
<span id="L2319" rel="#L2319">2319</span>
<span id="L2320" rel="#L2320">2320</span>
<span id="L2321" rel="#L2321">2321</span>
<span id="L2322" rel="#L2322">2322</span>
<span id="L2323" rel="#L2323">2323</span>
<span id="L2324" rel="#L2324">2324</span>
<span id="L2325" rel="#L2325">2325</span>
<span id="L2326" rel="#L2326">2326</span>
<span id="L2327" rel="#L2327">2327</span>
<span id="L2328" rel="#L2328">2328</span>
<span id="L2329" rel="#L2329">2329</span>
<span id="L2330" rel="#L2330">2330</span>
<span id="L2331" rel="#L2331">2331</span>
<span id="L2332" rel="#L2332">2332</span>
<span id="L2333" rel="#L2333">2333</span>
<span id="L2334" rel="#L2334">2334</span>
<span id="L2335" rel="#L2335">2335</span>
<span id="L2336" rel="#L2336">2336</span>
<span id="L2337" rel="#L2337">2337</span>
<span id="L2338" rel="#L2338">2338</span>
<span id="L2339" rel="#L2339">2339</span>
<span id="L2340" rel="#L2340">2340</span>
<span id="L2341" rel="#L2341">2341</span>
<span id="L2342" rel="#L2342">2342</span>
<span id="L2343" rel="#L2343">2343</span>
<span id="L2344" rel="#L2344">2344</span>
<span id="L2345" rel="#L2345">2345</span>
<span id="L2346" rel="#L2346">2346</span>
<span id="L2347" rel="#L2347">2347</span>
<span id="L2348" rel="#L2348">2348</span>
<span id="L2349" rel="#L2349">2349</span>
<span id="L2350" rel="#L2350">2350</span>
<span id="L2351" rel="#L2351">2351</span>
<span id="L2352" rel="#L2352">2352</span>
<span id="L2353" rel="#L2353">2353</span>
<span id="L2354" rel="#L2354">2354</span>
<span id="L2355" rel="#L2355">2355</span>
<span id="L2356" rel="#L2356">2356</span>
<span id="L2357" rel="#L2357">2357</span>
<span id="L2358" rel="#L2358">2358</span>
<span id="L2359" rel="#L2359">2359</span>
<span id="L2360" rel="#L2360">2360</span>
<span id="L2361" rel="#L2361">2361</span>
<span id="L2362" rel="#L2362">2362</span>
<span id="L2363" rel="#L2363">2363</span>
<span id="L2364" rel="#L2364">2364</span>
<span id="L2365" rel="#L2365">2365</span>
<span id="L2366" rel="#L2366">2366</span>
<span id="L2367" rel="#L2367">2367</span>
<span id="L2368" rel="#L2368">2368</span>
<span id="L2369" rel="#L2369">2369</span>
<span id="L2370" rel="#L2370">2370</span>
<span id="L2371" rel="#L2371">2371</span>
<span id="L2372" rel="#L2372">2372</span>
<span id="L2373" rel="#L2373">2373</span>
<span id="L2374" rel="#L2374">2374</span>
<span id="L2375" rel="#L2375">2375</span>
<span id="L2376" rel="#L2376">2376</span>
<span id="L2377" rel="#L2377">2377</span>
<span id="L2378" rel="#L2378">2378</span>
<span id="L2379" rel="#L2379">2379</span>
<span id="L2380" rel="#L2380">2380</span>
<span id="L2381" rel="#L2381">2381</span>
<span id="L2382" rel="#L2382">2382</span>
<span id="L2383" rel="#L2383">2383</span>
<span id="L2384" rel="#L2384">2384</span>
<span id="L2385" rel="#L2385">2385</span>
<span id="L2386" rel="#L2386">2386</span>
<span id="L2387" rel="#L2387">2387</span>
<span id="L2388" rel="#L2388">2388</span>
<span id="L2389" rel="#L2389">2389</span>
<span id="L2390" rel="#L2390">2390</span>
<span id="L2391" rel="#L2391">2391</span>
<span id="L2392" rel="#L2392">2392</span>
<span id="L2393" rel="#L2393">2393</span>
<span id="L2394" rel="#L2394">2394</span>
<span id="L2395" rel="#L2395">2395</span>
<span id="L2396" rel="#L2396">2396</span>
<span id="L2397" rel="#L2397">2397</span>
<span id="L2398" rel="#L2398">2398</span>
<span id="L2399" rel="#L2399">2399</span>
<span id="L2400" rel="#L2400">2400</span>
<span id="L2401" rel="#L2401">2401</span>
<span id="L2402" rel="#L2402">2402</span>
<span id="L2403" rel="#L2403">2403</span>
<span id="L2404" rel="#L2404">2404</span>
<span id="L2405" rel="#L2405">2405</span>
<span id="L2406" rel="#L2406">2406</span>
<span id="L2407" rel="#L2407">2407</span>
<span id="L2408" rel="#L2408">2408</span>
<span id="L2409" rel="#L2409">2409</span>
<span id="L2410" rel="#L2410">2410</span>
<span id="L2411" rel="#L2411">2411</span>
<span id="L2412" rel="#L2412">2412</span>
<span id="L2413" rel="#L2413">2413</span>
<span id="L2414" rel="#L2414">2414</span>
<span id="L2415" rel="#L2415">2415</span>
<span id="L2416" rel="#L2416">2416</span>
<span id="L2417" rel="#L2417">2417</span>
<span id="L2418" rel="#L2418">2418</span>
<span id="L2419" rel="#L2419">2419</span>
<span id="L2420" rel="#L2420">2420</span>
<span id="L2421" rel="#L2421">2421</span>
<span id="L2422" rel="#L2422">2422</span>
<span id="L2423" rel="#L2423">2423</span>
<span id="L2424" rel="#L2424">2424</span>
<span id="L2425" rel="#L2425">2425</span>
<span id="L2426" rel="#L2426">2426</span>
<span id="L2427" rel="#L2427">2427</span>
<span id="L2428" rel="#L2428">2428</span>
<span id="L2429" rel="#L2429">2429</span>
<span id="L2430" rel="#L2430">2430</span>
<span id="L2431" rel="#L2431">2431</span>
<span id="L2432" rel="#L2432">2432</span>
<span id="L2433" rel="#L2433">2433</span>
<span id="L2434" rel="#L2434">2434</span>
<span id="L2435" rel="#L2435">2435</span>
<span id="L2436" rel="#L2436">2436</span>
<span id="L2437" rel="#L2437">2437</span>
<span id="L2438" rel="#L2438">2438</span>
<span id="L2439" rel="#L2439">2439</span>
<span id="L2440" rel="#L2440">2440</span>
<span id="L2441" rel="#L2441">2441</span>
<span id="L2442" rel="#L2442">2442</span>
<span id="L2443" rel="#L2443">2443</span>
<span id="L2444" rel="#L2444">2444</span>
<span id="L2445" rel="#L2445">2445</span>
<span id="L2446" rel="#L2446">2446</span>
<span id="L2447" rel="#L2447">2447</span>
<span id="L2448" rel="#L2448">2448</span>
<span id="L2449" rel="#L2449">2449</span>
<span id="L2450" rel="#L2450">2450</span>
<span id="L2451" rel="#L2451">2451</span>
<span id="L2452" rel="#L2452">2452</span>
<span id="L2453" rel="#L2453">2453</span>
<span id="L2454" rel="#L2454">2454</span>
<span id="L2455" rel="#L2455">2455</span>
<span id="L2456" rel="#L2456">2456</span>
<span id="L2457" rel="#L2457">2457</span>
<span id="L2458" rel="#L2458">2458</span>
<span id="L2459" rel="#L2459">2459</span>
<span id="L2460" rel="#L2460">2460</span>
<span id="L2461" rel="#L2461">2461</span>
<span id="L2462" rel="#L2462">2462</span>
<span id="L2463" rel="#L2463">2463</span>
<span id="L2464" rel="#L2464">2464</span>
<span id="L2465" rel="#L2465">2465</span>
<span id="L2466" rel="#L2466">2466</span>
<span id="L2467" rel="#L2467">2467</span>
<span id="L2468" rel="#L2468">2468</span>
<span id="L2469" rel="#L2469">2469</span>
<span id="L2470" rel="#L2470">2470</span>
<span id="L2471" rel="#L2471">2471</span>
<span id="L2472" rel="#L2472">2472</span>
<span id="L2473" rel="#L2473">2473</span>
<span id="L2474" rel="#L2474">2474</span>
<span id="L2475" rel="#L2475">2475</span>
<span id="L2476" rel="#L2476">2476</span>
<span id="L2477" rel="#L2477">2477</span>
<span id="L2478" rel="#L2478">2478</span>
<span id="L2479" rel="#L2479">2479</span>
<span id="L2480" rel="#L2480">2480</span>
<span id="L2481" rel="#L2481">2481</span>
<span id="L2482" rel="#L2482">2482</span>
<span id="L2483" rel="#L2483">2483</span>
<span id="L2484" rel="#L2484">2484</span>
<span id="L2485" rel="#L2485">2485</span>
<span id="L2486" rel="#L2486">2486</span>
<span id="L2487" rel="#L2487">2487</span>
<span id="L2488" rel="#L2488">2488</span>
<span id="L2489" rel="#L2489">2489</span>
<span id="L2490" rel="#L2490">2490</span>
<span id="L2491" rel="#L2491">2491</span>
<span id="L2492" rel="#L2492">2492</span>
<span id="L2493" rel="#L2493">2493</span>
<span id="L2494" rel="#L2494">2494</span>
<span id="L2495" rel="#L2495">2495</span>
<span id="L2496" rel="#L2496">2496</span>
<span id="L2497" rel="#L2497">2497</span>
<span id="L2498" rel="#L2498">2498</span>
<span id="L2499" rel="#L2499">2499</span>
<span id="L2500" rel="#L2500">2500</span>
<span id="L2501" rel="#L2501">2501</span>
<span id="L2502" rel="#L2502">2502</span>
<span id="L2503" rel="#L2503">2503</span>
<span id="L2504" rel="#L2504">2504</span>
<span id="L2505" rel="#L2505">2505</span>
<span id="L2506" rel="#L2506">2506</span>
<span id="L2507" rel="#L2507">2507</span>
<span id="L2508" rel="#L2508">2508</span>
<span id="L2509" rel="#L2509">2509</span>
<span id="L2510" rel="#L2510">2510</span>
<span id="L2511" rel="#L2511">2511</span>
<span id="L2512" rel="#L2512">2512</span>
<span id="L2513" rel="#L2513">2513</span>
<span id="L2514" rel="#L2514">2514</span>
<span id="L2515" rel="#L2515">2515</span>
<span id="L2516" rel="#L2516">2516</span>
<span id="L2517" rel="#L2517">2517</span>
<span id="L2518" rel="#L2518">2518</span>
<span id="L2519" rel="#L2519">2519</span>
<span id="L2520" rel="#L2520">2520</span>
<span id="L2521" rel="#L2521">2521</span>
<span id="L2522" rel="#L2522">2522</span>
<span id="L2523" rel="#L2523">2523</span>
<span id="L2524" rel="#L2524">2524</span>
<span id="L2525" rel="#L2525">2525</span>
<span id="L2526" rel="#L2526">2526</span>
<span id="L2527" rel="#L2527">2527</span>
<span id="L2528" rel="#L2528">2528</span>
<span id="L2529" rel="#L2529">2529</span>
<span id="L2530" rel="#L2530">2530</span>
<span id="L2531" rel="#L2531">2531</span>
<span id="L2532" rel="#L2532">2532</span>
<span id="L2533" rel="#L2533">2533</span>
<span id="L2534" rel="#L2534">2534</span>
<span id="L2535" rel="#L2535">2535</span>
<span id="L2536" rel="#L2536">2536</span>
<span id="L2537" rel="#L2537">2537</span>
<span id="L2538" rel="#L2538">2538</span>
<span id="L2539" rel="#L2539">2539</span>
<span id="L2540" rel="#L2540">2540</span>
<span id="L2541" rel="#L2541">2541</span>
<span id="L2542" rel="#L2542">2542</span>
<span id="L2543" rel="#L2543">2543</span>
<span id="L2544" rel="#L2544">2544</span>
<span id="L2545" rel="#L2545">2545</span>
<span id="L2546" rel="#L2546">2546</span>
<span id="L2547" rel="#L2547">2547</span>
<span id="L2548" rel="#L2548">2548</span>
<span id="L2549" rel="#L2549">2549</span>
<span id="L2550" rel="#L2550">2550</span>
<span id="L2551" rel="#L2551">2551</span>
<span id="L2552" rel="#L2552">2552</span>
<span id="L2553" rel="#L2553">2553</span>
<span id="L2554" rel="#L2554">2554</span>
<span id="L2555" rel="#L2555">2555</span>
<span id="L2556" rel="#L2556">2556</span>
<span id="L2557" rel="#L2557">2557</span>
<span id="L2558" rel="#L2558">2558</span>
<span id="L2559" rel="#L2559">2559</span>
<span id="L2560" rel="#L2560">2560</span>
<span id="L2561" rel="#L2561">2561</span>
<span id="L2562" rel="#L2562">2562</span>
<span id="L2563" rel="#L2563">2563</span>
<span id="L2564" rel="#L2564">2564</span>
<span id="L2565" rel="#L2565">2565</span>
<span id="L2566" rel="#L2566">2566</span>
<span id="L2567" rel="#L2567">2567</span>
<span id="L2568" rel="#L2568">2568</span>
<span id="L2569" rel="#L2569">2569</span>
<span id="L2570" rel="#L2570">2570</span>
<span id="L2571" rel="#L2571">2571</span>
<span id="L2572" rel="#L2572">2572</span>
<span id="L2573" rel="#L2573">2573</span>
<span id="L2574" rel="#L2574">2574</span>
<span id="L2575" rel="#L2575">2575</span>
<span id="L2576" rel="#L2576">2576</span>
<span id="L2577" rel="#L2577">2577</span>
<span id="L2578" rel="#L2578">2578</span>
<span id="L2579" rel="#L2579">2579</span>
<span id="L2580" rel="#L2580">2580</span>
<span id="L2581" rel="#L2581">2581</span>
<span id="L2582" rel="#L2582">2582</span>
<span id="L2583" rel="#L2583">2583</span>
<span id="L2584" rel="#L2584">2584</span>
<span id="L2585" rel="#L2585">2585</span>
<span id="L2586" rel="#L2586">2586</span>
<span id="L2587" rel="#L2587">2587</span>
<span id="L2588" rel="#L2588">2588</span>
<span id="L2589" rel="#L2589">2589</span>
<span id="L2590" rel="#L2590">2590</span>
<span id="L2591" rel="#L2591">2591</span>
<span id="L2592" rel="#L2592">2592</span>
<span id="L2593" rel="#L2593">2593</span>
<span id="L2594" rel="#L2594">2594</span>
<span id="L2595" rel="#L2595">2595</span>
<span id="L2596" rel="#L2596">2596</span>
<span id="L2597" rel="#L2597">2597</span>
<span id="L2598" rel="#L2598">2598</span>
<span id="L2599" rel="#L2599">2599</span>
<span id="L2600" rel="#L2600">2600</span>
<span id="L2601" rel="#L2601">2601</span>
<span id="L2602" rel="#L2602">2602</span>
<span id="L2603" rel="#L2603">2603</span>
<span id="L2604" rel="#L2604">2604</span>
<span id="L2605" rel="#L2605">2605</span>
<span id="L2606" rel="#L2606">2606</span>
<span id="L2607" rel="#L2607">2607</span>
<span id="L2608" rel="#L2608">2608</span>
<span id="L2609" rel="#L2609">2609</span>
<span id="L2610" rel="#L2610">2610</span>
<span id="L2611" rel="#L2611">2611</span>
<span id="L2612" rel="#L2612">2612</span>
<span id="L2613" rel="#L2613">2613</span>
<span id="L2614" rel="#L2614">2614</span>
<span id="L2615" rel="#L2615">2615</span>
<span id="L2616" rel="#L2616">2616</span>
<span id="L2617" rel="#L2617">2617</span>
<span id="L2618" rel="#L2618">2618</span>
<span id="L2619" rel="#L2619">2619</span>
<span id="L2620" rel="#L2620">2620</span>
<span id="L2621" rel="#L2621">2621</span>
<span id="L2622" rel="#L2622">2622</span>
<span id="L2623" rel="#L2623">2623</span>
<span id="L2624" rel="#L2624">2624</span>
<span id="L2625" rel="#L2625">2625</span>
<span id="L2626" rel="#L2626">2626</span>
<span id="L2627" rel="#L2627">2627</span>
<span id="L2628" rel="#L2628">2628</span>
<span id="L2629" rel="#L2629">2629</span>
<span id="L2630" rel="#L2630">2630</span>
<span id="L2631" rel="#L2631">2631</span>
<span id="L2632" rel="#L2632">2632</span>
<span id="L2633" rel="#L2633">2633</span>
<span id="L2634" rel="#L2634">2634</span>
<span id="L2635" rel="#L2635">2635</span>
<span id="L2636" rel="#L2636">2636</span>
<span id="L2637" rel="#L2637">2637</span>
<span id="L2638" rel="#L2638">2638</span>
<span id="L2639" rel="#L2639">2639</span>
<span id="L2640" rel="#L2640">2640</span>
<span id="L2641" rel="#L2641">2641</span>
<span id="L2642" rel="#L2642">2642</span>
<span id="L2643" rel="#L2643">2643</span>
<span id="L2644" rel="#L2644">2644</span>
<span id="L2645" rel="#L2645">2645</span>
<span id="L2646" rel="#L2646">2646</span>
<span id="L2647" rel="#L2647">2647</span>
<span id="L2648" rel="#L2648">2648</span>
<span id="L2649" rel="#L2649">2649</span>
<span id="L2650" rel="#L2650">2650</span>
<span id="L2651" rel="#L2651">2651</span>
<span id="L2652" rel="#L2652">2652</span>
<span id="L2653" rel="#L2653">2653</span>
<span id="L2654" rel="#L2654">2654</span>
<span id="L2655" rel="#L2655">2655</span>
<span id="L2656" rel="#L2656">2656</span>
<span id="L2657" rel="#L2657">2657</span>
<span id="L2658" rel="#L2658">2658</span>
<span id="L2659" rel="#L2659">2659</span>
<span id="L2660" rel="#L2660">2660</span>
<span id="L2661" rel="#L2661">2661</span>
<span id="L2662" rel="#L2662">2662</span>
<span id="L2663" rel="#L2663">2663</span>
<span id="L2664" rel="#L2664">2664</span>
<span id="L2665" rel="#L2665">2665</span>
<span id="L2666" rel="#L2666">2666</span>
<span id="L2667" rel="#L2667">2667</span>
<span id="L2668" rel="#L2668">2668</span>
<span id="L2669" rel="#L2669">2669</span>
<span id="L2670" rel="#L2670">2670</span>
<span id="L2671" rel="#L2671">2671</span>
<span id="L2672" rel="#L2672">2672</span>
<span id="L2673" rel="#L2673">2673</span>
<span id="L2674" rel="#L2674">2674</span>
<span id="L2675" rel="#L2675">2675</span>
<span id="L2676" rel="#L2676">2676</span>
<span id="L2677" rel="#L2677">2677</span>
<span id="L2678" rel="#L2678">2678</span>
<span id="L2679" rel="#L2679">2679</span>
<span id="L2680" rel="#L2680">2680</span>
<span id="L2681" rel="#L2681">2681</span>
<span id="L2682" rel="#L2682">2682</span>
<span id="L2683" rel="#L2683">2683</span>
<span id="L2684" rel="#L2684">2684</span>
<span id="L2685" rel="#L2685">2685</span>
<span id="L2686" rel="#L2686">2686</span>
<span id="L2687" rel="#L2687">2687</span>
<span id="L2688" rel="#L2688">2688</span>
<span id="L2689" rel="#L2689">2689</span>
<span id="L2690" rel="#L2690">2690</span>
<span id="L2691" rel="#L2691">2691</span>
<span id="L2692" rel="#L2692">2692</span>
<span id="L2693" rel="#L2693">2693</span>
<span id="L2694" rel="#L2694">2694</span>
<span id="L2695" rel="#L2695">2695</span>
<span id="L2696" rel="#L2696">2696</span>
<span id="L2697" rel="#L2697">2697</span>
<span id="L2698" rel="#L2698">2698</span>
<span id="L2699" rel="#L2699">2699</span>
<span id="L2700" rel="#L2700">2700</span>
<span id="L2701" rel="#L2701">2701</span>
<span id="L2702" rel="#L2702">2702</span>
<span id="L2703" rel="#L2703">2703</span>
<span id="L2704" rel="#L2704">2704</span>
<span id="L2705" rel="#L2705">2705</span>
<span id="L2706" rel="#L2706">2706</span>
<span id="L2707" rel="#L2707">2707</span>
<span id="L2708" rel="#L2708">2708</span>
<span id="L2709" rel="#L2709">2709</span>
<span id="L2710" rel="#L2710">2710</span>
<span id="L2711" rel="#L2711">2711</span>
<span id="L2712" rel="#L2712">2712</span>
<span id="L2713" rel="#L2713">2713</span>
<span id="L2714" rel="#L2714">2714</span>
<span id="L2715" rel="#L2715">2715</span>
<span id="L2716" rel="#L2716">2716</span>
<span id="L2717" rel="#L2717">2717</span>
<span id="L2718" rel="#L2718">2718</span>
<span id="L2719" rel="#L2719">2719</span>
<span id="L2720" rel="#L2720">2720</span>
<span id="L2721" rel="#L2721">2721</span>
<span id="L2722" rel="#L2722">2722</span>
<span id="L2723" rel="#L2723">2723</span>
<span id="L2724" rel="#L2724">2724</span>
<span id="L2725" rel="#L2725">2725</span>
<span id="L2726" rel="#L2726">2726</span>
<span id="L2727" rel="#L2727">2727</span>
<span id="L2728" rel="#L2728">2728</span>
<span id="L2729" rel="#L2729">2729</span>
<span id="L2730" rel="#L2730">2730</span>
<span id="L2731" rel="#L2731">2731</span>
<span id="L2732" rel="#L2732">2732</span>
<span id="L2733" rel="#L2733">2733</span>
<span id="L2734" rel="#L2734">2734</span>
<span id="L2735" rel="#L2735">2735</span>
<span id="L2736" rel="#L2736">2736</span>
<span id="L2737" rel="#L2737">2737</span>
<span id="L2738" rel="#L2738">2738</span>
<span id="L2739" rel="#L2739">2739</span>
<span id="L2740" rel="#L2740">2740</span>
<span id="L2741" rel="#L2741">2741</span>
<span id="L2742" rel="#L2742">2742</span>
<span id="L2743" rel="#L2743">2743</span>
<span id="L2744" rel="#L2744">2744</span>
<span id="L2745" rel="#L2745">2745</span>
<span id="L2746" rel="#L2746">2746</span>
<span id="L2747" rel="#L2747">2747</span>
<span id="L2748" rel="#L2748">2748</span>
<span id="L2749" rel="#L2749">2749</span>
<span id="L2750" rel="#L2750">2750</span>
<span id="L2751" rel="#L2751">2751</span>
<span id="L2752" rel="#L2752">2752</span>
<span id="L2753" rel="#L2753">2753</span>
<span id="L2754" rel="#L2754">2754</span>
<span id="L2755" rel="#L2755">2755</span>
<span id="L2756" rel="#L2756">2756</span>
<span id="L2757" rel="#L2757">2757</span>
<span id="L2758" rel="#L2758">2758</span>
<span id="L2759" rel="#L2759">2759</span>
<span id="L2760" rel="#L2760">2760</span>
<span id="L2761" rel="#L2761">2761</span>
<span id="L2762" rel="#L2762">2762</span>
<span id="L2763" rel="#L2763">2763</span>
<span id="L2764" rel="#L2764">2764</span>
<span id="L2765" rel="#L2765">2765</span>
<span id="L2766" rel="#L2766">2766</span>
<span id="L2767" rel="#L2767">2767</span>
<span id="L2768" rel="#L2768">2768</span>
<span id="L2769" rel="#L2769">2769</span>
<span id="L2770" rel="#L2770">2770</span>
<span id="L2771" rel="#L2771">2771</span>
<span id="L2772" rel="#L2772">2772</span>
<span id="L2773" rel="#L2773">2773</span>
<span id="L2774" rel="#L2774">2774</span>
<span id="L2775" rel="#L2775">2775</span>
<span id="L2776" rel="#L2776">2776</span>
<span id="L2777" rel="#L2777">2777</span>
<span id="L2778" rel="#L2778">2778</span>
<span id="L2779" rel="#L2779">2779</span>
<span id="L2780" rel="#L2780">2780</span>
<span id="L2781" rel="#L2781">2781</span>
<span id="L2782" rel="#L2782">2782</span>
<span id="L2783" rel="#L2783">2783</span>
<span id="L2784" rel="#L2784">2784</span>
<span id="L2785" rel="#L2785">2785</span>
<span id="L2786" rel="#L2786">2786</span>
<span id="L2787" rel="#L2787">2787</span>
<span id="L2788" rel="#L2788">2788</span>
<span id="L2789" rel="#L2789">2789</span>
<span id="L2790" rel="#L2790">2790</span>
<span id="L2791" rel="#L2791">2791</span>
<span id="L2792" rel="#L2792">2792</span>
<span id="L2793" rel="#L2793">2793</span>
<span id="L2794" rel="#L2794">2794</span>
<span id="L2795" rel="#L2795">2795</span>
<span id="L2796" rel="#L2796">2796</span>
<span id="L2797" rel="#L2797">2797</span>
<span id="L2798" rel="#L2798">2798</span>
<span id="L2799" rel="#L2799">2799</span>
<span id="L2800" rel="#L2800">2800</span>
<span id="L2801" rel="#L2801">2801</span>
<span id="L2802" rel="#L2802">2802</span>
<span id="L2803" rel="#L2803">2803</span>
<span id="L2804" rel="#L2804">2804</span>
<span id="L2805" rel="#L2805">2805</span>
<span id="L2806" rel="#L2806">2806</span>
<span id="L2807" rel="#L2807">2807</span>
<span id="L2808" rel="#L2808">2808</span>
<span id="L2809" rel="#L2809">2809</span>
<span id="L2810" rel="#L2810">2810</span>
<span id="L2811" rel="#L2811">2811</span>
<span id="L2812" rel="#L2812">2812</span>
<span id="L2813" rel="#L2813">2813</span>
<span id="L2814" rel="#L2814">2814</span>
<span id="L2815" rel="#L2815">2815</span>
<span id="L2816" rel="#L2816">2816</span>
<span id="L2817" rel="#L2817">2817</span>
<span id="L2818" rel="#L2818">2818</span>
<span id="L2819" rel="#L2819">2819</span>
<span id="L2820" rel="#L2820">2820</span>
<span id="L2821" rel="#L2821">2821</span>
<span id="L2822" rel="#L2822">2822</span>
<span id="L2823" rel="#L2823">2823</span>
<span id="L2824" rel="#L2824">2824</span>
<span id="L2825" rel="#L2825">2825</span>
<span id="L2826" rel="#L2826">2826</span>
<span id="L2827" rel="#L2827">2827</span>
<span id="L2828" rel="#L2828">2828</span>
<span id="L2829" rel="#L2829">2829</span>
<span id="L2830" rel="#L2830">2830</span>
<span id="L2831" rel="#L2831">2831</span>
<span id="L2832" rel="#L2832">2832</span>
<span id="L2833" rel="#L2833">2833</span>
<span id="L2834" rel="#L2834">2834</span>
<span id="L2835" rel="#L2835">2835</span>
<span id="L2836" rel="#L2836">2836</span>
<span id="L2837" rel="#L2837">2837</span>
<span id="L2838" rel="#L2838">2838</span>
<span id="L2839" rel="#L2839">2839</span>
<span id="L2840" rel="#L2840">2840</span>
<span id="L2841" rel="#L2841">2841</span>
<span id="L2842" rel="#L2842">2842</span>
<span id="L2843" rel="#L2843">2843</span>
<span id="L2844" rel="#L2844">2844</span>
<span id="L2845" rel="#L2845">2845</span>
<span id="L2846" rel="#L2846">2846</span>
<span id="L2847" rel="#L2847">2847</span>
<span id="L2848" rel="#L2848">2848</span>
<span id="L2849" rel="#L2849">2849</span>
<span id="L2850" rel="#L2850">2850</span>
<span id="L2851" rel="#L2851">2851</span>
<span id="L2852" rel="#L2852">2852</span>
<span id="L2853" rel="#L2853">2853</span>
<span id="L2854" rel="#L2854">2854</span>
<span id="L2855" rel="#L2855">2855</span>
<span id="L2856" rel="#L2856">2856</span>
<span id="L2857" rel="#L2857">2857</span>
<span id="L2858" rel="#L2858">2858</span>
<span id="L2859" rel="#L2859">2859</span>
<span id="L2860" rel="#L2860">2860</span>
<span id="L2861" rel="#L2861">2861</span>
<span id="L2862" rel="#L2862">2862</span>
<span id="L2863" rel="#L2863">2863</span>
<span id="L2864" rel="#L2864">2864</span>
<span id="L2865" rel="#L2865">2865</span>
<span id="L2866" rel="#L2866">2866</span>
<span id="L2867" rel="#L2867">2867</span>
<span id="L2868" rel="#L2868">2868</span>
<span id="L2869" rel="#L2869">2869</span>
<span id="L2870" rel="#L2870">2870</span>
<span id="L2871" rel="#L2871">2871</span>
<span id="L2872" rel="#L2872">2872</span>
<span id="L2873" rel="#L2873">2873</span>
<span id="L2874" rel="#L2874">2874</span>
<span id="L2875" rel="#L2875">2875</span>
<span id="L2876" rel="#L2876">2876</span>
<span id="L2877" rel="#L2877">2877</span>
<span id="L2878" rel="#L2878">2878</span>
<span id="L2879" rel="#L2879">2879</span>
<span id="L2880" rel="#L2880">2880</span>
<span id="L2881" rel="#L2881">2881</span>
<span id="L2882" rel="#L2882">2882</span>
<span id="L2883" rel="#L2883">2883</span>
<span id="L2884" rel="#L2884">2884</span>
<span id="L2885" rel="#L2885">2885</span>
<span id="L2886" rel="#L2886">2886</span>
<span id="L2887" rel="#L2887">2887</span>
<span id="L2888" rel="#L2888">2888</span>
<span id="L2889" rel="#L2889">2889</span>
<span id="L2890" rel="#L2890">2890</span>
<span id="L2891" rel="#L2891">2891</span>
<span id="L2892" rel="#L2892">2892</span>
<span id="L2893" rel="#L2893">2893</span>
<span id="L2894" rel="#L2894">2894</span>
<span id="L2895" rel="#L2895">2895</span>
<span id="L2896" rel="#L2896">2896</span>
<span id="L2897" rel="#L2897">2897</span>
<span id="L2898" rel="#L2898">2898</span>
<span id="L2899" rel="#L2899">2899</span>
<span id="L2900" rel="#L2900">2900</span>
<span id="L2901" rel="#L2901">2901</span>
<span id="L2902" rel="#L2902">2902</span>
<span id="L2903" rel="#L2903">2903</span>
<span id="L2904" rel="#L2904">2904</span>
<span id="L2905" rel="#L2905">2905</span>
<span id="L2906" rel="#L2906">2906</span>
<span id="L2907" rel="#L2907">2907</span>
<span id="L2908" rel="#L2908">2908</span>
<span id="L2909" rel="#L2909">2909</span>
<span id="L2910" rel="#L2910">2910</span>
<span id="L2911" rel="#L2911">2911</span>
<span id="L2912" rel="#L2912">2912</span>
<span id="L2913" rel="#L2913">2913</span>
<span id="L2914" rel="#L2914">2914</span>
<span id="L2915" rel="#L2915">2915</span>
<span id="L2916" rel="#L2916">2916</span>
<span id="L2917" rel="#L2917">2917</span>
<span id="L2918" rel="#L2918">2918</span>
<span id="L2919" rel="#L2919">2919</span>
<span id="L2920" rel="#L2920">2920</span>
<span id="L2921" rel="#L2921">2921</span>
<span id="L2922" rel="#L2922">2922</span>
<span id="L2923" rel="#L2923">2923</span>
<span id="L2924" rel="#L2924">2924</span>
<span id="L2925" rel="#L2925">2925</span>
<span id="L2926" rel="#L2926">2926</span>
<span id="L2927" rel="#L2927">2927</span>
<span id="L2928" rel="#L2928">2928</span>
<span id="L2929" rel="#L2929">2929</span>
<span id="L2930" rel="#L2930">2930</span>
<span id="L2931" rel="#L2931">2931</span>
<span id="L2932" rel="#L2932">2932</span>
<span id="L2933" rel="#L2933">2933</span>
<span id="L2934" rel="#L2934">2934</span>
<span id="L2935" rel="#L2935">2935</span>
<span id="L2936" rel="#L2936">2936</span>
<span id="L2937" rel="#L2937">2937</span>
<span id="L2938" rel="#L2938">2938</span>
<span id="L2939" rel="#L2939">2939</span>
<span id="L2940" rel="#L2940">2940</span>
<span id="L2941" rel="#L2941">2941</span>
<span id="L2942" rel="#L2942">2942</span>
<span id="L2943" rel="#L2943">2943</span>
<span id="L2944" rel="#L2944">2944</span>
<span id="L2945" rel="#L2945">2945</span>
<span id="L2946" rel="#L2946">2946</span>
<span id="L2947" rel="#L2947">2947</span>
<span id="L2948" rel="#L2948">2948</span>
<span id="L2949" rel="#L2949">2949</span>
<span id="L2950" rel="#L2950">2950</span>
<span id="L2951" rel="#L2951">2951</span>
<span id="L2952" rel="#L2952">2952</span>
<span id="L2953" rel="#L2953">2953</span>
<span id="L2954" rel="#L2954">2954</span>
<span id="L2955" rel="#L2955">2955</span>
<span id="L2956" rel="#L2956">2956</span>
<span id="L2957" rel="#L2957">2957</span>
<span id="L2958" rel="#L2958">2958</span>
<span id="L2959" rel="#L2959">2959</span>
<span id="L2960" rel="#L2960">2960</span>
<span id="L2961" rel="#L2961">2961</span>
<span id="L2962" rel="#L2962">2962</span>
<span id="L2963" rel="#L2963">2963</span>
<span id="L2964" rel="#L2964">2964</span>
<span id="L2965" rel="#L2965">2965</span>
<span id="L2966" rel="#L2966">2966</span>
<span id="L2967" rel="#L2967">2967</span>
<span id="L2968" rel="#L2968">2968</span>
<span id="L2969" rel="#L2969">2969</span>
<span id="L2970" rel="#L2970">2970</span>
<span id="L2971" rel="#L2971">2971</span>
<span id="L2972" rel="#L2972">2972</span>
<span id="L2973" rel="#L2973">2973</span>
<span id="L2974" rel="#L2974">2974</span>
<span id="L2975" rel="#L2975">2975</span>
<span id="L2976" rel="#L2976">2976</span>
<span id="L2977" rel="#L2977">2977</span>
<span id="L2978" rel="#L2978">2978</span>
<span id="L2979" rel="#L2979">2979</span>
<span id="L2980" rel="#L2980">2980</span>
<span id="L2981" rel="#L2981">2981</span>
<span id="L2982" rel="#L2982">2982</span>
<span id="L2983" rel="#L2983">2983</span>
<span id="L2984" rel="#L2984">2984</span>
<span id="L2985" rel="#L2985">2985</span>
<span id="L2986" rel="#L2986">2986</span>
<span id="L2987" rel="#L2987">2987</span>
<span id="L2988" rel="#L2988">2988</span>
<span id="L2989" rel="#L2989">2989</span>
<span id="L2990" rel="#L2990">2990</span>
<span id="L2991" rel="#L2991">2991</span>
<span id="L2992" rel="#L2992">2992</span>
<span id="L2993" rel="#L2993">2993</span>
<span id="L2994" rel="#L2994">2994</span>
<span id="L2995" rel="#L2995">2995</span>
<span id="L2996" rel="#L2996">2996</span>
<span id="L2997" rel="#L2997">2997</span>
<span id="L2998" rel="#L2998">2998</span>
<span id="L2999" rel="#L2999">2999</span>
<span id="L3000" rel="#L3000">3000</span>
<span id="L3001" rel="#L3001">3001</span>
<span id="L3002" rel="#L3002">3002</span>
<span id="L3003" rel="#L3003">3003</span>
<span id="L3004" rel="#L3004">3004</span>
<span id="L3005" rel="#L3005">3005</span>
<span id="L3006" rel="#L3006">3006</span>
<span id="L3007" rel="#L3007">3007</span>
<span id="L3008" rel="#L3008">3008</span>
<span id="L3009" rel="#L3009">3009</span>
<span id="L3010" rel="#L3010">3010</span>
<span id="L3011" rel="#L3011">3011</span>
<span id="L3012" rel="#L3012">3012</span>
<span id="L3013" rel="#L3013">3013</span>
<span id="L3014" rel="#L3014">3014</span>
<span id="L3015" rel="#L3015">3015</span>
<span id="L3016" rel="#L3016">3016</span>
<span id="L3017" rel="#L3017">3017</span>
<span id="L3018" rel="#L3018">3018</span>
<span id="L3019" rel="#L3019">3019</span>
<span id="L3020" rel="#L3020">3020</span>
<span id="L3021" rel="#L3021">3021</span>
<span id="L3022" rel="#L3022">3022</span>
<span id="L3023" rel="#L3023">3023</span>
<span id="L3024" rel="#L3024">3024</span>
<span id="L3025" rel="#L3025">3025</span>
<span id="L3026" rel="#L3026">3026</span>
<span id="L3027" rel="#L3027">3027</span>
<span id="L3028" rel="#L3028">3028</span>
<span id="L3029" rel="#L3029">3029</span>
<span id="L3030" rel="#L3030">3030</span>
<span id="L3031" rel="#L3031">3031</span>
<span id="L3032" rel="#L3032">3032</span>
<span id="L3033" rel="#L3033">3033</span>
<span id="L3034" rel="#L3034">3034</span>
<span id="L3035" rel="#L3035">3035</span>
<span id="L3036" rel="#L3036">3036</span>
<span id="L3037" rel="#L3037">3037</span>
<span id="L3038" rel="#L3038">3038</span>
<span id="L3039" rel="#L3039">3039</span>
<span id="L3040" rel="#L3040">3040</span>
<span id="L3041" rel="#L3041">3041</span>
<span id="L3042" rel="#L3042">3042</span>
<span id="L3043" rel="#L3043">3043</span>
<span id="L3044" rel="#L3044">3044</span>
<span id="L3045" rel="#L3045">3045</span>
<span id="L3046" rel="#L3046">3046</span>
<span id="L3047" rel="#L3047">3047</span>
<span id="L3048" rel="#L3048">3048</span>
<span id="L3049" rel="#L3049">3049</span>
<span id="L3050" rel="#L3050">3050</span>
<span id="L3051" rel="#L3051">3051</span>
<span id="L3052" rel="#L3052">3052</span>
<span id="L3053" rel="#L3053">3053</span>
<span id="L3054" rel="#L3054">3054</span>
<span id="L3055" rel="#L3055">3055</span>
<span id="L3056" rel="#L3056">3056</span>
<span id="L3057" rel="#L3057">3057</span>
<span id="L3058" rel="#L3058">3058</span>
<span id="L3059" rel="#L3059">3059</span>
<span id="L3060" rel="#L3060">3060</span>
<span id="L3061" rel="#L3061">3061</span>
<span id="L3062" rel="#L3062">3062</span>
<span id="L3063" rel="#L3063">3063</span>
<span id="L3064" rel="#L3064">3064</span>
<span id="L3065" rel="#L3065">3065</span>
<span id="L3066" rel="#L3066">3066</span>
<span id="L3067" rel="#L3067">3067</span>
<span id="L3068" rel="#L3068">3068</span>
<span id="L3069" rel="#L3069">3069</span>
<span id="L3070" rel="#L3070">3070</span>
<span id="L3071" rel="#L3071">3071</span>
<span id="L3072" rel="#L3072">3072</span>
<span id="L3073" rel="#L3073">3073</span>
<span id="L3074" rel="#L3074">3074</span>
<span id="L3075" rel="#L3075">3075</span>
<span id="L3076" rel="#L3076">3076</span>
<span id="L3077" rel="#L3077">3077</span>
<span id="L3078" rel="#L3078">3078</span>
<span id="L3079" rel="#L3079">3079</span>
<span id="L3080" rel="#L3080">3080</span>
<span id="L3081" rel="#L3081">3081</span>
<span id="L3082" rel="#L3082">3082</span>
<span id="L3083" rel="#L3083">3083</span>
<span id="L3084" rel="#L3084">3084</span>
<span id="L3085" rel="#L3085">3085</span>
<span id="L3086" rel="#L3086">3086</span>
<span id="L3087" rel="#L3087">3087</span>
<span id="L3088" rel="#L3088">3088</span>
<span id="L3089" rel="#L3089">3089</span>
<span id="L3090" rel="#L3090">3090</span>
<span id="L3091" rel="#L3091">3091</span>
<span id="L3092" rel="#L3092">3092</span>
<span id="L3093" rel="#L3093">3093</span>
<span id="L3094" rel="#L3094">3094</span>
<span id="L3095" rel="#L3095">3095</span>
<span id="L3096" rel="#L3096">3096</span>
<span id="L3097" rel="#L3097">3097</span>
<span id="L3098" rel="#L3098">3098</span>
<span id="L3099" rel="#L3099">3099</span>
<span id="L3100" rel="#L3100">3100</span>
<span id="L3101" rel="#L3101">3101</span>
<span id="L3102" rel="#L3102">3102</span>
<span id="L3103" rel="#L3103">3103</span>
<span id="L3104" rel="#L3104">3104</span>
<span id="L3105" rel="#L3105">3105</span>
<span id="L3106" rel="#L3106">3106</span>
<span id="L3107" rel="#L3107">3107</span>
<span id="L3108" rel="#L3108">3108</span>
<span id="L3109" rel="#L3109">3109</span>
<span id="L3110" rel="#L3110">3110</span>
<span id="L3111" rel="#L3111">3111</span>
<span id="L3112" rel="#L3112">3112</span>
<span id="L3113" rel="#L3113">3113</span>
<span id="L3114" rel="#L3114">3114</span>
<span id="L3115" rel="#L3115">3115</span>
<span id="L3116" rel="#L3116">3116</span>
<span id="L3117" rel="#L3117">3117</span>
<span id="L3118" rel="#L3118">3118</span>
<span id="L3119" rel="#L3119">3119</span>
<span id="L3120" rel="#L3120">3120</span>
<span id="L3121" rel="#L3121">3121</span>
<span id="L3122" rel="#L3122">3122</span>
<span id="L3123" rel="#L3123">3123</span>
<span id="L3124" rel="#L3124">3124</span>
<span id="L3125" rel="#L3125">3125</span>
<span id="L3126" rel="#L3126">3126</span>
<span id="L3127" rel="#L3127">3127</span>
<span id="L3128" rel="#L3128">3128</span>
<span id="L3129" rel="#L3129">3129</span>
<span id="L3130" rel="#L3130">3130</span>
<span id="L3131" rel="#L3131">3131</span>
<span id="L3132" rel="#L3132">3132</span>
<span id="L3133" rel="#L3133">3133</span>
<span id="L3134" rel="#L3134">3134</span>
<span id="L3135" rel="#L3135">3135</span>
<span id="L3136" rel="#L3136">3136</span>
<span id="L3137" rel="#L3137">3137</span>
<span id="L3138" rel="#L3138">3138</span>
<span id="L3139" rel="#L3139">3139</span>
<span id="L3140" rel="#L3140">3140</span>
<span id="L3141" rel="#L3141">3141</span>
<span id="L3142" rel="#L3142">3142</span>
<span id="L3143" rel="#L3143">3143</span>
<span id="L3144" rel="#L3144">3144</span>
<span id="L3145" rel="#L3145">3145</span>
<span id="L3146" rel="#L3146">3146</span>
<span id="L3147" rel="#L3147">3147</span>
<span id="L3148" rel="#L3148">3148</span>
<span id="L3149" rel="#L3149">3149</span>
<span id="L3150" rel="#L3150">3150</span>
<span id="L3151" rel="#L3151">3151</span>
<span id="L3152" rel="#L3152">3152</span>
<span id="L3153" rel="#L3153">3153</span>
<span id="L3154" rel="#L3154">3154</span>
<span id="L3155" rel="#L3155">3155</span>
<span id="L3156" rel="#L3156">3156</span>
<span id="L3157" rel="#L3157">3157</span>
<span id="L3158" rel="#L3158">3158</span>
<span id="L3159" rel="#L3159">3159</span>
<span id="L3160" rel="#L3160">3160</span>
<span id="L3161" rel="#L3161">3161</span>
<span id="L3162" rel="#L3162">3162</span>
<span id="L3163" rel="#L3163">3163</span>
<span id="L3164" rel="#L3164">3164</span>
<span id="L3165" rel="#L3165">3165</span>
<span id="L3166" rel="#L3166">3166</span>
<span id="L3167" rel="#L3167">3167</span>
<span id="L3168" rel="#L3168">3168</span>
<span id="L3169" rel="#L3169">3169</span>
<span id="L3170" rel="#L3170">3170</span>
<span id="L3171" rel="#L3171">3171</span>
<span id="L3172" rel="#L3172">3172</span>
<span id="L3173" rel="#L3173">3173</span>
<span id="L3174" rel="#L3174">3174</span>
<span id="L3175" rel="#L3175">3175</span>
<span id="L3176" rel="#L3176">3176</span>
<span id="L3177" rel="#L3177">3177</span>
<span id="L3178" rel="#L3178">3178</span>
<span id="L3179" rel="#L3179">3179</span>
<span id="L3180" rel="#L3180">3180</span>
<span id="L3181" rel="#L3181">3181</span>
<span id="L3182" rel="#L3182">3182</span>
<span id="L3183" rel="#L3183">3183</span>
<span id="L3184" rel="#L3184">3184</span>
<span id="L3185" rel="#L3185">3185</span>
<span id="L3186" rel="#L3186">3186</span>
<span id="L3187" rel="#L3187">3187</span>
<span id="L3188" rel="#L3188">3188</span>
<span id="L3189" rel="#L3189">3189</span>
<span id="L3190" rel="#L3190">3190</span>
<span id="L3191" rel="#L3191">3191</span>
<span id="L3192" rel="#L3192">3192</span>
<span id="L3193" rel="#L3193">3193</span>
<span id="L3194" rel="#L3194">3194</span>
<span id="L3195" rel="#L3195">3195</span>
<span id="L3196" rel="#L3196">3196</span>
<span id="L3197" rel="#L3197">3197</span>
<span id="L3198" rel="#L3198">3198</span>
<span id="L3199" rel="#L3199">3199</span>
<span id="L3200" rel="#L3200">3200</span>
<span id="L3201" rel="#L3201">3201</span>
<span id="L3202" rel="#L3202">3202</span>
<span id="L3203" rel="#L3203">3203</span>
<span id="L3204" rel="#L3204">3204</span>
<span id="L3205" rel="#L3205">3205</span>
<span id="L3206" rel="#L3206">3206</span>
<span id="L3207" rel="#L3207">3207</span>
<span id="L3208" rel="#L3208">3208</span>
<span id="L3209" rel="#L3209">3209</span>
<span id="L3210" rel="#L3210">3210</span>
<span id="L3211" rel="#L3211">3211</span>
<span id="L3212" rel="#L3212">3212</span>
<span id="L3213" rel="#L3213">3213</span>
<span id="L3214" rel="#L3214">3214</span>
<span id="L3215" rel="#L3215">3215</span>
<span id="L3216" rel="#L3216">3216</span>
<span id="L3217" rel="#L3217">3217</span>
<span id="L3218" rel="#L3218">3218</span>
<span id="L3219" rel="#L3219">3219</span>
<span id="L3220" rel="#L3220">3220</span>
<span id="L3221" rel="#L3221">3221</span>
<span id="L3222" rel="#L3222">3222</span>
<span id="L3223" rel="#L3223">3223</span>
<span id="L3224" rel="#L3224">3224</span>
<span id="L3225" rel="#L3225">3225</span>
<span id="L3226" rel="#L3226">3226</span>
<span id="L3227" rel="#L3227">3227</span>
<span id="L3228" rel="#L3228">3228</span>
<span id="L3229" rel="#L3229">3229</span>
<span id="L3230" rel="#L3230">3230</span>
<span id="L3231" rel="#L3231">3231</span>
<span id="L3232" rel="#L3232">3232</span>
<span id="L3233" rel="#L3233">3233</span>
<span id="L3234" rel="#L3234">3234</span>
<span id="L3235" rel="#L3235">3235</span>
<span id="L3236" rel="#L3236">3236</span>
<span id="L3237" rel="#L3237">3237</span>
<span id="L3238" rel="#L3238">3238</span>
<span id="L3239" rel="#L3239">3239</span>
<span id="L3240" rel="#L3240">3240</span>
<span id="L3241" rel="#L3241">3241</span>
<span id="L3242" rel="#L3242">3242</span>
<span id="L3243" rel="#L3243">3243</span>
<span id="L3244" rel="#L3244">3244</span>
<span id="L3245" rel="#L3245">3245</span>
<span id="L3246" rel="#L3246">3246</span>
<span id="L3247" rel="#L3247">3247</span>
<span id="L3248" rel="#L3248">3248</span>
<span id="L3249" rel="#L3249">3249</span>
<span id="L3250" rel="#L3250">3250</span>
<span id="L3251" rel="#L3251">3251</span>
<span id="L3252" rel="#L3252">3252</span>
<span id="L3253" rel="#L3253">3253</span>
<span id="L3254" rel="#L3254">3254</span>
<span id="L3255" rel="#L3255">3255</span>
<span id="L3256" rel="#L3256">3256</span>
<span id="L3257" rel="#L3257">3257</span>
<span id="L3258" rel="#L3258">3258</span>
<span id="L3259" rel="#L3259">3259</span>
<span id="L3260" rel="#L3260">3260</span>
<span id="L3261" rel="#L3261">3261</span>
<span id="L3262" rel="#L3262">3262</span>
<span id="L3263" rel="#L3263">3263</span>
<span id="L3264" rel="#L3264">3264</span>
<span id="L3265" rel="#L3265">3265</span>
<span id="L3266" rel="#L3266">3266</span>
<span id="L3267" rel="#L3267">3267</span>
<span id="L3268" rel="#L3268">3268</span>
<span id="L3269" rel="#L3269">3269</span>
<span id="L3270" rel="#L3270">3270</span>
<span id="L3271" rel="#L3271">3271</span>
<span id="L3272" rel="#L3272">3272</span>
<span id="L3273" rel="#L3273">3273</span>
<span id="L3274" rel="#L3274">3274</span>
<span id="L3275" rel="#L3275">3275</span>
<span id="L3276" rel="#L3276">3276</span>
<span id="L3277" rel="#L3277">3277</span>
<span id="L3278" rel="#L3278">3278</span>
<span id="L3279" rel="#L3279">3279</span>
<span id="L3280" rel="#L3280">3280</span>
<span id="L3281" rel="#L3281">3281</span>
<span id="L3282" rel="#L3282">3282</span>
<span id="L3283" rel="#L3283">3283</span>
<span id="L3284" rel="#L3284">3284</span>

          </td>
          <td class="blob-line-code">
                  <div class="highlight"><pre><div class='line' id='LC1'><span class="cp">&lt;?xml version=&quot;1.0&quot; encoding=&quot;UTF-8&quot;?&gt;</span></div><div class='line' id='LC2'><span class="nt">&lt;Project</span> <span class="na">name=</span><span class="s">&quot;JUnit&quot;</span> <span class="na">lastVersion=</span><span class="s">&quot;437&quot;</span><span class="nt">&gt;</span></div><div class='line' id='LC3'>&nbsp;&nbsp;<span class="nt">&lt;CodeInfo&gt;</span></div><div class='line' id='LC4'>&nbsp;&nbsp;&nbsp;&nbsp;<span class="nt">&lt;package</span> <span class="na">name=</span><span class="s">&quot;org&quot;</span><span class="nt">&gt;</span></div><div class='line' id='LC5'>&nbsp;&nbsp;&nbsp;&nbsp;&nbsp;&nbsp;<span class="nt">&lt;package</span> <span class="na">name=</span><span class="s">&quot;junit&quot;</span><span class="nt">&gt;</span></div><div class='line' id='LC6'>&nbsp;&nbsp;&nbsp;&nbsp;&nbsp;&nbsp;&nbsp;&nbsp;<span class="nt">&lt;class</span> <span class="na">name=</span><span class="s">&quot;ClassRule&quot;</span> <span class="na">type=</span><span class="s">&quot;Interface&quot;</span> <span class="na">maxLoc=</span><span class="s">&quot;60&quot;</span><span class="nt">&gt;</span></div><div class='line' id='LC7'>&nbsp;&nbsp;&nbsp;&nbsp;&nbsp;&nbsp;&nbsp;&nbsp;&nbsp;&nbsp;<span class="nt">&lt;version</span> <span class="na">num=</span><span class="s">&quot;1&quot;</span> <span class="na">curr_loc=</span><span class="s">&quot;60&quot;</span> <span class="na">changed=</span><span class="s">&quot;1&quot;</span> <span class="na">churn=</span><span class="s">&quot;60&quot;</span> <span class="nt">/&gt;</span></div><div class='line' id='LC8'>&nbsp;&nbsp;&nbsp;&nbsp;&nbsp;&nbsp;&nbsp;&nbsp;&nbsp;&nbsp;<span class="nt">&lt;version</span> <span class="na">num=</span><span class="s">&quot;14&quot;</span> <span class="na">curr_loc=</span><span class="s">&quot;56&quot;</span> <span class="na">changed=</span><span class="s">&quot;1&quot;</span> <span class="na">churn=</span><span class="s">&quot;64&quot;</span> <span class="nt">/&gt;</span></div><div class='line' id='LC9'>&nbsp;&nbsp;&nbsp;&nbsp;&nbsp;&nbsp;&nbsp;&nbsp;&nbsp;&nbsp;<span class="nt">&lt;version</span> <span class="na">num=</span><span class="s">&quot;16&quot;</span> <span class="na">curr_loc=</span><span class="s">&quot;59&quot;</span> <span class="na">changed=</span><span class="s">&quot;1&quot;</span> <span class="na">churn=</span><span class="s">&quot;67&quot;</span> <span class="nt">/&gt;</span></div><div class='line' id='LC10'>&nbsp;&nbsp;&nbsp;&nbsp;&nbsp;&nbsp;&nbsp;&nbsp;&nbsp;&nbsp;<span class="nt">&lt;version</span> <span class="na">num=</span><span class="s">&quot;17&quot;</span> <span class="na">curr_loc=</span><span class="s">&quot;57&quot;</span> <span class="na">changed=</span><span class="s">&quot;1&quot;</span> <span class="na">churn=</span><span class="s">&quot;69&quot;</span> <span class="nt">/&gt;</span></div><div class='line' id='LC11'>&nbsp;&nbsp;&nbsp;&nbsp;&nbsp;&nbsp;&nbsp;&nbsp;&nbsp;&nbsp;<span class="nt">&lt;version</span> <span class="na">num=</span><span class="s">&quot;19&quot;</span> <span class="na">curr_loc=</span><span class="s">&quot;59&quot;</span> <span class="na">changed=</span><span class="s">&quot;1&quot;</span> <span class="na">churn=</span><span class="s">&quot;71&quot;</span> <span class="nt">/&gt;</span></div><div class='line' id='LC12'>&nbsp;&nbsp;&nbsp;&nbsp;&nbsp;&nbsp;&nbsp;&nbsp;&nbsp;&nbsp;<span class="nt">&lt;version</span> <span class="na">num=</span><span class="s">&quot;25&quot;</span> <span class="na">curr_loc=</span><span class="s">&quot;56&quot;</span> <span class="na">changed=</span><span class="s">&quot;1&quot;</span> <span class="na">churn=</span><span class="s">&quot;74&quot;</span> <span class="nt">/&gt;</span></div><div class='line' id='LC13'>&nbsp;&nbsp;&nbsp;&nbsp;&nbsp;&nbsp;&nbsp;&nbsp;&nbsp;&nbsp;<span class="nt">&lt;version</span> <span class="na">num=</span><span class="s">&quot;26&quot;</span> <span class="na">curr_loc=</span><span class="s">&quot;60&quot;</span> <span class="na">changed=</span><span class="s">&quot;1&quot;</span> <span class="na">churn=</span><span class="s">&quot;78&quot;</span> <span class="nt">/&gt;</span></div><div class='line' id='LC14'>&nbsp;&nbsp;&nbsp;&nbsp;&nbsp;&nbsp;&nbsp;&nbsp;&nbsp;&nbsp;<span class="nt">&lt;version</span> <span class="na">num=</span><span class="s">&quot;27&quot;</span> <span class="na">curr_loc=</span><span class="s">&quot;56&quot;</span> <span class="na">changed=</span><span class="s">&quot;1&quot;</span> <span class="na">churn=</span><span class="s">&quot;82&quot;</span> <span class="nt">/&gt;</span></div><div class='line' id='LC15'>&nbsp;&nbsp;&nbsp;&nbsp;&nbsp;&nbsp;&nbsp;&nbsp;&nbsp;&nbsp;<span class="nt">&lt;version</span> <span class="na">num=</span><span class="s">&quot;30&quot;</span> <span class="na">curr_loc=</span><span class="s">&quot;18&quot;</span> <span class="na">changed=</span><span class="s">&quot;1&quot;</span> <span class="na">churn=</span><span class="s">&quot;120&quot;</span> <span class="nt">/&gt;</span></div><div class='line' id='LC16'>&nbsp;&nbsp;&nbsp;&nbsp;&nbsp;&nbsp;&nbsp;&nbsp;&nbsp;&nbsp;<span class="nt">&lt;version</span> <span class="na">num=</span><span class="s">&quot;33&quot;</span> <span class="na">curr_loc=</span><span class="s">&quot;17&quot;</span> <span class="na">changed=</span><span class="s">&quot;1&quot;</span> <span class="na">churn=</span><span class="s">&quot;121&quot;</span> <span class="nt">/&gt;</span></div><div class='line' id='LC17'>&nbsp;&nbsp;&nbsp;&nbsp;&nbsp;&nbsp;&nbsp;&nbsp;&nbsp;&nbsp;<span class="nt">&lt;version</span> <span class="na">num=</span><span class="s">&quot;35&quot;</span> <span class="na">curr_loc=</span><span class="s">&quot;17&quot;</span> <span class="na">changed=</span><span class="s">&quot;1&quot;</span> <span class="na">churn=</span><span class="s">&quot;121&quot;</span> <span class="nt">/&gt;</span></div><div class='line' id='LC18'>&nbsp;&nbsp;&nbsp;&nbsp;&nbsp;&nbsp;&nbsp;&nbsp;&nbsp;&nbsp;<span class="nt">&lt;version</span> <span class="na">num=</span><span class="s">&quot;39&quot;</span> <span class="na">curr_loc=</span><span class="s">&quot;41&quot;</span> <span class="na">changed=</span><span class="s">&quot;1&quot;</span> <span class="na">churn=</span><span class="s">&quot;145&quot;</span> <span class="nt">/&gt;</span></div><div class='line' id='LC19'>&nbsp;&nbsp;&nbsp;&nbsp;&nbsp;&nbsp;&nbsp;&nbsp;<span class="nt">&lt;/class&gt;</span></div><div class='line' id='LC20'>&nbsp;&nbsp;&nbsp;&nbsp;&nbsp;&nbsp;&nbsp;&nbsp;<span class="nt">&lt;class</span> <span class="na">name=</span><span class="s">&quot;Rule&quot;</span> <span class="na">type=</span><span class="s">&quot;Interface&quot;</span> <span class="na">maxLoc=</span><span class="s">&quot;48&quot;</span><span class="nt">&gt;</span></div><div class='line' id='LC21'>&nbsp;&nbsp;&nbsp;&nbsp;&nbsp;&nbsp;&nbsp;&nbsp;&nbsp;&nbsp;<span class="nt">&lt;version</span> <span class="na">num=</span><span class="s">&quot;1&quot;</span> <span class="na">curr_loc=</span><span class="s">&quot;47&quot;</span> <span class="na">changed=</span><span class="s">&quot;1&quot;</span> <span class="na">churn=</span><span class="s">&quot;47&quot;</span> <span class="nt">/&gt;</span></div><div class='line' id='LC22'>&nbsp;&nbsp;&nbsp;&nbsp;&nbsp;&nbsp;&nbsp;&nbsp;&nbsp;&nbsp;<span class="nt">&lt;version</span> <span class="na">num=</span><span class="s">&quot;14&quot;</span> <span class="na">curr_loc=</span><span class="s">&quot;45&quot;</span> <span class="na">changed=</span><span class="s">&quot;1&quot;</span> <span class="na">churn=</span><span class="s">&quot;49&quot;</span> <span class="nt">/&gt;</span></div><div class='line' id='LC23'>&nbsp;&nbsp;&nbsp;&nbsp;&nbsp;&nbsp;&nbsp;&nbsp;&nbsp;&nbsp;<span class="nt">&lt;version</span> <span class="na">num=</span><span class="s">&quot;16&quot;</span> <span class="na">curr_loc=</span><span class="s">&quot;47&quot;</span> <span class="na">changed=</span><span class="s">&quot;1&quot;</span> <span class="na">churn=</span><span class="s">&quot;51&quot;</span> <span class="nt">/&gt;</span></div><div class='line' id='LC24'>&nbsp;&nbsp;&nbsp;&nbsp;&nbsp;&nbsp;&nbsp;&nbsp;&nbsp;&nbsp;<span class="nt">&lt;version</span> <span class="na">num=</span><span class="s">&quot;19&quot;</span> <span class="na">curr_loc=</span><span class="s">&quot;48&quot;</span> <span class="na">changed=</span><span class="s">&quot;1&quot;</span> <span class="na">churn=</span><span class="s">&quot;52&quot;</span> <span class="nt">/&gt;</span></div><div class='line' id='LC25'>&nbsp;&nbsp;&nbsp;&nbsp;&nbsp;&nbsp;&nbsp;&nbsp;&nbsp;&nbsp;<span class="nt">&lt;version</span> <span class="na">num=</span><span class="s">&quot;27&quot;</span> <span class="na">curr_loc=</span><span class="s">&quot;45&quot;</span> <span class="na">changed=</span><span class="s">&quot;1&quot;</span> <span class="na">churn=</span><span class="s">&quot;55&quot;</span> <span class="nt">/&gt;</span></div><div class='line' id='LC26'>&nbsp;&nbsp;&nbsp;&nbsp;&nbsp;&nbsp;&nbsp;&nbsp;&nbsp;&nbsp;<span class="nt">&lt;version</span> <span class="na">num=</span><span class="s">&quot;31&quot;</span> <span class="na">curr_loc=</span><span class="s">&quot;21&quot;</span> <span class="na">changed=</span><span class="s">&quot;1&quot;</span> <span class="na">churn=</span><span class="s">&quot;79&quot;</span> <span class="nt">/&gt;</span></div><div class='line' id='LC27'>&nbsp;&nbsp;&nbsp;&nbsp;&nbsp;&nbsp;&nbsp;&nbsp;&nbsp;&nbsp;<span class="nt">&lt;version</span> <span class="na">num=</span><span class="s">&quot;123&quot;</span> <span class="na">curr_loc=</span><span class="s">&quot;16&quot;</span> <span class="na">changed=</span><span class="s">&quot;1&quot;</span> <span class="na">churn=</span><span class="s">&quot;84&quot;</span> <span class="nt">/&gt;</span></div><div class='line' id='LC28'>&nbsp;&nbsp;&nbsp;&nbsp;&nbsp;&nbsp;&nbsp;&nbsp;<span class="nt">&lt;/class&gt;</span></div><div class='line' id='LC29'>&nbsp;&nbsp;&nbsp;&nbsp;&nbsp;&nbsp;&nbsp;&nbsp;<span class="nt">&lt;package</span> <span class="na">name=</span><span class="s">&quot;experimental&quot;</span><span class="nt">&gt;</span></div><div class='line' id='LC30'>&nbsp;&nbsp;&nbsp;&nbsp;&nbsp;&nbsp;&nbsp;&nbsp;&nbsp;&nbsp;<span class="nt">&lt;package</span> <span class="na">name=</span><span class="s">&quot;results&quot;</span><span class="nt">&gt;</span></div><div class='line' id='LC31'>&nbsp;&nbsp;&nbsp;&nbsp;&nbsp;&nbsp;&nbsp;&nbsp;&nbsp;&nbsp;&nbsp;&nbsp;<span class="nt">&lt;class</span> <span class="na">name=</span><span class="s">&quot;PrintableResult&quot;</span> <span class="na">type=</span><span class="s">&quot;ConcreteClass&quot;</span> <span class="na">maxLoc=</span><span class="s">&quot;63&quot;</span><span class="nt">&gt;</span></div><div class='line' id='LC32'>&nbsp;&nbsp;&nbsp;&nbsp;&nbsp;&nbsp;&nbsp;&nbsp;&nbsp;&nbsp;&nbsp;&nbsp;&nbsp;&nbsp;<span class="nt">&lt;version</span> <span class="na">num=</span><span class="s">&quot;1&quot;</span> <span class="na">curr_loc=</span><span class="s">&quot;63&quot;</span> <span class="na">changed=</span><span class="s">&quot;1&quot;</span> <span class="na">churn=</span><span class="s">&quot;63&quot;</span> <span class="nt">/&gt;</span></div><div class='line' id='LC33'>&nbsp;&nbsp;&nbsp;&nbsp;&nbsp;&nbsp;&nbsp;&nbsp;&nbsp;&nbsp;&nbsp;&nbsp;&nbsp;&nbsp;<span class="nt">&lt;version</span> <span class="na">num=</span><span class="s">&quot;118&quot;</span> <span class="na">curr_loc=</span><span class="s">&quot;59&quot;</span> <span class="na">changed=</span><span class="s">&quot;1&quot;</span> <span class="na">churn=</span><span class="s">&quot;67&quot;</span> <span class="nt">/&gt;</span></div><div class='line' id='LC34'>&nbsp;&nbsp;&nbsp;&nbsp;&nbsp;&nbsp;&nbsp;&nbsp;&nbsp;&nbsp;&nbsp;&nbsp;&nbsp;&nbsp;<span class="nt">&lt;version</span> <span class="na">num=</span><span class="s">&quot;122&quot;</span> <span class="na">curr_loc=</span><span class="s">&quot;55&quot;</span> <span class="na">changed=</span><span class="s">&quot;1&quot;</span> <span class="na">churn=</span><span class="s">&quot;71&quot;</span> <span class="nt">/&gt;</span></div><div class='line' id='LC35'>&nbsp;&nbsp;&nbsp;&nbsp;&nbsp;&nbsp;&nbsp;&nbsp;&nbsp;&nbsp;&nbsp;&nbsp;&nbsp;&nbsp;<span class="nt">&lt;version</span> <span class="na">num=</span><span class="s">&quot;128&quot;</span> <span class="na">curr_loc=</span><span class="s">&quot;49&quot;</span> <span class="na">changed=</span><span class="s">&quot;1&quot;</span> <span class="na">churn=</span><span class="s">&quot;77&quot;</span> <span class="nt">/&gt;</span></div><div class='line' id='LC36'>&nbsp;&nbsp;&nbsp;&nbsp;&nbsp;&nbsp;&nbsp;&nbsp;&nbsp;&nbsp;&nbsp;&nbsp;&nbsp;&nbsp;<span class="nt">&lt;version</span> <span class="na">num=</span><span class="s">&quot;143&quot;</span> <span class="na">curr_loc=</span><span class="s">&quot;49&quot;</span> <span class="na">changed=</span><span class="s">&quot;1&quot;</span> <span class="na">churn=</span><span class="s">&quot;77&quot;</span> <span class="nt">/&gt;</span></div><div class='line' id='LC37'>&nbsp;&nbsp;&nbsp;&nbsp;&nbsp;&nbsp;&nbsp;&nbsp;&nbsp;&nbsp;&nbsp;&nbsp;&nbsp;&nbsp;<span class="nt">&lt;version</span> <span class="na">num=</span><span class="s">&quot;399&quot;</span> <span class="na">curr_loc=</span><span class="s">&quot;44&quot;</span> <span class="na">changed=</span><span class="s">&quot;1&quot;</span> <span class="na">churn=</span><span class="s">&quot;82&quot;</span> <span class="nt">/&gt;</span></div><div class='line' id='LC38'>&nbsp;&nbsp;&nbsp;&nbsp;&nbsp;&nbsp;&nbsp;&nbsp;&nbsp;&nbsp;&nbsp;&nbsp;&nbsp;&nbsp;<span class="nt">&lt;version</span> <span class="na">num=</span><span class="s">&quot;435&quot;</span> <span class="na">curr_loc=</span><span class="s">&quot;45&quot;</span> <span class="na">changed=</span><span class="s">&quot;1&quot;</span> <span class="na">churn=</span><span class="s">&quot;83&quot;</span> <span class="nt">/&gt;</span></div><div class='line' id='LC39'>&nbsp;&nbsp;&nbsp;&nbsp;&nbsp;&nbsp;&nbsp;&nbsp;&nbsp;&nbsp;&nbsp;&nbsp;<span class="nt">&lt;/class&gt;</span></div><div class='line' id='LC40'>&nbsp;&nbsp;&nbsp;&nbsp;&nbsp;&nbsp;&nbsp;&nbsp;&nbsp;&nbsp;&nbsp;&nbsp;<span class="nt">&lt;class</span> <span class="na">name=</span><span class="s">&quot;ResultMatchers&quot;</span> <span class="na">type=</span><span class="s">&quot;ConcreteClass&quot;</span> <span class="na">maxLoc=</span><span class="s">&quot;70&quot;</span><span class="nt">&gt;</span></div><div class='line' id='LC41'>&nbsp;&nbsp;&nbsp;&nbsp;&nbsp;&nbsp;&nbsp;&nbsp;&nbsp;&nbsp;&nbsp;&nbsp;&nbsp;&nbsp;<span class="nt">&lt;version</span> <span class="na">num=</span><span class="s">&quot;118&quot;</span> <span class="na">curr_loc=</span><span class="s">&quot;70&quot;</span> <span class="na">changed=</span><span class="s">&quot;1&quot;</span> <span class="na">churn=</span><span class="s">&quot;70&quot;</span> <span class="nt">/&gt;</span></div><div class='line' id='LC42'>&nbsp;&nbsp;&nbsp;&nbsp;&nbsp;&nbsp;&nbsp;&nbsp;&nbsp;&nbsp;&nbsp;&nbsp;&nbsp;&nbsp;<span class="nt">&lt;version</span> <span class="na">num=</span><span class="s">&quot;121&quot;</span> <span class="na">curr_loc=</span><span class="s">&quot;57&quot;</span> <span class="na">changed=</span><span class="s">&quot;1&quot;</span> <span class="na">churn=</span><span class="s">&quot;83&quot;</span> <span class="nt">/&gt;</span></div><div class='line' id='LC43'>&nbsp;&nbsp;&nbsp;&nbsp;&nbsp;&nbsp;&nbsp;&nbsp;&nbsp;&nbsp;&nbsp;&nbsp;&nbsp;&nbsp;<span class="nt">&lt;version</span> <span class="na">num=</span><span class="s">&quot;122&quot;</span> <span class="na">curr_loc=</span><span class="s">&quot;57&quot;</span> <span class="na">changed=</span><span class="s">&quot;1&quot;</span> <span class="na">churn=</span><span class="s">&quot;83&quot;</span> <span class="nt">/&gt;</span></div><div class='line' id='LC44'>&nbsp;&nbsp;&nbsp;&nbsp;&nbsp;&nbsp;&nbsp;&nbsp;&nbsp;&nbsp;&nbsp;&nbsp;&nbsp;&nbsp;<span class="nt">&lt;version</span> <span class="na">num=</span><span class="s">&quot;182&quot;</span> <span class="na">curr_loc=</span><span class="s">&quot;49&quot;</span> <span class="na">changed=</span><span class="s">&quot;1&quot;</span> <span class="na">churn=</span><span class="s">&quot;91&quot;</span> <span class="nt">/&gt;</span></div><div class='line' id='LC45'>&nbsp;&nbsp;&nbsp;&nbsp;&nbsp;&nbsp;&nbsp;&nbsp;&nbsp;&nbsp;&nbsp;&nbsp;&nbsp;&nbsp;<span class="nt">&lt;version</span> <span class="na">num=</span><span class="s">&quot;184&quot;</span> <span class="na">curr_loc=</span><span class="s">&quot;49&quot;</span> <span class="na">changed=</span><span class="s">&quot;1&quot;</span> <span class="na">churn=</span><span class="s">&quot;91&quot;</span> <span class="nt">/&gt;</span></div><div class='line' id='LC46'>&nbsp;&nbsp;&nbsp;&nbsp;&nbsp;&nbsp;&nbsp;&nbsp;&nbsp;&nbsp;&nbsp;&nbsp;&nbsp;&nbsp;<span class="nt">&lt;version</span> <span class="na">num=</span><span class="s">&quot;367&quot;</span> <span class="na">curr_loc=</span><span class="s">&quot;49&quot;</span> <span class="na">changed=</span><span class="s">&quot;1&quot;</span> <span class="na">churn=</span><span class="s">&quot;91&quot;</span> <span class="nt">/&gt;</span></div><div class='line' id='LC47'>&nbsp;&nbsp;&nbsp;&nbsp;&nbsp;&nbsp;&nbsp;&nbsp;&nbsp;&nbsp;&nbsp;&nbsp;&nbsp;&nbsp;<span class="nt">&lt;version</span> <span class="na">num=</span><span class="s">&quot;399&quot;</span> <span class="na">curr_loc=</span><span class="s">&quot;49&quot;</span> <span class="na">changed=</span><span class="s">&quot;1&quot;</span> <span class="na">churn=</span><span class="s">&quot;91&quot;</span> <span class="nt">/&gt;</span></div><div class='line' id='LC48'>&nbsp;&nbsp;&nbsp;&nbsp;&nbsp;&nbsp;&nbsp;&nbsp;&nbsp;&nbsp;&nbsp;&nbsp;&nbsp;&nbsp;<span class="nt">&lt;version</span> <span class="na">num=</span><span class="s">&quot;418&quot;</span> <span class="na">curr_loc=</span><span class="s">&quot;51&quot;</span> <span class="na">changed=</span><span class="s">&quot;1&quot;</span> <span class="na">churn=</span><span class="s">&quot;93&quot;</span> <span class="nt">/&gt;</span></div><div class='line' id='LC49'>&nbsp;&nbsp;&nbsp;&nbsp;&nbsp;&nbsp;&nbsp;&nbsp;&nbsp;&nbsp;&nbsp;&nbsp;&nbsp;&nbsp;<span class="nt">&lt;version</span> <span class="na">num=</span><span class="s">&quot;420&quot;</span> <span class="na">curr_loc=</span><span class="s">&quot;53&quot;</span> <span class="na">changed=</span><span class="s">&quot;1&quot;</span> <span class="na">churn=</span><span class="s">&quot;95&quot;</span> <span class="nt">/&gt;</span></div><div class='line' id='LC50'>&nbsp;&nbsp;&nbsp;&nbsp;&nbsp;&nbsp;&nbsp;&nbsp;&nbsp;&nbsp;&nbsp;&nbsp;<span class="nt">&lt;/class&gt;</span></div><div class='line' id='LC51'>&nbsp;&nbsp;&nbsp;&nbsp;&nbsp;&nbsp;&nbsp;&nbsp;&nbsp;&nbsp;&nbsp;&nbsp;<span class="nt">&lt;class</span> <span class="na">name=</span><span class="s">&quot;FailureList&quot;</span> <span class="na">type=</span><span class="s">&quot;ConcreteClass&quot;</span> <span class="na">maxLoc=</span><span class="s">&quot;31&quot;</span><span class="nt">&gt;</span></div><div class='line' id='LC52'>&nbsp;&nbsp;&nbsp;&nbsp;&nbsp;&nbsp;&nbsp;&nbsp;&nbsp;&nbsp;&nbsp;&nbsp;&nbsp;&nbsp;<span class="nt">&lt;version</span> <span class="na">num=</span><span class="s">&quot;130&quot;</span> <span class="na">curr_loc=</span><span class="s">&quot;31&quot;</span> <span class="na">changed=</span><span class="s">&quot;1&quot;</span> <span class="na">churn=</span><span class="s">&quot;31&quot;</span> <span class="nt">/&gt;</span></div><div class='line' id='LC53'>&nbsp;&nbsp;&nbsp;&nbsp;&nbsp;&nbsp;&nbsp;&nbsp;&nbsp;&nbsp;&nbsp;&nbsp;&nbsp;&nbsp;<span class="nt">&lt;version</span> <span class="na">num=</span><span class="s">&quot;145&quot;</span> <span class="na">curr_loc=</span><span class="s">&quot;31&quot;</span> <span class="na">changed=</span><span class="s">&quot;1&quot;</span> <span class="na">churn=</span><span class="s">&quot;31&quot;</span> <span class="nt">/&gt;</span></div><div class='line' id='LC54'>&nbsp;&nbsp;&nbsp;&nbsp;&nbsp;&nbsp;&nbsp;&nbsp;&nbsp;&nbsp;&nbsp;&nbsp;<span class="nt">&lt;/class&gt;</span></div><div class='line' id='LC55'>&nbsp;&nbsp;&nbsp;&nbsp;&nbsp;&nbsp;&nbsp;&nbsp;&nbsp;&nbsp;<span class="nt">&lt;/package&gt;</span></div><div class='line' id='LC56'>&nbsp;&nbsp;&nbsp;&nbsp;&nbsp;&nbsp;&nbsp;&nbsp;&nbsp;&nbsp;<span class="nt">&lt;package</span> <span class="na">name=</span><span class="s">&quot;categories&quot;</span><span class="nt">&gt;</span></div><div class='line' id='LC57'>&nbsp;&nbsp;&nbsp;&nbsp;&nbsp;&nbsp;&nbsp;&nbsp;&nbsp;&nbsp;&nbsp;&nbsp;<span class="nt">&lt;class</span> <span class="na">name=</span><span class="s">&quot;Category&quot;</span> <span class="na">type=</span><span class="s">&quot;Interface&quot;</span> <span class="na">maxLoc=</span><span class="s">&quot;44&quot;</span><span class="nt">&gt;</span></div><div class='line' id='LC58'>&nbsp;&nbsp;&nbsp;&nbsp;&nbsp;&nbsp;&nbsp;&nbsp;&nbsp;&nbsp;&nbsp;&nbsp;&nbsp;&nbsp;<span class="nt">&lt;version</span> <span class="na">num=</span><span class="s">&quot;16&quot;</span> <span class="na">curr_loc=</span><span class="s">&quot;43&quot;</span> <span class="na">changed=</span><span class="s">&quot;1&quot;</span> <span class="na">churn=</span><span class="s">&quot;43&quot;</span> <span class="nt">/&gt;</span></div><div class='line' id='LC59'>&nbsp;&nbsp;&nbsp;&nbsp;&nbsp;&nbsp;&nbsp;&nbsp;&nbsp;&nbsp;&nbsp;&nbsp;&nbsp;&nbsp;<span class="nt">&lt;version</span> <span class="na">num=</span><span class="s">&quot;84&quot;</span> <span class="na">curr_loc=</span><span class="s">&quot;43&quot;</span> <span class="na">changed=</span><span class="s">&quot;1&quot;</span> <span class="na">churn=</span><span class="s">&quot;43&quot;</span> <span class="nt">/&gt;</span></div><div class='line' id='LC60'>&nbsp;&nbsp;&nbsp;&nbsp;&nbsp;&nbsp;&nbsp;&nbsp;&nbsp;&nbsp;&nbsp;&nbsp;&nbsp;&nbsp;<span class="nt">&lt;version</span> <span class="na">num=</span><span class="s">&quot;88&quot;</span> <span class="na">curr_loc=</span><span class="s">&quot;44&quot;</span> <span class="na">changed=</span><span class="s">&quot;1&quot;</span> <span class="na">churn=</span><span class="s">&quot;44&quot;</span> <span class="nt">/&gt;</span></div><div class='line' id='LC61'>&nbsp;&nbsp;&nbsp;&nbsp;&nbsp;&nbsp;&nbsp;&nbsp;&nbsp;&nbsp;&nbsp;&nbsp;&nbsp;&nbsp;<span class="nt">&lt;version</span> <span class="na">num=</span><span class="s">&quot;92&quot;</span> <span class="na">curr_loc=</span><span class="s">&quot;44&quot;</span> <span class="na">changed=</span><span class="s">&quot;1&quot;</span> <span class="na">churn=</span><span class="s">&quot;44&quot;</span> <span class="nt">/&gt;</span></div><div class='line' id='LC62'>&nbsp;&nbsp;&nbsp;&nbsp;&nbsp;&nbsp;&nbsp;&nbsp;&nbsp;&nbsp;&nbsp;&nbsp;&nbsp;&nbsp;<span class="nt">&lt;version</span> <span class="na">num=</span><span class="s">&quot;93&quot;</span> <span class="na">curr_loc=</span><span class="s">&quot;12&quot;</span> <span class="na">changed=</span><span class="s">&quot;1&quot;</span> <span class="na">churn=</span><span class="s">&quot;76&quot;</span> <span class="nt">/&gt;</span></div><div class='line' id='LC63'>&nbsp;&nbsp;&nbsp;&nbsp;&nbsp;&nbsp;&nbsp;&nbsp;&nbsp;&nbsp;&nbsp;&nbsp;&nbsp;&nbsp;<span class="nt">&lt;version</span> <span class="na">num=</span><span class="s">&quot;99&quot;</span> <span class="na">curr_loc=</span><span class="s">&quot;44&quot;</span> <span class="na">changed=</span><span class="s">&quot;1&quot;</span> <span class="na">churn=</span><span class="s">&quot;108&quot;</span> <span class="nt">/&gt;</span></div><div class='line' id='LC64'>&nbsp;&nbsp;&nbsp;&nbsp;&nbsp;&nbsp;&nbsp;&nbsp;&nbsp;&nbsp;&nbsp;&nbsp;&nbsp;&nbsp;<span class="nt">&lt;version</span> <span class="na">num=</span><span class="s">&quot;100&quot;</span> <span class="na">curr_loc=</span><span class="s">&quot;12&quot;</span> <span class="na">changed=</span><span class="s">&quot;1&quot;</span> <span class="na">churn=</span><span class="s">&quot;140&quot;</span> <span class="nt">/&gt;</span></div><div class='line' id='LC65'>&nbsp;&nbsp;&nbsp;&nbsp;&nbsp;&nbsp;&nbsp;&nbsp;&nbsp;&nbsp;&nbsp;&nbsp;<span class="nt">&lt;/class&gt;</span></div><div class='line' id='LC66'>&nbsp;&nbsp;&nbsp;&nbsp;&nbsp;&nbsp;&nbsp;&nbsp;&nbsp;&nbsp;&nbsp;&nbsp;<span class="nt">&lt;class</span> <span class="na">name=</span><span class="s">&quot;Categories&quot;</span> <span class="na">type=</span><span class="s">&quot;ConcreteClass&quot;</span> <span class="na">maxLoc=</span><span class="s">&quot;199&quot;</span><span class="nt">&gt;</span></div><div class='line' id='LC67'>&nbsp;&nbsp;&nbsp;&nbsp;&nbsp;&nbsp;&nbsp;&nbsp;&nbsp;&nbsp;&nbsp;&nbsp;&nbsp;&nbsp;<span class="nt">&lt;version</span> <span class="na">num=</span><span class="s">&quot;27&quot;</span> <span class="na">curr_loc=</span><span class="s">&quot;192&quot;</span> <span class="na">changed=</span><span class="s">&quot;1&quot;</span> <span class="na">churn=</span><span class="s">&quot;192&quot;</span> <span class="nt">/&gt;</span></div><div class='line' id='LC68'>&nbsp;&nbsp;&nbsp;&nbsp;&nbsp;&nbsp;&nbsp;&nbsp;&nbsp;&nbsp;&nbsp;&nbsp;&nbsp;&nbsp;<span class="nt">&lt;version</span> <span class="na">num=</span><span class="s">&quot;28&quot;</span> <span class="na">curr_loc=</span><span class="s">&quot;191&quot;</span> <span class="na">changed=</span><span class="s">&quot;1&quot;</span> <span class="na">churn=</span><span class="s">&quot;193&quot;</span> <span class="nt">/&gt;</span></div><div class='line' id='LC69'>&nbsp;&nbsp;&nbsp;&nbsp;&nbsp;&nbsp;&nbsp;&nbsp;&nbsp;&nbsp;&nbsp;&nbsp;&nbsp;&nbsp;<span class="nt">&lt;version</span> <span class="na">num=</span><span class="s">&quot;35&quot;</span> <span class="na">curr_loc=</span><span class="s">&quot;190&quot;</span> <span class="na">changed=</span><span class="s">&quot;1&quot;</span> <span class="na">churn=</span><span class="s">&quot;194&quot;</span> <span class="nt">/&gt;</span></div><div class='line' id='LC70'>&nbsp;&nbsp;&nbsp;&nbsp;&nbsp;&nbsp;&nbsp;&nbsp;&nbsp;&nbsp;&nbsp;&nbsp;&nbsp;&nbsp;<span class="nt">&lt;version</span> <span class="na">num=</span><span class="s">&quot;36&quot;</span> <span class="na">curr_loc=</span><span class="s">&quot;199&quot;</span> <span class="na">changed=</span><span class="s">&quot;1&quot;</span> <span class="na">churn=</span><span class="s">&quot;203&quot;</span> <span class="nt">/&gt;</span></div><div class='line' id='LC71'>&nbsp;&nbsp;&nbsp;&nbsp;&nbsp;&nbsp;&nbsp;&nbsp;&nbsp;&nbsp;&nbsp;&nbsp;&nbsp;&nbsp;<span class="nt">&lt;version</span> <span class="na">num=</span><span class="s">&quot;37&quot;</span> <span class="na">curr_loc=</span><span class="s">&quot;193&quot;</span> <span class="na">changed=</span><span class="s">&quot;1&quot;</span> <span class="na">churn=</span><span class="s">&quot;209&quot;</span> <span class="nt">/&gt;</span></div><div class='line' id='LC72'>&nbsp;&nbsp;&nbsp;&nbsp;&nbsp;&nbsp;&nbsp;&nbsp;&nbsp;&nbsp;&nbsp;&nbsp;&nbsp;&nbsp;<span class="nt">&lt;version</span> <span class="na">num=</span><span class="s">&quot;38&quot;</span> <span class="na">curr_loc=</span><span class="s">&quot;169&quot;</span> <span class="na">changed=</span><span class="s">&quot;1&quot;</span> <span class="na">churn=</span><span class="s">&quot;233&quot;</span> <span class="nt">/&gt;</span></div><div class='line' id='LC73'>&nbsp;&nbsp;&nbsp;&nbsp;&nbsp;&nbsp;&nbsp;&nbsp;&nbsp;&nbsp;&nbsp;&nbsp;&nbsp;&nbsp;<span class="nt">&lt;version</span> <span class="na">num=</span><span class="s">&quot;54&quot;</span> <span class="na">curr_loc=</span><span class="s">&quot;158&quot;</span> <span class="na">changed=</span><span class="s">&quot;1&quot;</span> <span class="na">churn=</span><span class="s">&quot;244&quot;</span> <span class="nt">/&gt;</span></div><div class='line' id='LC74'>&nbsp;&nbsp;&nbsp;&nbsp;&nbsp;&nbsp;&nbsp;&nbsp;&nbsp;&nbsp;&nbsp;&nbsp;&nbsp;&nbsp;<span class="nt">&lt;version</span> <span class="na">num=</span><span class="s">&quot;62&quot;</span> <span class="na">curr_loc=</span><span class="s">&quot;158&quot;</span> <span class="na">changed=</span><span class="s">&quot;1&quot;</span> <span class="na">churn=</span><span class="s">&quot;244&quot;</span> <span class="nt">/&gt;</span></div><div class='line' id='LC75'>&nbsp;&nbsp;&nbsp;&nbsp;&nbsp;&nbsp;&nbsp;&nbsp;&nbsp;&nbsp;&nbsp;&nbsp;&nbsp;&nbsp;<span class="nt">&lt;version</span> <span class="na">num=</span><span class="s">&quot;69&quot;</span> <span class="na">curr_loc=</span><span class="s">&quot;164&quot;</span> <span class="na">changed=</span><span class="s">&quot;1&quot;</span> <span class="na">churn=</span><span class="s">&quot;250&quot;</span> <span class="nt">/&gt;</span></div><div class='line' id='LC76'>&nbsp;&nbsp;&nbsp;&nbsp;&nbsp;&nbsp;&nbsp;&nbsp;&nbsp;&nbsp;&nbsp;&nbsp;&nbsp;&nbsp;<span class="nt">&lt;version</span> <span class="na">num=</span><span class="s">&quot;72&quot;</span> <span class="na">curr_loc=</span><span class="s">&quot;156&quot;</span> <span class="na">changed=</span><span class="s">&quot;1&quot;</span> <span class="na">churn=</span><span class="s">&quot;258&quot;</span> <span class="nt">/&gt;</span></div><div class='line' id='LC77'>&nbsp;&nbsp;&nbsp;&nbsp;&nbsp;&nbsp;&nbsp;&nbsp;&nbsp;&nbsp;&nbsp;&nbsp;&nbsp;&nbsp;<span class="nt">&lt;version</span> <span class="na">num=</span><span class="s">&quot;79&quot;</span> <span class="na">curr_loc=</span><span class="s">&quot;163&quot;</span> <span class="na">changed=</span><span class="s">&quot;1&quot;</span> <span class="na">churn=</span><span class="s">&quot;265&quot;</span> <span class="nt">/&gt;</span></div><div class='line' id='LC78'>&nbsp;&nbsp;&nbsp;&nbsp;&nbsp;&nbsp;&nbsp;&nbsp;&nbsp;&nbsp;&nbsp;&nbsp;&nbsp;&nbsp;<span class="nt">&lt;version</span> <span class="na">num=</span><span class="s">&quot;80&quot;</span> <span class="na">curr_loc=</span><span class="s">&quot;158&quot;</span> <span class="na">changed=</span><span class="s">&quot;1&quot;</span> <span class="na">churn=</span><span class="s">&quot;270&quot;</span> <span class="nt">/&gt;</span></div><div class='line' id='LC79'>&nbsp;&nbsp;&nbsp;&nbsp;&nbsp;&nbsp;&nbsp;&nbsp;&nbsp;&nbsp;&nbsp;&nbsp;&nbsp;&nbsp;<span class="nt">&lt;version</span> <span class="na">num=</span><span class="s">&quot;81&quot;</span> <span class="na">curr_loc=</span><span class="s">&quot;156&quot;</span> <span class="na">changed=</span><span class="s">&quot;1&quot;</span> <span class="na">churn=</span><span class="s">&quot;272&quot;</span> <span class="nt">/&gt;</span></div><div class='line' id='LC80'>&nbsp;&nbsp;&nbsp;&nbsp;&nbsp;&nbsp;&nbsp;&nbsp;&nbsp;&nbsp;&nbsp;&nbsp;&nbsp;&nbsp;<span class="nt">&lt;version</span> <span class="na">num=</span><span class="s">&quot;83&quot;</span> <span class="na">curr_loc=</span><span class="s">&quot;158&quot;</span> <span class="na">changed=</span><span class="s">&quot;1&quot;</span> <span class="na">churn=</span><span class="s">&quot;274&quot;</span> <span class="nt">/&gt;</span></div><div class='line' id='LC81'>&nbsp;&nbsp;&nbsp;&nbsp;&nbsp;&nbsp;&nbsp;&nbsp;&nbsp;&nbsp;&nbsp;&nbsp;&nbsp;&nbsp;<span class="nt">&lt;version</span> <span class="na">num=</span><span class="s">&quot;84&quot;</span> <span class="na">curr_loc=</span><span class="s">&quot;155&quot;</span> <span class="na">changed=</span><span class="s">&quot;1&quot;</span> <span class="na">churn=</span><span class="s">&quot;277&quot;</span> <span class="nt">/&gt;</span></div><div class='line' id='LC82'>&nbsp;&nbsp;&nbsp;&nbsp;&nbsp;&nbsp;&nbsp;&nbsp;&nbsp;&nbsp;&nbsp;&nbsp;&nbsp;&nbsp;<span class="nt">&lt;version</span> <span class="na">num=</span><span class="s">&quot;85&quot;</span> <span class="na">curr_loc=</span><span class="s">&quot;155&quot;</span> <span class="na">changed=</span><span class="s">&quot;1&quot;</span> <span class="na">churn=</span><span class="s">&quot;277&quot;</span> <span class="nt">/&gt;</span></div><div class='line' id='LC83'>&nbsp;&nbsp;&nbsp;&nbsp;&nbsp;&nbsp;&nbsp;&nbsp;&nbsp;&nbsp;&nbsp;&nbsp;&nbsp;&nbsp;<span class="nt">&lt;version</span> <span class="na">num=</span><span class="s">&quot;87&quot;</span> <span class="na">curr_loc=</span><span class="s">&quot;133&quot;</span> <span class="na">changed=</span><span class="s">&quot;1&quot;</span> <span class="na">churn=</span><span class="s">&quot;299&quot;</span> <span class="nt">/&gt;</span></div><div class='line' id='LC84'>&nbsp;&nbsp;&nbsp;&nbsp;&nbsp;&nbsp;&nbsp;&nbsp;&nbsp;&nbsp;&nbsp;&nbsp;&nbsp;&nbsp;<span class="nt">&lt;version</span> <span class="na">num=</span><span class="s">&quot;88&quot;</span> <span class="na">curr_loc=</span><span class="s">&quot;136&quot;</span> <span class="na">changed=</span><span class="s">&quot;1&quot;</span> <span class="na">churn=</span><span class="s">&quot;302&quot;</span> <span class="nt">/&gt;</span></div><div class='line' id='LC85'>&nbsp;&nbsp;&nbsp;&nbsp;&nbsp;&nbsp;&nbsp;&nbsp;&nbsp;&nbsp;&nbsp;&nbsp;&nbsp;&nbsp;<span class="nt">&lt;version</span> <span class="na">num=</span><span class="s">&quot;92&quot;</span> <span class="na">curr_loc=</span><span class="s">&quot;112&quot;</span> <span class="na">changed=</span><span class="s">&quot;1&quot;</span> <span class="na">churn=</span><span class="s">&quot;326&quot;</span> <span class="nt">/&gt;</span></div><div class='line' id='LC86'>&nbsp;&nbsp;&nbsp;&nbsp;&nbsp;&nbsp;&nbsp;&nbsp;&nbsp;&nbsp;&nbsp;&nbsp;&nbsp;&nbsp;<span class="nt">&lt;version</span> <span class="na">num=</span><span class="s">&quot;99&quot;</span> <span class="na">curr_loc=</span><span class="s">&quot;112&quot;</span> <span class="na">changed=</span><span class="s">&quot;1&quot;</span> <span class="na">churn=</span><span class="s">&quot;326&quot;</span> <span class="nt">/&gt;</span></div><div class='line' id='LC87'>&nbsp;&nbsp;&nbsp;&nbsp;&nbsp;&nbsp;&nbsp;&nbsp;&nbsp;&nbsp;&nbsp;&nbsp;<span class="nt">&lt;/class&gt;</span></div><div class='line' id='LC88'>&nbsp;&nbsp;&nbsp;&nbsp;&nbsp;&nbsp;&nbsp;&nbsp;&nbsp;&nbsp;&nbsp;&nbsp;<span class="nt">&lt;class</span> <span class="na">name=</span><span class="s">&quot;CategoryFilter&quot;</span> <span class="na">type=</span><span class="s">&quot;ConcreteClass&quot;</span> <span class="na">maxLoc=</span><span class="s">&quot;47&quot;</span><span class="nt">&gt;</span></div><div class='line' id='LC89'>&nbsp;&nbsp;&nbsp;&nbsp;&nbsp;&nbsp;&nbsp;&nbsp;&nbsp;&nbsp;&nbsp;&nbsp;&nbsp;&nbsp;<span class="nt">&lt;version</span> <span class="na">num=</span><span class="s">&quot;28&quot;</span> <span class="na">curr_loc=</span><span class="s">&quot;47&quot;</span> <span class="na">changed=</span><span class="s">&quot;1&quot;</span> <span class="na">churn=</span><span class="s">&quot;47&quot;</span> <span class="nt">/&gt;</span></div><div class='line' id='LC90'>&nbsp;&nbsp;&nbsp;&nbsp;&nbsp;&nbsp;&nbsp;&nbsp;&nbsp;&nbsp;&nbsp;&nbsp;&nbsp;&nbsp;<span class="nt">&lt;version</span> <span class="na">num=</span><span class="s">&quot;40&quot;</span> <span class="na">curr_loc=</span><span class="s">&quot;47&quot;</span> <span class="na">changed=</span><span class="s">&quot;1&quot;</span> <span class="na">churn=</span><span class="s">&quot;47&quot;</span> <span class="nt">/&gt;</span></div><div class='line' id='LC91'>&nbsp;&nbsp;&nbsp;&nbsp;&nbsp;&nbsp;&nbsp;&nbsp;&nbsp;&nbsp;&nbsp;&nbsp;&nbsp;&nbsp;<span class="nt">&lt;version</span> <span class="na">num=</span><span class="s">&quot;41&quot;</span> <span class="na">curr_loc=</span><span class="s">&quot;47&quot;</span> <span class="na">changed=</span><span class="s">&quot;1&quot;</span> <span class="na">churn=</span><span class="s">&quot;47&quot;</span> <span class="nt">/&gt;</span></div><div class='line' id='LC92'>&nbsp;&nbsp;&nbsp;&nbsp;&nbsp;&nbsp;&nbsp;&nbsp;&nbsp;&nbsp;&nbsp;&nbsp;&nbsp;&nbsp;<span class="nt">&lt;version</span> <span class="na">num=</span><span class="s">&quot;51&quot;</span> <span class="na">curr_loc=</span><span class="s">&quot;47&quot;</span> <span class="na">changed=</span><span class="s">&quot;1&quot;</span> <span class="na">churn=</span><span class="s">&quot;47&quot;</span> <span class="nt">/&gt;</span></div><div class='line' id='LC93'>&nbsp;&nbsp;&nbsp;&nbsp;&nbsp;&nbsp;&nbsp;&nbsp;&nbsp;&nbsp;&nbsp;&nbsp;&nbsp;&nbsp;<span class="nt">&lt;version</span> <span class="na">num=</span><span class="s">&quot;55&quot;</span> <span class="na">curr_loc=</span><span class="s">&quot;47&quot;</span> <span class="na">changed=</span><span class="s">&quot;1&quot;</span> <span class="na">churn=</span><span class="s">&quot;47&quot;</span> <span class="nt">/&gt;</span></div><div class='line' id='LC94'>&nbsp;&nbsp;&nbsp;&nbsp;&nbsp;&nbsp;&nbsp;&nbsp;&nbsp;&nbsp;&nbsp;&nbsp;&nbsp;&nbsp;<span class="nt">&lt;version</span> <span class="na">num=</span><span class="s">&quot;60&quot;</span> <span class="na">curr_loc=</span><span class="s">&quot;47&quot;</span> <span class="na">changed=</span><span class="s">&quot;1&quot;</span> <span class="na">churn=</span><span class="s">&quot;47&quot;</span> <span class="nt">/&gt;</span></div><div class='line' id='LC95'>&nbsp;&nbsp;&nbsp;&nbsp;&nbsp;&nbsp;&nbsp;&nbsp;&nbsp;&nbsp;&nbsp;&nbsp;&nbsp;&nbsp;<span class="nt">&lt;version</span> <span class="na">num=</span><span class="s">&quot;63&quot;</span> <span class="na">curr_loc=</span><span class="s">&quot;47&quot;</span> <span class="na">changed=</span><span class="s">&quot;1&quot;</span> <span class="na">churn=</span><span class="s">&quot;47&quot;</span> <span class="nt">/&gt;</span></div><div class='line' id='LC96'>&nbsp;&nbsp;&nbsp;&nbsp;&nbsp;&nbsp;&nbsp;&nbsp;&nbsp;&nbsp;&nbsp;&nbsp;<span class="nt">&lt;/class&gt;</span></div><div class='line' id='LC97'>&nbsp;&nbsp;&nbsp;&nbsp;&nbsp;&nbsp;&nbsp;&nbsp;&nbsp;&nbsp;&nbsp;&nbsp;<span class="nt">&lt;class</span> <span class="na">name=</span><span class="s">&quot;Filter2&quot;</span> <span class="na">type=</span><span class="s">&quot;AbstractClass&quot;</span> <span class="na">maxLoc=</span><span class="s">&quot;13&quot;</span><span class="nt">&gt;</span></div><div class='line' id='LC98'>&nbsp;&nbsp;&nbsp;&nbsp;&nbsp;&nbsp;&nbsp;&nbsp;&nbsp;&nbsp;&nbsp;&nbsp;&nbsp;&nbsp;<span class="nt">&lt;version</span> <span class="na">num=</span><span class="s">&quot;51&quot;</span> <span class="na">curr_loc=</span><span class="s">&quot;13&quot;</span> <span class="na">changed=</span><span class="s">&quot;1&quot;</span> <span class="na">churn=</span><span class="s">&quot;13&quot;</span> <span class="nt">/&gt;</span></div><div class='line' id='LC99'>&nbsp;&nbsp;&nbsp;&nbsp;&nbsp;&nbsp;&nbsp;&nbsp;&nbsp;&nbsp;&nbsp;&nbsp;&nbsp;&nbsp;<span class="nt">&lt;version</span> <span class="na">num=</span><span class="s">&quot;55&quot;</span> <span class="na">curr_loc=</span><span class="s">&quot;13&quot;</span> <span class="na">changed=</span><span class="s">&quot;1&quot;</span> <span class="na">churn=</span><span class="s">&quot;13&quot;</span> <span class="nt">/&gt;</span></div><div class='line' id='LC100'>&nbsp;&nbsp;&nbsp;&nbsp;&nbsp;&nbsp;&nbsp;&nbsp;&nbsp;&nbsp;&nbsp;&nbsp;&nbsp;&nbsp;<span class="nt">&lt;version</span> <span class="na">num=</span><span class="s">&quot;60&quot;</span> <span class="na">curr_loc=</span><span class="s">&quot;13&quot;</span> <span class="na">changed=</span><span class="s">&quot;1&quot;</span> <span class="na">churn=</span><span class="s">&quot;13&quot;</span> <span class="nt">/&gt;</span></div><div class='line' id='LC101'>&nbsp;&nbsp;&nbsp;&nbsp;&nbsp;&nbsp;&nbsp;&nbsp;&nbsp;&nbsp;&nbsp;&nbsp;&nbsp;&nbsp;<span class="nt">&lt;version</span> <span class="na">num=</span><span class="s">&quot;63&quot;</span> <span class="na">curr_loc=</span><span class="s">&quot;13&quot;</span> <span class="na">changed=</span><span class="s">&quot;1&quot;</span> <span class="na">churn=</span><span class="s">&quot;13&quot;</span> <span class="nt">/&gt;</span></div><div class='line' id='LC102'>&nbsp;&nbsp;&nbsp;&nbsp;&nbsp;&nbsp;&nbsp;&nbsp;&nbsp;&nbsp;&nbsp;&nbsp;<span class="nt">&lt;/class&gt;</span></div><div class='line' id='LC103'>&nbsp;&nbsp;&nbsp;&nbsp;&nbsp;&nbsp;&nbsp;&nbsp;&nbsp;&nbsp;&nbsp;&nbsp;<span class="nt">&lt;class</span> <span class="na">name=</span><span class="s">&quot;CategoryType&quot;</span> <span class="na">type=</span><span class="s">&quot;Interface&quot;</span> <span class="na">maxLoc=</span><span class="s">&quot;11&quot;</span><span class="nt">&gt;</span></div><div class='line' id='LC104'>&nbsp;&nbsp;&nbsp;&nbsp;&nbsp;&nbsp;&nbsp;&nbsp;&nbsp;&nbsp;&nbsp;&nbsp;&nbsp;&nbsp;<span class="nt">&lt;version</span> <span class="na">num=</span><span class="s">&quot;88&quot;</span> <span class="na">curr_loc=</span><span class="s">&quot;11&quot;</span> <span class="na">changed=</span><span class="s">&quot;1&quot;</span> <span class="na">churn=</span><span class="s">&quot;11&quot;</span> <span class="nt">/&gt;</span></div><div class='line' id='LC105'>&nbsp;&nbsp;&nbsp;&nbsp;&nbsp;&nbsp;&nbsp;&nbsp;&nbsp;&nbsp;&nbsp;&nbsp;&nbsp;&nbsp;<span class="nt">&lt;version</span> <span class="na">num=</span><span class="s">&quot;92&quot;</span> <span class="na">curr_loc=</span><span class="s">&quot;11&quot;</span> <span class="na">changed=</span><span class="s">&quot;1&quot;</span> <span class="na">churn=</span><span class="s">&quot;11&quot;</span> <span class="nt">/&gt;</span></div><div class='line' id='LC106'>&nbsp;&nbsp;&nbsp;&nbsp;&nbsp;&nbsp;&nbsp;&nbsp;&nbsp;&nbsp;&nbsp;&nbsp;&nbsp;&nbsp;<span class="nt">&lt;version</span> <span class="na">num=</span><span class="s">&quot;99&quot;</span> <span class="na">curr_loc=</span><span class="s">&quot;11&quot;</span> <span class="na">changed=</span><span class="s">&quot;1&quot;</span> <span class="na">churn=</span><span class="s">&quot;11&quot;</span> <span class="nt">/&gt;</span></div><div class='line' id='LC107'>&nbsp;&nbsp;&nbsp;&nbsp;&nbsp;&nbsp;&nbsp;&nbsp;&nbsp;&nbsp;&nbsp;&nbsp;<span class="nt">&lt;/class&gt;</span></div><div class='line' id='LC108'>&nbsp;&nbsp;&nbsp;&nbsp;&nbsp;&nbsp;&nbsp;&nbsp;&nbsp;&nbsp;&nbsp;&nbsp;<span class="nt">&lt;class</span> <span class="na">name=</span><span class="s">&quot;CategoryClass&quot;</span> <span class="na">type=</span><span class="s">&quot;Interface&quot;</span> <span class="na">maxLoc=</span><span class="s">&quot;8&quot;</span><span class="nt">&gt;</span></div><div class='line' id='LC109'>&nbsp;&nbsp;&nbsp;&nbsp;&nbsp;&nbsp;&nbsp;&nbsp;&nbsp;&nbsp;&nbsp;&nbsp;&nbsp;&nbsp;<span class="nt">&lt;version</span> <span class="na">num=</span><span class="s">&quot;91&quot;</span> <span class="na">curr_loc=</span><span class="s">&quot;8&quot;</span> <span class="na">changed=</span><span class="s">&quot;1&quot;</span> <span class="na">churn=</span><span class="s">&quot;8&quot;</span> <span class="nt">/&gt;</span></div><div class='line' id='LC110'>&nbsp;&nbsp;&nbsp;&nbsp;&nbsp;&nbsp;&nbsp;&nbsp;&nbsp;&nbsp;&nbsp;&nbsp;&nbsp;&nbsp;<span class="nt">&lt;version</span> <span class="na">num=</span><span class="s">&quot;93&quot;</span> <span class="na">curr_loc=</span><span class="s">&quot;8&quot;</span> <span class="na">changed=</span><span class="s">&quot;1&quot;</span> <span class="na">churn=</span><span class="s">&quot;8&quot;</span> <span class="nt">/&gt;</span></div><div class='line' id='LC111'>&nbsp;&nbsp;&nbsp;&nbsp;&nbsp;&nbsp;&nbsp;&nbsp;&nbsp;&nbsp;&nbsp;&nbsp;&nbsp;&nbsp;<span class="nt">&lt;version</span> <span class="na">num=</span><span class="s">&quot;100&quot;</span> <span class="na">curr_loc=</span><span class="s">&quot;8&quot;</span> <span class="na">changed=</span><span class="s">&quot;1&quot;</span> <span class="na">churn=</span><span class="s">&quot;8&quot;</span> <span class="nt">/&gt;</span></div><div class='line' id='LC112'>&nbsp;&nbsp;&nbsp;&nbsp;&nbsp;&nbsp;&nbsp;&nbsp;&nbsp;&nbsp;&nbsp;&nbsp;<span class="nt">&lt;/class&gt;</span></div><div class='line' id='LC113'>&nbsp;&nbsp;&nbsp;&nbsp;&nbsp;&nbsp;&nbsp;&nbsp;&nbsp;&nbsp;&nbsp;&nbsp;<span class="nt">&lt;class</span> <span class="na">name=</span><span class="s">&quot;CategoryRunner&quot;</span> <span class="na">type=</span><span class="s">&quot;ConcreteClass&quot;</span> <span class="na">maxLoc=</span><span class="s">&quot;76&quot;</span><span class="nt">&gt;</span></div><div class='line' id='LC114'>&nbsp;&nbsp;&nbsp;&nbsp;&nbsp;&nbsp;&nbsp;&nbsp;&nbsp;&nbsp;&nbsp;&nbsp;&nbsp;&nbsp;<span class="nt">&lt;version</span> <span class="na">num=</span><span class="s">&quot;91&quot;</span> <span class="na">curr_loc=</span><span class="s">&quot;76&quot;</span> <span class="na">changed=</span><span class="s">&quot;1&quot;</span> <span class="na">churn=</span><span class="s">&quot;76&quot;</span> <span class="nt">/&gt;</span></div><div class='line' id='LC115'>&nbsp;&nbsp;&nbsp;&nbsp;&nbsp;&nbsp;&nbsp;&nbsp;&nbsp;&nbsp;&nbsp;&nbsp;&nbsp;&nbsp;<span class="nt">&lt;version</span> <span class="na">num=</span><span class="s">&quot;93&quot;</span> <span class="na">curr_loc=</span><span class="s">&quot;76&quot;</span> <span class="na">changed=</span><span class="s">&quot;1&quot;</span> <span class="na">churn=</span><span class="s">&quot;76&quot;</span> <span class="nt">/&gt;</span></div><div class='line' id='LC116'>&nbsp;&nbsp;&nbsp;&nbsp;&nbsp;&nbsp;&nbsp;&nbsp;&nbsp;&nbsp;&nbsp;&nbsp;&nbsp;&nbsp;<span class="nt">&lt;version</span> <span class="na">num=</span><span class="s">&quot;100&quot;</span> <span class="na">curr_loc=</span><span class="s">&quot;76&quot;</span> <span class="na">changed=</span><span class="s">&quot;1&quot;</span> <span class="na">churn=</span><span class="s">&quot;76&quot;</span> <span class="nt">/&gt;</span></div><div class='line' id='LC117'>&nbsp;&nbsp;&nbsp;&nbsp;&nbsp;&nbsp;&nbsp;&nbsp;&nbsp;&nbsp;&nbsp;&nbsp;<span class="nt">&lt;/class&gt;</span></div><div class='line' id='LC118'>&nbsp;&nbsp;&nbsp;&nbsp;&nbsp;&nbsp;&nbsp;&nbsp;&nbsp;&nbsp;<span class="nt">&lt;/package&gt;</span></div><div class='line' id='LC119'>&nbsp;&nbsp;&nbsp;&nbsp;&nbsp;&nbsp;&nbsp;&nbsp;&nbsp;&nbsp;<span class="nt">&lt;package</span> <span class="na">name=</span><span class="s">&quot;runners&quot;</span><span class="nt">&gt;</span></div><div class='line' id='LC120'>&nbsp;&nbsp;&nbsp;&nbsp;&nbsp;&nbsp;&nbsp;&nbsp;&nbsp;&nbsp;&nbsp;&nbsp;<span class="nt">&lt;class</span> <span class="na">name=</span><span class="s">&quot;SuiteBuilder&quot;</span> <span class="na">type=</span><span class="s">&quot;ConcreteClass&quot;</span> <span class="na">maxLoc=</span><span class="s">&quot;99&quot;</span><span class="nt">&gt;</span></div><div class='line' id='LC121'>&nbsp;&nbsp;&nbsp;&nbsp;&nbsp;&nbsp;&nbsp;&nbsp;&nbsp;&nbsp;&nbsp;&nbsp;&nbsp;&nbsp;<span class="nt">&lt;version</span> <span class="na">num=</span><span class="s">&quot;22&quot;</span> <span class="na">curr_loc=</span><span class="s">&quot;99&quot;</span> <span class="na">changed=</span><span class="s">&quot;1&quot;</span> <span class="na">churn=</span><span class="s">&quot;99&quot;</span> <span class="nt">/&gt;</span></div><div class='line' id='LC122'>&nbsp;&nbsp;&nbsp;&nbsp;&nbsp;&nbsp;&nbsp;&nbsp;&nbsp;&nbsp;&nbsp;&nbsp;&nbsp;&nbsp;<span class="nt">&lt;version</span> <span class="na">num=</span><span class="s">&quot;40&quot;</span> <span class="na">curr_loc=</span><span class="s">&quot;99&quot;</span> <span class="na">changed=</span><span class="s">&quot;1&quot;</span> <span class="na">churn=</span><span class="s">&quot;99&quot;</span> <span class="nt">/&gt;</span></div><div class='line' id='LC123'>&nbsp;&nbsp;&nbsp;&nbsp;&nbsp;&nbsp;&nbsp;&nbsp;&nbsp;&nbsp;&nbsp;&nbsp;<span class="nt">&lt;/class&gt;</span></div><div class='line' id='LC124'>&nbsp;&nbsp;&nbsp;&nbsp;&nbsp;&nbsp;&nbsp;&nbsp;&nbsp;&nbsp;&nbsp;&nbsp;<span class="nt">&lt;class</span> <span class="na">name=</span><span class="s">&quot;Listed&quot;</span> <span class="na">type=</span><span class="s">&quot;ConcreteClass&quot;</span> <span class="na">maxLoc=</span><span class="s">&quot;19&quot;</span><span class="nt">&gt;</span></div><div class='line' id='LC125'>&nbsp;&nbsp;&nbsp;&nbsp;&nbsp;&nbsp;&nbsp;&nbsp;&nbsp;&nbsp;&nbsp;&nbsp;&nbsp;&nbsp;<span class="nt">&lt;version</span> <span class="na">num=</span><span class="s">&quot;24&quot;</span> <span class="na">curr_loc=</span><span class="s">&quot;19&quot;</span> <span class="na">changed=</span><span class="s">&quot;1&quot;</span> <span class="na">churn=</span><span class="s">&quot;19&quot;</span> <span class="nt">/&gt;</span></div><div class='line' id='LC126'>&nbsp;&nbsp;&nbsp;&nbsp;&nbsp;&nbsp;&nbsp;&nbsp;&nbsp;&nbsp;&nbsp;&nbsp;&nbsp;&nbsp;<span class="nt">&lt;version</span> <span class="na">num=</span><span class="s">&quot;40&quot;</span> <span class="na">curr_loc=</span><span class="s">&quot;19&quot;</span> <span class="na">changed=</span><span class="s">&quot;1&quot;</span> <span class="na">churn=</span><span class="s">&quot;19&quot;</span> <span class="nt">/&gt;</span></div><div class='line' id='LC127'>&nbsp;&nbsp;&nbsp;&nbsp;&nbsp;&nbsp;&nbsp;&nbsp;&nbsp;&nbsp;&nbsp;&nbsp;<span class="nt">&lt;/class&gt;</span></div><div class='line' id='LC128'>&nbsp;&nbsp;&nbsp;&nbsp;&nbsp;&nbsp;&nbsp;&nbsp;&nbsp;&nbsp;&nbsp;&nbsp;<span class="nt">&lt;class</span> <span class="na">name=</span><span class="s">&quot;Enclosed&quot;</span> <span class="na">type=</span><span class="s">&quot;ConcreteClass&quot;</span> <span class="na">maxLoc=</span><span class="s">&quot;31&quot;</span><span class="nt">&gt;</span></div><div class='line' id='LC129'>&nbsp;&nbsp;&nbsp;&nbsp;&nbsp;&nbsp;&nbsp;&nbsp;&nbsp;&nbsp;&nbsp;&nbsp;&nbsp;&nbsp;<span class="nt">&lt;version</span> <span class="na">num=</span><span class="s">&quot;336&quot;</span> <span class="na">curr_loc=</span><span class="s">&quot;31&quot;</span> <span class="na">changed=</span><span class="s">&quot;1&quot;</span> <span class="na">churn=</span><span class="s">&quot;31&quot;</span> <span class="nt">/&gt;</span></div><div class='line' id='LC130'>&nbsp;&nbsp;&nbsp;&nbsp;&nbsp;&nbsp;&nbsp;&nbsp;&nbsp;&nbsp;&nbsp;&nbsp;&nbsp;&nbsp;<span class="nt">&lt;version</span> <span class="na">num=</span><span class="s">&quot;361&quot;</span> <span class="na">curr_loc=</span><span class="s">&quot;31&quot;</span> <span class="na">changed=</span><span class="s">&quot;1&quot;</span> <span class="na">churn=</span><span class="s">&quot;31&quot;</span> <span class="nt">/&gt;</span></div><div class='line' id='LC131'>&nbsp;&nbsp;&nbsp;&nbsp;&nbsp;&nbsp;&nbsp;&nbsp;&nbsp;&nbsp;&nbsp;&nbsp;<span class="nt">&lt;/class&gt;</span></div><div class='line' id='LC132'>&nbsp;&nbsp;&nbsp;&nbsp;&nbsp;&nbsp;&nbsp;&nbsp;&nbsp;&nbsp;<span class="nt">&lt;/package&gt;</span></div><div class='line' id='LC133'>&nbsp;&nbsp;&nbsp;&nbsp;&nbsp;&nbsp;&nbsp;&nbsp;&nbsp;&nbsp;<span class="nt">&lt;package</span> <span class="na">name=</span><span class="s">&quot;theories&quot;</span><span class="nt">&gt;</span></div><div class='line' id='LC134'>&nbsp;&nbsp;&nbsp;&nbsp;&nbsp;&nbsp;&nbsp;&nbsp;&nbsp;&nbsp;&nbsp;&nbsp;<span class="nt">&lt;class</span> <span class="na">name=</span><span class="s">&quot;Theories&quot;</span> <span class="na">type=</span><span class="s">&quot;ConcreteClass&quot;</span> <span class="na">maxLoc=</span><span class="s">&quot;199&quot;</span><span class="nt">&gt;</span></div><div class='line' id='LC135'>&nbsp;&nbsp;&nbsp;&nbsp;&nbsp;&nbsp;&nbsp;&nbsp;&nbsp;&nbsp;&nbsp;&nbsp;&nbsp;&nbsp;<span class="nt">&lt;version</span> <span class="na">num=</span><span class="s">&quot;52&quot;</span> <span class="na">curr_loc=</span><span class="s">&quot;199&quot;</span> <span class="na">changed=</span><span class="s">&quot;1&quot;</span> <span class="na">churn=</span><span class="s">&quot;199&quot;</span> <span class="nt">/&gt;</span></div><div class='line' id='LC136'>&nbsp;&nbsp;&nbsp;&nbsp;&nbsp;&nbsp;&nbsp;&nbsp;&nbsp;&nbsp;&nbsp;&nbsp;&nbsp;&nbsp;<span class="nt">&lt;version</span> <span class="na">num=</span><span class="s">&quot;64&quot;</span> <span class="na">curr_loc=</span><span class="s">&quot;199&quot;</span> <span class="na">changed=</span><span class="s">&quot;1&quot;</span> <span class="na">churn=</span><span class="s">&quot;199&quot;</span> <span class="nt">/&gt;</span></div><div class='line' id='LC137'>&nbsp;&nbsp;&nbsp;&nbsp;&nbsp;&nbsp;&nbsp;&nbsp;&nbsp;&nbsp;&nbsp;&nbsp;&nbsp;&nbsp;<span class="nt">&lt;version</span> <span class="na">num=</span><span class="s">&quot;68&quot;</span> <span class="na">curr_loc=</span><span class="s">&quot;193&quot;</span> <span class="na">changed=</span><span class="s">&quot;1&quot;</span> <span class="na">churn=</span><span class="s">&quot;205&quot;</span> <span class="nt">/&gt;</span></div><div class='line' id='LC138'>&nbsp;&nbsp;&nbsp;&nbsp;&nbsp;&nbsp;&nbsp;&nbsp;&nbsp;&nbsp;&nbsp;&nbsp;&nbsp;&nbsp;<span class="nt">&lt;version</span> <span class="na">num=</span><span class="s">&quot;133&quot;</span> <span class="na">curr_loc=</span><span class="s">&quot;192&quot;</span> <span class="na">changed=</span><span class="s">&quot;1&quot;</span> <span class="na">churn=</span><span class="s">&quot;206&quot;</span> <span class="nt">/&gt;</span></div><div class='line' id='LC139'>&nbsp;&nbsp;&nbsp;&nbsp;&nbsp;&nbsp;&nbsp;&nbsp;&nbsp;&nbsp;&nbsp;&nbsp;&nbsp;&nbsp;<span class="nt">&lt;version</span> <span class="na">num=</span><span class="s">&quot;148&quot;</span> <span class="na">curr_loc=</span><span class="s">&quot;192&quot;</span> <span class="na">changed=</span><span class="s">&quot;1&quot;</span> <span class="na">churn=</span><span class="s">&quot;206&quot;</span> <span class="nt">/&gt;</span></div><div class='line' id='LC140'>&nbsp;&nbsp;&nbsp;&nbsp;&nbsp;&nbsp;&nbsp;&nbsp;&nbsp;&nbsp;&nbsp;&nbsp;&nbsp;&nbsp;<span class="nt">&lt;version</span> <span class="na">num=</span><span class="s">&quot;287&quot;</span> <span class="na">curr_loc=</span><span class="s">&quot;192&quot;</span> <span class="na">changed=</span><span class="s">&quot;1&quot;</span> <span class="na">churn=</span><span class="s">&quot;206&quot;</span> <span class="nt">/&gt;</span></div><div class='line' id='LC141'>&nbsp;&nbsp;&nbsp;&nbsp;&nbsp;&nbsp;&nbsp;&nbsp;&nbsp;&nbsp;&nbsp;&nbsp;&nbsp;&nbsp;<span class="nt">&lt;version</span> <span class="na">num=</span><span class="s">&quot;320&quot;</span> <span class="na">curr_loc=</span><span class="s">&quot;189&quot;</span> <span class="na">changed=</span><span class="s">&quot;1&quot;</span> <span class="na">churn=</span><span class="s">&quot;209&quot;</span> <span class="nt">/&gt;</span></div><div class='line' id='LC142'>&nbsp;&nbsp;&nbsp;&nbsp;&nbsp;&nbsp;&nbsp;&nbsp;&nbsp;&nbsp;&nbsp;&nbsp;&nbsp;&nbsp;<span class="nt">&lt;version</span> <span class="na">num=</span><span class="s">&quot;321&quot;</span> <span class="na">curr_loc=</span><span class="s">&quot;190&quot;</span> <span class="na">changed=</span><span class="s">&quot;1&quot;</span> <span class="na">churn=</span><span class="s">&quot;210&quot;</span> <span class="nt">/&gt;</span></div><div class='line' id='LC143'>&nbsp;&nbsp;&nbsp;&nbsp;&nbsp;&nbsp;&nbsp;&nbsp;&nbsp;&nbsp;&nbsp;&nbsp;&nbsp;&nbsp;<span class="nt">&lt;version</span> <span class="na">num=</span><span class="s">&quot;324&quot;</span> <span class="na">curr_loc=</span><span class="s">&quot;191&quot;</span> <span class="na">changed=</span><span class="s">&quot;1&quot;</span> <span class="na">churn=</span><span class="s">&quot;211&quot;</span> <span class="nt">/&gt;</span></div><div class='line' id='LC144'>&nbsp;&nbsp;&nbsp;&nbsp;&nbsp;&nbsp;&nbsp;&nbsp;&nbsp;&nbsp;&nbsp;&nbsp;&nbsp;&nbsp;<span class="nt">&lt;version</span> <span class="na">num=</span><span class="s">&quot;327&quot;</span> <span class="na">curr_loc=</span><span class="s">&quot;191&quot;</span> <span class="na">changed=</span><span class="s">&quot;1&quot;</span> <span class="na">churn=</span><span class="s">&quot;211&quot;</span> <span class="nt">/&gt;</span></div><div class='line' id='LC145'>&nbsp;&nbsp;&nbsp;&nbsp;&nbsp;&nbsp;&nbsp;&nbsp;&nbsp;&nbsp;&nbsp;&nbsp;&nbsp;&nbsp;<span class="nt">&lt;version</span> <span class="na">num=</span><span class="s">&quot;329&quot;</span> <span class="na">curr_loc=</span><span class="s">&quot;173&quot;</span> <span class="na">changed=</span><span class="s">&quot;1&quot;</span> <span class="na">churn=</span><span class="s">&quot;229&quot;</span> <span class="nt">/&gt;</span></div><div class='line' id='LC146'>&nbsp;&nbsp;&nbsp;&nbsp;&nbsp;&nbsp;&nbsp;&nbsp;&nbsp;&nbsp;&nbsp;&nbsp;&nbsp;&nbsp;<span class="nt">&lt;version</span> <span class="na">num=</span><span class="s">&quot;336&quot;</span> <span class="na">curr_loc=</span><span class="s">&quot;173&quot;</span> <span class="na">changed=</span><span class="s">&quot;1&quot;</span> <span class="na">churn=</span><span class="s">&quot;229&quot;</span> <span class="nt">/&gt;</span></div><div class='line' id='LC147'>&nbsp;&nbsp;&nbsp;&nbsp;&nbsp;&nbsp;&nbsp;&nbsp;&nbsp;&nbsp;&nbsp;&nbsp;&nbsp;&nbsp;<span class="nt">&lt;version</span> <span class="na">num=</span><span class="s">&quot;337&quot;</span> <span class="na">curr_loc=</span><span class="s">&quot;173&quot;</span> <span class="na">changed=</span><span class="s">&quot;1&quot;</span> <span class="na">churn=</span><span class="s">&quot;229&quot;</span> <span class="nt">/&gt;</span></div><div class='line' id='LC148'>&nbsp;&nbsp;&nbsp;&nbsp;&nbsp;&nbsp;&nbsp;&nbsp;&nbsp;&nbsp;&nbsp;&nbsp;&nbsp;&nbsp;<span class="nt">&lt;version</span> <span class="na">num=</span><span class="s">&quot;340&quot;</span> <span class="na">curr_loc=</span><span class="s">&quot;173&quot;</span> <span class="na">changed=</span><span class="s">&quot;1&quot;</span> <span class="na">churn=</span><span class="s">&quot;229&quot;</span> <span class="nt">/&gt;</span></div><div class='line' id='LC149'>&nbsp;&nbsp;&nbsp;&nbsp;&nbsp;&nbsp;&nbsp;&nbsp;&nbsp;&nbsp;&nbsp;&nbsp;&nbsp;&nbsp;<span class="nt">&lt;version</span> <span class="na">num=</span><span class="s">&quot;344&quot;</span> <span class="na">curr_loc=</span><span class="s">&quot;173&quot;</span> <span class="na">changed=</span><span class="s">&quot;1&quot;</span> <span class="na">churn=</span><span class="s">&quot;229&quot;</span> <span class="nt">/&gt;</span></div><div class='line' id='LC150'>&nbsp;&nbsp;&nbsp;&nbsp;&nbsp;&nbsp;&nbsp;&nbsp;&nbsp;&nbsp;&nbsp;&nbsp;&nbsp;&nbsp;<span class="nt">&lt;version</span> <span class="na">num=</span><span class="s">&quot;347&quot;</span> <span class="na">curr_loc=</span><span class="s">&quot;173&quot;</span> <span class="na">changed=</span><span class="s">&quot;1&quot;</span> <span class="na">churn=</span><span class="s">&quot;229&quot;</span> <span class="nt">/&gt;</span></div><div class='line' id='LC151'>&nbsp;&nbsp;&nbsp;&nbsp;&nbsp;&nbsp;&nbsp;&nbsp;&nbsp;&nbsp;&nbsp;&nbsp;&nbsp;&nbsp;<span class="nt">&lt;version</span> <span class="na">num=</span><span class="s">&quot;350&quot;</span> <span class="na">curr_loc=</span><span class="s">&quot;174&quot;</span> <span class="na">changed=</span><span class="s">&quot;1&quot;</span> <span class="na">churn=</span><span class="s">&quot;230&quot;</span> <span class="nt">/&gt;</span></div><div class='line' id='LC152'>&nbsp;&nbsp;&nbsp;&nbsp;&nbsp;&nbsp;&nbsp;&nbsp;&nbsp;&nbsp;&nbsp;&nbsp;&nbsp;&nbsp;<span class="nt">&lt;version</span> <span class="na">num=</span><span class="s">&quot;360&quot;</span> <span class="na">curr_loc=</span><span class="s">&quot;174&quot;</span> <span class="na">changed=</span><span class="s">&quot;1&quot;</span> <span class="na">churn=</span><span class="s">&quot;230&quot;</span> <span class="nt">/&gt;</span></div><div class='line' id='LC153'>&nbsp;&nbsp;&nbsp;&nbsp;&nbsp;&nbsp;&nbsp;&nbsp;&nbsp;&nbsp;&nbsp;&nbsp;&nbsp;&nbsp;<span class="nt">&lt;version</span> <span class="na">num=</span><span class="s">&quot;366&quot;</span> <span class="na">curr_loc=</span><span class="s">&quot;173&quot;</span> <span class="na">changed=</span><span class="s">&quot;1&quot;</span> <span class="na">churn=</span><span class="s">&quot;231&quot;</span> <span class="nt">/&gt;</span></div><div class='line' id='LC154'>&nbsp;&nbsp;&nbsp;&nbsp;&nbsp;&nbsp;&nbsp;&nbsp;&nbsp;&nbsp;&nbsp;&nbsp;&nbsp;&nbsp;<span class="nt">&lt;version</span> <span class="na">num=</span><span class="s">&quot;368&quot;</span> <span class="na">curr_loc=</span><span class="s">&quot;173&quot;</span> <span class="na">changed=</span><span class="s">&quot;1&quot;</span> <span class="na">churn=</span><span class="s">&quot;231&quot;</span> <span class="nt">/&gt;</span></div><div class='line' id='LC155'>&nbsp;&nbsp;&nbsp;&nbsp;&nbsp;&nbsp;&nbsp;&nbsp;&nbsp;&nbsp;&nbsp;&nbsp;&nbsp;&nbsp;<span class="nt">&lt;version</span> <span class="na">num=</span><span class="s">&quot;377&quot;</span> <span class="na">curr_loc=</span><span class="s">&quot;173&quot;</span> <span class="na">changed=</span><span class="s">&quot;1&quot;</span> <span class="na">churn=</span><span class="s">&quot;231&quot;</span> <span class="nt">/&gt;</span></div><div class='line' id='LC156'>&nbsp;&nbsp;&nbsp;&nbsp;&nbsp;&nbsp;&nbsp;&nbsp;&nbsp;&nbsp;&nbsp;&nbsp;&nbsp;&nbsp;<span class="nt">&lt;version</span> <span class="na">num=</span><span class="s">&quot;389&quot;</span> <span class="na">curr_loc=</span><span class="s">&quot;173&quot;</span> <span class="na">changed=</span><span class="s">&quot;1&quot;</span> <span class="na">churn=</span><span class="s">&quot;231&quot;</span> <span class="nt">/&gt;</span></div><div class='line' id='LC157'>&nbsp;&nbsp;&nbsp;&nbsp;&nbsp;&nbsp;&nbsp;&nbsp;&nbsp;&nbsp;&nbsp;&nbsp;&nbsp;&nbsp;<span class="nt">&lt;version</span> <span class="na">num=</span><span class="s">&quot;406&quot;</span> <span class="na">curr_loc=</span><span class="s">&quot;173&quot;</span> <span class="na">changed=</span><span class="s">&quot;1&quot;</span> <span class="na">churn=</span><span class="s">&quot;231&quot;</span> <span class="nt">/&gt;</span></div><div class='line' id='LC158'>&nbsp;&nbsp;&nbsp;&nbsp;&nbsp;&nbsp;&nbsp;&nbsp;&nbsp;&nbsp;&nbsp;&nbsp;&nbsp;&nbsp;<span class="nt">&lt;version</span> <span class="na">num=</span><span class="s">&quot;408&quot;</span> <span class="na">curr_loc=</span><span class="s">&quot;174&quot;</span> <span class="na">changed=</span><span class="s">&quot;1&quot;</span> <span class="na">churn=</span><span class="s">&quot;232&quot;</span> <span class="nt">/&gt;</span></div><div class='line' id='LC159'>&nbsp;&nbsp;&nbsp;&nbsp;&nbsp;&nbsp;&nbsp;&nbsp;&nbsp;&nbsp;&nbsp;&nbsp;&nbsp;&nbsp;<span class="nt">&lt;version</span> <span class="na">num=</span><span class="s">&quot;409&quot;</span> <span class="na">curr_loc=</span><span class="s">&quot;177&quot;</span> <span class="na">changed=</span><span class="s">&quot;1&quot;</span> <span class="na">churn=</span><span class="s">&quot;235&quot;</span> <span class="nt">/&gt;</span></div><div class='line' id='LC160'>&nbsp;&nbsp;&nbsp;&nbsp;&nbsp;&nbsp;&nbsp;&nbsp;&nbsp;&nbsp;&nbsp;&nbsp;&nbsp;&nbsp;<span class="nt">&lt;version</span> <span class="na">num=</span><span class="s">&quot;411&quot;</span> <span class="na">curr_loc=</span><span class="s">&quot;175&quot;</span> <span class="na">changed=</span><span class="s">&quot;1&quot;</span> <span class="na">churn=</span><span class="s">&quot;237&quot;</span> <span class="nt">/&gt;</span></div><div class='line' id='LC161'>&nbsp;&nbsp;&nbsp;&nbsp;&nbsp;&nbsp;&nbsp;&nbsp;&nbsp;&nbsp;&nbsp;&nbsp;&nbsp;&nbsp;<span class="nt">&lt;version</span> <span class="na">num=</span><span class="s">&quot;419&quot;</span> <span class="na">curr_loc=</span><span class="s">&quot;175&quot;</span> <span class="na">changed=</span><span class="s">&quot;1&quot;</span> <span class="na">churn=</span><span class="s">&quot;237&quot;</span> <span class="nt">/&gt;</span></div><div class='line' id='LC162'>&nbsp;&nbsp;&nbsp;&nbsp;&nbsp;&nbsp;&nbsp;&nbsp;&nbsp;&nbsp;&nbsp;&nbsp;&nbsp;&nbsp;<span class="nt">&lt;version</span> <span class="na">num=</span><span class="s">&quot;425&quot;</span> <span class="na">curr_loc=</span><span class="s">&quot;175&quot;</span> <span class="na">changed=</span><span class="s">&quot;1&quot;</span> <span class="na">churn=</span><span class="s">&quot;237&quot;</span> <span class="nt">/&gt;</span></div><div class='line' id='LC163'>&nbsp;&nbsp;&nbsp;&nbsp;&nbsp;&nbsp;&nbsp;&nbsp;&nbsp;&nbsp;&nbsp;&nbsp;&nbsp;&nbsp;<span class="nt">&lt;version</span> <span class="na">num=</span><span class="s">&quot;427&quot;</span> <span class="na">curr_loc=</span><span class="s">&quot;181&quot;</span> <span class="na">changed=</span><span class="s">&quot;1&quot;</span> <span class="na">churn=</span><span class="s">&quot;243&quot;</span> <span class="nt">/&gt;</span></div><div class='line' id='LC164'>&nbsp;&nbsp;&nbsp;&nbsp;&nbsp;&nbsp;&nbsp;&nbsp;&nbsp;&nbsp;&nbsp;&nbsp;&nbsp;&nbsp;<span class="nt">&lt;version</span> <span class="na">num=</span><span class="s">&quot;434&quot;</span> <span class="na">curr_loc=</span><span class="s">&quot;181&quot;</span> <span class="na">changed=</span><span class="s">&quot;1&quot;</span> <span class="na">churn=</span><span class="s">&quot;243&quot;</span> <span class="nt">/&gt;</span></div><div class='line' id='LC165'>&nbsp;&nbsp;&nbsp;&nbsp;&nbsp;&nbsp;&nbsp;&nbsp;&nbsp;&nbsp;&nbsp;&nbsp;<span class="nt">&lt;/class&gt;</span></div><div class='line' id='LC166'>&nbsp;&nbsp;&nbsp;&nbsp;&nbsp;&nbsp;&nbsp;&nbsp;&nbsp;&nbsp;&nbsp;&nbsp;<span class="nt">&lt;class</span> <span class="na">name=</span><span class="s">&quot;PotentialAssignment&quot;</span> <span class="na">type=</span><span class="s">&quot;AbstractClass&quot;</span> <span class="na">maxLoc=</span><span class="s">&quot;35&quot;</span><span class="nt">&gt;</span></div><div class='line' id='LC167'>&nbsp;&nbsp;&nbsp;&nbsp;&nbsp;&nbsp;&nbsp;&nbsp;&nbsp;&nbsp;&nbsp;&nbsp;&nbsp;&nbsp;<span class="nt">&lt;version</span> <span class="na">num=</span><span class="s">&quot;54&quot;</span> <span class="na">curr_loc=</span><span class="s">&quot;31&quot;</span> <span class="na">changed=</span><span class="s">&quot;1&quot;</span> <span class="na">churn=</span><span class="s">&quot;31&quot;</span> <span class="nt">/&gt;</span></div><div class='line' id='LC168'>&nbsp;&nbsp;&nbsp;&nbsp;&nbsp;&nbsp;&nbsp;&nbsp;&nbsp;&nbsp;&nbsp;&nbsp;&nbsp;&nbsp;<span class="nt">&lt;version</span> <span class="na">num=</span><span class="s">&quot;62&quot;</span> <span class="na">curr_loc=</span><span class="s">&quot;31&quot;</span> <span class="na">changed=</span><span class="s">&quot;1&quot;</span> <span class="na">churn=</span><span class="s">&quot;31&quot;</span> <span class="nt">/&gt;</span></div><div class='line' id='LC169'>&nbsp;&nbsp;&nbsp;&nbsp;&nbsp;&nbsp;&nbsp;&nbsp;&nbsp;&nbsp;&nbsp;&nbsp;&nbsp;&nbsp;<span class="nt">&lt;version</span> <span class="na">num=</span><span class="s">&quot;69&quot;</span> <span class="na">curr_loc=</span><span class="s">&quot;35&quot;</span> <span class="na">changed=</span><span class="s">&quot;1&quot;</span> <span class="na">churn=</span><span class="s">&quot;35&quot;</span> <span class="nt">/&gt;</span></div><div class='line' id='LC170'>&nbsp;&nbsp;&nbsp;&nbsp;&nbsp;&nbsp;&nbsp;&nbsp;&nbsp;&nbsp;&nbsp;&nbsp;&nbsp;&nbsp;<span class="nt">&lt;version</span> <span class="na">num=</span><span class="s">&quot;368&quot;</span> <span class="na">curr_loc=</span><span class="s">&quot;31&quot;</span> <span class="na">changed=</span><span class="s">&quot;1&quot;</span> <span class="na">churn=</span><span class="s">&quot;39&quot;</span> <span class="nt">/&gt;</span></div><div class='line' id='LC171'>&nbsp;&nbsp;&nbsp;&nbsp;&nbsp;&nbsp;&nbsp;&nbsp;&nbsp;&nbsp;&nbsp;&nbsp;&nbsp;&nbsp;<span class="nt">&lt;version</span> <span class="na">num=</span><span class="s">&quot;410&quot;</span> <span class="na">curr_loc=</span><span class="s">&quot;23&quot;</span> <span class="na">changed=</span><span class="s">&quot;1&quot;</span> <span class="na">churn=</span><span class="s">&quot;47&quot;</span> <span class="nt">/&gt;</span></div><div class='line' id='LC172'>&nbsp;&nbsp;&nbsp;&nbsp;&nbsp;&nbsp;&nbsp;&nbsp;&nbsp;&nbsp;&nbsp;&nbsp;<span class="nt">&lt;/class&gt;</span></div><div class='line' id='LC173'>&nbsp;&nbsp;&nbsp;&nbsp;&nbsp;&nbsp;&nbsp;&nbsp;&nbsp;&nbsp;&nbsp;&nbsp;<span class="nt">&lt;package</span> <span class="na">name=</span><span class="s">&quot;internal&quot;</span><span class="nt">&gt;</span></div><div class='line' id='LC174'>&nbsp;&nbsp;&nbsp;&nbsp;&nbsp;&nbsp;&nbsp;&nbsp;&nbsp;&nbsp;&nbsp;&nbsp;&nbsp;&nbsp;<span class="nt">&lt;class</span> <span class="na">name=</span><span class="s">&quot;AllMembersSupplier&quot;</span> <span class="na">type=</span><span class="s">&quot;ConcreteClass&quot;</span> <span class="na">maxLoc=</span><span class="s">&quot;126&quot;</span><span class="nt">&gt;</span></div><div class='line' id='LC175'>&nbsp;&nbsp;&nbsp;&nbsp;&nbsp;&nbsp;&nbsp;&nbsp;&nbsp;&nbsp;&nbsp;&nbsp;&nbsp;&nbsp;&nbsp;&nbsp;<span class="nt">&lt;version</span> <span class="na">num=</span><span class="s">&quot;117&quot;</span> <span class="na">curr_loc=</span><span class="s">&quot;126&quot;</span> <span class="na">changed=</span><span class="s">&quot;1&quot;</span> <span class="na">churn=</span><span class="s">&quot;126&quot;</span> <span class="nt">/&gt;</span></div><div class='line' id='LC176'>&nbsp;&nbsp;&nbsp;&nbsp;&nbsp;&nbsp;&nbsp;&nbsp;&nbsp;&nbsp;&nbsp;&nbsp;&nbsp;&nbsp;&nbsp;&nbsp;<span class="nt">&lt;version</span> <span class="na">num=</span><span class="s">&quot;287&quot;</span> <span class="na">curr_loc=</span><span class="s">&quot;120&quot;</span> <span class="na">changed=</span><span class="s">&quot;1&quot;</span> <span class="na">churn=</span><span class="s">&quot;132&quot;</span> <span class="nt">/&gt;</span></div><div class='line' id='LC177'>&nbsp;&nbsp;&nbsp;&nbsp;&nbsp;&nbsp;&nbsp;&nbsp;&nbsp;&nbsp;&nbsp;&nbsp;&nbsp;&nbsp;&nbsp;&nbsp;<span class="nt">&lt;version</span> <span class="na">num=</span><span class="s">&quot;308&quot;</span> <span class="na">curr_loc=</span><span class="s">&quot;119&quot;</span> <span class="na">changed=</span><span class="s">&quot;1&quot;</span> <span class="na">churn=</span><span class="s">&quot;133&quot;</span> <span class="nt">/&gt;</span></div><div class='line' id='LC178'>&nbsp;&nbsp;&nbsp;&nbsp;&nbsp;&nbsp;&nbsp;&nbsp;&nbsp;&nbsp;&nbsp;&nbsp;&nbsp;&nbsp;&nbsp;&nbsp;<span class="nt">&lt;version</span> <span class="na">num=</span><span class="s">&quot;326&quot;</span> <span class="na">curr_loc=</span><span class="s">&quot;121&quot;</span> <span class="na">changed=</span><span class="s">&quot;1&quot;</span> <span class="na">churn=</span><span class="s">&quot;135&quot;</span> <span class="nt">/&gt;</span></div><div class='line' id='LC179'>&nbsp;&nbsp;&nbsp;&nbsp;&nbsp;&nbsp;&nbsp;&nbsp;&nbsp;&nbsp;&nbsp;&nbsp;&nbsp;&nbsp;&nbsp;&nbsp;<span class="nt">&lt;version</span> <span class="na">num=</span><span class="s">&quot;327&quot;</span> <span class="na">curr_loc=</span><span class="s">&quot;121&quot;</span> <span class="na">changed=</span><span class="s">&quot;1&quot;</span> <span class="na">churn=</span><span class="s">&quot;135&quot;</span> <span class="nt">/&gt;</span></div><div class='line' id='LC180'>&nbsp;&nbsp;&nbsp;&nbsp;&nbsp;&nbsp;&nbsp;&nbsp;&nbsp;&nbsp;&nbsp;&nbsp;&nbsp;&nbsp;&nbsp;&nbsp;<span class="nt">&lt;version</span> <span class="na">num=</span><span class="s">&quot;332&quot;</span> <span class="na">curr_loc=</span><span class="s">&quot;121&quot;</span> <span class="na">changed=</span><span class="s">&quot;1&quot;</span> <span class="na">churn=</span><span class="s">&quot;135&quot;</span> <span class="nt">/&gt;</span></div><div class='line' id='LC181'>&nbsp;&nbsp;&nbsp;&nbsp;&nbsp;&nbsp;&nbsp;&nbsp;&nbsp;&nbsp;&nbsp;&nbsp;&nbsp;&nbsp;&nbsp;&nbsp;<span class="nt">&lt;version</span> <span class="na">num=</span><span class="s">&quot;336&quot;</span> <span class="na">curr_loc=</span><span class="s">&quot;121&quot;</span> <span class="na">changed=</span><span class="s">&quot;1&quot;</span> <span class="na">churn=</span><span class="s">&quot;135&quot;</span> <span class="nt">/&gt;</span></div><div class='line' id='LC182'>&nbsp;&nbsp;&nbsp;&nbsp;&nbsp;&nbsp;&nbsp;&nbsp;&nbsp;&nbsp;&nbsp;&nbsp;&nbsp;&nbsp;&nbsp;&nbsp;<span class="nt">&lt;version</span> <span class="na">num=</span><span class="s">&quot;337&quot;</span> <span class="na">curr_loc=</span><span class="s">&quot;121&quot;</span> <span class="na">changed=</span><span class="s">&quot;1&quot;</span> <span class="na">churn=</span><span class="s">&quot;135&quot;</span> <span class="nt">/&gt;</span></div><div class='line' id='LC183'>&nbsp;&nbsp;&nbsp;&nbsp;&nbsp;&nbsp;&nbsp;&nbsp;&nbsp;&nbsp;&nbsp;&nbsp;&nbsp;&nbsp;&nbsp;&nbsp;<span class="nt">&lt;version</span> <span class="na">num=</span><span class="s">&quot;368&quot;</span> <span class="na">curr_loc=</span><span class="s">&quot;121&quot;</span> <span class="na">changed=</span><span class="s">&quot;1&quot;</span> <span class="na">churn=</span><span class="s">&quot;135&quot;</span> <span class="nt">/&gt;</span></div><div class='line' id='LC184'>&nbsp;&nbsp;&nbsp;&nbsp;&nbsp;&nbsp;&nbsp;&nbsp;&nbsp;&nbsp;&nbsp;&nbsp;&nbsp;&nbsp;&nbsp;&nbsp;<span class="nt">&lt;version</span> <span class="na">num=</span><span class="s">&quot;374&quot;</span> <span class="na">curr_loc=</span><span class="s">&quot;116&quot;</span> <span class="na">changed=</span><span class="s">&quot;1&quot;</span> <span class="na">churn=</span><span class="s">&quot;140&quot;</span> <span class="nt">/&gt;</span></div><div class='line' id='LC185'>&nbsp;&nbsp;&nbsp;&nbsp;&nbsp;&nbsp;&nbsp;&nbsp;&nbsp;&nbsp;&nbsp;&nbsp;&nbsp;&nbsp;&nbsp;&nbsp;<span class="nt">&lt;version</span> <span class="na">num=</span><span class="s">&quot;376&quot;</span> <span class="na">curr_loc=</span><span class="s">&quot;104&quot;</span> <span class="na">changed=</span><span class="s">&quot;1&quot;</span> <span class="na">churn=</span><span class="s">&quot;152&quot;</span> <span class="nt">/&gt;</span></div><div class='line' id='LC186'>&nbsp;&nbsp;&nbsp;&nbsp;&nbsp;&nbsp;&nbsp;&nbsp;&nbsp;&nbsp;&nbsp;&nbsp;&nbsp;&nbsp;&nbsp;&nbsp;<span class="nt">&lt;version</span> <span class="na">num=</span><span class="s">&quot;411&quot;</span> <span class="na">curr_loc=</span><span class="s">&quot;100&quot;</span> <span class="na">changed=</span><span class="s">&quot;1&quot;</span> <span class="na">churn=</span><span class="s">&quot;156&quot;</span> <span class="nt">/&gt;</span></div><div class='line' id='LC187'>&nbsp;&nbsp;&nbsp;&nbsp;&nbsp;&nbsp;&nbsp;&nbsp;&nbsp;&nbsp;&nbsp;&nbsp;&nbsp;&nbsp;&nbsp;&nbsp;<span class="nt">&lt;version</span> <span class="na">num=</span><span class="s">&quot;421&quot;</span> <span class="na">curr_loc=</span><span class="s">&quot;102&quot;</span> <span class="na">changed=</span><span class="s">&quot;1&quot;</span> <span class="na">churn=</span><span class="s">&quot;158&quot;</span> <span class="nt">/&gt;</span></div><div class='line' id='LC188'>&nbsp;&nbsp;&nbsp;&nbsp;&nbsp;&nbsp;&nbsp;&nbsp;&nbsp;&nbsp;&nbsp;&nbsp;&nbsp;&nbsp;<span class="nt">&lt;/class&gt;</span></div><div class='line' id='LC189'>&nbsp;&nbsp;&nbsp;&nbsp;&nbsp;&nbsp;&nbsp;&nbsp;&nbsp;&nbsp;&nbsp;&nbsp;&nbsp;&nbsp;<span class="nt">&lt;class</span> <span class="na">name=</span><span class="s">&quot;Assignments&quot;</span> <span class="na">type=</span><span class="s">&quot;ConcreteClass&quot;</span> <span class="na">maxLoc=</span><span class="s">&quot;133&quot;</span><span class="nt">&gt;</span></div><div class='line' id='LC190'>&nbsp;&nbsp;&nbsp;&nbsp;&nbsp;&nbsp;&nbsp;&nbsp;&nbsp;&nbsp;&nbsp;&nbsp;&nbsp;&nbsp;&nbsp;&nbsp;<span class="nt">&lt;version</span> <span class="na">num=</span><span class="s">&quot;117&quot;</span> <span class="na">curr_loc=</span><span class="s">&quot;133&quot;</span> <span class="na">changed=</span><span class="s">&quot;1&quot;</span> <span class="na">churn=</span><span class="s">&quot;133&quot;</span> <span class="nt">/&gt;</span></div><div class='line' id='LC191'>&nbsp;&nbsp;&nbsp;&nbsp;&nbsp;&nbsp;&nbsp;&nbsp;&nbsp;&nbsp;&nbsp;&nbsp;&nbsp;&nbsp;&nbsp;&nbsp;<span class="nt">&lt;version</span> <span class="na">num=</span><span class="s">&quot;327&quot;</span> <span class="na">curr_loc=</span><span class="s">&quot;123&quot;</span> <span class="na">changed=</span><span class="s">&quot;1&quot;</span> <span class="na">churn=</span><span class="s">&quot;143&quot;</span> <span class="nt">/&gt;</span></div><div class='line' id='LC192'>&nbsp;&nbsp;&nbsp;&nbsp;&nbsp;&nbsp;&nbsp;&nbsp;&nbsp;&nbsp;&nbsp;&nbsp;&nbsp;&nbsp;&nbsp;&nbsp;<span class="nt">&lt;version</span> <span class="na">num=</span><span class="s">&quot;332&quot;</span> <span class="na">curr_loc=</span><span class="s">&quot;123&quot;</span> <span class="na">changed=</span><span class="s">&quot;1&quot;</span> <span class="na">churn=</span><span class="s">&quot;143&quot;</span> <span class="nt">/&gt;</span></div><div class='line' id='LC193'>&nbsp;&nbsp;&nbsp;&nbsp;&nbsp;&nbsp;&nbsp;&nbsp;&nbsp;&nbsp;&nbsp;&nbsp;&nbsp;&nbsp;&nbsp;&nbsp;<span class="nt">&lt;version</span> <span class="na">num=</span><span class="s">&quot;368&quot;</span> <span class="na">curr_loc=</span><span class="s">&quot;123&quot;</span> <span class="na">changed=</span><span class="s">&quot;1&quot;</span> <span class="na">churn=</span><span class="s">&quot;143&quot;</span> <span class="nt">/&gt;</span></div><div class='line' id='LC194'>&nbsp;&nbsp;&nbsp;&nbsp;&nbsp;&nbsp;&nbsp;&nbsp;&nbsp;&nbsp;&nbsp;&nbsp;&nbsp;&nbsp;&nbsp;&nbsp;<span class="nt">&lt;version</span> <span class="na">num=</span><span class="s">&quot;376&quot;</span> <span class="na">curr_loc=</span><span class="s">&quot;114&quot;</span> <span class="na">changed=</span><span class="s">&quot;1&quot;</span> <span class="na">churn=</span><span class="s">&quot;152&quot;</span> <span class="nt">/&gt;</span></div><div class='line' id='LC195'>&nbsp;&nbsp;&nbsp;&nbsp;&nbsp;&nbsp;&nbsp;&nbsp;&nbsp;&nbsp;&nbsp;&nbsp;&nbsp;&nbsp;&nbsp;&nbsp;<span class="nt">&lt;version</span> <span class="na">num=</span><span class="s">&quot;389&quot;</span> <span class="na">curr_loc=</span><span class="s">&quot;114&quot;</span> <span class="na">changed=</span><span class="s">&quot;1&quot;</span> <span class="na">churn=</span><span class="s">&quot;152&quot;</span> <span class="nt">/&gt;</span></div><div class='line' id='LC196'>&nbsp;&nbsp;&nbsp;&nbsp;&nbsp;&nbsp;&nbsp;&nbsp;&nbsp;&nbsp;&nbsp;&nbsp;&nbsp;&nbsp;&nbsp;&nbsp;<span class="nt">&lt;version</span> <span class="na">num=</span><span class="s">&quot;410&quot;</span> <span class="na">curr_loc=</span><span class="s">&quot;114&quot;</span> <span class="na">changed=</span><span class="s">&quot;1&quot;</span> <span class="na">churn=</span><span class="s">&quot;152&quot;</span> <span class="nt">/&gt;</span></div><div class='line' id='LC197'>&nbsp;&nbsp;&nbsp;&nbsp;&nbsp;&nbsp;&nbsp;&nbsp;&nbsp;&nbsp;&nbsp;&nbsp;&nbsp;&nbsp;&nbsp;&nbsp;<span class="nt">&lt;version</span> <span class="na">num=</span><span class="s">&quot;419&quot;</span> <span class="na">curr_loc=</span><span class="s">&quot;116&quot;</span> <span class="na">changed=</span><span class="s">&quot;1&quot;</span> <span class="na">churn=</span><span class="s">&quot;154&quot;</span> <span class="nt">/&gt;</span></div><div class='line' id='LC198'>&nbsp;&nbsp;&nbsp;&nbsp;&nbsp;&nbsp;&nbsp;&nbsp;&nbsp;&nbsp;&nbsp;&nbsp;&nbsp;&nbsp;<span class="nt">&lt;/class&gt;</span></div><div class='line' id='LC199'>&nbsp;&nbsp;&nbsp;&nbsp;&nbsp;&nbsp;&nbsp;&nbsp;&nbsp;&nbsp;&nbsp;&nbsp;&nbsp;&nbsp;<span class="nt">&lt;class</span> <span class="na">name=</span><span class="s">&quot;ParameterizedAssertionError&quot;</span> <span class="na">type=</span><span class="s">&quot;ConcreteClass&quot;</span> <span class="na">maxLoc=</span><span class="s">&quot;49&quot;</span><span class="nt">&gt;</span></div><div class='line' id='LC200'>&nbsp;&nbsp;&nbsp;&nbsp;&nbsp;&nbsp;&nbsp;&nbsp;&nbsp;&nbsp;&nbsp;&nbsp;&nbsp;&nbsp;&nbsp;&nbsp;<span class="nt">&lt;version</span> <span class="na">num=</span><span class="s">&quot;368&quot;</span> <span class="na">curr_loc=</span><span class="s">&quot;49&quot;</span> <span class="na">changed=</span><span class="s">&quot;1&quot;</span> <span class="na">churn=</span><span class="s">&quot;49&quot;</span> <span class="nt">/&gt;</span></div><div class='line' id='LC201'>&nbsp;&nbsp;&nbsp;&nbsp;&nbsp;&nbsp;&nbsp;&nbsp;&nbsp;&nbsp;&nbsp;&nbsp;&nbsp;&nbsp;<span class="nt">&lt;/class&gt;</span></div><div class='line' id='LC202'>&nbsp;&nbsp;&nbsp;&nbsp;&nbsp;&nbsp;&nbsp;&nbsp;&nbsp;&nbsp;&nbsp;&nbsp;<span class="nt">&lt;/package&gt;</span></div><div class='line' id='LC203'>&nbsp;&nbsp;&nbsp;&nbsp;&nbsp;&nbsp;&nbsp;&nbsp;&nbsp;&nbsp;&nbsp;&nbsp;<span class="nt">&lt;package</span> <span class="na">name=</span><span class="s">&quot;suppliers&quot;</span><span class="nt">&gt;</span></div><div class='line' id='LC204'>&nbsp;&nbsp;&nbsp;&nbsp;&nbsp;&nbsp;&nbsp;&nbsp;&nbsp;&nbsp;&nbsp;&nbsp;&nbsp;&nbsp;<span class="nt">&lt;class</span> <span class="na">name=</span><span class="s">&quot;TestedOnSupplier&quot;</span> <span class="na">type=</span><span class="s">&quot;ConcreteClass&quot;</span> <span class="na">maxLoc=</span><span class="s">&quot;23&quot;</span><span class="nt">&gt;</span></div><div class='line' id='LC205'>&nbsp;&nbsp;&nbsp;&nbsp;&nbsp;&nbsp;&nbsp;&nbsp;&nbsp;&nbsp;&nbsp;&nbsp;&nbsp;&nbsp;&nbsp;&nbsp;<span class="nt">&lt;version</span> <span class="na">num=</span><span class="s">&quot;368&quot;</span> <span class="na">curr_loc=</span><span class="s">&quot;23&quot;</span> <span class="na">changed=</span><span class="s">&quot;1&quot;</span> <span class="na">churn=</span><span class="s">&quot;23&quot;</span> <span class="nt">/&gt;</span></div><div class='line' id='LC206'>&nbsp;&nbsp;&nbsp;&nbsp;&nbsp;&nbsp;&nbsp;&nbsp;&nbsp;&nbsp;&nbsp;&nbsp;&nbsp;&nbsp;<span class="nt">&lt;/class&gt;</span></div><div class='line' id='LC207'>&nbsp;&nbsp;&nbsp;&nbsp;&nbsp;&nbsp;&nbsp;&nbsp;&nbsp;&nbsp;&nbsp;&nbsp;<span class="nt">&lt;/package&gt;</span></div><div class='line' id='LC208'>&nbsp;&nbsp;&nbsp;&nbsp;&nbsp;&nbsp;&nbsp;&nbsp;&nbsp;&nbsp;&nbsp;&nbsp;<span class="nt">&lt;class</span> <span class="na">name=</span><span class="s">&quot;ParameterSignature&quot;</span> <span class="na">type=</span><span class="s">&quot;ConcreteClass&quot;</span> <span class="na">maxLoc=</span><span class="s">&quot;90&quot;</span><span class="nt">&gt;</span></div><div class='line' id='LC209'>&nbsp;&nbsp;&nbsp;&nbsp;&nbsp;&nbsp;&nbsp;&nbsp;&nbsp;&nbsp;&nbsp;&nbsp;&nbsp;&nbsp;<span class="nt">&lt;version</span> <span class="na">num=</span><span class="s">&quot;410&quot;</span> <span class="na">curr_loc=</span><span class="s">&quot;90&quot;</span> <span class="na">changed=</span><span class="s">&quot;1&quot;</span> <span class="na">churn=</span><span class="s">&quot;90&quot;</span> <span class="nt">/&gt;</span></div><div class='line' id='LC210'>&nbsp;&nbsp;&nbsp;&nbsp;&nbsp;&nbsp;&nbsp;&nbsp;&nbsp;&nbsp;&nbsp;&nbsp;<span class="nt">&lt;/class&gt;</span></div><div class='line' id='LC211'>&nbsp;&nbsp;&nbsp;&nbsp;&nbsp;&nbsp;&nbsp;&nbsp;&nbsp;&nbsp;<span class="nt">&lt;/package&gt;</span></div><div class='line' id='LC212'>&nbsp;&nbsp;&nbsp;&nbsp;&nbsp;&nbsp;&nbsp;&nbsp;&nbsp;&nbsp;<span class="nt">&lt;package</span> <span class="na">name=</span><span class="s">&quot;max&quot;</span><span class="nt">&gt;</span></div><div class='line' id='LC213'>&nbsp;&nbsp;&nbsp;&nbsp;&nbsp;&nbsp;&nbsp;&nbsp;&nbsp;&nbsp;&nbsp;&nbsp;<span class="nt">&lt;class</span> <span class="na">name=</span><span class="s">&quot;MaxCore&quot;</span> <span class="na">type=</span><span class="s">&quot;ConcreteClass&quot;</span> <span class="na">maxLoc=</span><span class="s">&quot;249&quot;</span><span class="nt">&gt;</span></div><div class='line' id='LC214'>&nbsp;&nbsp;&nbsp;&nbsp;&nbsp;&nbsp;&nbsp;&nbsp;&nbsp;&nbsp;&nbsp;&nbsp;&nbsp;&nbsp;<span class="nt">&lt;version</span> <span class="na">num=</span><span class="s">&quot;54&quot;</span> <span class="na">curr_loc=</span><span class="s">&quot;169&quot;</span> <span class="na">changed=</span><span class="s">&quot;1&quot;</span> <span class="na">churn=</span><span class="s">&quot;169&quot;</span> <span class="nt">/&gt;</span></div><div class='line' id='LC215'>&nbsp;&nbsp;&nbsp;&nbsp;&nbsp;&nbsp;&nbsp;&nbsp;&nbsp;&nbsp;&nbsp;&nbsp;&nbsp;&nbsp;<span class="nt">&lt;version</span> <span class="na">num=</span><span class="s">&quot;62&quot;</span> <span class="na">curr_loc=</span><span class="s">&quot;169&quot;</span> <span class="na">changed=</span><span class="s">&quot;1&quot;</span> <span class="na">churn=</span><span class="s">&quot;169&quot;</span> <span class="nt">/&gt;</span></div><div class='line' id='LC216'>&nbsp;&nbsp;&nbsp;&nbsp;&nbsp;&nbsp;&nbsp;&nbsp;&nbsp;&nbsp;&nbsp;&nbsp;&nbsp;&nbsp;<span class="nt">&lt;version</span> <span class="na">num=</span><span class="s">&quot;74&quot;</span> <span class="na">curr_loc=</span><span class="s">&quot;170&quot;</span> <span class="na">changed=</span><span class="s">&quot;1&quot;</span> <span class="na">churn=</span><span class="s">&quot;170&quot;</span> <span class="nt">/&gt;</span></div><div class='line' id='LC217'>&nbsp;&nbsp;&nbsp;&nbsp;&nbsp;&nbsp;&nbsp;&nbsp;&nbsp;&nbsp;&nbsp;&nbsp;&nbsp;&nbsp;<span class="nt">&lt;version</span> <span class="na">num=</span><span class="s">&quot;75&quot;</span> <span class="na">curr_loc=</span><span class="s">&quot;170&quot;</span> <span class="na">changed=</span><span class="s">&quot;1&quot;</span> <span class="na">churn=</span><span class="s">&quot;170&quot;</span> <span class="nt">/&gt;</span></div><div class='line' id='LC218'>&nbsp;&nbsp;&nbsp;&nbsp;&nbsp;&nbsp;&nbsp;&nbsp;&nbsp;&nbsp;&nbsp;&nbsp;&nbsp;&nbsp;<span class="nt">&lt;version</span> <span class="na">num=</span><span class="s">&quot;128&quot;</span> <span class="na">curr_loc=</span><span class="s">&quot;169&quot;</span> <span class="na">changed=</span><span class="s">&quot;1&quot;</span> <span class="na">churn=</span><span class="s">&quot;171&quot;</span> <span class="nt">/&gt;</span></div><div class='line' id='LC219'>&nbsp;&nbsp;&nbsp;&nbsp;&nbsp;&nbsp;&nbsp;&nbsp;&nbsp;&nbsp;&nbsp;&nbsp;&nbsp;&nbsp;<span class="nt">&lt;version</span> <span class="na">num=</span><span class="s">&quot;131&quot;</span> <span class="na">curr_loc=</span><span class="s">&quot;160&quot;</span> <span class="na">changed=</span><span class="s">&quot;1&quot;</span> <span class="na">churn=</span><span class="s">&quot;180&quot;</span> <span class="nt">/&gt;</span></div><div class='line' id='LC220'>&nbsp;&nbsp;&nbsp;&nbsp;&nbsp;&nbsp;&nbsp;&nbsp;&nbsp;&nbsp;&nbsp;&nbsp;&nbsp;&nbsp;<span class="nt">&lt;version</span> <span class="na">num=</span><span class="s">&quot;132&quot;</span> <span class="na">curr_loc=</span><span class="s">&quot;121&quot;</span> <span class="na">changed=</span><span class="s">&quot;1&quot;</span> <span class="na">churn=</span><span class="s">&quot;219&quot;</span> <span class="nt">/&gt;</span></div><div class='line' id='LC221'>&nbsp;&nbsp;&nbsp;&nbsp;&nbsp;&nbsp;&nbsp;&nbsp;&nbsp;&nbsp;&nbsp;&nbsp;&nbsp;&nbsp;<span class="nt">&lt;version</span> <span class="na">num=</span><span class="s">&quot;138&quot;</span> <span class="na">curr_loc=</span><span class="s">&quot;99&quot;</span> <span class="na">changed=</span><span class="s">&quot;1&quot;</span> <span class="na">churn=</span><span class="s">&quot;241&quot;</span> <span class="nt">/&gt;</span></div><div class='line' id='LC222'>&nbsp;&nbsp;&nbsp;&nbsp;&nbsp;&nbsp;&nbsp;&nbsp;&nbsp;&nbsp;&nbsp;&nbsp;&nbsp;&nbsp;<span class="nt">&lt;version</span> <span class="na">num=</span><span class="s">&quot;139&quot;</span> <span class="na">curr_loc=</span><span class="s">&quot;102&quot;</span> <span class="na">changed=</span><span class="s">&quot;1&quot;</span> <span class="na">churn=</span><span class="s">&quot;244&quot;</span> <span class="nt">/&gt;</span></div><div class='line' id='LC223'>&nbsp;&nbsp;&nbsp;&nbsp;&nbsp;&nbsp;&nbsp;&nbsp;&nbsp;&nbsp;&nbsp;&nbsp;&nbsp;&nbsp;<span class="nt">&lt;version</span> <span class="na">num=</span><span class="s">&quot;140&quot;</span> <span class="na">curr_loc=</span><span class="s">&quot;111&quot;</span> <span class="na">changed=</span><span class="s">&quot;1&quot;</span> <span class="na">churn=</span><span class="s">&quot;253&quot;</span> <span class="nt">/&gt;</span></div><div class='line' id='LC224'>&nbsp;&nbsp;&nbsp;&nbsp;&nbsp;&nbsp;&nbsp;&nbsp;&nbsp;&nbsp;&nbsp;&nbsp;&nbsp;&nbsp;<span class="nt">&lt;version</span> <span class="na">num=</span><span class="s">&quot;143&quot;</span> <span class="na">curr_loc=</span><span class="s">&quot;169&quot;</span> <span class="na">changed=</span><span class="s">&quot;1&quot;</span> <span class="na">churn=</span><span class="s">&quot;311&quot;</span> <span class="nt">/&gt;</span></div><div class='line' id='LC225'>&nbsp;&nbsp;&nbsp;&nbsp;&nbsp;&nbsp;&nbsp;&nbsp;&nbsp;&nbsp;&nbsp;&nbsp;&nbsp;&nbsp;<span class="nt">&lt;version</span> <span class="na">num=</span><span class="s">&quot;146&quot;</span> <span class="na">curr_loc=</span><span class="s">&quot;160&quot;</span> <span class="na">changed=</span><span class="s">&quot;1&quot;</span> <span class="na">churn=</span><span class="s">&quot;320&quot;</span> <span class="nt">/&gt;</span></div><div class='line' id='LC226'>&nbsp;&nbsp;&nbsp;&nbsp;&nbsp;&nbsp;&nbsp;&nbsp;&nbsp;&nbsp;&nbsp;&nbsp;&nbsp;&nbsp;<span class="nt">&lt;version</span> <span class="na">num=</span><span class="s">&quot;147&quot;</span> <span class="na">curr_loc=</span><span class="s">&quot;121&quot;</span> <span class="na">changed=</span><span class="s">&quot;1&quot;</span> <span class="na">churn=</span><span class="s">&quot;359&quot;</span> <span class="nt">/&gt;</span></div><div class='line' id='LC227'>&nbsp;&nbsp;&nbsp;&nbsp;&nbsp;&nbsp;&nbsp;&nbsp;&nbsp;&nbsp;&nbsp;&nbsp;&nbsp;&nbsp;<span class="nt">&lt;version</span> <span class="na">num=</span><span class="s">&quot;153&quot;</span> <span class="na">curr_loc=</span><span class="s">&quot;99&quot;</span> <span class="na">changed=</span><span class="s">&quot;1&quot;</span> <span class="na">churn=</span><span class="s">&quot;381&quot;</span> <span class="nt">/&gt;</span></div><div class='line' id='LC228'>&nbsp;&nbsp;&nbsp;&nbsp;&nbsp;&nbsp;&nbsp;&nbsp;&nbsp;&nbsp;&nbsp;&nbsp;&nbsp;&nbsp;<span class="nt">&lt;version</span> <span class="na">num=</span><span class="s">&quot;154&quot;</span> <span class="na">curr_loc=</span><span class="s">&quot;102&quot;</span> <span class="na">changed=</span><span class="s">&quot;1&quot;</span> <span class="na">churn=</span><span class="s">&quot;384&quot;</span> <span class="nt">/&gt;</span></div><div class='line' id='LC229'>&nbsp;&nbsp;&nbsp;&nbsp;&nbsp;&nbsp;&nbsp;&nbsp;&nbsp;&nbsp;&nbsp;&nbsp;&nbsp;&nbsp;<span class="nt">&lt;version</span> <span class="na">num=</span><span class="s">&quot;155&quot;</span> <span class="na">curr_loc=</span><span class="s">&quot;111&quot;</span> <span class="na">changed=</span><span class="s">&quot;1&quot;</span> <span class="na">churn=</span><span class="s">&quot;393&quot;</span> <span class="nt">/&gt;</span></div><div class='line' id='LC230'>&nbsp;&nbsp;&nbsp;&nbsp;&nbsp;&nbsp;&nbsp;&nbsp;&nbsp;&nbsp;&nbsp;&nbsp;&nbsp;&nbsp;<span class="nt">&lt;version</span> <span class="na">num=</span><span class="s">&quot;206&quot;</span> <span class="na">curr_loc=</span><span class="s">&quot;108&quot;</span> <span class="na">changed=</span><span class="s">&quot;1&quot;</span> <span class="na">churn=</span><span class="s">&quot;396&quot;</span> <span class="nt">/&gt;</span></div><div class='line' id='LC231'>&nbsp;&nbsp;&nbsp;&nbsp;&nbsp;&nbsp;&nbsp;&nbsp;&nbsp;&nbsp;&nbsp;&nbsp;&nbsp;&nbsp;<span class="nt">&lt;version</span> <span class="na">num=</span><span class="s">&quot;207&quot;</span> <span class="na">curr_loc=</span><span class="s">&quot;109&quot;</span> <span class="na">changed=</span><span class="s">&quot;1&quot;</span> <span class="na">churn=</span><span class="s">&quot;397&quot;</span> <span class="nt">/&gt;</span></div><div class='line' id='LC232'>&nbsp;&nbsp;&nbsp;&nbsp;&nbsp;&nbsp;&nbsp;&nbsp;&nbsp;&nbsp;&nbsp;&nbsp;&nbsp;&nbsp;<span class="nt">&lt;version</span> <span class="na">num=</span><span class="s">&quot;208&quot;</span> <span class="na">curr_loc=</span><span class="s">&quot;115&quot;</span> <span class="na">changed=</span><span class="s">&quot;1&quot;</span> <span class="na">churn=</span><span class="s">&quot;403&quot;</span> <span class="nt">/&gt;</span></div><div class='line' id='LC233'>&nbsp;&nbsp;&nbsp;&nbsp;&nbsp;&nbsp;&nbsp;&nbsp;&nbsp;&nbsp;&nbsp;&nbsp;&nbsp;&nbsp;<span class="nt">&lt;version</span> <span class="na">num=</span><span class="s">&quot;210&quot;</span> <span class="na">curr_loc=</span><span class="s">&quot;122&quot;</span> <span class="na">changed=</span><span class="s">&quot;1&quot;</span> <span class="na">churn=</span><span class="s">&quot;410&quot;</span> <span class="nt">/&gt;</span></div><div class='line' id='LC234'>&nbsp;&nbsp;&nbsp;&nbsp;&nbsp;&nbsp;&nbsp;&nbsp;&nbsp;&nbsp;&nbsp;&nbsp;&nbsp;&nbsp;<span class="nt">&lt;version</span> <span class="na">num=</span><span class="s">&quot;213&quot;</span> <span class="na">curr_loc=</span><span class="s">&quot;108&quot;</span> <span class="na">changed=</span><span class="s">&quot;1&quot;</span> <span class="na">churn=</span><span class="s">&quot;424&quot;</span> <span class="nt">/&gt;</span></div><div class='line' id='LC235'>&nbsp;&nbsp;&nbsp;&nbsp;&nbsp;&nbsp;&nbsp;&nbsp;&nbsp;&nbsp;&nbsp;&nbsp;&nbsp;&nbsp;<span class="nt">&lt;version</span> <span class="na">num=</span><span class="s">&quot;214&quot;</span> <span class="na">curr_loc=</span><span class="s">&quot;109&quot;</span> <span class="na">changed=</span><span class="s">&quot;1&quot;</span> <span class="na">churn=</span><span class="s">&quot;425&quot;</span> <span class="nt">/&gt;</span></div><div class='line' id='LC236'>&nbsp;&nbsp;&nbsp;&nbsp;&nbsp;&nbsp;&nbsp;&nbsp;&nbsp;&nbsp;&nbsp;&nbsp;&nbsp;&nbsp;<span class="nt">&lt;version</span> <span class="na">num=</span><span class="s">&quot;215&quot;</span> <span class="na">curr_loc=</span><span class="s">&quot;115&quot;</span> <span class="na">changed=</span><span class="s">&quot;1&quot;</span> <span class="na">churn=</span><span class="s">&quot;431&quot;</span> <span class="nt">/&gt;</span></div><div class='line' id='LC237'>&nbsp;&nbsp;&nbsp;&nbsp;&nbsp;&nbsp;&nbsp;&nbsp;&nbsp;&nbsp;&nbsp;&nbsp;&nbsp;&nbsp;<span class="nt">&lt;version</span> <span class="na">num=</span><span class="s">&quot;216&quot;</span> <span class="na">curr_loc=</span><span class="s">&quot;122&quot;</span> <span class="na">changed=</span><span class="s">&quot;1&quot;</span> <span class="na">churn=</span><span class="s">&quot;438&quot;</span> <span class="nt">/&gt;</span></div><div class='line' id='LC238'>&nbsp;&nbsp;&nbsp;&nbsp;&nbsp;&nbsp;&nbsp;&nbsp;&nbsp;&nbsp;&nbsp;&nbsp;&nbsp;&nbsp;<span class="nt">&lt;version</span> <span class="na">num=</span><span class="s">&quot;273&quot;</span> <span class="na">curr_loc=</span><span class="s">&quot;125&quot;</span> <span class="na">changed=</span><span class="s">&quot;1&quot;</span> <span class="na">churn=</span><span class="s">&quot;441&quot;</span> <span class="nt">/&gt;</span></div><div class='line' id='LC239'>&nbsp;&nbsp;&nbsp;&nbsp;&nbsp;&nbsp;&nbsp;&nbsp;&nbsp;&nbsp;&nbsp;&nbsp;&nbsp;&nbsp;<span class="nt">&lt;version</span> <span class="na">num=</span><span class="s">&quot;274&quot;</span> <span class="na">curr_loc=</span><span class="s">&quot;125&quot;</span> <span class="na">changed=</span><span class="s">&quot;1&quot;</span> <span class="na">churn=</span><span class="s">&quot;441&quot;</span> <span class="nt">/&gt;</span></div><div class='line' id='LC240'>&nbsp;&nbsp;&nbsp;&nbsp;&nbsp;&nbsp;&nbsp;&nbsp;&nbsp;&nbsp;&nbsp;&nbsp;&nbsp;&nbsp;<span class="nt">&lt;version</span> <span class="na">num=</span><span class="s">&quot;276&quot;</span> <span class="na">curr_loc=</span><span class="s">&quot;121&quot;</span> <span class="na">changed=</span><span class="s">&quot;1&quot;</span> <span class="na">churn=</span><span class="s">&quot;445&quot;</span> <span class="nt">/&gt;</span></div><div class='line' id='LC241'>&nbsp;&nbsp;&nbsp;&nbsp;&nbsp;&nbsp;&nbsp;&nbsp;&nbsp;&nbsp;&nbsp;&nbsp;&nbsp;&nbsp;<span class="nt">&lt;version</span> <span class="na">num=</span><span class="s">&quot;277&quot;</span> <span class="na">curr_loc=</span><span class="s">&quot;121&quot;</span> <span class="na">changed=</span><span class="s">&quot;1&quot;</span> <span class="na">churn=</span><span class="s">&quot;445&quot;</span> <span class="nt">/&gt;</span></div><div class='line' id='LC242'>&nbsp;&nbsp;&nbsp;&nbsp;&nbsp;&nbsp;&nbsp;&nbsp;&nbsp;&nbsp;&nbsp;&nbsp;&nbsp;&nbsp;<span class="nt">&lt;version</span> <span class="na">num=</span><span class="s">&quot;278&quot;</span> <span class="na">curr_loc=</span><span class="s">&quot;125&quot;</span> <span class="na">changed=</span><span class="s">&quot;1&quot;</span> <span class="na">churn=</span><span class="s">&quot;449&quot;</span> <span class="nt">/&gt;</span></div><div class='line' id='LC243'>&nbsp;&nbsp;&nbsp;&nbsp;&nbsp;&nbsp;&nbsp;&nbsp;&nbsp;&nbsp;&nbsp;&nbsp;&nbsp;&nbsp;<span class="nt">&lt;version</span> <span class="na">num=</span><span class="s">&quot;279&quot;</span> <span class="na">curr_loc=</span><span class="s">&quot;125&quot;</span> <span class="na">changed=</span><span class="s">&quot;1&quot;</span> <span class="na">churn=</span><span class="s">&quot;449&quot;</span> <span class="nt">/&gt;</span></div><div class='line' id='LC244'>&nbsp;&nbsp;&nbsp;&nbsp;&nbsp;&nbsp;&nbsp;&nbsp;&nbsp;&nbsp;&nbsp;&nbsp;&nbsp;&nbsp;<span class="nt">&lt;version</span> <span class="na">num=</span><span class="s">&quot;280&quot;</span> <span class="na">curr_loc=</span><span class="s">&quot;141&quot;</span> <span class="na">changed=</span><span class="s">&quot;1&quot;</span> <span class="na">churn=</span><span class="s">&quot;465&quot;</span> <span class="nt">/&gt;</span></div><div class='line' id='LC245'>&nbsp;&nbsp;&nbsp;&nbsp;&nbsp;&nbsp;&nbsp;&nbsp;&nbsp;&nbsp;&nbsp;&nbsp;&nbsp;&nbsp;<span class="nt">&lt;version</span> <span class="na">num=</span><span class="s">&quot;281&quot;</span> <span class="na">curr_loc=</span><span class="s">&quot;249&quot;</span> <span class="na">changed=</span><span class="s">&quot;1&quot;</span> <span class="na">churn=</span><span class="s">&quot;573&quot;</span> <span class="nt">/&gt;</span></div><div class='line' id='LC246'>&nbsp;&nbsp;&nbsp;&nbsp;&nbsp;&nbsp;&nbsp;&nbsp;&nbsp;&nbsp;&nbsp;&nbsp;&nbsp;&nbsp;<span class="nt">&lt;version</span> <span class="na">num=</span><span class="s">&quot;282&quot;</span> <span class="na">curr_loc=</span><span class="s">&quot;141&quot;</span> <span class="na">changed=</span><span class="s">&quot;1&quot;</span> <span class="na">churn=</span><span class="s">&quot;681&quot;</span> <span class="nt">/&gt;</span></div><div class='line' id='LC247'>&nbsp;&nbsp;&nbsp;&nbsp;&nbsp;&nbsp;&nbsp;&nbsp;&nbsp;&nbsp;&nbsp;&nbsp;&nbsp;&nbsp;<span class="nt">&lt;version</span> <span class="na">num=</span><span class="s">&quot;283&quot;</span> <span class="na">curr_loc=</span><span class="s">&quot;249&quot;</span> <span class="na">changed=</span><span class="s">&quot;1&quot;</span> <span class="na">churn=</span><span class="s">&quot;789&quot;</span> <span class="nt">/&gt;</span></div><div class='line' id='LC248'>&nbsp;&nbsp;&nbsp;&nbsp;&nbsp;&nbsp;&nbsp;&nbsp;&nbsp;&nbsp;&nbsp;&nbsp;&nbsp;&nbsp;<span class="nt">&lt;version</span> <span class="na">num=</span><span class="s">&quot;286&quot;</span> <span class="na">curr_loc=</span><span class="s">&quot;236&quot;</span> <span class="na">changed=</span><span class="s">&quot;1&quot;</span> <span class="na">churn=</span><span class="s">&quot;802&quot;</span> <span class="nt">/&gt;</span></div><div class='line' id='LC249'>&nbsp;&nbsp;&nbsp;&nbsp;&nbsp;&nbsp;&nbsp;&nbsp;&nbsp;&nbsp;&nbsp;&nbsp;&nbsp;&nbsp;<span class="nt">&lt;version</span> <span class="na">num=</span><span class="s">&quot;290&quot;</span> <span class="na">curr_loc=</span><span class="s">&quot;220&quot;</span> <span class="na">changed=</span><span class="s">&quot;1&quot;</span> <span class="na">churn=</span><span class="s">&quot;818&quot;</span> <span class="nt">/&gt;</span></div><div class='line' id='LC250'>&nbsp;&nbsp;&nbsp;&nbsp;&nbsp;&nbsp;&nbsp;&nbsp;&nbsp;&nbsp;&nbsp;&nbsp;&nbsp;&nbsp;<span class="nt">&lt;version</span> <span class="na">num=</span><span class="s">&quot;294&quot;</span> <span class="na">curr_loc=</span><span class="s">&quot;243&quot;</span> <span class="na">changed=</span><span class="s">&quot;1&quot;</span> <span class="na">churn=</span><span class="s">&quot;841&quot;</span> <span class="nt">/&gt;</span></div><div class='line' id='LC251'>&nbsp;&nbsp;&nbsp;&nbsp;&nbsp;&nbsp;&nbsp;&nbsp;&nbsp;&nbsp;&nbsp;&nbsp;&nbsp;&nbsp;<span class="nt">&lt;version</span> <span class="na">num=</span><span class="s">&quot;295&quot;</span> <span class="na">curr_loc=</span><span class="s">&quot;237&quot;</span> <span class="na">changed=</span><span class="s">&quot;1&quot;</span> <span class="na">churn=</span><span class="s">&quot;847&quot;</span> <span class="nt">/&gt;</span></div><div class='line' id='LC252'>&nbsp;&nbsp;&nbsp;&nbsp;&nbsp;&nbsp;&nbsp;&nbsp;&nbsp;&nbsp;&nbsp;&nbsp;&nbsp;&nbsp;<span class="nt">&lt;version</span> <span class="na">num=</span><span class="s">&quot;296&quot;</span> <span class="na">curr_loc=</span><span class="s">&quot;189&quot;</span> <span class="na">changed=</span><span class="s">&quot;1&quot;</span> <span class="na">churn=</span><span class="s">&quot;895&quot;</span> <span class="nt">/&gt;</span></div><div class='line' id='LC253'>&nbsp;&nbsp;&nbsp;&nbsp;&nbsp;&nbsp;&nbsp;&nbsp;&nbsp;&nbsp;&nbsp;&nbsp;<span class="nt">&lt;/class&gt;</span></div><div class='line' id='LC254'>&nbsp;&nbsp;&nbsp;&nbsp;&nbsp;&nbsp;&nbsp;&nbsp;&nbsp;&nbsp;&nbsp;&nbsp;<span class="nt">&lt;class</span> <span class="na">name=</span><span class="s">&quot;MaxHistory&quot;</span> <span class="na">type=</span><span class="s">&quot;ConcreteClass&quot;</span> <span class="na">maxLoc=</span><span class="s">&quot;172&quot;</span><span class="nt">&gt;</span></div><div class='line' id='LC255'>&nbsp;&nbsp;&nbsp;&nbsp;&nbsp;&nbsp;&nbsp;&nbsp;&nbsp;&nbsp;&nbsp;&nbsp;&nbsp;&nbsp;<span class="nt">&lt;version</span> <span class="na">num=</span><span class="s">&quot;125&quot;</span> <span class="na">curr_loc=</span><span class="s">&quot;166&quot;</span> <span class="na">changed=</span><span class="s">&quot;1&quot;</span> <span class="na">churn=</span><span class="s">&quot;166&quot;</span> <span class="nt">/&gt;</span></div><div class='line' id='LC256'>&nbsp;&nbsp;&nbsp;&nbsp;&nbsp;&nbsp;&nbsp;&nbsp;&nbsp;&nbsp;&nbsp;&nbsp;&nbsp;&nbsp;<span class="nt">&lt;version</span> <span class="na">num=</span><span class="s">&quot;128&quot;</span> <span class="na">curr_loc=</span><span class="s">&quot;169&quot;</span> <span class="na">changed=</span><span class="s">&quot;1&quot;</span> <span class="na">churn=</span><span class="s">&quot;169&quot;</span> <span class="nt">/&gt;</span></div><div class='line' id='LC257'>&nbsp;&nbsp;&nbsp;&nbsp;&nbsp;&nbsp;&nbsp;&nbsp;&nbsp;&nbsp;&nbsp;&nbsp;&nbsp;&nbsp;<span class="nt">&lt;version</span> <span class="na">num=</span><span class="s">&quot;129&quot;</span> <span class="na">curr_loc=</span><span class="s">&quot;166&quot;</span> <span class="na">changed=</span><span class="s">&quot;1&quot;</span> <span class="na">churn=</span><span class="s">&quot;172&quot;</span> <span class="nt">/&gt;</span></div><div class='line' id='LC258'>&nbsp;&nbsp;&nbsp;&nbsp;&nbsp;&nbsp;&nbsp;&nbsp;&nbsp;&nbsp;&nbsp;&nbsp;&nbsp;&nbsp;<span class="nt">&lt;version</span> <span class="na">num=</span><span class="s">&quot;131&quot;</span> <span class="na">curr_loc=</span><span class="s">&quot;167&quot;</span> <span class="na">changed=</span><span class="s">&quot;1&quot;</span> <span class="na">churn=</span><span class="s">&quot;173&quot;</span> <span class="nt">/&gt;</span></div><div class='line' id='LC259'>&nbsp;&nbsp;&nbsp;&nbsp;&nbsp;&nbsp;&nbsp;&nbsp;&nbsp;&nbsp;&nbsp;&nbsp;&nbsp;&nbsp;<span class="nt">&lt;version</span> <span class="na">num=</span><span class="s">&quot;136&quot;</span> <span class="na">curr_loc=</span><span class="s">&quot;151&quot;</span> <span class="na">changed=</span><span class="s">&quot;1&quot;</span> <span class="na">churn=</span><span class="s">&quot;189&quot;</span> <span class="nt">/&gt;</span></div><div class='line' id='LC260'>&nbsp;&nbsp;&nbsp;&nbsp;&nbsp;&nbsp;&nbsp;&nbsp;&nbsp;&nbsp;&nbsp;&nbsp;&nbsp;&nbsp;<span class="nt">&lt;version</span> <span class="na">num=</span><span class="s">&quot;137&quot;</span> <span class="na">curr_loc=</span><span class="s">&quot;152&quot;</span> <span class="na">changed=</span><span class="s">&quot;1&quot;</span> <span class="na">churn=</span><span class="s">&quot;190&quot;</span> <span class="nt">/&gt;</span></div><div class='line' id='LC261'>&nbsp;&nbsp;&nbsp;&nbsp;&nbsp;&nbsp;&nbsp;&nbsp;&nbsp;&nbsp;&nbsp;&nbsp;&nbsp;&nbsp;<span class="nt">&lt;version</span> <span class="na">num=</span><span class="s">&quot;140&quot;</span> <span class="na">curr_loc=</span><span class="s">&quot;172&quot;</span> <span class="na">changed=</span><span class="s">&quot;1&quot;</span> <span class="na">churn=</span><span class="s">&quot;210&quot;</span> <span class="nt">/&gt;</span></div><div class='line' id='LC262'>&nbsp;&nbsp;&nbsp;&nbsp;&nbsp;&nbsp;&nbsp;&nbsp;&nbsp;&nbsp;&nbsp;&nbsp;&nbsp;&nbsp;<span class="nt">&lt;version</span> <span class="na">num=</span><span class="s">&quot;143&quot;</span> <span class="na">curr_loc=</span><span class="s">&quot;169&quot;</span> <span class="na">changed=</span><span class="s">&quot;1&quot;</span> <span class="na">churn=</span><span class="s">&quot;213&quot;</span> <span class="nt">/&gt;</span></div><div class='line' id='LC263'>&nbsp;&nbsp;&nbsp;&nbsp;&nbsp;&nbsp;&nbsp;&nbsp;&nbsp;&nbsp;&nbsp;&nbsp;&nbsp;&nbsp;<span class="nt">&lt;version</span> <span class="na">num=</span><span class="s">&quot;144&quot;</span> <span class="na">curr_loc=</span><span class="s">&quot;166&quot;</span> <span class="na">changed=</span><span class="s">&quot;1&quot;</span> <span class="na">churn=</span><span class="s">&quot;216&quot;</span> <span class="nt">/&gt;</span></div><div class='line' id='LC264'>&nbsp;&nbsp;&nbsp;&nbsp;&nbsp;&nbsp;&nbsp;&nbsp;&nbsp;&nbsp;&nbsp;&nbsp;&nbsp;&nbsp;<span class="nt">&lt;version</span> <span class="na">num=</span><span class="s">&quot;146&quot;</span> <span class="na">curr_loc=</span><span class="s">&quot;167&quot;</span> <span class="na">changed=</span><span class="s">&quot;1&quot;</span> <span class="na">churn=</span><span class="s">&quot;217&quot;</span> <span class="nt">/&gt;</span></div><div class='line' id='LC265'>&nbsp;&nbsp;&nbsp;&nbsp;&nbsp;&nbsp;&nbsp;&nbsp;&nbsp;&nbsp;&nbsp;&nbsp;&nbsp;&nbsp;<span class="nt">&lt;version</span> <span class="na">num=</span><span class="s">&quot;151&quot;</span> <span class="na">curr_loc=</span><span class="s">&quot;151&quot;</span> <span class="na">changed=</span><span class="s">&quot;1&quot;</span> <span class="na">churn=</span><span class="s">&quot;233&quot;</span> <span class="nt">/&gt;</span></div><div class='line' id='LC266'>&nbsp;&nbsp;&nbsp;&nbsp;&nbsp;&nbsp;&nbsp;&nbsp;&nbsp;&nbsp;&nbsp;&nbsp;&nbsp;&nbsp;<span class="nt">&lt;version</span> <span class="na">num=</span><span class="s">&quot;152&quot;</span> <span class="na">curr_loc=</span><span class="s">&quot;152&quot;</span> <span class="na">changed=</span><span class="s">&quot;1&quot;</span> <span class="na">churn=</span><span class="s">&quot;234&quot;</span> <span class="nt">/&gt;</span></div><div class='line' id='LC267'>&nbsp;&nbsp;&nbsp;&nbsp;&nbsp;&nbsp;&nbsp;&nbsp;&nbsp;&nbsp;&nbsp;&nbsp;&nbsp;&nbsp;<span class="nt">&lt;version</span> <span class="na">num=</span><span class="s">&quot;155&quot;</span> <span class="na">curr_loc=</span><span class="s">&quot;172&quot;</span> <span class="na">changed=</span><span class="s">&quot;1&quot;</span> <span class="na">churn=</span><span class="s">&quot;254&quot;</span> <span class="nt">/&gt;</span></div><div class='line' id='LC268'>&nbsp;&nbsp;&nbsp;&nbsp;&nbsp;&nbsp;&nbsp;&nbsp;&nbsp;&nbsp;&nbsp;&nbsp;&nbsp;&nbsp;<span class="nt">&lt;version</span> <span class="na">num=</span><span class="s">&quot;207&quot;</span> <span class="na">curr_loc=</span><span class="s">&quot;164&quot;</span> <span class="na">changed=</span><span class="s">&quot;1&quot;</span> <span class="na">churn=</span><span class="s">&quot;262&quot;</span> <span class="nt">/&gt;</span></div><div class='line' id='LC269'>&nbsp;&nbsp;&nbsp;&nbsp;&nbsp;&nbsp;&nbsp;&nbsp;&nbsp;&nbsp;&nbsp;&nbsp;&nbsp;&nbsp;<span class="nt">&lt;version</span> <span class="na">num=</span><span class="s">&quot;208&quot;</span> <span class="na">curr_loc=</span><span class="s">&quot;165&quot;</span> <span class="na">changed=</span><span class="s">&quot;1&quot;</span> <span class="na">churn=</span><span class="s">&quot;263&quot;</span> <span class="nt">/&gt;</span></div><div class='line' id='LC270'>&nbsp;&nbsp;&nbsp;&nbsp;&nbsp;&nbsp;&nbsp;&nbsp;&nbsp;&nbsp;&nbsp;&nbsp;&nbsp;&nbsp;<span class="nt">&lt;version</span> <span class="na">num=</span><span class="s">&quot;214&quot;</span> <span class="na">curr_loc=</span><span class="s">&quot;164&quot;</span> <span class="na">changed=</span><span class="s">&quot;1&quot;</span> <span class="na">churn=</span><span class="s">&quot;264&quot;</span> <span class="nt">/&gt;</span></div><div class='line' id='LC271'>&nbsp;&nbsp;&nbsp;&nbsp;&nbsp;&nbsp;&nbsp;&nbsp;&nbsp;&nbsp;&nbsp;&nbsp;&nbsp;&nbsp;<span class="nt">&lt;version</span> <span class="na">num=</span><span class="s">&quot;215&quot;</span> <span class="na">curr_loc=</span><span class="s">&quot;165&quot;</span> <span class="na">changed=</span><span class="s">&quot;1&quot;</span> <span class="na">churn=</span><span class="s">&quot;265&quot;</span> <span class="nt">/&gt;</span></div><div class='line' id='LC272'>&nbsp;&nbsp;&nbsp;&nbsp;&nbsp;&nbsp;&nbsp;&nbsp;&nbsp;&nbsp;&nbsp;&nbsp;&nbsp;&nbsp;<span class="nt">&lt;version</span> <span class="na">num=</span><span class="s">&quot;242&quot;</span> <span class="na">curr_loc=</span><span class="s">&quot;166&quot;</span> <span class="na">changed=</span><span class="s">&quot;1&quot;</span> <span class="na">churn=</span><span class="s">&quot;266&quot;</span> <span class="nt">/&gt;</span></div><div class='line' id='LC273'>&nbsp;&nbsp;&nbsp;&nbsp;&nbsp;&nbsp;&nbsp;&nbsp;&nbsp;&nbsp;&nbsp;&nbsp;&nbsp;&nbsp;<span class="nt">&lt;version</span> <span class="na">num=</span><span class="s">&quot;251&quot;</span> <span class="na">curr_loc=</span><span class="s">&quot;166&quot;</span> <span class="na">changed=</span><span class="s">&quot;1&quot;</span> <span class="na">churn=</span><span class="s">&quot;266&quot;</span> <span class="nt">/&gt;</span></div><div class='line' id='LC274'>&nbsp;&nbsp;&nbsp;&nbsp;&nbsp;&nbsp;&nbsp;&nbsp;&nbsp;&nbsp;&nbsp;&nbsp;&nbsp;&nbsp;<span class="nt">&lt;version</span> <span class="na">num=</span><span class="s">&quot;252&quot;</span> <span class="na">curr_loc=</span><span class="s">&quot;152&quot;</span> <span class="na">changed=</span><span class="s">&quot;1&quot;</span> <span class="na">churn=</span><span class="s">&quot;280&quot;</span> <span class="nt">/&gt;</span></div><div class='line' id='LC275'>&nbsp;&nbsp;&nbsp;&nbsp;&nbsp;&nbsp;&nbsp;&nbsp;&nbsp;&nbsp;&nbsp;&nbsp;&nbsp;&nbsp;<span class="nt">&lt;version</span> <span class="na">num=</span><span class="s">&quot;278&quot;</span> <span class="na">curr_loc=</span><span class="s">&quot;163&quot;</span> <span class="na">changed=</span><span class="s">&quot;1&quot;</span> <span class="na">churn=</span><span class="s">&quot;291&quot;</span> <span class="nt">/&gt;</span></div><div class='line' id='LC276'>&nbsp;&nbsp;&nbsp;&nbsp;&nbsp;&nbsp;&nbsp;&nbsp;&nbsp;&nbsp;&nbsp;&nbsp;&nbsp;&nbsp;<span class="nt">&lt;version</span> <span class="na">num=</span><span class="s">&quot;279&quot;</span> <span class="na">curr_loc=</span><span class="s">&quot;163&quot;</span> <span class="na">changed=</span><span class="s">&quot;1&quot;</span> <span class="na">churn=</span><span class="s">&quot;291&quot;</span> <span class="nt">/&gt;</span></div><div class='line' id='LC277'>&nbsp;&nbsp;&nbsp;&nbsp;&nbsp;&nbsp;&nbsp;&nbsp;&nbsp;&nbsp;&nbsp;&nbsp;&nbsp;&nbsp;<span class="nt">&lt;version</span> <span class="na">num=</span><span class="s">&quot;280&quot;</span> <span class="na">curr_loc=</span><span class="s">&quot;160&quot;</span> <span class="na">changed=</span><span class="s">&quot;1&quot;</span> <span class="na">churn=</span><span class="s">&quot;294&quot;</span> <span class="nt">/&gt;</span></div><div class='line' id='LC278'>&nbsp;&nbsp;&nbsp;&nbsp;&nbsp;&nbsp;&nbsp;&nbsp;&nbsp;&nbsp;&nbsp;&nbsp;&nbsp;&nbsp;<span class="nt">&lt;version</span> <span class="na">num=</span><span class="s">&quot;282&quot;</span> <span class="na">curr_loc=</span><span class="s">&quot;160&quot;</span> <span class="na">changed=</span><span class="s">&quot;1&quot;</span> <span class="na">churn=</span><span class="s">&quot;294&quot;</span> <span class="nt">/&gt;</span></div><div class='line' id='LC279'>&nbsp;&nbsp;&nbsp;&nbsp;&nbsp;&nbsp;&nbsp;&nbsp;&nbsp;&nbsp;&nbsp;&nbsp;<span class="nt">&lt;/class&gt;</span></div><div class='line' id='LC280'>&nbsp;&nbsp;&nbsp;&nbsp;&nbsp;&nbsp;&nbsp;&nbsp;&nbsp;&nbsp;&nbsp;&nbsp;<span class="nt">&lt;class</span> <span class="na">name=</span><span class="s">&quot;CouldNotReadCoreException&quot;</span> <span class="na">type=</span><span class="s">&quot;ConcreteClass&quot;</span> <span class="na">maxLoc=</span><span class="s">&quot;15&quot;</span><span class="nt">&gt;</span></div><div class='line' id='LC281'>&nbsp;&nbsp;&nbsp;&nbsp;&nbsp;&nbsp;&nbsp;&nbsp;&nbsp;&nbsp;&nbsp;&nbsp;&nbsp;&nbsp;<span class="nt">&lt;version</span> <span class="na">num=</span><span class="s">&quot;131&quot;</span> <span class="na">curr_loc=</span><span class="s">&quot;15&quot;</span> <span class="na">changed=</span><span class="s">&quot;1&quot;</span> <span class="na">churn=</span><span class="s">&quot;15&quot;</span> <span class="nt">/&gt;</span></div><div class='line' id='LC282'>&nbsp;&nbsp;&nbsp;&nbsp;&nbsp;&nbsp;&nbsp;&nbsp;&nbsp;&nbsp;&nbsp;&nbsp;&nbsp;&nbsp;<span class="nt">&lt;version</span> <span class="na">num=</span><span class="s">&quot;146&quot;</span> <span class="na">curr_loc=</span><span class="s">&quot;15&quot;</span> <span class="na">changed=</span><span class="s">&quot;1&quot;</span> <span class="na">churn=</span><span class="s">&quot;15&quot;</span> <span class="nt">/&gt;</span></div><div class='line' id='LC283'>&nbsp;&nbsp;&nbsp;&nbsp;&nbsp;&nbsp;&nbsp;&nbsp;&nbsp;&nbsp;&nbsp;&nbsp;&nbsp;&nbsp;<span class="nt">&lt;version</span> <span class="na">num=</span><span class="s">&quot;296&quot;</span> <span class="na">curr_loc=</span><span class="s">&quot;9&quot;</span> <span class="na">changed=</span><span class="s">&quot;1&quot;</span> <span class="na">churn=</span><span class="s">&quot;21&quot;</span> <span class="nt">/&gt;</span></div><div class='line' id='LC284'>&nbsp;&nbsp;&nbsp;&nbsp;&nbsp;&nbsp;&nbsp;&nbsp;&nbsp;&nbsp;&nbsp;&nbsp;<span class="nt">&lt;/class&gt;</span></div><div class='line' id='LC285'>&nbsp;&nbsp;&nbsp;&nbsp;&nbsp;&nbsp;&nbsp;&nbsp;&nbsp;&nbsp;<span class="nt">&lt;/package&gt;</span></div><div class='line' id='LC286'>&nbsp;&nbsp;&nbsp;&nbsp;&nbsp;&nbsp;&nbsp;&nbsp;&nbsp;&nbsp;<span class="nt">&lt;package</span> <span class="na">name=</span><span class="s">&quot;interceptor&quot;</span><span class="nt">&gt;</span></div><div class='line' id='LC287'>&nbsp;&nbsp;&nbsp;&nbsp;&nbsp;&nbsp;&nbsp;&nbsp;&nbsp;&nbsp;&nbsp;&nbsp;<span class="nt">&lt;class</span> <span class="na">name=</span><span class="s">&quot;ErrorCollector&quot;</span> <span class="na">type=</span><span class="s">&quot;ConcreteClass&quot;</span> <span class="na">maxLoc=</span><span class="s">&quot;76&quot;</span><span class="nt">&gt;</span></div><div class='line' id='LC288'>&nbsp;&nbsp;&nbsp;&nbsp;&nbsp;&nbsp;&nbsp;&nbsp;&nbsp;&nbsp;&nbsp;&nbsp;&nbsp;&nbsp;<span class="nt">&lt;version</span> <span class="na">num=</span><span class="s">&quot;122&quot;</span> <span class="na">curr_loc=</span><span class="s">&quot;24&quot;</span> <span class="na">changed=</span><span class="s">&quot;1&quot;</span> <span class="na">churn=</span><span class="s">&quot;24&quot;</span> <span class="nt">/&gt;</span></div><div class='line' id='LC289'>&nbsp;&nbsp;&nbsp;&nbsp;&nbsp;&nbsp;&nbsp;&nbsp;&nbsp;&nbsp;&nbsp;&nbsp;&nbsp;&nbsp;<span class="nt">&lt;version</span> <span class="na">num=</span><span class="s">&quot;124&quot;</span> <span class="na">curr_loc=</span><span class="s">&quot;76&quot;</span> <span class="na">changed=</span><span class="s">&quot;1&quot;</span> <span class="na">churn=</span><span class="s">&quot;76&quot;</span> <span class="nt">/&gt;</span></div><div class='line' id='LC290'>&nbsp;&nbsp;&nbsp;&nbsp;&nbsp;&nbsp;&nbsp;&nbsp;&nbsp;&nbsp;&nbsp;&nbsp;&nbsp;&nbsp;<span class="nt">&lt;version</span> <span class="na">num=</span><span class="s">&quot;128&quot;</span> <span class="na">curr_loc=</span><span class="s">&quot;76&quot;</span> <span class="na">changed=</span><span class="s">&quot;1&quot;</span> <span class="na">churn=</span><span class="s">&quot;76&quot;</span> <span class="nt">/&gt;</span></div><div class='line' id='LC291'>&nbsp;&nbsp;&nbsp;&nbsp;&nbsp;&nbsp;&nbsp;&nbsp;&nbsp;&nbsp;&nbsp;&nbsp;&nbsp;&nbsp;<span class="nt">&lt;version</span> <span class="na">num=</span><span class="s">&quot;132&quot;</span> <span class="na">curr_loc=</span><span class="s">&quot;76&quot;</span> <span class="na">changed=</span><span class="s">&quot;1&quot;</span> <span class="na">churn=</span><span class="s">&quot;76&quot;</span> <span class="nt">/&gt;</span></div><div class='line' id='LC292'>&nbsp;&nbsp;&nbsp;&nbsp;&nbsp;&nbsp;&nbsp;&nbsp;&nbsp;&nbsp;&nbsp;&nbsp;&nbsp;&nbsp;<span class="nt">&lt;version</span> <span class="na">num=</span><span class="s">&quot;140&quot;</span> <span class="na">curr_loc=</span><span class="s">&quot;44&quot;</span> <span class="na">changed=</span><span class="s">&quot;1&quot;</span> <span class="na">churn=</span><span class="s">&quot;108&quot;</span> <span class="nt">/&gt;</span></div><div class='line' id='LC293'>&nbsp;&nbsp;&nbsp;&nbsp;&nbsp;&nbsp;&nbsp;&nbsp;&nbsp;&nbsp;&nbsp;&nbsp;&nbsp;&nbsp;<span class="nt">&lt;version</span> <span class="na">num=</span><span class="s">&quot;141&quot;</span> <span class="na">curr_loc=</span><span class="s">&quot;45&quot;</span> <span class="na">changed=</span><span class="s">&quot;1&quot;</span> <span class="na">churn=</span><span class="s">&quot;109&quot;</span> <span class="nt">/&gt;</span></div><div class='line' id='LC294'>&nbsp;&nbsp;&nbsp;&nbsp;&nbsp;&nbsp;&nbsp;&nbsp;&nbsp;&nbsp;&nbsp;&nbsp;&nbsp;&nbsp;<span class="nt">&lt;version</span> <span class="na">num=</span><span class="s">&quot;143&quot;</span> <span class="na">curr_loc=</span><span class="s">&quot;76&quot;</span> <span class="na">changed=</span><span class="s">&quot;1&quot;</span> <span class="na">churn=</span><span class="s">&quot;140&quot;</span> <span class="nt">/&gt;</span></div><div class='line' id='LC295'>&nbsp;&nbsp;&nbsp;&nbsp;&nbsp;&nbsp;&nbsp;&nbsp;&nbsp;&nbsp;&nbsp;&nbsp;&nbsp;&nbsp;<span class="nt">&lt;version</span> <span class="na">num=</span><span class="s">&quot;147&quot;</span> <span class="na">curr_loc=</span><span class="s">&quot;76&quot;</span> <span class="na">changed=</span><span class="s">&quot;1&quot;</span> <span class="na">churn=</span><span class="s">&quot;140&quot;</span> <span class="nt">/&gt;</span></div><div class='line' id='LC296'>&nbsp;&nbsp;&nbsp;&nbsp;&nbsp;&nbsp;&nbsp;&nbsp;&nbsp;&nbsp;&nbsp;&nbsp;&nbsp;&nbsp;<span class="nt">&lt;version</span> <span class="na">num=</span><span class="s">&quot;155&quot;</span> <span class="na">curr_loc=</span><span class="s">&quot;44&quot;</span> <span class="na">changed=</span><span class="s">&quot;1&quot;</span> <span class="na">churn=</span><span class="s">&quot;172&quot;</span> <span class="nt">/&gt;</span></div><div class='line' id='LC297'>&nbsp;&nbsp;&nbsp;&nbsp;&nbsp;&nbsp;&nbsp;&nbsp;&nbsp;&nbsp;&nbsp;&nbsp;&nbsp;&nbsp;<span class="nt">&lt;version</span> <span class="na">num=</span><span class="s">&quot;156&quot;</span> <span class="na">curr_loc=</span><span class="s">&quot;45&quot;</span> <span class="na">changed=</span><span class="s">&quot;1&quot;</span> <span class="na">churn=</span><span class="s">&quot;173&quot;</span> <span class="nt">/&gt;</span></div><div class='line' id='LC298'>&nbsp;&nbsp;&nbsp;&nbsp;&nbsp;&nbsp;&nbsp;&nbsp;&nbsp;&nbsp;&nbsp;&nbsp;&nbsp;&nbsp;<span class="nt">&lt;version</span> <span class="na">num=</span><span class="s">&quot;157&quot;</span> <span class="na">curr_loc=</span><span class="s">&quot;24&quot;</span> <span class="na">changed=</span><span class="s">&quot;1&quot;</span> <span class="na">churn=</span><span class="s">&quot;194&quot;</span> <span class="nt">/&gt;</span></div><div class='line' id='LC299'>&nbsp;&nbsp;&nbsp;&nbsp;&nbsp;&nbsp;&nbsp;&nbsp;&nbsp;&nbsp;&nbsp;&nbsp;&nbsp;&nbsp;<span class="nt">&lt;version</span> <span class="na">num=</span><span class="s">&quot;158&quot;</span> <span class="na">curr_loc=</span><span class="s">&quot;24&quot;</span> <span class="na">changed=</span><span class="s">&quot;1&quot;</span> <span class="na">churn=</span><span class="s">&quot;194&quot;</span> <span class="nt">/&gt;</span></div><div class='line' id='LC300'>&nbsp;&nbsp;&nbsp;&nbsp;&nbsp;&nbsp;&nbsp;&nbsp;&nbsp;&nbsp;&nbsp;&nbsp;<span class="nt">&lt;/class&gt;</span></div><div class='line' id='LC301'>&nbsp;&nbsp;&nbsp;&nbsp;&nbsp;&nbsp;&nbsp;&nbsp;&nbsp;&nbsp;&nbsp;&nbsp;<span class="nt">&lt;class</span> <span class="na">name=</span><span class="s">&quot;MethodRule&quot;</span> <span class="na">type=</span><span class="s">&quot;Interface&quot;</span> <span class="na">maxLoc=</span><span class="s">&quot;39&quot;</span><span class="nt">&gt;</span></div><div class='line' id='LC302'>&nbsp;&nbsp;&nbsp;&nbsp;&nbsp;&nbsp;&nbsp;&nbsp;&nbsp;&nbsp;&nbsp;&nbsp;&nbsp;&nbsp;<span class="nt">&lt;version</span> <span class="na">num=</span><span class="s">&quot;122&quot;</span> <span class="na">curr_loc=</span><span class="s">&quot;10&quot;</span> <span class="na">changed=</span><span class="s">&quot;1&quot;</span> <span class="na">churn=</span><span class="s">&quot;10&quot;</span> <span class="nt">/&gt;</span></div><div class='line' id='LC303'>&nbsp;&nbsp;&nbsp;&nbsp;&nbsp;&nbsp;&nbsp;&nbsp;&nbsp;&nbsp;&nbsp;&nbsp;&nbsp;&nbsp;<span class="nt">&lt;version</span> <span class="na">num=</span><span class="s">&quot;124&quot;</span> <span class="na">curr_loc=</span><span class="s">&quot;10&quot;</span> <span class="na">changed=</span><span class="s">&quot;1&quot;</span> <span class="na">churn=</span><span class="s">&quot;10&quot;</span> <span class="nt">/&gt;</span></div><div class='line' id='LC304'>&nbsp;&nbsp;&nbsp;&nbsp;&nbsp;&nbsp;&nbsp;&nbsp;&nbsp;&nbsp;&nbsp;&nbsp;&nbsp;&nbsp;<span class="nt">&lt;version</span> <span class="na">num=</span><span class="s">&quot;125&quot;</span> <span class="na">curr_loc=</span><span class="s">&quot;39&quot;</span> <span class="na">changed=</span><span class="s">&quot;1&quot;</span> <span class="na">churn=</span><span class="s">&quot;39&quot;</span> <span class="nt">/&gt;</span></div><div class='line' id='LC305'>&nbsp;&nbsp;&nbsp;&nbsp;&nbsp;&nbsp;&nbsp;&nbsp;&nbsp;&nbsp;&nbsp;&nbsp;&nbsp;&nbsp;<span class="nt">&lt;version</span> <span class="na">num=</span><span class="s">&quot;127&quot;</span> <span class="na">curr_loc=</span><span class="s">&quot;10&quot;</span> <span class="na">changed=</span><span class="s">&quot;1&quot;</span> <span class="na">churn=</span><span class="s">&quot;68&quot;</span> <span class="nt">/&gt;</span></div><div class='line' id='LC306'>&nbsp;&nbsp;&nbsp;&nbsp;&nbsp;&nbsp;&nbsp;&nbsp;&nbsp;&nbsp;&nbsp;&nbsp;&nbsp;&nbsp;<span class="nt">&lt;version</span> <span class="na">num=</span><span class="s">&quot;142&quot;</span> <span class="na">curr_loc=</span><span class="s">&quot;10&quot;</span> <span class="na">changed=</span><span class="s">&quot;1&quot;</span> <span class="na">churn=</span><span class="s">&quot;68&quot;</span> <span class="nt">/&gt;</span></div><div class='line' id='LC307'>&nbsp;&nbsp;&nbsp;&nbsp;&nbsp;&nbsp;&nbsp;&nbsp;&nbsp;&nbsp;&nbsp;&nbsp;<span class="nt">&lt;/class&gt;</span></div><div class='line' id='LC308'>&nbsp;&nbsp;&nbsp;&nbsp;&nbsp;&nbsp;&nbsp;&nbsp;&nbsp;&nbsp;&nbsp;&nbsp;<span class="nt">&lt;class</span> <span class="na">name=</span><span class="s">&quot;Rule&quot;</span> <span class="na">type=</span><span class="s">&quot;Interface&quot;</span> <span class="na">maxLoc=</span><span class="s">&quot;14&quot;</span><span class="nt">&gt;</span></div><div class='line' id='LC309'>&nbsp;&nbsp;&nbsp;&nbsp;&nbsp;&nbsp;&nbsp;&nbsp;&nbsp;&nbsp;&nbsp;&nbsp;&nbsp;&nbsp;<span class="nt">&lt;version</span> <span class="na">num=</span><span class="s">&quot;122&quot;</span> <span class="na">curr_loc=</span><span class="s">&quot;14&quot;</span> <span class="na">changed=</span><span class="s">&quot;1&quot;</span> <span class="na">churn=</span><span class="s">&quot;14&quot;</span> <span class="nt">/&gt;</span></div><div class='line' id='LC310'>&nbsp;&nbsp;&nbsp;&nbsp;&nbsp;&nbsp;&nbsp;&nbsp;&nbsp;&nbsp;&nbsp;&nbsp;&nbsp;&nbsp;<span class="nt">&lt;version</span> <span class="na">num=</span><span class="s">&quot;124&quot;</span> <span class="na">curr_loc=</span><span class="s">&quot;14&quot;</span> <span class="na">changed=</span><span class="s">&quot;1&quot;</span> <span class="na">churn=</span><span class="s">&quot;14&quot;</span> <span class="nt">/&gt;</span></div><div class='line' id='LC311'>&nbsp;&nbsp;&nbsp;&nbsp;&nbsp;&nbsp;&nbsp;&nbsp;&nbsp;&nbsp;&nbsp;&nbsp;&nbsp;&nbsp;<span class="nt">&lt;version</span> <span class="na">num=</span><span class="s">&quot;127&quot;</span> <span class="na">curr_loc=</span><span class="s">&quot;14&quot;</span> <span class="na">changed=</span><span class="s">&quot;1&quot;</span> <span class="na">churn=</span><span class="s">&quot;14&quot;</span> <span class="nt">/&gt;</span></div><div class='line' id='LC312'>&nbsp;&nbsp;&nbsp;&nbsp;&nbsp;&nbsp;&nbsp;&nbsp;&nbsp;&nbsp;&nbsp;&nbsp;&nbsp;&nbsp;<span class="nt">&lt;version</span> <span class="na">num=</span><span class="s">&quot;142&quot;</span> <span class="na">curr_loc=</span><span class="s">&quot;14&quot;</span> <span class="na">changed=</span><span class="s">&quot;1&quot;</span> <span class="na">churn=</span><span class="s">&quot;14&quot;</span> <span class="nt">/&gt;</span></div><div class='line' id='LC313'>&nbsp;&nbsp;&nbsp;&nbsp;&nbsp;&nbsp;&nbsp;&nbsp;&nbsp;&nbsp;&nbsp;&nbsp;<span class="nt">&lt;/class&gt;</span></div><div class='line' id='LC314'>&nbsp;&nbsp;&nbsp;&nbsp;&nbsp;&nbsp;&nbsp;&nbsp;&nbsp;&nbsp;&nbsp;&nbsp;<span class="nt">&lt;class</span> <span class="na">name=</span><span class="s">&quot;Verifier&quot;</span> <span class="na">type=</span><span class="s">&quot;ConcreteClass&quot;</span> <span class="na">maxLoc=</span><span class="s">&quot;46&quot;</span><span class="nt">&gt;</span></div><div class='line' id='LC315'>&nbsp;&nbsp;&nbsp;&nbsp;&nbsp;&nbsp;&nbsp;&nbsp;&nbsp;&nbsp;&nbsp;&nbsp;&nbsp;&nbsp;<span class="nt">&lt;version</span> <span class="na">num=</span><span class="s">&quot;122&quot;</span> <span class="na">curr_loc=</span><span class="s">&quot;19&quot;</span> <span class="na">changed=</span><span class="s">&quot;1&quot;</span> <span class="na">churn=</span><span class="s">&quot;19&quot;</span> <span class="nt">/&gt;</span></div><div class='line' id='LC316'>&nbsp;&nbsp;&nbsp;&nbsp;&nbsp;&nbsp;&nbsp;&nbsp;&nbsp;&nbsp;&nbsp;&nbsp;&nbsp;&nbsp;<span class="nt">&lt;version</span> <span class="na">num=</span><span class="s">&quot;124&quot;</span> <span class="na">curr_loc=</span><span class="s">&quot;42&quot;</span> <span class="na">changed=</span><span class="s">&quot;1&quot;</span> <span class="na">churn=</span><span class="s">&quot;42&quot;</span> <span class="nt">/&gt;</span></div><div class='line' id='LC317'>&nbsp;&nbsp;&nbsp;&nbsp;&nbsp;&nbsp;&nbsp;&nbsp;&nbsp;&nbsp;&nbsp;&nbsp;&nbsp;&nbsp;<span class="nt">&lt;version</span> <span class="na">num=</span><span class="s">&quot;125&quot;</span> <span class="na">curr_loc=</span><span class="s">&quot;46&quot;</span> <span class="na">changed=</span><span class="s">&quot;1&quot;</span> <span class="na">churn=</span><span class="s">&quot;46&quot;</span> <span class="nt">/&gt;</span></div><div class='line' id='LC318'>&nbsp;&nbsp;&nbsp;&nbsp;&nbsp;&nbsp;&nbsp;&nbsp;&nbsp;&nbsp;&nbsp;&nbsp;&nbsp;&nbsp;<span class="nt">&lt;version</span> <span class="na">num=</span><span class="s">&quot;128&quot;</span> <span class="na">curr_loc=</span><span class="s">&quot;42&quot;</span> <span class="na">changed=</span><span class="s">&quot;1&quot;</span> <span class="na">churn=</span><span class="s">&quot;50&quot;</span> <span class="nt">/&gt;</span></div><div class='line' id='LC319'>&nbsp;&nbsp;&nbsp;&nbsp;&nbsp;&nbsp;&nbsp;&nbsp;&nbsp;&nbsp;&nbsp;&nbsp;&nbsp;&nbsp;<span class="nt">&lt;version</span> <span class="na">num=</span><span class="s">&quot;129&quot;</span> <span class="na">curr_loc=</span><span class="s">&quot;19&quot;</span> <span class="na">changed=</span><span class="s">&quot;1&quot;</span> <span class="na">churn=</span><span class="s">&quot;73&quot;</span> <span class="nt">/&gt;</span></div><div class='line' id='LC320'>&nbsp;&nbsp;&nbsp;&nbsp;&nbsp;&nbsp;&nbsp;&nbsp;&nbsp;&nbsp;&nbsp;&nbsp;&nbsp;&nbsp;<span class="nt">&lt;version</span> <span class="na">num=</span><span class="s">&quot;143&quot;</span> <span class="na">curr_loc=</span><span class="s">&quot;42&quot;</span> <span class="na">changed=</span><span class="s">&quot;1&quot;</span> <span class="na">churn=</span><span class="s">&quot;96&quot;</span> <span class="nt">/&gt;</span></div><div class='line' id='LC321'>&nbsp;&nbsp;&nbsp;&nbsp;&nbsp;&nbsp;&nbsp;&nbsp;&nbsp;&nbsp;&nbsp;&nbsp;&nbsp;&nbsp;<span class="nt">&lt;version</span> <span class="na">num=</span><span class="s">&quot;144&quot;</span> <span class="na">curr_loc=</span><span class="s">&quot;19&quot;</span> <span class="na">changed=</span><span class="s">&quot;1&quot;</span> <span class="na">churn=</span><span class="s">&quot;119&quot;</span> <span class="nt">/&gt;</span></div><div class='line' id='LC322'>&nbsp;&nbsp;&nbsp;&nbsp;&nbsp;&nbsp;&nbsp;&nbsp;&nbsp;&nbsp;&nbsp;&nbsp;&nbsp;&nbsp;<span class="nt">&lt;version</span> <span class="na">num=</span><span class="s">&quot;157&quot;</span> <span class="na">curr_loc=</span><span class="s">&quot;19&quot;</span> <span class="na">changed=</span><span class="s">&quot;1&quot;</span> <span class="na">churn=</span><span class="s">&quot;119&quot;</span> <span class="nt">/&gt;</span></div><div class='line' id='LC323'>&nbsp;&nbsp;&nbsp;&nbsp;&nbsp;&nbsp;&nbsp;&nbsp;&nbsp;&nbsp;&nbsp;&nbsp;&nbsp;&nbsp;<span class="nt">&lt;version</span> <span class="na">num=</span><span class="s">&quot;158&quot;</span> <span class="na">curr_loc=</span><span class="s">&quot;19&quot;</span> <span class="na">changed=</span><span class="s">&quot;1&quot;</span> <span class="na">churn=</span><span class="s">&quot;119&quot;</span> <span class="nt">/&gt;</span></div><div class='line' id='LC324'>&nbsp;&nbsp;&nbsp;&nbsp;&nbsp;&nbsp;&nbsp;&nbsp;&nbsp;&nbsp;&nbsp;&nbsp;<span class="nt">&lt;/class&gt;</span></div><div class='line' id='LC325'>&nbsp;&nbsp;&nbsp;&nbsp;&nbsp;&nbsp;&nbsp;&nbsp;&nbsp;&nbsp;&nbsp;&nbsp;<span class="nt">&lt;class</span> <span class="na">name=</span><span class="s">&quot;ExpectedException&quot;</span> <span class="na">type=</span><span class="s">&quot;ConcreteClass&quot;</span> <span class="na">maxLoc=</span><span class="s">&quot;130&quot;</span><span class="nt">&gt;</span></div><div class='line' id='LC326'>&nbsp;&nbsp;&nbsp;&nbsp;&nbsp;&nbsp;&nbsp;&nbsp;&nbsp;&nbsp;&nbsp;&nbsp;&nbsp;&nbsp;<span class="nt">&lt;version</span> <span class="na">num=</span><span class="s">&quot;124&quot;</span> <span class="na">curr_loc=</span><span class="s">&quot;74&quot;</span> <span class="na">changed=</span><span class="s">&quot;1&quot;</span> <span class="na">churn=</span><span class="s">&quot;74&quot;</span> <span class="nt">/&gt;</span></div><div class='line' id='LC327'>&nbsp;&nbsp;&nbsp;&nbsp;&nbsp;&nbsp;&nbsp;&nbsp;&nbsp;&nbsp;&nbsp;&nbsp;&nbsp;&nbsp;<span class="nt">&lt;version</span> <span class="na">num=</span><span class="s">&quot;125&quot;</span> <span class="na">curr_loc=</span><span class="s">&quot;130&quot;</span> <span class="na">changed=</span><span class="s">&quot;1&quot;</span> <span class="na">churn=</span><span class="s">&quot;130&quot;</span> <span class="nt">/&gt;</span></div><div class='line' id='LC328'>&nbsp;&nbsp;&nbsp;&nbsp;&nbsp;&nbsp;&nbsp;&nbsp;&nbsp;&nbsp;&nbsp;&nbsp;&nbsp;&nbsp;<span class="nt">&lt;version</span> <span class="na">num=</span><span class="s">&quot;128&quot;</span> <span class="na">curr_loc=</span><span class="s">&quot;126&quot;</span> <span class="na">changed=</span><span class="s">&quot;1&quot;</span> <span class="na">churn=</span><span class="s">&quot;134&quot;</span> <span class="nt">/&gt;</span></div><div class='line' id='LC329'>&nbsp;&nbsp;&nbsp;&nbsp;&nbsp;&nbsp;&nbsp;&nbsp;&nbsp;&nbsp;&nbsp;&nbsp;&nbsp;&nbsp;<span class="nt">&lt;version</span> <span class="na">num=</span><span class="s">&quot;129&quot;</span> <span class="na">curr_loc=</span><span class="s">&quot;117&quot;</span> <span class="na">changed=</span><span class="s">&quot;1&quot;</span> <span class="na">churn=</span><span class="s">&quot;143&quot;</span> <span class="nt">/&gt;</span></div><div class='line' id='LC330'>&nbsp;&nbsp;&nbsp;&nbsp;&nbsp;&nbsp;&nbsp;&nbsp;&nbsp;&nbsp;&nbsp;&nbsp;&nbsp;&nbsp;<span class="nt">&lt;version</span> <span class="na">num=</span><span class="s">&quot;132&quot;</span> <span class="na">curr_loc=</span><span class="s">&quot;117&quot;</span> <span class="na">changed=</span><span class="s">&quot;1&quot;</span> <span class="na">churn=</span><span class="s">&quot;143&quot;</span> <span class="nt">/&gt;</span></div><div class='line' id='LC331'>&nbsp;&nbsp;&nbsp;&nbsp;&nbsp;&nbsp;&nbsp;&nbsp;&nbsp;&nbsp;&nbsp;&nbsp;&nbsp;&nbsp;<span class="nt">&lt;version</span> <span class="na">num=</span><span class="s">&quot;143&quot;</span> <span class="na">curr_loc=</span><span class="s">&quot;126&quot;</span> <span class="na">changed=</span><span class="s">&quot;1&quot;</span> <span class="na">churn=</span><span class="s">&quot;152&quot;</span> <span class="nt">/&gt;</span></div><div class='line' id='LC332'>&nbsp;&nbsp;&nbsp;&nbsp;&nbsp;&nbsp;&nbsp;&nbsp;&nbsp;&nbsp;&nbsp;&nbsp;&nbsp;&nbsp;<span class="nt">&lt;version</span> <span class="na">num=</span><span class="s">&quot;144&quot;</span> <span class="na">curr_loc=</span><span class="s">&quot;117&quot;</span> <span class="na">changed=</span><span class="s">&quot;1&quot;</span> <span class="na">churn=</span><span class="s">&quot;161&quot;</span> <span class="nt">/&gt;</span></div><div class='line' id='LC333'>&nbsp;&nbsp;&nbsp;&nbsp;&nbsp;&nbsp;&nbsp;&nbsp;&nbsp;&nbsp;&nbsp;&nbsp;&nbsp;&nbsp;<span class="nt">&lt;version</span> <span class="na">num=</span><span class="s">&quot;147&quot;</span> <span class="na">curr_loc=</span><span class="s">&quot;117&quot;</span> <span class="na">changed=</span><span class="s">&quot;1&quot;</span> <span class="na">churn=</span><span class="s">&quot;161&quot;</span> <span class="nt">/&gt;</span></div><div class='line' id='LC334'>&nbsp;&nbsp;&nbsp;&nbsp;&nbsp;&nbsp;&nbsp;&nbsp;&nbsp;&nbsp;&nbsp;&nbsp;&nbsp;&nbsp;<span class="nt">&lt;version</span> <span class="na">num=</span><span class="s">&quot;161&quot;</span> <span class="na">curr_loc=</span><span class="s">&quot;72&quot;</span> <span class="na">changed=</span><span class="s">&quot;1&quot;</span> <span class="na">churn=</span><span class="s">&quot;206&quot;</span> <span class="nt">/&gt;</span></div><div class='line' id='LC335'>&nbsp;&nbsp;&nbsp;&nbsp;&nbsp;&nbsp;&nbsp;&nbsp;&nbsp;&nbsp;&nbsp;&nbsp;&nbsp;&nbsp;<span class="nt">&lt;version</span> <span class="na">num=</span><span class="s">&quot;162&quot;</span> <span class="na">curr_loc=</span><span class="s">&quot;65&quot;</span> <span class="na">changed=</span><span class="s">&quot;1&quot;</span> <span class="na">churn=</span><span class="s">&quot;213&quot;</span> <span class="nt">/&gt;</span></div><div class='line' id='LC336'>&nbsp;&nbsp;&nbsp;&nbsp;&nbsp;&nbsp;&nbsp;&nbsp;&nbsp;&nbsp;&nbsp;&nbsp;&nbsp;&nbsp;<span class="nt">&lt;version</span> <span class="na">num=</span><span class="s">&quot;165&quot;</span> <span class="na">curr_loc=</span><span class="s">&quot;72&quot;</span> <span class="na">changed=</span><span class="s">&quot;1&quot;</span> <span class="na">churn=</span><span class="s">&quot;220&quot;</span> <span class="nt">/&gt;</span></div><div class='line' id='LC337'>&nbsp;&nbsp;&nbsp;&nbsp;&nbsp;&nbsp;&nbsp;&nbsp;&nbsp;&nbsp;&nbsp;&nbsp;&nbsp;&nbsp;<span class="nt">&lt;version</span> <span class="na">num=</span><span class="s">&quot;166&quot;</span> <span class="na">curr_loc=</span><span class="s">&quot;65&quot;</span> <span class="na">changed=</span><span class="s">&quot;1&quot;</span> <span class="na">churn=</span><span class="s">&quot;227&quot;</span> <span class="nt">/&gt;</span></div><div class='line' id='LC338'>&nbsp;&nbsp;&nbsp;&nbsp;&nbsp;&nbsp;&nbsp;&nbsp;&nbsp;&nbsp;&nbsp;&nbsp;&nbsp;&nbsp;<span class="nt">&lt;version</span> <span class="na">num=</span><span class="s">&quot;186&quot;</span> <span class="na">curr_loc=</span><span class="s">&quot;74&quot;</span> <span class="na">changed=</span><span class="s">&quot;1&quot;</span> <span class="na">churn=</span><span class="s">&quot;236&quot;</span> <span class="nt">/&gt;</span></div><div class='line' id='LC339'>&nbsp;&nbsp;&nbsp;&nbsp;&nbsp;&nbsp;&nbsp;&nbsp;&nbsp;&nbsp;&nbsp;&nbsp;&nbsp;&nbsp;<span class="nt">&lt;version</span> <span class="na">num=</span><span class="s">&quot;194&quot;</span> <span class="na">curr_loc=</span><span class="s">&quot;74&quot;</span> <span class="na">changed=</span><span class="s">&quot;1&quot;</span> <span class="na">churn=</span><span class="s">&quot;236&quot;</span> <span class="nt">/&gt;</span></div><div class='line' id='LC340'>&nbsp;&nbsp;&nbsp;&nbsp;&nbsp;&nbsp;&nbsp;&nbsp;&nbsp;&nbsp;&nbsp;&nbsp;<span class="nt">&lt;/class&gt;</span></div><div class='line' id='LC341'>&nbsp;&nbsp;&nbsp;&nbsp;&nbsp;&nbsp;&nbsp;&nbsp;&nbsp;&nbsp;&nbsp;&nbsp;<span class="nt">&lt;class</span> <span class="na">name=</span><span class="s">&quot;ExternalResource&quot;</span> <span class="na">type=</span><span class="s">&quot;ConcreteClass&quot;</span> <span class="na">maxLoc=</span><span class="s">&quot;66&quot;</span><span class="nt">&gt;</span></div><div class='line' id='LC342'>&nbsp;&nbsp;&nbsp;&nbsp;&nbsp;&nbsp;&nbsp;&nbsp;&nbsp;&nbsp;&nbsp;&nbsp;&nbsp;&nbsp;<span class="nt">&lt;version</span> <span class="na">num=</span><span class="s">&quot;124&quot;</span> <span class="na">curr_loc=</span><span class="s">&quot;32&quot;</span> <span class="na">changed=</span><span class="s">&quot;1&quot;</span> <span class="na">churn=</span><span class="s">&quot;32&quot;</span> <span class="nt">/&gt;</span></div><div class='line' id='LC343'>&nbsp;&nbsp;&nbsp;&nbsp;&nbsp;&nbsp;&nbsp;&nbsp;&nbsp;&nbsp;&nbsp;&nbsp;&nbsp;&nbsp;<span class="nt">&lt;version</span> <span class="na">num=</span><span class="s">&quot;128&quot;</span> <span class="na">curr_loc=</span><span class="s">&quot;66&quot;</span> <span class="na">changed=</span><span class="s">&quot;1&quot;</span> <span class="na">churn=</span><span class="s">&quot;66&quot;</span> <span class="nt">/&gt;</span></div><div class='line' id='LC344'>&nbsp;&nbsp;&nbsp;&nbsp;&nbsp;&nbsp;&nbsp;&nbsp;&nbsp;&nbsp;&nbsp;&nbsp;&nbsp;&nbsp;<span class="nt">&lt;version</span> <span class="na">num=</span><span class="s">&quot;129&quot;</span> <span class="na">curr_loc=</span><span class="s">&quot;66&quot;</span> <span class="na">changed=</span><span class="s">&quot;1&quot;</span> <span class="na">churn=</span><span class="s">&quot;66&quot;</span> <span class="nt">/&gt;</span></div><div class='line' id='LC345'>&nbsp;&nbsp;&nbsp;&nbsp;&nbsp;&nbsp;&nbsp;&nbsp;&nbsp;&nbsp;&nbsp;&nbsp;&nbsp;&nbsp;<span class="nt">&lt;version</span> <span class="na">num=</span><span class="s">&quot;132&quot;</span> <span class="na">curr_loc=</span><span class="s">&quot;66&quot;</span> <span class="na">changed=</span><span class="s">&quot;1&quot;</span> <span class="na">churn=</span><span class="s">&quot;66&quot;</span> <span class="nt">/&gt;</span></div><div class='line' id='LC346'>&nbsp;&nbsp;&nbsp;&nbsp;&nbsp;&nbsp;&nbsp;&nbsp;&nbsp;&nbsp;&nbsp;&nbsp;&nbsp;&nbsp;<span class="nt">&lt;version</span> <span class="na">num=</span><span class="s">&quot;140&quot;</span> <span class="na">curr_loc=</span><span class="s">&quot;28&quot;</span> <span class="na">changed=</span><span class="s">&quot;1&quot;</span> <span class="na">churn=</span><span class="s">&quot;104&quot;</span> <span class="nt">/&gt;</span></div><div class='line' id='LC347'>&nbsp;&nbsp;&nbsp;&nbsp;&nbsp;&nbsp;&nbsp;&nbsp;&nbsp;&nbsp;&nbsp;&nbsp;&nbsp;&nbsp;<span class="nt">&lt;version</span> <span class="na">num=</span><span class="s">&quot;143&quot;</span> <span class="na">curr_loc=</span><span class="s">&quot;66&quot;</span> <span class="na">changed=</span><span class="s">&quot;1&quot;</span> <span class="na">churn=</span><span class="s">&quot;142&quot;</span> <span class="nt">/&gt;</span></div><div class='line' id='LC348'>&nbsp;&nbsp;&nbsp;&nbsp;&nbsp;&nbsp;&nbsp;&nbsp;&nbsp;&nbsp;&nbsp;&nbsp;&nbsp;&nbsp;<span class="nt">&lt;version</span> <span class="na">num=</span><span class="s">&quot;144&quot;</span> <span class="na">curr_loc=</span><span class="s">&quot;66&quot;</span> <span class="na">changed=</span><span class="s">&quot;1&quot;</span> <span class="na">churn=</span><span class="s">&quot;142&quot;</span> <span class="nt">/&gt;</span></div><div class='line' id='LC349'>&nbsp;&nbsp;&nbsp;&nbsp;&nbsp;&nbsp;&nbsp;&nbsp;&nbsp;&nbsp;&nbsp;&nbsp;&nbsp;&nbsp;<span class="nt">&lt;version</span> <span class="na">num=</span><span class="s">&quot;147&quot;</span> <span class="na">curr_loc=</span><span class="s">&quot;66&quot;</span> <span class="na">changed=</span><span class="s">&quot;1&quot;</span> <span class="na">churn=</span><span class="s">&quot;142&quot;</span> <span class="nt">/&gt;</span></div><div class='line' id='LC350'>&nbsp;&nbsp;&nbsp;&nbsp;&nbsp;&nbsp;&nbsp;&nbsp;&nbsp;&nbsp;&nbsp;&nbsp;&nbsp;&nbsp;<span class="nt">&lt;version</span> <span class="na">num=</span><span class="s">&quot;155&quot;</span> <span class="na">curr_loc=</span><span class="s">&quot;28&quot;</span> <span class="na">changed=</span><span class="s">&quot;1&quot;</span> <span class="na">churn=</span><span class="s">&quot;180&quot;</span> <span class="nt">/&gt;</span></div><div class='line' id='LC351'>&nbsp;&nbsp;&nbsp;&nbsp;&nbsp;&nbsp;&nbsp;&nbsp;&nbsp;&nbsp;&nbsp;&nbsp;&nbsp;&nbsp;<span class="nt">&lt;version</span> <span class="na">num=</span><span class="s">&quot;159&quot;</span> <span class="na">curr_loc=</span><span class="s">&quot;32&quot;</span> <span class="na">changed=</span><span class="s">&quot;1&quot;</span> <span class="na">churn=</span><span class="s">&quot;184&quot;</span> <span class="nt">/&gt;</span></div><div class='line' id='LC352'>&nbsp;&nbsp;&nbsp;&nbsp;&nbsp;&nbsp;&nbsp;&nbsp;&nbsp;&nbsp;&nbsp;&nbsp;<span class="nt">&lt;/class&gt;</span></div><div class='line' id='LC353'>&nbsp;&nbsp;&nbsp;&nbsp;&nbsp;&nbsp;&nbsp;&nbsp;&nbsp;&nbsp;&nbsp;&nbsp;<span class="nt">&lt;class</span> <span class="na">name=</span><span class="s">&quot;TemporaryFolder&quot;</span> <span class="na">type=</span><span class="s">&quot;ConcreteClass&quot;</span> <span class="na">maxLoc=</span><span class="s">&quot;89&quot;</span><span class="nt">&gt;</span></div><div class='line' id='LC354'>&nbsp;&nbsp;&nbsp;&nbsp;&nbsp;&nbsp;&nbsp;&nbsp;&nbsp;&nbsp;&nbsp;&nbsp;&nbsp;&nbsp;<span class="nt">&lt;version</span> <span class="na">num=</span><span class="s">&quot;124&quot;</span> <span class="na">curr_loc=</span><span class="s">&quot;56&quot;</span> <span class="na">changed=</span><span class="s">&quot;1&quot;</span> <span class="na">churn=</span><span class="s">&quot;56&quot;</span> <span class="nt">/&gt;</span></div><div class='line' id='LC355'>&nbsp;&nbsp;&nbsp;&nbsp;&nbsp;&nbsp;&nbsp;&nbsp;&nbsp;&nbsp;&nbsp;&nbsp;&nbsp;&nbsp;<span class="nt">&lt;version</span> <span class="na">num=</span><span class="s">&quot;125&quot;</span> <span class="na">curr_loc=</span><span class="s">&quot;89&quot;</span> <span class="na">changed=</span><span class="s">&quot;1&quot;</span> <span class="na">churn=</span><span class="s">&quot;89&quot;</span> <span class="nt">/&gt;</span></div><div class='line' id='LC356'>&nbsp;&nbsp;&nbsp;&nbsp;&nbsp;&nbsp;&nbsp;&nbsp;&nbsp;&nbsp;&nbsp;&nbsp;&nbsp;&nbsp;<span class="nt">&lt;version</span> <span class="na">num=</span><span class="s">&quot;128&quot;</span> <span class="na">curr_loc=</span><span class="s">&quot;72&quot;</span> <span class="na">changed=</span><span class="s">&quot;1&quot;</span> <span class="na">churn=</span><span class="s">&quot;106&quot;</span> <span class="nt">/&gt;</span></div><div class='line' id='LC357'>&nbsp;&nbsp;&nbsp;&nbsp;&nbsp;&nbsp;&nbsp;&nbsp;&nbsp;&nbsp;&nbsp;&nbsp;&nbsp;&nbsp;<span class="nt">&lt;version</span> <span class="na">num=</span><span class="s">&quot;143&quot;</span> <span class="na">curr_loc=</span><span class="s">&quot;72&quot;</span> <span class="na">changed=</span><span class="s">&quot;1&quot;</span> <span class="na">churn=</span><span class="s">&quot;106&quot;</span> <span class="nt">/&gt;</span></div><div class='line' id='LC358'>&nbsp;&nbsp;&nbsp;&nbsp;&nbsp;&nbsp;&nbsp;&nbsp;&nbsp;&nbsp;&nbsp;&nbsp;&nbsp;&nbsp;<span class="nt">&lt;version</span> <span class="na">num=</span><span class="s">&quot;159&quot;</span> <span class="na">curr_loc=</span><span class="s">&quot;56&quot;</span> <span class="na">changed=</span><span class="s">&quot;1&quot;</span> <span class="na">churn=</span><span class="s">&quot;122&quot;</span> <span class="nt">/&gt;</span></div><div class='line' id='LC359'>&nbsp;&nbsp;&nbsp;&nbsp;&nbsp;&nbsp;&nbsp;&nbsp;&nbsp;&nbsp;&nbsp;&nbsp;<span class="nt">&lt;/class&gt;</span></div><div class='line' id='LC360'>&nbsp;&nbsp;&nbsp;&nbsp;&nbsp;&nbsp;&nbsp;&nbsp;&nbsp;&nbsp;&nbsp;&nbsp;<span class="nt">&lt;class</span> <span class="na">name=</span><span class="s">&quot;TestName&quot;</span> <span class="na">type=</span><span class="s">&quot;ConcreteClass&quot;</span> <span class="na">maxLoc=</span><span class="s">&quot;39&quot;</span><span class="nt">&gt;</span></div><div class='line' id='LC361'>&nbsp;&nbsp;&nbsp;&nbsp;&nbsp;&nbsp;&nbsp;&nbsp;&nbsp;&nbsp;&nbsp;&nbsp;&nbsp;&nbsp;<span class="nt">&lt;version</span> <span class="na">num=</span><span class="s">&quot;124&quot;</span> <span class="na">curr_loc=</span><span class="s">&quot;16&quot;</span> <span class="na">changed=</span><span class="s">&quot;1&quot;</span> <span class="na">churn=</span><span class="s">&quot;16&quot;</span> <span class="nt">/&gt;</span></div><div class='line' id='LC362'>&nbsp;&nbsp;&nbsp;&nbsp;&nbsp;&nbsp;&nbsp;&nbsp;&nbsp;&nbsp;&nbsp;&nbsp;&nbsp;&nbsp;<span class="nt">&lt;version</span> <span class="na">num=</span><span class="s">&quot;125&quot;</span> <span class="na">curr_loc=</span><span class="s">&quot;39&quot;</span> <span class="na">changed=</span><span class="s">&quot;1&quot;</span> <span class="na">churn=</span><span class="s">&quot;39&quot;</span> <span class="nt">/&gt;</span></div><div class='line' id='LC363'>&nbsp;&nbsp;&nbsp;&nbsp;&nbsp;&nbsp;&nbsp;&nbsp;&nbsp;&nbsp;&nbsp;&nbsp;&nbsp;&nbsp;<span class="nt">&lt;version</span> <span class="na">num=</span><span class="s">&quot;128&quot;</span> <span class="na">curr_loc=</span><span class="s">&quot;36&quot;</span> <span class="na">changed=</span><span class="s">&quot;1&quot;</span> <span class="na">churn=</span><span class="s">&quot;42&quot;</span> <span class="nt">/&gt;</span></div><div class='line' id='LC364'>&nbsp;&nbsp;&nbsp;&nbsp;&nbsp;&nbsp;&nbsp;&nbsp;&nbsp;&nbsp;&nbsp;&nbsp;&nbsp;&nbsp;<span class="nt">&lt;version</span> <span class="na">num=</span><span class="s">&quot;143&quot;</span> <span class="na">curr_loc=</span><span class="s">&quot;36&quot;</span> <span class="na">changed=</span><span class="s">&quot;1&quot;</span> <span class="na">churn=</span><span class="s">&quot;42&quot;</span> <span class="nt">/&gt;</span></div><div class='line' id='LC365'>&nbsp;&nbsp;&nbsp;&nbsp;&nbsp;&nbsp;&nbsp;&nbsp;&nbsp;&nbsp;&nbsp;&nbsp;&nbsp;&nbsp;<span class="nt">&lt;version</span> <span class="na">num=</span><span class="s">&quot;190&quot;</span> <span class="na">curr_loc=</span><span class="s">&quot;16&quot;</span> <span class="na">changed=</span><span class="s">&quot;1&quot;</span> <span class="na">churn=</span><span class="s">&quot;62&quot;</span> <span class="nt">/&gt;</span></div><div class='line' id='LC366'>&nbsp;&nbsp;&nbsp;&nbsp;&nbsp;&nbsp;&nbsp;&nbsp;&nbsp;&nbsp;&nbsp;&nbsp;&nbsp;&nbsp;<span class="nt">&lt;version</span> <span class="na">num=</span><span class="s">&quot;197&quot;</span> <span class="na">curr_loc=</span><span class="s">&quot;16&quot;</span> <span class="na">changed=</span><span class="s">&quot;1&quot;</span> <span class="na">churn=</span><span class="s">&quot;62&quot;</span> <span class="nt">/&gt;</span></div><div class='line' id='LC367'>&nbsp;&nbsp;&nbsp;&nbsp;&nbsp;&nbsp;&nbsp;&nbsp;&nbsp;&nbsp;&nbsp;&nbsp;&nbsp;&nbsp;<span class="nt">&lt;version</span> <span class="na">num=</span><span class="s">&quot;202&quot;</span> <span class="na">curr_loc=</span><span class="s">&quot;16&quot;</span> <span class="na">changed=</span><span class="s">&quot;1&quot;</span> <span class="na">churn=</span><span class="s">&quot;62&quot;</span> <span class="nt">/&gt;</span></div><div class='line' id='LC368'>&nbsp;&nbsp;&nbsp;&nbsp;&nbsp;&nbsp;&nbsp;&nbsp;&nbsp;&nbsp;&nbsp;&nbsp;&nbsp;&nbsp;<span class="nt">&lt;version</span> <span class="na">num=</span><span class="s">&quot;204&quot;</span> <span class="na">curr_loc=</span><span class="s">&quot;16&quot;</span> <span class="na">changed=</span><span class="s">&quot;1&quot;</span> <span class="na">churn=</span><span class="s">&quot;62&quot;</span> <span class="nt">/&gt;</span></div><div class='line' id='LC369'>&nbsp;&nbsp;&nbsp;&nbsp;&nbsp;&nbsp;&nbsp;&nbsp;&nbsp;&nbsp;&nbsp;&nbsp;<span class="nt">&lt;/class&gt;</span></div><div class='line' id='LC370'>&nbsp;&nbsp;&nbsp;&nbsp;&nbsp;&nbsp;&nbsp;&nbsp;&nbsp;&nbsp;&nbsp;&nbsp;<span class="nt">&lt;class</span> <span class="na">name=</span><span class="s">&quot;TestWatchman&quot;</span> <span class="na">type=</span><span class="s">&quot;ConcreteClass&quot;</span> <span class="na">maxLoc=</span><span class="s">&quot;93&quot;</span><span class="nt">&gt;</span></div><div class='line' id='LC371'>&nbsp;&nbsp;&nbsp;&nbsp;&nbsp;&nbsp;&nbsp;&nbsp;&nbsp;&nbsp;&nbsp;&nbsp;&nbsp;&nbsp;<span class="nt">&lt;version</span> <span class="na">num=</span><span class="s">&quot;124&quot;</span> <span class="na">curr_loc=</span><span class="s">&quot;35&quot;</span> <span class="na">changed=</span><span class="s">&quot;1&quot;</span> <span class="na">churn=</span><span class="s">&quot;35&quot;</span> <span class="nt">/&gt;</span></div><div class='line' id='LC372'>&nbsp;&nbsp;&nbsp;&nbsp;&nbsp;&nbsp;&nbsp;&nbsp;&nbsp;&nbsp;&nbsp;&nbsp;&nbsp;&nbsp;<span class="nt">&lt;version</span> <span class="na">num=</span><span class="s">&quot;128&quot;</span> <span class="na">curr_loc=</span><span class="s">&quot;93&quot;</span> <span class="na">changed=</span><span class="s">&quot;1&quot;</span> <span class="na">churn=</span><span class="s">&quot;93&quot;</span> <span class="nt">/&gt;</span></div><div class='line' id='LC373'>&nbsp;&nbsp;&nbsp;&nbsp;&nbsp;&nbsp;&nbsp;&nbsp;&nbsp;&nbsp;&nbsp;&nbsp;&nbsp;&nbsp;<span class="nt">&lt;version</span> <span class="na">num=</span><span class="s">&quot;129&quot;</span> <span class="na">curr_loc=</span><span class="s">&quot;37&quot;</span> <span class="na">changed=</span><span class="s">&quot;1&quot;</span> <span class="na">churn=</span><span class="s">&quot;149&quot;</span> <span class="nt">/&gt;</span></div><div class='line' id='LC374'>&nbsp;&nbsp;&nbsp;&nbsp;&nbsp;&nbsp;&nbsp;&nbsp;&nbsp;&nbsp;&nbsp;&nbsp;&nbsp;&nbsp;<span class="nt">&lt;version</span> <span class="na">num=</span><span class="s">&quot;140&quot;</span> <span class="na">curr_loc=</span><span class="s">&quot;37&quot;</span> <span class="na">changed=</span><span class="s">&quot;1&quot;</span> <span class="na">churn=</span><span class="s">&quot;149&quot;</span> <span class="nt">/&gt;</span></div><div class='line' id='LC375'>&nbsp;&nbsp;&nbsp;&nbsp;&nbsp;&nbsp;&nbsp;&nbsp;&nbsp;&nbsp;&nbsp;&nbsp;&nbsp;&nbsp;<span class="nt">&lt;version</span> <span class="na">num=</span><span class="s">&quot;143&quot;</span> <span class="na">curr_loc=</span><span class="s">&quot;93&quot;</span> <span class="na">changed=</span><span class="s">&quot;1&quot;</span> <span class="na">churn=</span><span class="s">&quot;205&quot;</span> <span class="nt">/&gt;</span></div><div class='line' id='LC376'>&nbsp;&nbsp;&nbsp;&nbsp;&nbsp;&nbsp;&nbsp;&nbsp;&nbsp;&nbsp;&nbsp;&nbsp;&nbsp;&nbsp;<span class="nt">&lt;version</span> <span class="na">num=</span><span class="s">&quot;144&quot;</span> <span class="na">curr_loc=</span><span class="s">&quot;37&quot;</span> <span class="na">changed=</span><span class="s">&quot;1&quot;</span> <span class="na">churn=</span><span class="s">&quot;261&quot;</span> <span class="nt">/&gt;</span></div><div class='line' id='LC377'>&nbsp;&nbsp;&nbsp;&nbsp;&nbsp;&nbsp;&nbsp;&nbsp;&nbsp;&nbsp;&nbsp;&nbsp;&nbsp;&nbsp;<span class="nt">&lt;version</span> <span class="na">num=</span><span class="s">&quot;155&quot;</span> <span class="na">curr_loc=</span><span class="s">&quot;37&quot;</span> <span class="na">changed=</span><span class="s">&quot;1&quot;</span> <span class="na">churn=</span><span class="s">&quot;261&quot;</span> <span class="nt">/&gt;</span></div><div class='line' id='LC378'>&nbsp;&nbsp;&nbsp;&nbsp;&nbsp;&nbsp;&nbsp;&nbsp;&nbsp;&nbsp;&nbsp;&nbsp;&nbsp;&nbsp;<span class="nt">&lt;version</span> <span class="na">num=</span><span class="s">&quot;190&quot;</span> <span class="na">curr_loc=</span><span class="s">&quot;41&quot;</span> <span class="na">changed=</span><span class="s">&quot;1&quot;</span> <span class="na">churn=</span><span class="s">&quot;265&quot;</span> <span class="nt">/&gt;</span></div><div class='line' id='LC379'>&nbsp;&nbsp;&nbsp;&nbsp;&nbsp;&nbsp;&nbsp;&nbsp;&nbsp;&nbsp;&nbsp;&nbsp;&nbsp;&nbsp;<span class="nt">&lt;version</span> <span class="na">num=</span><span class="s">&quot;191&quot;</span> <span class="na">curr_loc=</span><span class="s">&quot;41&quot;</span> <span class="na">changed=</span><span class="s">&quot;1&quot;</span> <span class="na">churn=</span><span class="s">&quot;265&quot;</span> <span class="nt">/&gt;</span></div><div class='line' id='LC380'>&nbsp;&nbsp;&nbsp;&nbsp;&nbsp;&nbsp;&nbsp;&nbsp;&nbsp;&nbsp;&nbsp;&nbsp;&nbsp;&nbsp;<span class="nt">&lt;version</span> <span class="na">num=</span><span class="s">&quot;197&quot;</span> <span class="na">curr_loc=</span><span class="s">&quot;41&quot;</span> <span class="na">changed=</span><span class="s">&quot;1&quot;</span> <span class="na">churn=</span><span class="s">&quot;265&quot;</span> <span class="nt">/&gt;</span></div><div class='line' id='LC381'>&nbsp;&nbsp;&nbsp;&nbsp;&nbsp;&nbsp;&nbsp;&nbsp;&nbsp;&nbsp;&nbsp;&nbsp;&nbsp;&nbsp;<span class="nt">&lt;version</span> <span class="na">num=</span><span class="s">&quot;199&quot;</span> <span class="na">curr_loc=</span><span class="s">&quot;41&quot;</span> <span class="na">changed=</span><span class="s">&quot;1&quot;</span> <span class="na">churn=</span><span class="s">&quot;265&quot;</span> <span class="nt">/&gt;</span></div><div class='line' id='LC382'>&nbsp;&nbsp;&nbsp;&nbsp;&nbsp;&nbsp;&nbsp;&nbsp;&nbsp;&nbsp;&nbsp;&nbsp;&nbsp;&nbsp;<span class="nt">&lt;version</span> <span class="na">num=</span><span class="s">&quot;210&quot;</span> <span class="na">curr_loc=</span><span class="s">&quot;37&quot;</span> <span class="na">changed=</span><span class="s">&quot;1&quot;</span> <span class="na">churn=</span><span class="s">&quot;269&quot;</span> <span class="nt">/&gt;</span></div><div class='line' id='LC383'>&nbsp;&nbsp;&nbsp;&nbsp;&nbsp;&nbsp;&nbsp;&nbsp;&nbsp;&nbsp;&nbsp;&nbsp;&nbsp;&nbsp;<span class="nt">&lt;version</span> <span class="na">num=</span><span class="s">&quot;216&quot;</span> <span class="na">curr_loc=</span><span class="s">&quot;37&quot;</span> <span class="na">changed=</span><span class="s">&quot;1&quot;</span> <span class="na">churn=</span><span class="s">&quot;269&quot;</span> <span class="nt">/&gt;</span></div><div class='line' id='LC384'>&nbsp;&nbsp;&nbsp;&nbsp;&nbsp;&nbsp;&nbsp;&nbsp;&nbsp;&nbsp;&nbsp;&nbsp;&nbsp;&nbsp;<span class="nt">&lt;version</span> <span class="na">num=</span><span class="s">&quot;219&quot;</span> <span class="na">curr_loc=</span><span class="s">&quot;39&quot;</span> <span class="na">changed=</span><span class="s">&quot;1&quot;</span> <span class="na">churn=</span><span class="s">&quot;271&quot;</span> <span class="nt">/&gt;</span></div><div class='line' id='LC385'>&nbsp;&nbsp;&nbsp;&nbsp;&nbsp;&nbsp;&nbsp;&nbsp;&nbsp;&nbsp;&nbsp;&nbsp;&nbsp;&nbsp;<span class="nt">&lt;version</span> <span class="na">num=</span><span class="s">&quot;220&quot;</span> <span class="na">curr_loc=</span><span class="s">&quot;42&quot;</span> <span class="na">changed=</span><span class="s">&quot;1&quot;</span> <span class="na">churn=</span><span class="s">&quot;274&quot;</span> <span class="nt">/&gt;</span></div><div class='line' id='LC386'>&nbsp;&nbsp;&nbsp;&nbsp;&nbsp;&nbsp;&nbsp;&nbsp;&nbsp;&nbsp;&nbsp;&nbsp;&nbsp;&nbsp;<span class="nt">&lt;version</span> <span class="na">num=</span><span class="s">&quot;221&quot;</span> <span class="na">curr_loc=</span><span class="s">&quot;39&quot;</span> <span class="na">changed=</span><span class="s">&quot;1&quot;</span> <span class="na">churn=</span><span class="s">&quot;277&quot;</span> <span class="nt">/&gt;</span></div><div class='line' id='LC387'>&nbsp;&nbsp;&nbsp;&nbsp;&nbsp;&nbsp;&nbsp;&nbsp;&nbsp;&nbsp;&nbsp;&nbsp;&nbsp;&nbsp;<span class="nt">&lt;version</span> <span class="na">num=</span><span class="s">&quot;222&quot;</span> <span class="na">curr_loc=</span><span class="s">&quot;39&quot;</span> <span class="na">changed=</span><span class="s">&quot;1&quot;</span> <span class="na">churn=</span><span class="s">&quot;277&quot;</span> <span class="nt">/&gt;</span></div><div class='line' id='LC388'>&nbsp;&nbsp;&nbsp;&nbsp;&nbsp;&nbsp;&nbsp;&nbsp;&nbsp;&nbsp;&nbsp;&nbsp;&nbsp;&nbsp;<span class="nt">&lt;version</span> <span class="na">num=</span><span class="s">&quot;223&quot;</span> <span class="na">curr_loc=</span><span class="s">&quot;42&quot;</span> <span class="na">changed=</span><span class="s">&quot;1&quot;</span> <span class="na">churn=</span><span class="s">&quot;280&quot;</span> <span class="nt">/&gt;</span></div><div class='line' id='LC389'>&nbsp;&nbsp;&nbsp;&nbsp;&nbsp;&nbsp;&nbsp;&nbsp;&nbsp;&nbsp;&nbsp;&nbsp;&nbsp;&nbsp;<span class="nt">&lt;version</span> <span class="na">num=</span><span class="s">&quot;226&quot;</span> <span class="na">curr_loc=</span><span class="s">&quot;42&quot;</span> <span class="na">changed=</span><span class="s">&quot;1&quot;</span> <span class="na">churn=</span><span class="s">&quot;280&quot;</span> <span class="nt">/&gt;</span></div><div class='line' id='LC390'>&nbsp;&nbsp;&nbsp;&nbsp;&nbsp;&nbsp;&nbsp;&nbsp;&nbsp;&nbsp;&nbsp;&nbsp;&nbsp;&nbsp;<span class="nt">&lt;version</span> <span class="na">num=</span><span class="s">&quot;230&quot;</span> <span class="na">curr_loc=</span><span class="s">&quot;42&quot;</span> <span class="na">changed=</span><span class="s">&quot;1&quot;</span> <span class="na">churn=</span><span class="s">&quot;280&quot;</span> <span class="nt">/&gt;</span></div><div class='line' id='LC391'>&nbsp;&nbsp;&nbsp;&nbsp;&nbsp;&nbsp;&nbsp;&nbsp;&nbsp;&nbsp;&nbsp;&nbsp;&nbsp;&nbsp;<span class="nt">&lt;version</span> <span class="na">num=</span><span class="s">&quot;250&quot;</span> <span class="na">curr_loc=</span><span class="s">&quot;33&quot;</span> <span class="na">changed=</span><span class="s">&quot;1&quot;</span> <span class="na">churn=</span><span class="s">&quot;289&quot;</span> <span class="nt">/&gt;</span></div><div class='line' id='LC392'>&nbsp;&nbsp;&nbsp;&nbsp;&nbsp;&nbsp;&nbsp;&nbsp;&nbsp;&nbsp;&nbsp;&nbsp;&nbsp;&nbsp;<span class="nt">&lt;version</span> <span class="na">num=</span><span class="s">&quot;254&quot;</span> <span class="na">curr_loc=</span><span class="s">&quot;35&quot;</span> <span class="na">changed=</span><span class="s">&quot;1&quot;</span> <span class="na">churn=</span><span class="s">&quot;291&quot;</span> <span class="nt">/&gt;</span></div><div class='line' id='LC393'>&nbsp;&nbsp;&nbsp;&nbsp;&nbsp;&nbsp;&nbsp;&nbsp;&nbsp;&nbsp;&nbsp;&nbsp;&nbsp;&nbsp;<span class="nt">&lt;version</span> <span class="na">num=</span><span class="s">&quot;260&quot;</span> <span class="na">curr_loc=</span><span class="s">&quot;35&quot;</span> <span class="na">changed=</span><span class="s">&quot;1&quot;</span> <span class="na">churn=</span><span class="s">&quot;291&quot;</span> <span class="nt">/&gt;</span></div><div class='line' id='LC394'>&nbsp;&nbsp;&nbsp;&nbsp;&nbsp;&nbsp;&nbsp;&nbsp;&nbsp;&nbsp;&nbsp;&nbsp;<span class="nt">&lt;/class&gt;</span></div><div class='line' id='LC395'>&nbsp;&nbsp;&nbsp;&nbsp;&nbsp;&nbsp;&nbsp;&nbsp;&nbsp;&nbsp;&nbsp;&nbsp;<span class="nt">&lt;class</span> <span class="na">name=</span><span class="s">&quot;Timeout&quot;</span> <span class="na">type=</span><span class="s">&quot;ConcreteClass&quot;</span> <span class="na">maxLoc=</span><span class="s">&quot;49&quot;</span><span class="nt">&gt;</span></div><div class='line' id='LC396'>&nbsp;&nbsp;&nbsp;&nbsp;&nbsp;&nbsp;&nbsp;&nbsp;&nbsp;&nbsp;&nbsp;&nbsp;&nbsp;&nbsp;<span class="nt">&lt;version</span> <span class="na">num=</span><span class="s">&quot;124&quot;</span> <span class="na">curr_loc=</span><span class="s">&quot;20&quot;</span> <span class="na">changed=</span><span class="s">&quot;1&quot;</span> <span class="na">churn=</span><span class="s">&quot;20&quot;</span> <span class="nt">/&gt;</span></div><div class='line' id='LC397'>&nbsp;&nbsp;&nbsp;&nbsp;&nbsp;&nbsp;&nbsp;&nbsp;&nbsp;&nbsp;&nbsp;&nbsp;&nbsp;&nbsp;<span class="nt">&lt;version</span> <span class="na">num=</span><span class="s">&quot;125&quot;</span> <span class="na">curr_loc=</span><span class="s">&quot;49&quot;</span> <span class="na">changed=</span><span class="s">&quot;1&quot;</span> <span class="na">churn=</span><span class="s">&quot;49&quot;</span> <span class="nt">/&gt;</span></div><div class='line' id='LC398'>&nbsp;&nbsp;&nbsp;&nbsp;&nbsp;&nbsp;&nbsp;&nbsp;&nbsp;&nbsp;&nbsp;&nbsp;&nbsp;&nbsp;<span class="nt">&lt;version</span> <span class="na">num=</span><span class="s">&quot;128&quot;</span> <span class="na">curr_loc=</span><span class="s">&quot;46&quot;</span> <span class="na">changed=</span><span class="s">&quot;1&quot;</span> <span class="na">churn=</span><span class="s">&quot;52&quot;</span> <span class="nt">/&gt;</span></div><div class='line' id='LC399'>&nbsp;&nbsp;&nbsp;&nbsp;&nbsp;&nbsp;&nbsp;&nbsp;&nbsp;&nbsp;&nbsp;&nbsp;&nbsp;&nbsp;<span class="nt">&lt;version</span> <span class="na">num=</span><span class="s">&quot;129&quot;</span> <span class="na">curr_loc=</span><span class="s">&quot;20&quot;</span> <span class="na">changed=</span><span class="s">&quot;1&quot;</span> <span class="na">churn=</span><span class="s">&quot;78&quot;</span> <span class="nt">/&gt;</span></div><div class='line' id='LC400'>&nbsp;&nbsp;&nbsp;&nbsp;&nbsp;&nbsp;&nbsp;&nbsp;&nbsp;&nbsp;&nbsp;&nbsp;&nbsp;&nbsp;<span class="nt">&lt;version</span> <span class="na">num=</span><span class="s">&quot;143&quot;</span> <span class="na">curr_loc=</span><span class="s">&quot;46&quot;</span> <span class="na">changed=</span><span class="s">&quot;1&quot;</span> <span class="na">churn=</span><span class="s">&quot;104&quot;</span> <span class="nt">/&gt;</span></div><div class='line' id='LC401'>&nbsp;&nbsp;&nbsp;&nbsp;&nbsp;&nbsp;&nbsp;&nbsp;&nbsp;&nbsp;&nbsp;&nbsp;&nbsp;&nbsp;<span class="nt">&lt;version</span> <span class="na">num=</span><span class="s">&quot;144&quot;</span> <span class="na">curr_loc=</span><span class="s">&quot;20&quot;</span> <span class="na">changed=</span><span class="s">&quot;1&quot;</span> <span class="na">churn=</span><span class="s">&quot;130&quot;</span> <span class="nt">/&gt;</span></div><div class='line' id='LC402'>&nbsp;&nbsp;&nbsp;&nbsp;&nbsp;&nbsp;&nbsp;&nbsp;&nbsp;&nbsp;&nbsp;&nbsp;&nbsp;&nbsp;<span class="nt">&lt;version</span> <span class="na">num=</span><span class="s">&quot;226&quot;</span> <span class="na">curr_loc=</span><span class="s">&quot;20&quot;</span> <span class="na">changed=</span><span class="s">&quot;1&quot;</span> <span class="na">churn=</span><span class="s">&quot;130&quot;</span> <span class="nt">/&gt;</span></div><div class='line' id='LC403'>&nbsp;&nbsp;&nbsp;&nbsp;&nbsp;&nbsp;&nbsp;&nbsp;&nbsp;&nbsp;&nbsp;&nbsp;&nbsp;&nbsp;<span class="nt">&lt;version</span> <span class="na">num=</span><span class="s">&quot;230&quot;</span> <span class="na">curr_loc=</span><span class="s">&quot;20&quot;</span> <span class="na">changed=</span><span class="s">&quot;1&quot;</span> <span class="na">churn=</span><span class="s">&quot;130&quot;</span> <span class="nt">/&gt;</span></div><div class='line' id='LC404'>&nbsp;&nbsp;&nbsp;&nbsp;&nbsp;&nbsp;&nbsp;&nbsp;&nbsp;&nbsp;&nbsp;&nbsp;<span class="nt">&lt;/class&gt;</span></div><div class='line' id='LC405'>&nbsp;&nbsp;&nbsp;&nbsp;&nbsp;&nbsp;&nbsp;&nbsp;&nbsp;&nbsp;&nbsp;&nbsp;<span class="nt">&lt;class</span> <span class="na">name=</span><span class="s">&quot;Interceptor&quot;</span> <span class="na">type=</span><span class="s">&quot;Interface&quot;</span> <span class="na">maxLoc=</span><span class="s">&quot;14&quot;</span><span class="nt">&gt;</span></div><div class='line' id='LC406'>&nbsp;&nbsp;&nbsp;&nbsp;&nbsp;&nbsp;&nbsp;&nbsp;&nbsp;&nbsp;&nbsp;&nbsp;&nbsp;&nbsp;<span class="nt">&lt;version</span> <span class="na">num=</span><span class="s">&quot;128&quot;</span> <span class="na">curr_loc=</span><span class="s">&quot;12&quot;</span> <span class="na">changed=</span><span class="s">&quot;1&quot;</span> <span class="na">churn=</span><span class="s">&quot;12&quot;</span> <span class="nt">/&gt;</span></div><div class='line' id='LC407'>&nbsp;&nbsp;&nbsp;&nbsp;&nbsp;&nbsp;&nbsp;&nbsp;&nbsp;&nbsp;&nbsp;&nbsp;&nbsp;&nbsp;<span class="nt">&lt;version</span> <span class="na">num=</span><span class="s">&quot;132&quot;</span> <span class="na">curr_loc=</span><span class="s">&quot;14&quot;</span> <span class="na">changed=</span><span class="s">&quot;1&quot;</span> <span class="na">churn=</span><span class="s">&quot;14&quot;</span> <span class="nt">/&gt;</span></div><div class='line' id='LC408'>&nbsp;&nbsp;&nbsp;&nbsp;&nbsp;&nbsp;&nbsp;&nbsp;&nbsp;&nbsp;&nbsp;&nbsp;&nbsp;&nbsp;<span class="nt">&lt;version</span> <span class="na">num=</span><span class="s">&quot;143&quot;</span> <span class="na">curr_loc=</span><span class="s">&quot;12&quot;</span> <span class="na">changed=</span><span class="s">&quot;1&quot;</span> <span class="na">churn=</span><span class="s">&quot;16&quot;</span> <span class="nt">/&gt;</span></div><div class='line' id='LC409'>&nbsp;&nbsp;&nbsp;&nbsp;&nbsp;&nbsp;&nbsp;&nbsp;&nbsp;&nbsp;&nbsp;&nbsp;&nbsp;&nbsp;<span class="nt">&lt;version</span> <span class="na">num=</span><span class="s">&quot;147&quot;</span> <span class="na">curr_loc=</span><span class="s">&quot;14&quot;</span> <span class="na">changed=</span><span class="s">&quot;1&quot;</span> <span class="na">churn=</span><span class="s">&quot;18&quot;</span> <span class="nt">/&gt;</span></div><div class='line' id='LC410'>&nbsp;&nbsp;&nbsp;&nbsp;&nbsp;&nbsp;&nbsp;&nbsp;&nbsp;&nbsp;&nbsp;&nbsp;&nbsp;&nbsp;<span class="nt">&lt;version</span> <span class="na">num=</span><span class="s">&quot;254&quot;</span> <span class="na">curr_loc=</span><span class="s">&quot;12&quot;</span> <span class="na">changed=</span><span class="s">&quot;1&quot;</span> <span class="na">churn=</span><span class="s">&quot;20&quot;</span> <span class="nt">/&gt;</span></div><div class='line' id='LC411'>&nbsp;&nbsp;&nbsp;&nbsp;&nbsp;&nbsp;&nbsp;&nbsp;&nbsp;&nbsp;&nbsp;&nbsp;&nbsp;&nbsp;<span class="nt">&lt;version</span> <span class="na">num=</span><span class="s">&quot;260&quot;</span> <span class="na">curr_loc=</span><span class="s">&quot;12&quot;</span> <span class="na">changed=</span><span class="s">&quot;1&quot;</span> <span class="na">churn=</span><span class="s">&quot;20&quot;</span> <span class="nt">/&gt;</span></div><div class='line' id='LC412'>&nbsp;&nbsp;&nbsp;&nbsp;&nbsp;&nbsp;&nbsp;&nbsp;&nbsp;&nbsp;&nbsp;&nbsp;<span class="nt">&lt;/class&gt;</span></div><div class='line' id='LC413'>&nbsp;&nbsp;&nbsp;&nbsp;&nbsp;&nbsp;&nbsp;&nbsp;&nbsp;&nbsp;&nbsp;&nbsp;<span class="nt">&lt;class</span> <span class="na">name=</span><span class="s">&quot;StatementInterceptor&quot;</span> <span class="na">type=</span><span class="s">&quot;Interface&quot;</span> <span class="na">maxLoc=</span><span class="s">&quot;11&quot;</span><span class="nt">&gt;</span></div><div class='line' id='LC414'>&nbsp;&nbsp;&nbsp;&nbsp;&nbsp;&nbsp;&nbsp;&nbsp;&nbsp;&nbsp;&nbsp;&nbsp;&nbsp;&nbsp;<span class="nt">&lt;version</span> <span class="na">num=</span><span class="s">&quot;128&quot;</span> <span class="na">curr_loc=</span><span class="s">&quot;11&quot;</span> <span class="na">changed=</span><span class="s">&quot;1&quot;</span> <span class="na">churn=</span><span class="s">&quot;11&quot;</span> <span class="nt">/&gt;</span></div><div class='line' id='LC415'>&nbsp;&nbsp;&nbsp;&nbsp;&nbsp;&nbsp;&nbsp;&nbsp;&nbsp;&nbsp;&nbsp;&nbsp;&nbsp;&nbsp;<span class="nt">&lt;version</span> <span class="na">num=</span><span class="s">&quot;129&quot;</span> <span class="na">curr_loc=</span><span class="s">&quot;10&quot;</span> <span class="na">changed=</span><span class="s">&quot;1&quot;</span> <span class="na">churn=</span><span class="s">&quot;12&quot;</span> <span class="nt">/&gt;</span></div><div class='line' id='LC416'>&nbsp;&nbsp;&nbsp;&nbsp;&nbsp;&nbsp;&nbsp;&nbsp;&nbsp;&nbsp;&nbsp;&nbsp;&nbsp;&nbsp;<span class="nt">&lt;version</span> <span class="na">num=</span><span class="s">&quot;132&quot;</span> <span class="na">curr_loc=</span><span class="s">&quot;10&quot;</span> <span class="na">changed=</span><span class="s">&quot;1&quot;</span> <span class="na">churn=</span><span class="s">&quot;12&quot;</span> <span class="nt">/&gt;</span></div><div class='line' id='LC417'>&nbsp;&nbsp;&nbsp;&nbsp;&nbsp;&nbsp;&nbsp;&nbsp;&nbsp;&nbsp;&nbsp;&nbsp;&nbsp;&nbsp;<span class="nt">&lt;version</span> <span class="na">num=</span><span class="s">&quot;143&quot;</span> <span class="na">curr_loc=</span><span class="s">&quot;11&quot;</span> <span class="na">changed=</span><span class="s">&quot;1&quot;</span> <span class="na">churn=</span><span class="s">&quot;13&quot;</span> <span class="nt">/&gt;</span></div><div class='line' id='LC418'>&nbsp;&nbsp;&nbsp;&nbsp;&nbsp;&nbsp;&nbsp;&nbsp;&nbsp;&nbsp;&nbsp;&nbsp;&nbsp;&nbsp;<span class="nt">&lt;version</span> <span class="na">num=</span><span class="s">&quot;144&quot;</span> <span class="na">curr_loc=</span><span class="s">&quot;10&quot;</span> <span class="na">changed=</span><span class="s">&quot;1&quot;</span> <span class="na">churn=</span><span class="s">&quot;14&quot;</span> <span class="nt">/&gt;</span></div><div class='line' id='LC419'>&nbsp;&nbsp;&nbsp;&nbsp;&nbsp;&nbsp;&nbsp;&nbsp;&nbsp;&nbsp;&nbsp;&nbsp;&nbsp;&nbsp;<span class="nt">&lt;version</span> <span class="na">num=</span><span class="s">&quot;147&quot;</span> <span class="na">curr_loc=</span><span class="s">&quot;10&quot;</span> <span class="na">changed=</span><span class="s">&quot;1&quot;</span> <span class="na">churn=</span><span class="s">&quot;14&quot;</span> <span class="nt">/&gt;</span></div><div class='line' id='LC420'>&nbsp;&nbsp;&nbsp;&nbsp;&nbsp;&nbsp;&nbsp;&nbsp;&nbsp;&nbsp;&nbsp;&nbsp;&nbsp;&nbsp;<span class="nt">&lt;version</span> <span class="na">num=</span><span class="s">&quot;254&quot;</span> <span class="na">curr_loc=</span><span class="s">&quot;11&quot;</span> <span class="na">changed=</span><span class="s">&quot;1&quot;</span> <span class="na">churn=</span><span class="s">&quot;15&quot;</span> <span class="nt">/&gt;</span></div><div class='line' id='LC421'>&nbsp;&nbsp;&nbsp;&nbsp;&nbsp;&nbsp;&nbsp;&nbsp;&nbsp;&nbsp;&nbsp;&nbsp;&nbsp;&nbsp;<span class="nt">&lt;version</span> <span class="na">num=</span><span class="s">&quot;260&quot;</span> <span class="na">curr_loc=</span><span class="s">&quot;11&quot;</span> <span class="na">changed=</span><span class="s">&quot;1&quot;</span> <span class="na">churn=</span><span class="s">&quot;15&quot;</span> <span class="nt">/&gt;</span></div><div class='line' id='LC422'>&nbsp;&nbsp;&nbsp;&nbsp;&nbsp;&nbsp;&nbsp;&nbsp;&nbsp;&nbsp;&nbsp;&nbsp;<span class="nt">&lt;/class&gt;</span></div><div class='line' id='LC423'>&nbsp;&nbsp;&nbsp;&nbsp;&nbsp;&nbsp;&nbsp;&nbsp;&nbsp;&nbsp;&nbsp;&nbsp;<span class="nt">&lt;class</span> <span class="na">name=</span><span class="s">&quot;Interceptors&quot;</span> <span class="na">type=</span><span class="s">&quot;ConcreteClass&quot;</span> <span class="na">maxLoc=</span><span class="s">&quot;71&quot;</span><span class="nt">&gt;</span></div><div class='line' id='LC424'>&nbsp;&nbsp;&nbsp;&nbsp;&nbsp;&nbsp;&nbsp;&nbsp;&nbsp;&nbsp;&nbsp;&nbsp;&nbsp;&nbsp;<span class="nt">&lt;version</span> <span class="na">num=</span><span class="s">&quot;132&quot;</span> <span class="na">curr_loc=</span><span class="s">&quot;44&quot;</span> <span class="na">changed=</span><span class="s">&quot;1&quot;</span> <span class="na">churn=</span><span class="s">&quot;44&quot;</span> <span class="nt">/&gt;</span></div><div class='line' id='LC425'>&nbsp;&nbsp;&nbsp;&nbsp;&nbsp;&nbsp;&nbsp;&nbsp;&nbsp;&nbsp;&nbsp;&nbsp;&nbsp;&nbsp;<span class="nt">&lt;version</span> <span class="na">num=</span><span class="s">&quot;147&quot;</span> <span class="na">curr_loc=</span><span class="s">&quot;13&quot;</span> <span class="na">changed=</span><span class="s">&quot;1&quot;</span> <span class="na">churn=</span><span class="s">&quot;75&quot;</span> <span class="nt">/&gt;</span></div><div class='line' id='LC426'>&nbsp;&nbsp;&nbsp;&nbsp;&nbsp;&nbsp;&nbsp;&nbsp;&nbsp;&nbsp;&nbsp;&nbsp;&nbsp;&nbsp;<span class="nt">&lt;version</span> <span class="na">num=</span><span class="s">&quot;187&quot;</span> <span class="na">curr_loc=</span><span class="s">&quot;13&quot;</span> <span class="na">changed=</span><span class="s">&quot;1&quot;</span> <span class="na">churn=</span><span class="s">&quot;75&quot;</span> <span class="nt">/&gt;</span></div><div class='line' id='LC427'>&nbsp;&nbsp;&nbsp;&nbsp;&nbsp;&nbsp;&nbsp;&nbsp;&nbsp;&nbsp;&nbsp;&nbsp;&nbsp;&nbsp;<span class="nt">&lt;version</span> <span class="na">num=</span><span class="s">&quot;188&quot;</span> <span class="na">curr_loc=</span><span class="s">&quot;62&quot;</span> <span class="na">changed=</span><span class="s">&quot;1&quot;</span> <span class="na">churn=</span><span class="s">&quot;124&quot;</span> <span class="nt">/&gt;</span></div><div class='line' id='LC428'>&nbsp;&nbsp;&nbsp;&nbsp;&nbsp;&nbsp;&nbsp;&nbsp;&nbsp;&nbsp;&nbsp;&nbsp;&nbsp;&nbsp;<span class="nt">&lt;version</span> <span class="na">num=</span><span class="s">&quot;191&quot;</span> <span class="na">curr_loc=</span><span class="s">&quot;71&quot;</span> <span class="na">changed=</span><span class="s">&quot;1&quot;</span> <span class="na">churn=</span><span class="s">&quot;133&quot;</span> <span class="nt">/&gt;</span></div><div class='line' id='LC429'>&nbsp;&nbsp;&nbsp;&nbsp;&nbsp;&nbsp;&nbsp;&nbsp;&nbsp;&nbsp;&nbsp;&nbsp;&nbsp;&nbsp;<span class="nt">&lt;version</span> <span class="na">num=</span><span class="s">&quot;195&quot;</span> <span class="na">curr_loc=</span><span class="s">&quot;13&quot;</span> <span class="na">changed=</span><span class="s">&quot;1&quot;</span> <span class="na">churn=</span><span class="s">&quot;191&quot;</span> <span class="nt">/&gt;</span></div><div class='line' id='LC430'>&nbsp;&nbsp;&nbsp;&nbsp;&nbsp;&nbsp;&nbsp;&nbsp;&nbsp;&nbsp;&nbsp;&nbsp;&nbsp;&nbsp;<span class="nt">&lt;version</span> <span class="na">num=</span><span class="s">&quot;196&quot;</span> <span class="na">curr_loc=</span><span class="s">&quot;62&quot;</span> <span class="na">changed=</span><span class="s">&quot;1&quot;</span> <span class="na">churn=</span><span class="s">&quot;240&quot;</span> <span class="nt">/&gt;</span></div><div class='line' id='LC431'>&nbsp;&nbsp;&nbsp;&nbsp;&nbsp;&nbsp;&nbsp;&nbsp;&nbsp;&nbsp;&nbsp;&nbsp;&nbsp;&nbsp;<span class="nt">&lt;version</span> <span class="na">num=</span><span class="s">&quot;199&quot;</span> <span class="na">curr_loc=</span><span class="s">&quot;71&quot;</span> <span class="na">changed=</span><span class="s">&quot;1&quot;</span> <span class="na">churn=</span><span class="s">&quot;249&quot;</span> <span class="nt">/&gt;</span></div><div class='line' id='LC432'>&nbsp;&nbsp;&nbsp;&nbsp;&nbsp;&nbsp;&nbsp;&nbsp;&nbsp;&nbsp;&nbsp;&nbsp;&nbsp;&nbsp;<span class="nt">&lt;version</span> <span class="na">num=</span><span class="s">&quot;210&quot;</span> <span class="na">curr_loc=</span><span class="s">&quot;42&quot;</span> <span class="na">changed=</span><span class="s">&quot;1&quot;</span> <span class="na">churn=</span><span class="s">&quot;278&quot;</span> <span class="nt">/&gt;</span></div><div class='line' id='LC433'>&nbsp;&nbsp;&nbsp;&nbsp;&nbsp;&nbsp;&nbsp;&nbsp;&nbsp;&nbsp;&nbsp;&nbsp;&nbsp;&nbsp;<span class="nt">&lt;version</span> <span class="na">num=</span><span class="s">&quot;216&quot;</span> <span class="na">curr_loc=</span><span class="s">&quot;42&quot;</span> <span class="na">changed=</span><span class="s">&quot;1&quot;</span> <span class="na">churn=</span><span class="s">&quot;278&quot;</span> <span class="nt">/&gt;</span></div><div class='line' id='LC434'>&nbsp;&nbsp;&nbsp;&nbsp;&nbsp;&nbsp;&nbsp;&nbsp;&nbsp;&nbsp;&nbsp;&nbsp;&nbsp;&nbsp;<span class="nt">&lt;version</span> <span class="na">num=</span><span class="s">&quot;226&quot;</span> <span class="na">curr_loc=</span><span class="s">&quot;43&quot;</span> <span class="na">changed=</span><span class="s">&quot;1&quot;</span> <span class="na">churn=</span><span class="s">&quot;279&quot;</span> <span class="nt">/&gt;</span></div><div class='line' id='LC435'>&nbsp;&nbsp;&nbsp;&nbsp;&nbsp;&nbsp;&nbsp;&nbsp;&nbsp;&nbsp;&nbsp;&nbsp;&nbsp;&nbsp;<span class="nt">&lt;version</span> <span class="na">num=</span><span class="s">&quot;230&quot;</span> <span class="na">curr_loc=</span><span class="s">&quot;43&quot;</span> <span class="na">changed=</span><span class="s">&quot;1&quot;</span> <span class="na">churn=</span><span class="s">&quot;279&quot;</span> <span class="nt">/&gt;</span></div><div class='line' id='LC436'>&nbsp;&nbsp;&nbsp;&nbsp;&nbsp;&nbsp;&nbsp;&nbsp;&nbsp;&nbsp;&nbsp;&nbsp;&nbsp;&nbsp;<span class="nt">&lt;version</span> <span class="na">num=</span><span class="s">&quot;254&quot;</span> <span class="na">curr_loc=</span><span class="s">&quot;44&quot;</span> <span class="na">changed=</span><span class="s">&quot;1&quot;</span> <span class="na">churn=</span><span class="s">&quot;280&quot;</span> <span class="nt">/&gt;</span></div><div class='line' id='LC437'>&nbsp;&nbsp;&nbsp;&nbsp;&nbsp;&nbsp;&nbsp;&nbsp;&nbsp;&nbsp;&nbsp;&nbsp;&nbsp;&nbsp;<span class="nt">&lt;version</span> <span class="na">num=</span><span class="s">&quot;260&quot;</span> <span class="na">curr_loc=</span><span class="s">&quot;44&quot;</span> <span class="na">changed=</span><span class="s">&quot;1&quot;</span> <span class="na">churn=</span><span class="s">&quot;280&quot;</span> <span class="nt">/&gt;</span></div><div class='line' id='LC438'>&nbsp;&nbsp;&nbsp;&nbsp;&nbsp;&nbsp;&nbsp;&nbsp;&nbsp;&nbsp;&nbsp;&nbsp;<span class="nt">&lt;/class&gt;</span></div><div class='line' id='LC439'>&nbsp;&nbsp;&nbsp;&nbsp;&nbsp;&nbsp;&nbsp;&nbsp;&nbsp;&nbsp;<span class="nt">&lt;/package&gt;</span></div><div class='line' id='LC440'>&nbsp;&nbsp;&nbsp;&nbsp;&nbsp;&nbsp;&nbsp;&nbsp;&nbsp;&nbsp;<span class="nt">&lt;package</span> <span class="na">name=</span><span class="s">&quot;rules&quot;</span><span class="nt">&gt;</span></div><div class='line' id='LC441'>&nbsp;&nbsp;&nbsp;&nbsp;&nbsp;&nbsp;&nbsp;&nbsp;&nbsp;&nbsp;&nbsp;&nbsp;<span class="nt">&lt;class</span> <span class="na">name=</span><span class="s">&quot;ErrorCollector&quot;</span> <span class="na">type=</span><span class="s">&quot;ConcreteClass&quot;</span> <span class="na">maxLoc=</span><span class="s">&quot;76&quot;</span><span class="nt">&gt;</span></div><div class='line' id='LC442'>&nbsp;&nbsp;&nbsp;&nbsp;&nbsp;&nbsp;&nbsp;&nbsp;&nbsp;&nbsp;&nbsp;&nbsp;&nbsp;&nbsp;<span class="nt">&lt;version</span> <span class="na">num=</span><span class="s">&quot;123&quot;</span> <span class="na">curr_loc=</span><span class="s">&quot;76&quot;</span> <span class="na">changed=</span><span class="s">&quot;1&quot;</span> <span class="na">churn=</span><span class="s">&quot;76&quot;</span> <span class="nt">/&gt;</span></div><div class='line' id='LC443'>&nbsp;&nbsp;&nbsp;&nbsp;&nbsp;&nbsp;&nbsp;&nbsp;&nbsp;&nbsp;&nbsp;&nbsp;&nbsp;&nbsp;<span class="nt">&lt;version</span> <span class="na">num=</span><span class="s">&quot;124&quot;</span> <span class="na">curr_loc=</span><span class="s">&quot;76&quot;</span> <span class="na">changed=</span><span class="s">&quot;1&quot;</span> <span class="na">churn=</span><span class="s">&quot;76&quot;</span> <span class="nt">/&gt;</span></div><div class='line' id='LC444'>&nbsp;&nbsp;&nbsp;&nbsp;&nbsp;&nbsp;&nbsp;&nbsp;&nbsp;&nbsp;&nbsp;&nbsp;<span class="nt">&lt;/class&gt;</span></div><div class='line' id='LC445'>&nbsp;&nbsp;&nbsp;&nbsp;&nbsp;&nbsp;&nbsp;&nbsp;&nbsp;&nbsp;&nbsp;&nbsp;<span class="nt">&lt;class</span> <span class="na">name=</span><span class="s">&quot;ExpectedException&quot;</span> <span class="na">type=</span><span class="s">&quot;ConcreteClass&quot;</span> <span class="na">maxLoc=</span><span class="s">&quot;130&quot;</span><span class="nt">&gt;</span></div><div class='line' id='LC446'>&nbsp;&nbsp;&nbsp;&nbsp;&nbsp;&nbsp;&nbsp;&nbsp;&nbsp;&nbsp;&nbsp;&nbsp;&nbsp;&nbsp;<span class="nt">&lt;version</span> <span class="na">num=</span><span class="s">&quot;123&quot;</span> <span class="na">curr_loc=</span><span class="s">&quot;130&quot;</span> <span class="na">changed=</span><span class="s">&quot;1&quot;</span> <span class="na">churn=</span><span class="s">&quot;130&quot;</span> <span class="nt">/&gt;</span></div><div class='line' id='LC447'>&nbsp;&nbsp;&nbsp;&nbsp;&nbsp;&nbsp;&nbsp;&nbsp;&nbsp;&nbsp;&nbsp;&nbsp;&nbsp;&nbsp;<span class="nt">&lt;version</span> <span class="na">num=</span><span class="s">&quot;124&quot;</span> <span class="na">curr_loc=</span><span class="s">&quot;130&quot;</span> <span class="na">changed=</span><span class="s">&quot;1&quot;</span> <span class="na">churn=</span><span class="s">&quot;130&quot;</span> <span class="nt">/&gt;</span></div><div class='line' id='LC448'>&nbsp;&nbsp;&nbsp;&nbsp;&nbsp;&nbsp;&nbsp;&nbsp;&nbsp;&nbsp;&nbsp;&nbsp;<span class="nt">&lt;/class&gt;</span></div><div class='line' id='LC449'>&nbsp;&nbsp;&nbsp;&nbsp;&nbsp;&nbsp;&nbsp;&nbsp;&nbsp;&nbsp;&nbsp;&nbsp;<span class="nt">&lt;class</span> <span class="na">name=</span><span class="s">&quot;ExternalResource&quot;</span> <span class="na">type=</span><span class="s">&quot;AbstractClass&quot;</span> <span class="na">maxLoc=</span><span class="s">&quot;66&quot;</span><span class="nt">&gt;</span></div><div class='line' id='LC450'>&nbsp;&nbsp;&nbsp;&nbsp;&nbsp;&nbsp;&nbsp;&nbsp;&nbsp;&nbsp;&nbsp;&nbsp;&nbsp;&nbsp;<span class="nt">&lt;version</span> <span class="na">num=</span><span class="s">&quot;123&quot;</span> <span class="na">curr_loc=</span><span class="s">&quot;66&quot;</span> <span class="na">changed=</span><span class="s">&quot;1&quot;</span> <span class="na">churn=</span><span class="s">&quot;66&quot;</span> <span class="nt">/&gt;</span></div><div class='line' id='LC451'>&nbsp;&nbsp;&nbsp;&nbsp;&nbsp;&nbsp;&nbsp;&nbsp;&nbsp;&nbsp;&nbsp;&nbsp;&nbsp;&nbsp;<span class="nt">&lt;version</span> <span class="na">num=</span><span class="s">&quot;124&quot;</span> <span class="na">curr_loc=</span><span class="s">&quot;66&quot;</span> <span class="na">changed=</span><span class="s">&quot;1&quot;</span> <span class="na">churn=</span><span class="s">&quot;66&quot;</span> <span class="nt">/&gt;</span></div><div class='line' id='LC452'>&nbsp;&nbsp;&nbsp;&nbsp;&nbsp;&nbsp;&nbsp;&nbsp;&nbsp;&nbsp;&nbsp;&nbsp;<span class="nt">&lt;/class&gt;</span></div><div class='line' id='LC453'>&nbsp;&nbsp;&nbsp;&nbsp;&nbsp;&nbsp;&nbsp;&nbsp;&nbsp;&nbsp;&nbsp;&nbsp;<span class="nt">&lt;class</span> <span class="na">name=</span><span class="s">&quot;MethodRule&quot;</span> <span class="na">type=</span><span class="s">&quot;Interface&quot;</span> <span class="na">maxLoc=</span><span class="s">&quot;38&quot;</span><span class="nt">&gt;</span></div><div class='line' id='LC454'>&nbsp;&nbsp;&nbsp;&nbsp;&nbsp;&nbsp;&nbsp;&nbsp;&nbsp;&nbsp;&nbsp;&nbsp;&nbsp;&nbsp;<span class="nt">&lt;version</span> <span class="na">num=</span><span class="s">&quot;123&quot;</span> <span class="na">curr_loc=</span><span class="s">&quot;38&quot;</span> <span class="na">changed=</span><span class="s">&quot;1&quot;</span> <span class="na">churn=</span><span class="s">&quot;38&quot;</span> <span class="nt">/&gt;</span></div><div class='line' id='LC455'>&nbsp;&nbsp;&nbsp;&nbsp;&nbsp;&nbsp;&nbsp;&nbsp;&nbsp;&nbsp;&nbsp;&nbsp;&nbsp;&nbsp;<span class="nt">&lt;version</span> <span class="na">num=</span><span class="s">&quot;124&quot;</span> <span class="na">curr_loc=</span><span class="s">&quot;38&quot;</span> <span class="na">changed=</span><span class="s">&quot;1&quot;</span> <span class="na">churn=</span><span class="s">&quot;38&quot;</span> <span class="nt">/&gt;</span></div><div class='line' id='LC456'>&nbsp;&nbsp;&nbsp;&nbsp;&nbsp;&nbsp;&nbsp;&nbsp;&nbsp;&nbsp;&nbsp;&nbsp;<span class="nt">&lt;/class&gt;</span></div><div class='line' id='LC457'>&nbsp;&nbsp;&nbsp;&nbsp;&nbsp;&nbsp;&nbsp;&nbsp;&nbsp;&nbsp;&nbsp;&nbsp;<span class="nt">&lt;class</span> <span class="na">name=</span><span class="s">&quot;Rule&quot;</span> <span class="na">type=</span><span class="s">&quot;Interface&quot;</span> <span class="na">maxLoc=</span><span class="s">&quot;14&quot;</span><span class="nt">&gt;</span></div><div class='line' id='LC458'>&nbsp;&nbsp;&nbsp;&nbsp;&nbsp;&nbsp;&nbsp;&nbsp;&nbsp;&nbsp;&nbsp;&nbsp;&nbsp;&nbsp;<span class="nt">&lt;version</span> <span class="na">num=</span><span class="s">&quot;123&quot;</span> <span class="na">curr_loc=</span><span class="s">&quot;14&quot;</span> <span class="na">changed=</span><span class="s">&quot;1&quot;</span> <span class="na">churn=</span><span class="s">&quot;14&quot;</span> <span class="nt">/&gt;</span></div><div class='line' id='LC459'>&nbsp;&nbsp;&nbsp;&nbsp;&nbsp;&nbsp;&nbsp;&nbsp;&nbsp;&nbsp;&nbsp;&nbsp;&nbsp;&nbsp;<span class="nt">&lt;version</span> <span class="na">num=</span><span class="s">&quot;124&quot;</span> <span class="na">curr_loc=</span><span class="s">&quot;14&quot;</span> <span class="na">changed=</span><span class="s">&quot;1&quot;</span> <span class="na">churn=</span><span class="s">&quot;14&quot;</span> <span class="nt">/&gt;</span></div><div class='line' id='LC460'>&nbsp;&nbsp;&nbsp;&nbsp;&nbsp;&nbsp;&nbsp;&nbsp;&nbsp;&nbsp;&nbsp;&nbsp;<span class="nt">&lt;/class&gt;</span></div><div class='line' id='LC461'>&nbsp;&nbsp;&nbsp;&nbsp;&nbsp;&nbsp;&nbsp;&nbsp;&nbsp;&nbsp;&nbsp;&nbsp;<span class="nt">&lt;class</span> <span class="na">name=</span><span class="s">&quot;TemporaryFolder&quot;</span> <span class="na">type=</span><span class="s">&quot;ConcreteClass&quot;</span> <span class="na">maxLoc=</span><span class="s">&quot;89&quot;</span><span class="nt">&gt;</span></div><div class='line' id='LC462'>&nbsp;&nbsp;&nbsp;&nbsp;&nbsp;&nbsp;&nbsp;&nbsp;&nbsp;&nbsp;&nbsp;&nbsp;&nbsp;&nbsp;<span class="nt">&lt;version</span> <span class="na">num=</span><span class="s">&quot;123&quot;</span> <span class="na">curr_loc=</span><span class="s">&quot;89&quot;</span> <span class="na">changed=</span><span class="s">&quot;1&quot;</span> <span class="na">churn=</span><span class="s">&quot;89&quot;</span> <span class="nt">/&gt;</span></div><div class='line' id='LC463'>&nbsp;&nbsp;&nbsp;&nbsp;&nbsp;&nbsp;&nbsp;&nbsp;&nbsp;&nbsp;&nbsp;&nbsp;&nbsp;&nbsp;<span class="nt">&lt;version</span> <span class="na">num=</span><span class="s">&quot;124&quot;</span> <span class="na">curr_loc=</span><span class="s">&quot;89&quot;</span> <span class="na">changed=</span><span class="s">&quot;1&quot;</span> <span class="na">churn=</span><span class="s">&quot;89&quot;</span> <span class="nt">/&gt;</span></div><div class='line' id='LC464'>&nbsp;&nbsp;&nbsp;&nbsp;&nbsp;&nbsp;&nbsp;&nbsp;&nbsp;&nbsp;&nbsp;&nbsp;<span class="nt">&lt;/class&gt;</span></div><div class='line' id='LC465'>&nbsp;&nbsp;&nbsp;&nbsp;&nbsp;&nbsp;&nbsp;&nbsp;&nbsp;&nbsp;&nbsp;&nbsp;<span class="nt">&lt;class</span> <span class="na">name=</span><span class="s">&quot;TestName&quot;</span> <span class="na">type=</span><span class="s">&quot;ConcreteClass&quot;</span> <span class="na">maxLoc=</span><span class="s">&quot;39&quot;</span><span class="nt">&gt;</span></div><div class='line' id='LC466'>&nbsp;&nbsp;&nbsp;&nbsp;&nbsp;&nbsp;&nbsp;&nbsp;&nbsp;&nbsp;&nbsp;&nbsp;&nbsp;&nbsp;<span class="nt">&lt;version</span> <span class="na">num=</span><span class="s">&quot;123&quot;</span> <span class="na">curr_loc=</span><span class="s">&quot;39&quot;</span> <span class="na">changed=</span><span class="s">&quot;1&quot;</span> <span class="na">churn=</span><span class="s">&quot;39&quot;</span> <span class="nt">/&gt;</span></div><div class='line' id='LC467'>&nbsp;&nbsp;&nbsp;&nbsp;&nbsp;&nbsp;&nbsp;&nbsp;&nbsp;&nbsp;&nbsp;&nbsp;&nbsp;&nbsp;<span class="nt">&lt;version</span> <span class="na">num=</span><span class="s">&quot;124&quot;</span> <span class="na">curr_loc=</span><span class="s">&quot;39&quot;</span> <span class="na">changed=</span><span class="s">&quot;1&quot;</span> <span class="na">churn=</span><span class="s">&quot;39&quot;</span> <span class="nt">/&gt;</span></div><div class='line' id='LC468'>&nbsp;&nbsp;&nbsp;&nbsp;&nbsp;&nbsp;&nbsp;&nbsp;&nbsp;&nbsp;&nbsp;&nbsp;<span class="nt">&lt;/class&gt;</span></div><div class='line' id='LC469'>&nbsp;&nbsp;&nbsp;&nbsp;&nbsp;&nbsp;&nbsp;&nbsp;&nbsp;&nbsp;&nbsp;&nbsp;<span class="nt">&lt;class</span> <span class="na">name=</span><span class="s">&quot;TestWatchman&quot;</span> <span class="na">type=</span><span class="s">&quot;ConcreteClass&quot;</span> <span class="na">maxLoc=</span><span class="s">&quot;93&quot;</span><span class="nt">&gt;</span></div><div class='line' id='LC470'>&nbsp;&nbsp;&nbsp;&nbsp;&nbsp;&nbsp;&nbsp;&nbsp;&nbsp;&nbsp;&nbsp;&nbsp;&nbsp;&nbsp;<span class="nt">&lt;version</span> <span class="na">num=</span><span class="s">&quot;123&quot;</span> <span class="na">curr_loc=</span><span class="s">&quot;93&quot;</span> <span class="na">changed=</span><span class="s">&quot;1&quot;</span> <span class="na">churn=</span><span class="s">&quot;93&quot;</span> <span class="nt">/&gt;</span></div><div class='line' id='LC471'>&nbsp;&nbsp;&nbsp;&nbsp;&nbsp;&nbsp;&nbsp;&nbsp;&nbsp;&nbsp;&nbsp;&nbsp;&nbsp;&nbsp;<span class="nt">&lt;version</span> <span class="na">num=</span><span class="s">&quot;124&quot;</span> <span class="na">curr_loc=</span><span class="s">&quot;93&quot;</span> <span class="na">changed=</span><span class="s">&quot;1&quot;</span> <span class="na">churn=</span><span class="s">&quot;93&quot;</span> <span class="nt">/&gt;</span></div><div class='line' id='LC472'>&nbsp;&nbsp;&nbsp;&nbsp;&nbsp;&nbsp;&nbsp;&nbsp;&nbsp;&nbsp;&nbsp;&nbsp;<span class="nt">&lt;/class&gt;</span></div><div class='line' id='LC473'>&nbsp;&nbsp;&nbsp;&nbsp;&nbsp;&nbsp;&nbsp;&nbsp;&nbsp;&nbsp;&nbsp;&nbsp;<span class="nt">&lt;class</span> <span class="na">name=</span><span class="s">&quot;Timeout&quot;</span> <span class="na">type=</span><span class="s">&quot;ConcreteClass&quot;</span> <span class="na">maxLoc=</span><span class="s">&quot;49&quot;</span><span class="nt">&gt;</span></div><div class='line' id='LC474'>&nbsp;&nbsp;&nbsp;&nbsp;&nbsp;&nbsp;&nbsp;&nbsp;&nbsp;&nbsp;&nbsp;&nbsp;&nbsp;&nbsp;<span class="nt">&lt;version</span> <span class="na">num=</span><span class="s">&quot;123&quot;</span> <span class="na">curr_loc=</span><span class="s">&quot;49&quot;</span> <span class="na">changed=</span><span class="s">&quot;1&quot;</span> <span class="na">churn=</span><span class="s">&quot;49&quot;</span> <span class="nt">/&gt;</span></div><div class='line' id='LC475'>&nbsp;&nbsp;&nbsp;&nbsp;&nbsp;&nbsp;&nbsp;&nbsp;&nbsp;&nbsp;&nbsp;&nbsp;&nbsp;&nbsp;<span class="nt">&lt;version</span> <span class="na">num=</span><span class="s">&quot;124&quot;</span> <span class="na">curr_loc=</span><span class="s">&quot;49&quot;</span> <span class="na">changed=</span><span class="s">&quot;1&quot;</span> <span class="na">churn=</span><span class="s">&quot;49&quot;</span> <span class="nt">/&gt;</span></div><div class='line' id='LC476'>&nbsp;&nbsp;&nbsp;&nbsp;&nbsp;&nbsp;&nbsp;&nbsp;&nbsp;&nbsp;&nbsp;&nbsp;<span class="nt">&lt;/class&gt;</span></div><div class='line' id='LC477'>&nbsp;&nbsp;&nbsp;&nbsp;&nbsp;&nbsp;&nbsp;&nbsp;&nbsp;&nbsp;&nbsp;&nbsp;<span class="nt">&lt;class</span> <span class="na">name=</span><span class="s">&quot;Verifier&quot;</span> <span class="na">type=</span><span class="s">&quot;ConcreteClass&quot;</span> <span class="na">maxLoc=</span><span class="s">&quot;46&quot;</span><span class="nt">&gt;</span></div><div class='line' id='LC478'>&nbsp;&nbsp;&nbsp;&nbsp;&nbsp;&nbsp;&nbsp;&nbsp;&nbsp;&nbsp;&nbsp;&nbsp;&nbsp;&nbsp;<span class="nt">&lt;version</span> <span class="na">num=</span><span class="s">&quot;123&quot;</span> <span class="na">curr_loc=</span><span class="s">&quot;46&quot;</span> <span class="na">changed=</span><span class="s">&quot;1&quot;</span> <span class="na">churn=</span><span class="s">&quot;46&quot;</span> <span class="nt">/&gt;</span></div><div class='line' id='LC479'>&nbsp;&nbsp;&nbsp;&nbsp;&nbsp;&nbsp;&nbsp;&nbsp;&nbsp;&nbsp;&nbsp;&nbsp;&nbsp;&nbsp;<span class="nt">&lt;version</span> <span class="na">num=</span><span class="s">&quot;124&quot;</span> <span class="na">curr_loc=</span><span class="s">&quot;46&quot;</span> <span class="na">changed=</span><span class="s">&quot;1&quot;</span> <span class="na">churn=</span><span class="s">&quot;46&quot;</span> <span class="nt">/&gt;</span></div><div class='line' id='LC480'>&nbsp;&nbsp;&nbsp;&nbsp;&nbsp;&nbsp;&nbsp;&nbsp;&nbsp;&nbsp;&nbsp;&nbsp;<span class="nt">&lt;/class&gt;</span></div><div class='line' id='LC481'>&nbsp;&nbsp;&nbsp;&nbsp;&nbsp;&nbsp;&nbsp;&nbsp;&nbsp;&nbsp;<span class="nt">&lt;/package&gt;</span></div><div class='line' id='LC482'>&nbsp;&nbsp;&nbsp;&nbsp;&nbsp;&nbsp;&nbsp;&nbsp;&nbsp;&nbsp;<span class="nt">&lt;class</span> <span class="na">name=</span><span class="s">&quot;ParallelComputer&quot;</span> <span class="na">type=</span><span class="s">&quot;ConcreteClass&quot;</span> <span class="na">maxLoc=</span><span class="s">&quot;132&quot;</span><span class="nt">&gt;</span></div><div class='line' id='LC483'>&nbsp;&nbsp;&nbsp;&nbsp;&nbsp;&nbsp;&nbsp;&nbsp;&nbsp;&nbsp;&nbsp;&nbsp;<span class="nt">&lt;version</span> <span class="na">num=</span><span class="s">&quot;124&quot;</span> <span class="na">curr_loc=</span><span class="s">&quot;78&quot;</span> <span class="na">changed=</span><span class="s">&quot;1&quot;</span> <span class="na">churn=</span><span class="s">&quot;78&quot;</span> <span class="nt">/&gt;</span></div><div class='line' id='LC484'>&nbsp;&nbsp;&nbsp;&nbsp;&nbsp;&nbsp;&nbsp;&nbsp;&nbsp;&nbsp;&nbsp;&nbsp;<span class="nt">&lt;version</span> <span class="na">num=</span><span class="s">&quot;192&quot;</span> <span class="na">curr_loc=</span><span class="s">&quot;78&quot;</span> <span class="na">changed=</span><span class="s">&quot;1&quot;</span> <span class="na">churn=</span><span class="s">&quot;78&quot;</span> <span class="nt">/&gt;</span></div><div class='line' id='LC485'>&nbsp;&nbsp;&nbsp;&nbsp;&nbsp;&nbsp;&nbsp;&nbsp;&nbsp;&nbsp;&nbsp;&nbsp;<span class="nt">&lt;version</span> <span class="na">num=</span><span class="s">&quot;200&quot;</span> <span class="na">curr_loc=</span><span class="s">&quot;78&quot;</span> <span class="na">changed=</span><span class="s">&quot;1&quot;</span> <span class="na">churn=</span><span class="s">&quot;78&quot;</span> <span class="nt">/&gt;</span></div><div class='line' id='LC486'>&nbsp;&nbsp;&nbsp;&nbsp;&nbsp;&nbsp;&nbsp;&nbsp;&nbsp;&nbsp;&nbsp;&nbsp;<span class="nt">&lt;version</span> <span class="na">num=</span><span class="s">&quot;209&quot;</span> <span class="na">curr_loc=</span><span class="s">&quot;79&quot;</span> <span class="na">changed=</span><span class="s">&quot;1&quot;</span> <span class="na">churn=</span><span class="s">&quot;79&quot;</span> <span class="nt">/&gt;</span></div><div class='line' id='LC487'>&nbsp;&nbsp;&nbsp;&nbsp;&nbsp;&nbsp;&nbsp;&nbsp;&nbsp;&nbsp;&nbsp;&nbsp;<span class="nt">&lt;version</span> <span class="na">num=</span><span class="s">&quot;212&quot;</span> <span class="na">curr_loc=</span><span class="s">&quot;80&quot;</span> <span class="na">changed=</span><span class="s">&quot;1&quot;</span> <span class="na">churn=</span><span class="s">&quot;80&quot;</span> <span class="nt">/&gt;</span></div><div class='line' id='LC488'>&nbsp;&nbsp;&nbsp;&nbsp;&nbsp;&nbsp;&nbsp;&nbsp;&nbsp;&nbsp;&nbsp;&nbsp;<span class="nt">&lt;version</span> <span class="na">num=</span><span class="s">&quot;217&quot;</span> <span class="na">curr_loc=</span><span class="s">&quot;79&quot;</span> <span class="na">changed=</span><span class="s">&quot;1&quot;</span> <span class="na">churn=</span><span class="s">&quot;81&quot;</span> <span class="nt">/&gt;</span></div><div class='line' id='LC489'>&nbsp;&nbsp;&nbsp;&nbsp;&nbsp;&nbsp;&nbsp;&nbsp;&nbsp;&nbsp;&nbsp;&nbsp;<span class="nt">&lt;version</span> <span class="na">num=</span><span class="s">&quot;224&quot;</span> <span class="na">curr_loc=</span><span class="s">&quot;103&quot;</span> <span class="na">changed=</span><span class="s">&quot;1&quot;</span> <span class="na">churn=</span><span class="s">&quot;105&quot;</span> <span class="nt">/&gt;</span></div><div class='line' id='LC490'>&nbsp;&nbsp;&nbsp;&nbsp;&nbsp;&nbsp;&nbsp;&nbsp;&nbsp;&nbsp;&nbsp;&nbsp;<span class="nt">&lt;version</span> <span class="na">num=</span><span class="s">&quot;227&quot;</span> <span class="na">curr_loc=</span><span class="s">&quot;103&quot;</span> <span class="na">changed=</span><span class="s">&quot;1&quot;</span> <span class="na">churn=</span><span class="s">&quot;105&quot;</span> <span class="nt">/&gt;</span></div><div class='line' id='LC491'>&nbsp;&nbsp;&nbsp;&nbsp;&nbsp;&nbsp;&nbsp;&nbsp;&nbsp;&nbsp;&nbsp;&nbsp;<span class="nt">&lt;version</span> <span class="na">num=</span><span class="s">&quot;228&quot;</span> <span class="na">curr_loc=</span><span class="s">&quot;103&quot;</span> <span class="na">changed=</span><span class="s">&quot;1&quot;</span> <span class="na">churn=</span><span class="s">&quot;105&quot;</span> <span class="nt">/&gt;</span></div><div class='line' id='LC492'>&nbsp;&nbsp;&nbsp;&nbsp;&nbsp;&nbsp;&nbsp;&nbsp;&nbsp;&nbsp;&nbsp;&nbsp;<span class="nt">&lt;version</span> <span class="na">num=</span><span class="s">&quot;233&quot;</span> <span class="na">curr_loc=</span><span class="s">&quot;128&quot;</span> <span class="na">changed=</span><span class="s">&quot;1&quot;</span> <span class="na">churn=</span><span class="s">&quot;130&quot;</span> <span class="nt">/&gt;</span></div><div class='line' id='LC493'>&nbsp;&nbsp;&nbsp;&nbsp;&nbsp;&nbsp;&nbsp;&nbsp;&nbsp;&nbsp;&nbsp;&nbsp;<span class="nt">&lt;version</span> <span class="na">num=</span><span class="s">&quot;235&quot;</span> <span class="na">curr_loc=</span><span class="s">&quot;132&quot;</span> <span class="na">changed=</span><span class="s">&quot;1&quot;</span> <span class="na">churn=</span><span class="s">&quot;134&quot;</span> <span class="nt">/&gt;</span></div><div class='line' id='LC494'>&nbsp;&nbsp;&nbsp;&nbsp;&nbsp;&nbsp;&nbsp;&nbsp;&nbsp;&nbsp;&nbsp;&nbsp;<span class="nt">&lt;version</span> <span class="na">num=</span><span class="s">&quot;240&quot;</span> <span class="na">curr_loc=</span><span class="s">&quot;103&quot;</span> <span class="na">changed=</span><span class="s">&quot;1&quot;</span> <span class="na">churn=</span><span class="s">&quot;163&quot;</span> <span class="nt">/&gt;</span></div><div class='line' id='LC495'>&nbsp;&nbsp;&nbsp;&nbsp;&nbsp;&nbsp;&nbsp;&nbsp;&nbsp;&nbsp;&nbsp;&nbsp;<span class="nt">&lt;version</span> <span class="na">num=</span><span class="s">&quot;243&quot;</span> <span class="na">curr_loc=</span><span class="s">&quot;128&quot;</span> <span class="na">changed=</span><span class="s">&quot;1&quot;</span> <span class="na">churn=</span><span class="s">&quot;188&quot;</span> <span class="nt">/&gt;</span></div><div class='line' id='LC496'>&nbsp;&nbsp;&nbsp;&nbsp;&nbsp;&nbsp;&nbsp;&nbsp;&nbsp;&nbsp;&nbsp;&nbsp;<span class="nt">&lt;version</span> <span class="na">num=</span><span class="s">&quot;244&quot;</span> <span class="na">curr_loc=</span><span class="s">&quot;132&quot;</span> <span class="na">changed=</span><span class="s">&quot;1&quot;</span> <span class="na">churn=</span><span class="s">&quot;192&quot;</span> <span class="nt">/&gt;</span></div><div class='line' id='LC497'>&nbsp;&nbsp;&nbsp;&nbsp;&nbsp;&nbsp;&nbsp;&nbsp;&nbsp;&nbsp;&nbsp;&nbsp;<span class="nt">&lt;version</span> <span class="na">num=</span><span class="s">&quot;280&quot;</span> <span class="na">curr_loc=</span><span class="s">&quot;120&quot;</span> <span class="na">changed=</span><span class="s">&quot;1&quot;</span> <span class="na">churn=</span><span class="s">&quot;204&quot;</span> <span class="nt">/&gt;</span></div><div class='line' id='LC498'>&nbsp;&nbsp;&nbsp;&nbsp;&nbsp;&nbsp;&nbsp;&nbsp;&nbsp;&nbsp;&nbsp;&nbsp;<span class="nt">&lt;version</span> <span class="na">num=</span><span class="s">&quot;282&quot;</span> <span class="na">curr_loc=</span><span class="s">&quot;120&quot;</span> <span class="na">changed=</span><span class="s">&quot;1&quot;</span> <span class="na">churn=</span><span class="s">&quot;204&quot;</span> <span class="nt">/&gt;</span></div><div class='line' id='LC499'>&nbsp;&nbsp;&nbsp;&nbsp;&nbsp;&nbsp;&nbsp;&nbsp;&nbsp;&nbsp;<span class="nt">&lt;/class&gt;</span></div><div class='line' id='LC500'>&nbsp;&nbsp;&nbsp;&nbsp;&nbsp;&nbsp;&nbsp;&nbsp;<span class="nt">&lt;/package&gt;</span></div><div class='line' id='LC501'>&nbsp;&nbsp;&nbsp;&nbsp;&nbsp;&nbsp;&nbsp;&nbsp;<span class="nt">&lt;package</span> <span class="na">name=</span><span class="s">&quot;runner&quot;</span><span class="nt">&gt;</span></div><div class='line' id='LC502'>&nbsp;&nbsp;&nbsp;&nbsp;&nbsp;&nbsp;&nbsp;&nbsp;&nbsp;&nbsp;<span class="nt">&lt;class</span> <span class="na">name=</span><span class="s">&quot;Description&quot;</span> <span class="na">type=</span><span class="s">&quot;ConcreteClass&quot;</span> <span class="na">maxLoc=</span><span class="s">&quot;261&quot;</span><span class="nt">&gt;</span></div><div class='line' id='LC503'>&nbsp;&nbsp;&nbsp;&nbsp;&nbsp;&nbsp;&nbsp;&nbsp;&nbsp;&nbsp;&nbsp;&nbsp;<span class="nt">&lt;version</span> <span class="na">num=</span><span class="s">&quot;1&quot;</span> <span class="na">curr_loc=</span><span class="s">&quot;240&quot;</span> <span class="na">changed=</span><span class="s">&quot;1&quot;</span> <span class="na">churn=</span><span class="s">&quot;240&quot;</span> <span class="nt">/&gt;</span></div><div class='line' id='LC504'>&nbsp;&nbsp;&nbsp;&nbsp;&nbsp;&nbsp;&nbsp;&nbsp;&nbsp;&nbsp;&nbsp;&nbsp;<span class="nt">&lt;version</span> <span class="na">num=</span><span class="s">&quot;54&quot;</span> <span class="na">curr_loc=</span><span class="s">&quot;241&quot;</span> <span class="na">changed=</span><span class="s">&quot;1&quot;</span> <span class="na">churn=</span><span class="s">&quot;241&quot;</span> <span class="nt">/&gt;</span></div><div class='line' id='LC505'>&nbsp;&nbsp;&nbsp;&nbsp;&nbsp;&nbsp;&nbsp;&nbsp;&nbsp;&nbsp;&nbsp;&nbsp;<span class="nt">&lt;version</span> <span class="na">num=</span><span class="s">&quot;62&quot;</span> <span class="na">curr_loc=</span><span class="s">&quot;241&quot;</span> <span class="na">changed=</span><span class="s">&quot;1&quot;</span> <span class="na">churn=</span><span class="s">&quot;241&quot;</span> <span class="nt">/&gt;</span></div><div class='line' id='LC506'>&nbsp;&nbsp;&nbsp;&nbsp;&nbsp;&nbsp;&nbsp;&nbsp;&nbsp;&nbsp;&nbsp;&nbsp;<span class="nt">&lt;version</span> <span class="na">num=</span><span class="s">&quot;67&quot;</span> <span class="na">curr_loc=</span><span class="s">&quot;261&quot;</span> <span class="na">changed=</span><span class="s">&quot;1&quot;</span> <span class="na">churn=</span><span class="s">&quot;261&quot;</span> <span class="nt">/&gt;</span></div><div class='line' id='LC507'>&nbsp;&nbsp;&nbsp;&nbsp;&nbsp;&nbsp;&nbsp;&nbsp;&nbsp;&nbsp;&nbsp;&nbsp;<span class="nt">&lt;version</span> <span class="na">num=</span><span class="s">&quot;69&quot;</span> <span class="na">curr_loc=</span><span class="s">&quot;261&quot;</span> <span class="na">changed=</span><span class="s">&quot;1&quot;</span> <span class="na">churn=</span><span class="s">&quot;261&quot;</span> <span class="nt">/&gt;</span></div><div class='line' id='LC508'>&nbsp;&nbsp;&nbsp;&nbsp;&nbsp;&nbsp;&nbsp;&nbsp;&nbsp;&nbsp;&nbsp;&nbsp;<span class="nt">&lt;version</span> <span class="na">num=</span><span class="s">&quot;72&quot;</span> <span class="na">curr_loc=</span><span class="s">&quot;251&quot;</span> <span class="na">changed=</span><span class="s">&quot;1&quot;</span> <span class="na">churn=</span><span class="s">&quot;271&quot;</span> <span class="nt">/&gt;</span></div><div class='line' id='LC509'>&nbsp;&nbsp;&nbsp;&nbsp;&nbsp;&nbsp;&nbsp;&nbsp;&nbsp;&nbsp;&nbsp;&nbsp;<span class="nt">&lt;version</span> <span class="na">num=</span><span class="s">&quot;74&quot;</span> <span class="na">curr_loc=</span><span class="s">&quot;246&quot;</span> <span class="na">changed=</span><span class="s">&quot;1&quot;</span> <span class="na">churn=</span><span class="s">&quot;276&quot;</span> <span class="nt">/&gt;</span></div><div class='line' id='LC510'>&nbsp;&nbsp;&nbsp;&nbsp;&nbsp;&nbsp;&nbsp;&nbsp;&nbsp;&nbsp;&nbsp;&nbsp;<span class="nt">&lt;version</span> <span class="na">num=</span><span class="s">&quot;81&quot;</span> <span class="na">curr_loc=</span><span class="s">&quot;247&quot;</span> <span class="na">changed=</span><span class="s">&quot;1&quot;</span> <span class="na">churn=</span><span class="s">&quot;277&quot;</span> <span class="nt">/&gt;</span></div><div class='line' id='LC511'>&nbsp;&nbsp;&nbsp;&nbsp;&nbsp;&nbsp;&nbsp;&nbsp;&nbsp;&nbsp;&nbsp;&nbsp;<span class="nt">&lt;version</span> <span class="na">num=</span><span class="s">&quot;82&quot;</span> <span class="na">curr_loc=</span><span class="s">&quot;241&quot;</span> <span class="na">changed=</span><span class="s">&quot;1&quot;</span> <span class="na">churn=</span><span class="s">&quot;283&quot;</span> <span class="nt">/&gt;</span></div><div class='line' id='LC512'>&nbsp;&nbsp;&nbsp;&nbsp;&nbsp;&nbsp;&nbsp;&nbsp;&nbsp;&nbsp;&nbsp;&nbsp;<span class="nt">&lt;version</span> <span class="na">num=</span><span class="s">&quot;135&quot;</span> <span class="na">curr_loc=</span><span class="s">&quot;241&quot;</span> <span class="na">changed=</span><span class="s">&quot;1&quot;</span> <span class="na">churn=</span><span class="s">&quot;283&quot;</span> <span class="nt">/&gt;</span></div><div class='line' id='LC513'>&nbsp;&nbsp;&nbsp;&nbsp;&nbsp;&nbsp;&nbsp;&nbsp;&nbsp;&nbsp;&nbsp;&nbsp;<span class="nt">&lt;version</span> <span class="na">num=</span><span class="s">&quot;150&quot;</span> <span class="na">curr_loc=</span><span class="s">&quot;241&quot;</span> <span class="na">changed=</span><span class="s">&quot;1&quot;</span> <span class="na">churn=</span><span class="s">&quot;283&quot;</span> <span class="nt">/&gt;</span></div><div class='line' id='LC514'>&nbsp;&nbsp;&nbsp;&nbsp;&nbsp;&nbsp;&nbsp;&nbsp;&nbsp;&nbsp;&nbsp;&nbsp;<span class="nt">&lt;version</span> <span class="na">num=</span><span class="s">&quot;281&quot;</span> <span class="na">curr_loc=</span><span class="s">&quot;229&quot;</span> <span class="na">changed=</span><span class="s">&quot;1&quot;</span> <span class="na">churn=</span><span class="s">&quot;295&quot;</span> <span class="nt">/&gt;</span></div><div class='line' id='LC515'>&nbsp;&nbsp;&nbsp;&nbsp;&nbsp;&nbsp;&nbsp;&nbsp;&nbsp;&nbsp;&nbsp;&nbsp;<span class="nt">&lt;version</span> <span class="na">num=</span><span class="s">&quot;283&quot;</span> <span class="na">curr_loc=</span><span class="s">&quot;229&quot;</span> <span class="na">changed=</span><span class="s">&quot;1&quot;</span> <span class="na">churn=</span><span class="s">&quot;295&quot;</span> <span class="nt">/&gt;</span></div><div class='line' id='LC516'>&nbsp;&nbsp;&nbsp;&nbsp;&nbsp;&nbsp;&nbsp;&nbsp;&nbsp;&nbsp;&nbsp;&nbsp;<span class="nt">&lt;version</span> <span class="na">num=</span><span class="s">&quot;286&quot;</span> <span class="na">curr_loc=</span><span class="s">&quot;229&quot;</span> <span class="na">changed=</span><span class="s">&quot;1&quot;</span> <span class="na">churn=</span><span class="s">&quot;295&quot;</span> <span class="nt">/&gt;</span></div><div class='line' id='LC517'>&nbsp;&nbsp;&nbsp;&nbsp;&nbsp;&nbsp;&nbsp;&nbsp;&nbsp;&nbsp;&nbsp;&nbsp;<span class="nt">&lt;version</span> <span class="na">num=</span><span class="s">&quot;288&quot;</span> <span class="na">curr_loc=</span><span class="s">&quot;249&quot;</span> <span class="na">changed=</span><span class="s">&quot;1&quot;</span> <span class="na">churn=</span><span class="s">&quot;315&quot;</span> <span class="nt">/&gt;</span></div><div class='line' id='LC518'>&nbsp;&nbsp;&nbsp;&nbsp;&nbsp;&nbsp;&nbsp;&nbsp;&nbsp;&nbsp;&nbsp;&nbsp;<span class="nt">&lt;version</span> <span class="na">num=</span><span class="s">&quot;290&quot;</span> <span class="na">curr_loc=</span><span class="s">&quot;236&quot;</span> <span class="na">changed=</span><span class="s">&quot;1&quot;</span> <span class="na">churn=</span><span class="s">&quot;328&quot;</span> <span class="nt">/&gt;</span></div><div class='line' id='LC519'>&nbsp;&nbsp;&nbsp;&nbsp;&nbsp;&nbsp;&nbsp;&nbsp;&nbsp;&nbsp;&nbsp;&nbsp;<span class="nt">&lt;version</span> <span class="na">num=</span><span class="s">&quot;337&quot;</span> <span class="na">curr_loc=</span><span class="s">&quot;192&quot;</span> <span class="na">changed=</span><span class="s">&quot;1&quot;</span> <span class="na">churn=</span><span class="s">&quot;372&quot;</span> <span class="nt">/&gt;</span></div><div class='line' id='LC520'>&nbsp;&nbsp;&nbsp;&nbsp;&nbsp;&nbsp;&nbsp;&nbsp;&nbsp;&nbsp;&nbsp;&nbsp;<span class="nt">&lt;version</span> <span class="na">num=</span><span class="s">&quot;355&quot;</span> <span class="na">curr_loc=</span><span class="s">&quot;193&quot;</span> <span class="na">changed=</span><span class="s">&quot;1&quot;</span> <span class="na">churn=</span><span class="s">&quot;373&quot;</span> <span class="nt">/&gt;</span></div><div class='line' id='LC521'>&nbsp;&nbsp;&nbsp;&nbsp;&nbsp;&nbsp;&nbsp;&nbsp;&nbsp;&nbsp;&nbsp;&nbsp;<span class="nt">&lt;version</span> <span class="na">num=</span><span class="s">&quot;356&quot;</span> <span class="na">curr_loc=</span><span class="s">&quot;174&quot;</span> <span class="na">changed=</span><span class="s">&quot;1&quot;</span> <span class="na">churn=</span><span class="s">&quot;392&quot;</span> <span class="nt">/&gt;</span></div><div class='line' id='LC522'>&nbsp;&nbsp;&nbsp;&nbsp;&nbsp;&nbsp;&nbsp;&nbsp;&nbsp;&nbsp;&nbsp;&nbsp;<span class="nt">&lt;version</span> <span class="na">num=</span><span class="s">&quot;426&quot;</span> <span class="na">curr_loc=</span><span class="s">&quot;169&quot;</span> <span class="na">changed=</span><span class="s">&quot;1&quot;</span> <span class="na">churn=</span><span class="s">&quot;397&quot;</span> <span class="nt">/&gt;</span></div><div class='line' id='LC523'>&nbsp;&nbsp;&nbsp;&nbsp;&nbsp;&nbsp;&nbsp;&nbsp;&nbsp;&nbsp;<span class="nt">&lt;/class&gt;</span></div><div class='line' id='LC524'>&nbsp;&nbsp;&nbsp;&nbsp;&nbsp;&nbsp;&nbsp;&nbsp;&nbsp;&nbsp;<span class="nt">&lt;package</span> <span class="na">name=</span><span class="s">&quot;manipulation&quot;</span><span class="nt">&gt;</span></div><div class='line' id='LC525'>&nbsp;&nbsp;&nbsp;&nbsp;&nbsp;&nbsp;&nbsp;&nbsp;&nbsp;&nbsp;&nbsp;&nbsp;<span class="nt">&lt;class</span> <span class="na">name=</span><span class="s">&quot;Filter&quot;</span> <span class="na">type=</span><span class="s">&quot;AbstractClass&quot;</span> <span class="na">maxLoc=</span><span class="s">&quot;108&quot;</span><span class="nt">&gt;</span></div><div class='line' id='LC526'>&nbsp;&nbsp;&nbsp;&nbsp;&nbsp;&nbsp;&nbsp;&nbsp;&nbsp;&nbsp;&nbsp;&nbsp;&nbsp;&nbsp;<span class="nt">&lt;version</span> <span class="na">num=</span><span class="s">&quot;4&quot;</span> <span class="na">curr_loc=</span><span class="s">&quot;106&quot;</span> <span class="na">changed=</span><span class="s">&quot;1&quot;</span> <span class="na">churn=</span><span class="s">&quot;106&quot;</span> <span class="nt">/&gt;</span></div><div class='line' id='LC527'>&nbsp;&nbsp;&nbsp;&nbsp;&nbsp;&nbsp;&nbsp;&nbsp;&nbsp;&nbsp;&nbsp;&nbsp;&nbsp;&nbsp;<span class="nt">&lt;version</span> <span class="na">num=</span><span class="s">&quot;54&quot;</span> <span class="na">curr_loc=</span><span class="s">&quot;81&quot;</span> <span class="na">changed=</span><span class="s">&quot;1&quot;</span> <span class="na">churn=</span><span class="s">&quot;131&quot;</span> <span class="nt">/&gt;</span></div><div class='line' id='LC528'>&nbsp;&nbsp;&nbsp;&nbsp;&nbsp;&nbsp;&nbsp;&nbsp;&nbsp;&nbsp;&nbsp;&nbsp;&nbsp;&nbsp;<span class="nt">&lt;version</span> <span class="na">num=</span><span class="s">&quot;62&quot;</span> <span class="na">curr_loc=</span><span class="s">&quot;81&quot;</span> <span class="na">changed=</span><span class="s">&quot;1&quot;</span> <span class="na">churn=</span><span class="s">&quot;131&quot;</span> <span class="nt">/&gt;</span></div><div class='line' id='LC529'>&nbsp;&nbsp;&nbsp;&nbsp;&nbsp;&nbsp;&nbsp;&nbsp;&nbsp;&nbsp;&nbsp;&nbsp;&nbsp;&nbsp;<span class="nt">&lt;version</span> <span class="na">num=</span><span class="s">&quot;72&quot;</span> <span class="na">curr_loc=</span><span class="s">&quot;75&quot;</span> <span class="na">changed=</span><span class="s">&quot;1&quot;</span> <span class="na">churn=</span><span class="s">&quot;137&quot;</span> <span class="nt">/&gt;</span></div><div class='line' id='LC530'>&nbsp;&nbsp;&nbsp;&nbsp;&nbsp;&nbsp;&nbsp;&nbsp;&nbsp;&nbsp;&nbsp;&nbsp;&nbsp;&nbsp;<span class="nt">&lt;version</span> <span class="na">num=</span><span class="s">&quot;79&quot;</span> <span class="na">curr_loc=</span><span class="s">&quot;103&quot;</span> <span class="na">changed=</span><span class="s">&quot;1&quot;</span> <span class="na">churn=</span><span class="s">&quot;165&quot;</span> <span class="nt">/&gt;</span></div><div class='line' id='LC531'>&nbsp;&nbsp;&nbsp;&nbsp;&nbsp;&nbsp;&nbsp;&nbsp;&nbsp;&nbsp;&nbsp;&nbsp;&nbsp;&nbsp;<span class="nt">&lt;version</span> <span class="na">num=</span><span class="s">&quot;80&quot;</span> <span class="na">curr_loc=</span><span class="s">&quot;108&quot;</span> <span class="na">changed=</span><span class="s">&quot;1&quot;</span> <span class="na">churn=</span><span class="s">&quot;170&quot;</span> <span class="nt">/&gt;</span></div><div class='line' id='LC532'>&nbsp;&nbsp;&nbsp;&nbsp;&nbsp;&nbsp;&nbsp;&nbsp;&nbsp;&nbsp;&nbsp;&nbsp;&nbsp;&nbsp;<span class="nt">&lt;version</span> <span class="na">num=</span><span class="s">&quot;81&quot;</span> <span class="na">curr_loc=</span><span class="s">&quot;75&quot;</span> <span class="na">changed=</span><span class="s">&quot;1&quot;</span> <span class="na">churn=</span><span class="s">&quot;203&quot;</span> <span class="nt">/&gt;</span></div><div class='line' id='LC533'>&nbsp;&nbsp;&nbsp;&nbsp;&nbsp;&nbsp;&nbsp;&nbsp;&nbsp;&nbsp;&nbsp;&nbsp;&nbsp;&nbsp;<span class="nt">&lt;version</span> <span class="na">num=</span><span class="s">&quot;276&quot;</span> <span class="na">curr_loc=</span><span class="s">&quot;81&quot;</span> <span class="na">changed=</span><span class="s">&quot;1&quot;</span> <span class="na">churn=</span><span class="s">&quot;209&quot;</span> <span class="nt">/&gt;</span></div><div class='line' id='LC534'>&nbsp;&nbsp;&nbsp;&nbsp;&nbsp;&nbsp;&nbsp;&nbsp;&nbsp;&nbsp;&nbsp;&nbsp;&nbsp;&nbsp;<span class="nt">&lt;version</span> <span class="na">num=</span><span class="s">&quot;277&quot;</span> <span class="na">curr_loc=</span><span class="s">&quot;81&quot;</span> <span class="na">changed=</span><span class="s">&quot;1&quot;</span> <span class="na">churn=</span><span class="s">&quot;209&quot;</span> <span class="nt">/&gt;</span></div><div class='line' id='LC535'>&nbsp;&nbsp;&nbsp;&nbsp;&nbsp;&nbsp;&nbsp;&nbsp;&nbsp;&nbsp;&nbsp;&nbsp;&nbsp;&nbsp;<span class="nt">&lt;version</span> <span class="na">num=</span><span class="s">&quot;286&quot;</span> <span class="na">curr_loc=</span><span class="s">&quot;77&quot;</span> <span class="na">changed=</span><span class="s">&quot;1&quot;</span> <span class="na">churn=</span><span class="s">&quot;213&quot;</span> <span class="nt">/&gt;</span></div><div class='line' id='LC536'>&nbsp;&nbsp;&nbsp;&nbsp;&nbsp;&nbsp;&nbsp;&nbsp;&nbsp;&nbsp;&nbsp;&nbsp;&nbsp;&nbsp;<span class="nt">&lt;version</span> <span class="na">num=</span><span class="s">&quot;292&quot;</span> <span class="na">curr_loc=</span><span class="s">&quot;77&quot;</span> <span class="na">changed=</span><span class="s">&quot;1&quot;</span> <span class="na">churn=</span><span class="s">&quot;213&quot;</span> <span class="nt">/&gt;</span></div><div class='line' id='LC537'>&nbsp;&nbsp;&nbsp;&nbsp;&nbsp;&nbsp;&nbsp;&nbsp;&nbsp;&nbsp;&nbsp;&nbsp;&nbsp;&nbsp;<span class="nt">&lt;version</span> <span class="na">num=</span><span class="s">&quot;405&quot;</span> <span class="na">curr_loc=</span><span class="s">&quot;55&quot;</span> <span class="na">changed=</span><span class="s">&quot;1&quot;</span> <span class="na">churn=</span><span class="s">&quot;235&quot;</span> <span class="nt">/&gt;</span></div><div class='line' id='LC538'>&nbsp;&nbsp;&nbsp;&nbsp;&nbsp;&nbsp;&nbsp;&nbsp;&nbsp;&nbsp;&nbsp;&nbsp;&nbsp;&nbsp;<span class="nt">&lt;version</span> <span class="na">num=</span><span class="s">&quot;411&quot;</span> <span class="na">curr_loc=</span><span class="s">&quot;61&quot;</span> <span class="na">changed=</span><span class="s">&quot;1&quot;</span> <span class="na">churn=</span><span class="s">&quot;241&quot;</span> <span class="nt">/&gt;</span></div><div class='line' id='LC539'>&nbsp;&nbsp;&nbsp;&nbsp;&nbsp;&nbsp;&nbsp;&nbsp;&nbsp;&nbsp;&nbsp;&nbsp;<span class="nt">&lt;/class&gt;</span></div><div class='line' id='LC540'>&nbsp;&nbsp;&nbsp;&nbsp;&nbsp;&nbsp;&nbsp;&nbsp;&nbsp;&nbsp;&nbsp;&nbsp;<span class="nt">&lt;class</span> <span class="na">name=</span><span class="s">&quot;Sorter&quot;</span> <span class="na">type=</span><span class="s">&quot;ConcreteClass&quot;</span> <span class="na">maxLoc=</span><span class="s">&quot;47&quot;</span><span class="nt">&gt;</span></div><div class='line' id='LC541'>&nbsp;&nbsp;&nbsp;&nbsp;&nbsp;&nbsp;&nbsp;&nbsp;&nbsp;&nbsp;&nbsp;&nbsp;&nbsp;&nbsp;<span class="nt">&lt;version</span> <span class="na">num=</span><span class="s">&quot;126&quot;</span> <span class="na">curr_loc=</span><span class="s">&quot;46&quot;</span> <span class="na">changed=</span><span class="s">&quot;1&quot;</span> <span class="na">churn=</span><span class="s">&quot;46&quot;</span> <span class="nt">/&gt;</span></div><div class='line' id='LC542'>&nbsp;&nbsp;&nbsp;&nbsp;&nbsp;&nbsp;&nbsp;&nbsp;&nbsp;&nbsp;&nbsp;&nbsp;&nbsp;&nbsp;<span class="nt">&lt;version</span> <span class="na">num=</span><span class="s">&quot;338&quot;</span> <span class="na">curr_loc=</span><span class="s">&quot;47&quot;</span> <span class="na">changed=</span><span class="s">&quot;1&quot;</span> <span class="na">churn=</span><span class="s">&quot;47&quot;</span> <span class="nt">/&gt;</span></div><div class='line' id='LC543'>&nbsp;&nbsp;&nbsp;&nbsp;&nbsp;&nbsp;&nbsp;&nbsp;&nbsp;&nbsp;&nbsp;&nbsp;&nbsp;&nbsp;<span class="nt">&lt;version</span> <span class="na">num=</span><span class="s">&quot;342&quot;</span> <span class="na">curr_loc=</span><span class="s">&quot;44&quot;</span> <span class="na">changed=</span><span class="s">&quot;1&quot;</span> <span class="na">churn=</span><span class="s">&quot;50&quot;</span> <span class="nt">/&gt;</span></div><div class='line' id='LC544'>&nbsp;&nbsp;&nbsp;&nbsp;&nbsp;&nbsp;&nbsp;&nbsp;&nbsp;&nbsp;&nbsp;&nbsp;&nbsp;&nbsp;<span class="nt">&lt;version</span> <span class="na">num=</span><span class="s">&quot;405&quot;</span> <span class="na">curr_loc=</span><span class="s">&quot;40&quot;</span> <span class="na">changed=</span><span class="s">&quot;1&quot;</span> <span class="na">churn=</span><span class="s">&quot;54&quot;</span> <span class="nt">/&gt;</span></div><div class='line' id='LC545'>&nbsp;&nbsp;&nbsp;&nbsp;&nbsp;&nbsp;&nbsp;&nbsp;&nbsp;&nbsp;&nbsp;&nbsp;&nbsp;&nbsp;<span class="nt">&lt;version</span> <span class="na">num=</span><span class="s">&quot;411&quot;</span> <span class="na">curr_loc=</span><span class="s">&quot;46&quot;</span> <span class="na">changed=</span><span class="s">&quot;1&quot;</span> <span class="na">churn=</span><span class="s">&quot;60&quot;</span> <span class="nt">/&gt;</span></div><div class='line' id='LC546'>&nbsp;&nbsp;&nbsp;&nbsp;&nbsp;&nbsp;&nbsp;&nbsp;&nbsp;&nbsp;&nbsp;&nbsp;<span class="nt">&lt;/class&gt;</span></div><div class='line' id='LC547'>&nbsp;&nbsp;&nbsp;&nbsp;&nbsp;&nbsp;&nbsp;&nbsp;&nbsp;&nbsp;&nbsp;&nbsp;<span class="nt">&lt;class</span> <span class="na">name=</span><span class="s">&quot;CategoryFilter&quot;</span> <span class="na">type=</span><span class="s">&quot;ConcreteClass&quot;</span> <span class="na">maxLoc=</span><span class="s">&quot;31&quot;</span><span class="nt">&gt;</span></div><div class='line' id='LC548'>&nbsp;&nbsp;&nbsp;&nbsp;&nbsp;&nbsp;&nbsp;&nbsp;&nbsp;&nbsp;&nbsp;&nbsp;&nbsp;&nbsp;<span class="nt">&lt;version</span> <span class="na">num=</span><span class="s">&quot;426&quot;</span> <span class="na">curr_loc=</span><span class="s">&quot;31&quot;</span> <span class="na">changed=</span><span class="s">&quot;1&quot;</span> <span class="na">churn=</span><span class="s">&quot;31&quot;</span> <span class="nt">/&gt;</span></div><div class='line' id='LC549'>&nbsp;&nbsp;&nbsp;&nbsp;&nbsp;&nbsp;&nbsp;&nbsp;&nbsp;&nbsp;&nbsp;&nbsp;<span class="nt">&lt;/class&gt;</span></div><div class='line' id='LC550'>&nbsp;&nbsp;&nbsp;&nbsp;&nbsp;&nbsp;&nbsp;&nbsp;&nbsp;&nbsp;<span class="nt">&lt;/package&gt;</span></div><div class='line' id='LC551'>&nbsp;&nbsp;&nbsp;&nbsp;&nbsp;&nbsp;&nbsp;&nbsp;&nbsp;&nbsp;<span class="nt">&lt;class</span> <span class="na">name=</span><span class="s">&quot;Result&quot;</span> <span class="na">type=</span><span class="s">&quot;ConcreteClass&quot;</span> <span class="na">maxLoc=</span><span class="s">&quot;137&quot;</span><span class="nt">&gt;</span></div><div class='line' id='LC552'>&nbsp;&nbsp;&nbsp;&nbsp;&nbsp;&nbsp;&nbsp;&nbsp;&nbsp;&nbsp;&nbsp;&nbsp;<span class="nt">&lt;version</span> <span class="na">num=</span><span class="s">&quot;28&quot;</span> <span class="na">curr_loc=</span><span class="s">&quot;104&quot;</span> <span class="na">changed=</span><span class="s">&quot;1&quot;</span> <span class="na">churn=</span><span class="s">&quot;104&quot;</span> <span class="nt">/&gt;</span></div><div class='line' id='LC553'>&nbsp;&nbsp;&nbsp;&nbsp;&nbsp;&nbsp;&nbsp;&nbsp;&nbsp;&nbsp;&nbsp;&nbsp;<span class="nt">&lt;version</span> <span class="na">num=</span><span class="s">&quot;89&quot;</span> <span class="na">curr_loc=</span><span class="s">&quot;104&quot;</span> <span class="na">changed=</span><span class="s">&quot;1&quot;</span> <span class="na">churn=</span><span class="s">&quot;104&quot;</span> <span class="nt">/&gt;</span></div><div class='line' id='LC554'>&nbsp;&nbsp;&nbsp;&nbsp;&nbsp;&nbsp;&nbsp;&nbsp;&nbsp;&nbsp;&nbsp;&nbsp;<span class="nt">&lt;version</span> <span class="na">num=</span><span class="s">&quot;107&quot;</span> <span class="na">curr_loc=</span><span class="s">&quot;104&quot;</span> <span class="na">changed=</span><span class="s">&quot;1&quot;</span> <span class="na">churn=</span><span class="s">&quot;104&quot;</span> <span class="nt">/&gt;</span></div><div class='line' id='LC555'>&nbsp;&nbsp;&nbsp;&nbsp;&nbsp;&nbsp;&nbsp;&nbsp;&nbsp;&nbsp;&nbsp;&nbsp;<span class="nt">&lt;version</span> <span class="na">num=</span><span class="s">&quot;284&quot;</span> <span class="na">curr_loc=</span><span class="s">&quot;102&quot;</span> <span class="na">changed=</span><span class="s">&quot;1&quot;</span> <span class="na">churn=</span><span class="s">&quot;106&quot;</span> <span class="nt">/&gt;</span></div><div class='line' id='LC556'>&nbsp;&nbsp;&nbsp;&nbsp;&nbsp;&nbsp;&nbsp;&nbsp;&nbsp;&nbsp;&nbsp;&nbsp;<span class="nt">&lt;version</span> <span class="na">num=</span><span class="s">&quot;285&quot;</span> <span class="na">curr_loc=</span><span class="s">&quot;102&quot;</span> <span class="na">changed=</span><span class="s">&quot;1&quot;</span> <span class="na">churn=</span><span class="s">&quot;106&quot;</span> <span class="nt">/&gt;</span></div><div class='line' id='LC557'>&nbsp;&nbsp;&nbsp;&nbsp;&nbsp;&nbsp;&nbsp;&nbsp;&nbsp;&nbsp;&nbsp;&nbsp;<span class="nt">&lt;version</span> <span class="na">num=</span><span class="s">&quot;318&quot;</span> <span class="na">curr_loc=</span><span class="s">&quot;107&quot;</span> <span class="na">changed=</span><span class="s">&quot;1&quot;</span> <span class="na">churn=</span><span class="s">&quot;111&quot;</span> <span class="nt">/&gt;</span></div><div class='line' id='LC558'>&nbsp;&nbsp;&nbsp;&nbsp;&nbsp;&nbsp;&nbsp;&nbsp;&nbsp;&nbsp;&nbsp;&nbsp;<span class="nt">&lt;version</span> <span class="na">num=</span><span class="s">&quot;367&quot;</span> <span class="na">curr_loc=</span><span class="s">&quot;102&quot;</span> <span class="na">changed=</span><span class="s">&quot;1&quot;</span> <span class="na">churn=</span><span class="s">&quot;116&quot;</span> <span class="nt">/&gt;</span></div><div class='line' id='LC559'>&nbsp;&nbsp;&nbsp;&nbsp;&nbsp;&nbsp;&nbsp;&nbsp;&nbsp;&nbsp;&nbsp;&nbsp;<span class="nt">&lt;version</span> <span class="na">num=</span><span class="s">&quot;380&quot;</span> <span class="na">curr_loc=</span><span class="s">&quot;127&quot;</span> <span class="na">changed=</span><span class="s">&quot;1&quot;</span> <span class="na">churn=</span><span class="s">&quot;141&quot;</span> <span class="nt">/&gt;</span></div><div class='line' id='LC560'>&nbsp;&nbsp;&nbsp;&nbsp;&nbsp;&nbsp;&nbsp;&nbsp;&nbsp;&nbsp;&nbsp;&nbsp;<span class="nt">&lt;version</span> <span class="na">num=</span><span class="s">&quot;382&quot;</span> <span class="na">curr_loc=</span><span class="s">&quot;137&quot;</span> <span class="na">changed=</span><span class="s">&quot;1&quot;</span> <span class="na">churn=</span><span class="s">&quot;151&quot;</span> <span class="nt">/&gt;</span></div><div class='line' id='LC561'>&nbsp;&nbsp;&nbsp;&nbsp;&nbsp;&nbsp;&nbsp;&nbsp;&nbsp;&nbsp;&nbsp;&nbsp;<span class="nt">&lt;version</span> <span class="na">num=</span><span class="s">&quot;384&quot;</span> <span class="na">curr_loc=</span><span class="s">&quot;137&quot;</span> <span class="na">changed=</span><span class="s">&quot;1&quot;</span> <span class="na">churn=</span><span class="s">&quot;151&quot;</span> <span class="nt">/&gt;</span></div><div class='line' id='LC562'>&nbsp;&nbsp;&nbsp;&nbsp;&nbsp;&nbsp;&nbsp;&nbsp;&nbsp;&nbsp;&nbsp;&nbsp;<span class="nt">&lt;version</span> <span class="na">num=</span><span class="s">&quot;398&quot;</span> <span class="na">curr_loc=</span><span class="s">&quot;137&quot;</span> <span class="na">changed=</span><span class="s">&quot;1&quot;</span> <span class="na">churn=</span><span class="s">&quot;151&quot;</span> <span class="nt">/&gt;</span></div><div class='line' id='LC563'>&nbsp;&nbsp;&nbsp;&nbsp;&nbsp;&nbsp;&nbsp;&nbsp;&nbsp;&nbsp;&nbsp;&nbsp;<span class="nt">&lt;version</span> <span class="na">num=</span><span class="s">&quot;428&quot;</span> <span class="na">curr_loc=</span><span class="s">&quot;116&quot;</span> <span class="na">changed=</span><span class="s">&quot;1&quot;</span> <span class="na">churn=</span><span class="s">&quot;172&quot;</span> <span class="nt">/&gt;</span></div><div class='line' id='LC564'>&nbsp;&nbsp;&nbsp;&nbsp;&nbsp;&nbsp;&nbsp;&nbsp;&nbsp;&nbsp;<span class="nt">&lt;/class&gt;</span></div><div class='line' id='LC565'>&nbsp;&nbsp;&nbsp;&nbsp;&nbsp;&nbsp;&nbsp;&nbsp;&nbsp;&nbsp;<span class="nt">&lt;class</span> <span class="na">name=</span><span class="s">&quot;Plan&quot;</span> <span class="na">type=</span><span class="s">&quot;AbstractClass&quot;</span> <span class="na">maxLoc=</span><span class="s">&quot;35&quot;</span><span class="nt">&gt;</span></div><div class='line' id='LC566'>&nbsp;&nbsp;&nbsp;&nbsp;&nbsp;&nbsp;&nbsp;&nbsp;&nbsp;&nbsp;&nbsp;&nbsp;<span class="nt">&lt;version</span> <span class="na">num=</span><span class="s">&quot;53&quot;</span> <span class="na">curr_loc=</span><span class="s">&quot;35&quot;</span> <span class="na">changed=</span><span class="s">&quot;1&quot;</span> <span class="na">churn=</span><span class="s">&quot;35&quot;</span> <span class="nt">/&gt;</span></div><div class='line' id='LC567'>&nbsp;&nbsp;&nbsp;&nbsp;&nbsp;&nbsp;&nbsp;&nbsp;&nbsp;&nbsp;&nbsp;&nbsp;<span class="nt">&lt;version</span> <span class="na">num=</span><span class="s">&quot;61&quot;</span> <span class="na">curr_loc=</span><span class="s">&quot;35&quot;</span> <span class="na">changed=</span><span class="s">&quot;1&quot;</span> <span class="na">churn=</span><span class="s">&quot;35&quot;</span> <span class="nt">/&gt;</span></div><div class='line' id='LC568'>&nbsp;&nbsp;&nbsp;&nbsp;&nbsp;&nbsp;&nbsp;&nbsp;&nbsp;&nbsp;&nbsp;&nbsp;<span class="nt">&lt;version</span> <span class="na">num=</span><span class="s">&quot;75&quot;</span> <span class="na">curr_loc=</span><span class="s">&quot;28&quot;</span> <span class="na">changed=</span><span class="s">&quot;1&quot;</span> <span class="na">churn=</span><span class="s">&quot;42&quot;</span> <span class="nt">/&gt;</span></div><div class='line' id='LC569'>&nbsp;&nbsp;&nbsp;&nbsp;&nbsp;&nbsp;&nbsp;&nbsp;&nbsp;&nbsp;&nbsp;&nbsp;<span class="nt">&lt;version</span> <span class="na">num=</span><span class="s">&quot;77&quot;</span> <span class="na">curr_loc=</span><span class="s">&quot;29&quot;</span> <span class="na">changed=</span><span class="s">&quot;1&quot;</span> <span class="na">churn=</span><span class="s">&quot;43&quot;</span> <span class="nt">/&gt;</span></div><div class='line' id='LC570'>&nbsp;&nbsp;&nbsp;&nbsp;&nbsp;&nbsp;&nbsp;&nbsp;&nbsp;&nbsp;&nbsp;&nbsp;<span class="nt">&lt;version</span> <span class="na">num=</span><span class="s">&quot;81&quot;</span> <span class="na">curr_loc=</span><span class="s">&quot;35&quot;</span> <span class="na">changed=</span><span class="s">&quot;1&quot;</span> <span class="na">churn=</span><span class="s">&quot;49&quot;</span> <span class="nt">/&gt;</span></div><div class='line' id='LC571'>&nbsp;&nbsp;&nbsp;&nbsp;&nbsp;&nbsp;&nbsp;&nbsp;&nbsp;&nbsp;<span class="nt">&lt;/class&gt;</span></div><div class='line' id='LC572'>&nbsp;&nbsp;&nbsp;&nbsp;&nbsp;&nbsp;&nbsp;&nbsp;&nbsp;&nbsp;<span class="nt">&lt;class</span> <span class="na">name=</span><span class="s">&quot;JUnitCore&quot;</span> <span class="na">type=</span><span class="s">&quot;ConcreteClass&quot;</span> <span class="na">maxLoc=</span><span class="s">&quot;202&quot;</span><span class="nt">&gt;</span></div><div class='line' id='LC573'>&nbsp;&nbsp;&nbsp;&nbsp;&nbsp;&nbsp;&nbsp;&nbsp;&nbsp;&nbsp;&nbsp;&nbsp;<span class="nt">&lt;version</span> <span class="na">num=</span><span class="s">&quot;54&quot;</span> <span class="na">curr_loc=</span><span class="s">&quot;186&quot;</span> <span class="na">changed=</span><span class="s">&quot;1&quot;</span> <span class="na">churn=</span><span class="s">&quot;186&quot;</span> <span class="nt">/&gt;</span></div><div class='line' id='LC574'>&nbsp;&nbsp;&nbsp;&nbsp;&nbsp;&nbsp;&nbsp;&nbsp;&nbsp;&nbsp;&nbsp;&nbsp;<span class="nt">&lt;version</span> <span class="na">num=</span><span class="s">&quot;62&quot;</span> <span class="na">curr_loc=</span><span class="s">&quot;186&quot;</span> <span class="na">changed=</span><span class="s">&quot;1&quot;</span> <span class="na">churn=</span><span class="s">&quot;186&quot;</span> <span class="nt">/&gt;</span></div><div class='line' id='LC575'>&nbsp;&nbsp;&nbsp;&nbsp;&nbsp;&nbsp;&nbsp;&nbsp;&nbsp;&nbsp;&nbsp;&nbsp;<span class="nt">&lt;version</span> <span class="na">num=</span><span class="s">&quot;72&quot;</span> <span class="na">curr_loc=</span><span class="s">&quot;186&quot;</span> <span class="na">changed=</span><span class="s">&quot;1&quot;</span> <span class="na">churn=</span><span class="s">&quot;186&quot;</span> <span class="nt">/&gt;</span></div><div class='line' id='LC576'>&nbsp;&nbsp;&nbsp;&nbsp;&nbsp;&nbsp;&nbsp;&nbsp;&nbsp;&nbsp;&nbsp;&nbsp;<span class="nt">&lt;version</span> <span class="na">num=</span><span class="s">&quot;135&quot;</span> <span class="na">curr_loc=</span><span class="s">&quot;186&quot;</span> <span class="na">changed=</span><span class="s">&quot;1&quot;</span> <span class="na">churn=</span><span class="s">&quot;186&quot;</span> <span class="nt">/&gt;</span></div><div class='line' id='LC577'>&nbsp;&nbsp;&nbsp;&nbsp;&nbsp;&nbsp;&nbsp;&nbsp;&nbsp;&nbsp;&nbsp;&nbsp;<span class="nt">&lt;version</span> <span class="na">num=</span><span class="s">&quot;150&quot;</span> <span class="na">curr_loc=</span><span class="s">&quot;186&quot;</span> <span class="na">changed=</span><span class="s">&quot;1&quot;</span> <span class="na">churn=</span><span class="s">&quot;186&quot;</span> <span class="nt">/&gt;</span></div><div class='line' id='LC578'>&nbsp;&nbsp;&nbsp;&nbsp;&nbsp;&nbsp;&nbsp;&nbsp;&nbsp;&nbsp;&nbsp;&nbsp;<span class="nt">&lt;version</span> <span class="na">num=</span><span class="s">&quot;281&quot;</span> <span class="na">curr_loc=</span><span class="s">&quot;188&quot;</span> <span class="na">changed=</span><span class="s">&quot;1&quot;</span> <span class="na">churn=</span><span class="s">&quot;188&quot;</span> <span class="nt">/&gt;</span></div><div class='line' id='LC579'>&nbsp;&nbsp;&nbsp;&nbsp;&nbsp;&nbsp;&nbsp;&nbsp;&nbsp;&nbsp;&nbsp;&nbsp;<span class="nt">&lt;version</span> <span class="na">num=</span><span class="s">&quot;283&quot;</span> <span class="na">curr_loc=</span><span class="s">&quot;188&quot;</span> <span class="na">changed=</span><span class="s">&quot;1&quot;</span> <span class="na">churn=</span><span class="s">&quot;188&quot;</span> <span class="nt">/&gt;</span></div><div class='line' id='LC580'>&nbsp;&nbsp;&nbsp;&nbsp;&nbsp;&nbsp;&nbsp;&nbsp;&nbsp;&nbsp;&nbsp;&nbsp;<span class="nt">&lt;version</span> <span class="na">num=</span><span class="s">&quot;286&quot;</span> <span class="na">curr_loc=</span><span class="s">&quot;193&quot;</span> <span class="na">changed=</span><span class="s">&quot;1&quot;</span> <span class="na">churn=</span><span class="s">&quot;193&quot;</span> <span class="nt">/&gt;</span></div><div class='line' id='LC581'>&nbsp;&nbsp;&nbsp;&nbsp;&nbsp;&nbsp;&nbsp;&nbsp;&nbsp;&nbsp;&nbsp;&nbsp;<span class="nt">&lt;version</span> <span class="na">num=</span><span class="s">&quot;290&quot;</span> <span class="na">curr_loc=</span><span class="s">&quot;193&quot;</span> <span class="na">changed=</span><span class="s">&quot;1&quot;</span> <span class="na">churn=</span><span class="s">&quot;193&quot;</span> <span class="nt">/&gt;</span></div><div class='line' id='LC582'>&nbsp;&nbsp;&nbsp;&nbsp;&nbsp;&nbsp;&nbsp;&nbsp;&nbsp;&nbsp;&nbsp;&nbsp;<span class="nt">&lt;version</span> <span class="na">num=</span><span class="s">&quot;295&quot;</span> <span class="na">curr_loc=</span><span class="s">&quot;193&quot;</span> <span class="na">changed=</span><span class="s">&quot;1&quot;</span> <span class="na">churn=</span><span class="s">&quot;193&quot;</span> <span class="nt">/&gt;</span></div><div class='line' id='LC583'>&nbsp;&nbsp;&nbsp;&nbsp;&nbsp;&nbsp;&nbsp;&nbsp;&nbsp;&nbsp;&nbsp;&nbsp;<span class="nt">&lt;version</span> <span class="na">num=</span><span class="s">&quot;296&quot;</span> <span class="na">curr_loc=</span><span class="s">&quot;202&quot;</span> <span class="na">changed=</span><span class="s">&quot;1&quot;</span> <span class="na">churn=</span><span class="s">&quot;202&quot;</span> <span class="nt">/&gt;</span></div><div class='line' id='LC584'>&nbsp;&nbsp;&nbsp;&nbsp;&nbsp;&nbsp;&nbsp;&nbsp;&nbsp;&nbsp;&nbsp;&nbsp;<span class="nt">&lt;version</span> <span class="na">num=</span><span class="s">&quot;297&quot;</span> <span class="na">curr_loc=</span><span class="s">&quot;202&quot;</span> <span class="na">changed=</span><span class="s">&quot;1&quot;</span> <span class="na">churn=</span><span class="s">&quot;202&quot;</span> <span class="nt">/&gt;</span></div><div class='line' id='LC585'>&nbsp;&nbsp;&nbsp;&nbsp;&nbsp;&nbsp;&nbsp;&nbsp;&nbsp;&nbsp;&nbsp;&nbsp;<span class="nt">&lt;version</span> <span class="na">num=</span><span class="s">&quot;298&quot;</span> <span class="na">curr_loc=</span><span class="s">&quot;202&quot;</span> <span class="na">changed=</span><span class="s">&quot;1&quot;</span> <span class="na">churn=</span><span class="s">&quot;202&quot;</span> <span class="nt">/&gt;</span></div><div class='line' id='LC586'>&nbsp;&nbsp;&nbsp;&nbsp;&nbsp;&nbsp;&nbsp;&nbsp;&nbsp;&nbsp;&nbsp;&nbsp;<span class="nt">&lt;version</span> <span class="na">num=</span><span class="s">&quot;299&quot;</span> <span class="na">curr_loc=</span><span class="s">&quot;201&quot;</span> <span class="na">changed=</span><span class="s">&quot;1&quot;</span> <span class="na">churn=</span><span class="s">&quot;203&quot;</span> <span class="nt">/&gt;</span></div><div class='line' id='LC587'>&nbsp;&nbsp;&nbsp;&nbsp;&nbsp;&nbsp;&nbsp;&nbsp;&nbsp;&nbsp;&nbsp;&nbsp;<span class="nt">&lt;version</span> <span class="na">num=</span><span class="s">&quot;302&quot;</span> <span class="na">curr_loc=</span><span class="s">&quot;193&quot;</span> <span class="na">changed=</span><span class="s">&quot;1&quot;</span> <span class="na">churn=</span><span class="s">&quot;211&quot;</span> <span class="nt">/&gt;</span></div><div class='line' id='LC588'>&nbsp;&nbsp;&nbsp;&nbsp;&nbsp;&nbsp;&nbsp;&nbsp;&nbsp;&nbsp;&nbsp;&nbsp;<span class="nt">&lt;version</span> <span class="na">num=</span><span class="s">&quot;304&quot;</span> <span class="na">curr_loc=</span><span class="s">&quot;190&quot;</span> <span class="na">changed=</span><span class="s">&quot;1&quot;</span> <span class="na">churn=</span><span class="s">&quot;214&quot;</span> <span class="nt">/&gt;</span></div><div class='line' id='LC589'>&nbsp;&nbsp;&nbsp;&nbsp;&nbsp;&nbsp;&nbsp;&nbsp;&nbsp;&nbsp;&nbsp;&nbsp;<span class="nt">&lt;version</span> <span class="na">num=</span><span class="s">&quot;381&quot;</span> <span class="na">curr_loc=</span><span class="s">&quot;166&quot;</span> <span class="na">changed=</span><span class="s">&quot;1&quot;</span> <span class="na">churn=</span><span class="s">&quot;238&quot;</span> <span class="nt">/&gt;</span></div><div class='line' id='LC590'>&nbsp;&nbsp;&nbsp;&nbsp;&nbsp;&nbsp;&nbsp;&nbsp;&nbsp;&nbsp;<span class="nt">&lt;/class&gt;</span></div><div class='line' id='LC591'>&nbsp;&nbsp;&nbsp;&nbsp;&nbsp;&nbsp;&nbsp;&nbsp;&nbsp;&nbsp;<span class="nt">&lt;class</span> <span class="na">name=</span><span class="s">&quot;Runner&quot;</span> <span class="na">type=</span><span class="s">&quot;AbstractClass&quot;</span> <span class="na">maxLoc=</span><span class="s">&quot;54&quot;</span><span class="nt">&gt;</span></div><div class='line' id='LC592'>&nbsp;&nbsp;&nbsp;&nbsp;&nbsp;&nbsp;&nbsp;&nbsp;&nbsp;&nbsp;&nbsp;&nbsp;<span class="nt">&lt;version</span> <span class="na">num=</span><span class="s">&quot;54&quot;</span> <span class="na">curr_loc=</span><span class="s">&quot;40&quot;</span> <span class="na">changed=</span><span class="s">&quot;1&quot;</span> <span class="na">churn=</span><span class="s">&quot;40&quot;</span> <span class="nt">/&gt;</span></div><div class='line' id='LC593'>&nbsp;&nbsp;&nbsp;&nbsp;&nbsp;&nbsp;&nbsp;&nbsp;&nbsp;&nbsp;&nbsp;&nbsp;<span class="nt">&lt;version</span> <span class="na">num=</span><span class="s">&quot;62&quot;</span> <span class="na">curr_loc=</span><span class="s">&quot;40&quot;</span> <span class="na">changed=</span><span class="s">&quot;1&quot;</span> <span class="na">churn=</span><span class="s">&quot;40&quot;</span> <span class="nt">/&gt;</span></div><div class='line' id='LC594'>&nbsp;&nbsp;&nbsp;&nbsp;&nbsp;&nbsp;&nbsp;&nbsp;&nbsp;&nbsp;&nbsp;&nbsp;<span class="nt">&lt;version</span> <span class="na">num=</span><span class="s">&quot;69&quot;</span> <span class="na">curr_loc=</span><span class="s">&quot;54&quot;</span> <span class="na">changed=</span><span class="s">&quot;1&quot;</span> <span class="na">churn=</span><span class="s">&quot;54&quot;</span> <span class="nt">/&gt;</span></div><div class='line' id='LC595'>&nbsp;&nbsp;&nbsp;&nbsp;&nbsp;&nbsp;&nbsp;&nbsp;&nbsp;&nbsp;&nbsp;&nbsp;<span class="nt">&lt;version</span> <span class="na">num=</span><span class="s">&quot;75&quot;</span> <span class="na">curr_loc=</span><span class="s">&quot;44&quot;</span> <span class="na">changed=</span><span class="s">&quot;1&quot;</span> <span class="na">churn=</span><span class="s">&quot;64&quot;</span> <span class="nt">/&gt;</span></div><div class='line' id='LC596'>&nbsp;&nbsp;&nbsp;&nbsp;&nbsp;&nbsp;&nbsp;&nbsp;&nbsp;&nbsp;&nbsp;&nbsp;<span class="nt">&lt;version</span> <span class="na">num=</span><span class="s">&quot;81&quot;</span> <span class="na">curr_loc=</span><span class="s">&quot;44&quot;</span> <span class="na">changed=</span><span class="s">&quot;1&quot;</span> <span class="na">churn=</span><span class="s">&quot;64&quot;</span> <span class="nt">/&gt;</span></div><div class='line' id='LC597'>&nbsp;&nbsp;&nbsp;&nbsp;&nbsp;&nbsp;&nbsp;&nbsp;&nbsp;&nbsp;<span class="nt">&lt;/class&gt;</span></div><div class='line' id='LC598'>&nbsp;&nbsp;&nbsp;&nbsp;&nbsp;&nbsp;&nbsp;&nbsp;&nbsp;&nbsp;<span class="nt">&lt;package</span> <span class="na">name=</span><span class="s">&quot;notification&quot;</span><span class="nt">&gt;</span></div><div class='line' id='LC599'>&nbsp;&nbsp;&nbsp;&nbsp;&nbsp;&nbsp;&nbsp;&nbsp;&nbsp;&nbsp;&nbsp;&nbsp;<span class="nt">&lt;class</span> <span class="na">name=</span><span class="s">&quot;RunListener&quot;</span> <span class="na">type=</span><span class="s">&quot;ConcreteClass&quot;</span> <span class="na">maxLoc=</span><span class="s">&quot;119&quot;</span><span class="nt">&gt;</span></div><div class='line' id='LC600'>&nbsp;&nbsp;&nbsp;&nbsp;&nbsp;&nbsp;&nbsp;&nbsp;&nbsp;&nbsp;&nbsp;&nbsp;&nbsp;&nbsp;<span class="nt">&lt;version</span> <span class="na">num=</span><span class="s">&quot;54&quot;</span> <span class="na">curr_loc=</span><span class="s">&quot;91&quot;</span> <span class="na">changed=</span><span class="s">&quot;1&quot;</span> <span class="na">churn=</span><span class="s">&quot;91&quot;</span> <span class="nt">/&gt;</span></div><div class='line' id='LC601'>&nbsp;&nbsp;&nbsp;&nbsp;&nbsp;&nbsp;&nbsp;&nbsp;&nbsp;&nbsp;&nbsp;&nbsp;&nbsp;&nbsp;<span class="nt">&lt;version</span> <span class="na">num=</span><span class="s">&quot;62&quot;</span> <span class="na">curr_loc=</span><span class="s">&quot;91&quot;</span> <span class="na">changed=</span><span class="s">&quot;1&quot;</span> <span class="na">churn=</span><span class="s">&quot;91&quot;</span> <span class="nt">/&gt;</span></div><div class='line' id='LC602'>&nbsp;&nbsp;&nbsp;&nbsp;&nbsp;&nbsp;&nbsp;&nbsp;&nbsp;&nbsp;&nbsp;&nbsp;&nbsp;&nbsp;<span class="nt">&lt;version</span> <span class="na">num=</span><span class="s">&quot;72&quot;</span> <span class="na">curr_loc=</span><span class="s">&quot;101&quot;</span> <span class="na">changed=</span><span class="s">&quot;1&quot;</span> <span class="na">churn=</span><span class="s">&quot;101&quot;</span> <span class="nt">/&gt;</span></div><div class='line' id='LC603'>&nbsp;&nbsp;&nbsp;&nbsp;&nbsp;&nbsp;&nbsp;&nbsp;&nbsp;&nbsp;&nbsp;&nbsp;&nbsp;&nbsp;<span class="nt">&lt;version</span> <span class="na">num=</span><span class="s">&quot;318&quot;</span> <span class="na">curr_loc=</span><span class="s">&quot;91&quot;</span> <span class="na">changed=</span><span class="s">&quot;1&quot;</span> <span class="na">churn=</span><span class="s">&quot;111&quot;</span> <span class="nt">/&gt;</span></div><div class='line' id='LC604'>&nbsp;&nbsp;&nbsp;&nbsp;&nbsp;&nbsp;&nbsp;&nbsp;&nbsp;&nbsp;&nbsp;&nbsp;&nbsp;&nbsp;<span class="nt">&lt;version</span> <span class="na">num=</span><span class="s">&quot;365&quot;</span> <span class="na">curr_loc=</span><span class="s">&quot;79&quot;</span> <span class="na">changed=</span><span class="s">&quot;1&quot;</span> <span class="na">churn=</span><span class="s">&quot;123&quot;</span> <span class="nt">/&gt;</span></div><div class='line' id='LC605'>&nbsp;&nbsp;&nbsp;&nbsp;&nbsp;&nbsp;&nbsp;&nbsp;&nbsp;&nbsp;&nbsp;&nbsp;&nbsp;&nbsp;<span class="nt">&lt;version</span> <span class="na">num=</span><span class="s">&quot;367&quot;</span> <span class="na">curr_loc=</span><span class="s">&quot;82&quot;</span> <span class="na">changed=</span><span class="s">&quot;1&quot;</span> <span class="na">churn=</span><span class="s">&quot;126&quot;</span> <span class="nt">/&gt;</span></div><div class='line' id='LC606'>&nbsp;&nbsp;&nbsp;&nbsp;&nbsp;&nbsp;&nbsp;&nbsp;&nbsp;&nbsp;&nbsp;&nbsp;&nbsp;&nbsp;<span class="nt">&lt;version</span> <span class="na">num=</span><span class="s">&quot;382&quot;</span> <span class="na">curr_loc=</span><span class="s">&quot;119&quot;</span> <span class="na">changed=</span><span class="s">&quot;1&quot;</span> <span class="na">churn=</span><span class="s">&quot;163&quot;</span> <span class="nt">/&gt;</span></div><div class='line' id='LC607'>&nbsp;&nbsp;&nbsp;&nbsp;&nbsp;&nbsp;&nbsp;&nbsp;&nbsp;&nbsp;&nbsp;&nbsp;&nbsp;&nbsp;<span class="nt">&lt;version</span> <span class="na">num=</span><span class="s">&quot;386&quot;</span> <span class="na">curr_loc=</span><span class="s">&quot;103&quot;</span> <span class="na">changed=</span><span class="s">&quot;1&quot;</span> <span class="na">churn=</span><span class="s">&quot;179&quot;</span> <span class="nt">/&gt;</span></div><div class='line' id='LC608'>&nbsp;&nbsp;&nbsp;&nbsp;&nbsp;&nbsp;&nbsp;&nbsp;&nbsp;&nbsp;&nbsp;&nbsp;&nbsp;&nbsp;<span class="nt">&lt;version</span> <span class="na">num=</span><span class="s">&quot;398&quot;</span> <span class="na">curr_loc=</span><span class="s">&quot;87&quot;</span> <span class="na">changed=</span><span class="s">&quot;1&quot;</span> <span class="na">churn=</span><span class="s">&quot;195&quot;</span> <span class="nt">/&gt;</span></div><div class='line' id='LC609'>&nbsp;&nbsp;&nbsp;&nbsp;&nbsp;&nbsp;&nbsp;&nbsp;&nbsp;&nbsp;&nbsp;&nbsp;<span class="nt">&lt;/class&gt;</span></div><div class='line' id='LC610'>&nbsp;&nbsp;&nbsp;&nbsp;&nbsp;&nbsp;&nbsp;&nbsp;&nbsp;&nbsp;&nbsp;&nbsp;<span class="nt">&lt;class</span> <span class="na">name=</span><span class="s">&quot;RunNotifier&quot;</span> <span class="na">type=</span><span class="s">&quot;ConcreteClass&quot;</span> <span class="na">maxLoc=</span><span class="s">&quot;185&quot;</span><span class="nt">&gt;</span></div><div class='line' id='LC611'>&nbsp;&nbsp;&nbsp;&nbsp;&nbsp;&nbsp;&nbsp;&nbsp;&nbsp;&nbsp;&nbsp;&nbsp;&nbsp;&nbsp;<span class="nt">&lt;version</span> <span class="na">num=</span><span class="s">&quot;54&quot;</span> <span class="na">curr_loc=</span><span class="s">&quot;166&quot;</span> <span class="na">changed=</span><span class="s">&quot;1&quot;</span> <span class="na">churn=</span><span class="s">&quot;166&quot;</span> <span class="nt">/&gt;</span></div><div class='line' id='LC612'>&nbsp;&nbsp;&nbsp;&nbsp;&nbsp;&nbsp;&nbsp;&nbsp;&nbsp;&nbsp;&nbsp;&nbsp;&nbsp;&nbsp;<span class="nt">&lt;version</span> <span class="na">num=</span><span class="s">&quot;62&quot;</span> <span class="na">curr_loc=</span><span class="s">&quot;166&quot;</span> <span class="na">changed=</span><span class="s">&quot;1&quot;</span> <span class="na">churn=</span><span class="s">&quot;166&quot;</span> <span class="nt">/&gt;</span></div><div class='line' id='LC613'>&nbsp;&nbsp;&nbsp;&nbsp;&nbsp;&nbsp;&nbsp;&nbsp;&nbsp;&nbsp;&nbsp;&nbsp;&nbsp;&nbsp;<span class="nt">&lt;version</span> <span class="na">num=</span><span class="s">&quot;72&quot;</span> <span class="na">curr_loc=</span><span class="s">&quot;185&quot;</span> <span class="na">changed=</span><span class="s">&quot;1&quot;</span> <span class="na">churn=</span><span class="s">&quot;185&quot;</span> <span class="nt">/&gt;</span></div><div class='line' id='LC614'>&nbsp;&nbsp;&nbsp;&nbsp;&nbsp;&nbsp;&nbsp;&nbsp;&nbsp;&nbsp;&nbsp;&nbsp;&nbsp;&nbsp;<span class="nt">&lt;version</span> <span class="na">num=</span><span class="s">&quot;89&quot;</span> <span class="na">curr_loc=</span><span class="s">&quot;166&quot;</span> <span class="na">changed=</span><span class="s">&quot;1&quot;</span> <span class="na">churn=</span><span class="s">&quot;204&quot;</span> <span class="nt">/&gt;</span></div><div class='line' id='LC615'>&nbsp;&nbsp;&nbsp;&nbsp;&nbsp;&nbsp;&nbsp;&nbsp;&nbsp;&nbsp;&nbsp;&nbsp;&nbsp;&nbsp;<span class="nt">&lt;version</span> <span class="na">num=</span><span class="s">&quot;107&quot;</span> <span class="na">curr_loc=</span><span class="s">&quot;171&quot;</span> <span class="na">changed=</span><span class="s">&quot;1&quot;</span> <span class="na">churn=</span><span class="s">&quot;209&quot;</span> <span class="nt">/&gt;</span></div><div class='line' id='LC616'>&nbsp;&nbsp;&nbsp;&nbsp;&nbsp;&nbsp;&nbsp;&nbsp;&nbsp;&nbsp;&nbsp;&nbsp;&nbsp;&nbsp;<span class="nt">&lt;version</span> <span class="na">num=</span><span class="s">&quot;318&quot;</span> <span class="na">curr_loc=</span><span class="s">&quot;162&quot;</span> <span class="na">changed=</span><span class="s">&quot;1&quot;</span> <span class="na">churn=</span><span class="s">&quot;218&quot;</span> <span class="nt">/&gt;</span></div><div class='line' id='LC617'>&nbsp;&nbsp;&nbsp;&nbsp;&nbsp;&nbsp;&nbsp;&nbsp;&nbsp;&nbsp;&nbsp;&nbsp;&nbsp;&nbsp;<span class="nt">&lt;version</span> <span class="na">num=</span><span class="s">&quot;355&quot;</span> <span class="na">curr_loc=</span><span class="s">&quot;144&quot;</span> <span class="na">changed=</span><span class="s">&quot;1&quot;</span> <span class="na">churn=</span><span class="s">&quot;236&quot;</span> <span class="nt">/&gt;</span></div><div class='line' id='LC618'>&nbsp;&nbsp;&nbsp;&nbsp;&nbsp;&nbsp;&nbsp;&nbsp;&nbsp;&nbsp;&nbsp;&nbsp;&nbsp;&nbsp;<span class="nt">&lt;version</span> <span class="na">num=</span><span class="s">&quot;367&quot;</span> <span class="na">curr_loc=</span><span class="s">&quot;150&quot;</span> <span class="na">changed=</span><span class="s">&quot;1&quot;</span> <span class="na">churn=</span><span class="s">&quot;242&quot;</span> <span class="nt">/&gt;</span></div><div class='line' id='LC619'>&nbsp;&nbsp;&nbsp;&nbsp;&nbsp;&nbsp;&nbsp;&nbsp;&nbsp;&nbsp;&nbsp;&nbsp;&nbsp;&nbsp;<span class="nt">&lt;version</span> <span class="na">num=</span><span class="s">&quot;382&quot;</span> <span class="na">curr_loc=</span><span class="s">&quot;171&quot;</span> <span class="na">changed=</span><span class="s">&quot;1&quot;</span> <span class="na">churn=</span><span class="s">&quot;263&quot;</span> <span class="nt">/&gt;</span></div><div class='line' id='LC620'>&nbsp;&nbsp;&nbsp;&nbsp;&nbsp;&nbsp;&nbsp;&nbsp;&nbsp;&nbsp;&nbsp;&nbsp;&nbsp;&nbsp;<span class="nt">&lt;version</span> <span class="na">num=</span><span class="s">&quot;386&quot;</span> <span class="na">curr_loc=</span><span class="s">&quot;171&quot;</span> <span class="na">changed=</span><span class="s">&quot;1&quot;</span> <span class="na">churn=</span><span class="s">&quot;263&quot;</span> <span class="nt">/&gt;</span></div><div class='line' id='LC621'>&nbsp;&nbsp;&nbsp;&nbsp;&nbsp;&nbsp;&nbsp;&nbsp;&nbsp;&nbsp;&nbsp;&nbsp;&nbsp;&nbsp;<span class="nt">&lt;version</span> <span class="na">num=</span><span class="s">&quot;398&quot;</span> <span class="na">curr_loc=</span><span class="s">&quot;172&quot;</span> <span class="na">changed=</span><span class="s">&quot;1&quot;</span> <span class="na">churn=</span><span class="s">&quot;264&quot;</span> <span class="nt">/&gt;</span></div><div class='line' id='LC622'>&nbsp;&nbsp;&nbsp;&nbsp;&nbsp;&nbsp;&nbsp;&nbsp;&nbsp;&nbsp;&nbsp;&nbsp;&nbsp;&nbsp;<span class="nt">&lt;version</span> <span class="na">num=</span><span class="s">&quot;402&quot;</span> <span class="na">curr_loc=</span><span class="s">&quot;163&quot;</span> <span class="na">changed=</span><span class="s">&quot;1&quot;</span> <span class="na">churn=</span><span class="s">&quot;273&quot;</span> <span class="nt">/&gt;</span></div><div class='line' id='LC623'>&nbsp;&nbsp;&nbsp;&nbsp;&nbsp;&nbsp;&nbsp;&nbsp;&nbsp;&nbsp;&nbsp;&nbsp;<span class="nt">&lt;/class&gt;</span></div><div class='line' id='LC624'>&nbsp;&nbsp;&nbsp;&nbsp;&nbsp;&nbsp;&nbsp;&nbsp;&nbsp;&nbsp;&nbsp;&nbsp;<span class="nt">&lt;class</span> <span class="na">name=</span><span class="s">&quot;Failure&quot;</span> <span class="na">type=</span><span class="s">&quot;ConcreteClass&quot;</span> <span class="na">maxLoc=</span><span class="s">&quot;79&quot;</span><span class="nt">&gt;</span></div><div class='line' id='LC625'>&nbsp;&nbsp;&nbsp;&nbsp;&nbsp;&nbsp;&nbsp;&nbsp;&nbsp;&nbsp;&nbsp;&nbsp;&nbsp;&nbsp;<span class="nt">&lt;version</span> <span class="na">num=</span><span class="s">&quot;367&quot;</span> <span class="na">curr_loc=</span><span class="s">&quot;77&quot;</span> <span class="na">changed=</span><span class="s">&quot;1&quot;</span> <span class="na">churn=</span><span class="s">&quot;77&quot;</span> <span class="nt">/&gt;</span></div><div class='line' id='LC626'>&nbsp;&nbsp;&nbsp;&nbsp;&nbsp;&nbsp;&nbsp;&nbsp;&nbsp;&nbsp;&nbsp;&nbsp;&nbsp;&nbsp;<span class="nt">&lt;version</span> <span class="na">num=</span><span class="s">&quot;384&quot;</span> <span class="na">curr_loc=</span><span class="s">&quot;79&quot;</span> <span class="na">changed=</span><span class="s">&quot;1&quot;</span> <span class="na">churn=</span><span class="s">&quot;79&quot;</span> <span class="nt">/&gt;</span></div><div class='line' id='LC627'>&nbsp;&nbsp;&nbsp;&nbsp;&nbsp;&nbsp;&nbsp;&nbsp;&nbsp;&nbsp;&nbsp;&nbsp;<span class="nt">&lt;/class&gt;</span></div><div class='line' id='LC628'>&nbsp;&nbsp;&nbsp;&nbsp;&nbsp;&nbsp;&nbsp;&nbsp;&nbsp;&nbsp;&nbsp;&nbsp;<span class="nt">&lt;class</span> <span class="na">name=</span><span class="s">&quot;Ignorance&quot;</span> <span class="na">type=</span><span class="s">&quot;ConcreteClass&quot;</span> <span class="na">maxLoc=</span><span class="s">&quot;24&quot;</span><span class="nt">&gt;</span></div><div class='line' id='LC629'>&nbsp;&nbsp;&nbsp;&nbsp;&nbsp;&nbsp;&nbsp;&nbsp;&nbsp;&nbsp;&nbsp;&nbsp;&nbsp;&nbsp;<span class="nt">&lt;version</span> <span class="na">num=</span><span class="s">&quot;367&quot;</span> <span class="na">curr_loc=</span><span class="s">&quot;11&quot;</span> <span class="na">changed=</span><span class="s">&quot;1&quot;</span> <span class="na">churn=</span><span class="s">&quot;11&quot;</span> <span class="nt">/&gt;</span></div><div class='line' id='LC630'>&nbsp;&nbsp;&nbsp;&nbsp;&nbsp;&nbsp;&nbsp;&nbsp;&nbsp;&nbsp;&nbsp;&nbsp;&nbsp;&nbsp;<span class="nt">&lt;version</span> <span class="na">num=</span><span class="s">&quot;380&quot;</span> <span class="na">curr_loc=</span><span class="s">&quot;24&quot;</span> <span class="na">changed=</span><span class="s">&quot;1&quot;</span> <span class="na">churn=</span><span class="s">&quot;24&quot;</span> <span class="nt">/&gt;</span></div><div class='line' id='LC631'>&nbsp;&nbsp;&nbsp;&nbsp;&nbsp;&nbsp;&nbsp;&nbsp;&nbsp;&nbsp;&nbsp;&nbsp;&nbsp;&nbsp;<span class="nt">&lt;version</span> <span class="na">num=</span><span class="s">&quot;398&quot;</span> <span class="na">curr_loc=</span><span class="s">&quot;24&quot;</span> <span class="na">changed=</span><span class="s">&quot;1&quot;</span> <span class="na">churn=</span><span class="s">&quot;24&quot;</span> <span class="nt">/&gt;</span></div><div class='line' id='LC632'>&nbsp;&nbsp;&nbsp;&nbsp;&nbsp;&nbsp;&nbsp;&nbsp;&nbsp;&nbsp;&nbsp;&nbsp;&nbsp;&nbsp;<span class="nt">&lt;version</span> <span class="na">num=</span><span class="s">&quot;413&quot;</span> <span class="na">curr_loc=</span><span class="s">&quot;9&quot;</span> <span class="na">changed=</span><span class="s">&quot;1&quot;</span> <span class="na">churn=</span><span class="s">&quot;39&quot;</span> <span class="nt">/&gt;</span></div><div class='line' id='LC633'>&nbsp;&nbsp;&nbsp;&nbsp;&nbsp;&nbsp;&nbsp;&nbsp;&nbsp;&nbsp;&nbsp;&nbsp;&nbsp;&nbsp;<span class="nt">&lt;version</span> <span class="na">num=</span><span class="s">&quot;433&quot;</span> <span class="na">curr_loc=</span><span class="s">&quot;11&quot;</span> <span class="na">changed=</span><span class="s">&quot;1&quot;</span> <span class="na">churn=</span><span class="s">&quot;41&quot;</span> <span class="nt">/&gt;</span></div><div class='line' id='LC634'>&nbsp;&nbsp;&nbsp;&nbsp;&nbsp;&nbsp;&nbsp;&nbsp;&nbsp;&nbsp;&nbsp;&nbsp;<span class="nt">&lt;/class&gt;</span></div><div class='line' id='LC635'>&nbsp;&nbsp;&nbsp;&nbsp;&nbsp;&nbsp;&nbsp;&nbsp;&nbsp;&nbsp;&nbsp;&nbsp;<span class="nt">&lt;class</span> <span class="na">name=</span><span class="s">&quot;InvalidAssumption&quot;</span> <span class="na">type=</span><span class="s">&quot;ConcreteClass&quot;</span> <span class="na">maxLoc=</span><span class="s">&quot;9&quot;</span><span class="nt">&gt;</span></div><div class='line' id='LC636'>&nbsp;&nbsp;&nbsp;&nbsp;&nbsp;&nbsp;&nbsp;&nbsp;&nbsp;&nbsp;&nbsp;&nbsp;&nbsp;&nbsp;<span class="nt">&lt;version</span> <span class="na">num=</span><span class="s">&quot;367&quot;</span> <span class="na">curr_loc=</span><span class="s">&quot;9&quot;</span> <span class="na">changed=</span><span class="s">&quot;1&quot;</span> <span class="na">churn=</span><span class="s">&quot;9&quot;</span> <span class="nt">/&gt;</span></div><div class='line' id='LC637'>&nbsp;&nbsp;&nbsp;&nbsp;&nbsp;&nbsp;&nbsp;&nbsp;&nbsp;&nbsp;&nbsp;&nbsp;&nbsp;&nbsp;<span class="nt">&lt;version</span> <span class="na">num=</span><span class="s">&quot;380&quot;</span> <span class="na">curr_loc=</span><span class="s">&quot;9&quot;</span> <span class="na">changed=</span><span class="s">&quot;1&quot;</span> <span class="na">churn=</span><span class="s">&quot;9&quot;</span> <span class="nt">/&gt;</span></div><div class='line' id='LC638'>&nbsp;&nbsp;&nbsp;&nbsp;&nbsp;&nbsp;&nbsp;&nbsp;&nbsp;&nbsp;&nbsp;&nbsp;<span class="nt">&lt;/class&gt;</span></div><div class='line' id='LC639'>&nbsp;&nbsp;&nbsp;&nbsp;&nbsp;&nbsp;&nbsp;&nbsp;&nbsp;&nbsp;&nbsp;&nbsp;<span class="nt">&lt;class</span> <span class="na">name=</span><span class="s">&quot;TestRunEvent&quot;</span> <span class="na">type=</span><span class="s">&quot;AbstractClass&quot;</span> <span class="na">maxLoc=</span><span class="s">&quot;17&quot;</span><span class="nt">&gt;</span></div><div class='line' id='LC640'>&nbsp;&nbsp;&nbsp;&nbsp;&nbsp;&nbsp;&nbsp;&nbsp;&nbsp;&nbsp;&nbsp;&nbsp;&nbsp;&nbsp;<span class="nt">&lt;version</span> <span class="na">num=</span><span class="s">&quot;367&quot;</span> <span class="na">curr_loc=</span><span class="s">&quot;17&quot;</span> <span class="na">changed=</span><span class="s">&quot;1&quot;</span> <span class="na">churn=</span><span class="s">&quot;17&quot;</span> <span class="nt">/&gt;</span></div><div class='line' id='LC641'>&nbsp;&nbsp;&nbsp;&nbsp;&nbsp;&nbsp;&nbsp;&nbsp;&nbsp;&nbsp;&nbsp;&nbsp;&nbsp;&nbsp;<span class="nt">&lt;version</span> <span class="na">num=</span><span class="s">&quot;384&quot;</span> <span class="na">curr_loc=</span><span class="s">&quot;17&quot;</span> <span class="na">changed=</span><span class="s">&quot;1&quot;</span> <span class="na">churn=</span><span class="s">&quot;17&quot;</span> <span class="nt">/&gt;</span></div><div class='line' id='LC642'>&nbsp;&nbsp;&nbsp;&nbsp;&nbsp;&nbsp;&nbsp;&nbsp;&nbsp;&nbsp;&nbsp;&nbsp;<span class="nt">&lt;/class&gt;</span></div><div class='line' id='LC643'>&nbsp;&nbsp;&nbsp;&nbsp;&nbsp;&nbsp;&nbsp;&nbsp;&nbsp;&nbsp;&nbsp;&nbsp;<span class="nt">&lt;class</span> <span class="na">name=</span><span class="s">&quot;FailedAssumption&quot;</span> <span class="na">type=</span><span class="s">&quot;ConcreteClass&quot;</span> <span class="na">maxLoc=</span><span class="s">&quot;9&quot;</span><span class="nt">&gt;</span></div><div class='line' id='LC644'>&nbsp;&nbsp;&nbsp;&nbsp;&nbsp;&nbsp;&nbsp;&nbsp;&nbsp;&nbsp;&nbsp;&nbsp;&nbsp;&nbsp;<span class="nt">&lt;version</span> <span class="na">num=</span><span class="s">&quot;380&quot;</span> <span class="na">curr_loc=</span><span class="s">&quot;9&quot;</span> <span class="na">changed=</span><span class="s">&quot;1&quot;</span> <span class="na">churn=</span><span class="s">&quot;9&quot;</span> <span class="nt">/&gt;</span></div><div class='line' id='LC645'>&nbsp;&nbsp;&nbsp;&nbsp;&nbsp;&nbsp;&nbsp;&nbsp;&nbsp;&nbsp;&nbsp;&nbsp;&nbsp;&nbsp;<span class="nt">&lt;version</span> <span class="na">num=</span><span class="s">&quot;398&quot;</span> <span class="na">curr_loc=</span><span class="s">&quot;9&quot;</span> <span class="na">changed=</span><span class="s">&quot;1&quot;</span> <span class="na">churn=</span><span class="s">&quot;9&quot;</span> <span class="nt">/&gt;</span></div><div class='line' id='LC646'>&nbsp;&nbsp;&nbsp;&nbsp;&nbsp;&nbsp;&nbsp;&nbsp;&nbsp;&nbsp;&nbsp;&nbsp;<span class="nt">&lt;/class&gt;</span></div><div class='line' id='LC647'>&nbsp;&nbsp;&nbsp;&nbsp;&nbsp;&nbsp;&nbsp;&nbsp;&nbsp;&nbsp;<span class="nt">&lt;/package&gt;</span></div><div class='line' id='LC648'>&nbsp;&nbsp;&nbsp;&nbsp;&nbsp;&nbsp;&nbsp;&nbsp;&nbsp;&nbsp;<span class="nt">&lt;class</span> <span class="na">name=</span><span class="s">&quot;RunWith&quot;</span> <span class="na">type=</span><span class="s">&quot;Interface&quot;</span> <span class="na">maxLoc=</span><span class="s">&quot;34&quot;</span><span class="nt">&gt;</span></div><div class='line' id='LC649'>&nbsp;&nbsp;&nbsp;&nbsp;&nbsp;&nbsp;&nbsp;&nbsp;&nbsp;&nbsp;&nbsp;&nbsp;<span class="nt">&lt;version</span> <span class="na">num=</span><span class="s">&quot;109&quot;</span> <span class="na">curr_loc=</span><span class="s">&quot;34&quot;</span> <span class="na">changed=</span><span class="s">&quot;1&quot;</span> <span class="na">churn=</span><span class="s">&quot;34&quot;</span> <span class="nt">/&gt;</span></div><div class='line' id='LC650'>&nbsp;&nbsp;&nbsp;&nbsp;&nbsp;&nbsp;&nbsp;&nbsp;&nbsp;&nbsp;<span class="nt">&lt;/class&gt;</span></div><div class='line' id='LC651'>&nbsp;&nbsp;&nbsp;&nbsp;&nbsp;&nbsp;&nbsp;&nbsp;&nbsp;&nbsp;<span class="nt">&lt;class</span> <span class="na">name=</span><span class="s">&quot;Computer&quot;</span> <span class="na">type=</span><span class="s">&quot;ConcreteClass&quot;</span> <span class="na">maxLoc=</span><span class="s">&quot;47&quot;</span><span class="nt">&gt;</span></div><div class='line' id='LC652'>&nbsp;&nbsp;&nbsp;&nbsp;&nbsp;&nbsp;&nbsp;&nbsp;&nbsp;&nbsp;&nbsp;&nbsp;<span class="nt">&lt;version</span> <span class="na">num=</span><span class="s">&quot;115&quot;</span> <span class="na">curr_loc=</span><span class="s">&quot;40&quot;</span> <span class="na">changed=</span><span class="s">&quot;1&quot;</span> <span class="na">churn=</span><span class="s">&quot;40&quot;</span> <span class="nt">/&gt;</span></div><div class='line' id='LC653'>&nbsp;&nbsp;&nbsp;&nbsp;&nbsp;&nbsp;&nbsp;&nbsp;&nbsp;&nbsp;&nbsp;&nbsp;<span class="nt">&lt;version</span> <span class="na">num=</span><span class="s">&quot;117&quot;</span> <span class="na">curr_loc=</span><span class="s">&quot;47&quot;</span> <span class="na">changed=</span><span class="s">&quot;1&quot;</span> <span class="na">churn=</span><span class="s">&quot;47&quot;</span> <span class="nt">/&gt;</span></div><div class='line' id='LC654'>&nbsp;&nbsp;&nbsp;&nbsp;&nbsp;&nbsp;&nbsp;&nbsp;&nbsp;&nbsp;&nbsp;&nbsp;<span class="nt">&lt;version</span> <span class="na">num=</span><span class="s">&quot;209&quot;</span> <span class="na">curr_loc=</span><span class="s">&quot;29&quot;</span> <span class="na">changed=</span><span class="s">&quot;1&quot;</span> <span class="na">churn=</span><span class="s">&quot;65&quot;</span> <span class="nt">/&gt;</span></div><div class='line' id='LC655'>&nbsp;&nbsp;&nbsp;&nbsp;&nbsp;&nbsp;&nbsp;&nbsp;&nbsp;&nbsp;&nbsp;&nbsp;<span class="nt">&lt;version</span> <span class="na">num=</span><span class="s">&quot;217&quot;</span> <span class="na">curr_loc=</span><span class="s">&quot;29&quot;</span> <span class="na">changed=</span><span class="s">&quot;1&quot;</span> <span class="na">churn=</span><span class="s">&quot;65&quot;</span> <span class="nt">/&gt;</span></div><div class='line' id='LC656'>&nbsp;&nbsp;&nbsp;&nbsp;&nbsp;&nbsp;&nbsp;&nbsp;&nbsp;&nbsp;&nbsp;&nbsp;<span class="nt">&lt;version</span> <span class="na">num=</span><span class="s">&quot;227&quot;</span> <span class="na">curr_loc=</span><span class="s">&quot;25&quot;</span> <span class="na">changed=</span><span class="s">&quot;1&quot;</span> <span class="na">churn=</span><span class="s">&quot;69&quot;</span> <span class="nt">/&gt;</span></div><div class='line' id='LC657'>&nbsp;&nbsp;&nbsp;&nbsp;&nbsp;&nbsp;&nbsp;&nbsp;&nbsp;&nbsp;&nbsp;&nbsp;<span class="nt">&lt;version</span> <span class="na">num=</span><span class="s">&quot;240&quot;</span> <span class="na">curr_loc=</span><span class="s">&quot;25&quot;</span> <span class="na">changed=</span><span class="s">&quot;1&quot;</span> <span class="na">churn=</span><span class="s">&quot;69&quot;</span> <span class="nt">/&gt;</span></div><div class='line' id='LC658'>&nbsp;&nbsp;&nbsp;&nbsp;&nbsp;&nbsp;&nbsp;&nbsp;&nbsp;&nbsp;&nbsp;&nbsp;<span class="nt">&lt;version</span> <span class="na">num=</span><span class="s">&quot;295&quot;</span> <span class="na">curr_loc=</span><span class="s">&quot;25&quot;</span> <span class="na">changed=</span><span class="s">&quot;1&quot;</span> <span class="na">churn=</span><span class="s">&quot;69&quot;</span> <span class="nt">/&gt;</span></div><div class='line' id='LC659'>&nbsp;&nbsp;&nbsp;&nbsp;&nbsp;&nbsp;&nbsp;&nbsp;&nbsp;&nbsp;&nbsp;&nbsp;<span class="nt">&lt;version</span> <span class="na">num=</span><span class="s">&quot;302&quot;</span> <span class="na">curr_loc=</span><span class="s">&quot;22&quot;</span> <span class="na">changed=</span><span class="s">&quot;1&quot;</span> <span class="na">churn=</span><span class="s">&quot;72&quot;</span> <span class="nt">/&gt;</span></div><div class='line' id='LC660'>&nbsp;&nbsp;&nbsp;&nbsp;&nbsp;&nbsp;&nbsp;&nbsp;&nbsp;&nbsp;<span class="nt">&lt;/class&gt;</span></div><div class='line' id='LC661'>&nbsp;&nbsp;&nbsp;&nbsp;&nbsp;&nbsp;&nbsp;&nbsp;&nbsp;&nbsp;<span class="nt">&lt;class</span> <span class="na">name=</span><span class="s">&quot;Request&quot;</span> <span class="na">type=</span><span class="s">&quot;AbstractClass&quot;</span> <span class="na">maxLoc=</span><span class="s">&quot;200&quot;</span><span class="nt">&gt;</span></div><div class='line' id='LC662'>&nbsp;&nbsp;&nbsp;&nbsp;&nbsp;&nbsp;&nbsp;&nbsp;&nbsp;&nbsp;&nbsp;&nbsp;<span class="nt">&lt;version</span> <span class="na">num=</span><span class="s">&quot;135&quot;</span> <span class="na">curr_loc=</span><span class="s">&quot;161&quot;</span> <span class="na">changed=</span><span class="s">&quot;1&quot;</span> <span class="na">churn=</span><span class="s">&quot;161&quot;</span> <span class="nt">/&gt;</span></div><div class='line' id='LC663'>&nbsp;&nbsp;&nbsp;&nbsp;&nbsp;&nbsp;&nbsp;&nbsp;&nbsp;&nbsp;&nbsp;&nbsp;<span class="nt">&lt;version</span> <span class="na">num=</span><span class="s">&quot;150&quot;</span> <span class="na">curr_loc=</span><span class="s">&quot;161&quot;</span> <span class="na">changed=</span><span class="s">&quot;1&quot;</span> <span class="na">churn=</span><span class="s">&quot;161&quot;</span> <span class="nt">/&gt;</span></div><div class='line' id='LC664'>&nbsp;&nbsp;&nbsp;&nbsp;&nbsp;&nbsp;&nbsp;&nbsp;&nbsp;&nbsp;&nbsp;&nbsp;<span class="nt">&lt;version</span> <span class="na">num=</span><span class="s">&quot;227&quot;</span> <span class="na">curr_loc=</span><span class="s">&quot;161&quot;</span> <span class="na">changed=</span><span class="s">&quot;1&quot;</span> <span class="na">churn=</span><span class="s">&quot;161&quot;</span> <span class="nt">/&gt;</span></div><div class='line' id='LC665'>&nbsp;&nbsp;&nbsp;&nbsp;&nbsp;&nbsp;&nbsp;&nbsp;&nbsp;&nbsp;&nbsp;&nbsp;<span class="nt">&lt;version</span> <span class="na">num=</span><span class="s">&quot;240&quot;</span> <span class="na">curr_loc=</span><span class="s">&quot;161&quot;</span> <span class="na">changed=</span><span class="s">&quot;1&quot;</span> <span class="na">churn=</span><span class="s">&quot;161&quot;</span> <span class="nt">/&gt;</span></div><div class='line' id='LC666'>&nbsp;&nbsp;&nbsp;&nbsp;&nbsp;&nbsp;&nbsp;&nbsp;&nbsp;&nbsp;&nbsp;&nbsp;<span class="nt">&lt;version</span> <span class="na">num=</span><span class="s">&quot;276&quot;</span> <span class="na">curr_loc=</span><span class="s">&quot;162&quot;</span> <span class="na">changed=</span><span class="s">&quot;1&quot;</span> <span class="na">churn=</span><span class="s">&quot;162&quot;</span> <span class="nt">/&gt;</span></div><div class='line' id='LC667'>&nbsp;&nbsp;&nbsp;&nbsp;&nbsp;&nbsp;&nbsp;&nbsp;&nbsp;&nbsp;&nbsp;&nbsp;<span class="nt">&lt;version</span> <span class="na">num=</span><span class="s">&quot;277&quot;</span> <span class="na">curr_loc=</span><span class="s">&quot;162&quot;</span> <span class="na">changed=</span><span class="s">&quot;1&quot;</span> <span class="na">churn=</span><span class="s">&quot;162&quot;</span> <span class="nt">/&gt;</span></div><div class='line' id='LC668'>&nbsp;&nbsp;&nbsp;&nbsp;&nbsp;&nbsp;&nbsp;&nbsp;&nbsp;&nbsp;&nbsp;&nbsp;<span class="nt">&lt;version</span> <span class="na">num=</span><span class="s">&quot;286&quot;</span> <span class="na">curr_loc=</span><span class="s">&quot;162&quot;</span> <span class="na">changed=</span><span class="s">&quot;1&quot;</span> <span class="na">churn=</span><span class="s">&quot;162&quot;</span> <span class="nt">/&gt;</span></div><div class='line' id='LC669'>&nbsp;&nbsp;&nbsp;&nbsp;&nbsp;&nbsp;&nbsp;&nbsp;&nbsp;&nbsp;&nbsp;&nbsp;<span class="nt">&lt;version</span> <span class="na">num=</span><span class="s">&quot;292&quot;</span> <span class="na">curr_loc=</span><span class="s">&quot;151&quot;</span> <span class="na">changed=</span><span class="s">&quot;1&quot;</span> <span class="na">churn=</span><span class="s">&quot;173&quot;</span> <span class="nt">/&gt;</span></div><div class='line' id='LC670'>&nbsp;&nbsp;&nbsp;&nbsp;&nbsp;&nbsp;&nbsp;&nbsp;&nbsp;&nbsp;&nbsp;&nbsp;<span class="nt">&lt;version</span> <span class="na">num=</span><span class="s">&quot;296&quot;</span> <span class="na">curr_loc=</span><span class="s">&quot;200&quot;</span> <span class="na">changed=</span><span class="s">&quot;1&quot;</span> <span class="na">churn=</span><span class="s">&quot;222&quot;</span> <span class="nt">/&gt;</span></div><div class='line' id='LC671'>&nbsp;&nbsp;&nbsp;&nbsp;&nbsp;&nbsp;&nbsp;&nbsp;&nbsp;&nbsp;&nbsp;&nbsp;<span class="nt">&lt;version</span> <span class="na">num=</span><span class="s">&quot;297&quot;</span> <span class="na">curr_loc=</span><span class="s">&quot;200&quot;</span> <span class="na">changed=</span><span class="s">&quot;1&quot;</span> <span class="na">churn=</span><span class="s">&quot;222&quot;</span> <span class="nt">/&gt;</span></div><div class='line' id='LC672'>&nbsp;&nbsp;&nbsp;&nbsp;&nbsp;&nbsp;&nbsp;&nbsp;&nbsp;&nbsp;&nbsp;&nbsp;<span class="nt">&lt;version</span> <span class="na">num=</span><span class="s">&quot;302&quot;</span> <span class="na">curr_loc=</span><span class="s">&quot;168&quot;</span> <span class="na">changed=</span><span class="s">&quot;1&quot;</span> <span class="na">churn=</span><span class="s">&quot;254&quot;</span> <span class="nt">/&gt;</span></div><div class='line' id='LC673'>&nbsp;&nbsp;&nbsp;&nbsp;&nbsp;&nbsp;&nbsp;&nbsp;&nbsp;&nbsp;&nbsp;&nbsp;<span class="nt">&lt;version</span> <span class="na">num=</span><span class="s">&quot;304&quot;</span> <span class="na">curr_loc=</span><span class="s">&quot;168&quot;</span> <span class="na">changed=</span><span class="s">&quot;1&quot;</span> <span class="na">churn=</span><span class="s">&quot;254&quot;</span> <span class="nt">/&gt;</span></div><div class='line' id='LC674'>&nbsp;&nbsp;&nbsp;&nbsp;&nbsp;&nbsp;&nbsp;&nbsp;&nbsp;&nbsp;&nbsp;&nbsp;<span class="nt">&lt;version</span> <span class="na">num=</span><span class="s">&quot;321&quot;</span> <span class="na">curr_loc=</span><span class="s">&quot;165&quot;</span> <span class="na">changed=</span><span class="s">&quot;1&quot;</span> <span class="na">churn=</span><span class="s">&quot;257&quot;</span> <span class="nt">/&gt;</span></div><div class='line' id='LC675'>&nbsp;&nbsp;&nbsp;&nbsp;&nbsp;&nbsp;&nbsp;&nbsp;&nbsp;&nbsp;&nbsp;&nbsp;<span class="nt">&lt;version</span> <span class="na">num=</span><span class="s">&quot;329&quot;</span> <span class="na">curr_loc=</span><span class="s">&quot;165&quot;</span> <span class="na">changed=</span><span class="s">&quot;1&quot;</span> <span class="na">churn=</span><span class="s">&quot;257&quot;</span> <span class="nt">/&gt;</span></div><div class='line' id='LC676'>&nbsp;&nbsp;&nbsp;&nbsp;&nbsp;&nbsp;&nbsp;&nbsp;&nbsp;&nbsp;&nbsp;&nbsp;<span class="nt">&lt;version</span> <span class="na">num=</span><span class="s">&quot;332&quot;</span> <span class="na">curr_loc=</span><span class="s">&quot;159&quot;</span> <span class="na">changed=</span><span class="s">&quot;1&quot;</span> <span class="na">churn=</span><span class="s">&quot;263&quot;</span> <span class="nt">/&gt;</span></div><div class='line' id='LC677'>&nbsp;&nbsp;&nbsp;&nbsp;&nbsp;&nbsp;&nbsp;&nbsp;&nbsp;&nbsp;&nbsp;&nbsp;<span class="nt">&lt;version</span> <span class="na">num=</span><span class="s">&quot;356&quot;</span> <span class="na">curr_loc=</span><span class="s">&quot;159&quot;</span> <span class="na">changed=</span><span class="s">&quot;1&quot;</span> <span class="na">churn=</span><span class="s">&quot;263&quot;</span> <span class="nt">/&gt;</span></div><div class='line' id='LC678'>&nbsp;&nbsp;&nbsp;&nbsp;&nbsp;&nbsp;&nbsp;&nbsp;&nbsp;&nbsp;&nbsp;&nbsp;<span class="nt">&lt;version</span> <span class="na">num=</span><span class="s">&quot;364&quot;</span> <span class="na">curr_loc=</span><span class="s">&quot;149&quot;</span> <span class="na">changed=</span><span class="s">&quot;1&quot;</span> <span class="na">churn=</span><span class="s">&quot;273&quot;</span> <span class="nt">/&gt;</span></div><div class='line' id='LC679'>&nbsp;&nbsp;&nbsp;&nbsp;&nbsp;&nbsp;&nbsp;&nbsp;&nbsp;&nbsp;&nbsp;&nbsp;<span class="nt">&lt;version</span> <span class="na">num=</span><span class="s">&quot;369&quot;</span> <span class="na">curr_loc=</span><span class="s">&quot;150&quot;</span> <span class="na">changed=</span><span class="s">&quot;1&quot;</span> <span class="na">churn=</span><span class="s">&quot;274&quot;</span> <span class="nt">/&gt;</span></div><div class='line' id='LC680'>&nbsp;&nbsp;&nbsp;&nbsp;&nbsp;&nbsp;&nbsp;&nbsp;&nbsp;&nbsp;&nbsp;&nbsp;<span class="nt">&lt;version</span> <span class="na">num=</span><span class="s">&quot;381&quot;</span> <span class="na">curr_loc=</span><span class="s">&quot;158&quot;</span> <span class="na">changed=</span><span class="s">&quot;1&quot;</span> <span class="na">churn=</span><span class="s">&quot;282&quot;</span> <span class="nt">/&gt;</span></div><div class='line' id='LC681'>&nbsp;&nbsp;&nbsp;&nbsp;&nbsp;&nbsp;&nbsp;&nbsp;&nbsp;&nbsp;&nbsp;&nbsp;<span class="nt">&lt;version</span> <span class="na">num=</span><span class="s">&quot;383&quot;</span> <span class="na">curr_loc=</span><span class="s">&quot;158&quot;</span> <span class="na">changed=</span><span class="s">&quot;1&quot;</span> <span class="na">churn=</span><span class="s">&quot;282&quot;</span> <span class="nt">/&gt;</span></div><div class='line' id='LC682'>&nbsp;&nbsp;&nbsp;&nbsp;&nbsp;&nbsp;&nbsp;&nbsp;&nbsp;&nbsp;&nbsp;&nbsp;<span class="nt">&lt;version</span> <span class="na">num=</span><span class="s">&quot;392&quot;</span> <span class="na">curr_loc=</span><span class="s">&quot;148&quot;</span> <span class="na">changed=</span><span class="s">&quot;1&quot;</span> <span class="na">churn=</span><span class="s">&quot;292&quot;</span> <span class="nt">/&gt;</span></div><div class='line' id='LC683'>&nbsp;&nbsp;&nbsp;&nbsp;&nbsp;&nbsp;&nbsp;&nbsp;&nbsp;&nbsp;&nbsp;&nbsp;<span class="nt">&lt;version</span> <span class="na">num=</span><span class="s">&quot;396&quot;</span> <span class="na">curr_loc=</span><span class="s">&quot;136&quot;</span> <span class="na">changed=</span><span class="s">&quot;1&quot;</span> <span class="na">churn=</span><span class="s">&quot;304&quot;</span> <span class="nt">/&gt;</span></div><div class='line' id='LC684'>&nbsp;&nbsp;&nbsp;&nbsp;&nbsp;&nbsp;&nbsp;&nbsp;&nbsp;&nbsp;&nbsp;&nbsp;<span class="nt">&lt;version</span> <span class="na">num=</span><span class="s">&quot;426&quot;</span> <span class="na">curr_loc=</span><span class="s">&quot;136&quot;</span> <span class="na">changed=</span><span class="s">&quot;1&quot;</span> <span class="na">churn=</span><span class="s">&quot;304&quot;</span> <span class="nt">/&gt;</span></div><div class='line' id='LC685'>&nbsp;&nbsp;&nbsp;&nbsp;&nbsp;&nbsp;&nbsp;&nbsp;&nbsp;&nbsp;<span class="nt">&lt;/class&gt;</span></div><div class='line' id='LC686'>&nbsp;&nbsp;&nbsp;&nbsp;&nbsp;&nbsp;&nbsp;&nbsp;&nbsp;&nbsp;<span class="nt">&lt;class</span> <span class="na">name=</span><span class="s">&quot;Executioner&quot;</span> <span class="na">type=</span><span class="s">&quot;ConcreteClass&quot;</span> <span class="na">maxLoc=</span><span class="s">&quot;22&quot;</span><span class="nt">&gt;</span></div><div class='line' id='LC687'>&nbsp;&nbsp;&nbsp;&nbsp;&nbsp;&nbsp;&nbsp;&nbsp;&nbsp;&nbsp;&nbsp;&nbsp;<span class="nt">&lt;version</span> <span class="na">num=</span><span class="s">&quot;302&quot;</span> <span class="na">curr_loc=</span><span class="s">&quot;22&quot;</span> <span class="na">changed=</span><span class="s">&quot;1&quot;</span> <span class="na">churn=</span><span class="s">&quot;22&quot;</span> <span class="nt">/&gt;</span></div><div class='line' id='LC688'>&nbsp;&nbsp;&nbsp;&nbsp;&nbsp;&nbsp;&nbsp;&nbsp;&nbsp;&nbsp;&nbsp;&nbsp;<span class="nt">&lt;version</span> <span class="na">num=</span><span class="s">&quot;304&quot;</span> <span class="na">curr_loc=</span><span class="s">&quot;22&quot;</span> <span class="na">changed=</span><span class="s">&quot;1&quot;</span> <span class="na">churn=</span><span class="s">&quot;22&quot;</span> <span class="nt">/&gt;</span></div><div class='line' id='LC689'>&nbsp;&nbsp;&nbsp;&nbsp;&nbsp;&nbsp;&nbsp;&nbsp;&nbsp;&nbsp;<span class="nt">&lt;/class&gt;</span></div><div class='line' id='LC690'>&nbsp;&nbsp;&nbsp;&nbsp;&nbsp;&nbsp;&nbsp;&nbsp;&nbsp;&nbsp;<span class="nt">&lt;class</span> <span class="na">name=</span><span class="s">&quot;Describable&quot;</span> <span class="na">type=</span><span class="s">&quot;Interface&quot;</span> <span class="na">maxLoc=</span><span class="s">&quot;12&quot;</span><span class="nt">&gt;</span></div><div class='line' id='LC691'>&nbsp;&nbsp;&nbsp;&nbsp;&nbsp;&nbsp;&nbsp;&nbsp;&nbsp;&nbsp;&nbsp;&nbsp;<span class="nt">&lt;version</span> <span class="na">num=</span><span class="s">&quot;311&quot;</span> <span class="na">curr_loc=</span><span class="s">&quot;12&quot;</span> <span class="na">changed=</span><span class="s">&quot;1&quot;</span> <span class="na">churn=</span><span class="s">&quot;12&quot;</span> <span class="nt">/&gt;</span></div><div class='line' id='LC692'>&nbsp;&nbsp;&nbsp;&nbsp;&nbsp;&nbsp;&nbsp;&nbsp;&nbsp;&nbsp;&nbsp;&nbsp;<span class="nt">&lt;version</span> <span class="na">num=</span><span class="s">&quot;356&quot;</span> <span class="na">curr_loc=</span><span class="s">&quot;12&quot;</span> <span class="na">changed=</span><span class="s">&quot;1&quot;</span> <span class="na">churn=</span><span class="s">&quot;12&quot;</span> <span class="nt">/&gt;</span></div><div class='line' id='LC693'>&nbsp;&nbsp;&nbsp;&nbsp;&nbsp;&nbsp;&nbsp;&nbsp;&nbsp;&nbsp;<span class="nt">&lt;/class&gt;</span></div><div class='line' id='LC694'>&nbsp;&nbsp;&nbsp;&nbsp;&nbsp;&nbsp;&nbsp;&nbsp;&nbsp;&nbsp;<span class="nt">&lt;class</span> <span class="na">name=</span><span class="s">&quot;Ignorance&quot;</span> <span class="na">type=</span><span class="s">&quot;ConcreteClass&quot;</span> <span class="na">maxLoc=</span><span class="s">&quot;26&quot;</span><span class="nt">&gt;</span></div><div class='line' id='LC695'>&nbsp;&nbsp;&nbsp;&nbsp;&nbsp;&nbsp;&nbsp;&nbsp;&nbsp;&nbsp;&nbsp;&nbsp;<span class="nt">&lt;version</span> <span class="na">num=</span><span class="s">&quot;380&quot;</span> <span class="na">curr_loc=</span><span class="s">&quot;20&quot;</span> <span class="na">changed=</span><span class="s">&quot;1&quot;</span> <span class="na">churn=</span><span class="s">&quot;20&quot;</span> <span class="nt">/&gt;</span></div><div class='line' id='LC696'>&nbsp;&nbsp;&nbsp;&nbsp;&nbsp;&nbsp;&nbsp;&nbsp;&nbsp;&nbsp;&nbsp;&nbsp;<span class="nt">&lt;version</span> <span class="na">num=</span><span class="s">&quot;384&quot;</span> <span class="na">curr_loc=</span><span class="s">&quot;26&quot;</span> <span class="na">changed=</span><span class="s">&quot;1&quot;</span> <span class="na">churn=</span><span class="s">&quot;26&quot;</span> <span class="nt">/&gt;</span></div><div class='line' id='LC697'>&nbsp;&nbsp;&nbsp;&nbsp;&nbsp;&nbsp;&nbsp;&nbsp;&nbsp;&nbsp;&nbsp;&nbsp;<span class="nt">&lt;version</span> <span class="na">num=</span><span class="s">&quot;398&quot;</span> <span class="na">curr_loc=</span><span class="s">&quot;20&quot;</span> <span class="na">changed=</span><span class="s">&quot;1&quot;</span> <span class="na">churn=</span><span class="s">&quot;32&quot;</span> <span class="nt">/&gt;</span></div><div class='line' id='LC698'>&nbsp;&nbsp;&nbsp;&nbsp;&nbsp;&nbsp;&nbsp;&nbsp;&nbsp;&nbsp;<span class="nt">&lt;/class&gt;</span></div><div class='line' id='LC699'>&nbsp;&nbsp;&nbsp;&nbsp;&nbsp;&nbsp;&nbsp;&nbsp;&nbsp;&nbsp;<span class="nt">&lt;class</span> <span class="na">name=</span><span class="s">&quot;Category&quot;</span> <span class="na">type=</span><span class="s">&quot;Interface&quot;</span> <span class="na">maxLoc=</span><span class="s">&quot;14&quot;</span><span class="nt">&gt;</span></div><div class='line' id='LC700'>&nbsp;&nbsp;&nbsp;&nbsp;&nbsp;&nbsp;&nbsp;&nbsp;&nbsp;&nbsp;&nbsp;&nbsp;<span class="nt">&lt;version</span> <span class="na">num=</span><span class="s">&quot;426&quot;</span> <span class="na">curr_loc=</span><span class="s">&quot;14&quot;</span> <span class="na">changed=</span><span class="s">&quot;1&quot;</span> <span class="na">churn=</span><span class="s">&quot;14&quot;</span> <span class="nt">/&gt;</span></div><div class='line' id='LC701'>&nbsp;&nbsp;&nbsp;&nbsp;&nbsp;&nbsp;&nbsp;&nbsp;&nbsp;&nbsp;<span class="nt">&lt;/class&gt;</span></div><div class='line' id='LC702'>&nbsp;&nbsp;&nbsp;&nbsp;&nbsp;&nbsp;&nbsp;&nbsp;<span class="nt">&lt;/package&gt;</span></div><div class='line' id='LC703'>&nbsp;&nbsp;&nbsp;&nbsp;&nbsp;&nbsp;&nbsp;&nbsp;<span class="nt">&lt;package</span> <span class="na">name=</span><span class="s">&quot;runners&quot;</span><span class="nt">&gt;</span></div><div class='line' id='LC704'>&nbsp;&nbsp;&nbsp;&nbsp;&nbsp;&nbsp;&nbsp;&nbsp;&nbsp;&nbsp;<span class="nt">&lt;class</span> <span class="na">name=</span><span class="s">&quot;ParentRunner&quot;</span> <span class="na">type=</span><span class="s">&quot;AbstractClass&quot;</span> <span class="na">maxLoc=</span><span class="s">&quot;391&quot;</span><span class="nt">&gt;</span></div><div class='line' id='LC705'>&nbsp;&nbsp;&nbsp;&nbsp;&nbsp;&nbsp;&nbsp;&nbsp;&nbsp;&nbsp;&nbsp;&nbsp;<span class="nt">&lt;version</span> <span class="na">num=</span><span class="s">&quot;1&quot;</span> <span class="na">curr_loc=</span><span class="s">&quot;391&quot;</span> <span class="na">changed=</span><span class="s">&quot;1&quot;</span> <span class="na">churn=</span><span class="s">&quot;391&quot;</span> <span class="nt">/&gt;</span></div><div class='line' id='LC706'>&nbsp;&nbsp;&nbsp;&nbsp;&nbsp;&nbsp;&nbsp;&nbsp;&nbsp;&nbsp;&nbsp;&nbsp;<span class="nt">&lt;version</span> <span class="na">num=</span><span class="s">&quot;4&quot;</span> <span class="na">curr_loc=</span><span class="s">&quot;384&quot;</span> <span class="na">changed=</span><span class="s">&quot;1&quot;</span> <span class="na">churn=</span><span class="s">&quot;398&quot;</span> <span class="nt">/&gt;</span></div><div class='line' id='LC707'>&nbsp;&nbsp;&nbsp;&nbsp;&nbsp;&nbsp;&nbsp;&nbsp;&nbsp;&nbsp;&nbsp;&nbsp;<span class="nt">&lt;version</span> <span class="na">num=</span><span class="s">&quot;5&quot;</span> <span class="na">curr_loc=</span><span class="s">&quot;385&quot;</span> <span class="na">changed=</span><span class="s">&quot;1&quot;</span> <span class="na">churn=</span><span class="s">&quot;399&quot;</span> <span class="nt">/&gt;</span></div><div class='line' id='LC708'>&nbsp;&nbsp;&nbsp;&nbsp;&nbsp;&nbsp;&nbsp;&nbsp;&nbsp;&nbsp;&nbsp;&nbsp;<span class="nt">&lt;version</span> <span class="na">num=</span><span class="s">&quot;13&quot;</span> <span class="na">curr_loc=</span><span class="s">&quot;366&quot;</span> <span class="na">changed=</span><span class="s">&quot;1&quot;</span> <span class="na">churn=</span><span class="s">&quot;418&quot;</span> <span class="nt">/&gt;</span></div><div class='line' id='LC709'>&nbsp;&nbsp;&nbsp;&nbsp;&nbsp;&nbsp;&nbsp;&nbsp;&nbsp;&nbsp;&nbsp;&nbsp;<span class="nt">&lt;version</span> <span class="na">num=</span><span class="s">&quot;14&quot;</span> <span class="na">curr_loc=</span><span class="s">&quot;389&quot;</span> <span class="na">changed=</span><span class="s">&quot;1&quot;</span> <span class="na">churn=</span><span class="s">&quot;441&quot;</span> <span class="nt">/&gt;</span></div><div class='line' id='LC710'>&nbsp;&nbsp;&nbsp;&nbsp;&nbsp;&nbsp;&nbsp;&nbsp;&nbsp;&nbsp;&nbsp;&nbsp;<span class="nt">&lt;version</span> <span class="na">num=</span><span class="s">&quot;18&quot;</span> <span class="na">curr_loc=</span><span class="s">&quot;385&quot;</span> <span class="na">changed=</span><span class="s">&quot;1&quot;</span> <span class="na">churn=</span><span class="s">&quot;445&quot;</span> <span class="nt">/&gt;</span></div><div class='line' id='LC711'>&nbsp;&nbsp;&nbsp;&nbsp;&nbsp;&nbsp;&nbsp;&nbsp;&nbsp;&nbsp;&nbsp;&nbsp;<span class="nt">&lt;version</span> <span class="na">num=</span><span class="s">&quot;19&quot;</span> <span class="na">curr_loc=</span><span class="s">&quot;367&quot;</span> <span class="na">changed=</span><span class="s">&quot;1&quot;</span> <span class="na">churn=</span><span class="s">&quot;463&quot;</span> <span class="nt">/&gt;</span></div><div class='line' id='LC712'>&nbsp;&nbsp;&nbsp;&nbsp;&nbsp;&nbsp;&nbsp;&nbsp;&nbsp;&nbsp;&nbsp;&nbsp;<span class="nt">&lt;version</span> <span class="na">num=</span><span class="s">&quot;27&quot;</span> <span class="na">curr_loc=</span><span class="s">&quot;371&quot;</span> <span class="na">changed=</span><span class="s">&quot;1&quot;</span> <span class="na">churn=</span><span class="s">&quot;467&quot;</span> <span class="nt">/&gt;</span></div><div class='line' id='LC713'>&nbsp;&nbsp;&nbsp;&nbsp;&nbsp;&nbsp;&nbsp;&nbsp;&nbsp;&nbsp;&nbsp;&nbsp;<span class="nt">&lt;version</span> <span class="na">num=</span><span class="s">&quot;29&quot;</span> <span class="na">curr_loc=</span><span class="s">&quot;370&quot;</span> <span class="na">changed=</span><span class="s">&quot;1&quot;</span> <span class="na">churn=</span><span class="s">&quot;468&quot;</span> <span class="nt">/&gt;</span></div><div class='line' id='LC714'>&nbsp;&nbsp;&nbsp;&nbsp;&nbsp;&nbsp;&nbsp;&nbsp;&nbsp;&nbsp;&nbsp;&nbsp;<span class="nt">&lt;version</span> <span class="na">num=</span><span class="s">&quot;33&quot;</span> <span class="na">curr_loc=</span><span class="s">&quot;370&quot;</span> <span class="na">changed=</span><span class="s">&quot;1&quot;</span> <span class="na">churn=</span><span class="s">&quot;468&quot;</span> <span class="nt">/&gt;</span></div><div class='line' id='LC715'>&nbsp;&nbsp;&nbsp;&nbsp;&nbsp;&nbsp;&nbsp;&nbsp;&nbsp;&nbsp;&nbsp;&nbsp;<span class="nt">&lt;version</span> <span class="na">num=</span><span class="s">&quot;35&quot;</span> <span class="na">curr_loc=</span><span class="s">&quot;370&quot;</span> <span class="na">changed=</span><span class="s">&quot;1&quot;</span> <span class="na">churn=</span><span class="s">&quot;468&quot;</span> <span class="nt">/&gt;</span></div><div class='line' id='LC716'>&nbsp;&nbsp;&nbsp;&nbsp;&nbsp;&nbsp;&nbsp;&nbsp;&nbsp;&nbsp;&nbsp;&nbsp;<span class="nt">&lt;version</span> <span class="na">num=</span><span class="s">&quot;39&quot;</span> <span class="na">curr_loc=</span><span class="s">&quot;370&quot;</span> <span class="na">changed=</span><span class="s">&quot;1&quot;</span> <span class="na">churn=</span><span class="s">&quot;468&quot;</span> <span class="nt">/&gt;</span></div><div class='line' id='LC717'>&nbsp;&nbsp;&nbsp;&nbsp;&nbsp;&nbsp;&nbsp;&nbsp;&nbsp;&nbsp;&nbsp;&nbsp;<span class="nt">&lt;version</span> <span class="na">num=</span><span class="s">&quot;54&quot;</span> <span class="na">curr_loc=</span><span class="s">&quot;317&quot;</span> <span class="na">changed=</span><span class="s">&quot;1&quot;</span> <span class="na">churn=</span><span class="s">&quot;521&quot;</span> <span class="nt">/&gt;</span></div><div class='line' id='LC718'>&nbsp;&nbsp;&nbsp;&nbsp;&nbsp;&nbsp;&nbsp;&nbsp;&nbsp;&nbsp;&nbsp;&nbsp;<span class="nt">&lt;version</span> <span class="na">num=</span><span class="s">&quot;62&quot;</span> <span class="na">curr_loc=</span><span class="s">&quot;317&quot;</span> <span class="na">changed=</span><span class="s">&quot;1&quot;</span> <span class="na">churn=</span><span class="s">&quot;521&quot;</span> <span class="nt">/&gt;</span></div><div class='line' id='LC719'>&nbsp;&nbsp;&nbsp;&nbsp;&nbsp;&nbsp;&nbsp;&nbsp;&nbsp;&nbsp;&nbsp;&nbsp;<span class="nt">&lt;version</span> <span class="na">num=</span><span class="s">&quot;69&quot;</span> <span class="na">curr_loc=</span><span class="s">&quot;319&quot;</span> <span class="na">changed=</span><span class="s">&quot;1&quot;</span> <span class="na">churn=</span><span class="s">&quot;523&quot;</span> <span class="nt">/&gt;</span></div><div class='line' id='LC720'>&nbsp;&nbsp;&nbsp;&nbsp;&nbsp;&nbsp;&nbsp;&nbsp;&nbsp;&nbsp;&nbsp;&nbsp;<span class="nt">&lt;version</span> <span class="na">num=</span><span class="s">&quot;80&quot;</span> <span class="na">curr_loc=</span><span class="s">&quot;312&quot;</span> <span class="na">changed=</span><span class="s">&quot;1&quot;</span> <span class="na">churn=</span><span class="s">&quot;530&quot;</span> <span class="nt">/&gt;</span></div><div class='line' id='LC721'>&nbsp;&nbsp;&nbsp;&nbsp;&nbsp;&nbsp;&nbsp;&nbsp;&nbsp;&nbsp;&nbsp;&nbsp;<span class="nt">&lt;version</span> <span class="na">num=</span><span class="s">&quot;81&quot;</span> <span class="na">curr_loc=</span><span class="s">&quot;316&quot;</span> <span class="na">changed=</span><span class="s">&quot;1&quot;</span> <span class="na">churn=</span><span class="s">&quot;534&quot;</span> <span class="nt">/&gt;</span></div><div class='line' id='LC722'>&nbsp;&nbsp;&nbsp;&nbsp;&nbsp;&nbsp;&nbsp;&nbsp;&nbsp;&nbsp;&nbsp;&nbsp;<span class="nt">&lt;version</span> <span class="na">num=</span><span class="s">&quot;82&quot;</span> <span class="na">curr_loc=</span><span class="s">&quot;320&quot;</span> <span class="na">changed=</span><span class="s">&quot;1&quot;</span> <span class="na">churn=</span><span class="s">&quot;538&quot;</span> <span class="nt">/&gt;</span></div><div class='line' id='LC723'>&nbsp;&nbsp;&nbsp;&nbsp;&nbsp;&nbsp;&nbsp;&nbsp;&nbsp;&nbsp;&nbsp;&nbsp;<span class="nt">&lt;version</span> <span class="na">num=</span><span class="s">&quot;95&quot;</span> <span class="na">curr_loc=</span><span class="s">&quot;372&quot;</span> <span class="na">changed=</span><span class="s">&quot;1&quot;</span> <span class="na">churn=</span><span class="s">&quot;590&quot;</span> <span class="nt">/&gt;</span></div><div class='line' id='LC724'>&nbsp;&nbsp;&nbsp;&nbsp;&nbsp;&nbsp;&nbsp;&nbsp;&nbsp;&nbsp;&nbsp;&nbsp;<span class="nt">&lt;version</span> <span class="na">num=</span><span class="s">&quot;97&quot;</span> <span class="na">curr_loc=</span><span class="s">&quot;372&quot;</span> <span class="na">changed=</span><span class="s">&quot;1&quot;</span> <span class="na">churn=</span><span class="s">&quot;590&quot;</span> <span class="nt">/&gt;</span></div><div class='line' id='LC725'>&nbsp;&nbsp;&nbsp;&nbsp;&nbsp;&nbsp;&nbsp;&nbsp;&nbsp;&nbsp;&nbsp;&nbsp;<span class="nt">&lt;version</span> <span class="na">num=</span><span class="s">&quot;102&quot;</span> <span class="na">curr_loc=</span><span class="s">&quot;372&quot;</span> <span class="na">changed=</span><span class="s">&quot;1&quot;</span> <span class="na">churn=</span><span class="s">&quot;590&quot;</span> <span class="nt">/&gt;</span></div><div class='line' id='LC726'>&nbsp;&nbsp;&nbsp;&nbsp;&nbsp;&nbsp;&nbsp;&nbsp;&nbsp;&nbsp;&nbsp;&nbsp;<span class="nt">&lt;version</span> <span class="na">num=</span><span class="s">&quot;104&quot;</span> <span class="na">curr_loc=</span><span class="s">&quot;372&quot;</span> <span class="na">changed=</span><span class="s">&quot;1&quot;</span> <span class="na">churn=</span><span class="s">&quot;590&quot;</span> <span class="nt">/&gt;</span></div><div class='line' id='LC727'>&nbsp;&nbsp;&nbsp;&nbsp;&nbsp;&nbsp;&nbsp;&nbsp;&nbsp;&nbsp;&nbsp;&nbsp;<span class="nt">&lt;version</span> <span class="na">num=</span><span class="s">&quot;116&quot;</span> <span class="na">curr_loc=</span><span class="s">&quot;317&quot;</span> <span class="na">changed=</span><span class="s">&quot;1&quot;</span> <span class="na">churn=</span><span class="s">&quot;645&quot;</span> <span class="nt">/&gt;</span></div><div class='line' id='LC728'>&nbsp;&nbsp;&nbsp;&nbsp;&nbsp;&nbsp;&nbsp;&nbsp;&nbsp;&nbsp;&nbsp;&nbsp;<span class="nt">&lt;version</span> <span class="na">num=</span><span class="s">&quot;124&quot;</span> <span class="na">curr_loc=</span><span class="s">&quot;317&quot;</span> <span class="na">changed=</span><span class="s">&quot;1&quot;</span> <span class="na">churn=</span><span class="s">&quot;645&quot;</span> <span class="nt">/&gt;</span></div><div class='line' id='LC729'>&nbsp;&nbsp;&nbsp;&nbsp;&nbsp;&nbsp;&nbsp;&nbsp;&nbsp;&nbsp;&nbsp;&nbsp;<span class="nt">&lt;version</span> <span class="na">num=</span><span class="s">&quot;203&quot;</span> <span class="na">curr_loc=</span><span class="s">&quot;323&quot;</span> <span class="na">changed=</span><span class="s">&quot;1&quot;</span> <span class="na">churn=</span><span class="s">&quot;651&quot;</span> <span class="nt">/&gt;</span></div><div class='line' id='LC730'>&nbsp;&nbsp;&nbsp;&nbsp;&nbsp;&nbsp;&nbsp;&nbsp;&nbsp;&nbsp;&nbsp;&nbsp;<span class="nt">&lt;version</span> <span class="na">num=</span><span class="s">&quot;205&quot;</span> <span class="na">curr_loc=</span><span class="s">&quot;323&quot;</span> <span class="na">changed=</span><span class="s">&quot;1&quot;</span> <span class="na">churn=</span><span class="s">&quot;651&quot;</span> <span class="nt">/&gt;</span></div><div class='line' id='LC731'>&nbsp;&nbsp;&nbsp;&nbsp;&nbsp;&nbsp;&nbsp;&nbsp;&nbsp;&nbsp;&nbsp;&nbsp;<span class="nt">&lt;version</span> <span class="na">num=</span><span class="s">&quot;209&quot;</span> <span class="na">curr_loc=</span><span class="s">&quot;358&quot;</span> <span class="na">changed=</span><span class="s">&quot;1&quot;</span> <span class="na">churn=</span><span class="s">&quot;686&quot;</span> <span class="nt">/&gt;</span></div><div class='line' id='LC732'>&nbsp;&nbsp;&nbsp;&nbsp;&nbsp;&nbsp;&nbsp;&nbsp;&nbsp;&nbsp;&nbsp;&nbsp;<span class="nt">&lt;version</span> <span class="na">num=</span><span class="s">&quot;212&quot;</span> <span class="na">curr_loc=</span><span class="s">&quot;323&quot;</span> <span class="na">changed=</span><span class="s">&quot;1&quot;</span> <span class="na">churn=</span><span class="s">&quot;721&quot;</span> <span class="nt">/&gt;</span></div><div class='line' id='LC733'>&nbsp;&nbsp;&nbsp;&nbsp;&nbsp;&nbsp;&nbsp;&nbsp;&nbsp;&nbsp;&nbsp;&nbsp;<span class="nt">&lt;version</span> <span class="na">num=</span><span class="s">&quot;217&quot;</span> <span class="na">curr_loc=</span><span class="s">&quot;358&quot;</span> <span class="na">changed=</span><span class="s">&quot;1&quot;</span> <span class="na">churn=</span><span class="s">&quot;756&quot;</span> <span class="nt">/&gt;</span></div><div class='line' id='LC734'>&nbsp;&nbsp;&nbsp;&nbsp;&nbsp;&nbsp;&nbsp;&nbsp;&nbsp;&nbsp;&nbsp;&nbsp;<span class="nt">&lt;version</span> <span class="na">num=</span><span class="s">&quot;224&quot;</span> <span class="na">curr_loc=</span><span class="s">&quot;315&quot;</span> <span class="na">changed=</span><span class="s">&quot;1&quot;</span> <span class="na">churn=</span><span class="s">&quot;799&quot;</span> <span class="nt">/&gt;</span></div><div class='line' id='LC735'>&nbsp;&nbsp;&nbsp;&nbsp;&nbsp;&nbsp;&nbsp;&nbsp;&nbsp;&nbsp;&nbsp;&nbsp;<span class="nt">&lt;version</span> <span class="na">num=</span><span class="s">&quot;227&quot;</span> <span class="na">curr_loc=</span><span class="s">&quot;306&quot;</span> <span class="na">changed=</span><span class="s">&quot;1&quot;</span> <span class="na">churn=</span><span class="s">&quot;808&quot;</span> <span class="nt">/&gt;</span></div><div class='line' id='LC736'>&nbsp;&nbsp;&nbsp;&nbsp;&nbsp;&nbsp;&nbsp;&nbsp;&nbsp;&nbsp;&nbsp;&nbsp;<span class="nt">&lt;version</span> <span class="na">num=</span><span class="s">&quot;228&quot;</span> <span class="na">curr_loc=</span><span class="s">&quot;315&quot;</span> <span class="na">changed=</span><span class="s">&quot;1&quot;</span> <span class="na">churn=</span><span class="s">&quot;817&quot;</span> <span class="nt">/&gt;</span></div><div class='line' id='LC737'>&nbsp;&nbsp;&nbsp;&nbsp;&nbsp;&nbsp;&nbsp;&nbsp;&nbsp;&nbsp;&nbsp;&nbsp;<span class="nt">&lt;version</span> <span class="na">num=</span><span class="s">&quot;240&quot;</span> <span class="na">curr_loc=</span><span class="s">&quot;306&quot;</span> <span class="na">changed=</span><span class="s">&quot;1&quot;</span> <span class="na">churn=</span><span class="s">&quot;826&quot;</span> <span class="nt">/&gt;</span></div><div class='line' id='LC738'>&nbsp;&nbsp;&nbsp;&nbsp;&nbsp;&nbsp;&nbsp;&nbsp;&nbsp;&nbsp;&nbsp;&nbsp;<span class="nt">&lt;version</span> <span class="na">num=</span><span class="s">&quot;286&quot;</span> <span class="na">curr_loc=</span><span class="s">&quot;293&quot;</span> <span class="na">changed=</span><span class="s">&quot;1&quot;</span> <span class="na">churn=</span><span class="s">&quot;839&quot;</span> <span class="nt">/&gt;</span></div><div class='line' id='LC739'>&nbsp;&nbsp;&nbsp;&nbsp;&nbsp;&nbsp;&nbsp;&nbsp;&nbsp;&nbsp;&nbsp;&nbsp;<span class="nt">&lt;version</span> <span class="na">num=</span><span class="s">&quot;290&quot;</span> <span class="na">curr_loc=</span><span class="s">&quot;296&quot;</span> <span class="na">changed=</span><span class="s">&quot;1&quot;</span> <span class="na">churn=</span><span class="s">&quot;842&quot;</span> <span class="nt">/&gt;</span></div><div class='line' id='LC740'>&nbsp;&nbsp;&nbsp;&nbsp;&nbsp;&nbsp;&nbsp;&nbsp;&nbsp;&nbsp;&nbsp;&nbsp;<span class="nt">&lt;version</span> <span class="na">num=</span><span class="s">&quot;303&quot;</span> <span class="na">curr_loc=</span><span class="s">&quot;296&quot;</span> <span class="na">changed=</span><span class="s">&quot;1&quot;</span> <span class="na">churn=</span><span class="s">&quot;842&quot;</span> <span class="nt">/&gt;</span></div><div class='line' id='LC741'>&nbsp;&nbsp;&nbsp;&nbsp;&nbsp;&nbsp;&nbsp;&nbsp;&nbsp;&nbsp;&nbsp;&nbsp;<span class="nt">&lt;version</span> <span class="na">num=</span><span class="s">&quot;326&quot;</span> <span class="na">curr_loc=</span><span class="s">&quot;293&quot;</span> <span class="na">changed=</span><span class="s">&quot;1&quot;</span> <span class="na">churn=</span><span class="s">&quot;845&quot;</span> <span class="nt">/&gt;</span></div><div class='line' id='LC742'>&nbsp;&nbsp;&nbsp;&nbsp;&nbsp;&nbsp;&nbsp;&nbsp;&nbsp;&nbsp;&nbsp;&nbsp;<span class="nt">&lt;version</span> <span class="na">num=</span><span class="s">&quot;327&quot;</span> <span class="na">curr_loc=</span><span class="s">&quot;295&quot;</span> <span class="na">changed=</span><span class="s">&quot;1&quot;</span> <span class="na">churn=</span><span class="s">&quot;847&quot;</span> <span class="nt">/&gt;</span></div><div class='line' id='LC743'>&nbsp;&nbsp;&nbsp;&nbsp;&nbsp;&nbsp;&nbsp;&nbsp;&nbsp;&nbsp;&nbsp;&nbsp;<span class="nt">&lt;version</span> <span class="na">num=</span><span class="s">&quot;328&quot;</span> <span class="na">curr_loc=</span><span class="s">&quot;258&quot;</span> <span class="na">changed=</span><span class="s">&quot;1&quot;</span> <span class="na">churn=</span><span class="s">&quot;884&quot;</span> <span class="nt">/&gt;</span></div><div class='line' id='LC744'>&nbsp;&nbsp;&nbsp;&nbsp;&nbsp;&nbsp;&nbsp;&nbsp;&nbsp;&nbsp;&nbsp;&nbsp;<span class="nt">&lt;version</span> <span class="na">num=</span><span class="s">&quot;329&quot;</span> <span class="na">curr_loc=</span><span class="s">&quot;263&quot;</span> <span class="na">changed=</span><span class="s">&quot;1&quot;</span> <span class="na">churn=</span><span class="s">&quot;889&quot;</span> <span class="nt">/&gt;</span></div><div class='line' id='LC745'>&nbsp;&nbsp;&nbsp;&nbsp;&nbsp;&nbsp;&nbsp;&nbsp;&nbsp;&nbsp;&nbsp;&nbsp;<span class="nt">&lt;version</span> <span class="na">num=</span><span class="s">&quot;331&quot;</span> <span class="na">curr_loc=</span><span class="s">&quot;201&quot;</span> <span class="na">changed=</span><span class="s">&quot;1&quot;</span> <span class="na">churn=</span><span class="s">&quot;951&quot;</span> <span class="nt">/&gt;</span></div><div class='line' id='LC746'>&nbsp;&nbsp;&nbsp;&nbsp;&nbsp;&nbsp;&nbsp;&nbsp;&nbsp;&nbsp;&nbsp;&nbsp;<span class="nt">&lt;version</span> <span class="na">num=</span><span class="s">&quot;332&quot;</span> <span class="na">curr_loc=</span><span class="s">&quot;173&quot;</span> <span class="na">changed=</span><span class="s">&quot;1&quot;</span> <span class="na">churn=</span><span class="s">&quot;979&quot;</span> <span class="nt">/&gt;</span></div><div class='line' id='LC747'>&nbsp;&nbsp;&nbsp;&nbsp;&nbsp;&nbsp;&nbsp;&nbsp;&nbsp;&nbsp;<span class="nt">&lt;/class&gt;</span></div><div class='line' id='LC748'>&nbsp;&nbsp;&nbsp;&nbsp;&nbsp;&nbsp;&nbsp;&nbsp;&nbsp;&nbsp;<span class="nt">&lt;class</span> <span class="na">name=</span><span class="s">&quot;BlockJUnit4ClassRunner&quot;</span> <span class="na">type=</span><span class="s">&quot;ConcreteClass&quot;</span> <span class="na">maxLoc=</span><span class="s">&quot;427&quot;</span><span class="nt">&gt;</span></div><div class='line' id='LC749'>&nbsp;&nbsp;&nbsp;&nbsp;&nbsp;&nbsp;&nbsp;&nbsp;&nbsp;&nbsp;&nbsp;&nbsp;<span class="nt">&lt;version</span> <span class="na">num=</span><span class="s">&quot;6&quot;</span> <span class="na">curr_loc=</span><span class="s">&quot;400&quot;</span> <span class="na">changed=</span><span class="s">&quot;1&quot;</span> <span class="na">churn=</span><span class="s">&quot;400&quot;</span> <span class="nt">/&gt;</span></div><div class='line' id='LC750'>&nbsp;&nbsp;&nbsp;&nbsp;&nbsp;&nbsp;&nbsp;&nbsp;&nbsp;&nbsp;&nbsp;&nbsp;<span class="nt">&lt;version</span> <span class="na">num=</span><span class="s">&quot;7&quot;</span> <span class="na">curr_loc=</span><span class="s">&quot;400&quot;</span> <span class="na">changed=</span><span class="s">&quot;1&quot;</span> <span class="na">churn=</span><span class="s">&quot;400&quot;</span> <span class="nt">/&gt;</span></div><div class='line' id='LC751'>&nbsp;&nbsp;&nbsp;&nbsp;&nbsp;&nbsp;&nbsp;&nbsp;&nbsp;&nbsp;&nbsp;&nbsp;<span class="nt">&lt;version</span> <span class="na">num=</span><span class="s">&quot;10&quot;</span> <span class="na">curr_loc=</span><span class="s">&quot;400&quot;</span> <span class="na">changed=</span><span class="s">&quot;1&quot;</span> <span class="na">churn=</span><span class="s">&quot;400&quot;</span> <span class="nt">/&gt;</span></div><div class='line' id='LC752'>&nbsp;&nbsp;&nbsp;&nbsp;&nbsp;&nbsp;&nbsp;&nbsp;&nbsp;&nbsp;&nbsp;&nbsp;<span class="nt">&lt;version</span> <span class="na">num=</span><span class="s">&quot;13&quot;</span> <span class="na">curr_loc=</span><span class="s">&quot;427&quot;</span> <span class="na">changed=</span><span class="s">&quot;1&quot;</span> <span class="na">churn=</span><span class="s">&quot;427&quot;</span> <span class="nt">/&gt;</span></div><div class='line' id='LC753'>&nbsp;&nbsp;&nbsp;&nbsp;&nbsp;&nbsp;&nbsp;&nbsp;&nbsp;&nbsp;&nbsp;&nbsp;<span class="nt">&lt;version</span> <span class="na">num=</span><span class="s">&quot;14&quot;</span> <span class="na">curr_loc=</span><span class="s">&quot;391&quot;</span> <span class="na">changed=</span><span class="s">&quot;1&quot;</span> <span class="na">churn=</span><span class="s">&quot;463&quot;</span> <span class="nt">/&gt;</span></div><div class='line' id='LC754'>&nbsp;&nbsp;&nbsp;&nbsp;&nbsp;&nbsp;&nbsp;&nbsp;&nbsp;&nbsp;&nbsp;&nbsp;<span class="nt">&lt;version</span> <span class="na">num=</span><span class="s">&quot;16&quot;</span> <span class="na">curr_loc=</span><span class="s">&quot;418&quot;</span> <span class="na">changed=</span><span class="s">&quot;1&quot;</span> <span class="na">churn=</span><span class="s">&quot;490&quot;</span> <span class="nt">/&gt;</span></div><div class='line' id='LC755'>&nbsp;&nbsp;&nbsp;&nbsp;&nbsp;&nbsp;&nbsp;&nbsp;&nbsp;&nbsp;&nbsp;&nbsp;<span class="nt">&lt;version</span> <span class="na">num=</span><span class="s">&quot;18&quot;</span> <span class="na">curr_loc=</span><span class="s">&quot;389&quot;</span> <span class="na">changed=</span><span class="s">&quot;1&quot;</span> <span class="na">churn=</span><span class="s">&quot;519&quot;</span> <span class="nt">/&gt;</span></div><div class='line' id='LC756'>&nbsp;&nbsp;&nbsp;&nbsp;&nbsp;&nbsp;&nbsp;&nbsp;&nbsp;&nbsp;&nbsp;&nbsp;<span class="nt">&lt;version</span> <span class="na">num=</span><span class="s">&quot;19&quot;</span> <span class="na">curr_loc=</span><span class="s">&quot;415&quot;</span> <span class="na">changed=</span><span class="s">&quot;1&quot;</span> <span class="na">churn=</span><span class="s">&quot;545&quot;</span> <span class="nt">/&gt;</span></div><div class='line' id='LC757'>&nbsp;&nbsp;&nbsp;&nbsp;&nbsp;&nbsp;&nbsp;&nbsp;&nbsp;&nbsp;&nbsp;&nbsp;<span class="nt">&lt;version</span> <span class="na">num=</span><span class="s">&quot;28&quot;</span> <span class="na">curr_loc=</span><span class="s">&quot;417&quot;</span> <span class="na">changed=</span><span class="s">&quot;1&quot;</span> <span class="na">churn=</span><span class="s">&quot;547&quot;</span> <span class="nt">/&gt;</span></div><div class='line' id='LC758'>&nbsp;&nbsp;&nbsp;&nbsp;&nbsp;&nbsp;&nbsp;&nbsp;&nbsp;&nbsp;&nbsp;&nbsp;<span class="nt">&lt;version</span> <span class="na">num=</span><span class="s">&quot;29&quot;</span> <span class="na">curr_loc=</span><span class="s">&quot;406&quot;</span> <span class="na">changed=</span><span class="s">&quot;1&quot;</span> <span class="na">churn=</span><span class="s">&quot;558&quot;</span> <span class="nt">/&gt;</span></div><div class='line' id='LC759'>&nbsp;&nbsp;&nbsp;&nbsp;&nbsp;&nbsp;&nbsp;&nbsp;&nbsp;&nbsp;&nbsp;&nbsp;<span class="nt">&lt;version</span> <span class="na">num=</span><span class="s">&quot;31&quot;</span> <span class="na">curr_loc=</span><span class="s">&quot;406&quot;</span> <span class="na">changed=</span><span class="s">&quot;1&quot;</span> <span class="na">churn=</span><span class="s">&quot;558&quot;</span> <span class="nt">/&gt;</span></div><div class='line' id='LC760'>&nbsp;&nbsp;&nbsp;&nbsp;&nbsp;&nbsp;&nbsp;&nbsp;&nbsp;&nbsp;&nbsp;&nbsp;<span class="nt">&lt;version</span> <span class="na">num=</span><span class="s">&quot;33&quot;</span> <span class="na">curr_loc=</span><span class="s">&quot;386&quot;</span> <span class="na">changed=</span><span class="s">&quot;1&quot;</span> <span class="na">churn=</span><span class="s">&quot;578&quot;</span> <span class="nt">/&gt;</span></div><div class='line' id='LC761'>&nbsp;&nbsp;&nbsp;&nbsp;&nbsp;&nbsp;&nbsp;&nbsp;&nbsp;&nbsp;&nbsp;&nbsp;<span class="nt">&lt;version</span> <span class="na">num=</span><span class="s">&quot;39&quot;</span> <span class="na">curr_loc=</span><span class="s">&quot;380&quot;</span> <span class="na">changed=</span><span class="s">&quot;1&quot;</span> <span class="na">churn=</span><span class="s">&quot;584&quot;</span> <span class="nt">/&gt;</span></div><div class='line' id='LC762'>&nbsp;&nbsp;&nbsp;&nbsp;&nbsp;&nbsp;&nbsp;&nbsp;&nbsp;&nbsp;&nbsp;&nbsp;<span class="nt">&lt;version</span> <span class="na">num=</span><span class="s">&quot;42&quot;</span> <span class="na">curr_loc=</span><span class="s">&quot;414&quot;</span> <span class="na">changed=</span><span class="s">&quot;1&quot;</span> <span class="na">churn=</span><span class="s">&quot;618&quot;</span> <span class="nt">/&gt;</span></div><div class='line' id='LC763'>&nbsp;&nbsp;&nbsp;&nbsp;&nbsp;&nbsp;&nbsp;&nbsp;&nbsp;&nbsp;&nbsp;&nbsp;<span class="nt">&lt;version</span> <span class="na">num=</span><span class="s">&quot;43&quot;</span> <span class="na">curr_loc=</span><span class="s">&quot;414&quot;</span> <span class="na">changed=</span><span class="s">&quot;1&quot;</span> <span class="na">churn=</span><span class="s">&quot;618&quot;</span> <span class="nt">/&gt;</span></div><div class='line' id='LC764'>&nbsp;&nbsp;&nbsp;&nbsp;&nbsp;&nbsp;&nbsp;&nbsp;&nbsp;&nbsp;&nbsp;&nbsp;<span class="nt">&lt;version</span> <span class="na">num=</span><span class="s">&quot;44&quot;</span> <span class="na">curr_loc=</span><span class="s">&quot;412&quot;</span> <span class="na">changed=</span><span class="s">&quot;1&quot;</span> <span class="na">churn=</span><span class="s">&quot;620&quot;</span> <span class="nt">/&gt;</span></div><div class='line' id='LC765'>&nbsp;&nbsp;&nbsp;&nbsp;&nbsp;&nbsp;&nbsp;&nbsp;&nbsp;&nbsp;&nbsp;&nbsp;<span class="nt">&lt;version</span> <span class="na">num=</span><span class="s">&quot;45&quot;</span> <span class="na">curr_loc=</span><span class="s">&quot;414&quot;</span> <span class="na">changed=</span><span class="s">&quot;1&quot;</span> <span class="na">churn=</span><span class="s">&quot;622&quot;</span> <span class="nt">/&gt;</span></div><div class='line' id='LC766'>&nbsp;&nbsp;&nbsp;&nbsp;&nbsp;&nbsp;&nbsp;&nbsp;&nbsp;&nbsp;&nbsp;&nbsp;<span class="nt">&lt;version</span> <span class="na">num=</span><span class="s">&quot;50&quot;</span> <span class="na">curr_loc=</span><span class="s">&quot;380&quot;</span> <span class="na">changed=</span><span class="s">&quot;1&quot;</span> <span class="na">churn=</span><span class="s">&quot;656&quot;</span> <span class="nt">/&gt;</span></div><div class='line' id='LC767'>&nbsp;&nbsp;&nbsp;&nbsp;&nbsp;&nbsp;&nbsp;&nbsp;&nbsp;&nbsp;&nbsp;&nbsp;<span class="nt">&lt;version</span> <span class="na">num=</span><span class="s">&quot;54&quot;</span> <span class="na">curr_loc=</span><span class="s">&quot;384&quot;</span> <span class="na">changed=</span><span class="s">&quot;1&quot;</span> <span class="na">churn=</span><span class="s">&quot;660&quot;</span> <span class="nt">/&gt;</span></div><div class='line' id='LC768'>&nbsp;&nbsp;&nbsp;&nbsp;&nbsp;&nbsp;&nbsp;&nbsp;&nbsp;&nbsp;&nbsp;&nbsp;<span class="nt">&lt;version</span> <span class="na">num=</span><span class="s">&quot;59&quot;</span> <span class="na">curr_loc=</span><span class="s">&quot;380&quot;</span> <span class="na">changed=</span><span class="s">&quot;1&quot;</span> <span class="na">churn=</span><span class="s">&quot;664&quot;</span> <span class="nt">/&gt;</span></div><div class='line' id='LC769'>&nbsp;&nbsp;&nbsp;&nbsp;&nbsp;&nbsp;&nbsp;&nbsp;&nbsp;&nbsp;&nbsp;&nbsp;<span class="nt">&lt;version</span> <span class="na">num=</span><span class="s">&quot;62&quot;</span> <span class="na">curr_loc=</span><span class="s">&quot;384&quot;</span> <span class="na">changed=</span><span class="s">&quot;1&quot;</span> <span class="na">churn=</span><span class="s">&quot;668&quot;</span> <span class="nt">/&gt;</span></div><div class='line' id='LC770'>&nbsp;&nbsp;&nbsp;&nbsp;&nbsp;&nbsp;&nbsp;&nbsp;&nbsp;&nbsp;&nbsp;&nbsp;<span class="nt">&lt;version</span> <span class="na">num=</span><span class="s">&quot;65&quot;</span> <span class="na">curr_loc=</span><span class="s">&quot;383&quot;</span> <span class="na">changed=</span><span class="s">&quot;1&quot;</span> <span class="na">churn=</span><span class="s">&quot;669&quot;</span> <span class="nt">/&gt;</span></div><div class='line' id='LC771'>&nbsp;&nbsp;&nbsp;&nbsp;&nbsp;&nbsp;&nbsp;&nbsp;&nbsp;&nbsp;&nbsp;&nbsp;<span class="nt">&lt;version</span> <span class="na">num=</span><span class="s">&quot;69&quot;</span> <span class="na">curr_loc=</span><span class="s">&quot;406&quot;</span> <span class="na">changed=</span><span class="s">&quot;1&quot;</span> <span class="na">churn=</span><span class="s">&quot;692&quot;</span> <span class="nt">/&gt;</span></div><div class='line' id='LC772'>&nbsp;&nbsp;&nbsp;&nbsp;&nbsp;&nbsp;&nbsp;&nbsp;&nbsp;&nbsp;&nbsp;&nbsp;<span class="nt">&lt;version</span> <span class="na">num=</span><span class="s">&quot;70&quot;</span> <span class="na">curr_loc=</span><span class="s">&quot;403&quot;</span> <span class="na">changed=</span><span class="s">&quot;1&quot;</span> <span class="na">churn=</span><span class="s">&quot;695&quot;</span> <span class="nt">/&gt;</span></div><div class='line' id='LC773'>&nbsp;&nbsp;&nbsp;&nbsp;&nbsp;&nbsp;&nbsp;&nbsp;&nbsp;&nbsp;&nbsp;&nbsp;<span class="nt">&lt;version</span> <span class="na">num=</span><span class="s">&quot;81&quot;</span> <span class="na">curr_loc=</span><span class="s">&quot;405&quot;</span> <span class="na">changed=</span><span class="s">&quot;1&quot;</span> <span class="na">churn=</span><span class="s">&quot;697&quot;</span> <span class="nt">/&gt;</span></div><div class='line' id='LC774'>&nbsp;&nbsp;&nbsp;&nbsp;&nbsp;&nbsp;&nbsp;&nbsp;&nbsp;&nbsp;&nbsp;&nbsp;<span class="nt">&lt;version</span> <span class="na">num=</span><span class="s">&quot;96&quot;</span> <span class="na">curr_loc=</span><span class="s">&quot;402&quot;</span> <span class="na">changed=</span><span class="s">&quot;1&quot;</span> <span class="na">churn=</span><span class="s">&quot;700&quot;</span> <span class="nt">/&gt;</span></div><div class='line' id='LC775'>&nbsp;&nbsp;&nbsp;&nbsp;&nbsp;&nbsp;&nbsp;&nbsp;&nbsp;&nbsp;&nbsp;&nbsp;<span class="nt">&lt;version</span> <span class="na">num=</span><span class="s">&quot;97&quot;</span> <span class="na">curr_loc=</span><span class="s">&quot;402&quot;</span> <span class="na">changed=</span><span class="s">&quot;1&quot;</span> <span class="na">churn=</span><span class="s">&quot;700&quot;</span> <span class="nt">/&gt;</span></div><div class='line' id='LC776'>&nbsp;&nbsp;&nbsp;&nbsp;&nbsp;&nbsp;&nbsp;&nbsp;&nbsp;&nbsp;&nbsp;&nbsp;<span class="nt">&lt;version</span> <span class="na">num=</span><span class="s">&quot;103&quot;</span> <span class="na">curr_loc=</span><span class="s">&quot;402&quot;</span> <span class="na">changed=</span><span class="s">&quot;1&quot;</span> <span class="na">churn=</span><span class="s">&quot;700&quot;</span> <span class="nt">/&gt;</span></div><div class='line' id='LC777'>&nbsp;&nbsp;&nbsp;&nbsp;&nbsp;&nbsp;&nbsp;&nbsp;&nbsp;&nbsp;&nbsp;&nbsp;<span class="nt">&lt;version</span> <span class="na">num=</span><span class="s">&quot;104&quot;</span> <span class="na">curr_loc=</span><span class="s">&quot;402&quot;</span> <span class="na">changed=</span><span class="s">&quot;1&quot;</span> <span class="na">churn=</span><span class="s">&quot;700&quot;</span> <span class="nt">/&gt;</span></div><div class='line' id='LC778'>&nbsp;&nbsp;&nbsp;&nbsp;&nbsp;&nbsp;&nbsp;&nbsp;&nbsp;&nbsp;&nbsp;&nbsp;<span class="nt">&lt;version</span> <span class="na">num=</span><span class="s">&quot;108&quot;</span> <span class="na">curr_loc=</span><span class="s">&quot;395&quot;</span> <span class="na">changed=</span><span class="s">&quot;1&quot;</span> <span class="na">churn=</span><span class="s">&quot;707&quot;</span> <span class="nt">/&gt;</span></div><div class='line' id='LC779'>&nbsp;&nbsp;&nbsp;&nbsp;&nbsp;&nbsp;&nbsp;&nbsp;&nbsp;&nbsp;&nbsp;&nbsp;<span class="nt">&lt;version</span> <span class="na">num=</span><span class="s">&quot;116&quot;</span> <span class="na">curr_loc=</span><span class="s">&quot;395&quot;</span> <span class="na">changed=</span><span class="s">&quot;1&quot;</span> <span class="na">churn=</span><span class="s">&quot;707&quot;</span> <span class="nt">/&gt;</span></div><div class='line' id='LC780'>&nbsp;&nbsp;&nbsp;&nbsp;&nbsp;&nbsp;&nbsp;&nbsp;&nbsp;&nbsp;&nbsp;&nbsp;<span class="nt">&lt;version</span> <span class="na">num=</span><span class="s">&quot;123&quot;</span> <span class="na">curr_loc=</span><span class="s">&quot;392&quot;</span> <span class="na">changed=</span><span class="s">&quot;1&quot;</span> <span class="na">churn=</span><span class="s">&quot;710&quot;</span> <span class="nt">/&gt;</span></div><div class='line' id='LC781'>&nbsp;&nbsp;&nbsp;&nbsp;&nbsp;&nbsp;&nbsp;&nbsp;&nbsp;&nbsp;&nbsp;&nbsp;<span class="nt">&lt;version</span> <span class="na">num=</span><span class="s">&quot;124&quot;</span> <span class="na">curr_loc=</span><span class="s">&quot;392&quot;</span> <span class="na">changed=</span><span class="s">&quot;1&quot;</span> <span class="na">churn=</span><span class="s">&quot;710&quot;</span> <span class="nt">/&gt;</span></div><div class='line' id='LC782'>&nbsp;&nbsp;&nbsp;&nbsp;&nbsp;&nbsp;&nbsp;&nbsp;&nbsp;&nbsp;&nbsp;&nbsp;<span class="nt">&lt;version</span> <span class="na">num=</span><span class="s">&quot;125&quot;</span> <span class="na">curr_loc=</span><span class="s">&quot;392&quot;</span> <span class="na">changed=</span><span class="s">&quot;1&quot;</span> <span class="na">churn=</span><span class="s">&quot;710&quot;</span> <span class="nt">/&gt;</span></div><div class='line' id='LC783'>&nbsp;&nbsp;&nbsp;&nbsp;&nbsp;&nbsp;&nbsp;&nbsp;&nbsp;&nbsp;&nbsp;&nbsp;<span class="nt">&lt;version</span> <span class="na">num=</span><span class="s">&quot;128&quot;</span> <span class="na">curr_loc=</span><span class="s">&quot;388&quot;</span> <span class="na">changed=</span><span class="s">&quot;1&quot;</span> <span class="na">churn=</span><span class="s">&quot;714&quot;</span> <span class="nt">/&gt;</span></div><div class='line' id='LC784'>&nbsp;&nbsp;&nbsp;&nbsp;&nbsp;&nbsp;&nbsp;&nbsp;&nbsp;&nbsp;&nbsp;&nbsp;<span class="nt">&lt;version</span> <span class="na">num=</span><span class="s">&quot;129&quot;</span> <span class="na">curr_loc=</span><span class="s">&quot;389&quot;</span> <span class="na">changed=</span><span class="s">&quot;1&quot;</span> <span class="na">churn=</span><span class="s">&quot;715&quot;</span> <span class="nt">/&gt;</span></div><div class='line' id='LC785'>&nbsp;&nbsp;&nbsp;&nbsp;&nbsp;&nbsp;&nbsp;&nbsp;&nbsp;&nbsp;&nbsp;&nbsp;<span class="nt">&lt;version</span> <span class="na">num=</span><span class="s">&quot;133&quot;</span> <span class="na">curr_loc=</span><span class="s">&quot;389&quot;</span> <span class="na">changed=</span><span class="s">&quot;1&quot;</span> <span class="na">churn=</span><span class="s">&quot;715&quot;</span> <span class="nt">/&gt;</span></div><div class='line' id='LC786'>&nbsp;&nbsp;&nbsp;&nbsp;&nbsp;&nbsp;&nbsp;&nbsp;&nbsp;&nbsp;&nbsp;&nbsp;<span class="nt">&lt;version</span> <span class="na">num=</span><span class="s">&quot;134&quot;</span> <span class="na">curr_loc=</span><span class="s">&quot;377&quot;</span> <span class="na">changed=</span><span class="s">&quot;1&quot;</span> <span class="na">churn=</span><span class="s">&quot;727&quot;</span> <span class="nt">/&gt;</span></div><div class='line' id='LC787'>&nbsp;&nbsp;&nbsp;&nbsp;&nbsp;&nbsp;&nbsp;&nbsp;&nbsp;&nbsp;&nbsp;&nbsp;<span class="nt">&lt;version</span> <span class="na">num=</span><span class="s">&quot;143&quot;</span> <span class="na">curr_loc=</span><span class="s">&quot;388&quot;</span> <span class="na">changed=</span><span class="s">&quot;1&quot;</span> <span class="na">churn=</span><span class="s">&quot;738&quot;</span> <span class="nt">/&gt;</span></div><div class='line' id='LC788'>&nbsp;&nbsp;&nbsp;&nbsp;&nbsp;&nbsp;&nbsp;&nbsp;&nbsp;&nbsp;&nbsp;&nbsp;<span class="nt">&lt;version</span> <span class="na">num=</span><span class="s">&quot;144&quot;</span> <span class="na">curr_loc=</span><span class="s">&quot;389&quot;</span> <span class="na">changed=</span><span class="s">&quot;1&quot;</span> <span class="na">churn=</span><span class="s">&quot;739&quot;</span> <span class="nt">/&gt;</span></div><div class='line' id='LC789'>&nbsp;&nbsp;&nbsp;&nbsp;&nbsp;&nbsp;&nbsp;&nbsp;&nbsp;&nbsp;&nbsp;&nbsp;<span class="nt">&lt;version</span> <span class="na">num=</span><span class="s">&quot;148&quot;</span> <span class="na">curr_loc=</span><span class="s">&quot;389&quot;</span> <span class="na">changed=</span><span class="s">&quot;1&quot;</span> <span class="na">churn=</span><span class="s">&quot;739&quot;</span> <span class="nt">/&gt;</span></div><div class='line' id='LC790'>&nbsp;&nbsp;&nbsp;&nbsp;&nbsp;&nbsp;&nbsp;&nbsp;&nbsp;&nbsp;&nbsp;&nbsp;<span class="nt">&lt;version</span> <span class="na">num=</span><span class="s">&quot;149&quot;</span> <span class="na">curr_loc=</span><span class="s">&quot;377&quot;</span> <span class="na">changed=</span><span class="s">&quot;1&quot;</span> <span class="na">churn=</span><span class="s">&quot;751&quot;</span> <span class="nt">/&gt;</span></div><div class='line' id='LC791'>&nbsp;&nbsp;&nbsp;&nbsp;&nbsp;&nbsp;&nbsp;&nbsp;&nbsp;&nbsp;&nbsp;&nbsp;<span class="nt">&lt;version</span> <span class="na">num=</span><span class="s">&quot;186&quot;</span> <span class="na">curr_loc=</span><span class="s">&quot;358&quot;</span> <span class="na">changed=</span><span class="s">&quot;1&quot;</span> <span class="na">churn=</span><span class="s">&quot;770&quot;</span> <span class="nt">/&gt;</span></div><div class='line' id='LC792'>&nbsp;&nbsp;&nbsp;&nbsp;&nbsp;&nbsp;&nbsp;&nbsp;&nbsp;&nbsp;&nbsp;&nbsp;<span class="nt">&lt;version</span> <span class="na">num=</span><span class="s">&quot;187&quot;</span> <span class="na">curr_loc=</span><span class="s">&quot;357&quot;</span> <span class="na">changed=</span><span class="s">&quot;1&quot;</span> <span class="na">churn=</span><span class="s">&quot;771&quot;</span> <span class="nt">/&gt;</span></div><div class='line' id='LC793'>&nbsp;&nbsp;&nbsp;&nbsp;&nbsp;&nbsp;&nbsp;&nbsp;&nbsp;&nbsp;&nbsp;&nbsp;<span class="nt">&lt;version</span> <span class="na">num=</span><span class="s">&quot;194&quot;</span> <span class="na">curr_loc=</span><span class="s">&quot;358&quot;</span> <span class="na">changed=</span><span class="s">&quot;1&quot;</span> <span class="na">churn=</span><span class="s">&quot;772&quot;</span> <span class="nt">/&gt;</span></div><div class='line' id='LC794'>&nbsp;&nbsp;&nbsp;&nbsp;&nbsp;&nbsp;&nbsp;&nbsp;&nbsp;&nbsp;&nbsp;&nbsp;<span class="nt">&lt;version</span> <span class="na">num=</span><span class="s">&quot;195&quot;</span> <span class="na">curr_loc=</span><span class="s">&quot;357&quot;</span> <span class="na">changed=</span><span class="s">&quot;1&quot;</span> <span class="na">churn=</span><span class="s">&quot;773&quot;</span> <span class="nt">/&gt;</span></div><div class='line' id='LC795'>&nbsp;&nbsp;&nbsp;&nbsp;&nbsp;&nbsp;&nbsp;&nbsp;&nbsp;&nbsp;&nbsp;&nbsp;<span class="nt">&lt;version</span> <span class="na">num=</span><span class="s">&quot;203&quot;</span> <span class="na">curr_loc=</span><span class="s">&quot;316&quot;</span> <span class="na">changed=</span><span class="s">&quot;1&quot;</span> <span class="na">churn=</span><span class="s">&quot;814&quot;</span> <span class="nt">/&gt;</span></div><div class='line' id='LC796'>&nbsp;&nbsp;&nbsp;&nbsp;&nbsp;&nbsp;&nbsp;&nbsp;&nbsp;&nbsp;&nbsp;&nbsp;<span class="nt">&lt;version</span> <span class="na">num=</span><span class="s">&quot;205&quot;</span> <span class="na">curr_loc=</span><span class="s">&quot;316&quot;</span> <span class="na">changed=</span><span class="s">&quot;1&quot;</span> <span class="na">churn=</span><span class="s">&quot;814&quot;</span> <span class="nt">/&gt;</span></div><div class='line' id='LC797'>&nbsp;&nbsp;&nbsp;&nbsp;&nbsp;&nbsp;&nbsp;&nbsp;&nbsp;&nbsp;&nbsp;&nbsp;<span class="nt">&lt;version</span> <span class="na">num=</span><span class="s">&quot;280&quot;</span> <span class="na">curr_loc=</span><span class="s">&quot;311&quot;</span> <span class="na">changed=</span><span class="s">&quot;1&quot;</span> <span class="na">churn=</span><span class="s">&quot;819&quot;</span> <span class="nt">/&gt;</span></div><div class='line' id='LC798'>&nbsp;&nbsp;&nbsp;&nbsp;&nbsp;&nbsp;&nbsp;&nbsp;&nbsp;&nbsp;&nbsp;&nbsp;<span class="nt">&lt;version</span> <span class="na">num=</span><span class="s">&quot;282&quot;</span> <span class="na">curr_loc=</span><span class="s">&quot;311&quot;</span> <span class="na">changed=</span><span class="s">&quot;1&quot;</span> <span class="na">churn=</span><span class="s">&quot;819&quot;</span> <span class="nt">/&gt;</span></div><div class='line' id='LC799'>&nbsp;&nbsp;&nbsp;&nbsp;&nbsp;&nbsp;&nbsp;&nbsp;&nbsp;&nbsp;&nbsp;&nbsp;<span class="nt">&lt;version</span> <span class="na">num=</span><span class="s">&quot;290&quot;</span> <span class="na">curr_loc=</span><span class="s">&quot;311&quot;</span> <span class="na">changed=</span><span class="s">&quot;1&quot;</span> <span class="na">churn=</span><span class="s">&quot;819&quot;</span> <span class="nt">/&gt;</span></div><div class='line' id='LC800'>&nbsp;&nbsp;&nbsp;&nbsp;&nbsp;&nbsp;&nbsp;&nbsp;&nbsp;&nbsp;&nbsp;&nbsp;<span class="nt">&lt;version</span> <span class="na">num=</span><span class="s">&quot;316&quot;</span> <span class="na">curr_loc=</span><span class="s">&quot;314&quot;</span> <span class="na">changed=</span><span class="s">&quot;1&quot;</span> <span class="na">churn=</span><span class="s">&quot;822&quot;</span> <span class="nt">/&gt;</span></div><div class='line' id='LC801'>&nbsp;&nbsp;&nbsp;&nbsp;&nbsp;&nbsp;&nbsp;&nbsp;&nbsp;&nbsp;&nbsp;&nbsp;<span class="nt">&lt;version</span> <span class="na">num=</span><span class="s">&quot;318&quot;</span> <span class="na">curr_loc=</span><span class="s">&quot;314&quot;</span> <span class="na">changed=</span><span class="s">&quot;1&quot;</span> <span class="na">churn=</span><span class="s">&quot;822&quot;</span> <span class="nt">/&gt;</span></div><div class='line' id='LC802'>&nbsp;&nbsp;&nbsp;&nbsp;&nbsp;&nbsp;&nbsp;&nbsp;&nbsp;&nbsp;&nbsp;&nbsp;<span class="nt">&lt;version</span> <span class="na">num=</span><span class="s">&quot;321&quot;</span> <span class="na">curr_loc=</span><span class="s">&quot;314&quot;</span> <span class="na">changed=</span><span class="s">&quot;1&quot;</span> <span class="na">churn=</span><span class="s">&quot;822&quot;</span> <span class="nt">/&gt;</span></div><div class='line' id='LC803'>&nbsp;&nbsp;&nbsp;&nbsp;&nbsp;&nbsp;&nbsp;&nbsp;&nbsp;&nbsp;&nbsp;&nbsp;<span class="nt">&lt;version</span> <span class="na">num=</span><span class="s">&quot;324&quot;</span> <span class="na">curr_loc=</span><span class="s">&quot;301&quot;</span> <span class="na">changed=</span><span class="s">&quot;1&quot;</span> <span class="na">churn=</span><span class="s">&quot;835&quot;</span> <span class="nt">/&gt;</span></div><div class='line' id='LC804'>&nbsp;&nbsp;&nbsp;&nbsp;&nbsp;&nbsp;&nbsp;&nbsp;&nbsp;&nbsp;&nbsp;&nbsp;<span class="nt">&lt;version</span> <span class="na">num=</span><span class="s">&quot;325&quot;</span> <span class="na">curr_loc=</span><span class="s">&quot;301&quot;</span> <span class="na">changed=</span><span class="s">&quot;1&quot;</span> <span class="na">churn=</span><span class="s">&quot;835&quot;</span> <span class="nt">/&gt;</span></div><div class='line' id='LC805'>&nbsp;&nbsp;&nbsp;&nbsp;&nbsp;&nbsp;&nbsp;&nbsp;&nbsp;&nbsp;&nbsp;&nbsp;<span class="nt">&lt;version</span> <span class="na">num=</span><span class="s">&quot;326&quot;</span> <span class="na">curr_loc=</span><span class="s">&quot;301&quot;</span> <span class="na">changed=</span><span class="s">&quot;1&quot;</span> <span class="na">churn=</span><span class="s">&quot;835&quot;</span> <span class="nt">/&gt;</span></div><div class='line' id='LC806'>&nbsp;&nbsp;&nbsp;&nbsp;&nbsp;&nbsp;&nbsp;&nbsp;&nbsp;&nbsp;&nbsp;&nbsp;<span class="nt">&lt;version</span> <span class="na">num=</span><span class="s">&quot;327&quot;</span> <span class="na">curr_loc=</span><span class="s">&quot;294&quot;</span> <span class="na">changed=</span><span class="s">&quot;1&quot;</span> <span class="na">churn=</span><span class="s">&quot;842&quot;</span> <span class="nt">/&gt;</span></div><div class='line' id='LC807'>&nbsp;&nbsp;&nbsp;&nbsp;&nbsp;&nbsp;&nbsp;&nbsp;&nbsp;&nbsp;&nbsp;&nbsp;<span class="nt">&lt;version</span> <span class="na">num=</span><span class="s">&quot;329&quot;</span> <span class="na">curr_loc=</span><span class="s">&quot;264&quot;</span> <span class="na">changed=</span><span class="s">&quot;1&quot;</span> <span class="na">churn=</span><span class="s">&quot;872&quot;</span> <span class="nt">/&gt;</span></div><div class='line' id='LC808'>&nbsp;&nbsp;&nbsp;&nbsp;&nbsp;&nbsp;&nbsp;&nbsp;&nbsp;&nbsp;&nbsp;&nbsp;<span class="nt">&lt;version</span> <span class="na">num=</span><span class="s">&quot;330&quot;</span> <span class="na">curr_loc=</span><span class="s">&quot;268&quot;</span> <span class="na">changed=</span><span class="s">&quot;1&quot;</span> <span class="na">churn=</span><span class="s">&quot;876&quot;</span> <span class="nt">/&gt;</span></div><div class='line' id='LC809'>&nbsp;&nbsp;&nbsp;&nbsp;&nbsp;&nbsp;&nbsp;&nbsp;&nbsp;&nbsp;&nbsp;&nbsp;<span class="nt">&lt;version</span> <span class="na">num=</span><span class="s">&quot;332&quot;</span> <span class="na">curr_loc=</span><span class="s">&quot;268&quot;</span> <span class="na">changed=</span><span class="s">&quot;1&quot;</span> <span class="na">churn=</span><span class="s">&quot;876&quot;</span> <span class="nt">/&gt;</span></div><div class='line' id='LC810'>&nbsp;&nbsp;&nbsp;&nbsp;&nbsp;&nbsp;&nbsp;&nbsp;&nbsp;&nbsp;&nbsp;&nbsp;<span class="nt">&lt;version</span> <span class="na">num=</span><span class="s">&quot;334&quot;</span> <span class="na">curr_loc=</span><span class="s">&quot;264&quot;</span> <span class="na">changed=</span><span class="s">&quot;1&quot;</span> <span class="na">churn=</span><span class="s">&quot;880&quot;</span> <span class="nt">/&gt;</span></div><div class='line' id='LC811'>&nbsp;&nbsp;&nbsp;&nbsp;&nbsp;&nbsp;&nbsp;&nbsp;&nbsp;&nbsp;&nbsp;&nbsp;<span class="nt">&lt;version</span> <span class="na">num=</span><span class="s">&quot;336&quot;</span> <span class="na">curr_loc=</span><span class="s">&quot;171&quot;</span> <span class="na">changed=</span><span class="s">&quot;1&quot;</span> <span class="na">churn=</span><span class="s">&quot;973&quot;</span> <span class="nt">/&gt;</span></div><div class='line' id='LC812'>&nbsp;&nbsp;&nbsp;&nbsp;&nbsp;&nbsp;&nbsp;&nbsp;&nbsp;&nbsp;&nbsp;&nbsp;<span class="nt">&lt;version</span> <span class="na">num=</span><span class="s">&quot;337&quot;</span> <span class="na">curr_loc=</span><span class="s">&quot;168&quot;</span> <span class="na">changed=</span><span class="s">&quot;1&quot;</span> <span class="na">churn=</span><span class="s">&quot;976&quot;</span> <span class="nt">/&gt;</span></div><div class='line' id='LC813'>&nbsp;&nbsp;&nbsp;&nbsp;&nbsp;&nbsp;&nbsp;&nbsp;&nbsp;&nbsp;&nbsp;&nbsp;<span class="nt">&lt;version</span> <span class="na">num=</span><span class="s">&quot;338&quot;</span> <span class="na">curr_loc=</span><span class="s">&quot;170&quot;</span> <span class="na">changed=</span><span class="s">&quot;1&quot;</span> <span class="na">churn=</span><span class="s">&quot;978&quot;</span> <span class="nt">/&gt;</span></div><div class='line' id='LC814'>&nbsp;&nbsp;&nbsp;&nbsp;&nbsp;&nbsp;&nbsp;&nbsp;&nbsp;&nbsp;&nbsp;&nbsp;<span class="nt">&lt;version</span> <span class="na">num=</span><span class="s">&quot;340&quot;</span> <span class="na">curr_loc=</span><span class="s">&quot;157&quot;</span> <span class="na">changed=</span><span class="s">&quot;1&quot;</span> <span class="na">churn=</span><span class="s">&quot;991&quot;</span> <span class="nt">/&gt;</span></div><div class='line' id='LC815'>&nbsp;&nbsp;&nbsp;&nbsp;&nbsp;&nbsp;&nbsp;&nbsp;&nbsp;&nbsp;&nbsp;&nbsp;<span class="nt">&lt;version</span> <span class="na">num=</span><span class="s">&quot;344&quot;</span> <span class="na">curr_loc=</span><span class="s">&quot;161&quot;</span> <span class="na">changed=</span><span class="s">&quot;1&quot;</span> <span class="na">churn=</span><span class="s">&quot;995&quot;</span> <span class="nt">/&gt;</span></div><div class='line' id='LC816'>&nbsp;&nbsp;&nbsp;&nbsp;&nbsp;&nbsp;&nbsp;&nbsp;&nbsp;&nbsp;<span class="nt">&lt;/class&gt;</span></div><div class='line' id='LC817'>&nbsp;&nbsp;&nbsp;&nbsp;&nbsp;&nbsp;&nbsp;&nbsp;&nbsp;&nbsp;<span class="nt">&lt;package</span> <span class="na">name=</span><span class="s">&quot;model&quot;</span><span class="nt">&gt;</span></div><div class='line' id='LC818'>&nbsp;&nbsp;&nbsp;&nbsp;&nbsp;&nbsp;&nbsp;&nbsp;&nbsp;&nbsp;&nbsp;&nbsp;<span class="nt">&lt;class</span> <span class="na">name=</span><span class="s">&quot;MultipleFailureException&quot;</span> <span class="na">type=</span><span class="s">&quot;ConcreteClass&quot;</span> <span class="na">maxLoc=</span><span class="s">&quot;60&quot;</span><span class="nt">&gt;</span></div><div class='line' id='LC819'>&nbsp;&nbsp;&nbsp;&nbsp;&nbsp;&nbsp;&nbsp;&nbsp;&nbsp;&nbsp;&nbsp;&nbsp;&nbsp;&nbsp;<span class="nt">&lt;version</span> <span class="na">num=</span><span class="s">&quot;9&quot;</span> <span class="na">curr_loc=</span><span class="s">&quot;60&quot;</span> <span class="na">changed=</span><span class="s">&quot;1&quot;</span> <span class="na">churn=</span><span class="s">&quot;60&quot;</span> <span class="nt">/&gt;</span></div><div class='line' id='LC820'>&nbsp;&nbsp;&nbsp;&nbsp;&nbsp;&nbsp;&nbsp;&nbsp;&nbsp;&nbsp;&nbsp;&nbsp;&nbsp;&nbsp;<span class="nt">&lt;version</span> <span class="na">num=</span><span class="s">&quot;20&quot;</span> <span class="na">curr_loc=</span><span class="s">&quot;58&quot;</span> <span class="na">changed=</span><span class="s">&quot;1&quot;</span> <span class="na">churn=</span><span class="s">&quot;62&quot;</span> <span class="nt">/&gt;</span></div><div class='line' id='LC821'>&nbsp;&nbsp;&nbsp;&nbsp;&nbsp;&nbsp;&nbsp;&nbsp;&nbsp;&nbsp;&nbsp;&nbsp;&nbsp;&nbsp;<span class="nt">&lt;version</span> <span class="na">num=</span><span class="s">&quot;29&quot;</span> <span class="na">curr_loc=</span><span class="s">&quot;58&quot;</span> <span class="na">changed=</span><span class="s">&quot;1&quot;</span> <span class="na">churn=</span><span class="s">&quot;62&quot;</span> <span class="nt">/&gt;</span></div><div class='line' id='LC822'>&nbsp;&nbsp;&nbsp;&nbsp;&nbsp;&nbsp;&nbsp;&nbsp;&nbsp;&nbsp;&nbsp;&nbsp;<span class="nt">&lt;/class&gt;</span></div><div class='line' id='LC823'>&nbsp;&nbsp;&nbsp;&nbsp;&nbsp;&nbsp;&nbsp;&nbsp;&nbsp;&nbsp;&nbsp;&nbsp;<span class="nt">&lt;class</span> <span class="na">name=</span><span class="s">&quot;TestClass&quot;</span> <span class="na">type=</span><span class="s">&quot;ConcreteClass&quot;</span> <span class="na">maxLoc=</span><span class="s">&quot;154&quot;</span><span class="nt">&gt;</span></div><div class='line' id='LC824'>&nbsp;&nbsp;&nbsp;&nbsp;&nbsp;&nbsp;&nbsp;&nbsp;&nbsp;&nbsp;&nbsp;&nbsp;&nbsp;&nbsp;<span class="nt">&lt;version</span> <span class="na">num=</span><span class="s">&quot;33&quot;</span> <span class="na">curr_loc=</span><span class="s">&quot;153&quot;</span> <span class="na">changed=</span><span class="s">&quot;1&quot;</span> <span class="na">churn=</span><span class="s">&quot;153&quot;</span> <span class="nt">/&gt;</span></div><div class='line' id='LC825'>&nbsp;&nbsp;&nbsp;&nbsp;&nbsp;&nbsp;&nbsp;&nbsp;&nbsp;&nbsp;&nbsp;&nbsp;&nbsp;&nbsp;<span class="nt">&lt;version</span> <span class="na">num=</span><span class="s">&quot;65&quot;</span> <span class="na">curr_loc=</span><span class="s">&quot;151&quot;</span> <span class="na">changed=</span><span class="s">&quot;1&quot;</span> <span class="na">churn=</span><span class="s">&quot;155&quot;</span> <span class="nt">/&gt;</span></div><div class='line' id='LC826'>&nbsp;&nbsp;&nbsp;&nbsp;&nbsp;&nbsp;&nbsp;&nbsp;&nbsp;&nbsp;&nbsp;&nbsp;&nbsp;&nbsp;<span class="nt">&lt;version</span> <span class="na">num=</span><span class="s">&quot;132&quot;</span> <span class="na">curr_loc=</span><span class="s">&quot;132&quot;</span> <span class="na">changed=</span><span class="s">&quot;1&quot;</span> <span class="na">churn=</span><span class="s">&quot;174&quot;</span> <span class="nt">/&gt;</span></div><div class='line' id='LC827'>&nbsp;&nbsp;&nbsp;&nbsp;&nbsp;&nbsp;&nbsp;&nbsp;&nbsp;&nbsp;&nbsp;&nbsp;&nbsp;&nbsp;<span class="nt">&lt;version</span> <span class="na">num=</span><span class="s">&quot;133&quot;</span> <span class="na">curr_loc=</span><span class="s">&quot;134&quot;</span> <span class="na">changed=</span><span class="s">&quot;1&quot;</span> <span class="na">churn=</span><span class="s">&quot;176&quot;</span> <span class="nt">/&gt;</span></div><div class='line' id='LC828'>&nbsp;&nbsp;&nbsp;&nbsp;&nbsp;&nbsp;&nbsp;&nbsp;&nbsp;&nbsp;&nbsp;&nbsp;&nbsp;&nbsp;<span class="nt">&lt;version</span> <span class="na">num=</span><span class="s">&quot;147&quot;</span> <span class="na">curr_loc=</span><span class="s">&quot;132&quot;</span> <span class="na">changed=</span><span class="s">&quot;1&quot;</span> <span class="na">churn=</span><span class="s">&quot;178&quot;</span> <span class="nt">/&gt;</span></div><div class='line' id='LC829'>&nbsp;&nbsp;&nbsp;&nbsp;&nbsp;&nbsp;&nbsp;&nbsp;&nbsp;&nbsp;&nbsp;&nbsp;&nbsp;&nbsp;<span class="nt">&lt;version</span> <span class="na">num=</span><span class="s">&quot;148&quot;</span> <span class="na">curr_loc=</span><span class="s">&quot;134&quot;</span> <span class="na">changed=</span><span class="s">&quot;1&quot;</span> <span class="na">churn=</span><span class="s">&quot;180&quot;</span> <span class="nt">/&gt;</span></div><div class='line' id='LC830'>&nbsp;&nbsp;&nbsp;&nbsp;&nbsp;&nbsp;&nbsp;&nbsp;&nbsp;&nbsp;&nbsp;&nbsp;&nbsp;&nbsp;<span class="nt">&lt;version</span> <span class="na">num=</span><span class="s">&quot;188&quot;</span> <span class="na">curr_loc=</span><span class="s">&quot;139&quot;</span> <span class="na">changed=</span><span class="s">&quot;1&quot;</span> <span class="na">churn=</span><span class="s">&quot;185&quot;</span> <span class="nt">/&gt;</span></div><div class='line' id='LC831'>&nbsp;&nbsp;&nbsp;&nbsp;&nbsp;&nbsp;&nbsp;&nbsp;&nbsp;&nbsp;&nbsp;&nbsp;&nbsp;&nbsp;<span class="nt">&lt;version</span> <span class="na">num=</span><span class="s">&quot;189&quot;</span> <span class="na">curr_loc=</span><span class="s">&quot;133&quot;</span> <span class="na">changed=</span><span class="s">&quot;1&quot;</span> <span class="na">churn=</span><span class="s">&quot;191&quot;</span> <span class="nt">/&gt;</span></div><div class='line' id='LC832'>&nbsp;&nbsp;&nbsp;&nbsp;&nbsp;&nbsp;&nbsp;&nbsp;&nbsp;&nbsp;&nbsp;&nbsp;&nbsp;&nbsp;<span class="nt">&lt;version</span> <span class="na">num=</span><span class="s">&quot;191&quot;</span> <span class="na">curr_loc=</span><span class="s">&quot;132&quot;</span> <span class="na">changed=</span><span class="s">&quot;1&quot;</span> <span class="na">churn=</span><span class="s">&quot;192&quot;</span> <span class="nt">/&gt;</span></div><div class='line' id='LC833'>&nbsp;&nbsp;&nbsp;&nbsp;&nbsp;&nbsp;&nbsp;&nbsp;&nbsp;&nbsp;&nbsp;&nbsp;&nbsp;&nbsp;<span class="nt">&lt;version</span> <span class="na">num=</span><span class="s">&quot;196&quot;</span> <span class="na">curr_loc=</span><span class="s">&quot;139&quot;</span> <span class="na">changed=</span><span class="s">&quot;1&quot;</span> <span class="na">churn=</span><span class="s">&quot;199&quot;</span> <span class="nt">/&gt;</span></div><div class='line' id='LC834'>&nbsp;&nbsp;&nbsp;&nbsp;&nbsp;&nbsp;&nbsp;&nbsp;&nbsp;&nbsp;&nbsp;&nbsp;&nbsp;&nbsp;<span class="nt">&lt;version</span> <span class="na">num=</span><span class="s">&quot;198&quot;</span> <span class="na">curr_loc=</span><span class="s">&quot;133&quot;</span> <span class="na">changed=</span><span class="s">&quot;1&quot;</span> <span class="na">churn=</span><span class="s">&quot;205&quot;</span> <span class="nt">/&gt;</span></div><div class='line' id='LC835'>&nbsp;&nbsp;&nbsp;&nbsp;&nbsp;&nbsp;&nbsp;&nbsp;&nbsp;&nbsp;&nbsp;&nbsp;&nbsp;&nbsp;<span class="nt">&lt;version</span> <span class="na">num=</span><span class="s">&quot;199&quot;</span> <span class="na">curr_loc=</span><span class="s">&quot;132&quot;</span> <span class="na">changed=</span><span class="s">&quot;1&quot;</span> <span class="na">churn=</span><span class="s">&quot;206&quot;</span> <span class="nt">/&gt;</span></div><div class='line' id='LC836'>&nbsp;&nbsp;&nbsp;&nbsp;&nbsp;&nbsp;&nbsp;&nbsp;&nbsp;&nbsp;&nbsp;&nbsp;&nbsp;&nbsp;<span class="nt">&lt;version</span> <span class="na">num=</span><span class="s">&quot;326&quot;</span> <span class="na">curr_loc=</span><span class="s">&quot;129&quot;</span> <span class="na">changed=</span><span class="s">&quot;1&quot;</span> <span class="na">churn=</span><span class="s">&quot;209&quot;</span> <span class="nt">/&gt;</span></div><div class='line' id='LC837'>&nbsp;&nbsp;&nbsp;&nbsp;&nbsp;&nbsp;&nbsp;&nbsp;&nbsp;&nbsp;&nbsp;&nbsp;&nbsp;&nbsp;<span class="nt">&lt;version</span> <span class="na">num=</span><span class="s">&quot;327&quot;</span> <span class="na">curr_loc=</span><span class="s">&quot;133&quot;</span> <span class="na">changed=</span><span class="s">&quot;1&quot;</span> <span class="na">churn=</span><span class="s">&quot;213&quot;</span> <span class="nt">/&gt;</span></div><div class='line' id='LC838'>&nbsp;&nbsp;&nbsp;&nbsp;&nbsp;&nbsp;&nbsp;&nbsp;&nbsp;&nbsp;&nbsp;&nbsp;&nbsp;&nbsp;<span class="nt">&lt;version</span> <span class="na">num=</span><span class="s">&quot;332&quot;</span> <span class="na">curr_loc=</span><span class="s">&quot;154&quot;</span> <span class="na">changed=</span><span class="s">&quot;1&quot;</span> <span class="na">churn=</span><span class="s">&quot;234&quot;</span> <span class="nt">/&gt;</span></div><div class='line' id='LC839'>&nbsp;&nbsp;&nbsp;&nbsp;&nbsp;&nbsp;&nbsp;&nbsp;&nbsp;&nbsp;&nbsp;&nbsp;<span class="nt">&lt;/class&gt;</span></div><div class='line' id='LC840'>&nbsp;&nbsp;&nbsp;&nbsp;&nbsp;&nbsp;&nbsp;&nbsp;&nbsp;&nbsp;&nbsp;&nbsp;<span class="nt">&lt;class</span> <span class="na">name=</span><span class="s">&quot;RunnerBuilder&quot;</span> <span class="na">type=</span><span class="s">&quot;AbstractClass&quot;</span> <span class="na">maxLoc=</span><span class="s">&quot;104&quot;</span><span class="nt">&gt;</span></div><div class='line' id='LC841'>&nbsp;&nbsp;&nbsp;&nbsp;&nbsp;&nbsp;&nbsp;&nbsp;&nbsp;&nbsp;&nbsp;&nbsp;&nbsp;&nbsp;<span class="nt">&lt;version</span> <span class="na">num=</span><span class="s">&quot;40&quot;</span> <span class="na">curr_loc=</span><span class="s">&quot;104&quot;</span> <span class="na">changed=</span><span class="s">&quot;1&quot;</span> <span class="na">churn=</span><span class="s">&quot;104&quot;</span> <span class="nt">/&gt;</span></div><div class='line' id='LC842'>&nbsp;&nbsp;&nbsp;&nbsp;&nbsp;&nbsp;&nbsp;&nbsp;&nbsp;&nbsp;&nbsp;&nbsp;&nbsp;&nbsp;<span class="nt">&lt;version</span> <span class="na">num=</span><span class="s">&quot;326&quot;</span> <span class="na">curr_loc=</span><span class="s">&quot;99&quot;</span> <span class="na">changed=</span><span class="s">&quot;1&quot;</span> <span class="na">churn=</span><span class="s">&quot;109&quot;</span> <span class="nt">/&gt;</span></div><div class='line' id='LC843'>&nbsp;&nbsp;&nbsp;&nbsp;&nbsp;&nbsp;&nbsp;&nbsp;&nbsp;&nbsp;&nbsp;&nbsp;&nbsp;&nbsp;<span class="nt">&lt;version</span> <span class="na">num=</span><span class="s">&quot;336&quot;</span> <span class="na">curr_loc=</span><span class="s">&quot;92&quot;</span> <span class="na">changed=</span><span class="s">&quot;1&quot;</span> <span class="na">churn=</span><span class="s">&quot;116&quot;</span> <span class="nt">/&gt;</span></div><div class='line' id='LC844'>&nbsp;&nbsp;&nbsp;&nbsp;&nbsp;&nbsp;&nbsp;&nbsp;&nbsp;&nbsp;&nbsp;&nbsp;<span class="nt">&lt;/class&gt;</span></div><div class='line' id='LC845'>&nbsp;&nbsp;&nbsp;&nbsp;&nbsp;&nbsp;&nbsp;&nbsp;&nbsp;&nbsp;&nbsp;&nbsp;<span class="nt">&lt;class</span> <span class="na">name=</span><span class="s">&quot;InitializationError&quot;</span> <span class="na">type=</span><span class="s">&quot;ConcreteClass&quot;</span> <span class="na">maxLoc=</span><span class="s">&quot;39&quot;</span><span class="nt">&gt;</span></div><div class='line' id='LC846'>&nbsp;&nbsp;&nbsp;&nbsp;&nbsp;&nbsp;&nbsp;&nbsp;&nbsp;&nbsp;&nbsp;&nbsp;&nbsp;&nbsp;<span class="nt">&lt;version</span> <span class="na">num=</span><span class="s">&quot;93&quot;</span> <span class="na">curr_loc=</span><span class="s">&quot;39&quot;</span> <span class="na">changed=</span><span class="s">&quot;1&quot;</span> <span class="na">churn=</span><span class="s">&quot;39&quot;</span> <span class="nt">/&gt;</span></div><div class='line' id='LC847'>&nbsp;&nbsp;&nbsp;&nbsp;&nbsp;&nbsp;&nbsp;&nbsp;&nbsp;&nbsp;&nbsp;&nbsp;&nbsp;&nbsp;<span class="nt">&lt;version</span> <span class="na">num=</span><span class="s">&quot;100&quot;</span> <span class="na">curr_loc=</span><span class="s">&quot;39&quot;</span> <span class="na">changed=</span><span class="s">&quot;1&quot;</span> <span class="na">churn=</span><span class="s">&quot;39&quot;</span> <span class="nt">/&gt;</span></div><div class='line' id='LC848'>&nbsp;&nbsp;&nbsp;&nbsp;&nbsp;&nbsp;&nbsp;&nbsp;&nbsp;&nbsp;&nbsp;&nbsp;&nbsp;&nbsp;<span class="nt">&lt;version</span> <span class="na">num=</span><span class="s">&quot;326&quot;</span> <span class="na">curr_loc=</span><span class="s">&quot;35&quot;</span> <span class="na">changed=</span><span class="s">&quot;1&quot;</span> <span class="na">churn=</span><span class="s">&quot;43&quot;</span> <span class="nt">/&gt;</span></div><div class='line' id='LC849'>&nbsp;&nbsp;&nbsp;&nbsp;&nbsp;&nbsp;&nbsp;&nbsp;&nbsp;&nbsp;&nbsp;&nbsp;&nbsp;&nbsp;<span class="nt">&lt;version</span> <span class="na">num=</span><span class="s">&quot;336&quot;</span> <span class="na">curr_loc=</span><span class="s">&quot;25&quot;</span> <span class="na">changed=</span><span class="s">&quot;1&quot;</span> <span class="na">churn=</span><span class="s">&quot;53&quot;</span> <span class="nt">/&gt;</span></div><div class='line' id='LC850'>&nbsp;&nbsp;&nbsp;&nbsp;&nbsp;&nbsp;&nbsp;&nbsp;&nbsp;&nbsp;&nbsp;&nbsp;<span class="nt">&lt;/class&gt;</span></div><div class='line' id='LC851'>&nbsp;&nbsp;&nbsp;&nbsp;&nbsp;&nbsp;&nbsp;&nbsp;&nbsp;&nbsp;&nbsp;&nbsp;<span class="nt">&lt;class</span> <span class="na">name=</span><span class="s">&quot;FrameworkField&quot;</span> <span class="na">type=</span><span class="s">&quot;ConcreteClass&quot;</span> <span class="na">maxLoc=</span><span class="s">&quot;50&quot;</span><span class="nt">&gt;</span></div><div class='line' id='LC852'>&nbsp;&nbsp;&nbsp;&nbsp;&nbsp;&nbsp;&nbsp;&nbsp;&nbsp;&nbsp;&nbsp;&nbsp;&nbsp;&nbsp;<span class="nt">&lt;version</span> <span class="na">num=</span><span class="s">&quot;97&quot;</span> <span class="na">curr_loc=</span><span class="s">&quot;50&quot;</span> <span class="na">changed=</span><span class="s">&quot;1&quot;</span> <span class="na">churn=</span><span class="s">&quot;50&quot;</span> <span class="nt">/&gt;</span></div><div class='line' id='LC853'>&nbsp;&nbsp;&nbsp;&nbsp;&nbsp;&nbsp;&nbsp;&nbsp;&nbsp;&nbsp;&nbsp;&nbsp;&nbsp;&nbsp;<span class="nt">&lt;version</span> <span class="na">num=</span><span class="s">&quot;104&quot;</span> <span class="na">curr_loc=</span><span class="s">&quot;50&quot;</span> <span class="na">changed=</span><span class="s">&quot;1&quot;</span> <span class="na">churn=</span><span class="s">&quot;50&quot;</span> <span class="nt">/&gt;</span></div><div class='line' id='LC854'>&nbsp;&nbsp;&nbsp;&nbsp;&nbsp;&nbsp;&nbsp;&nbsp;&nbsp;&nbsp;&nbsp;&nbsp;&nbsp;&nbsp;<span class="nt">&lt;version</span> <span class="na">num=</span><span class="s">&quot;116&quot;</span> <span class="na">curr_loc=</span><span class="s">&quot;42&quot;</span> <span class="na">changed=</span><span class="s">&quot;1&quot;</span> <span class="na">churn=</span><span class="s">&quot;58&quot;</span> <span class="nt">/&gt;</span></div><div class='line' id='LC855'>&nbsp;&nbsp;&nbsp;&nbsp;&nbsp;&nbsp;&nbsp;&nbsp;&nbsp;&nbsp;&nbsp;&nbsp;&nbsp;&nbsp;<span class="nt">&lt;version</span> <span class="na">num=</span><span class="s">&quot;124&quot;</span> <span class="na">curr_loc=</span><span class="s">&quot;36&quot;</span> <span class="na">changed=</span><span class="s">&quot;1&quot;</span> <span class="na">churn=</span><span class="s">&quot;64&quot;</span> <span class="nt">/&gt;</span></div><div class='line' id='LC856'>&nbsp;&nbsp;&nbsp;&nbsp;&nbsp;&nbsp;&nbsp;&nbsp;&nbsp;&nbsp;&nbsp;&nbsp;&nbsp;&nbsp;<span class="nt">&lt;version</span> <span class="na">num=</span><span class="s">&quot;133&quot;</span> <span class="na">curr_loc=</span><span class="s">&quot;36&quot;</span> <span class="na">changed=</span><span class="s">&quot;1&quot;</span> <span class="na">churn=</span><span class="s">&quot;64&quot;</span> <span class="nt">/&gt;</span></div><div class='line' id='LC857'>&nbsp;&nbsp;&nbsp;&nbsp;&nbsp;&nbsp;&nbsp;&nbsp;&nbsp;&nbsp;&nbsp;&nbsp;&nbsp;&nbsp;<span class="nt">&lt;version</span> <span class="na">num=</span><span class="s">&quot;148&quot;</span> <span class="na">curr_loc=</span><span class="s">&quot;36&quot;</span> <span class="na">changed=</span><span class="s">&quot;1&quot;</span> <span class="na">churn=</span><span class="s">&quot;64&quot;</span> <span class="nt">/&gt;</span></div><div class='line' id='LC858'>&nbsp;&nbsp;&nbsp;&nbsp;&nbsp;&nbsp;&nbsp;&nbsp;&nbsp;&nbsp;&nbsp;&nbsp;&nbsp;&nbsp;<span class="nt">&lt;version</span> <span class="na">num=</span><span class="s">&quot;188&quot;</span> <span class="na">curr_loc=</span><span class="s">&quot;30&quot;</span> <span class="na">changed=</span><span class="s">&quot;1&quot;</span> <span class="na">churn=</span><span class="s">&quot;70&quot;</span> <span class="nt">/&gt;</span></div><div class='line' id='LC859'>&nbsp;&nbsp;&nbsp;&nbsp;&nbsp;&nbsp;&nbsp;&nbsp;&nbsp;&nbsp;&nbsp;&nbsp;&nbsp;&nbsp;<span class="nt">&lt;version</span> <span class="na">num=</span><span class="s">&quot;191&quot;</span> <span class="na">curr_loc=</span><span class="s">&quot;22&quot;</span> <span class="na">changed=</span><span class="s">&quot;1&quot;</span> <span class="na">churn=</span><span class="s">&quot;78&quot;</span> <span class="nt">/&gt;</span></div><div class='line' id='LC860'>&nbsp;&nbsp;&nbsp;&nbsp;&nbsp;&nbsp;&nbsp;&nbsp;&nbsp;&nbsp;&nbsp;&nbsp;&nbsp;&nbsp;<span class="nt">&lt;version</span> <span class="na">num=</span><span class="s">&quot;196&quot;</span> <span class="na">curr_loc=</span><span class="s">&quot;30&quot;</span> <span class="na">changed=</span><span class="s">&quot;1&quot;</span> <span class="na">churn=</span><span class="s">&quot;86&quot;</span> <span class="nt">/&gt;</span></div><div class='line' id='LC861'>&nbsp;&nbsp;&nbsp;&nbsp;&nbsp;&nbsp;&nbsp;&nbsp;&nbsp;&nbsp;&nbsp;&nbsp;&nbsp;&nbsp;<span class="nt">&lt;version</span> <span class="na">num=</span><span class="s">&quot;199&quot;</span> <span class="na">curr_loc=</span><span class="s">&quot;22&quot;</span> <span class="na">changed=</span><span class="s">&quot;1&quot;</span> <span class="na">churn=</span><span class="s">&quot;94&quot;</span> <span class="nt">/&gt;</span></div><div class='line' id='LC862'>&nbsp;&nbsp;&nbsp;&nbsp;&nbsp;&nbsp;&nbsp;&nbsp;&nbsp;&nbsp;&nbsp;&nbsp;<span class="nt">&lt;/class&gt;</span></div><div class='line' id='LC863'>&nbsp;&nbsp;&nbsp;&nbsp;&nbsp;&nbsp;&nbsp;&nbsp;&nbsp;&nbsp;&nbsp;&nbsp;<span class="nt">&lt;class</span> <span class="na">name=</span><span class="s">&quot;RunnerScheduler&quot;</span> <span class="na">type=</span><span class="s">&quot;Interface&quot;</span> <span class="na">maxLoc=</span><span class="s">&quot;21&quot;</span><span class="nt">&gt;</span></div><div class='line' id='LC864'>&nbsp;&nbsp;&nbsp;&nbsp;&nbsp;&nbsp;&nbsp;&nbsp;&nbsp;&nbsp;&nbsp;&nbsp;&nbsp;&nbsp;<span class="nt">&lt;version</span> <span class="na">num=</span><span class="s">&quot;116&quot;</span> <span class="na">curr_loc=</span><span class="s">&quot;21&quot;</span> <span class="na">changed=</span><span class="s">&quot;1&quot;</span> <span class="na">churn=</span><span class="s">&quot;21&quot;</span> <span class="nt">/&gt;</span></div><div class='line' id='LC865'>&nbsp;&nbsp;&nbsp;&nbsp;&nbsp;&nbsp;&nbsp;&nbsp;&nbsp;&nbsp;&nbsp;&nbsp;&nbsp;&nbsp;<span class="nt">&lt;version</span> <span class="na">num=</span><span class="s">&quot;124&quot;</span> <span class="na">curr_loc=</span><span class="s">&quot;7&quot;</span> <span class="na">changed=</span><span class="s">&quot;1&quot;</span> <span class="na">churn=</span><span class="s">&quot;35&quot;</span> <span class="nt">/&gt;</span></div><div class='line' id='LC866'>&nbsp;&nbsp;&nbsp;&nbsp;&nbsp;&nbsp;&nbsp;&nbsp;&nbsp;&nbsp;&nbsp;&nbsp;<span class="nt">&lt;/class&gt;</span></div><div class='line' id='LC867'>&nbsp;&nbsp;&nbsp;&nbsp;&nbsp;&nbsp;&nbsp;&nbsp;&nbsp;&nbsp;&nbsp;&nbsp;<span class="nt">&lt;class</span> <span class="na">name=</span><span class="s">&quot;RunnerInterceptor&quot;</span> <span class="na">type=</span><span class="s">&quot;Interface&quot;</span> <span class="na">maxLoc=</span><span class="s">&quot;7&quot;</span><span class="nt">&gt;</span></div><div class='line' id='LC868'>&nbsp;&nbsp;&nbsp;&nbsp;&nbsp;&nbsp;&nbsp;&nbsp;&nbsp;&nbsp;&nbsp;&nbsp;&nbsp;&nbsp;<span class="nt">&lt;version</span> <span class="na">num=</span><span class="s">&quot;124&quot;</span> <span class="na">curr_loc=</span><span class="s">&quot;7&quot;</span> <span class="na">changed=</span><span class="s">&quot;1&quot;</span> <span class="na">churn=</span><span class="s">&quot;7&quot;</span> <span class="nt">/&gt;</span></div><div class='line' id='LC869'>&nbsp;&nbsp;&nbsp;&nbsp;&nbsp;&nbsp;&nbsp;&nbsp;&nbsp;&nbsp;&nbsp;&nbsp;&nbsp;&nbsp;<span class="nt">&lt;version</span> <span class="na">num=</span><span class="s">&quot;212&quot;</span> <span class="na">curr_loc=</span><span class="s">&quot;7&quot;</span> <span class="na">changed=</span><span class="s">&quot;1&quot;</span> <span class="na">churn=</span><span class="s">&quot;7&quot;</span> <span class="nt">/&gt;</span></div><div class='line' id='LC870'>&nbsp;&nbsp;&nbsp;&nbsp;&nbsp;&nbsp;&nbsp;&nbsp;&nbsp;&nbsp;&nbsp;&nbsp;<span class="nt">&lt;/class&gt;</span></div><div class='line' id='LC871'>&nbsp;&nbsp;&nbsp;&nbsp;&nbsp;&nbsp;&nbsp;&nbsp;&nbsp;&nbsp;&nbsp;&nbsp;<span class="nt">&lt;class</span> <span class="na">name=</span><span class="s">&quot;FrameworkMethod&quot;</span> <span class="na">type=</span><span class="s">&quot;ConcreteClass&quot;</span> <span class="na">maxLoc=</span><span class="s">&quot;157&quot;</span><span class="nt">&gt;</span></div><div class='line' id='LC872'>&nbsp;&nbsp;&nbsp;&nbsp;&nbsp;&nbsp;&nbsp;&nbsp;&nbsp;&nbsp;&nbsp;&nbsp;&nbsp;&nbsp;<span class="nt">&lt;version</span> <span class="na">num=</span><span class="s">&quot;126&quot;</span> <span class="na">curr_loc=</span><span class="s">&quot;145&quot;</span> <span class="na">changed=</span><span class="s">&quot;1&quot;</span> <span class="na">churn=</span><span class="s">&quot;145&quot;</span> <span class="nt">/&gt;</span></div><div class='line' id='LC873'>&nbsp;&nbsp;&nbsp;&nbsp;&nbsp;&nbsp;&nbsp;&nbsp;&nbsp;&nbsp;&nbsp;&nbsp;&nbsp;&nbsp;<span class="nt">&lt;version</span> <span class="na">num=</span><span class="s">&quot;133&quot;</span> <span class="na">curr_loc=</span><span class="s">&quot;145&quot;</span> <span class="na">changed=</span><span class="s">&quot;1&quot;</span> <span class="na">churn=</span><span class="s">&quot;145&quot;</span> <span class="nt">/&gt;</span></div><div class='line' id='LC874'>&nbsp;&nbsp;&nbsp;&nbsp;&nbsp;&nbsp;&nbsp;&nbsp;&nbsp;&nbsp;&nbsp;&nbsp;&nbsp;&nbsp;<span class="nt">&lt;version</span> <span class="na">num=</span><span class="s">&quot;148&quot;</span> <span class="na">curr_loc=</span><span class="s">&quot;145&quot;</span> <span class="na">changed=</span><span class="s">&quot;1&quot;</span> <span class="na">churn=</span><span class="s">&quot;145&quot;</span> <span class="nt">/&gt;</span></div><div class='line' id='LC875'>&nbsp;&nbsp;&nbsp;&nbsp;&nbsp;&nbsp;&nbsp;&nbsp;&nbsp;&nbsp;&nbsp;&nbsp;&nbsp;&nbsp;<span class="nt">&lt;version</span> <span class="na">num=</span><span class="s">&quot;191&quot;</span> <span class="na">curr_loc=</span><span class="s">&quot;143&quot;</span> <span class="na">changed=</span><span class="s">&quot;1&quot;</span> <span class="na">churn=</span><span class="s">&quot;147&quot;</span> <span class="nt">/&gt;</span></div><div class='line' id='LC876'>&nbsp;&nbsp;&nbsp;&nbsp;&nbsp;&nbsp;&nbsp;&nbsp;&nbsp;&nbsp;&nbsp;&nbsp;&nbsp;&nbsp;<span class="nt">&lt;version</span> <span class="na">num=</span><span class="s">&quot;199&quot;</span> <span class="na">curr_loc=</span><span class="s">&quot;143&quot;</span> <span class="na">changed=</span><span class="s">&quot;1&quot;</span> <span class="na">churn=</span><span class="s">&quot;147&quot;</span> <span class="nt">/&gt;</span></div><div class='line' id='LC877'>&nbsp;&nbsp;&nbsp;&nbsp;&nbsp;&nbsp;&nbsp;&nbsp;&nbsp;&nbsp;&nbsp;&nbsp;&nbsp;&nbsp;<span class="nt">&lt;version</span> <span class="na">num=</span><span class="s">&quot;288&quot;</span> <span class="na">curr_loc=</span><span class="s">&quot;150&quot;</span> <span class="na">changed=</span><span class="s">&quot;1&quot;</span> <span class="na">churn=</span><span class="s">&quot;154&quot;</span> <span class="nt">/&gt;</span></div><div class='line' id='LC878'>&nbsp;&nbsp;&nbsp;&nbsp;&nbsp;&nbsp;&nbsp;&nbsp;&nbsp;&nbsp;&nbsp;&nbsp;&nbsp;&nbsp;<span class="nt">&lt;version</span> <span class="na">num=</span><span class="s">&quot;314&quot;</span> <span class="na">curr_loc=</span><span class="s">&quot;150&quot;</span> <span class="na">changed=</span><span class="s">&quot;1&quot;</span> <span class="na">churn=</span><span class="s">&quot;154&quot;</span> <span class="nt">/&gt;</span></div><div class='line' id='LC879'>&nbsp;&nbsp;&nbsp;&nbsp;&nbsp;&nbsp;&nbsp;&nbsp;&nbsp;&nbsp;&nbsp;&nbsp;&nbsp;&nbsp;<span class="nt">&lt;version</span> <span class="na">num=</span><span class="s">&quot;319&quot;</span> <span class="na">curr_loc=</span><span class="s">&quot;157&quot;</span> <span class="na">changed=</span><span class="s">&quot;1&quot;</span> <span class="na">churn=</span><span class="s">&quot;161&quot;</span> <span class="nt">/&gt;</span></div><div class='line' id='LC880'>&nbsp;&nbsp;&nbsp;&nbsp;&nbsp;&nbsp;&nbsp;&nbsp;&nbsp;&nbsp;&nbsp;&nbsp;&nbsp;&nbsp;<span class="nt">&lt;version</span> <span class="na">num=</span><span class="s">&quot;320&quot;</span> <span class="na">curr_loc=</span><span class="s">&quot;148&quot;</span> <span class="na">changed=</span><span class="s">&quot;1&quot;</span> <span class="na">churn=</span><span class="s">&quot;170&quot;</span> <span class="nt">/&gt;</span></div><div class='line' id='LC881'>&nbsp;&nbsp;&nbsp;&nbsp;&nbsp;&nbsp;&nbsp;&nbsp;&nbsp;&nbsp;&nbsp;&nbsp;&nbsp;&nbsp;<span class="nt">&lt;version</span> <span class="na">num=</span><span class="s">&quot;326&quot;</span> <span class="na">curr_loc=</span><span class="s">&quot;144&quot;</span> <span class="na">changed=</span><span class="s">&quot;1&quot;</span> <span class="na">churn=</span><span class="s">&quot;174&quot;</span> <span class="nt">/&gt;</span></div><div class='line' id='LC882'>&nbsp;&nbsp;&nbsp;&nbsp;&nbsp;&nbsp;&nbsp;&nbsp;&nbsp;&nbsp;&nbsp;&nbsp;&nbsp;&nbsp;<span class="nt">&lt;version</span> <span class="na">num=</span><span class="s">&quot;336&quot;</span> <span class="na">curr_loc=</span><span class="s">&quot;99&quot;</span> <span class="na">changed=</span><span class="s">&quot;1&quot;</span> <span class="na">churn=</span><span class="s">&quot;219&quot;</span> <span class="nt">/&gt;</span></div><div class='line' id='LC883'>&nbsp;&nbsp;&nbsp;&nbsp;&nbsp;&nbsp;&nbsp;&nbsp;&nbsp;&nbsp;&nbsp;&nbsp;<span class="nt">&lt;/class&gt;</span></div><div class='line' id='LC884'>&nbsp;&nbsp;&nbsp;&nbsp;&nbsp;&nbsp;&nbsp;&nbsp;&nbsp;&nbsp;&nbsp;&nbsp;<span class="nt">&lt;class</span> <span class="na">name=</span><span class="s">&quot;FrameworkMember&quot;</span> <span class="na">type=</span><span class="s">&quot;AbstractClass&quot;</span> <span class="na">maxLoc=</span><span class="s">&quot;20&quot;</span><span class="nt">&gt;</span></div><div class='line' id='LC885'>&nbsp;&nbsp;&nbsp;&nbsp;&nbsp;&nbsp;&nbsp;&nbsp;&nbsp;&nbsp;&nbsp;&nbsp;&nbsp;&nbsp;<span class="nt">&lt;version</span> <span class="na">num=</span><span class="s">&quot;133&quot;</span> <span class="na">curr_loc=</span><span class="s">&quot;20&quot;</span> <span class="na">changed=</span><span class="s">&quot;1&quot;</span> <span class="na">churn=</span><span class="s">&quot;20&quot;</span> <span class="nt">/&gt;</span></div><div class='line' id='LC886'>&nbsp;&nbsp;&nbsp;&nbsp;&nbsp;&nbsp;&nbsp;&nbsp;&nbsp;&nbsp;&nbsp;&nbsp;&nbsp;&nbsp;<span class="nt">&lt;version</span> <span class="na">num=</span><span class="s">&quot;148&quot;</span> <span class="na">curr_loc=</span><span class="s">&quot;20&quot;</span> <span class="na">changed=</span><span class="s">&quot;1&quot;</span> <span class="na">churn=</span><span class="s">&quot;20&quot;</span> <span class="nt">/&gt;</span></div><div class='line' id='LC887'>&nbsp;&nbsp;&nbsp;&nbsp;&nbsp;&nbsp;&nbsp;&nbsp;&nbsp;&nbsp;&nbsp;&nbsp;&nbsp;&nbsp;<span class="nt">&lt;version</span> <span class="na">num=</span><span class="s">&quot;191&quot;</span> <span class="na">curr_loc=</span><span class="s">&quot;12&quot;</span> <span class="na">changed=</span><span class="s">&quot;1&quot;</span> <span class="na">churn=</span><span class="s">&quot;28&quot;</span> <span class="nt">/&gt;</span></div><div class='line' id='LC888'>&nbsp;&nbsp;&nbsp;&nbsp;&nbsp;&nbsp;&nbsp;&nbsp;&nbsp;&nbsp;&nbsp;&nbsp;&nbsp;&nbsp;<span class="nt">&lt;version</span> <span class="na">num=</span><span class="s">&quot;199&quot;</span> <span class="na">curr_loc=</span><span class="s">&quot;12&quot;</span> <span class="na">changed=</span><span class="s">&quot;1&quot;</span> <span class="na">churn=</span><span class="s">&quot;28&quot;</span> <span class="nt">/&gt;</span></div><div class='line' id='LC889'>&nbsp;&nbsp;&nbsp;&nbsp;&nbsp;&nbsp;&nbsp;&nbsp;&nbsp;&nbsp;&nbsp;&nbsp;<span class="nt">&lt;/class&gt;</span></div><div class='line' id='LC890'>&nbsp;&nbsp;&nbsp;&nbsp;&nbsp;&nbsp;&nbsp;&nbsp;&nbsp;&nbsp;&nbsp;&nbsp;<span class="nt">&lt;class</span> <span class="na">name=</span><span class="s">&quot;Statement&quot;</span> <span class="na">type=</span><span class="s">&quot;AbstractClass&quot;</span> <span class="na">maxLoc=</span><span class="s">&quot;16&quot;</span><span class="nt">&gt;</span></div><div class='line' id='LC891'>&nbsp;&nbsp;&nbsp;&nbsp;&nbsp;&nbsp;&nbsp;&nbsp;&nbsp;&nbsp;&nbsp;&nbsp;&nbsp;&nbsp;<span class="nt">&lt;version</span> <span class="na">num=</span><span class="s">&quot;326&quot;</span> <span class="na">curr_loc=</span><span class="s">&quot;16&quot;</span> <span class="na">changed=</span><span class="s">&quot;1&quot;</span> <span class="na">churn=</span><span class="s">&quot;16&quot;</span> <span class="nt">/&gt;</span></div><div class='line' id='LC892'>&nbsp;&nbsp;&nbsp;&nbsp;&nbsp;&nbsp;&nbsp;&nbsp;&nbsp;&nbsp;&nbsp;&nbsp;&nbsp;&nbsp;<span class="nt">&lt;version</span> <span class="na">num=</span><span class="s">&quot;336&quot;</span> <span class="na">curr_loc=</span><span class="s">&quot;9&quot;</span> <span class="na">changed=</span><span class="s">&quot;1&quot;</span> <span class="na">churn=</span><span class="s">&quot;23&quot;</span> <span class="nt">/&gt;</span></div><div class='line' id='LC893'>&nbsp;&nbsp;&nbsp;&nbsp;&nbsp;&nbsp;&nbsp;&nbsp;&nbsp;&nbsp;&nbsp;&nbsp;<span class="nt">&lt;/class&gt;</span></div><div class='line' id='LC894'>&nbsp;&nbsp;&nbsp;&nbsp;&nbsp;&nbsp;&nbsp;&nbsp;&nbsp;&nbsp;<span class="nt">&lt;/package&gt;</span></div><div class='line' id='LC895'>&nbsp;&nbsp;&nbsp;&nbsp;&nbsp;&nbsp;&nbsp;&nbsp;&nbsp;&nbsp;<span class="nt">&lt;class</span> <span class="na">name=</span><span class="s">&quot;Suite&quot;</span> <span class="na">type=</span><span class="s">&quot;ConcreteClass&quot;</span> <span class="na">maxLoc=</span><span class="s">&quot;177&quot;</span><span class="nt">&gt;</span></div><div class='line' id='LC896'>&nbsp;&nbsp;&nbsp;&nbsp;&nbsp;&nbsp;&nbsp;&nbsp;&nbsp;&nbsp;&nbsp;&nbsp;<span class="nt">&lt;version</span> <span class="na">num=</span><span class="s">&quot;54&quot;</span> <span class="na">curr_loc=</span><span class="s">&quot;130&quot;</span> <span class="na">changed=</span><span class="s">&quot;1&quot;</span> <span class="na">churn=</span><span class="s">&quot;130&quot;</span> <span class="nt">/&gt;</span></div><div class='line' id='LC897'>&nbsp;&nbsp;&nbsp;&nbsp;&nbsp;&nbsp;&nbsp;&nbsp;&nbsp;&nbsp;&nbsp;&nbsp;<span class="nt">&lt;version</span> <span class="na">num=</span><span class="s">&quot;62&quot;</span> <span class="na">curr_loc=</span><span class="s">&quot;130&quot;</span> <span class="na">changed=</span><span class="s">&quot;1&quot;</span> <span class="na">churn=</span><span class="s">&quot;130&quot;</span> <span class="nt">/&gt;</span></div><div class='line' id='LC898'>&nbsp;&nbsp;&nbsp;&nbsp;&nbsp;&nbsp;&nbsp;&nbsp;&nbsp;&nbsp;&nbsp;&nbsp;<span class="nt">&lt;version</span> <span class="na">num=</span><span class="s">&quot;69&quot;</span> <span class="na">curr_loc=</span><span class="s">&quot;133&quot;</span> <span class="na">changed=</span><span class="s">&quot;1&quot;</span> <span class="na">churn=</span><span class="s">&quot;133&quot;</span> <span class="nt">/&gt;</span></div><div class='line' id='LC899'>&nbsp;&nbsp;&nbsp;&nbsp;&nbsp;&nbsp;&nbsp;&nbsp;&nbsp;&nbsp;&nbsp;&nbsp;<span class="nt">&lt;version</span> <span class="na">num=</span><span class="s">&quot;70&quot;</span> <span class="na">curr_loc=</span><span class="s">&quot;130&quot;</span> <span class="na">changed=</span><span class="s">&quot;1&quot;</span> <span class="na">churn=</span><span class="s">&quot;136&quot;</span> <span class="nt">/&gt;</span></div><div class='line' id='LC900'>&nbsp;&nbsp;&nbsp;&nbsp;&nbsp;&nbsp;&nbsp;&nbsp;&nbsp;&nbsp;&nbsp;&nbsp;<span class="nt">&lt;version</span> <span class="na">num=</span><span class="s">&quot;81&quot;</span> <span class="na">curr_loc=</span><span class="s">&quot;131&quot;</span> <span class="na">changed=</span><span class="s">&quot;1&quot;</span> <span class="na">churn=</span><span class="s">&quot;137&quot;</span> <span class="nt">/&gt;</span></div><div class='line' id='LC901'>&nbsp;&nbsp;&nbsp;&nbsp;&nbsp;&nbsp;&nbsp;&nbsp;&nbsp;&nbsp;&nbsp;&nbsp;<span class="nt">&lt;version</span> <span class="na">num=</span><span class="s">&quot;105&quot;</span> <span class="na">curr_loc=</span><span class="s">&quot;130&quot;</span> <span class="na">changed=</span><span class="s">&quot;1&quot;</span> <span class="na">churn=</span><span class="s">&quot;138&quot;</span> <span class="nt">/&gt;</span></div><div class='line' id='LC902'>&nbsp;&nbsp;&nbsp;&nbsp;&nbsp;&nbsp;&nbsp;&nbsp;&nbsp;&nbsp;&nbsp;&nbsp;<span class="nt">&lt;version</span> <span class="na">num=</span><span class="s">&quot;110&quot;</span> <span class="na">curr_loc=</span><span class="s">&quot;130&quot;</span> <span class="na">changed=</span><span class="s">&quot;1&quot;</span> <span class="na">churn=</span><span class="s">&quot;138&quot;</span> <span class="nt">/&gt;</span></div><div class='line' id='LC903'>&nbsp;&nbsp;&nbsp;&nbsp;&nbsp;&nbsp;&nbsp;&nbsp;&nbsp;&nbsp;&nbsp;&nbsp;<span class="nt">&lt;version</span> <span class="na">num=</span><span class="s">&quot;112&quot;</span> <span class="na">curr_loc=</span><span class="s">&quot;177&quot;</span> <span class="na">changed=</span><span class="s">&quot;1&quot;</span> <span class="na">churn=</span><span class="s">&quot;185&quot;</span> <span class="nt">/&gt;</span></div><div class='line' id='LC904'>&nbsp;&nbsp;&nbsp;&nbsp;&nbsp;&nbsp;&nbsp;&nbsp;&nbsp;&nbsp;&nbsp;&nbsp;<span class="nt">&lt;version</span> <span class="na">num=</span><span class="s">&quot;116&quot;</span> <span class="na">curr_loc=</span><span class="s">&quot;130&quot;</span> <span class="na">changed=</span><span class="s">&quot;1&quot;</span> <span class="na">churn=</span><span class="s">&quot;232&quot;</span> <span class="nt">/&gt;</span></div><div class='line' id='LC905'>&nbsp;&nbsp;&nbsp;&nbsp;&nbsp;&nbsp;&nbsp;&nbsp;&nbsp;&nbsp;&nbsp;&nbsp;<span class="nt">&lt;version</span> <span class="na">num=</span><span class="s">&quot;132&quot;</span> <span class="na">curr_loc=</span><span class="s">&quot;127&quot;</span> <span class="na">changed=</span><span class="s">&quot;1&quot;</span> <span class="na">churn=</span><span class="s">&quot;235&quot;</span> <span class="nt">/&gt;</span></div><div class='line' id='LC906'>&nbsp;&nbsp;&nbsp;&nbsp;&nbsp;&nbsp;&nbsp;&nbsp;&nbsp;&nbsp;&nbsp;&nbsp;<span class="nt">&lt;version</span> <span class="na">num=</span><span class="s">&quot;134&quot;</span> <span class="na">curr_loc=</span><span class="s">&quot;127&quot;</span> <span class="na">changed=</span><span class="s">&quot;1&quot;</span> <span class="na">churn=</span><span class="s">&quot;235&quot;</span> <span class="nt">/&gt;</span></div><div class='line' id='LC907'>&nbsp;&nbsp;&nbsp;&nbsp;&nbsp;&nbsp;&nbsp;&nbsp;&nbsp;&nbsp;&nbsp;&nbsp;<span class="nt">&lt;version</span> <span class="na">num=</span><span class="s">&quot;139&quot;</span> <span class="na">curr_loc=</span><span class="s">&quot;129&quot;</span> <span class="na">changed=</span><span class="s">&quot;1&quot;</span> <span class="na">churn=</span><span class="s">&quot;237&quot;</span> <span class="nt">/&gt;</span></div><div class='line' id='LC908'>&nbsp;&nbsp;&nbsp;&nbsp;&nbsp;&nbsp;&nbsp;&nbsp;&nbsp;&nbsp;&nbsp;&nbsp;<span class="nt">&lt;version</span> <span class="na">num=</span><span class="s">&quot;147&quot;</span> <span class="na">curr_loc=</span><span class="s">&quot;127&quot;</span> <span class="na">changed=</span><span class="s">&quot;1&quot;</span> <span class="na">churn=</span><span class="s">&quot;239&quot;</span> <span class="nt">/&gt;</span></div><div class='line' id='LC909'>&nbsp;&nbsp;&nbsp;&nbsp;&nbsp;&nbsp;&nbsp;&nbsp;&nbsp;&nbsp;&nbsp;&nbsp;<span class="nt">&lt;version</span> <span class="na">num=</span><span class="s">&quot;149&quot;</span> <span class="na">curr_loc=</span><span class="s">&quot;127&quot;</span> <span class="na">changed=</span><span class="s">&quot;1&quot;</span> <span class="na">churn=</span><span class="s">&quot;239&quot;</span> <span class="nt">/&gt;</span></div><div class='line' id='LC910'>&nbsp;&nbsp;&nbsp;&nbsp;&nbsp;&nbsp;&nbsp;&nbsp;&nbsp;&nbsp;&nbsp;&nbsp;<span class="nt">&lt;version</span> <span class="na">num=</span><span class="s">&quot;154&quot;</span> <span class="na">curr_loc=</span><span class="s">&quot;129&quot;</span> <span class="na">changed=</span><span class="s">&quot;1&quot;</span> <span class="na">churn=</span><span class="s">&quot;241&quot;</span> <span class="nt">/&gt;</span></div><div class='line' id='LC911'>&nbsp;&nbsp;&nbsp;&nbsp;&nbsp;&nbsp;&nbsp;&nbsp;&nbsp;&nbsp;&nbsp;&nbsp;<span class="nt">&lt;version</span> <span class="na">num=</span><span class="s">&quot;207&quot;</span> <span class="na">curr_loc=</span><span class="s">&quot;134&quot;</span> <span class="na">changed=</span><span class="s">&quot;1&quot;</span> <span class="na">churn=</span><span class="s">&quot;246&quot;</span> <span class="nt">/&gt;</span></div><div class='line' id='LC912'>&nbsp;&nbsp;&nbsp;&nbsp;&nbsp;&nbsp;&nbsp;&nbsp;&nbsp;&nbsp;&nbsp;&nbsp;<span class="nt">&lt;version</span> <span class="na">num=</span><span class="s">&quot;209&quot;</span> <span class="na">curr_loc=</span><span class="s">&quot;126&quot;</span> <span class="na">changed=</span><span class="s">&quot;1&quot;</span> <span class="na">churn=</span><span class="s">&quot;254&quot;</span> <span class="nt">/&gt;</span></div><div class='line' id='LC913'>&nbsp;&nbsp;&nbsp;&nbsp;&nbsp;&nbsp;&nbsp;&nbsp;&nbsp;&nbsp;&nbsp;&nbsp;<span class="nt">&lt;version</span> <span class="na">num=</span><span class="s">&quot;214&quot;</span> <span class="na">curr_loc=</span><span class="s">&quot;134&quot;</span> <span class="na">changed=</span><span class="s">&quot;1&quot;</span> <span class="na">churn=</span><span class="s">&quot;262&quot;</span> <span class="nt">/&gt;</span></div><div class='line' id='LC914'>&nbsp;&nbsp;&nbsp;&nbsp;&nbsp;&nbsp;&nbsp;&nbsp;&nbsp;&nbsp;&nbsp;&nbsp;<span class="nt">&lt;version</span> <span class="na">num=</span><span class="s">&quot;217&quot;</span> <span class="na">curr_loc=</span><span class="s">&quot;126&quot;</span> <span class="na">changed=</span><span class="s">&quot;1&quot;</span> <span class="na">churn=</span><span class="s">&quot;270&quot;</span> <span class="nt">/&gt;</span></div><div class='line' id='LC915'>&nbsp;&nbsp;&nbsp;&nbsp;&nbsp;&nbsp;&nbsp;&nbsp;&nbsp;&nbsp;&nbsp;&nbsp;<span class="nt">&lt;version</span> <span class="na">num=</span><span class="s">&quot;258&quot;</span> <span class="na">curr_loc=</span><span class="s">&quot;121&quot;</span> <span class="na">changed=</span><span class="s">&quot;1&quot;</span> <span class="na">churn=</span><span class="s">&quot;275&quot;</span> <span class="nt">/&gt;</span></div><div class='line' id='LC916'>&nbsp;&nbsp;&nbsp;&nbsp;&nbsp;&nbsp;&nbsp;&nbsp;&nbsp;&nbsp;&nbsp;&nbsp;<span class="nt">&lt;version</span> <span class="na">num=</span><span class="s">&quot;261&quot;</span> <span class="na">curr_loc=</span><span class="s">&quot;121&quot;</span> <span class="na">changed=</span><span class="s">&quot;1&quot;</span> <span class="na">churn=</span><span class="s">&quot;275&quot;</span> <span class="nt">/&gt;</span></div><div class='line' id='LC917'>&nbsp;&nbsp;&nbsp;&nbsp;&nbsp;&nbsp;&nbsp;&nbsp;&nbsp;&nbsp;&nbsp;&nbsp;<span class="nt">&lt;version</span> <span class="na">num=</span><span class="s">&quot;286&quot;</span> <span class="na">curr_loc=</span><span class="s">&quot;119&quot;</span> <span class="na">changed=</span><span class="s">&quot;1&quot;</span> <span class="na">churn=</span><span class="s">&quot;277&quot;</span> <span class="nt">/&gt;</span></div><div class='line' id='LC918'>&nbsp;&nbsp;&nbsp;&nbsp;&nbsp;&nbsp;&nbsp;&nbsp;&nbsp;&nbsp;&nbsp;&nbsp;<span class="nt">&lt;version</span> <span class="na">num=</span><span class="s">&quot;290&quot;</span> <span class="na">curr_loc=</span><span class="s">&quot;120&quot;</span> <span class="na">changed=</span><span class="s">&quot;1&quot;</span> <span class="na">churn=</span><span class="s">&quot;278&quot;</span> <span class="nt">/&gt;</span></div><div class='line' id='LC919'>&nbsp;&nbsp;&nbsp;&nbsp;&nbsp;&nbsp;&nbsp;&nbsp;&nbsp;&nbsp;&nbsp;&nbsp;<span class="nt">&lt;version</span> <span class="na">num=</span><span class="s">&quot;326&quot;</span> <span class="na">curr_loc=</span><span class="s">&quot;117&quot;</span> <span class="na">changed=</span><span class="s">&quot;1&quot;</span> <span class="na">churn=</span><span class="s">&quot;281&quot;</span> <span class="nt">/&gt;</span></div><div class='line' id='LC920'>&nbsp;&nbsp;&nbsp;&nbsp;&nbsp;&nbsp;&nbsp;&nbsp;&nbsp;&nbsp;&nbsp;&nbsp;<span class="nt">&lt;version</span> <span class="na">num=</span><span class="s">&quot;327&quot;</span> <span class="na">curr_loc=</span><span class="s">&quot;117&quot;</span> <span class="na">changed=</span><span class="s">&quot;1&quot;</span> <span class="na">churn=</span><span class="s">&quot;281&quot;</span> <span class="nt">/&gt;</span></div><div class='line' id='LC921'>&nbsp;&nbsp;&nbsp;&nbsp;&nbsp;&nbsp;&nbsp;&nbsp;&nbsp;&nbsp;&nbsp;&nbsp;<span class="nt">&lt;version</span> <span class="na">num=</span><span class="s">&quot;329&quot;</span> <span class="na">curr_loc=</span><span class="s">&quot;122&quot;</span> <span class="na">changed=</span><span class="s">&quot;1&quot;</span> <span class="na">churn=</span><span class="s">&quot;286&quot;</span> <span class="nt">/&gt;</span></div><div class='line' id='LC922'>&nbsp;&nbsp;&nbsp;&nbsp;&nbsp;&nbsp;&nbsp;&nbsp;&nbsp;&nbsp;&nbsp;&nbsp;<span class="nt">&lt;version</span> <span class="na">num=</span><span class="s">&quot;332&quot;</span> <span class="na">curr_loc=</span><span class="s">&quot;121&quot;</span> <span class="na">changed=</span><span class="s">&quot;1&quot;</span> <span class="na">churn=</span><span class="s">&quot;287&quot;</span> <span class="nt">/&gt;</span></div><div class='line' id='LC923'>&nbsp;&nbsp;&nbsp;&nbsp;&nbsp;&nbsp;&nbsp;&nbsp;&nbsp;&nbsp;&nbsp;&nbsp;<span class="nt">&lt;version</span> <span class="na">num=</span><span class="s">&quot;336&quot;</span> <span class="na">curr_loc=</span><span class="s">&quot;122&quot;</span> <span class="na">changed=</span><span class="s">&quot;1&quot;</span> <span class="na">churn=</span><span class="s">&quot;288&quot;</span> <span class="nt">/&gt;</span></div><div class='line' id='LC924'>&nbsp;&nbsp;&nbsp;&nbsp;&nbsp;&nbsp;&nbsp;&nbsp;&nbsp;&nbsp;&nbsp;&nbsp;<span class="nt">&lt;version</span> <span class="na">num=</span><span class="s">&quot;337&quot;</span> <span class="na">curr_loc=</span><span class="s">&quot;120&quot;</span> <span class="na">changed=</span><span class="s">&quot;1&quot;</span> <span class="na">churn=</span><span class="s">&quot;290&quot;</span> <span class="nt">/&gt;</span></div><div class='line' id='LC925'>&nbsp;&nbsp;&nbsp;&nbsp;&nbsp;&nbsp;&nbsp;&nbsp;&nbsp;&nbsp;&nbsp;&nbsp;<span class="nt">&lt;version</span> <span class="na">num=</span><span class="s">&quot;348&quot;</span> <span class="na">curr_loc=</span><span class="s">&quot;122&quot;</span> <span class="na">changed=</span><span class="s">&quot;1&quot;</span> <span class="na">churn=</span><span class="s">&quot;292&quot;</span> <span class="nt">/&gt;</span></div><div class='line' id='LC926'>&nbsp;&nbsp;&nbsp;&nbsp;&nbsp;&nbsp;&nbsp;&nbsp;&nbsp;&nbsp;&nbsp;&nbsp;<span class="nt">&lt;version</span> <span class="na">num=</span><span class="s">&quot;353&quot;</span> <span class="na">curr_loc=</span><span class="s">&quot;110&quot;</span> <span class="na">changed=</span><span class="s">&quot;1&quot;</span> <span class="na">churn=</span><span class="s">&quot;304&quot;</span> <span class="nt">/&gt;</span></div><div class='line' id='LC927'>&nbsp;&nbsp;&nbsp;&nbsp;&nbsp;&nbsp;&nbsp;&nbsp;&nbsp;&nbsp;&nbsp;&nbsp;<span class="nt">&lt;version</span> <span class="na">num=</span><span class="s">&quot;363&quot;</span> <span class="na">curr_loc=</span><span class="s">&quot;107&quot;</span> <span class="na">changed=</span><span class="s">&quot;1&quot;</span> <span class="na">churn=</span><span class="s">&quot;307&quot;</span> <span class="nt">/&gt;</span></div><div class='line' id='LC928'>&nbsp;&nbsp;&nbsp;&nbsp;&nbsp;&nbsp;&nbsp;&nbsp;&nbsp;&nbsp;&nbsp;&nbsp;<span class="nt">&lt;version</span> <span class="na">num=</span><span class="s">&quot;369&quot;</span> <span class="na">curr_loc=</span><span class="s">&quot;108&quot;</span> <span class="na">changed=</span><span class="s">&quot;1&quot;</span> <span class="na">churn=</span><span class="s">&quot;308&quot;</span> <span class="nt">/&gt;</span></div><div class='line' id='LC929'>&nbsp;&nbsp;&nbsp;&nbsp;&nbsp;&nbsp;&nbsp;&nbsp;&nbsp;&nbsp;&nbsp;&nbsp;<span class="nt">&lt;version</span> <span class="na">num=</span><span class="s">&quot;381&quot;</span> <span class="na">curr_loc=</span><span class="s">&quot;106&quot;</span> <span class="na">changed=</span><span class="s">&quot;1&quot;</span> <span class="na">churn=</span><span class="s">&quot;310&quot;</span> <span class="nt">/&gt;</span></div><div class='line' id='LC930'>&nbsp;&nbsp;&nbsp;&nbsp;&nbsp;&nbsp;&nbsp;&nbsp;&nbsp;&nbsp;&nbsp;&nbsp;<span class="nt">&lt;version</span> <span class="na">num=</span><span class="s">&quot;383&quot;</span> <span class="na">curr_loc=</span><span class="s">&quot;81&quot;</span> <span class="na">changed=</span><span class="s">&quot;1&quot;</span> <span class="na">churn=</span><span class="s">&quot;335&quot;</span> <span class="nt">/&gt;</span></div><div class='line' id='LC931'>&nbsp;&nbsp;&nbsp;&nbsp;&nbsp;&nbsp;&nbsp;&nbsp;&nbsp;&nbsp;&nbsp;&nbsp;<span class="nt">&lt;version</span> <span class="na">num=</span><span class="s">&quot;384&quot;</span> <span class="na">curr_loc=</span><span class="s">&quot;128&quot;</span> <span class="na">changed=</span><span class="s">&quot;1&quot;</span> <span class="na">churn=</span><span class="s">&quot;382&quot;</span> <span class="nt">/&gt;</span></div><div class='line' id='LC932'>&nbsp;&nbsp;&nbsp;&nbsp;&nbsp;&nbsp;&nbsp;&nbsp;&nbsp;&nbsp;&nbsp;&nbsp;<span class="nt">&lt;version</span> <span class="na">num=</span><span class="s">&quot;385&quot;</span> <span class="na">curr_loc=</span><span class="s">&quot;134&quot;</span> <span class="na">changed=</span><span class="s">&quot;1&quot;</span> <span class="na">churn=</span><span class="s">&quot;388&quot;</span> <span class="nt">/&gt;</span></div><div class='line' id='LC933'>&nbsp;&nbsp;&nbsp;&nbsp;&nbsp;&nbsp;&nbsp;&nbsp;&nbsp;&nbsp;&nbsp;&nbsp;<span class="nt">&lt;version</span> <span class="na">num=</span><span class="s">&quot;390&quot;</span> <span class="na">curr_loc=</span><span class="s">&quot;133&quot;</span> <span class="na">changed=</span><span class="s">&quot;1&quot;</span> <span class="na">churn=</span><span class="s">&quot;389&quot;</span> <span class="nt">/&gt;</span></div><div class='line' id='LC934'>&nbsp;&nbsp;&nbsp;&nbsp;&nbsp;&nbsp;&nbsp;&nbsp;&nbsp;&nbsp;&nbsp;&nbsp;<span class="nt">&lt;version</span> <span class="na">num=</span><span class="s">&quot;393&quot;</span> <span class="na">curr_loc=</span><span class="s">&quot;139&quot;</span> <span class="na">changed=</span><span class="s">&quot;1&quot;</span> <span class="na">churn=</span><span class="s">&quot;395&quot;</span> <span class="nt">/&gt;</span></div><div class='line' id='LC935'>&nbsp;&nbsp;&nbsp;&nbsp;&nbsp;&nbsp;&nbsp;&nbsp;&nbsp;&nbsp;&nbsp;&nbsp;<span class="nt">&lt;version</span> <span class="na">num=</span><span class="s">&quot;398&quot;</span> <span class="na">curr_loc=</span><span class="s">&quot;149&quot;</span> <span class="na">changed=</span><span class="s">&quot;1&quot;</span> <span class="na">churn=</span><span class="s">&quot;405&quot;</span> <span class="nt">/&gt;</span></div><div class='line' id='LC936'>&nbsp;&nbsp;&nbsp;&nbsp;&nbsp;&nbsp;&nbsp;&nbsp;&nbsp;&nbsp;&nbsp;&nbsp;<span class="nt">&lt;version</span> <span class="na">num=</span><span class="s">&quot;401&quot;</span> <span class="na">curr_loc=</span><span class="s">&quot;100&quot;</span> <span class="na">changed=</span><span class="s">&quot;1&quot;</span> <span class="na">churn=</span><span class="s">&quot;454&quot;</span> <span class="nt">/&gt;</span></div><div class='line' id='LC937'>&nbsp;&nbsp;&nbsp;&nbsp;&nbsp;&nbsp;&nbsp;&nbsp;&nbsp;&nbsp;&nbsp;&nbsp;<span class="nt">&lt;version</span> <span class="na">num=</span><span class="s">&quot;403&quot;</span> <span class="na">curr_loc=</span><span class="s">&quot;107&quot;</span> <span class="na">changed=</span><span class="s">&quot;1&quot;</span> <span class="na">churn=</span><span class="s">&quot;461&quot;</span> <span class="nt">/&gt;</span></div><div class='line' id='LC938'>&nbsp;&nbsp;&nbsp;&nbsp;&nbsp;&nbsp;&nbsp;&nbsp;&nbsp;&nbsp;&nbsp;&nbsp;<span class="nt">&lt;version</span> <span class="na">num=</span><span class="s">&quot;422&quot;</span> <span class="na">curr_loc=</span><span class="s">&quot;78&quot;</span> <span class="na">changed=</span><span class="s">&quot;1&quot;</span> <span class="na">churn=</span><span class="s">&quot;490&quot;</span> <span class="nt">/&gt;</span></div><div class='line' id='LC939'>&nbsp;&nbsp;&nbsp;&nbsp;&nbsp;&nbsp;&nbsp;&nbsp;&nbsp;&nbsp;&nbsp;&nbsp;<span class="nt">&lt;version</span> <span class="na">num=</span><span class="s">&quot;427&quot;</span> <span class="na">curr_loc=</span><span class="s">&quot;133&quot;</span> <span class="na">changed=</span><span class="s">&quot;1&quot;</span> <span class="na">churn=</span><span class="s">&quot;545&quot;</span> <span class="nt">/&gt;</span></div><div class='line' id='LC940'>&nbsp;&nbsp;&nbsp;&nbsp;&nbsp;&nbsp;&nbsp;&nbsp;&nbsp;&nbsp;&nbsp;&nbsp;<span class="nt">&lt;version</span> <span class="na">num=</span><span class="s">&quot;432&quot;</span> <span class="na">curr_loc=</span><span class="s">&quot;135&quot;</span> <span class="na">changed=</span><span class="s">&quot;1&quot;</span> <span class="na">churn=</span><span class="s">&quot;547&quot;</span> <span class="nt">/&gt;</span></div><div class='line' id='LC941'>&nbsp;&nbsp;&nbsp;&nbsp;&nbsp;&nbsp;&nbsp;&nbsp;&nbsp;&nbsp;<span class="nt">&lt;/class&gt;</span></div><div class='line' id='LC942'>&nbsp;&nbsp;&nbsp;&nbsp;&nbsp;&nbsp;&nbsp;&nbsp;&nbsp;&nbsp;<span class="nt">&lt;class</span> <span class="na">name=</span><span class="s">&quot;Parameterized&quot;</span> <span class="na">type=</span><span class="s">&quot;ConcreteClass&quot;</span> <span class="na">maxLoc=</span><span class="s">&quot;211&quot;</span><span class="nt">&gt;</span></div><div class='line' id='LC943'>&nbsp;&nbsp;&nbsp;&nbsp;&nbsp;&nbsp;&nbsp;&nbsp;&nbsp;&nbsp;&nbsp;&nbsp;<span class="nt">&lt;version</span> <span class="na">num=</span><span class="s">&quot;133&quot;</span> <span class="na">curr_loc=</span><span class="s">&quot;162&quot;</span> <span class="na">changed=</span><span class="s">&quot;1&quot;</span> <span class="na">churn=</span><span class="s">&quot;162&quot;</span> <span class="nt">/&gt;</span></div><div class='line' id='LC944'>&nbsp;&nbsp;&nbsp;&nbsp;&nbsp;&nbsp;&nbsp;&nbsp;&nbsp;&nbsp;&nbsp;&nbsp;<span class="nt">&lt;version</span> <span class="na">num=</span><span class="s">&quot;148&quot;</span> <span class="na">curr_loc=</span><span class="s">&quot;162&quot;</span> <span class="na">changed=</span><span class="s">&quot;1&quot;</span> <span class="na">churn=</span><span class="s">&quot;162&quot;</span> <span class="nt">/&gt;</span></div><div class='line' id='LC945'>&nbsp;&nbsp;&nbsp;&nbsp;&nbsp;&nbsp;&nbsp;&nbsp;&nbsp;&nbsp;&nbsp;&nbsp;<span class="nt">&lt;version</span> <span class="na">num=</span><span class="s">&quot;257&quot;</span> <span class="na">curr_loc=</span><span class="s">&quot;162&quot;</span> <span class="na">changed=</span><span class="s">&quot;1&quot;</span> <span class="na">churn=</span><span class="s">&quot;162&quot;</span> <span class="nt">/&gt;</span></div><div class='line' id='LC946'>&nbsp;&nbsp;&nbsp;&nbsp;&nbsp;&nbsp;&nbsp;&nbsp;&nbsp;&nbsp;&nbsp;&nbsp;<span class="nt">&lt;version</span> <span class="na">num=</span><span class="s">&quot;265&quot;</span> <span class="na">curr_loc=</span><span class="s">&quot;162&quot;</span> <span class="na">changed=</span><span class="s">&quot;1&quot;</span> <span class="na">churn=</span><span class="s">&quot;162&quot;</span> <span class="nt">/&gt;</span></div><div class='line' id='LC947'>&nbsp;&nbsp;&nbsp;&nbsp;&nbsp;&nbsp;&nbsp;&nbsp;&nbsp;&nbsp;&nbsp;&nbsp;<span class="nt">&lt;version</span> <span class="na">num=</span><span class="s">&quot;268&quot;</span> <span class="na">curr_loc=</span><span class="s">&quot;162&quot;</span> <span class="na">changed=</span><span class="s">&quot;1&quot;</span> <span class="na">churn=</span><span class="s">&quot;162&quot;</span> <span class="nt">/&gt;</span></div><div class='line' id='LC948'>&nbsp;&nbsp;&nbsp;&nbsp;&nbsp;&nbsp;&nbsp;&nbsp;&nbsp;&nbsp;&nbsp;&nbsp;<span class="nt">&lt;version</span> <span class="na">num=</span><span class="s">&quot;270&quot;</span> <span class="na">curr_loc=</span><span class="s">&quot;166&quot;</span> <span class="na">changed=</span><span class="s">&quot;1&quot;</span> <span class="na">churn=</span><span class="s">&quot;166&quot;</span> <span class="nt">/&gt;</span></div><div class='line' id='LC949'>&nbsp;&nbsp;&nbsp;&nbsp;&nbsp;&nbsp;&nbsp;&nbsp;&nbsp;&nbsp;&nbsp;&nbsp;<span class="nt">&lt;version</span> <span class="na">num=</span><span class="s">&quot;275&quot;</span> <span class="na">curr_loc=</span><span class="s">&quot;211&quot;</span> <span class="na">changed=</span><span class="s">&quot;1&quot;</span> <span class="na">churn=</span><span class="s">&quot;211&quot;</span> <span class="nt">/&gt;</span></div><div class='line' id='LC950'>&nbsp;&nbsp;&nbsp;&nbsp;&nbsp;&nbsp;&nbsp;&nbsp;&nbsp;&nbsp;&nbsp;&nbsp;<span class="nt">&lt;version</span> <span class="na">num=</span><span class="s">&quot;321&quot;</span> <span class="na">curr_loc=</span><span class="s">&quot;166&quot;</span> <span class="na">changed=</span><span class="s">&quot;1&quot;</span> <span class="na">churn=</span><span class="s">&quot;256&quot;</span> <span class="nt">/&gt;</span></div><div class='line' id='LC951'>&nbsp;&nbsp;&nbsp;&nbsp;&nbsp;&nbsp;&nbsp;&nbsp;&nbsp;&nbsp;&nbsp;&nbsp;<span class="nt">&lt;version</span> <span class="na">num=</span><span class="s">&quot;322&quot;</span> <span class="na">curr_loc=</span><span class="s">&quot;172&quot;</span> <span class="na">changed=</span><span class="s">&quot;1&quot;</span> <span class="na">churn=</span><span class="s">&quot;262&quot;</span> <span class="nt">/&gt;</span></div><div class='line' id='LC952'>&nbsp;&nbsp;&nbsp;&nbsp;&nbsp;&nbsp;&nbsp;&nbsp;&nbsp;&nbsp;&nbsp;&nbsp;<span class="nt">&lt;version</span> <span class="na">num=</span><span class="s">&quot;326&quot;</span> <span class="na">curr_loc=</span><span class="s">&quot;162&quot;</span> <span class="na">changed=</span><span class="s">&quot;1&quot;</span> <span class="na">churn=</span><span class="s">&quot;272&quot;</span> <span class="nt">/&gt;</span></div><div class='line' id='LC953'>&nbsp;&nbsp;&nbsp;&nbsp;&nbsp;&nbsp;&nbsp;&nbsp;&nbsp;&nbsp;&nbsp;&nbsp;<span class="nt">&lt;version</span> <span class="na">num=</span><span class="s">&quot;327&quot;</span> <span class="na">curr_loc=</span><span class="s">&quot;160&quot;</span> <span class="na">changed=</span><span class="s">&quot;1&quot;</span> <span class="na">churn=</span><span class="s">&quot;274&quot;</span> <span class="nt">/&gt;</span></div><div class='line' id='LC954'>&nbsp;&nbsp;&nbsp;&nbsp;&nbsp;&nbsp;&nbsp;&nbsp;&nbsp;&nbsp;&nbsp;&nbsp;<span class="nt">&lt;version</span> <span class="na">num=</span><span class="s">&quot;329&quot;</span> <span class="na">curr_loc=</span><span class="s">&quot;165&quot;</span> <span class="na">changed=</span><span class="s">&quot;1&quot;</span> <span class="na">churn=</span><span class="s">&quot;279&quot;</span> <span class="nt">/&gt;</span></div><div class='line' id='LC955'>&nbsp;&nbsp;&nbsp;&nbsp;&nbsp;&nbsp;&nbsp;&nbsp;&nbsp;&nbsp;&nbsp;&nbsp;<span class="nt">&lt;version</span> <span class="na">num=</span><span class="s">&quot;332&quot;</span> <span class="na">curr_loc=</span><span class="s">&quot;166&quot;</span> <span class="na">changed=</span><span class="s">&quot;1&quot;</span> <span class="na">churn=</span><span class="s">&quot;280&quot;</span> <span class="nt">/&gt;</span></div><div class='line' id='LC956'>&nbsp;&nbsp;&nbsp;&nbsp;&nbsp;&nbsp;&nbsp;&nbsp;&nbsp;&nbsp;&nbsp;&nbsp;<span class="nt">&lt;version</span> <span class="na">num=</span><span class="s">&quot;336&quot;</span> <span class="na">curr_loc=</span><span class="s">&quot;166&quot;</span> <span class="na">changed=</span><span class="s">&quot;1&quot;</span> <span class="na">churn=</span><span class="s">&quot;280&quot;</span> <span class="nt">/&gt;</span></div><div class='line' id='LC957'>&nbsp;&nbsp;&nbsp;&nbsp;&nbsp;&nbsp;&nbsp;&nbsp;&nbsp;&nbsp;&nbsp;&nbsp;<span class="nt">&lt;version</span> <span class="na">num=</span><span class="s">&quot;337&quot;</span> <span class="na">curr_loc=</span><span class="s">&quot;163&quot;</span> <span class="na">changed=</span><span class="s">&quot;1&quot;</span> <span class="na">churn=</span><span class="s">&quot;283&quot;</span> <span class="nt">/&gt;</span></div><div class='line' id='LC958'>&nbsp;&nbsp;&nbsp;&nbsp;&nbsp;&nbsp;&nbsp;&nbsp;&nbsp;&nbsp;&nbsp;&nbsp;<span class="nt">&lt;version</span> <span class="na">num=</span><span class="s">&quot;338&quot;</span> <span class="na">curr_loc=</span><span class="s">&quot;165&quot;</span> <span class="na">changed=</span><span class="s">&quot;1&quot;</span> <span class="na">churn=</span><span class="s">&quot;285&quot;</span> <span class="nt">/&gt;</span></div><div class='line' id='LC959'>&nbsp;&nbsp;&nbsp;&nbsp;&nbsp;&nbsp;&nbsp;&nbsp;&nbsp;&nbsp;&nbsp;&nbsp;<span class="nt">&lt;version</span> <span class="na">num=</span><span class="s">&quot;344&quot;</span> <span class="na">curr_loc=</span><span class="s">&quot;163&quot;</span> <span class="na">changed=</span><span class="s">&quot;1&quot;</span> <span class="na">churn=</span><span class="s">&quot;287&quot;</span> <span class="nt">/&gt;</span></div><div class='line' id='LC960'>&nbsp;&nbsp;&nbsp;&nbsp;&nbsp;&nbsp;&nbsp;&nbsp;&nbsp;&nbsp;&nbsp;&nbsp;<span class="nt">&lt;version</span> <span class="na">num=</span><span class="s">&quot;350&quot;</span> <span class="na">curr_loc=</span><span class="s">&quot;165&quot;</span> <span class="na">changed=</span><span class="s">&quot;1&quot;</span> <span class="na">churn=</span><span class="s">&quot;289&quot;</span> <span class="nt">/&gt;</span></div><div class='line' id='LC961'>&nbsp;&nbsp;&nbsp;&nbsp;&nbsp;&nbsp;&nbsp;&nbsp;&nbsp;&nbsp;&nbsp;&nbsp;<span class="nt">&lt;version</span> <span class="na">num=</span><span class="s">&quot;361&quot;</span> <span class="na">curr_loc=</span><span class="s">&quot;165&quot;</span> <span class="na">changed=</span><span class="s">&quot;1&quot;</span> <span class="na">churn=</span><span class="s">&quot;289&quot;</span> <span class="nt">/&gt;</span></div><div class='line' id='LC962'>&nbsp;&nbsp;&nbsp;&nbsp;&nbsp;&nbsp;&nbsp;&nbsp;&nbsp;&nbsp;&nbsp;&nbsp;<span class="nt">&lt;version</span> <span class="na">num=</span><span class="s">&quot;381&quot;</span> <span class="na">curr_loc=</span><span class="s">&quot;164&quot;</span> <span class="na">changed=</span><span class="s">&quot;1&quot;</span> <span class="na">churn=</span><span class="s">&quot;290&quot;</span> <span class="nt">/&gt;</span></div><div class='line' id='LC963'>&nbsp;&nbsp;&nbsp;&nbsp;&nbsp;&nbsp;&nbsp;&nbsp;&nbsp;&nbsp;&nbsp;&nbsp;<span class="nt">&lt;version</span> <span class="na">num=</span><span class="s">&quot;386&quot;</span> <span class="na">curr_loc=</span><span class="s">&quot;166&quot;</span> <span class="na">changed=</span><span class="s">&quot;1&quot;</span> <span class="na">churn=</span><span class="s">&quot;292&quot;</span> <span class="nt">/&gt;</span></div><div class='line' id='LC964'>&nbsp;&nbsp;&nbsp;&nbsp;&nbsp;&nbsp;&nbsp;&nbsp;&nbsp;&nbsp;&nbsp;&nbsp;<span class="nt">&lt;version</span> <span class="na">num=</span><span class="s">&quot;389&quot;</span> <span class="na">curr_loc=</span><span class="s">&quot;167&quot;</span> <span class="na">changed=</span><span class="s">&quot;1&quot;</span> <span class="na">churn=</span><span class="s">&quot;293&quot;</span> <span class="nt">/&gt;</span></div><div class='line' id='LC965'>&nbsp;&nbsp;&nbsp;&nbsp;&nbsp;&nbsp;&nbsp;&nbsp;&nbsp;&nbsp;&nbsp;&nbsp;<span class="nt">&lt;version</span> <span class="na">num=</span><span class="s">&quot;390&quot;</span> <span class="na">curr_loc=</span><span class="s">&quot;167&quot;</span> <span class="na">changed=</span><span class="s">&quot;1&quot;</span> <span class="na">churn=</span><span class="s">&quot;293&quot;</span> <span class="nt">/&gt;</span></div><div class='line' id='LC966'>&nbsp;&nbsp;&nbsp;&nbsp;&nbsp;&nbsp;&nbsp;&nbsp;&nbsp;&nbsp;&nbsp;&nbsp;<span class="nt">&lt;version</span> <span class="na">num=</span><span class="s">&quot;391&quot;</span> <span class="na">curr_loc=</span><span class="s">&quot;169&quot;</span> <span class="na">changed=</span><span class="s">&quot;1&quot;</span> <span class="na">churn=</span><span class="s">&quot;295&quot;</span> <span class="nt">/&gt;</span></div><div class='line' id='LC967'>&nbsp;&nbsp;&nbsp;&nbsp;&nbsp;&nbsp;&nbsp;&nbsp;&nbsp;&nbsp;&nbsp;&nbsp;<span class="nt">&lt;version</span> <span class="na">num=</span><span class="s">&quot;392&quot;</span> <span class="na">curr_loc=</span><span class="s">&quot;168&quot;</span> <span class="na">changed=</span><span class="s">&quot;1&quot;</span> <span class="na">churn=</span><span class="s">&quot;296&quot;</span> <span class="nt">/&gt;</span></div><div class='line' id='LC968'>&nbsp;&nbsp;&nbsp;&nbsp;&nbsp;&nbsp;&nbsp;&nbsp;&nbsp;&nbsp;&nbsp;&nbsp;<span class="nt">&lt;version</span> <span class="na">num=</span><span class="s">&quot;394&quot;</span> <span class="na">curr_loc=</span><span class="s">&quot;173&quot;</span> <span class="na">changed=</span><span class="s">&quot;1&quot;</span> <span class="na">churn=</span><span class="s">&quot;301&quot;</span> <span class="nt">/&gt;</span></div><div class='line' id='LC969'>&nbsp;&nbsp;&nbsp;&nbsp;&nbsp;&nbsp;&nbsp;&nbsp;&nbsp;&nbsp;&nbsp;&nbsp;<span class="nt">&lt;version</span> <span class="na">num=</span><span class="s">&quot;398&quot;</span> <span class="na">curr_loc=</span><span class="s">&quot;165&quot;</span> <span class="na">changed=</span><span class="s">&quot;1&quot;</span> <span class="na">churn=</span><span class="s">&quot;309&quot;</span> <span class="nt">/&gt;</span></div><div class='line' id='LC970'>&nbsp;&nbsp;&nbsp;&nbsp;&nbsp;&nbsp;&nbsp;&nbsp;&nbsp;&nbsp;&nbsp;&nbsp;<span class="nt">&lt;version</span> <span class="na">num=</span><span class="s">&quot;401&quot;</span> <span class="na">curr_loc=</span><span class="s">&quot;158&quot;</span> <span class="na">changed=</span><span class="s">&quot;1&quot;</span> <span class="na">churn=</span><span class="s">&quot;316&quot;</span> <span class="nt">/&gt;</span></div><div class='line' id='LC971'>&nbsp;&nbsp;&nbsp;&nbsp;&nbsp;&nbsp;&nbsp;&nbsp;&nbsp;&nbsp;&nbsp;&nbsp;<span class="nt">&lt;version</span> <span class="na">num=</span><span class="s">&quot;411&quot;</span> <span class="na">curr_loc=</span><span class="s">&quot;157&quot;</span> <span class="na">changed=</span><span class="s">&quot;1&quot;</span> <span class="na">churn=</span><span class="s">&quot;317&quot;</span> <span class="nt">/&gt;</span></div><div class='line' id='LC972'>&nbsp;&nbsp;&nbsp;&nbsp;&nbsp;&nbsp;&nbsp;&nbsp;&nbsp;&nbsp;&nbsp;&nbsp;<span class="nt">&lt;version</span> <span class="na">num=</span><span class="s">&quot;412&quot;</span> <span class="na">curr_loc=</span><span class="s">&quot;160&quot;</span> <span class="na">changed=</span><span class="s">&quot;1&quot;</span> <span class="na">churn=</span><span class="s">&quot;320&quot;</span> <span class="nt">/&gt;</span></div><div class='line' id='LC973'>&nbsp;&nbsp;&nbsp;&nbsp;&nbsp;&nbsp;&nbsp;&nbsp;&nbsp;&nbsp;&nbsp;&nbsp;<span class="nt">&lt;version</span> <span class="na">num=</span><span class="s">&quot;427&quot;</span> <span class="na">curr_loc=</span><span class="s">&quot;160&quot;</span> <span class="na">changed=</span><span class="s">&quot;1&quot;</span> <span class="na">churn=</span><span class="s">&quot;320&quot;</span> <span class="nt">/&gt;</span></div><div class='line' id='LC974'>&nbsp;&nbsp;&nbsp;&nbsp;&nbsp;&nbsp;&nbsp;&nbsp;&nbsp;&nbsp;&nbsp;&nbsp;<span class="nt">&lt;version</span> <span class="na">num=</span><span class="s">&quot;432&quot;</span> <span class="na">curr_loc=</span><span class="s">&quot;162&quot;</span> <span class="na">changed=</span><span class="s">&quot;1&quot;</span> <span class="na">churn=</span><span class="s">&quot;322&quot;</span> <span class="nt">/&gt;</span></div><div class='line' id='LC975'>&nbsp;&nbsp;&nbsp;&nbsp;&nbsp;&nbsp;&nbsp;&nbsp;&nbsp;&nbsp;<span class="nt">&lt;/class&gt;</span></div><div class='line' id='LC976'>&nbsp;&nbsp;&nbsp;&nbsp;&nbsp;&nbsp;&nbsp;&nbsp;&nbsp;&nbsp;<span class="nt">&lt;class</span> <span class="na">name=</span><span class="s">&quot;JUnit4&quot;</span> <span class="na">type=</span><span class="s">&quot;ConcreteClass&quot;</span> <span class="na">maxLoc=</span><span class="s">&quot;22&quot;</span><span class="nt">&gt;</span></div><div class='line' id='LC977'>&nbsp;&nbsp;&nbsp;&nbsp;&nbsp;&nbsp;&nbsp;&nbsp;&nbsp;&nbsp;&nbsp;&nbsp;<span class="nt">&lt;version</span> <span class="na">num=</span><span class="s">&quot;313&quot;</span> <span class="na">curr_loc=</span><span class="s">&quot;22&quot;</span> <span class="na">changed=</span><span class="s">&quot;1&quot;</span> <span class="na">churn=</span><span class="s">&quot;22&quot;</span> <span class="nt">/&gt;</span></div><div class='line' id='LC978'>&nbsp;&nbsp;&nbsp;&nbsp;&nbsp;&nbsp;&nbsp;&nbsp;&nbsp;&nbsp;<span class="nt">&lt;/class&gt;</span></div><div class='line' id='LC979'>&nbsp;&nbsp;&nbsp;&nbsp;&nbsp;&nbsp;&nbsp;&nbsp;&nbsp;&nbsp;<span class="nt">&lt;class</span> <span class="na">name=</span><span class="s">&quot;FrameworkMethod&quot;</span> <span class="na">type=</span><span class="s">&quot;ConcreteClass&quot;</span> <span class="na">maxLoc=</span><span class="s">&quot;99&quot;</span><span class="nt">&gt;</span></div><div class='line' id='LC980'>&nbsp;&nbsp;&nbsp;&nbsp;&nbsp;&nbsp;&nbsp;&nbsp;&nbsp;&nbsp;&nbsp;&nbsp;<span class="nt">&lt;version</span> <span class="na">num=</span><span class="s">&quot;336&quot;</span> <span class="na">curr_loc=</span><span class="s">&quot;99&quot;</span> <span class="na">changed=</span><span class="s">&quot;1&quot;</span> <span class="na">churn=</span><span class="s">&quot;99&quot;</span> <span class="nt">/&gt;</span></div><div class='line' id='LC981'>&nbsp;&nbsp;&nbsp;&nbsp;&nbsp;&nbsp;&nbsp;&nbsp;&nbsp;&nbsp;&nbsp;&nbsp;<span class="nt">&lt;version</span> <span class="na">num=</span><span class="s">&quot;337&quot;</span> <span class="na">curr_loc=</span><span class="s">&quot;99&quot;</span> <span class="na">changed=</span><span class="s">&quot;1&quot;</span> <span class="na">churn=</span><span class="s">&quot;99&quot;</span> <span class="nt">/&gt;</span></div><div class='line' id='LC982'>&nbsp;&nbsp;&nbsp;&nbsp;&nbsp;&nbsp;&nbsp;&nbsp;&nbsp;&nbsp;<span class="nt">&lt;/class&gt;</span></div><div class='line' id='LC983'>&nbsp;&nbsp;&nbsp;&nbsp;&nbsp;&nbsp;&nbsp;&nbsp;&nbsp;&nbsp;<span class="nt">&lt;class</span> <span class="na">name=</span><span class="s">&quot;InitializationError&quot;</span> <span class="na">type=</span><span class="s">&quot;ConcreteClass&quot;</span> <span class="na">maxLoc=</span><span class="s">&quot;25&quot;</span><span class="nt">&gt;</span></div><div class='line' id='LC984'>&nbsp;&nbsp;&nbsp;&nbsp;&nbsp;&nbsp;&nbsp;&nbsp;&nbsp;&nbsp;&nbsp;&nbsp;<span class="nt">&lt;version</span> <span class="na">num=</span><span class="s">&quot;336&quot;</span> <span class="na">curr_loc=</span><span class="s">&quot;25&quot;</span> <span class="na">changed=</span><span class="s">&quot;1&quot;</span> <span class="na">churn=</span><span class="s">&quot;25&quot;</span> <span class="nt">/&gt;</span></div><div class='line' id='LC985'>&nbsp;&nbsp;&nbsp;&nbsp;&nbsp;&nbsp;&nbsp;&nbsp;&nbsp;&nbsp;&nbsp;&nbsp;<span class="nt">&lt;version</span> <span class="na">num=</span><span class="s">&quot;337&quot;</span> <span class="na">curr_loc=</span><span class="s">&quot;25&quot;</span> <span class="na">changed=</span><span class="s">&quot;1&quot;</span> <span class="na">churn=</span><span class="s">&quot;25&quot;</span> <span class="nt">/&gt;</span></div><div class='line' id='LC986'>&nbsp;&nbsp;&nbsp;&nbsp;&nbsp;&nbsp;&nbsp;&nbsp;&nbsp;&nbsp;<span class="nt">&lt;/class&gt;</span></div><div class='line' id='LC987'>&nbsp;&nbsp;&nbsp;&nbsp;&nbsp;&nbsp;&nbsp;&nbsp;&nbsp;&nbsp;<span class="nt">&lt;class</span> <span class="na">name=</span><span class="s">&quot;RunnerBuilder&quot;</span> <span class="na">type=</span><span class="s">&quot;AbstractClass&quot;</span> <span class="na">maxLoc=</span><span class="s">&quot;93&quot;</span><span class="nt">&gt;</span></div><div class='line' id='LC988'>&nbsp;&nbsp;&nbsp;&nbsp;&nbsp;&nbsp;&nbsp;&nbsp;&nbsp;&nbsp;&nbsp;&nbsp;<span class="nt">&lt;version</span> <span class="na">num=</span><span class="s">&quot;336&quot;</span> <span class="na">curr_loc=</span><span class="s">&quot;54&quot;</span> <span class="na">changed=</span><span class="s">&quot;1&quot;</span> <span class="na">churn=</span><span class="s">&quot;54&quot;</span> <span class="nt">/&gt;</span></div><div class='line' id='LC989'>&nbsp;&nbsp;&nbsp;&nbsp;&nbsp;&nbsp;&nbsp;&nbsp;&nbsp;&nbsp;&nbsp;&nbsp;<span class="nt">&lt;version</span> <span class="na">num=</span><span class="s">&quot;337&quot;</span> <span class="na">curr_loc=</span><span class="s">&quot;92&quot;</span> <span class="na">changed=</span><span class="s">&quot;1&quot;</span> <span class="na">churn=</span><span class="s">&quot;92&quot;</span> <span class="nt">/&gt;</span></div><div class='line' id='LC990'>&nbsp;&nbsp;&nbsp;&nbsp;&nbsp;&nbsp;&nbsp;&nbsp;&nbsp;&nbsp;&nbsp;&nbsp;<span class="nt">&lt;version</span> <span class="na">num=</span><span class="s">&quot;361&quot;</span> <span class="na">curr_loc=</span><span class="s">&quot;93&quot;</span> <span class="na">changed=</span><span class="s">&quot;1&quot;</span> <span class="na">churn=</span><span class="s">&quot;93&quot;</span> <span class="nt">/&gt;</span></div><div class='line' id='LC991'>&nbsp;&nbsp;&nbsp;&nbsp;&nbsp;&nbsp;&nbsp;&nbsp;&nbsp;&nbsp;&nbsp;&nbsp;<span class="nt">&lt;version</span> <span class="na">num=</span><span class="s">&quot;367&quot;</span> <span class="na">curr_loc=</span><span class="s">&quot;54&quot;</span> <span class="na">changed=</span><span class="s">&quot;1&quot;</span> <span class="na">churn=</span><span class="s">&quot;132&quot;</span> <span class="nt">/&gt;</span></div><div class='line' id='LC992'>&nbsp;&nbsp;&nbsp;&nbsp;&nbsp;&nbsp;&nbsp;&nbsp;&nbsp;&nbsp;&nbsp;&nbsp;<span class="nt">&lt;version</span> <span class="na">num=</span><span class="s">&quot;369&quot;</span> <span class="na">curr_loc=</span><span class="s">&quot;54&quot;</span> <span class="na">changed=</span><span class="s">&quot;1&quot;</span> <span class="na">churn=</span><span class="s">&quot;132&quot;</span> <span class="nt">/&gt;</span></div><div class='line' id='LC993'>&nbsp;&nbsp;&nbsp;&nbsp;&nbsp;&nbsp;&nbsp;&nbsp;&nbsp;&nbsp;<span class="nt">&lt;/class&gt;</span></div><div class='line' id='LC994'>&nbsp;&nbsp;&nbsp;&nbsp;&nbsp;&nbsp;&nbsp;&nbsp;&nbsp;&nbsp;<span class="nt">&lt;class</span> <span class="na">name=</span><span class="s">&quot;Statement&quot;</span> <span class="na">type=</span><span class="s">&quot;AbstractClass&quot;</span> <span class="na">maxLoc=</span><span class="s">&quot;9&quot;</span><span class="nt">&gt;</span></div><div class='line' id='LC995'>&nbsp;&nbsp;&nbsp;&nbsp;&nbsp;&nbsp;&nbsp;&nbsp;&nbsp;&nbsp;&nbsp;&nbsp;<span class="nt">&lt;version</span> <span class="na">num=</span><span class="s">&quot;336&quot;</span> <span class="na">curr_loc=</span><span class="s">&quot;9&quot;</span> <span class="na">changed=</span><span class="s">&quot;1&quot;</span> <span class="na">churn=</span><span class="s">&quot;9&quot;</span> <span class="nt">/&gt;</span></div><div class='line' id='LC996'>&nbsp;&nbsp;&nbsp;&nbsp;&nbsp;&nbsp;&nbsp;&nbsp;&nbsp;&nbsp;&nbsp;&nbsp;<span class="nt">&lt;version</span> <span class="na">num=</span><span class="s">&quot;344&quot;</span> <span class="na">curr_loc=</span><span class="s">&quot;9&quot;</span> <span class="na">changed=</span><span class="s">&quot;1&quot;</span> <span class="na">churn=</span><span class="s">&quot;9&quot;</span> <span class="nt">/&gt;</span></div><div class='line' id='LC997'>&nbsp;&nbsp;&nbsp;&nbsp;&nbsp;&nbsp;&nbsp;&nbsp;&nbsp;&nbsp;<span class="nt">&lt;/class&gt;</span></div><div class='line' id='LC998'>&nbsp;&nbsp;&nbsp;&nbsp;&nbsp;&nbsp;&nbsp;&nbsp;&nbsp;&nbsp;<span class="nt">&lt;class</span> <span class="na">name=</span><span class="s">&quot;Notifier&quot;</span> <span class="na">type=</span><span class="s">&quot;AbstractClass&quot;</span> <span class="na">maxLoc=</span><span class="s">&quot;9&quot;</span><span class="nt">&gt;</span></div><div class='line' id='LC999'>&nbsp;&nbsp;&nbsp;&nbsp;&nbsp;&nbsp;&nbsp;&nbsp;&nbsp;&nbsp;&nbsp;&nbsp;<span class="nt">&lt;version</span> <span class="na">num=</span><span class="s">&quot;338&quot;</span> <span class="na">curr_loc=</span><span class="s">&quot;9&quot;</span> <span class="na">changed=</span><span class="s">&quot;1&quot;</span> <span class="na">churn=</span><span class="s">&quot;9&quot;</span> <span class="nt">/&gt;</span></div><div class='line' id='LC1000'>&nbsp;&nbsp;&nbsp;&nbsp;&nbsp;&nbsp;&nbsp;&nbsp;&nbsp;&nbsp;&nbsp;&nbsp;<span class="nt">&lt;version</span> <span class="na">num=</span><span class="s">&quot;344&quot;</span> <span class="na">curr_loc=</span><span class="s">&quot;9&quot;</span> <span class="na">changed=</span><span class="s">&quot;1&quot;</span> <span class="na">churn=</span><span class="s">&quot;9&quot;</span> <span class="nt">/&gt;</span></div><div class='line' id='LC1001'>&nbsp;&nbsp;&nbsp;&nbsp;&nbsp;&nbsp;&nbsp;&nbsp;&nbsp;&nbsp;<span class="nt">&lt;/class&gt;</span></div><div class='line' id='LC1002'>&nbsp;&nbsp;&nbsp;&nbsp;&nbsp;&nbsp;&nbsp;&nbsp;&nbsp;&nbsp;<span class="nt">&lt;class</span> <span class="na">name=</span><span class="s">&quot;package-info&quot;</span> <span class="na">type=</span><span class="s">&quot;ConcreteClass&quot;</span> <span class="na">maxLoc=</span><span class="s">&quot;8&quot;</span><span class="nt">&gt;</span></div><div class='line' id='LC1003'>&nbsp;&nbsp;&nbsp;&nbsp;&nbsp;&nbsp;&nbsp;&nbsp;&nbsp;&nbsp;&nbsp;&nbsp;<span class="nt">&lt;version</span> <span class="na">num=</span><span class="s">&quot;344&quot;</span> <span class="na">curr_loc=</span><span class="s">&quot;8&quot;</span> <span class="na">changed=</span><span class="s">&quot;1&quot;</span> <span class="na">churn=</span><span class="s">&quot;8&quot;</span> <span class="nt">/&gt;</span></div><div class='line' id='LC1004'>&nbsp;&nbsp;&nbsp;&nbsp;&nbsp;&nbsp;&nbsp;&nbsp;&nbsp;&nbsp;&nbsp;&nbsp;<span class="nt">&lt;version</span> <span class="na">num=</span><span class="s">&quot;350&quot;</span> <span class="na">curr_loc=</span><span class="s">&quot;8&quot;</span> <span class="na">changed=</span><span class="s">&quot;1&quot;</span> <span class="na">churn=</span><span class="s">&quot;8&quot;</span> <span class="nt">/&gt;</span></div><div class='line' id='LC1005'>&nbsp;&nbsp;&nbsp;&nbsp;&nbsp;&nbsp;&nbsp;&nbsp;&nbsp;&nbsp;<span class="nt">&lt;/class&gt;</span></div><div class='line' id='LC1006'>&nbsp;&nbsp;&nbsp;&nbsp;&nbsp;&nbsp;&nbsp;&nbsp;&nbsp;&nbsp;<span class="nt">&lt;class</span> <span class="na">name=</span><span class="s">&quot;AllTests&quot;</span> <span class="na">type=</span><span class="s">&quot;ConcreteClass&quot;</span> <span class="na">maxLoc=</span><span class="s">&quot;24&quot;</span><span class="nt">&gt;</span></div><div class='line' id='LC1007'>&nbsp;&nbsp;&nbsp;&nbsp;&nbsp;&nbsp;&nbsp;&nbsp;&nbsp;&nbsp;&nbsp;&nbsp;<span class="nt">&lt;version</span> <span class="na">num=</span><span class="s">&quot;361&quot;</span> <span class="na">curr_loc=</span><span class="s">&quot;24&quot;</span> <span class="na">changed=</span><span class="s">&quot;1&quot;</span> <span class="na">churn=</span><span class="s">&quot;24&quot;</span> <span class="nt">/&gt;</span></div><div class='line' id='LC1008'>&nbsp;&nbsp;&nbsp;&nbsp;&nbsp;&nbsp;&nbsp;&nbsp;&nbsp;&nbsp;<span class="nt">&lt;/class&gt;</span></div><div class='line' id='LC1009'>&nbsp;&nbsp;&nbsp;&nbsp;&nbsp;&nbsp;&nbsp;&nbsp;&nbsp;&nbsp;<span class="nt">&lt;class</span> <span class="na">name=</span><span class="s">&quot;Enclosed&quot;</span> <span class="na">type=</span><span class="s">&quot;ConcreteClass&quot;</span> <span class="na">maxLoc=</span><span class="s">&quot;9&quot;</span><span class="nt">&gt;</span></div><div class='line' id='LC1010'>&nbsp;&nbsp;&nbsp;&nbsp;&nbsp;&nbsp;&nbsp;&nbsp;&nbsp;&nbsp;&nbsp;&nbsp;<span class="nt">&lt;version</span> <span class="na">num=</span><span class="s">&quot;361&quot;</span> <span class="na">curr_loc=</span><span class="s">&quot;9&quot;</span> <span class="na">changed=</span><span class="s">&quot;1&quot;</span> <span class="na">churn=</span><span class="s">&quot;9&quot;</span> <span class="nt">/&gt;</span></div><div class='line' id='LC1011'>&nbsp;&nbsp;&nbsp;&nbsp;&nbsp;&nbsp;&nbsp;&nbsp;&nbsp;&nbsp;&nbsp;&nbsp;<span class="nt">&lt;version</span> <span class="na">num=</span><span class="s">&quot;369&quot;</span> <span class="na">curr_loc=</span><span class="s">&quot;8&quot;</span> <span class="na">changed=</span><span class="s">&quot;1&quot;</span> <span class="na">churn=</span><span class="s">&quot;10&quot;</span> <span class="nt">/&gt;</span></div><div class='line' id='LC1012'>&nbsp;&nbsp;&nbsp;&nbsp;&nbsp;&nbsp;&nbsp;&nbsp;&nbsp;&nbsp;&nbsp;&nbsp;<span class="nt">&lt;version</span> <span class="na">num=</span><span class="s">&quot;383&quot;</span> <span class="na">curr_loc=</span><span class="s">&quot;9&quot;</span> <span class="na">changed=</span><span class="s">&quot;1&quot;</span> <span class="na">churn=</span><span class="s">&quot;11&quot;</span> <span class="nt">/&gt;</span></div><div class='line' id='LC1013'>&nbsp;&nbsp;&nbsp;&nbsp;&nbsp;&nbsp;&nbsp;&nbsp;&nbsp;&nbsp;&nbsp;&nbsp;<span class="nt">&lt;version</span> <span class="na">num=</span><span class="s">&quot;432&quot;</span> <span class="na">curr_loc=</span><span class="s">&quot;9&quot;</span> <span class="na">changed=</span><span class="s">&quot;1&quot;</span> <span class="na">churn=</span><span class="s">&quot;11&quot;</span> <span class="nt">/&gt;</span></div><div class='line' id='LC1014'>&nbsp;&nbsp;&nbsp;&nbsp;&nbsp;&nbsp;&nbsp;&nbsp;&nbsp;&nbsp;<span class="nt">&lt;/class&gt;</span></div><div class='line' id='LC1015'>&nbsp;&nbsp;&nbsp;&nbsp;&nbsp;&nbsp;&nbsp;&nbsp;&nbsp;&nbsp;<span class="nt">&lt;class</span> <span class="na">name=</span><span class="s">&quot;SuiteBuilder&quot;</span> <span class="na">type=</span><span class="s">&quot;AbstractClass&quot;</span> <span class="na">maxLoc=</span><span class="s">&quot;46&quot;</span><span class="nt">&gt;</span></div><div class='line' id='LC1016'>&nbsp;&nbsp;&nbsp;&nbsp;&nbsp;&nbsp;&nbsp;&nbsp;&nbsp;&nbsp;&nbsp;&nbsp;<span class="nt">&lt;version</span> <span class="na">num=</span><span class="s">&quot;369&quot;</span> <span class="na">curr_loc=</span><span class="s">&quot;46&quot;</span> <span class="na">changed=</span><span class="s">&quot;1&quot;</span> <span class="na">churn=</span><span class="s">&quot;46&quot;</span> <span class="nt">/&gt;</span></div><div class='line' id='LC1017'>&nbsp;&nbsp;&nbsp;&nbsp;&nbsp;&nbsp;&nbsp;&nbsp;&nbsp;&nbsp;&nbsp;&nbsp;<span class="nt">&lt;version</span> <span class="na">num=</span><span class="s">&quot;383&quot;</span> <span class="na">curr_loc=</span><span class="s">&quot;46&quot;</span> <span class="na">changed=</span><span class="s">&quot;1&quot;</span> <span class="na">churn=</span><span class="s">&quot;46&quot;</span> <span class="nt">/&gt;</span></div><div class='line' id='LC1018'>&nbsp;&nbsp;&nbsp;&nbsp;&nbsp;&nbsp;&nbsp;&nbsp;&nbsp;&nbsp;<span class="nt">&lt;/class&gt;</span></div><div class='line' id='LC1019'>&nbsp;&nbsp;&nbsp;&nbsp;&nbsp;&nbsp;&nbsp;&nbsp;<span class="nt">&lt;/package&gt;</span></div><div class='line' id='LC1020'>&nbsp;&nbsp;&nbsp;&nbsp;&nbsp;&nbsp;&nbsp;&nbsp;<span class="nt">&lt;package</span> <span class="na">name=</span><span class="s">&quot;tests&quot;</span><span class="nt">&gt;</span></div><div class='line' id='LC1021'>&nbsp;&nbsp;&nbsp;&nbsp;&nbsp;&nbsp;&nbsp;&nbsp;&nbsp;&nbsp;<span class="nt">&lt;class</span> <span class="na">name=</span><span class="s">&quot;AllTests&quot;</span> <span class="na">type=</span><span class="s">&quot;ConcreteClass&quot;</span> <span class="na">maxLoc=</span><span class="s">&quot;157&quot;</span><span class="nt">&gt;</span></div><div class='line' id='LC1022'>&nbsp;&nbsp;&nbsp;&nbsp;&nbsp;&nbsp;&nbsp;&nbsp;&nbsp;&nbsp;&nbsp;&nbsp;<span class="nt">&lt;version</span> <span class="na">num=</span><span class="s">&quot;1&quot;</span> <span class="na">curr_loc=</span><span class="s">&quot;157&quot;</span> <span class="na">changed=</span><span class="s">&quot;1&quot;</span> <span class="na">churn=</span><span class="s">&quot;157&quot;</span> <span class="nt">/&gt;</span></div><div class='line' id='LC1023'>&nbsp;&nbsp;&nbsp;&nbsp;&nbsp;&nbsp;&nbsp;&nbsp;&nbsp;&nbsp;&nbsp;&nbsp;<span class="nt">&lt;version</span> <span class="na">num=</span><span class="s">&quot;4&quot;</span> <span class="na">curr_loc=</span><span class="s">&quot;154&quot;</span> <span class="na">changed=</span><span class="s">&quot;1&quot;</span> <span class="na">churn=</span><span class="s">&quot;160&quot;</span> <span class="nt">/&gt;</span></div><div class='line' id='LC1024'>&nbsp;&nbsp;&nbsp;&nbsp;&nbsp;&nbsp;&nbsp;&nbsp;&nbsp;&nbsp;&nbsp;&nbsp;<span class="nt">&lt;version</span> <span class="na">num=</span><span class="s">&quot;29&quot;</span> <span class="na">curr_loc=</span><span class="s">&quot;152&quot;</span> <span class="na">changed=</span><span class="s">&quot;1&quot;</span> <span class="na">churn=</span><span class="s">&quot;162&quot;</span> <span class="nt">/&gt;</span></div><div class='line' id='LC1025'>&nbsp;&nbsp;&nbsp;&nbsp;&nbsp;&nbsp;&nbsp;&nbsp;&nbsp;&nbsp;&nbsp;&nbsp;<span class="nt">&lt;version</span> <span class="na">num=</span><span class="s">&quot;31&quot;</span> <span class="na">curr_loc=</span><span class="s">&quot;150&quot;</span> <span class="na">changed=</span><span class="s">&quot;1&quot;</span> <span class="na">churn=</span><span class="s">&quot;164&quot;</span> <span class="nt">/&gt;</span></div><div class='line' id='LC1026'>&nbsp;&nbsp;&nbsp;&nbsp;&nbsp;&nbsp;&nbsp;&nbsp;&nbsp;&nbsp;&nbsp;&nbsp;<span class="nt">&lt;version</span> <span class="na">num=</span><span class="s">&quot;32&quot;</span> <span class="na">curr_loc=</span><span class="s">&quot;150&quot;</span> <span class="na">changed=</span><span class="s">&quot;1&quot;</span> <span class="na">churn=</span><span class="s">&quot;164&quot;</span> <span class="nt">/&gt;</span></div><div class='line' id='LC1027'>&nbsp;&nbsp;&nbsp;&nbsp;&nbsp;&nbsp;&nbsp;&nbsp;&nbsp;&nbsp;&nbsp;&nbsp;<span class="nt">&lt;version</span> <span class="na">num=</span><span class="s">&quot;35&quot;</span> <span class="na">curr_loc=</span><span class="s">&quot;148&quot;</span> <span class="na">changed=</span><span class="s">&quot;1&quot;</span> <span class="na">churn=</span><span class="s">&quot;166&quot;</span> <span class="nt">/&gt;</span></div><div class='line' id='LC1028'>&nbsp;&nbsp;&nbsp;&nbsp;&nbsp;&nbsp;&nbsp;&nbsp;&nbsp;&nbsp;&nbsp;&nbsp;<span class="nt">&lt;version</span> <span class="na">num=</span><span class="s">&quot;38&quot;</span> <span class="na">curr_loc=</span><span class="s">&quot;147&quot;</span> <span class="na">changed=</span><span class="s">&quot;1&quot;</span> <span class="na">churn=</span><span class="s">&quot;167&quot;</span> <span class="nt">/&gt;</span></div><div class='line' id='LC1029'>&nbsp;&nbsp;&nbsp;&nbsp;&nbsp;&nbsp;&nbsp;&nbsp;&nbsp;&nbsp;&nbsp;&nbsp;<span class="nt">&lt;version</span> <span class="na">num=</span><span class="s">&quot;94&quot;</span> <span class="na">curr_loc=</span><span class="s">&quot;146&quot;</span> <span class="na">changed=</span><span class="s">&quot;1&quot;</span> <span class="na">churn=</span><span class="s">&quot;168&quot;</span> <span class="nt">/&gt;</span></div><div class='line' id='LC1030'>&nbsp;&nbsp;&nbsp;&nbsp;&nbsp;&nbsp;&nbsp;&nbsp;&nbsp;&nbsp;&nbsp;&nbsp;<span class="nt">&lt;version</span> <span class="na">num=</span><span class="s">&quot;101&quot;</span> <span class="na">curr_loc=</span><span class="s">&quot;146&quot;</span> <span class="na">changed=</span><span class="s">&quot;1&quot;</span> <span class="na">churn=</span><span class="s">&quot;168&quot;</span> <span class="nt">/&gt;</span></div><div class='line' id='LC1031'>&nbsp;&nbsp;&nbsp;&nbsp;&nbsp;&nbsp;&nbsp;&nbsp;&nbsp;&nbsp;&nbsp;&nbsp;<span class="nt">&lt;version</span> <span class="na">num=</span><span class="s">&quot;105&quot;</span> <span class="na">curr_loc=</span><span class="s">&quot;144&quot;</span> <span class="na">changed=</span><span class="s">&quot;1&quot;</span> <span class="na">churn=</span><span class="s">&quot;170&quot;</span> <span class="nt">/&gt;</span></div><div class='line' id='LC1032'>&nbsp;&nbsp;&nbsp;&nbsp;&nbsp;&nbsp;&nbsp;&nbsp;&nbsp;&nbsp;&nbsp;&nbsp;<span class="nt">&lt;version</span> <span class="na">num=</span><span class="s">&quot;121&quot;</span> <span class="na">curr_loc=</span><span class="s">&quot;142&quot;</span> <span class="na">changed=</span><span class="s">&quot;1&quot;</span> <span class="na">churn=</span><span class="s">&quot;172&quot;</span> <span class="nt">/&gt;</span></div><div class='line' id='LC1033'>&nbsp;&nbsp;&nbsp;&nbsp;&nbsp;&nbsp;&nbsp;&nbsp;&nbsp;&nbsp;&nbsp;&nbsp;<span class="nt">&lt;version</span> <span class="na">num=</span><span class="s">&quot;124&quot;</span> <span class="na">curr_loc=</span><span class="s">&quot;140&quot;</span> <span class="na">changed=</span><span class="s">&quot;1&quot;</span> <span class="na">churn=</span><span class="s">&quot;174&quot;</span> <span class="nt">/&gt;</span></div><div class='line' id='LC1034'>&nbsp;&nbsp;&nbsp;&nbsp;&nbsp;&nbsp;&nbsp;&nbsp;&nbsp;&nbsp;&nbsp;&nbsp;<span class="nt">&lt;version</span> <span class="na">num=</span><span class="s">&quot;128&quot;</span> <span class="na">curr_loc=</span><span class="s">&quot;140&quot;</span> <span class="na">changed=</span><span class="s">&quot;1&quot;</span> <span class="na">churn=</span><span class="s">&quot;174&quot;</span> <span class="nt">/&gt;</span></div><div class='line' id='LC1035'>&nbsp;&nbsp;&nbsp;&nbsp;&nbsp;&nbsp;&nbsp;&nbsp;&nbsp;&nbsp;&nbsp;&nbsp;<span class="nt">&lt;version</span> <span class="na">num=</span><span class="s">&quot;143&quot;</span> <span class="na">curr_loc=</span><span class="s">&quot;140&quot;</span> <span class="na">changed=</span><span class="s">&quot;1&quot;</span> <span class="na">churn=</span><span class="s">&quot;174&quot;</span> <span class="nt">/&gt;</span></div><div class='line' id='LC1036'>&nbsp;&nbsp;&nbsp;&nbsp;&nbsp;&nbsp;&nbsp;&nbsp;&nbsp;&nbsp;&nbsp;&nbsp;<span class="nt">&lt;version</span> <span class="na">num=</span><span class="s">&quot;157&quot;</span> <span class="na">curr_loc=</span><span class="s">&quot;142&quot;</span> <span class="na">changed=</span><span class="s">&quot;1&quot;</span> <span class="na">churn=</span><span class="s">&quot;176&quot;</span> <span class="nt">/&gt;</span></div><div class='line' id='LC1037'>&nbsp;&nbsp;&nbsp;&nbsp;&nbsp;&nbsp;&nbsp;&nbsp;&nbsp;&nbsp;&nbsp;&nbsp;<span class="nt">&lt;version</span> <span class="na">num=</span><span class="s">&quot;158&quot;</span> <span class="na">curr_loc=</span><span class="s">&quot;142&quot;</span> <span class="na">changed=</span><span class="s">&quot;1&quot;</span> <span class="na">churn=</span><span class="s">&quot;176&quot;</span> <span class="nt">/&gt;</span></div><div class='line' id='LC1038'>&nbsp;&nbsp;&nbsp;&nbsp;&nbsp;&nbsp;&nbsp;&nbsp;&nbsp;&nbsp;&nbsp;&nbsp;<span class="nt">&lt;version</span> <span class="na">num=</span><span class="s">&quot;159&quot;</span> <span class="na">curr_loc=</span><span class="s">&quot;140&quot;</span> <span class="na">changed=</span><span class="s">&quot;1&quot;</span> <span class="na">churn=</span><span class="s">&quot;178&quot;</span> <span class="nt">/&gt;</span></div><div class='line' id='LC1039'>&nbsp;&nbsp;&nbsp;&nbsp;&nbsp;&nbsp;&nbsp;&nbsp;&nbsp;&nbsp;&nbsp;&nbsp;<span class="nt">&lt;version</span> <span class="na">num=</span><span class="s">&quot;182&quot;</span> <span class="na">curr_loc=</span><span class="s">&quot;136&quot;</span> <span class="na">changed=</span><span class="s">&quot;1&quot;</span> <span class="na">churn=</span><span class="s">&quot;182&quot;</span> <span class="nt">/&gt;</span></div><div class='line' id='LC1040'>&nbsp;&nbsp;&nbsp;&nbsp;&nbsp;&nbsp;&nbsp;&nbsp;&nbsp;&nbsp;&nbsp;&nbsp;<span class="nt">&lt;version</span> <span class="na">num=</span><span class="s">&quot;184&quot;</span> <span class="na">curr_loc=</span><span class="s">&quot;136&quot;</span> <span class="na">changed=</span><span class="s">&quot;1&quot;</span> <span class="na">churn=</span><span class="s">&quot;182&quot;</span> <span class="nt">/&gt;</span></div><div class='line' id='LC1041'>&nbsp;&nbsp;&nbsp;&nbsp;&nbsp;&nbsp;&nbsp;&nbsp;&nbsp;&nbsp;&nbsp;&nbsp;<span class="nt">&lt;version</span> <span class="na">num=</span><span class="s">&quot;186&quot;</span> <span class="na">curr_loc=</span><span class="s">&quot;138&quot;</span> <span class="na">changed=</span><span class="s">&quot;1&quot;</span> <span class="na">churn=</span><span class="s">&quot;184&quot;</span> <span class="nt">/&gt;</span></div><div class='line' id='LC1042'>&nbsp;&nbsp;&nbsp;&nbsp;&nbsp;&nbsp;&nbsp;&nbsp;&nbsp;&nbsp;&nbsp;&nbsp;<span class="nt">&lt;version</span> <span class="na">num=</span><span class="s">&quot;194&quot;</span> <span class="na">curr_loc=</span><span class="s">&quot;138&quot;</span> <span class="na">changed=</span><span class="s">&quot;1&quot;</span> <span class="na">churn=</span><span class="s">&quot;184&quot;</span> <span class="nt">/&gt;</span></div><div class='line' id='LC1043'>&nbsp;&nbsp;&nbsp;&nbsp;&nbsp;&nbsp;&nbsp;&nbsp;&nbsp;&nbsp;&nbsp;&nbsp;<span class="nt">&lt;version</span> <span class="na">num=</span><span class="s">&quot;202&quot;</span> <span class="na">curr_loc=</span><span class="s">&quot;136&quot;</span> <span class="na">changed=</span><span class="s">&quot;1&quot;</span> <span class="na">churn=</span><span class="s">&quot;186&quot;</span> <span class="nt">/&gt;</span></div><div class='line' id='LC1044'>&nbsp;&nbsp;&nbsp;&nbsp;&nbsp;&nbsp;&nbsp;&nbsp;&nbsp;&nbsp;&nbsp;&nbsp;<span class="nt">&lt;version</span> <span class="na">num=</span><span class="s">&quot;204&quot;</span> <span class="na">curr_loc=</span><span class="s">&quot;136&quot;</span> <span class="na">changed=</span><span class="s">&quot;1&quot;</span> <span class="na">churn=</span><span class="s">&quot;186&quot;</span> <span class="nt">/&gt;</span></div><div class='line' id='LC1045'>&nbsp;&nbsp;&nbsp;&nbsp;&nbsp;&nbsp;&nbsp;&nbsp;&nbsp;&nbsp;&nbsp;&nbsp;<span class="nt">&lt;version</span> <span class="na">num=</span><span class="s">&quot;209&quot;</span> <span class="na">curr_loc=</span><span class="s">&quot;134&quot;</span> <span class="na">changed=</span><span class="s">&quot;1&quot;</span> <span class="na">churn=</span><span class="s">&quot;188&quot;</span> <span class="nt">/&gt;</span></div><div class='line' id='LC1046'>&nbsp;&nbsp;&nbsp;&nbsp;&nbsp;&nbsp;&nbsp;&nbsp;&nbsp;&nbsp;&nbsp;&nbsp;<span class="nt">&lt;version</span> <span class="na">num=</span><span class="s">&quot;211&quot;</span> <span class="na">curr_loc=</span><span class="s">&quot;133&quot;</span> <span class="na">changed=</span><span class="s">&quot;1&quot;</span> <span class="na">churn=</span><span class="s">&quot;189&quot;</span> <span class="nt">/&gt;</span></div><div class='line' id='LC1047'>&nbsp;&nbsp;&nbsp;&nbsp;&nbsp;&nbsp;&nbsp;&nbsp;&nbsp;&nbsp;&nbsp;&nbsp;<span class="nt">&lt;version</span> <span class="na">num=</span><span class="s">&quot;212&quot;</span> <span class="na">curr_loc=</span><span class="s">&quot;134&quot;</span> <span class="na">changed=</span><span class="s">&quot;1&quot;</span> <span class="na">churn=</span><span class="s">&quot;190&quot;</span> <span class="nt">/&gt;</span></div><div class='line' id='LC1048'>&nbsp;&nbsp;&nbsp;&nbsp;&nbsp;&nbsp;&nbsp;&nbsp;&nbsp;&nbsp;&nbsp;&nbsp;<span class="nt">&lt;version</span> <span class="na">num=</span><span class="s">&quot;217&quot;</span> <span class="na">curr_loc=</span><span class="s">&quot;134&quot;</span> <span class="na">changed=</span><span class="s">&quot;1&quot;</span> <span class="na">churn=</span><span class="s">&quot;190&quot;</span> <span class="nt">/&gt;</span></div><div class='line' id='LC1049'>&nbsp;&nbsp;&nbsp;&nbsp;&nbsp;&nbsp;&nbsp;&nbsp;&nbsp;&nbsp;&nbsp;&nbsp;<span class="nt">&lt;version</span> <span class="na">num=</span><span class="s">&quot;218&quot;</span> <span class="na">curr_loc=</span><span class="s">&quot;133&quot;</span> <span class="na">changed=</span><span class="s">&quot;1&quot;</span> <span class="na">churn=</span><span class="s">&quot;191&quot;</span> <span class="nt">/&gt;</span></div><div class='line' id='LC1050'>&nbsp;&nbsp;&nbsp;&nbsp;&nbsp;&nbsp;&nbsp;&nbsp;&nbsp;&nbsp;&nbsp;&nbsp;<span class="nt">&lt;version</span> <span class="na">num=</span><span class="s">&quot;226&quot;</span> <span class="na">curr_loc=</span><span class="s">&quot;129&quot;</span> <span class="na">changed=</span><span class="s">&quot;1&quot;</span> <span class="na">churn=</span><span class="s">&quot;195&quot;</span> <span class="nt">/&gt;</span></div><div class='line' id='LC1051'>&nbsp;&nbsp;&nbsp;&nbsp;&nbsp;&nbsp;&nbsp;&nbsp;&nbsp;&nbsp;&nbsp;&nbsp;<span class="nt">&lt;version</span> <span class="na">num=</span><span class="s">&quot;230&quot;</span> <span class="na">curr_loc=</span><span class="s">&quot;129&quot;</span> <span class="na">changed=</span><span class="s">&quot;1&quot;</span> <span class="na">churn=</span><span class="s">&quot;195&quot;</span> <span class="nt">/&gt;</span></div><div class='line' id='LC1052'>&nbsp;&nbsp;&nbsp;&nbsp;&nbsp;&nbsp;&nbsp;&nbsp;&nbsp;&nbsp;&nbsp;&nbsp;<span class="nt">&lt;version</span> <span class="na">num=</span><span class="s">&quot;254&quot;</span> <span class="na">curr_loc=</span><span class="s">&quot;127&quot;</span> <span class="na">changed=</span><span class="s">&quot;1&quot;</span> <span class="na">churn=</span><span class="s">&quot;197&quot;</span> <span class="nt">/&gt;</span></div><div class='line' id='LC1053'>&nbsp;&nbsp;&nbsp;&nbsp;&nbsp;&nbsp;&nbsp;&nbsp;&nbsp;&nbsp;&nbsp;&nbsp;<span class="nt">&lt;version</span> <span class="na">num=</span><span class="s">&quot;260&quot;</span> <span class="na">curr_loc=</span><span class="s">&quot;127&quot;</span> <span class="na">changed=</span><span class="s">&quot;1&quot;</span> <span class="na">churn=</span><span class="s">&quot;197&quot;</span> <span class="nt">/&gt;</span></div><div class='line' id='LC1054'>&nbsp;&nbsp;&nbsp;&nbsp;&nbsp;&nbsp;&nbsp;&nbsp;&nbsp;&nbsp;&nbsp;&nbsp;<span class="nt">&lt;version</span> <span class="na">num=</span><span class="s">&quot;280&quot;</span> <span class="na">curr_loc=</span><span class="s">&quot;125&quot;</span> <span class="na">changed=</span><span class="s">&quot;1&quot;</span> <span class="na">churn=</span><span class="s">&quot;199&quot;</span> <span class="nt">/&gt;</span></div><div class='line' id='LC1055'>&nbsp;&nbsp;&nbsp;&nbsp;&nbsp;&nbsp;&nbsp;&nbsp;&nbsp;&nbsp;&nbsp;&nbsp;<span class="nt">&lt;version</span> <span class="na">num=</span><span class="s">&quot;282&quot;</span> <span class="na">curr_loc=</span><span class="s">&quot;125&quot;</span> <span class="na">changed=</span><span class="s">&quot;1&quot;</span> <span class="na">churn=</span><span class="s">&quot;199&quot;</span> <span class="nt">/&gt;</span></div><div class='line' id='LC1056'>&nbsp;&nbsp;&nbsp;&nbsp;&nbsp;&nbsp;&nbsp;&nbsp;&nbsp;&nbsp;&nbsp;&nbsp;<span class="nt">&lt;version</span> <span class="na">num=</span><span class="s">&quot;286&quot;</span> <span class="na">curr_loc=</span><span class="s">&quot;123&quot;</span> <span class="na">changed=</span><span class="s">&quot;1&quot;</span> <span class="na">churn=</span><span class="s">&quot;201&quot;</span> <span class="nt">/&gt;</span></div><div class='line' id='LC1057'>&nbsp;&nbsp;&nbsp;&nbsp;&nbsp;&nbsp;&nbsp;&nbsp;&nbsp;&nbsp;&nbsp;&nbsp;<span class="nt">&lt;version</span> <span class="na">num=</span><span class="s">&quot;294&quot;</span> <span class="na">curr_loc=</span><span class="s">&quot;136&quot;</span> <span class="na">changed=</span><span class="s">&quot;1&quot;</span> <span class="na">churn=</span><span class="s">&quot;214&quot;</span> <span class="nt">/&gt;</span></div><div class='line' id='LC1058'>&nbsp;&nbsp;&nbsp;&nbsp;&nbsp;&nbsp;&nbsp;&nbsp;&nbsp;&nbsp;&nbsp;&nbsp;<span class="nt">&lt;version</span> <span class="na">num=</span><span class="s">&quot;295&quot;</span> <span class="na">curr_loc=</span><span class="s">&quot;135&quot;</span> <span class="na">changed=</span><span class="s">&quot;1&quot;</span> <span class="na">churn=</span><span class="s">&quot;215&quot;</span> <span class="nt">/&gt;</span></div><div class='line' id='LC1059'>&nbsp;&nbsp;&nbsp;&nbsp;&nbsp;&nbsp;&nbsp;&nbsp;&nbsp;&nbsp;&nbsp;&nbsp;<span class="nt">&lt;version</span> <span class="na">num=</span><span class="s">&quot;335&quot;</span> <span class="na">curr_loc=</span><span class="s">&quot;119&quot;</span> <span class="na">changed=</span><span class="s">&quot;1&quot;</span> <span class="na">churn=</span><span class="s">&quot;231&quot;</span> <span class="nt">/&gt;</span></div><div class='line' id='LC1060'>&nbsp;&nbsp;&nbsp;&nbsp;&nbsp;&nbsp;&nbsp;&nbsp;&nbsp;&nbsp;&nbsp;&nbsp;<span class="nt">&lt;version</span> <span class="na">num=</span><span class="s">&quot;336&quot;</span> <span class="na">curr_loc=</span><span class="s">&quot;121&quot;</span> <span class="na">changed=</span><span class="s">&quot;1&quot;</span> <span class="na">churn=</span><span class="s">&quot;233&quot;</span> <span class="nt">/&gt;</span></div><div class='line' id='LC1061'>&nbsp;&nbsp;&nbsp;&nbsp;&nbsp;&nbsp;&nbsp;&nbsp;&nbsp;&nbsp;&nbsp;&nbsp;<span class="nt">&lt;version</span> <span class="na">num=</span><span class="s">&quot;339&quot;</span> <span class="na">curr_loc=</span><span class="s">&quot;120&quot;</span> <span class="na">changed=</span><span class="s">&quot;1&quot;</span> <span class="na">churn=</span><span class="s">&quot;234&quot;</span> <span class="nt">/&gt;</span></div><div class='line' id='LC1062'>&nbsp;&nbsp;&nbsp;&nbsp;&nbsp;&nbsp;&nbsp;&nbsp;&nbsp;&nbsp;&nbsp;&nbsp;<span class="nt">&lt;version</span> <span class="na">num=</span><span class="s">&quot;345&quot;</span> <span class="na">curr_loc=</span><span class="s">&quot;118&quot;</span> <span class="na">changed=</span><span class="s">&quot;1&quot;</span> <span class="na">churn=</span><span class="s">&quot;236&quot;</span> <span class="nt">/&gt;</span></div><div class='line' id='LC1063'>&nbsp;&nbsp;&nbsp;&nbsp;&nbsp;&nbsp;&nbsp;&nbsp;&nbsp;&nbsp;&nbsp;&nbsp;<span class="nt">&lt;version</span> <span class="na">num=</span><span class="s">&quot;350&quot;</span> <span class="na">curr_loc=</span><span class="s">&quot;116&quot;</span> <span class="na">changed=</span><span class="s">&quot;1&quot;</span> <span class="na">churn=</span><span class="s">&quot;238&quot;</span> <span class="nt">/&gt;</span></div><div class='line' id='LC1064'>&nbsp;&nbsp;&nbsp;&nbsp;&nbsp;&nbsp;&nbsp;&nbsp;&nbsp;&nbsp;&nbsp;&nbsp;<span class="nt">&lt;version</span> <span class="na">num=</span><span class="s">&quot;377&quot;</span> <span class="na">curr_loc=</span><span class="s">&quot;114&quot;</span> <span class="na">changed=</span><span class="s">&quot;1&quot;</span> <span class="na">churn=</span><span class="s">&quot;240&quot;</span> <span class="nt">/&gt;</span></div><div class='line' id='LC1065'>&nbsp;&nbsp;&nbsp;&nbsp;&nbsp;&nbsp;&nbsp;&nbsp;&nbsp;&nbsp;&nbsp;&nbsp;<span class="nt">&lt;version</span> <span class="na">num=</span><span class="s">&quot;397&quot;</span> <span class="na">curr_loc=</span><span class="s">&quot;112&quot;</span> <span class="na">changed=</span><span class="s">&quot;1&quot;</span> <span class="na">churn=</span><span class="s">&quot;242&quot;</span> <span class="nt">/&gt;</span></div><div class='line' id='LC1066'>&nbsp;&nbsp;&nbsp;&nbsp;&nbsp;&nbsp;&nbsp;&nbsp;&nbsp;&nbsp;&nbsp;&nbsp;<span class="nt">&lt;version</span> <span class="na">num=</span><span class="s">&quot;407&quot;</span> <span class="na">curr_loc=</span><span class="s">&quot;114&quot;</span> <span class="na">changed=</span><span class="s">&quot;1&quot;</span> <span class="na">churn=</span><span class="s">&quot;244&quot;</span> <span class="nt">/&gt;</span></div><div class='line' id='LC1067'>&nbsp;&nbsp;&nbsp;&nbsp;&nbsp;&nbsp;&nbsp;&nbsp;&nbsp;&nbsp;&nbsp;&nbsp;<span class="nt">&lt;version</span> <span class="na">num=</span><span class="s">&quot;420&quot;</span> <span class="na">curr_loc=</span><span class="s">&quot;113&quot;</span> <span class="na">changed=</span><span class="s">&quot;1&quot;</span> <span class="na">churn=</span><span class="s">&quot;245&quot;</span> <span class="nt">/&gt;</span></div><div class='line' id='LC1068'>&nbsp;&nbsp;&nbsp;&nbsp;&nbsp;&nbsp;&nbsp;&nbsp;&nbsp;&nbsp;&nbsp;&nbsp;<span class="nt">&lt;version</span> <span class="na">num=</span><span class="s">&quot;421&quot;</span> <span class="na">curr_loc=</span><span class="s">&quot;111&quot;</span> <span class="na">changed=</span><span class="s">&quot;1&quot;</span> <span class="na">churn=</span><span class="s">&quot;247&quot;</span> <span class="nt">/&gt;</span></div><div class='line' id='LC1069'>&nbsp;&nbsp;&nbsp;&nbsp;&nbsp;&nbsp;&nbsp;&nbsp;&nbsp;&nbsp;&nbsp;&nbsp;<span class="nt">&lt;version</span> <span class="na">num=</span><span class="s">&quot;423&quot;</span> <span class="na">curr_loc=</span><span class="s">&quot;109&quot;</span> <span class="na">changed=</span><span class="s">&quot;1&quot;</span> <span class="na">churn=</span><span class="s">&quot;249&quot;</span> <span class="nt">/&gt;</span></div><div class='line' id='LC1070'>&nbsp;&nbsp;&nbsp;&nbsp;&nbsp;&nbsp;&nbsp;&nbsp;&nbsp;&nbsp;&nbsp;&nbsp;<span class="nt">&lt;version</span> <span class="na">num=</span><span class="s">&quot;426&quot;</span> <span class="na">curr_loc=</span><span class="s">&quot;107&quot;</span> <span class="na">changed=</span><span class="s">&quot;1&quot;</span> <span class="na">churn=</span><span class="s">&quot;251&quot;</span> <span class="nt">/&gt;</span></div><div class='line' id='LC1071'>&nbsp;&nbsp;&nbsp;&nbsp;&nbsp;&nbsp;&nbsp;&nbsp;&nbsp;&nbsp;&nbsp;&nbsp;<span class="nt">&lt;version</span> <span class="na">num=</span><span class="s">&quot;428&quot;</span> <span class="na">curr_loc=</span><span class="s">&quot;109&quot;</span> <span class="na">changed=</span><span class="s">&quot;1&quot;</span> <span class="na">churn=</span><span class="s">&quot;253&quot;</span> <span class="nt">/&gt;</span></div><div class='line' id='LC1072'>&nbsp;&nbsp;&nbsp;&nbsp;&nbsp;&nbsp;&nbsp;&nbsp;&nbsp;&nbsp;<span class="nt">&lt;/class&gt;</span></div><div class='line' id='LC1073'>&nbsp;&nbsp;&nbsp;&nbsp;&nbsp;&nbsp;&nbsp;&nbsp;&nbsp;&nbsp;<span class="nt">&lt;class</span> <span class="na">name=</span><span class="s">&quot;ParentRunnerTest&quot;</span> <span class="na">type=</span><span class="s">&quot;ConcreteClass&quot;</span> <span class="na">maxLoc=</span><span class="s">&quot;113&quot;</span><span class="nt">&gt;</span></div><div class='line' id='LC1074'>&nbsp;&nbsp;&nbsp;&nbsp;&nbsp;&nbsp;&nbsp;&nbsp;&nbsp;&nbsp;&nbsp;&nbsp;<span class="nt">&lt;version</span> <span class="na">num=</span><span class="s">&quot;1&quot;</span> <span class="na">curr_loc=</span><span class="s">&quot;68&quot;</span> <span class="na">changed=</span><span class="s">&quot;1&quot;</span> <span class="na">churn=</span><span class="s">&quot;68&quot;</span> <span class="nt">/&gt;</span></div><div class='line' id='LC1075'>&nbsp;&nbsp;&nbsp;&nbsp;&nbsp;&nbsp;&nbsp;&nbsp;&nbsp;&nbsp;&nbsp;&nbsp;<span class="nt">&lt;version</span> <span class="na">num=</span><span class="s">&quot;3&quot;</span> <span class="na">curr_loc=</span><span class="s">&quot;113&quot;</span> <span class="na">changed=</span><span class="s">&quot;1&quot;</span> <span class="na">churn=</span><span class="s">&quot;113&quot;</span> <span class="nt">/&gt;</span></div><div class='line' id='LC1076'>&nbsp;&nbsp;&nbsp;&nbsp;&nbsp;&nbsp;&nbsp;&nbsp;&nbsp;&nbsp;&nbsp;&nbsp;<span class="nt">&lt;version</span> <span class="na">num=</span><span class="s">&quot;4&quot;</span> <span class="na">curr_loc=</span><span class="s">&quot;113&quot;</span> <span class="na">changed=</span><span class="s">&quot;1&quot;</span> <span class="na">churn=</span><span class="s">&quot;113&quot;</span> <span class="nt">/&gt;</span></div><div class='line' id='LC1077'>&nbsp;&nbsp;&nbsp;&nbsp;&nbsp;&nbsp;&nbsp;&nbsp;&nbsp;&nbsp;&nbsp;&nbsp;<span class="nt">&lt;version</span> <span class="na">num=</span><span class="s">&quot;54&quot;</span> <span class="na">curr_loc=</span><span class="s">&quot;45&quot;</span> <span class="na">changed=</span><span class="s">&quot;1&quot;</span> <span class="na">churn=</span><span class="s">&quot;181&quot;</span> <span class="nt">/&gt;</span></div><div class='line' id='LC1078'>&nbsp;&nbsp;&nbsp;&nbsp;&nbsp;&nbsp;&nbsp;&nbsp;&nbsp;&nbsp;&nbsp;&nbsp;<span class="nt">&lt;version</span> <span class="na">num=</span><span class="s">&quot;62&quot;</span> <span class="na">curr_loc=</span><span class="s">&quot;45&quot;</span> <span class="na">changed=</span><span class="s">&quot;1&quot;</span> <span class="na">churn=</span><span class="s">&quot;181&quot;</span> <span class="nt">/&gt;</span></div><div class='line' id='LC1079'>&nbsp;&nbsp;&nbsp;&nbsp;&nbsp;&nbsp;&nbsp;&nbsp;&nbsp;&nbsp;&nbsp;&nbsp;<span class="nt">&lt;version</span> <span class="na">num=</span><span class="s">&quot;81&quot;</span> <span class="na">curr_loc=</span><span class="s">&quot;73&quot;</span> <span class="na">changed=</span><span class="s">&quot;1&quot;</span> <span class="na">churn=</span><span class="s">&quot;209&quot;</span> <span class="nt">/&gt;</span></div><div class='line' id='LC1080'>&nbsp;&nbsp;&nbsp;&nbsp;&nbsp;&nbsp;&nbsp;&nbsp;&nbsp;&nbsp;&nbsp;&nbsp;<span class="nt">&lt;version</span> <span class="na">num=</span><span class="s">&quot;124&quot;</span> <span class="na">curr_loc=</span><span class="s">&quot;45&quot;</span> <span class="na">changed=</span><span class="s">&quot;1&quot;</span> <span class="na">churn=</span><span class="s">&quot;237&quot;</span> <span class="nt">/&gt;</span></div><div class='line' id='LC1081'>&nbsp;&nbsp;&nbsp;&nbsp;&nbsp;&nbsp;&nbsp;&nbsp;&nbsp;&nbsp;&nbsp;&nbsp;<span class="nt">&lt;version</span> <span class="na">num=</span><span class="s">&quot;209&quot;</span> <span class="na">curr_loc=</span><span class="s">&quot;68&quot;</span> <span class="na">changed=</span><span class="s">&quot;1&quot;</span> <span class="na">churn=</span><span class="s">&quot;260&quot;</span> <span class="nt">/&gt;</span></div><div class='line' id='LC1082'>&nbsp;&nbsp;&nbsp;&nbsp;&nbsp;&nbsp;&nbsp;&nbsp;&nbsp;&nbsp;&nbsp;&nbsp;<span class="nt">&lt;version</span> <span class="na">num=</span><span class="s">&quot;212&quot;</span> <span class="na">curr_loc=</span><span class="s">&quot;45&quot;</span> <span class="na">changed=</span><span class="s">&quot;1&quot;</span> <span class="na">churn=</span><span class="s">&quot;283&quot;</span> <span class="nt">/&gt;</span></div><div class='line' id='LC1083'>&nbsp;&nbsp;&nbsp;&nbsp;&nbsp;&nbsp;&nbsp;&nbsp;&nbsp;&nbsp;&nbsp;&nbsp;<span class="nt">&lt;version</span> <span class="na">num=</span><span class="s">&quot;217&quot;</span> <span class="na">curr_loc=</span><span class="s">&quot;68&quot;</span> <span class="na">changed=</span><span class="s">&quot;1&quot;</span> <span class="na">churn=</span><span class="s">&quot;306&quot;</span> <span class="nt">/&gt;</span></div><div class='line' id='LC1084'>&nbsp;&nbsp;&nbsp;&nbsp;&nbsp;&nbsp;&nbsp;&nbsp;&nbsp;&nbsp;<span class="nt">&lt;/class&gt;</span></div><div class='line' id='LC1085'>&nbsp;&nbsp;&nbsp;&nbsp;&nbsp;&nbsp;&nbsp;&nbsp;&nbsp;&nbsp;<span class="nt">&lt;package</span> <span class="na">name=</span><span class="s">&quot;description&quot;</span><span class="nt">&gt;</span></div><div class='line' id='LC1086'>&nbsp;&nbsp;&nbsp;&nbsp;&nbsp;&nbsp;&nbsp;&nbsp;&nbsp;&nbsp;&nbsp;&nbsp;<span class="nt">&lt;class</span> <span class="na">name=</span><span class="s">&quot;SuiteDescriptionTest&quot;</span> <span class="na">type=</span><span class="s">&quot;ConcreteClass&quot;</span> <span class="na">maxLoc=</span><span class="s">&quot;35&quot;</span><span class="nt">&gt;</span></div><div class='line' id='LC1087'>&nbsp;&nbsp;&nbsp;&nbsp;&nbsp;&nbsp;&nbsp;&nbsp;&nbsp;&nbsp;&nbsp;&nbsp;&nbsp;&nbsp;<span class="nt">&lt;version</span> <span class="na">num=</span><span class="s">&quot;1&quot;</span> <span class="na">curr_loc=</span><span class="s">&quot;35&quot;</span> <span class="na">changed=</span><span class="s">&quot;1&quot;</span> <span class="na">churn=</span><span class="s">&quot;35&quot;</span> <span class="nt">/&gt;</span></div><div class='line' id='LC1088'>&nbsp;&nbsp;&nbsp;&nbsp;&nbsp;&nbsp;&nbsp;&nbsp;&nbsp;&nbsp;&nbsp;&nbsp;<span class="nt">&lt;/class&gt;</span></div><div class='line' id='LC1089'>&nbsp;&nbsp;&nbsp;&nbsp;&nbsp;&nbsp;&nbsp;&nbsp;&nbsp;&nbsp;&nbsp;&nbsp;<span class="nt">&lt;class</span> <span class="na">name=</span><span class="s">&quot;TestDescriptionTest&quot;</span> <span class="na">type=</span><span class="s">&quot;ConcreteClass&quot;</span> <span class="na">maxLoc=</span><span class="s">&quot;11&quot;</span><span class="nt">&gt;</span></div><div class='line' id='LC1090'>&nbsp;&nbsp;&nbsp;&nbsp;&nbsp;&nbsp;&nbsp;&nbsp;&nbsp;&nbsp;&nbsp;&nbsp;&nbsp;&nbsp;<span class="nt">&lt;version</span> <span class="na">num=</span><span class="s">&quot;287&quot;</span> <span class="na">curr_loc=</span><span class="s">&quot;11&quot;</span> <span class="na">changed=</span><span class="s">&quot;1&quot;</span> <span class="na">churn=</span><span class="s">&quot;11&quot;</span> <span class="nt">/&gt;</span></div><div class='line' id='LC1091'>&nbsp;&nbsp;&nbsp;&nbsp;&nbsp;&nbsp;&nbsp;&nbsp;&nbsp;&nbsp;&nbsp;&nbsp;<span class="nt">&lt;/class&gt;</span></div><div class='line' id='LC1092'>&nbsp;&nbsp;&nbsp;&nbsp;&nbsp;&nbsp;&nbsp;&nbsp;&nbsp;&nbsp;&nbsp;&nbsp;<span class="nt">&lt;class</span> <span class="na">name=</span><span class="s">&quot;AnnotatedDescriptionTest&quot;</span> <span class="na">type=</span><span class="s">&quot;ConcreteClass&quot;</span> <span class="na">maxLoc=</span><span class="s">&quot;96&quot;</span><span class="nt">&gt;</span></div><div class='line' id='LC1093'>&nbsp;&nbsp;&nbsp;&nbsp;&nbsp;&nbsp;&nbsp;&nbsp;&nbsp;&nbsp;&nbsp;&nbsp;&nbsp;&nbsp;<span class="nt">&lt;version</span> <span class="na">num=</span><span class="s">&quot;337&quot;</span> <span class="na">curr_loc=</span><span class="s">&quot;96&quot;</span> <span class="na">changed=</span><span class="s">&quot;1&quot;</span> <span class="na">churn=</span><span class="s">&quot;96&quot;</span> <span class="nt">/&gt;</span></div><div class='line' id='LC1094'>&nbsp;&nbsp;&nbsp;&nbsp;&nbsp;&nbsp;&nbsp;&nbsp;&nbsp;&nbsp;&nbsp;&nbsp;<span class="nt">&lt;/class&gt;</span></div><div class='line' id='LC1095'>&nbsp;&nbsp;&nbsp;&nbsp;&nbsp;&nbsp;&nbsp;&nbsp;&nbsp;&nbsp;<span class="nt">&lt;/package&gt;</span></div><div class='line' id='LC1096'>&nbsp;&nbsp;&nbsp;&nbsp;&nbsp;&nbsp;&nbsp;&nbsp;&nbsp;&nbsp;<span class="nt">&lt;package</span> <span class="na">name=</span><span class="s">&quot;running&quot;</span><span class="nt">&gt;</span></div><div class='line' id='LC1097'>&nbsp;&nbsp;&nbsp;&nbsp;&nbsp;&nbsp;&nbsp;&nbsp;&nbsp;&nbsp;&nbsp;&nbsp;<span class="nt">&lt;package</span> <span class="na">name=</span><span class="s">&quot;classes&quot;</span><span class="nt">&gt;</span></div><div class='line' id='LC1098'>&nbsp;&nbsp;&nbsp;&nbsp;&nbsp;&nbsp;&nbsp;&nbsp;&nbsp;&nbsp;&nbsp;&nbsp;&nbsp;&nbsp;<span class="nt">&lt;class</span> <span class="na">name=</span><span class="s">&quot;ParentRunnerFilteringTest&quot;</span> <span class="na">type=</span><span class="s">&quot;ConcreteClass&quot;</span> <span class="na">maxLoc=</span><span class="s">&quot;135&quot;</span><span class="nt">&gt;</span></div><div class='line' id='LC1099'>&nbsp;&nbsp;&nbsp;&nbsp;&nbsp;&nbsp;&nbsp;&nbsp;&nbsp;&nbsp;&nbsp;&nbsp;&nbsp;&nbsp;&nbsp;&nbsp;<span class="nt">&lt;version</span> <span class="na">num=</span><span class="s">&quot;1&quot;</span> <span class="na">curr_loc=</span><span class="s">&quot;135&quot;</span> <span class="na">changed=</span><span class="s">&quot;1&quot;</span> <span class="na">churn=</span><span class="s">&quot;135&quot;</span> <span class="nt">/&gt;</span></div><div class='line' id='LC1100'>&nbsp;&nbsp;&nbsp;&nbsp;&nbsp;&nbsp;&nbsp;&nbsp;&nbsp;&nbsp;&nbsp;&nbsp;&nbsp;&nbsp;<span class="nt">&lt;/class&gt;</span></div><div class='line' id='LC1101'>&nbsp;&nbsp;&nbsp;&nbsp;&nbsp;&nbsp;&nbsp;&nbsp;&nbsp;&nbsp;&nbsp;&nbsp;&nbsp;&nbsp;<span class="nt">&lt;class</span> <span class="na">name=</span><span class="s">&quot;ParentRunnerTest&quot;</span> <span class="na">type=</span><span class="s">&quot;ConcreteClass&quot;</span> <span class="na">maxLoc=</span><span class="s">&quot;113&quot;</span><span class="nt">&gt;</span></div><div class='line' id='LC1102'>&nbsp;&nbsp;&nbsp;&nbsp;&nbsp;&nbsp;&nbsp;&nbsp;&nbsp;&nbsp;&nbsp;&nbsp;&nbsp;&nbsp;&nbsp;&nbsp;<span class="nt">&lt;version</span> <span class="na">num=</span><span class="s">&quot;1&quot;</span> <span class="na">curr_loc=</span><span class="s">&quot;113&quot;</span> <span class="na">changed=</span><span class="s">&quot;1&quot;</span> <span class="na">churn=</span><span class="s">&quot;113&quot;</span> <span class="nt">/&gt;</span></div><div class='line' id='LC1103'>&nbsp;&nbsp;&nbsp;&nbsp;&nbsp;&nbsp;&nbsp;&nbsp;&nbsp;&nbsp;&nbsp;&nbsp;&nbsp;&nbsp;<span class="nt">&lt;/class&gt;</span></div><div class='line' id='LC1104'>&nbsp;&nbsp;&nbsp;&nbsp;&nbsp;&nbsp;&nbsp;&nbsp;&nbsp;&nbsp;&nbsp;&nbsp;&nbsp;&nbsp;<span class="nt">&lt;class</span> <span class="na">name=</span><span class="s">&quot;TestClassTest&quot;</span> <span class="na">type=</span><span class="s">&quot;ConcreteClass&quot;</span> <span class="na">maxLoc=</span><span class="s">&quot;86&quot;</span><span class="nt">&gt;</span></div><div class='line' id='LC1105'>&nbsp;&nbsp;&nbsp;&nbsp;&nbsp;&nbsp;&nbsp;&nbsp;&nbsp;&nbsp;&nbsp;&nbsp;&nbsp;&nbsp;&nbsp;&nbsp;<span class="nt">&lt;version</span> <span class="na">num=</span><span class="s">&quot;31&quot;</span> <span class="na">curr_loc=</span><span class="s">&quot;86&quot;</span> <span class="na">changed=</span><span class="s">&quot;1&quot;</span> <span class="na">churn=</span><span class="s">&quot;86&quot;</span> <span class="nt">/&gt;</span></div><div class='line' id='LC1106'>&nbsp;&nbsp;&nbsp;&nbsp;&nbsp;&nbsp;&nbsp;&nbsp;&nbsp;&nbsp;&nbsp;&nbsp;&nbsp;&nbsp;&nbsp;&nbsp;<span class="nt">&lt;version</span> <span class="na">num=</span><span class="s">&quot;123&quot;</span> <span class="na">curr_loc=</span><span class="s">&quot;86&quot;</span> <span class="na">changed=</span><span class="s">&quot;1&quot;</span> <span class="na">churn=</span><span class="s">&quot;86&quot;</span> <span class="nt">/&gt;</span></div><div class='line' id='LC1107'>&nbsp;&nbsp;&nbsp;&nbsp;&nbsp;&nbsp;&nbsp;&nbsp;&nbsp;&nbsp;&nbsp;&nbsp;&nbsp;&nbsp;&nbsp;&nbsp;<span class="nt">&lt;version</span> <span class="na">num=</span><span class="s">&quot;124&quot;</span> <span class="na">curr_loc=</span><span class="s">&quot;86&quot;</span> <span class="na">changed=</span><span class="s">&quot;1&quot;</span> <span class="na">churn=</span><span class="s">&quot;86&quot;</span> <span class="nt">/&gt;</span></div><div class='line' id='LC1108'>&nbsp;&nbsp;&nbsp;&nbsp;&nbsp;&nbsp;&nbsp;&nbsp;&nbsp;&nbsp;&nbsp;&nbsp;&nbsp;&nbsp;&nbsp;&nbsp;<span class="nt">&lt;version</span> <span class="na">num=</span><span class="s">&quot;128&quot;</span> <span class="na">curr_loc=</span><span class="s">&quot;86&quot;</span> <span class="na">changed=</span><span class="s">&quot;1&quot;</span> <span class="na">churn=</span><span class="s">&quot;86&quot;</span> <span class="nt">/&gt;</span></div><div class='line' id='LC1109'>&nbsp;&nbsp;&nbsp;&nbsp;&nbsp;&nbsp;&nbsp;&nbsp;&nbsp;&nbsp;&nbsp;&nbsp;&nbsp;&nbsp;&nbsp;&nbsp;<span class="nt">&lt;version</span> <span class="na">num=</span><span class="s">&quot;133&quot;</span> <span class="na">curr_loc=</span><span class="s">&quot;86&quot;</span> <span class="na">changed=</span><span class="s">&quot;1&quot;</span> <span class="na">churn=</span><span class="s">&quot;86&quot;</span> <span class="nt">/&gt;</span></div><div class='line' id='LC1110'>&nbsp;&nbsp;&nbsp;&nbsp;&nbsp;&nbsp;&nbsp;&nbsp;&nbsp;&nbsp;&nbsp;&nbsp;&nbsp;&nbsp;&nbsp;&nbsp;<span class="nt">&lt;version</span> <span class="na">num=</span><span class="s">&quot;143&quot;</span> <span class="na">curr_loc=</span><span class="s">&quot;86&quot;</span> <span class="na">changed=</span><span class="s">&quot;1&quot;</span> <span class="na">churn=</span><span class="s">&quot;86&quot;</span> <span class="nt">/&gt;</span></div><div class='line' id='LC1111'>&nbsp;&nbsp;&nbsp;&nbsp;&nbsp;&nbsp;&nbsp;&nbsp;&nbsp;&nbsp;&nbsp;&nbsp;&nbsp;&nbsp;&nbsp;&nbsp;<span class="nt">&lt;version</span> <span class="na">num=</span><span class="s">&quot;148&quot;</span> <span class="na">curr_loc=</span><span class="s">&quot;86&quot;</span> <span class="na">changed=</span><span class="s">&quot;1&quot;</span> <span class="na">churn=</span><span class="s">&quot;86&quot;</span> <span class="nt">/&gt;</span></div><div class='line' id='LC1112'>&nbsp;&nbsp;&nbsp;&nbsp;&nbsp;&nbsp;&nbsp;&nbsp;&nbsp;&nbsp;&nbsp;&nbsp;&nbsp;&nbsp;&nbsp;&nbsp;<span class="nt">&lt;version</span> <span class="na">num=</span><span class="s">&quot;191&quot;</span> <span class="na">curr_loc=</span><span class="s">&quot;33&quot;</span> <span class="na">changed=</span><span class="s">&quot;1&quot;</span> <span class="na">churn=</span><span class="s">&quot;139&quot;</span> <span class="nt">/&gt;</span></div><div class='line' id='LC1113'>&nbsp;&nbsp;&nbsp;&nbsp;&nbsp;&nbsp;&nbsp;&nbsp;&nbsp;&nbsp;&nbsp;&nbsp;&nbsp;&nbsp;&nbsp;&nbsp;<span class="nt">&lt;version</span> <span class="na">num=</span><span class="s">&quot;199&quot;</span> <span class="na">curr_loc=</span><span class="s">&quot;33&quot;</span> <span class="na">changed=</span><span class="s">&quot;1&quot;</span> <span class="na">churn=</span><span class="s">&quot;139&quot;</span> <span class="nt">/&gt;</span></div><div class='line' id='LC1114'>&nbsp;&nbsp;&nbsp;&nbsp;&nbsp;&nbsp;&nbsp;&nbsp;&nbsp;&nbsp;&nbsp;&nbsp;&nbsp;&nbsp;&nbsp;&nbsp;<span class="nt">&lt;version</span> <span class="na">num=</span><span class="s">&quot;331&quot;</span> <span class="na">curr_loc=</span><span class="s">&quot;56&quot;</span> <span class="na">changed=</span><span class="s">&quot;1&quot;</span> <span class="na">churn=</span><span class="s">&quot;162&quot;</span> <span class="nt">/&gt;</span></div><div class='line' id='LC1115'>&nbsp;&nbsp;&nbsp;&nbsp;&nbsp;&nbsp;&nbsp;&nbsp;&nbsp;&nbsp;&nbsp;&nbsp;&nbsp;&nbsp;&nbsp;&nbsp;<span class="nt">&lt;version</span> <span class="na">num=</span><span class="s">&quot;336&quot;</span> <span class="na">curr_loc=</span><span class="s">&quot;56&quot;</span> <span class="na">changed=</span><span class="s">&quot;1&quot;</span> <span class="na">churn=</span><span class="s">&quot;162&quot;</span> <span class="nt">/&gt;</span></div><div class='line' id='LC1116'>&nbsp;&nbsp;&nbsp;&nbsp;&nbsp;&nbsp;&nbsp;&nbsp;&nbsp;&nbsp;&nbsp;&nbsp;&nbsp;&nbsp;&nbsp;&nbsp;<span class="nt">&lt;version</span> <span class="na">num=</span><span class="s">&quot;337&quot;</span> <span class="na">curr_loc=</span><span class="s">&quot;56&quot;</span> <span class="na">changed=</span><span class="s">&quot;1&quot;</span> <span class="na">churn=</span><span class="s">&quot;162&quot;</span> <span class="nt">/&gt;</span></div><div class='line' id='LC1117'>&nbsp;&nbsp;&nbsp;&nbsp;&nbsp;&nbsp;&nbsp;&nbsp;&nbsp;&nbsp;&nbsp;&nbsp;&nbsp;&nbsp;&nbsp;&nbsp;<span class="nt">&lt;version</span> <span class="na">num=</span><span class="s">&quot;354&quot;</span> <span class="na">curr_loc=</span><span class="s">&quot;47&quot;</span> <span class="na">changed=</span><span class="s">&quot;1&quot;</span> <span class="na">churn=</span><span class="s">&quot;171&quot;</span> <span class="nt">/&gt;</span></div><div class='line' id='LC1118'>&nbsp;&nbsp;&nbsp;&nbsp;&nbsp;&nbsp;&nbsp;&nbsp;&nbsp;&nbsp;&nbsp;&nbsp;&nbsp;&nbsp;&nbsp;&nbsp;<span class="nt">&lt;version</span> <span class="na">num=</span><span class="s">&quot;377&quot;</span> <span class="na">curr_loc=</span><span class="s">&quot;46&quot;</span> <span class="na">changed=</span><span class="s">&quot;1&quot;</span> <span class="na">churn=</span><span class="s">&quot;172&quot;</span> <span class="nt">/&gt;</span></div><div class='line' id='LC1119'>&nbsp;&nbsp;&nbsp;&nbsp;&nbsp;&nbsp;&nbsp;&nbsp;&nbsp;&nbsp;&nbsp;&nbsp;&nbsp;&nbsp;&nbsp;&nbsp;<span class="nt">&lt;version</span> <span class="na">num=</span><span class="s">&quot;379&quot;</span> <span class="na">curr_loc=</span><span class="s">&quot;46&quot;</span> <span class="na">changed=</span><span class="s">&quot;1&quot;</span> <span class="na">churn=</span><span class="s">&quot;172&quot;</span> <span class="nt">/&gt;</span></div><div class='line' id='LC1120'>&nbsp;&nbsp;&nbsp;&nbsp;&nbsp;&nbsp;&nbsp;&nbsp;&nbsp;&nbsp;&nbsp;&nbsp;&nbsp;&nbsp;&nbsp;&nbsp;<span class="nt">&lt;version</span> <span class="na">num=</span><span class="s">&quot;423&quot;</span> <span class="na">curr_loc=</span><span class="s">&quot;15&quot;</span> <span class="na">changed=</span><span class="s">&quot;1&quot;</span> <span class="na">churn=</span><span class="s">&quot;203&quot;</span> <span class="nt">/&gt;</span></div><div class='line' id='LC1121'>&nbsp;&nbsp;&nbsp;&nbsp;&nbsp;&nbsp;&nbsp;&nbsp;&nbsp;&nbsp;&nbsp;&nbsp;&nbsp;&nbsp;<span class="nt">&lt;/class&gt;</span></div><div class='line' id='LC1122'>&nbsp;&nbsp;&nbsp;&nbsp;&nbsp;&nbsp;&nbsp;&nbsp;&nbsp;&nbsp;&nbsp;&nbsp;&nbsp;&nbsp;<span class="nt">&lt;class</span> <span class="na">name=</span><span class="s">&quot;ParameterizedTestTest&quot;</span> <span class="na">type=</span><span class="s">&quot;ConcreteClass&quot;</span> <span class="na">maxLoc=</span><span class="s">&quot;306&quot;</span><span class="nt">&gt;</span></div><div class='line' id='LC1123'>&nbsp;&nbsp;&nbsp;&nbsp;&nbsp;&nbsp;&nbsp;&nbsp;&nbsp;&nbsp;&nbsp;&nbsp;&nbsp;&nbsp;&nbsp;&nbsp;<span class="nt">&lt;version</span> <span class="na">num=</span><span class="s">&quot;54&quot;</span> <span class="na">curr_loc=</span><span class="s">&quot;216&quot;</span> <span class="na">changed=</span><span class="s">&quot;1&quot;</span> <span class="na">churn=</span><span class="s">&quot;216&quot;</span> <span class="nt">/&gt;</span></div><div class='line' id='LC1124'>&nbsp;&nbsp;&nbsp;&nbsp;&nbsp;&nbsp;&nbsp;&nbsp;&nbsp;&nbsp;&nbsp;&nbsp;&nbsp;&nbsp;&nbsp;&nbsp;<span class="nt">&lt;version</span> <span class="na">num=</span><span class="s">&quot;62&quot;</span> <span class="na">curr_loc=</span><span class="s">&quot;216&quot;</span> <span class="na">changed=</span><span class="s">&quot;1&quot;</span> <span class="na">churn=</span><span class="s">&quot;216&quot;</span> <span class="nt">/&gt;</span></div><div class='line' id='LC1125'>&nbsp;&nbsp;&nbsp;&nbsp;&nbsp;&nbsp;&nbsp;&nbsp;&nbsp;&nbsp;&nbsp;&nbsp;&nbsp;&nbsp;&nbsp;&nbsp;<span class="nt">&lt;version</span> <span class="na">num=</span><span class="s">&quot;73&quot;</span> <span class="na">curr_loc=</span><span class="s">&quot;216&quot;</span> <span class="na">changed=</span><span class="s">&quot;1&quot;</span> <span class="na">churn=</span><span class="s">&quot;216&quot;</span> <span class="nt">/&gt;</span></div><div class='line' id='LC1126'>&nbsp;&nbsp;&nbsp;&nbsp;&nbsp;&nbsp;&nbsp;&nbsp;&nbsp;&nbsp;&nbsp;&nbsp;&nbsp;&nbsp;&nbsp;&nbsp;<span class="nt">&lt;version</span> <span class="na">num=</span><span class="s">&quot;121&quot;</span> <span class="na">curr_loc=</span><span class="s">&quot;216&quot;</span> <span class="na">changed=</span><span class="s">&quot;1&quot;</span> <span class="na">churn=</span><span class="s">&quot;216&quot;</span> <span class="nt">/&gt;</span></div><div class='line' id='LC1127'>&nbsp;&nbsp;&nbsp;&nbsp;&nbsp;&nbsp;&nbsp;&nbsp;&nbsp;&nbsp;&nbsp;&nbsp;&nbsp;&nbsp;&nbsp;&nbsp;<span class="nt">&lt;version</span> <span class="na">num=</span><span class="s">&quot;182&quot;</span> <span class="na">curr_loc=</span><span class="s">&quot;216&quot;</span> <span class="na">changed=</span><span class="s">&quot;1&quot;</span> <span class="na">churn=</span><span class="s">&quot;216&quot;</span> <span class="nt">/&gt;</span></div><div class='line' id='LC1128'>&nbsp;&nbsp;&nbsp;&nbsp;&nbsp;&nbsp;&nbsp;&nbsp;&nbsp;&nbsp;&nbsp;&nbsp;&nbsp;&nbsp;&nbsp;&nbsp;<span class="nt">&lt;version</span> <span class="na">num=</span><span class="s">&quot;184&quot;</span> <span class="na">curr_loc=</span><span class="s">&quot;216&quot;</span> <span class="na">changed=</span><span class="s">&quot;1&quot;</span> <span class="na">churn=</span><span class="s">&quot;216&quot;</span> <span class="nt">/&gt;</span></div><div class='line' id='LC1129'>&nbsp;&nbsp;&nbsp;&nbsp;&nbsp;&nbsp;&nbsp;&nbsp;&nbsp;&nbsp;&nbsp;&nbsp;&nbsp;&nbsp;&nbsp;&nbsp;<span class="nt">&lt;version</span> <span class="na">num=</span><span class="s">&quot;270&quot;</span> <span class="na">curr_loc=</span><span class="s">&quot;216&quot;</span> <span class="na">changed=</span><span class="s">&quot;1&quot;</span> <span class="na">churn=</span><span class="s">&quot;216&quot;</span> <span class="nt">/&gt;</span></div><div class='line' id='LC1130'>&nbsp;&nbsp;&nbsp;&nbsp;&nbsp;&nbsp;&nbsp;&nbsp;&nbsp;&nbsp;&nbsp;&nbsp;&nbsp;&nbsp;&nbsp;&nbsp;<span class="nt">&lt;version</span> <span class="na">num=</span><span class="s">&quot;275&quot;</span> <span class="na">curr_loc=</span><span class="s">&quot;306&quot;</span> <span class="na">changed=</span><span class="s">&quot;1&quot;</span> <span class="na">churn=</span><span class="s">&quot;306&quot;</span> <span class="nt">/&gt;</span></div><div class='line' id='LC1131'>&nbsp;&nbsp;&nbsp;&nbsp;&nbsp;&nbsp;&nbsp;&nbsp;&nbsp;&nbsp;&nbsp;&nbsp;&nbsp;&nbsp;&nbsp;&nbsp;<span class="nt">&lt;version</span> <span class="na">num=</span><span class="s">&quot;322&quot;</span> <span class="na">curr_loc=</span><span class="s">&quot;216&quot;</span> <span class="na">changed=</span><span class="s">&quot;1&quot;</span> <span class="na">churn=</span><span class="s">&quot;396&quot;</span> <span class="nt">/&gt;</span></div><div class='line' id='LC1132'>&nbsp;&nbsp;&nbsp;&nbsp;&nbsp;&nbsp;&nbsp;&nbsp;&nbsp;&nbsp;&nbsp;&nbsp;&nbsp;&nbsp;&nbsp;&nbsp;<span class="nt">&lt;version</span> <span class="na">num=</span><span class="s">&quot;347&quot;</span> <span class="na">curr_loc=</span><span class="s">&quot;194&quot;</span> <span class="na">changed=</span><span class="s">&quot;1&quot;</span> <span class="na">churn=</span><span class="s">&quot;418&quot;</span> <span class="nt">/&gt;</span></div><div class='line' id='LC1133'>&nbsp;&nbsp;&nbsp;&nbsp;&nbsp;&nbsp;&nbsp;&nbsp;&nbsp;&nbsp;&nbsp;&nbsp;&nbsp;&nbsp;&nbsp;&nbsp;<span class="nt">&lt;version</span> <span class="na">num=</span><span class="s">&quot;361&quot;</span> <span class="na">curr_loc=</span><span class="s">&quot;195&quot;</span> <span class="na">changed=</span><span class="s">&quot;1&quot;</span> <span class="na">churn=</span><span class="s">&quot;419&quot;</span> <span class="nt">/&gt;</span></div><div class='line' id='LC1134'>&nbsp;&nbsp;&nbsp;&nbsp;&nbsp;&nbsp;&nbsp;&nbsp;&nbsp;&nbsp;&nbsp;&nbsp;&nbsp;&nbsp;<span class="nt">&lt;/class&gt;</span></div><div class='line' id='LC1135'>&nbsp;&nbsp;&nbsp;&nbsp;&nbsp;&nbsp;&nbsp;&nbsp;&nbsp;&nbsp;&nbsp;&nbsp;&nbsp;&nbsp;<span class="nt">&lt;class</span> <span class="na">name=</span><span class="s">&quot;SuiteTest&quot;</span> <span class="na">type=</span><span class="s">&quot;ConcreteClass&quot;</span> <span class="na">maxLoc=</span><span class="s">&quot;167&quot;</span><span class="nt">&gt;</span></div><div class='line' id='LC1136'>&nbsp;&nbsp;&nbsp;&nbsp;&nbsp;&nbsp;&nbsp;&nbsp;&nbsp;&nbsp;&nbsp;&nbsp;&nbsp;&nbsp;&nbsp;&nbsp;<span class="nt">&lt;version</span> <span class="na">num=</span><span class="s">&quot;258&quot;</span> <span class="na">curr_loc=</span><span class="s">&quot;167&quot;</span> <span class="na">changed=</span><span class="s">&quot;1&quot;</span> <span class="na">churn=</span><span class="s">&quot;167&quot;</span> <span class="nt">/&gt;</span></div><div class='line' id='LC1137'>&nbsp;&nbsp;&nbsp;&nbsp;&nbsp;&nbsp;&nbsp;&nbsp;&nbsp;&nbsp;&nbsp;&nbsp;&nbsp;&nbsp;&nbsp;&nbsp;<span class="nt">&lt;version</span> <span class="na">num=</span><span class="s">&quot;261&quot;</span> <span class="na">curr_loc=</span><span class="s">&quot;167&quot;</span> <span class="na">changed=</span><span class="s">&quot;1&quot;</span> <span class="na">churn=</span><span class="s">&quot;167&quot;</span> <span class="nt">/&gt;</span></div><div class='line' id='LC1138'>&nbsp;&nbsp;&nbsp;&nbsp;&nbsp;&nbsp;&nbsp;&nbsp;&nbsp;&nbsp;&nbsp;&nbsp;&nbsp;&nbsp;&nbsp;&nbsp;<span class="nt">&lt;version</span> <span class="na">num=</span><span class="s">&quot;393&quot;</span> <span class="na">curr_loc=</span><span class="s">&quot;157&quot;</span> <span class="na">changed=</span><span class="s">&quot;1&quot;</span> <span class="na">churn=</span><span class="s">&quot;177&quot;</span> <span class="nt">/&gt;</span></div><div class='line' id='LC1139'>&nbsp;&nbsp;&nbsp;&nbsp;&nbsp;&nbsp;&nbsp;&nbsp;&nbsp;&nbsp;&nbsp;&nbsp;&nbsp;&nbsp;<span class="nt">&lt;/class&gt;</span></div><div class='line' id='LC1140'>&nbsp;&nbsp;&nbsp;&nbsp;&nbsp;&nbsp;&nbsp;&nbsp;&nbsp;&nbsp;&nbsp;&nbsp;&nbsp;&nbsp;<span class="nt">&lt;class</span> <span class="na">name=</span><span class="s">&quot;UseSuiteAsASuperclassTest&quot;</span> <span class="na">type=</span><span class="s">&quot;ConcreteClass&quot;</span> <span class="na">maxLoc=</span><span class="s">&quot;44&quot;</span><span class="nt">&gt;</span></div><div class='line' id='LC1141'>&nbsp;&nbsp;&nbsp;&nbsp;&nbsp;&nbsp;&nbsp;&nbsp;&nbsp;&nbsp;&nbsp;&nbsp;&nbsp;&nbsp;&nbsp;&nbsp;<span class="nt">&lt;version</span> <span class="na">num=</span><span class="s">&quot;336&quot;</span> <span class="na">curr_loc=</span><span class="s">&quot;44&quot;</span> <span class="na">changed=</span><span class="s">&quot;1&quot;</span> <span class="na">churn=</span><span class="s">&quot;44&quot;</span> <span class="nt">/&gt;</span></div><div class='line' id='LC1142'>&nbsp;&nbsp;&nbsp;&nbsp;&nbsp;&nbsp;&nbsp;&nbsp;&nbsp;&nbsp;&nbsp;&nbsp;&nbsp;&nbsp;&nbsp;&nbsp;<span class="nt">&lt;version</span> <span class="na">num=</span><span class="s">&quot;337&quot;</span> <span class="na">curr_loc=</span><span class="s">&quot;44&quot;</span> <span class="na">changed=</span><span class="s">&quot;1&quot;</span> <span class="na">churn=</span><span class="s">&quot;44&quot;</span> <span class="nt">/&gt;</span></div><div class='line' id='LC1143'>&nbsp;&nbsp;&nbsp;&nbsp;&nbsp;&nbsp;&nbsp;&nbsp;&nbsp;&nbsp;&nbsp;&nbsp;&nbsp;&nbsp;&nbsp;&nbsp;<span class="nt">&lt;version</span> <span class="na">num=</span><span class="s">&quot;345&quot;</span> <span class="na">curr_loc=</span><span class="s">&quot;43&quot;</span> <span class="na">changed=</span><span class="s">&quot;1&quot;</span> <span class="na">churn=</span><span class="s">&quot;45&quot;</span> <span class="nt">/&gt;</span></div><div class='line' id='LC1144'>&nbsp;&nbsp;&nbsp;&nbsp;&nbsp;&nbsp;&nbsp;&nbsp;&nbsp;&nbsp;&nbsp;&nbsp;&nbsp;&nbsp;<span class="nt">&lt;/class&gt;</span></div><div class='line' id='LC1145'>&nbsp;&nbsp;&nbsp;&nbsp;&nbsp;&nbsp;&nbsp;&nbsp;&nbsp;&nbsp;&nbsp;&nbsp;&nbsp;&nbsp;<span class="nt">&lt;class</span> <span class="na">name=</span><span class="s">&quot;EnclosedTest&quot;</span> <span class="na">type=</span><span class="s">&quot;ConcreteClass&quot;</span> <span class="na">maxLoc=</span><span class="s">&quot;40&quot;</span><span class="nt">&gt;</span></div><div class='line' id='LC1146'>&nbsp;&nbsp;&nbsp;&nbsp;&nbsp;&nbsp;&nbsp;&nbsp;&nbsp;&nbsp;&nbsp;&nbsp;&nbsp;&nbsp;&nbsp;&nbsp;<span class="nt">&lt;version</span> <span class="na">num=</span><span class="s">&quot;361&quot;</span> <span class="na">curr_loc=</span><span class="s">&quot;40&quot;</span> <span class="na">changed=</span><span class="s">&quot;1&quot;</span> <span class="na">churn=</span><span class="s">&quot;40&quot;</span> <span class="nt">/&gt;</span></div><div class='line' id='LC1147'>&nbsp;&nbsp;&nbsp;&nbsp;&nbsp;&nbsp;&nbsp;&nbsp;&nbsp;&nbsp;&nbsp;&nbsp;&nbsp;&nbsp;<span class="nt">&lt;/class&gt;</span></div><div class='line' id='LC1148'>&nbsp;&nbsp;&nbsp;&nbsp;&nbsp;&nbsp;&nbsp;&nbsp;&nbsp;&nbsp;&nbsp;&nbsp;&nbsp;&nbsp;<span class="nt">&lt;class</span> <span class="na">name=</span><span class="s">&quot;IgnoreClassTest&quot;</span> <span class="na">type=</span><span class="s">&quot;ConcreteClass&quot;</span> <span class="na">maxLoc=</span><span class="s">&quot;39&quot;</span><span class="nt">&gt;</span></div><div class='line' id='LC1149'>&nbsp;&nbsp;&nbsp;&nbsp;&nbsp;&nbsp;&nbsp;&nbsp;&nbsp;&nbsp;&nbsp;&nbsp;&nbsp;&nbsp;&nbsp;&nbsp;<span class="nt">&lt;version</span> <span class="na">num=</span><span class="s">&quot;367&quot;</span> <span class="na">curr_loc=</span><span class="s">&quot;26&quot;</span> <span class="na">changed=</span><span class="s">&quot;1&quot;</span> <span class="na">churn=</span><span class="s">&quot;26&quot;</span> <span class="nt">/&gt;</span></div><div class='line' id='LC1150'>&nbsp;&nbsp;&nbsp;&nbsp;&nbsp;&nbsp;&nbsp;&nbsp;&nbsp;&nbsp;&nbsp;&nbsp;&nbsp;&nbsp;&nbsp;&nbsp;<span class="nt">&lt;version</span> <span class="na">num=</span><span class="s">&quot;384&quot;</span> <span class="na">curr_loc=</span><span class="s">&quot;39&quot;</span> <span class="na">changed=</span><span class="s">&quot;1&quot;</span> <span class="na">churn=</span><span class="s">&quot;39&quot;</span> <span class="nt">/&gt;</span></div><div class='line' id='LC1151'>&nbsp;&nbsp;&nbsp;&nbsp;&nbsp;&nbsp;&nbsp;&nbsp;&nbsp;&nbsp;&nbsp;&nbsp;&nbsp;&nbsp;&nbsp;&nbsp;<span class="nt">&lt;version</span> <span class="na">num=</span><span class="s">&quot;431&quot;</span> <span class="na">curr_loc=</span><span class="s">&quot;34&quot;</span> <span class="na">changed=</span><span class="s">&quot;1&quot;</span> <span class="na">churn=</span><span class="s">&quot;44&quot;</span> <span class="nt">/&gt;</span></div><div class='line' id='LC1152'>&nbsp;&nbsp;&nbsp;&nbsp;&nbsp;&nbsp;&nbsp;&nbsp;&nbsp;&nbsp;&nbsp;&nbsp;&nbsp;&nbsp;<span class="nt">&lt;/class&gt;</span></div><div class='line' id='LC1153'>&nbsp;&nbsp;&nbsp;&nbsp;&nbsp;&nbsp;&nbsp;&nbsp;&nbsp;&nbsp;&nbsp;&nbsp;<span class="nt">&lt;/package&gt;</span></div><div class='line' id='LC1154'>&nbsp;&nbsp;&nbsp;&nbsp;&nbsp;&nbsp;&nbsp;&nbsp;&nbsp;&nbsp;&nbsp;&nbsp;<span class="nt">&lt;package</span> <span class="na">name=</span><span class="s">&quot;methods&quot;</span><span class="nt">&gt;</span></div><div class='line' id='LC1155'>&nbsp;&nbsp;&nbsp;&nbsp;&nbsp;&nbsp;&nbsp;&nbsp;&nbsp;&nbsp;&nbsp;&nbsp;&nbsp;&nbsp;<span class="nt">&lt;class</span> <span class="na">name=</span><span class="s">&quot;AnnotationTest&quot;</span> <span class="na">type=</span><span class="s">&quot;ConcreteClass&quot;</span> <span class="na">maxLoc=</span><span class="s">&quot;521&quot;</span><span class="nt">&gt;</span></div><div class='line' id='LC1156'>&nbsp;&nbsp;&nbsp;&nbsp;&nbsp;&nbsp;&nbsp;&nbsp;&nbsp;&nbsp;&nbsp;&nbsp;&nbsp;&nbsp;&nbsp;&nbsp;<span class="nt">&lt;version</span> <span class="na">num=</span><span class="s">&quot;121&quot;</span> <span class="na">curr_loc=</span><span class="s">&quot;520&quot;</span> <span class="na">changed=</span><span class="s">&quot;1&quot;</span> <span class="na">churn=</span><span class="s">&quot;520&quot;</span> <span class="nt">/&gt;</span></div><div class='line' id='LC1157'>&nbsp;&nbsp;&nbsp;&nbsp;&nbsp;&nbsp;&nbsp;&nbsp;&nbsp;&nbsp;&nbsp;&nbsp;&nbsp;&nbsp;&nbsp;&nbsp;<span class="nt">&lt;version</span> <span class="na">num=</span><span class="s">&quot;174&quot;</span> <span class="na">curr_loc=</span><span class="s">&quot;520&quot;</span> <span class="na">changed=</span><span class="s">&quot;1&quot;</span> <span class="na">churn=</span><span class="s">&quot;520&quot;</span> <span class="nt">/&gt;</span></div><div class='line' id='LC1158'>&nbsp;&nbsp;&nbsp;&nbsp;&nbsp;&nbsp;&nbsp;&nbsp;&nbsp;&nbsp;&nbsp;&nbsp;&nbsp;&nbsp;&nbsp;&nbsp;<span class="nt">&lt;version</span> <span class="na">num=</span><span class="s">&quot;180&quot;</span> <span class="na">curr_loc=</span><span class="s">&quot;520&quot;</span> <span class="na">changed=</span><span class="s">&quot;1&quot;</span> <span class="na">churn=</span><span class="s">&quot;520&quot;</span> <span class="nt">/&gt;</span></div><div class='line' id='LC1159'>&nbsp;&nbsp;&nbsp;&nbsp;&nbsp;&nbsp;&nbsp;&nbsp;&nbsp;&nbsp;&nbsp;&nbsp;&nbsp;&nbsp;&nbsp;&nbsp;<span class="nt">&lt;version</span> <span class="na">num=</span><span class="s">&quot;182&quot;</span> <span class="na">curr_loc=</span><span class="s">&quot;520&quot;</span> <span class="na">changed=</span><span class="s">&quot;1&quot;</span> <span class="na">churn=</span><span class="s">&quot;520&quot;</span> <span class="nt">/&gt;</span></div><div class='line' id='LC1160'>&nbsp;&nbsp;&nbsp;&nbsp;&nbsp;&nbsp;&nbsp;&nbsp;&nbsp;&nbsp;&nbsp;&nbsp;&nbsp;&nbsp;&nbsp;&nbsp;<span class="nt">&lt;version</span> <span class="na">num=</span><span class="s">&quot;184&quot;</span> <span class="na">curr_loc=</span><span class="s">&quot;520&quot;</span> <span class="na">changed=</span><span class="s">&quot;1&quot;</span> <span class="na">churn=</span><span class="s">&quot;520&quot;</span> <span class="nt">/&gt;</span></div><div class='line' id='LC1161'>&nbsp;&nbsp;&nbsp;&nbsp;&nbsp;&nbsp;&nbsp;&nbsp;&nbsp;&nbsp;&nbsp;&nbsp;&nbsp;&nbsp;&nbsp;&nbsp;<span class="nt">&lt;version</span> <span class="na">num=</span><span class="s">&quot;287&quot;</span> <span class="na">curr_loc=</span><span class="s">&quot;520&quot;</span> <span class="na">changed=</span><span class="s">&quot;1&quot;</span> <span class="na">churn=</span><span class="s">&quot;520&quot;</span> <span class="nt">/&gt;</span></div><div class='line' id='LC1162'>&nbsp;&nbsp;&nbsp;&nbsp;&nbsp;&nbsp;&nbsp;&nbsp;&nbsp;&nbsp;&nbsp;&nbsp;&nbsp;&nbsp;&nbsp;&nbsp;<span class="nt">&lt;version</span> <span class="na">num=</span><span class="s">&quot;313&quot;</span> <span class="na">curr_loc=</span><span class="s">&quot;521&quot;</span> <span class="na">changed=</span><span class="s">&quot;1&quot;</span> <span class="na">churn=</span><span class="s">&quot;521&quot;</span> <span class="nt">/&gt;</span></div><div class='line' id='LC1163'>&nbsp;&nbsp;&nbsp;&nbsp;&nbsp;&nbsp;&nbsp;&nbsp;&nbsp;&nbsp;&nbsp;&nbsp;&nbsp;&nbsp;<span class="nt">&lt;/class&gt;</span></div><div class='line' id='LC1164'>&nbsp;&nbsp;&nbsp;&nbsp;&nbsp;&nbsp;&nbsp;&nbsp;&nbsp;&nbsp;&nbsp;&nbsp;&nbsp;&nbsp;<span class="nt">&lt;class</span> <span class="na">name=</span><span class="s">&quot;TimeoutTest&quot;</span> <span class="na">type=</span><span class="s">&quot;ConcreteClass&quot;</span> <span class="na">maxLoc=</span><span class="s">&quot;170&quot;</span><span class="nt">&gt;</span></div><div class='line' id='LC1165'>&nbsp;&nbsp;&nbsp;&nbsp;&nbsp;&nbsp;&nbsp;&nbsp;&nbsp;&nbsp;&nbsp;&nbsp;&nbsp;&nbsp;&nbsp;&nbsp;<span class="nt">&lt;version</span> <span class="na">num=</span><span class="s">&quot;121&quot;</span> <span class="na">curr_loc=</span><span class="s">&quot;170&quot;</span> <span class="na">changed=</span><span class="s">&quot;1&quot;</span> <span class="na">churn=</span><span class="s">&quot;170&quot;</span> <span class="nt">/&gt;</span></div><div class='line' id='LC1166'>&nbsp;&nbsp;&nbsp;&nbsp;&nbsp;&nbsp;&nbsp;&nbsp;&nbsp;&nbsp;&nbsp;&nbsp;&nbsp;&nbsp;&nbsp;&nbsp;<span class="nt">&lt;version</span> <span class="na">num=</span><span class="s">&quot;182&quot;</span> <span class="na">curr_loc=</span><span class="s">&quot;170&quot;</span> <span class="na">changed=</span><span class="s">&quot;1&quot;</span> <span class="na">churn=</span><span class="s">&quot;170&quot;</span> <span class="nt">/&gt;</span></div><div class='line' id='LC1167'>&nbsp;&nbsp;&nbsp;&nbsp;&nbsp;&nbsp;&nbsp;&nbsp;&nbsp;&nbsp;&nbsp;&nbsp;&nbsp;&nbsp;&nbsp;&nbsp;<span class="nt">&lt;version</span> <span class="na">num=</span><span class="s">&quot;184&quot;</span> <span class="na">curr_loc=</span><span class="s">&quot;170&quot;</span> <span class="na">changed=</span><span class="s">&quot;1&quot;</span> <span class="na">churn=</span><span class="s">&quot;170&quot;</span> <span class="nt">/&gt;</span></div><div class='line' id='LC1168'>&nbsp;&nbsp;&nbsp;&nbsp;&nbsp;&nbsp;&nbsp;&nbsp;&nbsp;&nbsp;&nbsp;&nbsp;&nbsp;&nbsp;&nbsp;&nbsp;<span class="nt">&lt;version</span> <span class="na">num=</span><span class="s">&quot;267&quot;</span> <span class="na">curr_loc=</span><span class="s">&quot;170&quot;</span> <span class="na">changed=</span><span class="s">&quot;1&quot;</span> <span class="na">churn=</span><span class="s">&quot;170&quot;</span> <span class="nt">/&gt;</span></div><div class='line' id='LC1169'>&nbsp;&nbsp;&nbsp;&nbsp;&nbsp;&nbsp;&nbsp;&nbsp;&nbsp;&nbsp;&nbsp;&nbsp;&nbsp;&nbsp;&nbsp;&nbsp;<span class="nt">&lt;version</span> <span class="na">num=</span><span class="s">&quot;269&quot;</span> <span class="na">curr_loc=</span><span class="s">&quot;170&quot;</span> <span class="na">changed=</span><span class="s">&quot;1&quot;</span> <span class="na">churn=</span><span class="s">&quot;170&quot;</span> <span class="nt">/&gt;</span></div><div class='line' id='LC1170'>&nbsp;&nbsp;&nbsp;&nbsp;&nbsp;&nbsp;&nbsp;&nbsp;&nbsp;&nbsp;&nbsp;&nbsp;&nbsp;&nbsp;&nbsp;&nbsp;<span class="nt">&lt;version</span> <span class="na">num=</span><span class="s">&quot;290&quot;</span> <span class="na">curr_loc=</span><span class="s">&quot;170&quot;</span> <span class="na">changed=</span><span class="s">&quot;1&quot;</span> <span class="na">churn=</span><span class="s">&quot;170&quot;</span> <span class="nt">/&gt;</span></div><div class='line' id='LC1171'>&nbsp;&nbsp;&nbsp;&nbsp;&nbsp;&nbsp;&nbsp;&nbsp;&nbsp;&nbsp;&nbsp;&nbsp;&nbsp;&nbsp;&nbsp;&nbsp;<span class="nt">&lt;version</span> <span class="na">num=</span><span class="s">&quot;369&quot;</span> <span class="na">curr_loc=</span><span class="s">&quot;165&quot;</span> <span class="na">changed=</span><span class="s">&quot;1&quot;</span> <span class="na">churn=</span><span class="s">&quot;175&quot;</span> <span class="nt">/&gt;</span></div><div class='line' id='LC1172'>&nbsp;&nbsp;&nbsp;&nbsp;&nbsp;&nbsp;&nbsp;&nbsp;&nbsp;&nbsp;&nbsp;&nbsp;&nbsp;&nbsp;<span class="nt">&lt;/class&gt;</span></div><div class='line' id='LC1173'>&nbsp;&nbsp;&nbsp;&nbsp;&nbsp;&nbsp;&nbsp;&nbsp;&nbsp;&nbsp;&nbsp;&nbsp;&nbsp;&nbsp;<span class="nt">&lt;class</span> <span class="na">name=</span><span class="s">&quot;TestMethodTest&quot;</span> <span class="na">type=</span><span class="s">&quot;ConcreteClass&quot;</span> <span class="na">maxLoc=</span><span class="s">&quot;149&quot;</span><span class="nt">&gt;</span></div><div class='line' id='LC1174'>&nbsp;&nbsp;&nbsp;&nbsp;&nbsp;&nbsp;&nbsp;&nbsp;&nbsp;&nbsp;&nbsp;&nbsp;&nbsp;&nbsp;&nbsp;&nbsp;<span class="nt">&lt;version</span> <span class="na">num=</span><span class="s">&quot;284&quot;</span> <span class="na">curr_loc=</span><span class="s">&quot;147&quot;</span> <span class="na">changed=</span><span class="s">&quot;1&quot;</span> <span class="na">churn=</span><span class="s">&quot;147&quot;</span> <span class="nt">/&gt;</span></div><div class='line' id='LC1175'>&nbsp;&nbsp;&nbsp;&nbsp;&nbsp;&nbsp;&nbsp;&nbsp;&nbsp;&nbsp;&nbsp;&nbsp;&nbsp;&nbsp;&nbsp;&nbsp;<span class="nt">&lt;version</span> <span class="na">num=</span><span class="s">&quot;285&quot;</span> <span class="na">curr_loc=</span><span class="s">&quot;147&quot;</span> <span class="na">changed=</span><span class="s">&quot;1&quot;</span> <span class="na">churn=</span><span class="s">&quot;147&quot;</span> <span class="nt">/&gt;</span></div><div class='line' id='LC1176'>&nbsp;&nbsp;&nbsp;&nbsp;&nbsp;&nbsp;&nbsp;&nbsp;&nbsp;&nbsp;&nbsp;&nbsp;&nbsp;&nbsp;&nbsp;&nbsp;<span class="nt">&lt;version</span> <span class="na">num=</span><span class="s">&quot;308&quot;</span> <span class="na">curr_loc=</span><span class="s">&quot;146&quot;</span> <span class="na">changed=</span><span class="s">&quot;1&quot;</span> <span class="na">churn=</span><span class="s">&quot;148&quot;</span> <span class="nt">/&gt;</span></div><div class='line' id='LC1177'>&nbsp;&nbsp;&nbsp;&nbsp;&nbsp;&nbsp;&nbsp;&nbsp;&nbsp;&nbsp;&nbsp;&nbsp;&nbsp;&nbsp;&nbsp;&nbsp;<span class="nt">&lt;version</span> <span class="na">num=</span><span class="s">&quot;325&quot;</span> <span class="na">curr_loc=</span><span class="s">&quot;149&quot;</span> <span class="na">changed=</span><span class="s">&quot;1&quot;</span> <span class="na">churn=</span><span class="s">&quot;151&quot;</span> <span class="nt">/&gt;</span></div><div class='line' id='LC1178'>&nbsp;&nbsp;&nbsp;&nbsp;&nbsp;&nbsp;&nbsp;&nbsp;&nbsp;&nbsp;&nbsp;&nbsp;&nbsp;&nbsp;&nbsp;&nbsp;<span class="nt">&lt;version</span> <span class="na">num=</span><span class="s">&quot;327&quot;</span> <span class="na">curr_loc=</span><span class="s">&quot;137&quot;</span> <span class="na">changed=</span><span class="s">&quot;1&quot;</span> <span class="na">churn=</span><span class="s">&quot;163&quot;</span> <span class="nt">/&gt;</span></div><div class='line' id='LC1179'>&nbsp;&nbsp;&nbsp;&nbsp;&nbsp;&nbsp;&nbsp;&nbsp;&nbsp;&nbsp;&nbsp;&nbsp;&nbsp;&nbsp;&nbsp;&nbsp;<span class="nt">&lt;version</span> <span class="na">num=</span><span class="s">&quot;331&quot;</span> <span class="na">curr_loc=</span><span class="s">&quot;140&quot;</span> <span class="na">changed=</span><span class="s">&quot;1&quot;</span> <span class="na">churn=</span><span class="s">&quot;166&quot;</span> <span class="nt">/&gt;</span></div><div class='line' id='LC1180'>&nbsp;&nbsp;&nbsp;&nbsp;&nbsp;&nbsp;&nbsp;&nbsp;&nbsp;&nbsp;&nbsp;&nbsp;&nbsp;&nbsp;&nbsp;&nbsp;<span class="nt">&lt;version</span> <span class="na">num=</span><span class="s">&quot;336&quot;</span> <span class="na">curr_loc=</span><span class="s">&quot;140&quot;</span> <span class="na">changed=</span><span class="s">&quot;1&quot;</span> <span class="na">churn=</span><span class="s">&quot;166&quot;</span> <span class="nt">/&gt;</span></div><div class='line' id='LC1181'>&nbsp;&nbsp;&nbsp;&nbsp;&nbsp;&nbsp;&nbsp;&nbsp;&nbsp;&nbsp;&nbsp;&nbsp;&nbsp;&nbsp;&nbsp;&nbsp;<span class="nt">&lt;version</span> <span class="na">num=</span><span class="s">&quot;337&quot;</span> <span class="na">curr_loc=</span><span class="s">&quot;140&quot;</span> <span class="na">changed=</span><span class="s">&quot;1&quot;</span> <span class="na">churn=</span><span class="s">&quot;166&quot;</span> <span class="nt">/&gt;</span></div><div class='line' id='LC1182'>&nbsp;&nbsp;&nbsp;&nbsp;&nbsp;&nbsp;&nbsp;&nbsp;&nbsp;&nbsp;&nbsp;&nbsp;&nbsp;&nbsp;&nbsp;&nbsp;<span class="nt">&lt;version</span> <span class="na">num=</span><span class="s">&quot;344&quot;</span> <span class="na">curr_loc=</span><span class="s">&quot;140&quot;</span> <span class="na">changed=</span><span class="s">&quot;1&quot;</span> <span class="na">churn=</span><span class="s">&quot;166&quot;</span> <span class="nt">/&gt;</span></div><div class='line' id='LC1183'>&nbsp;&nbsp;&nbsp;&nbsp;&nbsp;&nbsp;&nbsp;&nbsp;&nbsp;&nbsp;&nbsp;&nbsp;&nbsp;&nbsp;&nbsp;&nbsp;<span class="nt">&lt;version</span> <span class="na">num=</span><span class="s">&quot;350&quot;</span> <span class="na">curr_loc=</span><span class="s">&quot;140&quot;</span> <span class="na">changed=</span><span class="s">&quot;1&quot;</span> <span class="na">churn=</span><span class="s">&quot;166&quot;</span> <span class="nt">/&gt;</span></div><div class='line' id='LC1184'>&nbsp;&nbsp;&nbsp;&nbsp;&nbsp;&nbsp;&nbsp;&nbsp;&nbsp;&nbsp;&nbsp;&nbsp;&nbsp;&nbsp;&nbsp;&nbsp;<span class="nt">&lt;version</span> <span class="na">num=</span><span class="s">&quot;432&quot;</span> <span class="na">curr_loc=</span><span class="s">&quot;140&quot;</span> <span class="na">changed=</span><span class="s">&quot;1&quot;</span> <span class="na">churn=</span><span class="s">&quot;166&quot;</span> <span class="nt">/&gt;</span></div><div class='line' id='LC1185'>&nbsp;&nbsp;&nbsp;&nbsp;&nbsp;&nbsp;&nbsp;&nbsp;&nbsp;&nbsp;&nbsp;&nbsp;&nbsp;&nbsp;<span class="nt">&lt;/class&gt;</span></div><div class='line' id='LC1186'>&nbsp;&nbsp;&nbsp;&nbsp;&nbsp;&nbsp;&nbsp;&nbsp;&nbsp;&nbsp;&nbsp;&nbsp;&nbsp;&nbsp;<span class="nt">&lt;class</span> <span class="na">name=</span><span class="s">&quot;ParameterizedTestMethodTest&quot;</span> <span class="na">type=</span><span class="s">&quot;ConcreteClass&quot;</span> <span class="na">maxLoc=</span><span class="s">&quot;102&quot;</span><span class="nt">&gt;</span></div><div class='line' id='LC1187'>&nbsp;&nbsp;&nbsp;&nbsp;&nbsp;&nbsp;&nbsp;&nbsp;&nbsp;&nbsp;&nbsp;&nbsp;&nbsp;&nbsp;&nbsp;&nbsp;<span class="nt">&lt;version</span> <span class="na">num=</span><span class="s">&quot;336&quot;</span> <span class="na">curr_loc=</span><span class="s">&quot;102&quot;</span> <span class="na">changed=</span><span class="s">&quot;1&quot;</span> <span class="na">churn=</span><span class="s">&quot;102&quot;</span> <span class="nt">/&gt;</span></div><div class='line' id='LC1188'>&nbsp;&nbsp;&nbsp;&nbsp;&nbsp;&nbsp;&nbsp;&nbsp;&nbsp;&nbsp;&nbsp;&nbsp;&nbsp;&nbsp;&nbsp;&nbsp;<span class="nt">&lt;version</span> <span class="na">num=</span><span class="s">&quot;337&quot;</span> <span class="na">curr_loc=</span><span class="s">&quot;102&quot;</span> <span class="na">changed=</span><span class="s">&quot;1&quot;</span> <span class="na">churn=</span><span class="s">&quot;102&quot;</span> <span class="nt">/&gt;</span></div><div class='line' id='LC1189'>&nbsp;&nbsp;&nbsp;&nbsp;&nbsp;&nbsp;&nbsp;&nbsp;&nbsp;&nbsp;&nbsp;&nbsp;&nbsp;&nbsp;&nbsp;&nbsp;<span class="nt">&lt;version</span> <span class="na">num=</span><span class="s">&quot;344&quot;</span> <span class="na">curr_loc=</span><span class="s">&quot;102&quot;</span> <span class="na">changed=</span><span class="s">&quot;1&quot;</span> <span class="na">churn=</span><span class="s">&quot;102&quot;</span> <span class="nt">/&gt;</span></div><div class='line' id='LC1190'>&nbsp;&nbsp;&nbsp;&nbsp;&nbsp;&nbsp;&nbsp;&nbsp;&nbsp;&nbsp;&nbsp;&nbsp;&nbsp;&nbsp;&nbsp;&nbsp;<span class="nt">&lt;version</span> <span class="na">num=</span><span class="s">&quot;350&quot;</span> <span class="na">curr_loc=</span><span class="s">&quot;102&quot;</span> <span class="na">changed=</span><span class="s">&quot;1&quot;</span> <span class="na">churn=</span><span class="s">&quot;102&quot;</span> <span class="nt">/&gt;</span></div><div class='line' id='LC1191'>&nbsp;&nbsp;&nbsp;&nbsp;&nbsp;&nbsp;&nbsp;&nbsp;&nbsp;&nbsp;&nbsp;&nbsp;&nbsp;&nbsp;&nbsp;&nbsp;<span class="nt">&lt;version</span> <span class="na">num=</span><span class="s">&quot;432&quot;</span> <span class="na">curr_loc=</span><span class="s">&quot;102&quot;</span> <span class="na">changed=</span><span class="s">&quot;1&quot;</span> <span class="na">churn=</span><span class="s">&quot;102&quot;</span> <span class="nt">/&gt;</span></div><div class='line' id='LC1192'>&nbsp;&nbsp;&nbsp;&nbsp;&nbsp;&nbsp;&nbsp;&nbsp;&nbsp;&nbsp;&nbsp;&nbsp;&nbsp;&nbsp;<span class="nt">&lt;/class&gt;</span></div><div class='line' id='LC1193'>&nbsp;&nbsp;&nbsp;&nbsp;&nbsp;&nbsp;&nbsp;&nbsp;&nbsp;&nbsp;&nbsp;&nbsp;<span class="nt">&lt;/package&gt;</span></div><div class='line' id='LC1194'>&nbsp;&nbsp;&nbsp;&nbsp;&nbsp;&nbsp;&nbsp;&nbsp;&nbsp;&nbsp;<span class="nt">&lt;/package&gt;</span></div><div class='line' id='LC1195'>&nbsp;&nbsp;&nbsp;&nbsp;&nbsp;&nbsp;&nbsp;&nbsp;&nbsp;&nbsp;<span class="nt">&lt;package</span> <span class="na">name=</span><span class="s">&quot;manipulation&quot;</span><span class="nt">&gt;</span></div><div class='line' id='LC1196'>&nbsp;&nbsp;&nbsp;&nbsp;&nbsp;&nbsp;&nbsp;&nbsp;&nbsp;&nbsp;&nbsp;&nbsp;<span class="nt">&lt;class</span> <span class="na">name=</span><span class="s">&quot;FilterTest&quot;</span> <span class="na">type=</span><span class="s">&quot;ConcreteClass&quot;</span> <span class="na">maxLoc=</span><span class="s">&quot;34&quot;</span><span class="nt">&gt;</span></div><div class='line' id='LC1197'>&nbsp;&nbsp;&nbsp;&nbsp;&nbsp;&nbsp;&nbsp;&nbsp;&nbsp;&nbsp;&nbsp;&nbsp;&nbsp;&nbsp;<span class="nt">&lt;version</span> <span class="na">num=</span><span class="s">&quot;4&quot;</span> <span class="na">curr_loc=</span><span class="s">&quot;34&quot;</span> <span class="na">changed=</span><span class="s">&quot;1&quot;</span> <span class="na">churn=</span><span class="s">&quot;34&quot;</span> <span class="nt">/&gt;</span></div><div class='line' id='LC1198'>&nbsp;&nbsp;&nbsp;&nbsp;&nbsp;&nbsp;&nbsp;&nbsp;&nbsp;&nbsp;&nbsp;&nbsp;<span class="nt">&lt;/class&gt;</span></div><div class='line' id='LC1199'>&nbsp;&nbsp;&nbsp;&nbsp;&nbsp;&nbsp;&nbsp;&nbsp;&nbsp;&nbsp;&nbsp;&nbsp;<span class="nt">&lt;class</span> <span class="na">name=</span><span class="s">&quot;SingleMethodTest&quot;</span> <span class="na">type=</span><span class="s">&quot;ConcreteClass&quot;</span> <span class="na">maxLoc=</span><span class="s">&quot;169&quot;</span><span class="nt">&gt;</span></div><div class='line' id='LC1200'>&nbsp;&nbsp;&nbsp;&nbsp;&nbsp;&nbsp;&nbsp;&nbsp;&nbsp;&nbsp;&nbsp;&nbsp;&nbsp;&nbsp;<span class="nt">&lt;version</span> <span class="na">num=</span><span class="s">&quot;54&quot;</span> <span class="na">curr_loc=</span><span class="s">&quot;168&quot;</span> <span class="na">changed=</span><span class="s">&quot;1&quot;</span> <span class="na">churn=</span><span class="s">&quot;168&quot;</span> <span class="nt">/&gt;</span></div><div class='line' id='LC1201'>&nbsp;&nbsp;&nbsp;&nbsp;&nbsp;&nbsp;&nbsp;&nbsp;&nbsp;&nbsp;&nbsp;&nbsp;&nbsp;&nbsp;<span class="nt">&lt;version</span> <span class="na">num=</span><span class="s">&quot;62&quot;</span> <span class="na">curr_loc=</span><span class="s">&quot;168&quot;</span> <span class="na">changed=</span><span class="s">&quot;1&quot;</span> <span class="na">churn=</span><span class="s">&quot;168&quot;</span> <span class="nt">/&gt;</span></div><div class='line' id='LC1202'>&nbsp;&nbsp;&nbsp;&nbsp;&nbsp;&nbsp;&nbsp;&nbsp;&nbsp;&nbsp;&nbsp;&nbsp;&nbsp;&nbsp;<span class="nt">&lt;version</span> <span class="na">num=</span><span class="s">&quot;72&quot;</span> <span class="na">curr_loc=</span><span class="s">&quot;169&quot;</span> <span class="na">changed=</span><span class="s">&quot;1&quot;</span> <span class="na">churn=</span><span class="s">&quot;169&quot;</span> <span class="nt">/&gt;</span></div><div class='line' id='LC1203'>&nbsp;&nbsp;&nbsp;&nbsp;&nbsp;&nbsp;&nbsp;&nbsp;&nbsp;&nbsp;&nbsp;&nbsp;&nbsp;&nbsp;<span class="nt">&lt;version</span> <span class="na">num=</span><span class="s">&quot;73&quot;</span> <span class="na">curr_loc=</span><span class="s">&quot;169&quot;</span> <span class="na">changed=</span><span class="s">&quot;1&quot;</span> <span class="na">churn=</span><span class="s">&quot;169&quot;</span> <span class="nt">/&gt;</span></div><div class='line' id='LC1204'>&nbsp;&nbsp;&nbsp;&nbsp;&nbsp;&nbsp;&nbsp;&nbsp;&nbsp;&nbsp;&nbsp;&nbsp;&nbsp;&nbsp;<span class="nt">&lt;version</span> <span class="na">num=</span><span class="s">&quot;361&quot;</span> <span class="na">curr_loc=</span><span class="s">&quot;168&quot;</span> <span class="na">changed=</span><span class="s">&quot;1&quot;</span> <span class="na">churn=</span><span class="s">&quot;170&quot;</span> <span class="nt">/&gt;</span></div><div class='line' id='LC1205'>&nbsp;&nbsp;&nbsp;&nbsp;&nbsp;&nbsp;&nbsp;&nbsp;&nbsp;&nbsp;&nbsp;&nbsp;<span class="nt">&lt;/class&gt;</span></div><div class='line' id='LC1206'>&nbsp;&nbsp;&nbsp;&nbsp;&nbsp;&nbsp;&nbsp;&nbsp;&nbsp;&nbsp;&nbsp;&nbsp;<span class="nt">&lt;class</span> <span class="na">name=</span><span class="s">&quot;FilterableTest&quot;</span> <span class="na">type=</span><span class="s">&quot;ConcreteClass&quot;</span> <span class="na">maxLoc=</span><span class="s">&quot;66&quot;</span><span class="nt">&gt;</span></div><div class='line' id='LC1207'>&nbsp;&nbsp;&nbsp;&nbsp;&nbsp;&nbsp;&nbsp;&nbsp;&nbsp;&nbsp;&nbsp;&nbsp;&nbsp;&nbsp;<span class="nt">&lt;version</span> <span class="na">num=</span><span class="s">&quot;296&quot;</span> <span class="na">curr_loc=</span><span class="s">&quot;62&quot;</span> <span class="na">changed=</span><span class="s">&quot;1&quot;</span> <span class="na">churn=</span><span class="s">&quot;62&quot;</span> <span class="nt">/&gt;</span></div><div class='line' id='LC1208'>&nbsp;&nbsp;&nbsp;&nbsp;&nbsp;&nbsp;&nbsp;&nbsp;&nbsp;&nbsp;&nbsp;&nbsp;&nbsp;&nbsp;<span class="nt">&lt;version</span> <span class="na">num=</span><span class="s">&quot;297&quot;</span> <span class="na">curr_loc=</span><span class="s">&quot;63&quot;</span> <span class="na">changed=</span><span class="s">&quot;1&quot;</span> <span class="na">churn=</span><span class="s">&quot;63&quot;</span> <span class="nt">/&gt;</span></div><div class='line' id='LC1209'>&nbsp;&nbsp;&nbsp;&nbsp;&nbsp;&nbsp;&nbsp;&nbsp;&nbsp;&nbsp;&nbsp;&nbsp;&nbsp;&nbsp;<span class="nt">&lt;version</span> <span class="na">num=</span><span class="s">&quot;337&quot;</span> <span class="na">curr_loc=</span><span class="s">&quot;62&quot;</span> <span class="na">changed=</span><span class="s">&quot;1&quot;</span> <span class="na">churn=</span><span class="s">&quot;64&quot;</span> <span class="nt">/&gt;</span></div><div class='line' id='LC1210'>&nbsp;&nbsp;&nbsp;&nbsp;&nbsp;&nbsp;&nbsp;&nbsp;&nbsp;&nbsp;&nbsp;&nbsp;&nbsp;&nbsp;<span class="nt">&lt;version</span> <span class="na">num=</span><span class="s">&quot;342&quot;</span> <span class="na">curr_loc=</span><span class="s">&quot;63&quot;</span> <span class="na">changed=</span><span class="s">&quot;1&quot;</span> <span class="na">churn=</span><span class="s">&quot;65&quot;</span> <span class="nt">/&gt;</span></div><div class='line' id='LC1211'>&nbsp;&nbsp;&nbsp;&nbsp;&nbsp;&nbsp;&nbsp;&nbsp;&nbsp;&nbsp;&nbsp;&nbsp;&nbsp;&nbsp;<span class="nt">&lt;version</span> <span class="na">num=</span><span class="s">&quot;343&quot;</span> <span class="na">curr_loc=</span><span class="s">&quot;66&quot;</span> <span class="na">changed=</span><span class="s">&quot;1&quot;</span> <span class="na">churn=</span><span class="s">&quot;68&quot;</span> <span class="nt">/&gt;</span></div><div class='line' id='LC1212'>&nbsp;&nbsp;&nbsp;&nbsp;&nbsp;&nbsp;&nbsp;&nbsp;&nbsp;&nbsp;&nbsp;&nbsp;<span class="nt">&lt;/class&gt;</span></div><div class='line' id='LC1213'>&nbsp;&nbsp;&nbsp;&nbsp;&nbsp;&nbsp;&nbsp;&nbsp;&nbsp;&nbsp;&nbsp;&nbsp;<span class="nt">&lt;class</span> <span class="na">name=</span><span class="s">&quot;SortableTest&quot;</span> <span class="na">type=</span><span class="s">&quot;ConcreteClass&quot;</span> <span class="na">maxLoc=</span><span class="s">&quot;149&quot;</span><span class="nt">&gt;</span></div><div class='line' id='LC1214'>&nbsp;&nbsp;&nbsp;&nbsp;&nbsp;&nbsp;&nbsp;&nbsp;&nbsp;&nbsp;&nbsp;&nbsp;&nbsp;&nbsp;<span class="nt">&lt;version</span> <span class="na">num=</span><span class="s">&quot;361&quot;</span> <span class="na">curr_loc=</span><span class="s">&quot;149&quot;</span> <span class="na">changed=</span><span class="s">&quot;1&quot;</span> <span class="na">churn=</span><span class="s">&quot;149&quot;</span> <span class="nt">/&gt;</span></div><div class='line' id='LC1215'>&nbsp;&nbsp;&nbsp;&nbsp;&nbsp;&nbsp;&nbsp;&nbsp;&nbsp;&nbsp;&nbsp;&nbsp;<span class="nt">&lt;/class&gt;</span></div><div class='line' id='LC1216'>&nbsp;&nbsp;&nbsp;&nbsp;&nbsp;&nbsp;&nbsp;&nbsp;&nbsp;&nbsp;&nbsp;&nbsp;<span class="nt">&lt;class</span> <span class="na">name=</span><span class="s">&quot;CategoryTest&quot;</span> <span class="na">type=</span><span class="s">&quot;ConcreteClass&quot;</span> <span class="na">maxLoc=</span><span class="s">&quot;99&quot;</span><span class="nt">&gt;</span></div><div class='line' id='LC1217'>&nbsp;&nbsp;&nbsp;&nbsp;&nbsp;&nbsp;&nbsp;&nbsp;&nbsp;&nbsp;&nbsp;&nbsp;&nbsp;&nbsp;<span class="nt">&lt;version</span> <span class="na">num=</span><span class="s">&quot;426&quot;</span> <span class="na">curr_loc=</span><span class="s">&quot;99&quot;</span> <span class="na">changed=</span><span class="s">&quot;1&quot;</span> <span class="na">churn=</span><span class="s">&quot;99&quot;</span> <span class="nt">/&gt;</span></div><div class='line' id='LC1218'>&nbsp;&nbsp;&nbsp;&nbsp;&nbsp;&nbsp;&nbsp;&nbsp;&nbsp;&nbsp;&nbsp;&nbsp;<span class="nt">&lt;/class&gt;</span></div><div class='line' id='LC1219'>&nbsp;&nbsp;&nbsp;&nbsp;&nbsp;&nbsp;&nbsp;&nbsp;&nbsp;&nbsp;<span class="nt">&lt;/package&gt;</span></div><div class='line' id='LC1220'>&nbsp;&nbsp;&nbsp;&nbsp;&nbsp;&nbsp;&nbsp;&nbsp;&nbsp;&nbsp;<span class="nt">&lt;package</span> <span class="na">name=</span><span class="s">&quot;experimental&quot;</span><span class="nt">&gt;</span></div><div class='line' id='LC1221'>&nbsp;&nbsp;&nbsp;&nbsp;&nbsp;&nbsp;&nbsp;&nbsp;&nbsp;&nbsp;&nbsp;&nbsp;<span class="nt">&lt;package</span> <span class="na">name=</span><span class="s">&quot;rules&quot;</span><span class="nt">&gt;</span></div><div class='line' id='LC1222'>&nbsp;&nbsp;&nbsp;&nbsp;&nbsp;&nbsp;&nbsp;&nbsp;&nbsp;&nbsp;&nbsp;&nbsp;&nbsp;&nbsp;<span class="nt">&lt;class</span> <span class="na">name=</span><span class="s">&quot;ClassRulesTest&quot;</span> <span class="na">type=</span><span class="s">&quot;ConcreteClass&quot;</span> <span class="na">maxLoc=</span><span class="s">&quot;102&quot;</span><span class="nt">&gt;</span></div><div class='line' id='LC1223'>&nbsp;&nbsp;&nbsp;&nbsp;&nbsp;&nbsp;&nbsp;&nbsp;&nbsp;&nbsp;&nbsp;&nbsp;&nbsp;&nbsp;&nbsp;&nbsp;<span class="nt">&lt;version</span> <span class="na">num=</span><span class="s">&quot;6&quot;</span> <span class="na">curr_loc=</span><span class="s">&quot;101&quot;</span> <span class="na">changed=</span><span class="s">&quot;1&quot;</span> <span class="na">churn=</span><span class="s">&quot;101&quot;</span> <span class="nt">/&gt;</span></div><div class='line' id='LC1224'>&nbsp;&nbsp;&nbsp;&nbsp;&nbsp;&nbsp;&nbsp;&nbsp;&nbsp;&nbsp;&nbsp;&nbsp;&nbsp;&nbsp;&nbsp;&nbsp;<span class="nt">&lt;version</span> <span class="na">num=</span><span class="s">&quot;14&quot;</span> <span class="na">curr_loc=</span><span class="s">&quot;101&quot;</span> <span class="na">changed=</span><span class="s">&quot;1&quot;</span> <span class="na">churn=</span><span class="s">&quot;101&quot;</span> <span class="nt">/&gt;</span></div><div class='line' id='LC1225'>&nbsp;&nbsp;&nbsp;&nbsp;&nbsp;&nbsp;&nbsp;&nbsp;&nbsp;&nbsp;&nbsp;&nbsp;&nbsp;&nbsp;&nbsp;&nbsp;<span class="nt">&lt;version</span> <span class="na">num=</span><span class="s">&quot;19&quot;</span> <span class="na">curr_loc=</span><span class="s">&quot;102&quot;</span> <span class="na">changed=</span><span class="s">&quot;1&quot;</span> <span class="na">churn=</span><span class="s">&quot;102&quot;</span> <span class="nt">/&gt;</span></div><div class='line' id='LC1226'>&nbsp;&nbsp;&nbsp;&nbsp;&nbsp;&nbsp;&nbsp;&nbsp;&nbsp;&nbsp;&nbsp;&nbsp;&nbsp;&nbsp;&nbsp;&nbsp;<span class="nt">&lt;version</span> <span class="na">num=</span><span class="s">&quot;33&quot;</span> <span class="na">curr_loc=</span><span class="s">&quot;101&quot;</span> <span class="na">changed=</span><span class="s">&quot;1&quot;</span> <span class="na">churn=</span><span class="s">&quot;103&quot;</span> <span class="nt">/&gt;</span></div><div class='line' id='LC1227'>&nbsp;&nbsp;&nbsp;&nbsp;&nbsp;&nbsp;&nbsp;&nbsp;&nbsp;&nbsp;&nbsp;&nbsp;&nbsp;&nbsp;&nbsp;&nbsp;<span class="nt">&lt;version</span> <span class="na">num=</span><span class="s">&quot;35&quot;</span> <span class="na">curr_loc=</span><span class="s">&quot;101&quot;</span> <span class="na">changed=</span><span class="s">&quot;1&quot;</span> <span class="na">churn=</span><span class="s">&quot;103&quot;</span> <span class="nt">/&gt;</span></div><div class='line' id='LC1228'>&nbsp;&nbsp;&nbsp;&nbsp;&nbsp;&nbsp;&nbsp;&nbsp;&nbsp;&nbsp;&nbsp;&nbsp;&nbsp;&nbsp;&nbsp;&nbsp;<span class="nt">&lt;version</span> <span class="na">num=</span><span class="s">&quot;39&quot;</span> <span class="na">curr_loc=</span><span class="s">&quot;58&quot;</span> <span class="na">changed=</span><span class="s">&quot;1&quot;</span> <span class="na">churn=</span><span class="s">&quot;146&quot;</span> <span class="nt">/&gt;</span></div><div class='line' id='LC1229'>&nbsp;&nbsp;&nbsp;&nbsp;&nbsp;&nbsp;&nbsp;&nbsp;&nbsp;&nbsp;&nbsp;&nbsp;&nbsp;&nbsp;&nbsp;&nbsp;<span class="nt">&lt;version</span> <span class="na">num=</span><span class="s">&quot;94&quot;</span> <span class="na">curr_loc=</span><span class="s">&quot;73&quot;</span> <span class="na">changed=</span><span class="s">&quot;1&quot;</span> <span class="na">churn=</span><span class="s">&quot;161&quot;</span> <span class="nt">/&gt;</span></div><div class='line' id='LC1230'>&nbsp;&nbsp;&nbsp;&nbsp;&nbsp;&nbsp;&nbsp;&nbsp;&nbsp;&nbsp;&nbsp;&nbsp;&nbsp;&nbsp;&nbsp;&nbsp;<span class="nt">&lt;version</span> <span class="na">num=</span><span class="s">&quot;101&quot;</span> <span class="na">curr_loc=</span><span class="s">&quot;73&quot;</span> <span class="na">changed=</span><span class="s">&quot;1&quot;</span> <span class="na">churn=</span><span class="s">&quot;161&quot;</span> <span class="nt">/&gt;</span></div><div class='line' id='LC1231'>&nbsp;&nbsp;&nbsp;&nbsp;&nbsp;&nbsp;&nbsp;&nbsp;&nbsp;&nbsp;&nbsp;&nbsp;&nbsp;&nbsp;<span class="nt">&lt;/class&gt;</span></div><div class='line' id='LC1232'>&nbsp;&nbsp;&nbsp;&nbsp;&nbsp;&nbsp;&nbsp;&nbsp;&nbsp;&nbsp;&nbsp;&nbsp;&nbsp;&nbsp;<span class="nt">&lt;class</span> <span class="na">name=</span><span class="s">&quot;MethodRulesTest&quot;</span> <span class="na">type=</span><span class="s">&quot;ConcreteClass&quot;</span> <span class="na">maxLoc=</span><span class="s">&quot;276&quot;</span><span class="nt">&gt;</span></div><div class='line' id='LC1233'>&nbsp;&nbsp;&nbsp;&nbsp;&nbsp;&nbsp;&nbsp;&nbsp;&nbsp;&nbsp;&nbsp;&nbsp;&nbsp;&nbsp;&nbsp;&nbsp;<span class="nt">&lt;version</span> <span class="na">num=</span><span class="s">&quot;6&quot;</span> <span class="na">curr_loc=</span><span class="s">&quot;275&quot;</span> <span class="na">changed=</span><span class="s">&quot;1&quot;</span> <span class="na">churn=</span><span class="s">&quot;275&quot;</span> <span class="nt">/&gt;</span></div><div class='line' id='LC1234'>&nbsp;&nbsp;&nbsp;&nbsp;&nbsp;&nbsp;&nbsp;&nbsp;&nbsp;&nbsp;&nbsp;&nbsp;&nbsp;&nbsp;&nbsp;&nbsp;<span class="nt">&lt;version</span> <span class="na">num=</span><span class="s">&quot;14&quot;</span> <span class="na">curr_loc=</span><span class="s">&quot;275&quot;</span> <span class="na">changed=</span><span class="s">&quot;1&quot;</span> <span class="na">churn=</span><span class="s">&quot;275&quot;</span> <span class="nt">/&gt;</span></div><div class='line' id='LC1235'>&nbsp;&nbsp;&nbsp;&nbsp;&nbsp;&nbsp;&nbsp;&nbsp;&nbsp;&nbsp;&nbsp;&nbsp;&nbsp;&nbsp;&nbsp;&nbsp;<span class="nt">&lt;version</span> <span class="na">num=</span><span class="s">&quot;19&quot;</span> <span class="na">curr_loc=</span><span class="s">&quot;276&quot;</span> <span class="na">changed=</span><span class="s">&quot;1&quot;</span> <span class="na">churn=</span><span class="s">&quot;276&quot;</span> <span class="nt">/&gt;</span></div><div class='line' id='LC1236'>&nbsp;&nbsp;&nbsp;&nbsp;&nbsp;&nbsp;&nbsp;&nbsp;&nbsp;&nbsp;&nbsp;&nbsp;&nbsp;&nbsp;&nbsp;&nbsp;<span class="nt">&lt;version</span> <span class="na">num=</span><span class="s">&quot;31&quot;</span> <span class="na">curr_loc=</span><span class="s">&quot;275&quot;</span> <span class="na">changed=</span><span class="s">&quot;1&quot;</span> <span class="na">churn=</span><span class="s">&quot;277&quot;</span> <span class="nt">/&gt;</span></div><div class='line' id='LC1237'>&nbsp;&nbsp;&nbsp;&nbsp;&nbsp;&nbsp;&nbsp;&nbsp;&nbsp;&nbsp;&nbsp;&nbsp;&nbsp;&nbsp;<span class="nt">&lt;/class&gt;</span></div><div class='line' id='LC1238'>&nbsp;&nbsp;&nbsp;&nbsp;&nbsp;&nbsp;&nbsp;&nbsp;&nbsp;&nbsp;&nbsp;&nbsp;&nbsp;&nbsp;<span class="nt">&lt;class</span> <span class="na">name=</span><span class="s">&quot;TestRuleTest&quot;</span> <span class="na">type=</span><span class="s">&quot;ConcreteClass&quot;</span> <span class="na">maxLoc=</span><span class="s">&quot;305&quot;</span><span class="nt">&gt;</span></div><div class='line' id='LC1239'>&nbsp;&nbsp;&nbsp;&nbsp;&nbsp;&nbsp;&nbsp;&nbsp;&nbsp;&nbsp;&nbsp;&nbsp;&nbsp;&nbsp;&nbsp;&nbsp;<span class="nt">&lt;version</span> <span class="na">num=</span><span class="s">&quot;6&quot;</span> <span class="na">curr_loc=</span><span class="s">&quot;301&quot;</span> <span class="na">changed=</span><span class="s">&quot;1&quot;</span> <span class="na">churn=</span><span class="s">&quot;301&quot;</span> <span class="nt">/&gt;</span></div><div class='line' id='LC1240'>&nbsp;&nbsp;&nbsp;&nbsp;&nbsp;&nbsp;&nbsp;&nbsp;&nbsp;&nbsp;&nbsp;&nbsp;&nbsp;&nbsp;&nbsp;&nbsp;<span class="nt">&lt;version</span> <span class="na">num=</span><span class="s">&quot;14&quot;</span> <span class="na">curr_loc=</span><span class="s">&quot;301&quot;</span> <span class="na">changed=</span><span class="s">&quot;1&quot;</span> <span class="na">churn=</span><span class="s">&quot;301&quot;</span> <span class="nt">/&gt;</span></div><div class='line' id='LC1241'>&nbsp;&nbsp;&nbsp;&nbsp;&nbsp;&nbsp;&nbsp;&nbsp;&nbsp;&nbsp;&nbsp;&nbsp;&nbsp;&nbsp;&nbsp;&nbsp;<span class="nt">&lt;version</span> <span class="na">num=</span><span class="s">&quot;19&quot;</span> <span class="na">curr_loc=</span><span class="s">&quot;305&quot;</span> <span class="na">changed=</span><span class="s">&quot;1&quot;</span> <span class="na">churn=</span><span class="s">&quot;305&quot;</span> <span class="nt">/&gt;</span></div><div class='line' id='LC1242'>&nbsp;&nbsp;&nbsp;&nbsp;&nbsp;&nbsp;&nbsp;&nbsp;&nbsp;&nbsp;&nbsp;&nbsp;&nbsp;&nbsp;&nbsp;&nbsp;<span class="nt">&lt;version</span> <span class="na">num=</span><span class="s">&quot;28&quot;</span> <span class="na">curr_loc=</span><span class="s">&quot;301&quot;</span> <span class="na">changed=</span><span class="s">&quot;1&quot;</span> <span class="na">churn=</span><span class="s">&quot;309&quot;</span> <span class="nt">/&gt;</span></div><div class='line' id='LC1243'>&nbsp;&nbsp;&nbsp;&nbsp;&nbsp;&nbsp;&nbsp;&nbsp;&nbsp;&nbsp;&nbsp;&nbsp;&nbsp;&nbsp;&nbsp;&nbsp;<span class="nt">&lt;version</span> <span class="na">num=</span><span class="s">&quot;30&quot;</span> <span class="na">curr_loc=</span><span class="s">&quot;270&quot;</span> <span class="na">changed=</span><span class="s">&quot;1&quot;</span> <span class="na">churn=</span><span class="s">&quot;340&quot;</span> <span class="nt">/&gt;</span></div><div class='line' id='LC1244'>&nbsp;&nbsp;&nbsp;&nbsp;&nbsp;&nbsp;&nbsp;&nbsp;&nbsp;&nbsp;&nbsp;&nbsp;&nbsp;&nbsp;&nbsp;&nbsp;<span class="nt">&lt;version</span> <span class="na">num=</span><span class="s">&quot;31&quot;</span> <span class="na">curr_loc=</span><span class="s">&quot;271&quot;</span> <span class="na">changed=</span><span class="s">&quot;1&quot;</span> <span class="na">churn=</span><span class="s">&quot;341&quot;</span> <span class="nt">/&gt;</span></div><div class='line' id='LC1245'>&nbsp;&nbsp;&nbsp;&nbsp;&nbsp;&nbsp;&nbsp;&nbsp;&nbsp;&nbsp;&nbsp;&nbsp;&nbsp;&nbsp;&nbsp;&nbsp;<span class="nt">&lt;version</span> <span class="na">num=</span><span class="s">&quot;32&quot;</span> <span class="na">curr_loc=</span><span class="s">&quot;274&quot;</span> <span class="na">changed=</span><span class="s">&quot;1&quot;</span> <span class="na">churn=</span><span class="s">&quot;344&quot;</span> <span class="nt">/&gt;</span></div><div class='line' id='LC1246'>&nbsp;&nbsp;&nbsp;&nbsp;&nbsp;&nbsp;&nbsp;&nbsp;&nbsp;&nbsp;&nbsp;&nbsp;&nbsp;&nbsp;<span class="nt">&lt;/class&gt;</span></div><div class='line' id='LC1247'>&nbsp;&nbsp;&nbsp;&nbsp;&nbsp;&nbsp;&nbsp;&nbsp;&nbsp;&nbsp;&nbsp;&nbsp;&nbsp;&nbsp;<span class="nt">&lt;class</span> <span class="na">name=</span><span class="s">&quot;VerifierRuleTest&quot;</span> <span class="na">type=</span><span class="s">&quot;ConcreteClass&quot;</span> <span class="na">maxLoc=</span><span class="s">&quot;125&quot;</span><span class="nt">&gt;</span></div><div class='line' id='LC1248'>&nbsp;&nbsp;&nbsp;&nbsp;&nbsp;&nbsp;&nbsp;&nbsp;&nbsp;&nbsp;&nbsp;&nbsp;&nbsp;&nbsp;&nbsp;&nbsp;<span class="nt">&lt;version</span> <span class="na">num=</span><span class="s">&quot;11&quot;</span> <span class="na">curr_loc=</span><span class="s">&quot;125&quot;</span> <span class="na">changed=</span><span class="s">&quot;1&quot;</span> <span class="na">churn=</span><span class="s">&quot;125&quot;</span> <span class="nt">/&gt;</span></div><div class='line' id='LC1249'>&nbsp;&nbsp;&nbsp;&nbsp;&nbsp;&nbsp;&nbsp;&nbsp;&nbsp;&nbsp;&nbsp;&nbsp;&nbsp;&nbsp;&nbsp;&nbsp;<span class="nt">&lt;version</span> <span class="na">num=</span><span class="s">&quot;119&quot;</span> <span class="na">curr_loc=</span><span class="s">&quot;125&quot;</span> <span class="na">changed=</span><span class="s">&quot;1&quot;</span> <span class="na">churn=</span><span class="s">&quot;125&quot;</span> <span class="nt">/&gt;</span></div><div class='line' id='LC1250'>&nbsp;&nbsp;&nbsp;&nbsp;&nbsp;&nbsp;&nbsp;&nbsp;&nbsp;&nbsp;&nbsp;&nbsp;&nbsp;&nbsp;&nbsp;&nbsp;<span class="nt">&lt;version</span> <span class="na">num=</span><span class="s">&quot;123&quot;</span> <span class="na">curr_loc=</span><span class="s">&quot;125&quot;</span> <span class="na">changed=</span><span class="s">&quot;1&quot;</span> <span class="na">churn=</span><span class="s">&quot;125&quot;</span> <span class="nt">/&gt;</span></div><div class='line' id='LC1251'>&nbsp;&nbsp;&nbsp;&nbsp;&nbsp;&nbsp;&nbsp;&nbsp;&nbsp;&nbsp;&nbsp;&nbsp;&nbsp;&nbsp;&nbsp;&nbsp;<span class="nt">&lt;version</span> <span class="na">num=</span><span class="s">&quot;124&quot;</span> <span class="na">curr_loc=</span><span class="s">&quot;125&quot;</span> <span class="na">changed=</span><span class="s">&quot;1&quot;</span> <span class="na">churn=</span><span class="s">&quot;125&quot;</span> <span class="nt">/&gt;</span></div><div class='line' id='LC1252'>&nbsp;&nbsp;&nbsp;&nbsp;&nbsp;&nbsp;&nbsp;&nbsp;&nbsp;&nbsp;&nbsp;&nbsp;&nbsp;&nbsp;<span class="nt">&lt;/class&gt;</span></div><div class='line' id='LC1253'>&nbsp;&nbsp;&nbsp;&nbsp;&nbsp;&nbsp;&nbsp;&nbsp;&nbsp;&nbsp;&nbsp;&nbsp;&nbsp;&nbsp;<span class="nt">&lt;class</span> <span class="na">name=</span><span class="s">&quot;RulesTest&quot;</span> <span class="na">type=</span><span class="s">&quot;ConcreteClass&quot;</span> <span class="na">maxLoc=</span><span class="s">&quot;274&quot;</span><span class="nt">&gt;</span></div><div class='line' id='LC1254'>&nbsp;&nbsp;&nbsp;&nbsp;&nbsp;&nbsp;&nbsp;&nbsp;&nbsp;&nbsp;&nbsp;&nbsp;&nbsp;&nbsp;&nbsp;&nbsp;<span class="nt">&lt;version</span> <span class="na">num=</span><span class="s">&quot;31&quot;</span> <span class="na">curr_loc=</span><span class="s">&quot;235&quot;</span> <span class="na">changed=</span><span class="s">&quot;1&quot;</span> <span class="na">churn=</span><span class="s">&quot;235&quot;</span> <span class="nt">/&gt;</span></div><div class='line' id='LC1255'>&nbsp;&nbsp;&nbsp;&nbsp;&nbsp;&nbsp;&nbsp;&nbsp;&nbsp;&nbsp;&nbsp;&nbsp;&nbsp;&nbsp;&nbsp;&nbsp;<span class="nt">&lt;version</span> <span class="na">num=</span><span class="s">&quot;33&quot;</span> <span class="na">curr_loc=</span><span class="s">&quot;274&quot;</span> <span class="na">changed=</span><span class="s">&quot;1&quot;</span> <span class="na">churn=</span><span class="s">&quot;274&quot;</span> <span class="nt">/&gt;</span></div><div class='line' id='LC1256'>&nbsp;&nbsp;&nbsp;&nbsp;&nbsp;&nbsp;&nbsp;&nbsp;&nbsp;&nbsp;&nbsp;&nbsp;&nbsp;&nbsp;&nbsp;&nbsp;<span class="nt">&lt;version</span> <span class="na">num=</span><span class="s">&quot;108&quot;</span> <span class="na">curr_loc=</span><span class="s">&quot;235&quot;</span> <span class="na">changed=</span><span class="s">&quot;1&quot;</span> <span class="na">churn=</span><span class="s">&quot;313&quot;</span> <span class="nt">/&gt;</span></div><div class='line' id='LC1257'>&nbsp;&nbsp;&nbsp;&nbsp;&nbsp;&nbsp;&nbsp;&nbsp;&nbsp;&nbsp;&nbsp;&nbsp;&nbsp;&nbsp;&nbsp;&nbsp;<span class="nt">&lt;version</span> <span class="na">num=</span><span class="s">&quot;112&quot;</span> <span class="na">curr_loc=</span><span class="s">&quot;246&quot;</span> <span class="na">changed=</span><span class="s">&quot;1&quot;</span> <span class="na">churn=</span><span class="s">&quot;324&quot;</span> <span class="nt">/&gt;</span></div><div class='line' id='LC1258'>&nbsp;&nbsp;&nbsp;&nbsp;&nbsp;&nbsp;&nbsp;&nbsp;&nbsp;&nbsp;&nbsp;&nbsp;&nbsp;&nbsp;&nbsp;&nbsp;<span class="nt">&lt;version</span> <span class="na">num=</span><span class="s">&quot;121&quot;</span> <span class="na">curr_loc=</span><span class="s">&quot;235&quot;</span> <span class="na">changed=</span><span class="s">&quot;1&quot;</span> <span class="na">churn=</span><span class="s">&quot;335&quot;</span> <span class="nt">/&gt;</span></div><div class='line' id='LC1259'>&nbsp;&nbsp;&nbsp;&nbsp;&nbsp;&nbsp;&nbsp;&nbsp;&nbsp;&nbsp;&nbsp;&nbsp;&nbsp;&nbsp;&nbsp;&nbsp;<span class="nt">&lt;version</span> <span class="na">num=</span><span class="s">&quot;123&quot;</span> <span class="na">curr_loc=</span><span class="s">&quot;235&quot;</span> <span class="na">changed=</span><span class="s">&quot;1&quot;</span> <span class="na">churn=</span><span class="s">&quot;335&quot;</span> <span class="nt">/&gt;</span></div><div class='line' id='LC1260'>&nbsp;&nbsp;&nbsp;&nbsp;&nbsp;&nbsp;&nbsp;&nbsp;&nbsp;&nbsp;&nbsp;&nbsp;&nbsp;&nbsp;&nbsp;&nbsp;<span class="nt">&lt;version</span> <span class="na">num=</span><span class="s">&quot;124&quot;</span> <span class="na">curr_loc=</span><span class="s">&quot;235&quot;</span> <span class="na">changed=</span><span class="s">&quot;1&quot;</span> <span class="na">churn=</span><span class="s">&quot;335&quot;</span> <span class="nt">/&gt;</span></div><div class='line' id='LC1261'>&nbsp;&nbsp;&nbsp;&nbsp;&nbsp;&nbsp;&nbsp;&nbsp;&nbsp;&nbsp;&nbsp;&nbsp;&nbsp;&nbsp;<span class="nt">&lt;/class&gt;</span></div><div class='line' id='LC1262'>&nbsp;&nbsp;&nbsp;&nbsp;&nbsp;&nbsp;&nbsp;&nbsp;&nbsp;&nbsp;&nbsp;&nbsp;&nbsp;&nbsp;<span class="nt">&lt;class</span> <span class="na">name=</span><span class="s">&quot;TimeoutRuleTest&quot;</span> <span class="na">type=</span><span class="s">&quot;ConcreteClass&quot;</span> <span class="na">maxLoc=</span><span class="s">&quot;39&quot;</span><span class="nt">&gt;</span></div><div class='line' id='LC1263'>&nbsp;&nbsp;&nbsp;&nbsp;&nbsp;&nbsp;&nbsp;&nbsp;&nbsp;&nbsp;&nbsp;&nbsp;&nbsp;&nbsp;&nbsp;&nbsp;<span class="nt">&lt;version</span> <span class="na">num=</span><span class="s">&quot;32&quot;</span> <span class="na">curr_loc=</span><span class="s">&quot;39&quot;</span> <span class="na">changed=</span><span class="s">&quot;1&quot;</span> <span class="na">churn=</span><span class="s">&quot;39&quot;</span> <span class="nt">/&gt;</span></div><div class='line' id='LC1264'>&nbsp;&nbsp;&nbsp;&nbsp;&nbsp;&nbsp;&nbsp;&nbsp;&nbsp;&nbsp;&nbsp;&nbsp;&nbsp;&nbsp;&nbsp;&nbsp;<span class="nt">&lt;version</span> <span class="na">num=</span><span class="s">&quot;121&quot;</span> <span class="na">curr_loc=</span><span class="s">&quot;39&quot;</span> <span class="na">changed=</span><span class="s">&quot;1&quot;</span> <span class="na">churn=</span><span class="s">&quot;39&quot;</span> <span class="nt">/&gt;</span></div><div class='line' id='LC1265'>&nbsp;&nbsp;&nbsp;&nbsp;&nbsp;&nbsp;&nbsp;&nbsp;&nbsp;&nbsp;&nbsp;&nbsp;&nbsp;&nbsp;&nbsp;&nbsp;<span class="nt">&lt;version</span> <span class="na">num=</span><span class="s">&quot;123&quot;</span> <span class="na">curr_loc=</span><span class="s">&quot;39&quot;</span> <span class="na">changed=</span><span class="s">&quot;1&quot;</span> <span class="na">churn=</span><span class="s">&quot;39&quot;</span> <span class="nt">/&gt;</span></div><div class='line' id='LC1266'>&nbsp;&nbsp;&nbsp;&nbsp;&nbsp;&nbsp;&nbsp;&nbsp;&nbsp;&nbsp;&nbsp;&nbsp;&nbsp;&nbsp;&nbsp;&nbsp;<span class="nt">&lt;version</span> <span class="na">num=</span><span class="s">&quot;124&quot;</span> <span class="na">curr_loc=</span><span class="s">&quot;39&quot;</span> <span class="na">changed=</span><span class="s">&quot;1&quot;</span> <span class="na">churn=</span><span class="s">&quot;39&quot;</span> <span class="nt">/&gt;</span></div><div class='line' id='LC1267'>&nbsp;&nbsp;&nbsp;&nbsp;&nbsp;&nbsp;&nbsp;&nbsp;&nbsp;&nbsp;&nbsp;&nbsp;&nbsp;&nbsp;<span class="nt">&lt;/class&gt;</span></div><div class='line' id='LC1268'>&nbsp;&nbsp;&nbsp;&nbsp;&nbsp;&nbsp;&nbsp;&nbsp;&nbsp;&nbsp;&nbsp;&nbsp;&nbsp;&nbsp;<span class="nt">&lt;class</span> <span class="na">name=</span><span class="s">&quot;NameRulesTest&quot;</span> <span class="na">type=</span><span class="s">&quot;ConcreteClass&quot;</span> <span class="na">maxLoc=</span><span class="s">&quot;50&quot;</span><span class="nt">&gt;</span></div><div class='line' id='LC1269'>&nbsp;&nbsp;&nbsp;&nbsp;&nbsp;&nbsp;&nbsp;&nbsp;&nbsp;&nbsp;&nbsp;&nbsp;&nbsp;&nbsp;&nbsp;&nbsp;<span class="nt">&lt;version</span> <span class="na">num=</span><span class="s">&quot;66&quot;</span> <span class="na">curr_loc=</span><span class="s">&quot;50&quot;</span> <span class="na">changed=</span><span class="s">&quot;1&quot;</span> <span class="na">churn=</span><span class="s">&quot;50&quot;</span> <span class="nt">/&gt;</span></div><div class='line' id='LC1270'>&nbsp;&nbsp;&nbsp;&nbsp;&nbsp;&nbsp;&nbsp;&nbsp;&nbsp;&nbsp;&nbsp;&nbsp;&nbsp;&nbsp;&nbsp;&nbsp;<span class="nt">&lt;version</span> <span class="na">num=</span><span class="s">&quot;123&quot;</span> <span class="na">curr_loc=</span><span class="s">&quot;18&quot;</span> <span class="na">changed=</span><span class="s">&quot;1&quot;</span> <span class="na">churn=</span><span class="s">&quot;82&quot;</span> <span class="nt">/&gt;</span></div><div class='line' id='LC1271'>&nbsp;&nbsp;&nbsp;&nbsp;&nbsp;&nbsp;&nbsp;&nbsp;&nbsp;&nbsp;&nbsp;&nbsp;&nbsp;&nbsp;&nbsp;&nbsp;<span class="nt">&lt;version</span> <span class="na">num=</span><span class="s">&quot;124&quot;</span> <span class="na">curr_loc=</span><span class="s">&quot;18&quot;</span> <span class="na">changed=</span><span class="s">&quot;1&quot;</span> <span class="na">churn=</span><span class="s">&quot;82&quot;</span> <span class="nt">/&gt;</span></div><div class='line' id='LC1272'>&nbsp;&nbsp;&nbsp;&nbsp;&nbsp;&nbsp;&nbsp;&nbsp;&nbsp;&nbsp;&nbsp;&nbsp;&nbsp;&nbsp;<span class="nt">&lt;/class&gt;</span></div><div class='line' id='LC1273'>&nbsp;&nbsp;&nbsp;&nbsp;&nbsp;&nbsp;&nbsp;&nbsp;&nbsp;&nbsp;&nbsp;&nbsp;&nbsp;&nbsp;<span class="nt">&lt;class</span> <span class="na">name=</span><span class="s">&quot;ExpectedExceptionRuleTest&quot;</span> <span class="na">type=</span><span class="s">&quot;ConcreteClass&quot;</span> <span class="na">maxLoc=</span><span class="s">&quot;233&quot;</span><span class="nt">&gt;</span></div><div class='line' id='LC1274'>&nbsp;&nbsp;&nbsp;&nbsp;&nbsp;&nbsp;&nbsp;&nbsp;&nbsp;&nbsp;&nbsp;&nbsp;&nbsp;&nbsp;&nbsp;&nbsp;<span class="nt">&lt;version</span> <span class="na">num=</span><span class="s">&quot;106&quot;</span> <span class="na">curr_loc=</span><span class="s">&quot;232&quot;</span> <span class="na">changed=</span><span class="s">&quot;1&quot;</span> <span class="na">churn=</span><span class="s">&quot;232&quot;</span> <span class="nt">/&gt;</span></div><div class='line' id='LC1275'>&nbsp;&nbsp;&nbsp;&nbsp;&nbsp;&nbsp;&nbsp;&nbsp;&nbsp;&nbsp;&nbsp;&nbsp;&nbsp;&nbsp;&nbsp;&nbsp;<span class="nt">&lt;version</span> <span class="na">num=</span><span class="s">&quot;119&quot;</span> <span class="na">curr_loc=</span><span class="s">&quot;233&quot;</span> <span class="na">changed=</span><span class="s">&quot;1&quot;</span> <span class="na">churn=</span><span class="s">&quot;233&quot;</span> <span class="nt">/&gt;</span></div><div class='line' id='LC1276'>&nbsp;&nbsp;&nbsp;&nbsp;&nbsp;&nbsp;&nbsp;&nbsp;&nbsp;&nbsp;&nbsp;&nbsp;&nbsp;&nbsp;&nbsp;&nbsp;<span class="nt">&lt;version</span> <span class="na">num=</span><span class="s">&quot;123&quot;</span> <span class="na">curr_loc=</span><span class="s">&quot;212&quot;</span> <span class="na">changed=</span><span class="s">&quot;1&quot;</span> <span class="na">churn=</span><span class="s">&quot;254&quot;</span> <span class="nt">/&gt;</span></div><div class='line' id='LC1277'>&nbsp;&nbsp;&nbsp;&nbsp;&nbsp;&nbsp;&nbsp;&nbsp;&nbsp;&nbsp;&nbsp;&nbsp;&nbsp;&nbsp;&nbsp;&nbsp;<span class="nt">&lt;version</span> <span class="na">num=</span><span class="s">&quot;124&quot;</span> <span class="na">curr_loc=</span><span class="s">&quot;212&quot;</span> <span class="na">changed=</span><span class="s">&quot;1&quot;</span> <span class="na">churn=</span><span class="s">&quot;254&quot;</span> <span class="nt">/&gt;</span></div><div class='line' id='LC1278'>&nbsp;&nbsp;&nbsp;&nbsp;&nbsp;&nbsp;&nbsp;&nbsp;&nbsp;&nbsp;&nbsp;&nbsp;&nbsp;&nbsp;<span class="nt">&lt;/class&gt;</span></div><div class='line' id='LC1279'>&nbsp;&nbsp;&nbsp;&nbsp;&nbsp;&nbsp;&nbsp;&nbsp;&nbsp;&nbsp;&nbsp;&nbsp;&nbsp;&nbsp;<span class="nt">&lt;class</span> <span class="na">name=</span><span class="s">&quot;ExternalResourceRuleTest&quot;</span> <span class="na">type=</span><span class="s">&quot;ConcreteClass&quot;</span> <span class="na">maxLoc=</span><span class="s">&quot;37&quot;</span><span class="nt">&gt;</span></div><div class='line' id='LC1280'>&nbsp;&nbsp;&nbsp;&nbsp;&nbsp;&nbsp;&nbsp;&nbsp;&nbsp;&nbsp;&nbsp;&nbsp;&nbsp;&nbsp;&nbsp;&nbsp;<span class="nt">&lt;version</span> <span class="na">num=</span><span class="s">&quot;123&quot;</span> <span class="na">curr_loc=</span><span class="s">&quot;37&quot;</span> <span class="na">changed=</span><span class="s">&quot;1&quot;</span> <span class="na">churn=</span><span class="s">&quot;37&quot;</span> <span class="nt">/&gt;</span></div><div class='line' id='LC1281'>&nbsp;&nbsp;&nbsp;&nbsp;&nbsp;&nbsp;&nbsp;&nbsp;&nbsp;&nbsp;&nbsp;&nbsp;&nbsp;&nbsp;&nbsp;&nbsp;<span class="nt">&lt;version</span> <span class="na">num=</span><span class="s">&quot;124&quot;</span> <span class="na">curr_loc=</span><span class="s">&quot;37&quot;</span> <span class="na">changed=</span><span class="s">&quot;1&quot;</span> <span class="na">churn=</span><span class="s">&quot;37&quot;</span> <span class="nt">/&gt;</span></div><div class='line' id='LC1282'>&nbsp;&nbsp;&nbsp;&nbsp;&nbsp;&nbsp;&nbsp;&nbsp;&nbsp;&nbsp;&nbsp;&nbsp;&nbsp;&nbsp;<span class="nt">&lt;/class&gt;</span></div><div class='line' id='LC1283'>&nbsp;&nbsp;&nbsp;&nbsp;&nbsp;&nbsp;&nbsp;&nbsp;&nbsp;&nbsp;&nbsp;&nbsp;&nbsp;&nbsp;<span class="nt">&lt;class</span> <span class="na">name=</span><span class="s">&quot;TempFolderRuleTest&quot;</span> <span class="na">type=</span><span class="s">&quot;ConcreteClass&quot;</span> <span class="na">maxLoc=</span><span class="s">&quot;71&quot;</span><span class="nt">&gt;</span></div><div class='line' id='LC1284'>&nbsp;&nbsp;&nbsp;&nbsp;&nbsp;&nbsp;&nbsp;&nbsp;&nbsp;&nbsp;&nbsp;&nbsp;&nbsp;&nbsp;&nbsp;&nbsp;<span class="nt">&lt;version</span> <span class="na">num=</span><span class="s">&quot;123&quot;</span> <span class="na">curr_loc=</span><span class="s">&quot;71&quot;</span> <span class="na">changed=</span><span class="s">&quot;1&quot;</span> <span class="na">churn=</span><span class="s">&quot;71&quot;</span> <span class="nt">/&gt;</span></div><div class='line' id='LC1285'>&nbsp;&nbsp;&nbsp;&nbsp;&nbsp;&nbsp;&nbsp;&nbsp;&nbsp;&nbsp;&nbsp;&nbsp;&nbsp;&nbsp;&nbsp;&nbsp;<span class="nt">&lt;version</span> <span class="na">num=</span><span class="s">&quot;124&quot;</span> <span class="na">curr_loc=</span><span class="s">&quot;71&quot;</span> <span class="na">changed=</span><span class="s">&quot;1&quot;</span> <span class="na">churn=</span><span class="s">&quot;71&quot;</span> <span class="nt">/&gt;</span></div><div class='line' id='LC1286'>&nbsp;&nbsp;&nbsp;&nbsp;&nbsp;&nbsp;&nbsp;&nbsp;&nbsp;&nbsp;&nbsp;&nbsp;&nbsp;&nbsp;<span class="nt">&lt;/class&gt;</span></div><div class='line' id='LC1287'>&nbsp;&nbsp;&nbsp;&nbsp;&nbsp;&nbsp;&nbsp;&nbsp;&nbsp;&nbsp;&nbsp;&nbsp;<span class="nt">&lt;/package&gt;</span></div><div class='line' id='LC1288'>&nbsp;&nbsp;&nbsp;&nbsp;&nbsp;&nbsp;&nbsp;&nbsp;&nbsp;&nbsp;&nbsp;&nbsp;<span class="nt">&lt;package</span> <span class="na">name=</span><span class="s">&quot;categories&quot;</span><span class="nt">&gt;</span></div><div class='line' id='LC1289'>&nbsp;&nbsp;&nbsp;&nbsp;&nbsp;&nbsp;&nbsp;&nbsp;&nbsp;&nbsp;&nbsp;&nbsp;&nbsp;&nbsp;<span class="nt">&lt;class</span> <span class="na">name=</span><span class="s">&quot;SuiteBuilderTest&quot;</span> <span class="na">type=</span><span class="s">&quot;ConcreteClass&quot;</span> <span class="na">maxLoc=</span><span class="s">&quot;240&quot;</span><span class="nt">&gt;</span></div><div class='line' id='LC1290'>&nbsp;&nbsp;&nbsp;&nbsp;&nbsp;&nbsp;&nbsp;&nbsp;&nbsp;&nbsp;&nbsp;&nbsp;&nbsp;&nbsp;&nbsp;&nbsp;<span class="nt">&lt;version</span> <span class="na">num=</span><span class="s">&quot;28&quot;</span> <span class="na">curr_loc=</span><span class="s">&quot;134&quot;</span> <span class="na">changed=</span><span class="s">&quot;1&quot;</span> <span class="na">churn=</span><span class="s">&quot;134&quot;</span> <span class="nt">/&gt;</span></div><div class='line' id='LC1291'>&nbsp;&nbsp;&nbsp;&nbsp;&nbsp;&nbsp;&nbsp;&nbsp;&nbsp;&nbsp;&nbsp;&nbsp;&nbsp;&nbsp;&nbsp;&nbsp;<span class="nt">&lt;version</span> <span class="na">num=</span><span class="s">&quot;40&quot;</span> <span class="na">curr_loc=</span><span class="s">&quot;134&quot;</span> <span class="na">changed=</span><span class="s">&quot;1&quot;</span> <span class="na">churn=</span><span class="s">&quot;134&quot;</span> <span class="nt">/&gt;</span></div><div class='line' id='LC1292'>&nbsp;&nbsp;&nbsp;&nbsp;&nbsp;&nbsp;&nbsp;&nbsp;&nbsp;&nbsp;&nbsp;&nbsp;&nbsp;&nbsp;&nbsp;&nbsp;<span class="nt">&lt;version</span> <span class="na">num=</span><span class="s">&quot;41&quot;</span> <span class="na">curr_loc=</span><span class="s">&quot;240&quot;</span> <span class="na">changed=</span><span class="s">&quot;1&quot;</span> <span class="na">churn=</span><span class="s">&quot;240&quot;</span> <span class="nt">/&gt;</span></div><div class='line' id='LC1293'>&nbsp;&nbsp;&nbsp;&nbsp;&nbsp;&nbsp;&nbsp;&nbsp;&nbsp;&nbsp;&nbsp;&nbsp;&nbsp;&nbsp;<span class="nt">&lt;/class&gt;</span></div><div class='line' id='LC1294'>&nbsp;&nbsp;&nbsp;&nbsp;&nbsp;&nbsp;&nbsp;&nbsp;&nbsp;&nbsp;&nbsp;&nbsp;&nbsp;&nbsp;<span class="nt">&lt;class</span> <span class="na">name=</span><span class="s">&quot;CategoriesAndParameterizedTest&quot;</span> <span class="na">type=</span><span class="s">&quot;ConcreteClass&quot;</span> <span class="na">maxLoc=</span><span class="s">&quot;107&quot;</span><span class="nt">&gt;</span></div><div class='line' id='LC1295'>&nbsp;&nbsp;&nbsp;&nbsp;&nbsp;&nbsp;&nbsp;&nbsp;&nbsp;&nbsp;&nbsp;&nbsp;&nbsp;&nbsp;&nbsp;&nbsp;<span class="nt">&lt;version</span> <span class="na">num=</span><span class="s">&quot;35&quot;</span> <span class="na">curr_loc=</span><span class="s">&quot;107&quot;</span> <span class="na">changed=</span><span class="s">&quot;1&quot;</span> <span class="na">churn=</span><span class="s">&quot;107&quot;</span> <span class="nt">/&gt;</span></div><div class='line' id='LC1296'>&nbsp;&nbsp;&nbsp;&nbsp;&nbsp;&nbsp;&nbsp;&nbsp;&nbsp;&nbsp;&nbsp;&nbsp;&nbsp;&nbsp;<span class="nt">&lt;/class&gt;</span></div><div class='line' id='LC1297'>&nbsp;&nbsp;&nbsp;&nbsp;&nbsp;&nbsp;&nbsp;&nbsp;&nbsp;&nbsp;&nbsp;&nbsp;&nbsp;&nbsp;<span class="nt">&lt;class</span> <span class="na">name=</span><span class="s">&quot;CategoriesMark2Test&quot;</span> <span class="na">type=</span><span class="s">&quot;ConcreteClass&quot;</span> <span class="na">maxLoc=</span><span class="s">&quot;305&quot;</span><span class="nt">&gt;</span></div><div class='line' id='LC1298'>&nbsp;&nbsp;&nbsp;&nbsp;&nbsp;&nbsp;&nbsp;&nbsp;&nbsp;&nbsp;&nbsp;&nbsp;&nbsp;&nbsp;&nbsp;&nbsp;<span class="nt">&lt;version</span> <span class="na">num=</span><span class="s">&quot;53&quot;</span> <span class="na">curr_loc=</span><span class="s">&quot;305&quot;</span> <span class="na">changed=</span><span class="s">&quot;1&quot;</span> <span class="na">churn=</span><span class="s">&quot;305&quot;</span> <span class="nt">/&gt;</span></div><div class='line' id='LC1299'>&nbsp;&nbsp;&nbsp;&nbsp;&nbsp;&nbsp;&nbsp;&nbsp;&nbsp;&nbsp;&nbsp;&nbsp;&nbsp;&nbsp;&nbsp;&nbsp;<span class="nt">&lt;version</span> <span class="na">num=</span><span class="s">&quot;55&quot;</span> <span class="na">curr_loc=</span><span class="s">&quot;227&quot;</span> <span class="na">changed=</span><span class="s">&quot;1&quot;</span> <span class="na">churn=</span><span class="s">&quot;383&quot;</span> <span class="nt">/&gt;</span></div><div class='line' id='LC1300'>&nbsp;&nbsp;&nbsp;&nbsp;&nbsp;&nbsp;&nbsp;&nbsp;&nbsp;&nbsp;&nbsp;&nbsp;&nbsp;&nbsp;&nbsp;&nbsp;<span class="nt">&lt;version</span> <span class="na">num=</span><span class="s">&quot;61&quot;</span> <span class="na">curr_loc=</span><span class="s">&quot;227&quot;</span> <span class="na">changed=</span><span class="s">&quot;1&quot;</span> <span class="na">churn=</span><span class="s">&quot;383&quot;</span> <span class="nt">/&gt;</span></div><div class='line' id='LC1301'>&nbsp;&nbsp;&nbsp;&nbsp;&nbsp;&nbsp;&nbsp;&nbsp;&nbsp;&nbsp;&nbsp;&nbsp;&nbsp;&nbsp;&nbsp;&nbsp;<span class="nt">&lt;version</span> <span class="na">num=</span><span class="s">&quot;63&quot;</span> <span class="na">curr_loc=</span><span class="s">&quot;227&quot;</span> <span class="na">changed=</span><span class="s">&quot;1&quot;</span> <span class="na">churn=</span><span class="s">&quot;383&quot;</span> <span class="nt">/&gt;</span></div><div class='line' id='LC1302'>&nbsp;&nbsp;&nbsp;&nbsp;&nbsp;&nbsp;&nbsp;&nbsp;&nbsp;&nbsp;&nbsp;&nbsp;&nbsp;&nbsp;&nbsp;&nbsp;<span class="nt">&lt;version</span> <span class="na">num=</span><span class="s">&quot;65&quot;</span> <span class="na">curr_loc=</span><span class="s">&quot;265&quot;</span> <span class="na">changed=</span><span class="s">&quot;1&quot;</span> <span class="na">churn=</span><span class="s">&quot;421&quot;</span> <span class="nt">/&gt;</span></div><div class='line' id='LC1303'>&nbsp;&nbsp;&nbsp;&nbsp;&nbsp;&nbsp;&nbsp;&nbsp;&nbsp;&nbsp;&nbsp;&nbsp;&nbsp;&nbsp;&nbsp;&nbsp;<span class="nt">&lt;version</span> <span class="na">num=</span><span class="s">&quot;67&quot;</span> <span class="na">curr_loc=</span><span class="s">&quot;305&quot;</span> <span class="na">changed=</span><span class="s">&quot;1&quot;</span> <span class="na">churn=</span><span class="s">&quot;461&quot;</span> <span class="nt">/&gt;</span></div><div class='line' id='LC1304'>&nbsp;&nbsp;&nbsp;&nbsp;&nbsp;&nbsp;&nbsp;&nbsp;&nbsp;&nbsp;&nbsp;&nbsp;&nbsp;&nbsp;<span class="nt">&lt;/class&gt;</span></div><div class='line' id='LC1305'>&nbsp;&nbsp;&nbsp;&nbsp;&nbsp;&nbsp;&nbsp;&nbsp;&nbsp;&nbsp;&nbsp;&nbsp;&nbsp;&nbsp;<span class="nt">&lt;class</span> <span class="na">name=</span><span class="s">&quot;CategoryTest&quot;</span> <span class="na">type=</span><span class="s">&quot;ConcreteClass&quot;</span> <span class="na">maxLoc=</span><span class="s">&quot;305&quot;</span><span class="nt">&gt;</span></div><div class='line' id='LC1306'>&nbsp;&nbsp;&nbsp;&nbsp;&nbsp;&nbsp;&nbsp;&nbsp;&nbsp;&nbsp;&nbsp;&nbsp;&nbsp;&nbsp;&nbsp;&nbsp;<span class="nt">&lt;version</span> <span class="na">num=</span><span class="s">&quot;54&quot;</span> <span class="na">curr_loc=</span><span class="s">&quot;254&quot;</span> <span class="na">changed=</span><span class="s">&quot;1&quot;</span> <span class="na">churn=</span><span class="s">&quot;254&quot;</span> <span class="nt">/&gt;</span></div><div class='line' id='LC1307'>&nbsp;&nbsp;&nbsp;&nbsp;&nbsp;&nbsp;&nbsp;&nbsp;&nbsp;&nbsp;&nbsp;&nbsp;&nbsp;&nbsp;&nbsp;&nbsp;<span class="nt">&lt;version</span> <span class="na">num=</span><span class="s">&quot;62&quot;</span> <span class="na">curr_loc=</span><span class="s">&quot;254&quot;</span> <span class="na">changed=</span><span class="s">&quot;1&quot;</span> <span class="na">churn=</span><span class="s">&quot;254&quot;</span> <span class="nt">/&gt;</span></div><div class='line' id='LC1308'>&nbsp;&nbsp;&nbsp;&nbsp;&nbsp;&nbsp;&nbsp;&nbsp;&nbsp;&nbsp;&nbsp;&nbsp;&nbsp;&nbsp;&nbsp;&nbsp;<span class="nt">&lt;version</span> <span class="na">num=</span><span class="s">&quot;67&quot;</span> <span class="na">curr_loc=</span><span class="s">&quot;305&quot;</span> <span class="na">changed=</span><span class="s">&quot;1&quot;</span> <span class="na">churn=</span><span class="s">&quot;305&quot;</span> <span class="nt">/&gt;</span></div><div class='line' id='LC1309'>&nbsp;&nbsp;&nbsp;&nbsp;&nbsp;&nbsp;&nbsp;&nbsp;&nbsp;&nbsp;&nbsp;&nbsp;&nbsp;&nbsp;&nbsp;&nbsp;<span class="nt">&lt;version</span> <span class="na">num=</span><span class="s">&quot;69&quot;</span> <span class="na">curr_loc=</span><span class="s">&quot;304&quot;</span> <span class="na">changed=</span><span class="s">&quot;1&quot;</span> <span class="na">churn=</span><span class="s">&quot;306&quot;</span> <span class="nt">/&gt;</span></div><div class='line' id='LC1310'>&nbsp;&nbsp;&nbsp;&nbsp;&nbsp;&nbsp;&nbsp;&nbsp;&nbsp;&nbsp;&nbsp;&nbsp;&nbsp;&nbsp;&nbsp;&nbsp;<span class="nt">&lt;version</span> <span class="na">num=</span><span class="s">&quot;70&quot;</span> <span class="na">curr_loc=</span><span class="s">&quot;305&quot;</span> <span class="na">changed=</span><span class="s">&quot;1&quot;</span> <span class="na">churn=</span><span class="s">&quot;307&quot;</span> <span class="nt">/&gt;</span></div><div class='line' id='LC1311'>&nbsp;&nbsp;&nbsp;&nbsp;&nbsp;&nbsp;&nbsp;&nbsp;&nbsp;&nbsp;&nbsp;&nbsp;&nbsp;&nbsp;&nbsp;&nbsp;<span class="nt">&lt;version</span> <span class="na">num=</span><span class="s">&quot;81&quot;</span> <span class="na">curr_loc=</span><span class="s">&quot;281&quot;</span> <span class="na">changed=</span><span class="s">&quot;1&quot;</span> <span class="na">churn=</span><span class="s">&quot;331&quot;</span> <span class="nt">/&gt;</span></div><div class='line' id='LC1312'>&nbsp;&nbsp;&nbsp;&nbsp;&nbsp;&nbsp;&nbsp;&nbsp;&nbsp;&nbsp;&nbsp;&nbsp;&nbsp;&nbsp;&nbsp;&nbsp;<span class="nt">&lt;version</span> <span class="na">num=</span><span class="s">&quot;85&quot;</span> <span class="na">curr_loc=</span><span class="s">&quot;254&quot;</span> <span class="na">changed=</span><span class="s">&quot;1&quot;</span> <span class="na">churn=</span><span class="s">&quot;358&quot;</span> <span class="nt">/&gt;</span></div><div class='line' id='LC1313'>&nbsp;&nbsp;&nbsp;&nbsp;&nbsp;&nbsp;&nbsp;&nbsp;&nbsp;&nbsp;&nbsp;&nbsp;&nbsp;&nbsp;&nbsp;&nbsp;<span class="nt">&lt;version</span> <span class="na">num=</span><span class="s">&quot;88&quot;</span> <span class="na">curr_loc=</span><span class="s">&quot;252&quot;</span> <span class="na">changed=</span><span class="s">&quot;1&quot;</span> <span class="na">churn=</span><span class="s">&quot;360&quot;</span> <span class="nt">/&gt;</span></div><div class='line' id='LC1314'>&nbsp;&nbsp;&nbsp;&nbsp;&nbsp;&nbsp;&nbsp;&nbsp;&nbsp;&nbsp;&nbsp;&nbsp;&nbsp;&nbsp;&nbsp;&nbsp;<span class="nt">&lt;version</span> <span class="na">num=</span><span class="s">&quot;92&quot;</span> <span class="na">curr_loc=</span><span class="s">&quot;195&quot;</span> <span class="na">changed=</span><span class="s">&quot;1&quot;</span> <span class="na">churn=</span><span class="s">&quot;417&quot;</span> <span class="nt">/&gt;</span></div><div class='line' id='LC1315'>&nbsp;&nbsp;&nbsp;&nbsp;&nbsp;&nbsp;&nbsp;&nbsp;&nbsp;&nbsp;&nbsp;&nbsp;&nbsp;&nbsp;&nbsp;&nbsp;<span class="nt">&lt;version</span> <span class="na">num=</span><span class="s">&quot;93&quot;</span> <span class="na">curr_loc=</span><span class="s">&quot;195&quot;</span> <span class="na">changed=</span><span class="s">&quot;1&quot;</span> <span class="na">churn=</span><span class="s">&quot;417&quot;</span> <span class="nt">/&gt;</span></div><div class='line' id='LC1316'>&nbsp;&nbsp;&nbsp;&nbsp;&nbsp;&nbsp;&nbsp;&nbsp;&nbsp;&nbsp;&nbsp;&nbsp;&nbsp;&nbsp;&nbsp;&nbsp;<span class="nt">&lt;version</span> <span class="na">num=</span><span class="s">&quot;99&quot;</span> <span class="na">curr_loc=</span><span class="s">&quot;195&quot;</span> <span class="na">changed=</span><span class="s">&quot;1&quot;</span> <span class="na">churn=</span><span class="s">&quot;417&quot;</span> <span class="nt">/&gt;</span></div><div class='line' id='LC1317'>&nbsp;&nbsp;&nbsp;&nbsp;&nbsp;&nbsp;&nbsp;&nbsp;&nbsp;&nbsp;&nbsp;&nbsp;&nbsp;&nbsp;&nbsp;&nbsp;<span class="nt">&lt;version</span> <span class="na">num=</span><span class="s">&quot;100&quot;</span> <span class="na">curr_loc=</span><span class="s">&quot;195&quot;</span> <span class="na">changed=</span><span class="s">&quot;1&quot;</span> <span class="na">churn=</span><span class="s">&quot;417&quot;</span> <span class="nt">/&gt;</span></div><div class='line' id='LC1318'>&nbsp;&nbsp;&nbsp;&nbsp;&nbsp;&nbsp;&nbsp;&nbsp;&nbsp;&nbsp;&nbsp;&nbsp;&nbsp;&nbsp;&nbsp;&nbsp;<span class="nt">&lt;version</span> <span class="na">num=</span><span class="s">&quot;105&quot;</span> <span class="na">curr_loc=</span><span class="s">&quot;227&quot;</span> <span class="na">changed=</span><span class="s">&quot;1&quot;</span> <span class="na">churn=</span><span class="s">&quot;449&quot;</span> <span class="nt">/&gt;</span></div><div class='line' id='LC1319'>&nbsp;&nbsp;&nbsp;&nbsp;&nbsp;&nbsp;&nbsp;&nbsp;&nbsp;&nbsp;&nbsp;&nbsp;&nbsp;&nbsp;&nbsp;&nbsp;<span class="nt">&lt;version</span> <span class="na">num=</span><span class="s">&quot;112&quot;</span> <span class="na">curr_loc=</span><span class="s">&quot;71&quot;</span> <span class="na">changed=</span><span class="s">&quot;1&quot;</span> <span class="na">churn=</span><span class="s">&quot;605&quot;</span> <span class="nt">/&gt;</span></div><div class='line' id='LC1320'>&nbsp;&nbsp;&nbsp;&nbsp;&nbsp;&nbsp;&nbsp;&nbsp;&nbsp;&nbsp;&nbsp;&nbsp;&nbsp;&nbsp;<span class="nt">&lt;/class&gt;</span></div><div class='line' id='LC1321'>&nbsp;&nbsp;&nbsp;&nbsp;&nbsp;&nbsp;&nbsp;&nbsp;&nbsp;&nbsp;&nbsp;&nbsp;<span class="nt">&lt;/package&gt;</span></div><div class='line' id='LC1322'>&nbsp;&nbsp;&nbsp;&nbsp;&nbsp;&nbsp;&nbsp;&nbsp;&nbsp;&nbsp;&nbsp;&nbsp;<span class="nt">&lt;package</span> <span class="na">name=</span><span class="s">&quot;max&quot;</span><span class="nt">&gt;</span></div><div class='line' id='LC1323'>&nbsp;&nbsp;&nbsp;&nbsp;&nbsp;&nbsp;&nbsp;&nbsp;&nbsp;&nbsp;&nbsp;&nbsp;&nbsp;&nbsp;<span class="nt">&lt;class</span> <span class="na">name=</span><span class="s">&quot;MaxStarterTest&quot;</span> <span class="na">type=</span><span class="s">&quot;ConcreteClass&quot;</span> <span class="na">maxLoc=</span><span class="s">&quot;337&quot;</span><span class="nt">&gt;</span></div><div class='line' id='LC1324'>&nbsp;&nbsp;&nbsp;&nbsp;&nbsp;&nbsp;&nbsp;&nbsp;&nbsp;&nbsp;&nbsp;&nbsp;&nbsp;&nbsp;&nbsp;&nbsp;<span class="nt">&lt;version</span> <span class="na">num=</span><span class="s">&quot;39&quot;</span> <span class="na">curr_loc=</span><span class="s">&quot;293&quot;</span> <span class="na">changed=</span><span class="s">&quot;1&quot;</span> <span class="na">churn=</span><span class="s">&quot;293&quot;</span> <span class="nt">/&gt;</span></div><div class='line' id='LC1325'>&nbsp;&nbsp;&nbsp;&nbsp;&nbsp;&nbsp;&nbsp;&nbsp;&nbsp;&nbsp;&nbsp;&nbsp;&nbsp;&nbsp;&nbsp;&nbsp;<span class="nt">&lt;version</span> <span class="na">num=</span><span class="s">&quot;54&quot;</span> <span class="na">curr_loc=</span><span class="s">&quot;313&quot;</span> <span class="na">changed=</span><span class="s">&quot;1&quot;</span> <span class="na">churn=</span><span class="s">&quot;313&quot;</span> <span class="nt">/&gt;</span></div><div class='line' id='LC1326'>&nbsp;&nbsp;&nbsp;&nbsp;&nbsp;&nbsp;&nbsp;&nbsp;&nbsp;&nbsp;&nbsp;&nbsp;&nbsp;&nbsp;&nbsp;&nbsp;<span class="nt">&lt;version</span> <span class="na">num=</span><span class="s">&quot;62&quot;</span> <span class="na">curr_loc=</span><span class="s">&quot;313&quot;</span> <span class="na">changed=</span><span class="s">&quot;1&quot;</span> <span class="na">churn=</span><span class="s">&quot;313&quot;</span> <span class="nt">/&gt;</span></div><div class='line' id='LC1327'>&nbsp;&nbsp;&nbsp;&nbsp;&nbsp;&nbsp;&nbsp;&nbsp;&nbsp;&nbsp;&nbsp;&nbsp;&nbsp;&nbsp;&nbsp;&nbsp;<span class="nt">&lt;version</span> <span class="na">num=</span><span class="s">&quot;70&quot;</span> <span class="na">curr_loc=</span><span class="s">&quot;293&quot;</span> <span class="na">changed=</span><span class="s">&quot;1&quot;</span> <span class="na">churn=</span><span class="s">&quot;333&quot;</span> <span class="nt">/&gt;</span></div><div class='line' id='LC1328'>&nbsp;&nbsp;&nbsp;&nbsp;&nbsp;&nbsp;&nbsp;&nbsp;&nbsp;&nbsp;&nbsp;&nbsp;&nbsp;&nbsp;&nbsp;&nbsp;<span class="nt">&lt;version</span> <span class="na">num=</span><span class="s">&quot;74&quot;</span> <span class="na">curr_loc=</span><span class="s">&quot;293&quot;</span> <span class="na">changed=</span><span class="s">&quot;1&quot;</span> <span class="na">churn=</span><span class="s">&quot;333&quot;</span> <span class="nt">/&gt;</span></div><div class='line' id='LC1329'>&nbsp;&nbsp;&nbsp;&nbsp;&nbsp;&nbsp;&nbsp;&nbsp;&nbsp;&nbsp;&nbsp;&nbsp;&nbsp;&nbsp;&nbsp;&nbsp;<span class="nt">&lt;version</span> <span class="na">num=</span><span class="s">&quot;80&quot;</span> <span class="na">curr_loc=</span><span class="s">&quot;314&quot;</span> <span class="na">changed=</span><span class="s">&quot;1&quot;</span> <span class="na">churn=</span><span class="s">&quot;354&quot;</span> <span class="nt">/&gt;</span></div><div class='line' id='LC1330'>&nbsp;&nbsp;&nbsp;&nbsp;&nbsp;&nbsp;&nbsp;&nbsp;&nbsp;&nbsp;&nbsp;&nbsp;&nbsp;&nbsp;&nbsp;&nbsp;<span class="nt">&lt;version</span> <span class="na">num=</span><span class="s">&quot;121&quot;</span> <span class="na">curr_loc=</span><span class="s">&quot;313&quot;</span> <span class="na">changed=</span><span class="s">&quot;1&quot;</span> <span class="na">churn=</span><span class="s">&quot;355&quot;</span> <span class="nt">/&gt;</span></div><div class='line' id='LC1331'>&nbsp;&nbsp;&nbsp;&nbsp;&nbsp;&nbsp;&nbsp;&nbsp;&nbsp;&nbsp;&nbsp;&nbsp;&nbsp;&nbsp;&nbsp;&nbsp;<span class="nt">&lt;version</span> <span class="na">num=</span><span class="s">&quot;132&quot;</span> <span class="na">curr_loc=</span><span class="s">&quot;313&quot;</span> <span class="na">changed=</span><span class="s">&quot;1&quot;</span> <span class="na">churn=</span><span class="s">&quot;355&quot;</span> <span class="nt">/&gt;</span></div><div class='line' id='LC1332'>&nbsp;&nbsp;&nbsp;&nbsp;&nbsp;&nbsp;&nbsp;&nbsp;&nbsp;&nbsp;&nbsp;&nbsp;&nbsp;&nbsp;&nbsp;&nbsp;<span class="nt">&lt;version</span> <span class="na">num=</span><span class="s">&quot;147&quot;</span> <span class="na">curr_loc=</span><span class="s">&quot;313&quot;</span> <span class="na">changed=</span><span class="s">&quot;1&quot;</span> <span class="na">churn=</span><span class="s">&quot;355&quot;</span> <span class="nt">/&gt;</span></div><div class='line' id='LC1333'>&nbsp;&nbsp;&nbsp;&nbsp;&nbsp;&nbsp;&nbsp;&nbsp;&nbsp;&nbsp;&nbsp;&nbsp;&nbsp;&nbsp;&nbsp;&nbsp;<span class="nt">&lt;version</span> <span class="na">num=</span><span class="s">&quot;182&quot;</span> <span class="na">curr_loc=</span><span class="s">&quot;300&quot;</span> <span class="na">changed=</span><span class="s">&quot;1&quot;</span> <span class="na">churn=</span><span class="s">&quot;368&quot;</span> <span class="nt">/&gt;</span></div><div class='line' id='LC1334'>&nbsp;&nbsp;&nbsp;&nbsp;&nbsp;&nbsp;&nbsp;&nbsp;&nbsp;&nbsp;&nbsp;&nbsp;&nbsp;&nbsp;&nbsp;&nbsp;<span class="nt">&lt;version</span> <span class="na">num=</span><span class="s">&quot;184&quot;</span> <span class="na">curr_loc=</span><span class="s">&quot;300&quot;</span> <span class="na">changed=</span><span class="s">&quot;1&quot;</span> <span class="na">churn=</span><span class="s">&quot;368&quot;</span> <span class="nt">/&gt;</span></div><div class='line' id='LC1335'>&nbsp;&nbsp;&nbsp;&nbsp;&nbsp;&nbsp;&nbsp;&nbsp;&nbsp;&nbsp;&nbsp;&nbsp;&nbsp;&nbsp;&nbsp;&nbsp;<span class="nt">&lt;version</span> <span class="na">num=</span><span class="s">&quot;191&quot;</span> <span class="na">curr_loc=</span><span class="s">&quot;300&quot;</span> <span class="na">changed=</span><span class="s">&quot;1&quot;</span> <span class="na">churn=</span><span class="s">&quot;368&quot;</span> <span class="nt">/&gt;</span></div><div class='line' id='LC1336'>&nbsp;&nbsp;&nbsp;&nbsp;&nbsp;&nbsp;&nbsp;&nbsp;&nbsp;&nbsp;&nbsp;&nbsp;&nbsp;&nbsp;&nbsp;&nbsp;<span class="nt">&lt;version</span> <span class="na">num=</span><span class="s">&quot;199&quot;</span> <span class="na">curr_loc=</span><span class="s">&quot;300&quot;</span> <span class="na">changed=</span><span class="s">&quot;1&quot;</span> <span class="na">churn=</span><span class="s">&quot;368&quot;</span> <span class="nt">/&gt;</span></div><div class='line' id='LC1337'>&nbsp;&nbsp;&nbsp;&nbsp;&nbsp;&nbsp;&nbsp;&nbsp;&nbsp;&nbsp;&nbsp;&nbsp;&nbsp;&nbsp;&nbsp;&nbsp;<span class="nt">&lt;version</span> <span class="na">num=</span><span class="s">&quot;237&quot;</span> <span class="na">curr_loc=</span><span class="s">&quot;299&quot;</span> <span class="na">changed=</span><span class="s">&quot;1&quot;</span> <span class="na">churn=</span><span class="s">&quot;369&quot;</span> <span class="nt">/&gt;</span></div><div class='line' id='LC1338'>&nbsp;&nbsp;&nbsp;&nbsp;&nbsp;&nbsp;&nbsp;&nbsp;&nbsp;&nbsp;&nbsp;&nbsp;&nbsp;&nbsp;&nbsp;&nbsp;<span class="nt">&lt;version</span> <span class="na">num=</span><span class="s">&quot;248&quot;</span> <span class="na">curr_loc=</span><span class="s">&quot;299&quot;</span> <span class="na">changed=</span><span class="s">&quot;1&quot;</span> <span class="na">churn=</span><span class="s">&quot;369&quot;</span> <span class="nt">/&gt;</span></div><div class='line' id='LC1339'>&nbsp;&nbsp;&nbsp;&nbsp;&nbsp;&nbsp;&nbsp;&nbsp;&nbsp;&nbsp;&nbsp;&nbsp;&nbsp;&nbsp;&nbsp;&nbsp;<span class="nt">&lt;version</span> <span class="na">num=</span><span class="s">&quot;251&quot;</span> <span class="na">curr_loc=</span><span class="s">&quot;300&quot;</span> <span class="na">changed=</span><span class="s">&quot;1&quot;</span> <span class="na">churn=</span><span class="s">&quot;370&quot;</span> <span class="nt">/&gt;</span></div><div class='line' id='LC1340'>&nbsp;&nbsp;&nbsp;&nbsp;&nbsp;&nbsp;&nbsp;&nbsp;&nbsp;&nbsp;&nbsp;&nbsp;&nbsp;&nbsp;&nbsp;&nbsp;<span class="nt">&lt;version</span> <span class="na">num=</span><span class="s">&quot;276&quot;</span> <span class="na">curr_loc=</span><span class="s">&quot;301&quot;</span> <span class="na">changed=</span><span class="s">&quot;1&quot;</span> <span class="na">churn=</span><span class="s">&quot;371&quot;</span> <span class="nt">/&gt;</span></div><div class='line' id='LC1341'>&nbsp;&nbsp;&nbsp;&nbsp;&nbsp;&nbsp;&nbsp;&nbsp;&nbsp;&nbsp;&nbsp;&nbsp;&nbsp;&nbsp;&nbsp;&nbsp;<span class="nt">&lt;version</span> <span class="na">num=</span><span class="s">&quot;277&quot;</span> <span class="na">curr_loc=</span><span class="s">&quot;301&quot;</span> <span class="na">changed=</span><span class="s">&quot;1&quot;</span> <span class="na">churn=</span><span class="s">&quot;371&quot;</span> <span class="nt">/&gt;</span></div><div class='line' id='LC1342'>&nbsp;&nbsp;&nbsp;&nbsp;&nbsp;&nbsp;&nbsp;&nbsp;&nbsp;&nbsp;&nbsp;&nbsp;&nbsp;&nbsp;&nbsp;&nbsp;<span class="nt">&lt;version</span> <span class="na">num=</span><span class="s">&quot;278&quot;</span> <span class="na">curr_loc=</span><span class="s">&quot;302&quot;</span> <span class="na">changed=</span><span class="s">&quot;1&quot;</span> <span class="na">churn=</span><span class="s">&quot;372&quot;</span> <span class="nt">/&gt;</span></div><div class='line' id='LC1343'>&nbsp;&nbsp;&nbsp;&nbsp;&nbsp;&nbsp;&nbsp;&nbsp;&nbsp;&nbsp;&nbsp;&nbsp;&nbsp;&nbsp;&nbsp;&nbsp;<span class="nt">&lt;version</span> <span class="na">num=</span><span class="s">&quot;279&quot;</span> <span class="na">curr_loc=</span><span class="s">&quot;302&quot;</span> <span class="na">changed=</span><span class="s">&quot;1&quot;</span> <span class="na">churn=</span><span class="s">&quot;372&quot;</span> <span class="nt">/&gt;</span></div><div class='line' id='LC1344'>&nbsp;&nbsp;&nbsp;&nbsp;&nbsp;&nbsp;&nbsp;&nbsp;&nbsp;&nbsp;&nbsp;&nbsp;&nbsp;&nbsp;&nbsp;&nbsp;<span class="nt">&lt;version</span> <span class="na">num=</span><span class="s">&quot;280&quot;</span> <span class="na">curr_loc=</span><span class="s">&quot;329&quot;</span> <span class="na">changed=</span><span class="s">&quot;1&quot;</span> <span class="na">churn=</span><span class="s">&quot;399&quot;</span> <span class="nt">/&gt;</span></div><div class='line' id='LC1345'>&nbsp;&nbsp;&nbsp;&nbsp;&nbsp;&nbsp;&nbsp;&nbsp;&nbsp;&nbsp;&nbsp;&nbsp;&nbsp;&nbsp;&nbsp;&nbsp;<span class="nt">&lt;version</span> <span class="na">num=</span><span class="s">&quot;281&quot;</span> <span class="na">curr_loc=</span><span class="s">&quot;337&quot;</span> <span class="na">changed=</span><span class="s">&quot;1&quot;</span> <span class="na">churn=</span><span class="s">&quot;407&quot;</span> <span class="nt">/&gt;</span></div><div class='line' id='LC1346'>&nbsp;&nbsp;&nbsp;&nbsp;&nbsp;&nbsp;&nbsp;&nbsp;&nbsp;&nbsp;&nbsp;&nbsp;&nbsp;&nbsp;&nbsp;&nbsp;<span class="nt">&lt;version</span> <span class="na">num=</span><span class="s">&quot;282&quot;</span> <span class="na">curr_loc=</span><span class="s">&quot;329&quot;</span> <span class="na">changed=</span><span class="s">&quot;1&quot;</span> <span class="na">churn=</span><span class="s">&quot;415&quot;</span> <span class="nt">/&gt;</span></div><div class='line' id='LC1347'>&nbsp;&nbsp;&nbsp;&nbsp;&nbsp;&nbsp;&nbsp;&nbsp;&nbsp;&nbsp;&nbsp;&nbsp;&nbsp;&nbsp;&nbsp;&nbsp;<span class="nt">&lt;version</span> <span class="na">num=</span><span class="s">&quot;283&quot;</span> <span class="na">curr_loc=</span><span class="s">&quot;337&quot;</span> <span class="na">changed=</span><span class="s">&quot;1&quot;</span> <span class="na">churn=</span><span class="s">&quot;423&quot;</span> <span class="nt">/&gt;</span></div><div class='line' id='LC1348'>&nbsp;&nbsp;&nbsp;&nbsp;&nbsp;&nbsp;&nbsp;&nbsp;&nbsp;&nbsp;&nbsp;&nbsp;&nbsp;&nbsp;&nbsp;&nbsp;<span class="nt">&lt;version</span> <span class="na">num=</span><span class="s">&quot;286&quot;</span> <span class="na">curr_loc=</span><span class="s">&quot;240&quot;</span> <span class="na">changed=</span><span class="s">&quot;1&quot;</span> <span class="na">churn=</span><span class="s">&quot;520&quot;</span> <span class="nt">/&gt;</span></div><div class='line' id='LC1349'>&nbsp;&nbsp;&nbsp;&nbsp;&nbsp;&nbsp;&nbsp;&nbsp;&nbsp;&nbsp;&nbsp;&nbsp;&nbsp;&nbsp;&nbsp;&nbsp;<span class="nt">&lt;version</span> <span class="na">num=</span><span class="s">&quot;287&quot;</span> <span class="na">curr_loc=</span><span class="s">&quot;272&quot;</span> <span class="na">changed=</span><span class="s">&quot;1&quot;</span> <span class="na">churn=</span><span class="s">&quot;552&quot;</span> <span class="nt">/&gt;</span></div><div class='line' id='LC1350'>&nbsp;&nbsp;&nbsp;&nbsp;&nbsp;&nbsp;&nbsp;&nbsp;&nbsp;&nbsp;&nbsp;&nbsp;&nbsp;&nbsp;&nbsp;&nbsp;<span class="nt">&lt;version</span> <span class="na">num=</span><span class="s">&quot;288&quot;</span> <span class="na">curr_loc=</span><span class="s">&quot;275&quot;</span> <span class="na">changed=</span><span class="s">&quot;1&quot;</span> <span class="na">churn=</span><span class="s">&quot;555&quot;</span> <span class="nt">/&gt;</span></div><div class='line' id='LC1351'>&nbsp;&nbsp;&nbsp;&nbsp;&nbsp;&nbsp;&nbsp;&nbsp;&nbsp;&nbsp;&nbsp;&nbsp;&nbsp;&nbsp;&nbsp;&nbsp;<span class="nt">&lt;version</span> <span class="na">num=</span><span class="s">&quot;289&quot;</span> <span class="na">curr_loc=</span><span class="s">&quot;275&quot;</span> <span class="na">changed=</span><span class="s">&quot;1&quot;</span> <span class="na">churn=</span><span class="s">&quot;555&quot;</span> <span class="nt">/&gt;</span></div><div class='line' id='LC1352'>&nbsp;&nbsp;&nbsp;&nbsp;&nbsp;&nbsp;&nbsp;&nbsp;&nbsp;&nbsp;&nbsp;&nbsp;&nbsp;&nbsp;&nbsp;&nbsp;<span class="nt">&lt;version</span> <span class="na">num=</span><span class="s">&quot;290&quot;</span> <span class="na">curr_loc=</span><span class="s">&quot;279&quot;</span> <span class="na">changed=</span><span class="s">&quot;1&quot;</span> <span class="na">churn=</span><span class="s">&quot;559&quot;</span> <span class="nt">/&gt;</span></div><div class='line' id='LC1353'>&nbsp;&nbsp;&nbsp;&nbsp;&nbsp;&nbsp;&nbsp;&nbsp;&nbsp;&nbsp;&nbsp;&nbsp;&nbsp;&nbsp;&nbsp;&nbsp;<span class="nt">&lt;version</span> <span class="na">num=</span><span class="s">&quot;292&quot;</span> <span class="na">curr_loc=</span><span class="s">&quot;156&quot;</span> <span class="na">changed=</span><span class="s">&quot;1&quot;</span> <span class="na">churn=</span><span class="s">&quot;682&quot;</span> <span class="nt">/&gt;</span></div><div class='line' id='LC1354'>&nbsp;&nbsp;&nbsp;&nbsp;&nbsp;&nbsp;&nbsp;&nbsp;&nbsp;&nbsp;&nbsp;&nbsp;&nbsp;&nbsp;&nbsp;&nbsp;<span class="nt">&lt;version</span> <span class="na">num=</span><span class="s">&quot;294&quot;</span> <span class="na">curr_loc=</span><span class="s">&quot;148&quot;</span> <span class="na">changed=</span><span class="s">&quot;1&quot;</span> <span class="na">churn=</span><span class="s">&quot;690&quot;</span> <span class="nt">/&gt;</span></div><div class='line' id='LC1355'>&nbsp;&nbsp;&nbsp;&nbsp;&nbsp;&nbsp;&nbsp;&nbsp;&nbsp;&nbsp;&nbsp;&nbsp;&nbsp;&nbsp;&nbsp;&nbsp;<span class="nt">&lt;version</span> <span class="na">num=</span><span class="s">&quot;295&quot;</span> <span class="na">curr_loc=</span><span class="s">&quot;101&quot;</span> <span class="na">changed=</span><span class="s">&quot;1&quot;</span> <span class="na">churn=</span><span class="s">&quot;737&quot;</span> <span class="nt">/&gt;</span></div><div class='line' id='LC1356'>&nbsp;&nbsp;&nbsp;&nbsp;&nbsp;&nbsp;&nbsp;&nbsp;&nbsp;&nbsp;&nbsp;&nbsp;&nbsp;&nbsp;&nbsp;&nbsp;<span class="nt">&lt;version</span> <span class="na">num=</span><span class="s">&quot;296&quot;</span> <span class="na">curr_loc=</span><span class="s">&quot;108&quot;</span> <span class="na">changed=</span><span class="s">&quot;1&quot;</span> <span class="na">churn=</span><span class="s">&quot;744&quot;</span> <span class="nt">/&gt;</span></div><div class='line' id='LC1357'>&nbsp;&nbsp;&nbsp;&nbsp;&nbsp;&nbsp;&nbsp;&nbsp;&nbsp;&nbsp;&nbsp;&nbsp;&nbsp;&nbsp;&nbsp;&nbsp;<span class="nt">&lt;version</span> <span class="na">num=</span><span class="s">&quot;299&quot;</span> <span class="na">curr_loc=</span><span class="s">&quot;106&quot;</span> <span class="na">changed=</span><span class="s">&quot;1&quot;</span> <span class="na">churn=</span><span class="s">&quot;746&quot;</span> <span class="nt">/&gt;</span></div><div class='line' id='LC1358'>&nbsp;&nbsp;&nbsp;&nbsp;&nbsp;&nbsp;&nbsp;&nbsp;&nbsp;&nbsp;&nbsp;&nbsp;&nbsp;&nbsp;&nbsp;&nbsp;<span class="nt">&lt;version</span> <span class="na">num=</span><span class="s">&quot;300&quot;</span> <span class="na">curr_loc=</span><span class="s">&quot;79&quot;</span> <span class="na">changed=</span><span class="s">&quot;1&quot;</span> <span class="na">churn=</span><span class="s">&quot;773&quot;</span> <span class="nt">/&gt;</span></div><div class='line' id='LC1359'>&nbsp;&nbsp;&nbsp;&nbsp;&nbsp;&nbsp;&nbsp;&nbsp;&nbsp;&nbsp;&nbsp;&nbsp;&nbsp;&nbsp;&nbsp;&nbsp;<span class="nt">&lt;version</span> <span class="na">num=</span><span class="s">&quot;301&quot;</span> <span class="na">curr_loc=</span><span class="s">&quot;78&quot;</span> <span class="na">changed=</span><span class="s">&quot;1&quot;</span> <span class="na">churn=</span><span class="s">&quot;774&quot;</span> <span class="nt">/&gt;</span></div><div class='line' id='LC1360'>&nbsp;&nbsp;&nbsp;&nbsp;&nbsp;&nbsp;&nbsp;&nbsp;&nbsp;&nbsp;&nbsp;&nbsp;&nbsp;&nbsp;&nbsp;&nbsp;<span class="nt">&lt;version</span> <span class="na">num=</span><span class="s">&quot;302&quot;</span> <span class="na">curr_loc=</span><span class="s">&quot;60&quot;</span> <span class="na">changed=</span><span class="s">&quot;1&quot;</span> <span class="na">churn=</span><span class="s">&quot;792&quot;</span> <span class="nt">/&gt;</span></div><div class='line' id='LC1361'>&nbsp;&nbsp;&nbsp;&nbsp;&nbsp;&nbsp;&nbsp;&nbsp;&nbsp;&nbsp;&nbsp;&nbsp;&nbsp;&nbsp;<span class="nt">&lt;/class&gt;</span></div><div class='line' id='LC1362'>&nbsp;&nbsp;&nbsp;&nbsp;&nbsp;&nbsp;&nbsp;&nbsp;&nbsp;&nbsp;&nbsp;&nbsp;&nbsp;&nbsp;<span class="nt">&lt;class</span> <span class="na">name=</span><span class="s">&quot;MaxComputerTest&quot;</span> <span class="na">type=</span><span class="s">&quot;ConcreteClass&quot;</span> <span class="na">maxLoc=</span><span class="s">&quot;148&quot;</span><span class="nt">&gt;</span></div><div class='line' id='LC1363'>&nbsp;&nbsp;&nbsp;&nbsp;&nbsp;&nbsp;&nbsp;&nbsp;&nbsp;&nbsp;&nbsp;&nbsp;&nbsp;&nbsp;&nbsp;&nbsp;<span class="nt">&lt;version</span> <span class="na">num=</span><span class="s">&quot;128&quot;</span> <span class="na">curr_loc=</span><span class="s">&quot;147&quot;</span> <span class="na">changed=</span><span class="s">&quot;1&quot;</span> <span class="na">churn=</span><span class="s">&quot;147&quot;</span> <span class="nt">/&gt;</span></div><div class='line' id='LC1364'>&nbsp;&nbsp;&nbsp;&nbsp;&nbsp;&nbsp;&nbsp;&nbsp;&nbsp;&nbsp;&nbsp;&nbsp;&nbsp;&nbsp;&nbsp;&nbsp;<span class="nt">&lt;version</span> <span class="na">num=</span><span class="s">&quot;131&quot;</span> <span class="na">curr_loc=</span><span class="s">&quot;137&quot;</span> <span class="na">changed=</span><span class="s">&quot;1&quot;</span> <span class="na">churn=</span><span class="s">&quot;157&quot;</span> <span class="nt">/&gt;</span></div><div class='line' id='LC1365'>&nbsp;&nbsp;&nbsp;&nbsp;&nbsp;&nbsp;&nbsp;&nbsp;&nbsp;&nbsp;&nbsp;&nbsp;&nbsp;&nbsp;&nbsp;&nbsp;<span class="nt">&lt;version</span> <span class="na">num=</span><span class="s">&quot;132&quot;</span> <span class="na">curr_loc=</span><span class="s">&quot;137&quot;</span> <span class="na">changed=</span><span class="s">&quot;1&quot;</span> <span class="na">churn=</span><span class="s">&quot;157&quot;</span> <span class="nt">/&gt;</span></div><div class='line' id='LC1366'>&nbsp;&nbsp;&nbsp;&nbsp;&nbsp;&nbsp;&nbsp;&nbsp;&nbsp;&nbsp;&nbsp;&nbsp;&nbsp;&nbsp;&nbsp;&nbsp;<span class="nt">&lt;version</span> <span class="na">num=</span><span class="s">&quot;143&quot;</span> <span class="na">curr_loc=</span><span class="s">&quot;139&quot;</span> <span class="na">changed=</span><span class="s">&quot;1&quot;</span> <span class="na">churn=</span><span class="s">&quot;159&quot;</span> <span class="nt">/&gt;</span></div><div class='line' id='LC1367'>&nbsp;&nbsp;&nbsp;&nbsp;&nbsp;&nbsp;&nbsp;&nbsp;&nbsp;&nbsp;&nbsp;&nbsp;&nbsp;&nbsp;&nbsp;&nbsp;<span class="nt">&lt;version</span> <span class="na">num=</span><span class="s">&quot;146&quot;</span> <span class="na">curr_loc=</span><span class="s">&quot;137&quot;</span> <span class="na">changed=</span><span class="s">&quot;1&quot;</span> <span class="na">churn=</span><span class="s">&quot;161&quot;</span> <span class="nt">/&gt;</span></div><div class='line' id='LC1368'>&nbsp;&nbsp;&nbsp;&nbsp;&nbsp;&nbsp;&nbsp;&nbsp;&nbsp;&nbsp;&nbsp;&nbsp;&nbsp;&nbsp;&nbsp;&nbsp;<span class="nt">&lt;version</span> <span class="na">num=</span><span class="s">&quot;147&quot;</span> <span class="na">curr_loc=</span><span class="s">&quot;137&quot;</span> <span class="na">changed=</span><span class="s">&quot;1&quot;</span> <span class="na">churn=</span><span class="s">&quot;161&quot;</span> <span class="nt">/&gt;</span></div><div class='line' id='LC1369'>&nbsp;&nbsp;&nbsp;&nbsp;&nbsp;&nbsp;&nbsp;&nbsp;&nbsp;&nbsp;&nbsp;&nbsp;&nbsp;&nbsp;&nbsp;&nbsp;<span class="nt">&lt;version</span> <span class="na">num=</span><span class="s">&quot;227&quot;</span> <span class="na">curr_loc=</span><span class="s">&quot;139&quot;</span> <span class="na">changed=</span><span class="s">&quot;1&quot;</span> <span class="na">churn=</span><span class="s">&quot;163&quot;</span> <span class="nt">/&gt;</span></div><div class='line' id='LC1370'>&nbsp;&nbsp;&nbsp;&nbsp;&nbsp;&nbsp;&nbsp;&nbsp;&nbsp;&nbsp;&nbsp;&nbsp;&nbsp;&nbsp;&nbsp;&nbsp;<span class="nt">&lt;version</span> <span class="na">num=</span><span class="s">&quot;240&quot;</span> <span class="na">curr_loc=</span><span class="s">&quot;139&quot;</span> <span class="na">changed=</span><span class="s">&quot;1&quot;</span> <span class="na">churn=</span><span class="s">&quot;163&quot;</span> <span class="nt">/&gt;</span></div><div class='line' id='LC1371'>&nbsp;&nbsp;&nbsp;&nbsp;&nbsp;&nbsp;&nbsp;&nbsp;&nbsp;&nbsp;&nbsp;&nbsp;&nbsp;&nbsp;&nbsp;&nbsp;<span class="nt">&lt;version</span> <span class="na">num=</span><span class="s">&quot;278&quot;</span> <span class="na">curr_loc=</span><span class="s">&quot;148&quot;</span> <span class="na">changed=</span><span class="s">&quot;1&quot;</span> <span class="na">churn=</span><span class="s">&quot;172&quot;</span> <span class="nt">/&gt;</span></div><div class='line' id='LC1372'>&nbsp;&nbsp;&nbsp;&nbsp;&nbsp;&nbsp;&nbsp;&nbsp;&nbsp;&nbsp;&nbsp;&nbsp;&nbsp;&nbsp;&nbsp;&nbsp;<span class="nt">&lt;version</span> <span class="na">num=</span><span class="s">&quot;279&quot;</span> <span class="na">curr_loc=</span><span class="s">&quot;148&quot;</span> <span class="na">changed=</span><span class="s">&quot;1&quot;</span> <span class="na">churn=</span><span class="s">&quot;172&quot;</span> <span class="nt">/&gt;</span></div><div class='line' id='LC1373'>&nbsp;&nbsp;&nbsp;&nbsp;&nbsp;&nbsp;&nbsp;&nbsp;&nbsp;&nbsp;&nbsp;&nbsp;&nbsp;&nbsp;&nbsp;&nbsp;<span class="nt">&lt;version</span> <span class="na">num=</span><span class="s">&quot;280&quot;</span> <span class="na">curr_loc=</span><span class="s">&quot;147&quot;</span> <span class="na">changed=</span><span class="s">&quot;1&quot;</span> <span class="na">churn=</span><span class="s">&quot;173&quot;</span> <span class="nt">/&gt;</span></div><div class='line' id='LC1374'>&nbsp;&nbsp;&nbsp;&nbsp;&nbsp;&nbsp;&nbsp;&nbsp;&nbsp;&nbsp;&nbsp;&nbsp;&nbsp;&nbsp;&nbsp;&nbsp;<span class="nt">&lt;version</span> <span class="na">num=</span><span class="s">&quot;282&quot;</span> <span class="na">curr_loc=</span><span class="s">&quot;147&quot;</span> <span class="na">changed=</span><span class="s">&quot;1&quot;</span> <span class="na">churn=</span><span class="s">&quot;173&quot;</span> <span class="nt">/&gt;</span></div><div class='line' id='LC1375'>&nbsp;&nbsp;&nbsp;&nbsp;&nbsp;&nbsp;&nbsp;&nbsp;&nbsp;&nbsp;&nbsp;&nbsp;&nbsp;&nbsp;<span class="nt">&lt;/class&gt;</span></div><div class='line' id='LC1376'>&nbsp;&nbsp;&nbsp;&nbsp;&nbsp;&nbsp;&nbsp;&nbsp;&nbsp;&nbsp;&nbsp;&nbsp;&nbsp;&nbsp;<span class="nt">&lt;class</span> <span class="na">name=</span><span class="s">&quot;JUnit38SortingTest&quot;</span> <span class="na">type=</span><span class="s">&quot;ConcreteClass&quot;</span> <span class="na">maxLoc=</span><span class="s">&quot;53&quot;</span><span class="nt">&gt;</span></div><div class='line' id='LC1377'>&nbsp;&nbsp;&nbsp;&nbsp;&nbsp;&nbsp;&nbsp;&nbsp;&nbsp;&nbsp;&nbsp;&nbsp;&nbsp;&nbsp;&nbsp;&nbsp;<span class="nt">&lt;version</span> <span class="na">num=</span><span class="s">&quot;276&quot;</span> <span class="na">curr_loc=</span><span class="s">&quot;53&quot;</span> <span class="na">changed=</span><span class="s">&quot;1&quot;</span> <span class="na">churn=</span><span class="s">&quot;53&quot;</span> <span class="nt">/&gt;</span></div><div class='line' id='LC1378'>&nbsp;&nbsp;&nbsp;&nbsp;&nbsp;&nbsp;&nbsp;&nbsp;&nbsp;&nbsp;&nbsp;&nbsp;&nbsp;&nbsp;&nbsp;&nbsp;<span class="nt">&lt;version</span> <span class="na">num=</span><span class="s">&quot;277&quot;</span> <span class="na">curr_loc=</span><span class="s">&quot;53&quot;</span> <span class="na">changed=</span><span class="s">&quot;1&quot;</span> <span class="na">churn=</span><span class="s">&quot;53&quot;</span> <span class="nt">/&gt;</span></div><div class='line' id='LC1379'>&nbsp;&nbsp;&nbsp;&nbsp;&nbsp;&nbsp;&nbsp;&nbsp;&nbsp;&nbsp;&nbsp;&nbsp;&nbsp;&nbsp;&nbsp;&nbsp;<span class="nt">&lt;version</span> <span class="na">num=</span><span class="s">&quot;278&quot;</span> <span class="na">curr_loc=</span><span class="s">&quot;53&quot;</span> <span class="na">changed=</span><span class="s">&quot;1&quot;</span> <span class="na">churn=</span><span class="s">&quot;53&quot;</span> <span class="nt">/&gt;</span></div><div class='line' id='LC1380'>&nbsp;&nbsp;&nbsp;&nbsp;&nbsp;&nbsp;&nbsp;&nbsp;&nbsp;&nbsp;&nbsp;&nbsp;&nbsp;&nbsp;&nbsp;&nbsp;<span class="nt">&lt;version</span> <span class="na">num=</span><span class="s">&quot;279&quot;</span> <span class="na">curr_loc=</span><span class="s">&quot;53&quot;</span> <span class="na">changed=</span><span class="s">&quot;1&quot;</span> <span class="na">churn=</span><span class="s">&quot;53&quot;</span> <span class="nt">/&gt;</span></div><div class='line' id='LC1381'>&nbsp;&nbsp;&nbsp;&nbsp;&nbsp;&nbsp;&nbsp;&nbsp;&nbsp;&nbsp;&nbsp;&nbsp;&nbsp;&nbsp;&nbsp;&nbsp;<span class="nt">&lt;version</span> <span class="na">num=</span><span class="s">&quot;280&quot;</span> <span class="na">curr_loc=</span><span class="s">&quot;48&quot;</span> <span class="na">changed=</span><span class="s">&quot;1&quot;</span> <span class="na">churn=</span><span class="s">&quot;58&quot;</span> <span class="nt">/&gt;</span></div><div class='line' id='LC1382'>&nbsp;&nbsp;&nbsp;&nbsp;&nbsp;&nbsp;&nbsp;&nbsp;&nbsp;&nbsp;&nbsp;&nbsp;&nbsp;&nbsp;&nbsp;&nbsp;<span class="nt">&lt;version</span> <span class="na">num=</span><span class="s">&quot;282&quot;</span> <span class="na">curr_loc=</span><span class="s">&quot;48&quot;</span> <span class="na">changed=</span><span class="s">&quot;1&quot;</span> <span class="na">churn=</span><span class="s">&quot;58&quot;</span> <span class="nt">/&gt;</span></div><div class='line' id='LC1383'>&nbsp;&nbsp;&nbsp;&nbsp;&nbsp;&nbsp;&nbsp;&nbsp;&nbsp;&nbsp;&nbsp;&nbsp;&nbsp;&nbsp;&nbsp;&nbsp;<span class="nt">&lt;version</span> <span class="na">num=</span><span class="s">&quot;286&quot;</span> <span class="na">curr_loc=</span><span class="s">&quot;48&quot;</span> <span class="na">changed=</span><span class="s">&quot;1&quot;</span> <span class="na">churn=</span><span class="s">&quot;58&quot;</span> <span class="nt">/&gt;</span></div><div class='line' id='LC1384'>&nbsp;&nbsp;&nbsp;&nbsp;&nbsp;&nbsp;&nbsp;&nbsp;&nbsp;&nbsp;&nbsp;&nbsp;&nbsp;&nbsp;<span class="nt">&lt;/class&gt;</span></div><div class='line' id='LC1385'>&nbsp;&nbsp;&nbsp;&nbsp;&nbsp;&nbsp;&nbsp;&nbsp;&nbsp;&nbsp;&nbsp;&nbsp;&nbsp;&nbsp;<span class="nt">&lt;class</span> <span class="na">name=</span><span class="s">&quot;DescriptionTest&quot;</span> <span class="na">type=</span><span class="s">&quot;ConcreteClass&quot;</span> <span class="na">maxLoc=</span><span class="s">&quot;24&quot;</span><span class="nt">&gt;</span></div><div class='line' id='LC1386'>&nbsp;&nbsp;&nbsp;&nbsp;&nbsp;&nbsp;&nbsp;&nbsp;&nbsp;&nbsp;&nbsp;&nbsp;&nbsp;&nbsp;&nbsp;&nbsp;<span class="nt">&lt;version</span> <span class="na">num=</span><span class="s">&quot;286&quot;</span> <span class="na">curr_loc=</span><span class="s">&quot;24&quot;</span> <span class="na">changed=</span><span class="s">&quot;1&quot;</span> <span class="na">churn=</span><span class="s">&quot;24&quot;</span> <span class="nt">/&gt;</span></div><div class='line' id='LC1387'>&nbsp;&nbsp;&nbsp;&nbsp;&nbsp;&nbsp;&nbsp;&nbsp;&nbsp;&nbsp;&nbsp;&nbsp;&nbsp;&nbsp;<span class="nt">&lt;/class&gt;</span></div><div class='line' id='LC1388'>&nbsp;&nbsp;&nbsp;&nbsp;&nbsp;&nbsp;&nbsp;&nbsp;&nbsp;&nbsp;&nbsp;&nbsp;&nbsp;&nbsp;<span class="nt">&lt;class</span> <span class="na">name=</span><span class="s">&quot;CouldNotReadCoreException&quot;</span> <span class="na">type=</span><span class="s">&quot;ConcreteClass&quot;</span> <span class="na">maxLoc=</span><span class="s">&quot;9&quot;</span><span class="nt">&gt;</span></div><div class='line' id='LC1389'>&nbsp;&nbsp;&nbsp;&nbsp;&nbsp;&nbsp;&nbsp;&nbsp;&nbsp;&nbsp;&nbsp;&nbsp;&nbsp;&nbsp;&nbsp;&nbsp;<span class="nt">&lt;version</span> <span class="na">num=</span><span class="s">&quot;296&quot;</span> <span class="na">curr_loc=</span><span class="s">&quot;9&quot;</span> <span class="na">changed=</span><span class="s">&quot;1&quot;</span> <span class="na">churn=</span><span class="s">&quot;9&quot;</span> <span class="nt">/&gt;</span></div><div class='line' id='LC1390'>&nbsp;&nbsp;&nbsp;&nbsp;&nbsp;&nbsp;&nbsp;&nbsp;&nbsp;&nbsp;&nbsp;&nbsp;&nbsp;&nbsp;&nbsp;&nbsp;<span class="nt">&lt;version</span> <span class="na">num=</span><span class="s">&quot;299&quot;</span> <span class="na">curr_loc=</span><span class="s">&quot;9&quot;</span> <span class="na">changed=</span><span class="s">&quot;1&quot;</span> <span class="na">churn=</span><span class="s">&quot;9&quot;</span> <span class="nt">/&gt;</span></div><div class='line' id='LC1391'>&nbsp;&nbsp;&nbsp;&nbsp;&nbsp;&nbsp;&nbsp;&nbsp;&nbsp;&nbsp;&nbsp;&nbsp;&nbsp;&nbsp;<span class="nt">&lt;/class&gt;</span></div><div class='line' id='LC1392'>&nbsp;&nbsp;&nbsp;&nbsp;&nbsp;&nbsp;&nbsp;&nbsp;&nbsp;&nbsp;&nbsp;&nbsp;&nbsp;&nbsp;<span class="nt">&lt;class</span> <span class="na">name=</span><span class="s">&quot;MaxCore&quot;</span> <span class="na">type=</span><span class="s">&quot;ConcreteClass&quot;</span> <span class="na">maxLoc=</span><span class="s">&quot;189&quot;</span><span class="nt">&gt;</span></div><div class='line' id='LC1393'>&nbsp;&nbsp;&nbsp;&nbsp;&nbsp;&nbsp;&nbsp;&nbsp;&nbsp;&nbsp;&nbsp;&nbsp;&nbsp;&nbsp;&nbsp;&nbsp;<span class="nt">&lt;version</span> <span class="na">num=</span><span class="s">&quot;296&quot;</span> <span class="na">curr_loc=</span><span class="s">&quot;73&quot;</span> <span class="na">changed=</span><span class="s">&quot;1&quot;</span> <span class="na">churn=</span><span class="s">&quot;73&quot;</span> <span class="nt">/&gt;</span></div><div class='line' id='LC1394'>&nbsp;&nbsp;&nbsp;&nbsp;&nbsp;&nbsp;&nbsp;&nbsp;&nbsp;&nbsp;&nbsp;&nbsp;&nbsp;&nbsp;&nbsp;&nbsp;<span class="nt">&lt;version</span> <span class="na">num=</span><span class="s">&quot;298&quot;</span> <span class="na">curr_loc=</span><span class="s">&quot;189&quot;</span> <span class="na">changed=</span><span class="s">&quot;1&quot;</span> <span class="na">churn=</span><span class="s">&quot;189&quot;</span> <span class="nt">/&gt;</span></div><div class='line' id='LC1395'>&nbsp;&nbsp;&nbsp;&nbsp;&nbsp;&nbsp;&nbsp;&nbsp;&nbsp;&nbsp;&nbsp;&nbsp;&nbsp;&nbsp;&nbsp;&nbsp;<span class="nt">&lt;version</span> <span class="na">num=</span><span class="s">&quot;299&quot;</span> <span class="na">curr_loc=</span><span class="s">&quot;174&quot;</span> <span class="na">changed=</span><span class="s">&quot;1&quot;</span> <span class="na">churn=</span><span class="s">&quot;204&quot;</span> <span class="nt">/&gt;</span></div><div class='line' id='LC1396'>&nbsp;&nbsp;&nbsp;&nbsp;&nbsp;&nbsp;&nbsp;&nbsp;&nbsp;&nbsp;&nbsp;&nbsp;&nbsp;&nbsp;&nbsp;&nbsp;<span class="nt">&lt;version</span> <span class="na">num=</span><span class="s">&quot;300&quot;</span> <span class="na">curr_loc=</span><span class="s">&quot;91&quot;</span> <span class="na">changed=</span><span class="s">&quot;1&quot;</span> <span class="na">churn=</span><span class="s">&quot;287&quot;</span> <span class="nt">/&gt;</span></div><div class='line' id='LC1397'>&nbsp;&nbsp;&nbsp;&nbsp;&nbsp;&nbsp;&nbsp;&nbsp;&nbsp;&nbsp;&nbsp;&nbsp;&nbsp;&nbsp;&nbsp;&nbsp;<span class="nt">&lt;version</span> <span class="na">num=</span><span class="s">&quot;301&quot;</span> <span class="na">curr_loc=</span><span class="s">&quot;100&quot;</span> <span class="na">changed=</span><span class="s">&quot;1&quot;</span> <span class="na">churn=</span><span class="s">&quot;296&quot;</span> <span class="nt">/&gt;</span></div><div class='line' id='LC1398'>&nbsp;&nbsp;&nbsp;&nbsp;&nbsp;&nbsp;&nbsp;&nbsp;&nbsp;&nbsp;&nbsp;&nbsp;&nbsp;&nbsp;&nbsp;&nbsp;<span class="nt">&lt;version</span> <span class="na">num=</span><span class="s">&quot;302&quot;</span> <span class="na">curr_loc=</span><span class="s">&quot;73&quot;</span> <span class="na">changed=</span><span class="s">&quot;1&quot;</span> <span class="na">churn=</span><span class="s">&quot;323&quot;</span> <span class="nt">/&gt;</span></div><div class='line' id='LC1399'>&nbsp;&nbsp;&nbsp;&nbsp;&nbsp;&nbsp;&nbsp;&nbsp;&nbsp;&nbsp;&nbsp;&nbsp;&nbsp;&nbsp;<span class="nt">&lt;/class&gt;</span></div><div class='line' id='LC1400'>&nbsp;&nbsp;&nbsp;&nbsp;&nbsp;&nbsp;&nbsp;&nbsp;&nbsp;&nbsp;&nbsp;&nbsp;&nbsp;&nbsp;<span class="nt">&lt;class</span> <span class="na">name=</span><span class="s">&quot;Odds&quot;</span> <span class="na">type=</span><span class="s">&quot;ConcreteClass&quot;</span> <span class="na">maxLoc=</span><span class="s">&quot;21&quot;</span><span class="nt">&gt;</span></div><div class='line' id='LC1401'>&nbsp;&nbsp;&nbsp;&nbsp;&nbsp;&nbsp;&nbsp;&nbsp;&nbsp;&nbsp;&nbsp;&nbsp;&nbsp;&nbsp;&nbsp;&nbsp;<span class="nt">&lt;version</span> <span class="na">num=</span><span class="s">&quot;296&quot;</span> <span class="na">curr_loc=</span><span class="s">&quot;21&quot;</span> <span class="na">changed=</span><span class="s">&quot;1&quot;</span> <span class="na">churn=</span><span class="s">&quot;21&quot;</span> <span class="nt">/&gt;</span></div><div class='line' id='LC1402'>&nbsp;&nbsp;&nbsp;&nbsp;&nbsp;&nbsp;&nbsp;&nbsp;&nbsp;&nbsp;&nbsp;&nbsp;&nbsp;&nbsp;&nbsp;&nbsp;<span class="nt">&lt;version</span> <span class="na">num=</span><span class="s">&quot;302&quot;</span> <span class="na">curr_loc=</span><span class="s">&quot;21&quot;</span> <span class="na">changed=</span><span class="s">&quot;1&quot;</span> <span class="na">churn=</span><span class="s">&quot;21&quot;</span> <span class="nt">/&gt;</span></div><div class='line' id='LC1403'>&nbsp;&nbsp;&nbsp;&nbsp;&nbsp;&nbsp;&nbsp;&nbsp;&nbsp;&nbsp;&nbsp;&nbsp;&nbsp;&nbsp;<span class="nt">&lt;/class&gt;</span></div><div class='line' id='LC1404'>&nbsp;&nbsp;&nbsp;&nbsp;&nbsp;&nbsp;&nbsp;&nbsp;&nbsp;&nbsp;&nbsp;&nbsp;<span class="nt">&lt;/package&gt;</span></div><div class='line' id='LC1405'>&nbsp;&nbsp;&nbsp;&nbsp;&nbsp;&nbsp;&nbsp;&nbsp;&nbsp;&nbsp;&nbsp;&nbsp;<span class="nt">&lt;class</span> <span class="na">name=</span><span class="s">&quot;AssumptionTest&quot;</span> <span class="na">type=</span><span class="s">&quot;ConcreteClass&quot;</span> <span class="na">maxLoc=</span><span class="s">&quot;177&quot;</span><span class="nt">&gt;</span></div><div class='line' id='LC1406'>&nbsp;&nbsp;&nbsp;&nbsp;&nbsp;&nbsp;&nbsp;&nbsp;&nbsp;&nbsp;&nbsp;&nbsp;&nbsp;&nbsp;<span class="nt">&lt;version</span> <span class="na">num=</span><span class="s">&quot;46&quot;</span> <span class="na">curr_loc=</span><span class="s">&quot;177&quot;</span> <span class="na">changed=</span><span class="s">&quot;1&quot;</span> <span class="na">churn=</span><span class="s">&quot;177&quot;</span> <span class="nt">/&gt;</span></div><div class='line' id='LC1407'>&nbsp;&nbsp;&nbsp;&nbsp;&nbsp;&nbsp;&nbsp;&nbsp;&nbsp;&nbsp;&nbsp;&nbsp;&nbsp;&nbsp;<span class="nt">&lt;version</span> <span class="na">num=</span><span class="s">&quot;121&quot;</span> <span class="na">curr_loc=</span><span class="s">&quot;172&quot;</span> <span class="na">changed=</span><span class="s">&quot;1&quot;</span> <span class="na">churn=</span><span class="s">&quot;182&quot;</span> <span class="nt">/&gt;</span></div><div class='line' id='LC1408'>&nbsp;&nbsp;&nbsp;&nbsp;&nbsp;&nbsp;&nbsp;&nbsp;&nbsp;&nbsp;&nbsp;&nbsp;&nbsp;&nbsp;<span class="nt">&lt;version</span> <span class="na">num=</span><span class="s">&quot;182&quot;</span> <span class="na">curr_loc=</span><span class="s">&quot;172&quot;</span> <span class="na">changed=</span><span class="s">&quot;1&quot;</span> <span class="na">churn=</span><span class="s">&quot;182&quot;</span> <span class="nt">/&gt;</span></div><div class='line' id='LC1409'>&nbsp;&nbsp;&nbsp;&nbsp;&nbsp;&nbsp;&nbsp;&nbsp;&nbsp;&nbsp;&nbsp;&nbsp;&nbsp;&nbsp;<span class="nt">&lt;version</span> <span class="na">num=</span><span class="s">&quot;184&quot;</span> <span class="na">curr_loc=</span><span class="s">&quot;172&quot;</span> <span class="na">changed=</span><span class="s">&quot;1&quot;</span> <span class="na">churn=</span><span class="s">&quot;182&quot;</span> <span class="nt">/&gt;</span></div><div class='line' id='LC1410'>&nbsp;&nbsp;&nbsp;&nbsp;&nbsp;&nbsp;&nbsp;&nbsp;&nbsp;&nbsp;&nbsp;&nbsp;&nbsp;&nbsp;<span class="nt">&lt;version</span> <span class="na">num=</span><span class="s">&quot;318&quot;</span> <span class="na">curr_loc=</span><span class="s">&quot;172&quot;</span> <span class="na">changed=</span><span class="s">&quot;1&quot;</span> <span class="na">churn=</span><span class="s">&quot;182&quot;</span> <span class="nt">/&gt;</span></div><div class='line' id='LC1411'>&nbsp;&nbsp;&nbsp;&nbsp;&nbsp;&nbsp;&nbsp;&nbsp;&nbsp;&nbsp;&nbsp;&nbsp;&nbsp;&nbsp;<span class="nt">&lt;version</span> <span class="na">num=</span><span class="s">&quot;337&quot;</span> <span class="na">curr_loc=</span><span class="s">&quot;154&quot;</span> <span class="na">changed=</span><span class="s">&quot;1&quot;</span> <span class="na">churn=</span><span class="s">&quot;200&quot;</span> <span class="nt">/&gt;</span></div><div class='line' id='LC1412'>&nbsp;&nbsp;&nbsp;&nbsp;&nbsp;&nbsp;&nbsp;&nbsp;&nbsp;&nbsp;&nbsp;&nbsp;&nbsp;&nbsp;<span class="nt">&lt;version</span> <span class="na">num=</span><span class="s">&quot;366&quot;</span> <span class="na">curr_loc=</span><span class="s">&quot;157&quot;</span> <span class="na">changed=</span><span class="s">&quot;1&quot;</span> <span class="na">churn=</span><span class="s">&quot;203&quot;</span> <span class="nt">/&gt;</span></div><div class='line' id='LC1413'>&nbsp;&nbsp;&nbsp;&nbsp;&nbsp;&nbsp;&nbsp;&nbsp;&nbsp;&nbsp;&nbsp;&nbsp;&nbsp;&nbsp;<span class="nt">&lt;version</span> <span class="na">num=</span><span class="s">&quot;367&quot;</span> <span class="na">curr_loc=</span><span class="s">&quot;159&quot;</span> <span class="na">changed=</span><span class="s">&quot;1&quot;</span> <span class="na">churn=</span><span class="s">&quot;205&quot;</span> <span class="nt">/&gt;</span></div><div class='line' id='LC1414'>&nbsp;&nbsp;&nbsp;&nbsp;&nbsp;&nbsp;&nbsp;&nbsp;&nbsp;&nbsp;&nbsp;&nbsp;&nbsp;&nbsp;<span class="nt">&lt;version</span> <span class="na">num=</span><span class="s">&quot;380&quot;</span> <span class="na">curr_loc=</span><span class="s">&quot;161&quot;</span> <span class="na">changed=</span><span class="s">&quot;1&quot;</span> <span class="na">churn=</span><span class="s">&quot;207&quot;</span> <span class="nt">/&gt;</span></div><div class='line' id='LC1415'>&nbsp;&nbsp;&nbsp;&nbsp;&nbsp;&nbsp;&nbsp;&nbsp;&nbsp;&nbsp;&nbsp;&nbsp;&nbsp;&nbsp;<span class="nt">&lt;version</span> <span class="na">num=</span><span class="s">&quot;384&quot;</span> <span class="na">curr_loc=</span><span class="s">&quot;161&quot;</span> <span class="na">changed=</span><span class="s">&quot;1&quot;</span> <span class="na">churn=</span><span class="s">&quot;207&quot;</span> <span class="nt">/&gt;</span></div><div class='line' id='LC1416'>&nbsp;&nbsp;&nbsp;&nbsp;&nbsp;&nbsp;&nbsp;&nbsp;&nbsp;&nbsp;&nbsp;&nbsp;&nbsp;&nbsp;<span class="nt">&lt;version</span> <span class="na">num=</span><span class="s">&quot;398&quot;</span> <span class="na">curr_loc=</span><span class="s">&quot;156&quot;</span> <span class="na">changed=</span><span class="s">&quot;1&quot;</span> <span class="na">churn=</span><span class="s">&quot;212&quot;</span> <span class="nt">/&gt;</span></div><div class='line' id='LC1417'>&nbsp;&nbsp;&nbsp;&nbsp;&nbsp;&nbsp;&nbsp;&nbsp;&nbsp;&nbsp;&nbsp;&nbsp;<span class="nt">&lt;/class&gt;</span></div><div class='line' id='LC1418'>&nbsp;&nbsp;&nbsp;&nbsp;&nbsp;&nbsp;&nbsp;&nbsp;&nbsp;&nbsp;&nbsp;&nbsp;<span class="nt">&lt;package</span> <span class="na">name=</span><span class="s">&quot;theories&quot;</span><span class="nt">&gt;</span></div><div class='line' id='LC1419'>&nbsp;&nbsp;&nbsp;&nbsp;&nbsp;&nbsp;&nbsp;&nbsp;&nbsp;&nbsp;&nbsp;&nbsp;&nbsp;&nbsp;<span class="nt">&lt;package</span> <span class="na">name=</span><span class="s">&quot;extendingwithstubs&quot;</span><span class="nt">&gt;</span></div><div class='line' id='LC1420'>&nbsp;&nbsp;&nbsp;&nbsp;&nbsp;&nbsp;&nbsp;&nbsp;&nbsp;&nbsp;&nbsp;&nbsp;&nbsp;&nbsp;&nbsp;&nbsp;<span class="nt">&lt;class</span> <span class="na">name=</span><span class="s">&quot;StubbedTheories&quot;</span> <span class="na">type=</span><span class="s">&quot;ConcreteClass&quot;</span> <span class="na">maxLoc=</span><span class="s">&quot;65&quot;</span><span class="nt">&gt;</span></div><div class='line' id='LC1421'>&nbsp;&nbsp;&nbsp;&nbsp;&nbsp;&nbsp;&nbsp;&nbsp;&nbsp;&nbsp;&nbsp;&nbsp;&nbsp;&nbsp;&nbsp;&nbsp;&nbsp;&nbsp;<span class="nt">&lt;version</span> <span class="na">num=</span><span class="s">&quot;50&quot;</span> <span class="na">curr_loc=</span><span class="s">&quot;65&quot;</span> <span class="na">changed=</span><span class="s">&quot;1&quot;</span> <span class="na">churn=</span><span class="s">&quot;65&quot;</span> <span class="nt">/&gt;</span></div><div class='line' id='LC1422'>&nbsp;&nbsp;&nbsp;&nbsp;&nbsp;&nbsp;&nbsp;&nbsp;&nbsp;&nbsp;&nbsp;&nbsp;&nbsp;&nbsp;&nbsp;&nbsp;&nbsp;&nbsp;<span class="nt">&lt;version</span> <span class="na">num=</span><span class="s">&quot;59&quot;</span> <span class="na">curr_loc=</span><span class="s">&quot;65&quot;</span> <span class="na">changed=</span><span class="s">&quot;1&quot;</span> <span class="na">churn=</span><span class="s">&quot;65&quot;</span> <span class="nt">/&gt;</span></div><div class='line' id='LC1423'>&nbsp;&nbsp;&nbsp;&nbsp;&nbsp;&nbsp;&nbsp;&nbsp;&nbsp;&nbsp;&nbsp;&nbsp;&nbsp;&nbsp;&nbsp;&nbsp;&nbsp;&nbsp;<span class="nt">&lt;version</span> <span class="na">num=</span><span class="s">&quot;86&quot;</span> <span class="na">curr_loc=</span><span class="s">&quot;64&quot;</span> <span class="na">changed=</span><span class="s">&quot;1&quot;</span> <span class="na">churn=</span><span class="s">&quot;66&quot;</span> <span class="nt">/&gt;</span></div><div class='line' id='LC1424'>&nbsp;&nbsp;&nbsp;&nbsp;&nbsp;&nbsp;&nbsp;&nbsp;&nbsp;&nbsp;&nbsp;&nbsp;&nbsp;&nbsp;&nbsp;&nbsp;&nbsp;&nbsp;<span class="nt">&lt;version</span> <span class="na">num=</span><span class="s">&quot;329&quot;</span> <span class="na">curr_loc=</span><span class="s">&quot;65&quot;</span> <span class="na">changed=</span><span class="s">&quot;1&quot;</span> <span class="na">churn=</span><span class="s">&quot;67&quot;</span> <span class="nt">/&gt;</span></div><div class='line' id='LC1425'>&nbsp;&nbsp;&nbsp;&nbsp;&nbsp;&nbsp;&nbsp;&nbsp;&nbsp;&nbsp;&nbsp;&nbsp;&nbsp;&nbsp;&nbsp;&nbsp;&nbsp;&nbsp;<span class="nt">&lt;version</span> <span class="na">num=</span><span class="s">&quot;336&quot;</span> <span class="na">curr_loc=</span><span class="s">&quot;65&quot;</span> <span class="na">changed=</span><span class="s">&quot;1&quot;</span> <span class="na">churn=</span><span class="s">&quot;67&quot;</span> <span class="nt">/&gt;</span></div><div class='line' id='LC1426'>&nbsp;&nbsp;&nbsp;&nbsp;&nbsp;&nbsp;&nbsp;&nbsp;&nbsp;&nbsp;&nbsp;&nbsp;&nbsp;&nbsp;&nbsp;&nbsp;&nbsp;&nbsp;<span class="nt">&lt;version</span> <span class="na">num=</span><span class="s">&quot;337&quot;</span> <span class="na">curr_loc=</span><span class="s">&quot;65&quot;</span> <span class="na">changed=</span><span class="s">&quot;1&quot;</span> <span class="na">churn=</span><span class="s">&quot;67&quot;</span> <span class="nt">/&gt;</span></div><div class='line' id='LC1427'>&nbsp;&nbsp;&nbsp;&nbsp;&nbsp;&nbsp;&nbsp;&nbsp;&nbsp;&nbsp;&nbsp;&nbsp;&nbsp;&nbsp;&nbsp;&nbsp;&nbsp;&nbsp;<span class="nt">&lt;version</span> <span class="na">num=</span><span class="s">&quot;344&quot;</span> <span class="na">curr_loc=</span><span class="s">&quot;65&quot;</span> <span class="na">changed=</span><span class="s">&quot;1&quot;</span> <span class="na">churn=</span><span class="s">&quot;67&quot;</span> <span class="nt">/&gt;</span></div><div class='line' id='LC1428'>&nbsp;&nbsp;&nbsp;&nbsp;&nbsp;&nbsp;&nbsp;&nbsp;&nbsp;&nbsp;&nbsp;&nbsp;&nbsp;&nbsp;&nbsp;&nbsp;&nbsp;&nbsp;<span class="nt">&lt;version</span> <span class="na">num=</span><span class="s">&quot;366&quot;</span> <span class="na">curr_loc=</span><span class="s">&quot;65&quot;</span> <span class="na">changed=</span><span class="s">&quot;1&quot;</span> <span class="na">churn=</span><span class="s">&quot;67&quot;</span> <span class="nt">/&gt;</span></div><div class='line' id='LC1429'>&nbsp;&nbsp;&nbsp;&nbsp;&nbsp;&nbsp;&nbsp;&nbsp;&nbsp;&nbsp;&nbsp;&nbsp;&nbsp;&nbsp;&nbsp;&nbsp;&nbsp;&nbsp;<span class="nt">&lt;version</span> <span class="na">num=</span><span class="s">&quot;432&quot;</span> <span class="na">curr_loc=</span><span class="s">&quot;65&quot;</span> <span class="na">changed=</span><span class="s">&quot;1&quot;</span> <span class="na">churn=</span><span class="s">&quot;67&quot;</span> <span class="nt">/&gt;</span></div><div class='line' id='LC1430'>&nbsp;&nbsp;&nbsp;&nbsp;&nbsp;&nbsp;&nbsp;&nbsp;&nbsp;&nbsp;&nbsp;&nbsp;&nbsp;&nbsp;&nbsp;&nbsp;<span class="nt">&lt;/class&gt;</span></div><div class='line' id='LC1431'>&nbsp;&nbsp;&nbsp;&nbsp;&nbsp;&nbsp;&nbsp;&nbsp;&nbsp;&nbsp;&nbsp;&nbsp;&nbsp;&nbsp;&nbsp;&nbsp;<span class="nt">&lt;class</span> <span class="na">name=</span><span class="s">&quot;Guesser&quot;</span> <span class="na">type=</span><span class="s">&quot;ConcreteClass&quot;</span> <span class="na">maxLoc=</span><span class="s">&quot;122&quot;</span><span class="nt">&gt;</span></div><div class='line' id='LC1432'>&nbsp;&nbsp;&nbsp;&nbsp;&nbsp;&nbsp;&nbsp;&nbsp;&nbsp;&nbsp;&nbsp;&nbsp;&nbsp;&nbsp;&nbsp;&nbsp;&nbsp;&nbsp;<span class="nt">&lt;version</span> <span class="na">num=</span><span class="s">&quot;86&quot;</span> <span class="na">curr_loc=</span><span class="s">&quot;122&quot;</span> <span class="na">changed=</span><span class="s">&quot;1&quot;</span> <span class="na">churn=</span><span class="s">&quot;122&quot;</span> <span class="nt">/&gt;</span></div><div class='line' id='LC1433'>&nbsp;&nbsp;&nbsp;&nbsp;&nbsp;&nbsp;&nbsp;&nbsp;&nbsp;&nbsp;&nbsp;&nbsp;&nbsp;&nbsp;&nbsp;&nbsp;&nbsp;&nbsp;<span class="nt">&lt;version</span> <span class="na">num=</span><span class="s">&quot;366&quot;</span> <span class="na">curr_loc=</span><span class="s">&quot;122&quot;</span> <span class="na">changed=</span><span class="s">&quot;1&quot;</span> <span class="na">churn=</span><span class="s">&quot;122&quot;</span> <span class="nt">/&gt;</span></div><div class='line' id='LC1434'>&nbsp;&nbsp;&nbsp;&nbsp;&nbsp;&nbsp;&nbsp;&nbsp;&nbsp;&nbsp;&nbsp;&nbsp;&nbsp;&nbsp;&nbsp;&nbsp;&nbsp;&nbsp;<span class="nt">&lt;version</span> <span class="na">num=</span><span class="s">&quot;368&quot;</span> <span class="na">curr_loc=</span><span class="s">&quot;122&quot;</span> <span class="na">changed=</span><span class="s">&quot;1&quot;</span> <span class="na">churn=</span><span class="s">&quot;122&quot;</span> <span class="nt">/&gt;</span></div><div class='line' id='LC1435'>&nbsp;&nbsp;&nbsp;&nbsp;&nbsp;&nbsp;&nbsp;&nbsp;&nbsp;&nbsp;&nbsp;&nbsp;&nbsp;&nbsp;&nbsp;&nbsp;&nbsp;&nbsp;<span class="nt">&lt;version</span> <span class="na">num=</span><span class="s">&quot;387&quot;</span> <span class="na">curr_loc=</span><span class="s">&quot;117&quot;</span> <span class="na">changed=</span><span class="s">&quot;1&quot;</span> <span class="na">churn=</span><span class="s">&quot;127&quot;</span> <span class="nt">/&gt;</span></div><div class='line' id='LC1436'>&nbsp;&nbsp;&nbsp;&nbsp;&nbsp;&nbsp;&nbsp;&nbsp;&nbsp;&nbsp;&nbsp;&nbsp;&nbsp;&nbsp;&nbsp;&nbsp;<span class="nt">&lt;/class&gt;</span></div><div class='line' id='LC1437'>&nbsp;&nbsp;&nbsp;&nbsp;&nbsp;&nbsp;&nbsp;&nbsp;&nbsp;&nbsp;&nbsp;&nbsp;&nbsp;&nbsp;&nbsp;&nbsp;<span class="nt">&lt;class</span> <span class="na">name=</span><span class="s">&quot;GuesserQueue&quot;</span> <span class="na">type=</span><span class="s">&quot;ConcreteClass&quot;</span> <span class="na">maxLoc=</span><span class="s">&quot;57&quot;</span><span class="nt">&gt;</span></div><div class='line' id='LC1438'>&nbsp;&nbsp;&nbsp;&nbsp;&nbsp;&nbsp;&nbsp;&nbsp;&nbsp;&nbsp;&nbsp;&nbsp;&nbsp;&nbsp;&nbsp;&nbsp;&nbsp;&nbsp;<span class="nt">&lt;version</span> <span class="na">num=</span><span class="s">&quot;366&quot;</span> <span class="na">curr_loc=</span><span class="s">&quot;57&quot;</span> <span class="na">changed=</span><span class="s">&quot;1&quot;</span> <span class="na">churn=</span><span class="s">&quot;57&quot;</span> <span class="nt">/&gt;</span></div><div class='line' id='LC1439'>&nbsp;&nbsp;&nbsp;&nbsp;&nbsp;&nbsp;&nbsp;&nbsp;&nbsp;&nbsp;&nbsp;&nbsp;&nbsp;&nbsp;&nbsp;&nbsp;&nbsp;&nbsp;<span class="nt">&lt;version</span> <span class="na">num=</span><span class="s">&quot;368&quot;</span> <span class="na">curr_loc=</span><span class="s">&quot;57&quot;</span> <span class="na">changed=</span><span class="s">&quot;1&quot;</span> <span class="na">churn=</span><span class="s">&quot;57&quot;</span> <span class="nt">/&gt;</span></div><div class='line' id='LC1440'>&nbsp;&nbsp;&nbsp;&nbsp;&nbsp;&nbsp;&nbsp;&nbsp;&nbsp;&nbsp;&nbsp;&nbsp;&nbsp;&nbsp;&nbsp;&nbsp;<span class="nt">&lt;/class&gt;</span></div><div class='line' id='LC1441'>&nbsp;&nbsp;&nbsp;&nbsp;&nbsp;&nbsp;&nbsp;&nbsp;&nbsp;&nbsp;&nbsp;&nbsp;&nbsp;&nbsp;&nbsp;&nbsp;<span class="nt">&lt;class</span> <span class="na">name=</span><span class="s">&quot;ReguessableValue&quot;</span> <span class="na">type=</span><span class="s">&quot;AbstractClass&quot;</span> <span class="na">maxLoc=</span><span class="s">&quot;16&quot;</span><span class="nt">&gt;</span></div><div class='line' id='LC1442'>&nbsp;&nbsp;&nbsp;&nbsp;&nbsp;&nbsp;&nbsp;&nbsp;&nbsp;&nbsp;&nbsp;&nbsp;&nbsp;&nbsp;&nbsp;&nbsp;&nbsp;&nbsp;<span class="nt">&lt;version</span> <span class="na">num=</span><span class="s">&quot;366&quot;</span> <span class="na">curr_loc=</span><span class="s">&quot;16&quot;</span> <span class="na">changed=</span><span class="s">&quot;1&quot;</span> <span class="na">churn=</span><span class="s">&quot;16&quot;</span> <span class="nt">/&gt;</span></div><div class='line' id='LC1443'>&nbsp;&nbsp;&nbsp;&nbsp;&nbsp;&nbsp;&nbsp;&nbsp;&nbsp;&nbsp;&nbsp;&nbsp;&nbsp;&nbsp;&nbsp;&nbsp;<span class="nt">&lt;/class&gt;</span></div><div class='line' id='LC1444'>&nbsp;&nbsp;&nbsp;&nbsp;&nbsp;&nbsp;&nbsp;&nbsp;&nbsp;&nbsp;&nbsp;&nbsp;&nbsp;&nbsp;<span class="nt">&lt;/package&gt;</span></div><div class='line' id='LC1445'>&nbsp;&nbsp;&nbsp;&nbsp;&nbsp;&nbsp;&nbsp;&nbsp;&nbsp;&nbsp;&nbsp;&nbsp;&nbsp;&nbsp;<span class="nt">&lt;package</span> <span class="na">name=</span><span class="s">&quot;runner&quot;</span><span class="nt">&gt;</span></div><div class='line' id='LC1446'>&nbsp;&nbsp;&nbsp;&nbsp;&nbsp;&nbsp;&nbsp;&nbsp;&nbsp;&nbsp;&nbsp;&nbsp;&nbsp;&nbsp;&nbsp;&nbsp;<span class="nt">&lt;class</span> <span class="na">name=</span><span class="s">&quot;UnsuccessfulWithDataPointFields&quot;</span> <span class="na">type=</span><span class="s">&quot;ConcreteClass&quot;</span> <span class="na">maxLoc=</span><span class="s">&quot;126&quot;</span><span class="nt">&gt;</span></div><div class='line' id='LC1447'>&nbsp;&nbsp;&nbsp;&nbsp;&nbsp;&nbsp;&nbsp;&nbsp;&nbsp;&nbsp;&nbsp;&nbsp;&nbsp;&nbsp;&nbsp;&nbsp;&nbsp;&nbsp;<span class="nt">&lt;version</span> <span class="na">num=</span><span class="s">&quot;54&quot;</span> <span class="na">curr_loc=</span><span class="s">&quot;126&quot;</span> <span class="na">changed=</span><span class="s">&quot;1&quot;</span> <span class="na">churn=</span><span class="s">&quot;126&quot;</span> <span class="nt">/&gt;</span></div><div class='line' id='LC1448'>&nbsp;&nbsp;&nbsp;&nbsp;&nbsp;&nbsp;&nbsp;&nbsp;&nbsp;&nbsp;&nbsp;&nbsp;&nbsp;&nbsp;&nbsp;&nbsp;&nbsp;&nbsp;<span class="nt">&lt;version</span> <span class="na">num=</span><span class="s">&quot;62&quot;</span> <span class="na">curr_loc=</span><span class="s">&quot;126&quot;</span> <span class="na">changed=</span><span class="s">&quot;1&quot;</span> <span class="na">churn=</span><span class="s">&quot;126&quot;</span> <span class="nt">/&gt;</span></div><div class='line' id='LC1449'>&nbsp;&nbsp;&nbsp;&nbsp;&nbsp;&nbsp;&nbsp;&nbsp;&nbsp;&nbsp;&nbsp;&nbsp;&nbsp;&nbsp;&nbsp;&nbsp;&nbsp;&nbsp;<span class="nt">&lt;version</span> <span class="na">num=</span><span class="s">&quot;73&quot;</span> <span class="na">curr_loc=</span><span class="s">&quot;125&quot;</span> <span class="na">changed=</span><span class="s">&quot;1&quot;</span> <span class="na">churn=</span><span class="s">&quot;127&quot;</span> <span class="nt">/&gt;</span></div><div class='line' id='LC1450'>&nbsp;&nbsp;&nbsp;&nbsp;&nbsp;&nbsp;&nbsp;&nbsp;&nbsp;&nbsp;&nbsp;&nbsp;&nbsp;&nbsp;&nbsp;&nbsp;&nbsp;&nbsp;<span class="nt">&lt;version</span> <span class="na">num=</span><span class="s">&quot;121&quot;</span> <span class="na">curr_loc=</span><span class="s">&quot;126&quot;</span> <span class="na">changed=</span><span class="s">&quot;1&quot;</span> <span class="na">churn=</span><span class="s">&quot;128&quot;</span> <span class="nt">/&gt;</span></div><div class='line' id='LC1451'>&nbsp;&nbsp;&nbsp;&nbsp;&nbsp;&nbsp;&nbsp;&nbsp;&nbsp;&nbsp;&nbsp;&nbsp;&nbsp;&nbsp;&nbsp;&nbsp;&nbsp;&nbsp;<span class="nt">&lt;version</span> <span class="na">num=</span><span class="s">&quot;174&quot;</span> <span class="na">curr_loc=</span><span class="s">&quot;126&quot;</span> <span class="na">changed=</span><span class="s">&quot;1&quot;</span> <span class="na">churn=</span><span class="s">&quot;128&quot;</span> <span class="nt">/&gt;</span></div><div class='line' id='LC1452'>&nbsp;&nbsp;&nbsp;&nbsp;&nbsp;&nbsp;&nbsp;&nbsp;&nbsp;&nbsp;&nbsp;&nbsp;&nbsp;&nbsp;&nbsp;&nbsp;&nbsp;&nbsp;<span class="nt">&lt;version</span> <span class="na">num=</span><span class="s">&quot;180&quot;</span> <span class="na">curr_loc=</span><span class="s">&quot;126&quot;</span> <span class="na">changed=</span><span class="s">&quot;1&quot;</span> <span class="na">churn=</span><span class="s">&quot;128&quot;</span> <span class="nt">/&gt;</span></div><div class='line' id='LC1453'>&nbsp;&nbsp;&nbsp;&nbsp;&nbsp;&nbsp;&nbsp;&nbsp;&nbsp;&nbsp;&nbsp;&nbsp;&nbsp;&nbsp;&nbsp;&nbsp;&nbsp;&nbsp;<span class="nt">&lt;version</span> <span class="na">num=</span><span class="s">&quot;182&quot;</span> <span class="na">curr_loc=</span><span class="s">&quot;126&quot;</span> <span class="na">changed=</span><span class="s">&quot;1&quot;</span> <span class="na">churn=</span><span class="s">&quot;128&quot;</span> <span class="nt">/&gt;</span></div><div class='line' id='LC1454'>&nbsp;&nbsp;&nbsp;&nbsp;&nbsp;&nbsp;&nbsp;&nbsp;&nbsp;&nbsp;&nbsp;&nbsp;&nbsp;&nbsp;&nbsp;&nbsp;&nbsp;&nbsp;<span class="nt">&lt;version</span> <span class="na">num=</span><span class="s">&quot;184&quot;</span> <span class="na">curr_loc=</span><span class="s">&quot;126&quot;</span> <span class="na">changed=</span><span class="s">&quot;1&quot;</span> <span class="na">churn=</span><span class="s">&quot;128&quot;</span> <span class="nt">/&gt;</span></div><div class='line' id='LC1455'>&nbsp;&nbsp;&nbsp;&nbsp;&nbsp;&nbsp;&nbsp;&nbsp;&nbsp;&nbsp;&nbsp;&nbsp;&nbsp;&nbsp;&nbsp;&nbsp;&nbsp;&nbsp;<span class="nt">&lt;version</span> <span class="na">num=</span><span class="s">&quot;287&quot;</span> <span class="na">curr_loc=</span><span class="s">&quot;126&quot;</span> <span class="na">changed=</span><span class="s">&quot;1&quot;</span> <span class="na">churn=</span><span class="s">&quot;128&quot;</span> <span class="nt">/&gt;</span></div><div class='line' id='LC1456'>&nbsp;&nbsp;&nbsp;&nbsp;&nbsp;&nbsp;&nbsp;&nbsp;&nbsp;&nbsp;&nbsp;&nbsp;&nbsp;&nbsp;&nbsp;&nbsp;&nbsp;&nbsp;<span class="nt">&lt;version</span> <span class="na">num=</span><span class="s">&quot;320&quot;</span> <span class="na">curr_loc=</span><span class="s">&quot;122&quot;</span> <span class="na">changed=</span><span class="s">&quot;1&quot;</span> <span class="na">churn=</span><span class="s">&quot;132&quot;</span> <span class="nt">/&gt;</span></div><div class='line' id='LC1457'>&nbsp;&nbsp;&nbsp;&nbsp;&nbsp;&nbsp;&nbsp;&nbsp;&nbsp;&nbsp;&nbsp;&nbsp;&nbsp;&nbsp;&nbsp;&nbsp;&nbsp;&nbsp;<span class="nt">&lt;version</span> <span class="na">num=</span><span class="s">&quot;331&quot;</span> <span class="na">curr_loc=</span><span class="s">&quot;104&quot;</span> <span class="na">changed=</span><span class="s">&quot;1&quot;</span> <span class="na">churn=</span><span class="s">&quot;150&quot;</span> <span class="nt">/&gt;</span></div><div class='line' id='LC1458'>&nbsp;&nbsp;&nbsp;&nbsp;&nbsp;&nbsp;&nbsp;&nbsp;&nbsp;&nbsp;&nbsp;&nbsp;&nbsp;&nbsp;&nbsp;&nbsp;&nbsp;&nbsp;<span class="nt">&lt;version</span> <span class="na">num=</span><span class="s">&quot;368&quot;</span> <span class="na">curr_loc=</span><span class="s">&quot;104&quot;</span> <span class="na">changed=</span><span class="s">&quot;1&quot;</span> <span class="na">churn=</span><span class="s">&quot;150&quot;</span> <span class="nt">/&gt;</span></div><div class='line' id='LC1459'>&nbsp;&nbsp;&nbsp;&nbsp;&nbsp;&nbsp;&nbsp;&nbsp;&nbsp;&nbsp;&nbsp;&nbsp;&nbsp;&nbsp;&nbsp;&nbsp;<span class="nt">&lt;/class&gt;</span></div><div class='line' id='LC1460'>&nbsp;&nbsp;&nbsp;&nbsp;&nbsp;&nbsp;&nbsp;&nbsp;&nbsp;&nbsp;&nbsp;&nbsp;&nbsp;&nbsp;&nbsp;&nbsp;<span class="nt">&lt;class</span> <span class="na">name=</span><span class="s">&quot;WithOnlyTestAnnotations&quot;</span> <span class="na">type=</span><span class="s">&quot;ConcreteClass&quot;</span> <span class="na">maxLoc=</span><span class="s">&quot;81&quot;</span><span class="nt">&gt;</span></div><div class='line' id='LC1461'>&nbsp;&nbsp;&nbsp;&nbsp;&nbsp;&nbsp;&nbsp;&nbsp;&nbsp;&nbsp;&nbsp;&nbsp;&nbsp;&nbsp;&nbsp;&nbsp;&nbsp;&nbsp;<span class="nt">&lt;version</span> <span class="na">num=</span><span class="s">&quot;118&quot;</span> <span class="na">curr_loc=</span><span class="s">&quot;80&quot;</span> <span class="na">changed=</span><span class="s">&quot;1&quot;</span> <span class="na">churn=</span><span class="s">&quot;80&quot;</span> <span class="nt">/&gt;</span></div><div class='line' id='LC1462'>&nbsp;&nbsp;&nbsp;&nbsp;&nbsp;&nbsp;&nbsp;&nbsp;&nbsp;&nbsp;&nbsp;&nbsp;&nbsp;&nbsp;&nbsp;&nbsp;&nbsp;&nbsp;<span class="nt">&lt;version</span> <span class="na">num=</span><span class="s">&quot;121&quot;</span> <span class="na">curr_loc=</span><span class="s">&quot;81&quot;</span> <span class="na">changed=</span><span class="s">&quot;1&quot;</span> <span class="na">churn=</span><span class="s">&quot;81&quot;</span> <span class="nt">/&gt;</span></div><div class='line' id='LC1463'>&nbsp;&nbsp;&nbsp;&nbsp;&nbsp;&nbsp;&nbsp;&nbsp;&nbsp;&nbsp;&nbsp;&nbsp;&nbsp;&nbsp;&nbsp;&nbsp;&nbsp;&nbsp;<span class="nt">&lt;version</span> <span class="na">num=</span><span class="s">&quot;182&quot;</span> <span class="na">curr_loc=</span><span class="s">&quot;81&quot;</span> <span class="na">changed=</span><span class="s">&quot;1&quot;</span> <span class="na">churn=</span><span class="s">&quot;81&quot;</span> <span class="nt">/&gt;</span></div><div class='line' id='LC1464'>&nbsp;&nbsp;&nbsp;&nbsp;&nbsp;&nbsp;&nbsp;&nbsp;&nbsp;&nbsp;&nbsp;&nbsp;&nbsp;&nbsp;&nbsp;&nbsp;&nbsp;&nbsp;<span class="nt">&lt;version</span> <span class="na">num=</span><span class="s">&quot;184&quot;</span> <span class="na">curr_loc=</span><span class="s">&quot;81&quot;</span> <span class="na">changed=</span><span class="s">&quot;1&quot;</span> <span class="na">churn=</span><span class="s">&quot;81&quot;</span> <span class="nt">/&gt;</span></div><div class='line' id='LC1465'>&nbsp;&nbsp;&nbsp;&nbsp;&nbsp;&nbsp;&nbsp;&nbsp;&nbsp;&nbsp;&nbsp;&nbsp;&nbsp;&nbsp;&nbsp;&nbsp;&nbsp;&nbsp;<span class="nt">&lt;version</span> <span class="na">num=</span><span class="s">&quot;287&quot;</span> <span class="na">curr_loc=</span><span class="s">&quot;81&quot;</span> <span class="na">changed=</span><span class="s">&quot;1&quot;</span> <span class="na">churn=</span><span class="s">&quot;81&quot;</span> <span class="nt">/&gt;</span></div><div class='line' id='LC1466'>&nbsp;&nbsp;&nbsp;&nbsp;&nbsp;&nbsp;&nbsp;&nbsp;&nbsp;&nbsp;&nbsp;&nbsp;&nbsp;&nbsp;&nbsp;&nbsp;&nbsp;&nbsp;<span class="nt">&lt;version</span> <span class="na">num=</span><span class="s">&quot;308&quot;</span> <span class="na">curr_loc=</span><span class="s">&quot;58&quot;</span> <span class="na">changed=</span><span class="s">&quot;1&quot;</span> <span class="na">churn=</span><span class="s">&quot;104&quot;</span> <span class="nt">/&gt;</span></div><div class='line' id='LC1467'>&nbsp;&nbsp;&nbsp;&nbsp;&nbsp;&nbsp;&nbsp;&nbsp;&nbsp;&nbsp;&nbsp;&nbsp;&nbsp;&nbsp;&nbsp;&nbsp;&nbsp;&nbsp;<span class="nt">&lt;version</span> <span class="na">num=</span><span class="s">&quot;320&quot;</span> <span class="na">curr_loc=</span><span class="s">&quot;59&quot;</span> <span class="na">changed=</span><span class="s">&quot;1&quot;</span> <span class="na">churn=</span><span class="s">&quot;105&quot;</span> <span class="nt">/&gt;</span></div><div class='line' id='LC1468'>&nbsp;&nbsp;&nbsp;&nbsp;&nbsp;&nbsp;&nbsp;&nbsp;&nbsp;&nbsp;&nbsp;&nbsp;&nbsp;&nbsp;&nbsp;&nbsp;<span class="nt">&lt;/class&gt;</span></div><div class='line' id='LC1469'>&nbsp;&nbsp;&nbsp;&nbsp;&nbsp;&nbsp;&nbsp;&nbsp;&nbsp;&nbsp;&nbsp;&nbsp;&nbsp;&nbsp;&nbsp;&nbsp;<span class="nt">&lt;class</span> <span class="na">name=</span><span class="s">&quot;WhenNoParametersMatch&quot;</span> <span class="na">type=</span><span class="s">&quot;ConcreteClass&quot;</span> <span class="na">maxLoc=</span><span class="s">&quot;51&quot;</span><span class="nt">&gt;</span></div><div class='line' id='LC1470'>&nbsp;&nbsp;&nbsp;&nbsp;&nbsp;&nbsp;&nbsp;&nbsp;&nbsp;&nbsp;&nbsp;&nbsp;&nbsp;&nbsp;&nbsp;&nbsp;&nbsp;&nbsp;<span class="nt">&lt;version</span> <span class="na">num=</span><span class="s">&quot;121&quot;</span> <span class="na">curr_loc=</span><span class="s">&quot;50&quot;</span> <span class="na">changed=</span><span class="s">&quot;1&quot;</span> <span class="na">churn=</span><span class="s">&quot;50&quot;</span> <span class="nt">/&gt;</span></div><div class='line' id='LC1471'>&nbsp;&nbsp;&nbsp;&nbsp;&nbsp;&nbsp;&nbsp;&nbsp;&nbsp;&nbsp;&nbsp;&nbsp;&nbsp;&nbsp;&nbsp;&nbsp;&nbsp;&nbsp;<span class="nt">&lt;version</span> <span class="na">num=</span><span class="s">&quot;182&quot;</span> <span class="na">curr_loc=</span><span class="s">&quot;50&quot;</span> <span class="na">changed=</span><span class="s">&quot;1&quot;</span> <span class="na">churn=</span><span class="s">&quot;50&quot;</span> <span class="nt">/&gt;</span></div><div class='line' id='LC1472'>&nbsp;&nbsp;&nbsp;&nbsp;&nbsp;&nbsp;&nbsp;&nbsp;&nbsp;&nbsp;&nbsp;&nbsp;&nbsp;&nbsp;&nbsp;&nbsp;&nbsp;&nbsp;<span class="nt">&lt;version</span> <span class="na">num=</span><span class="s">&quot;184&quot;</span> <span class="na">curr_loc=</span><span class="s">&quot;50&quot;</span> <span class="na">changed=</span><span class="s">&quot;1&quot;</span> <span class="na">churn=</span><span class="s">&quot;50&quot;</span> <span class="nt">/&gt;</span></div><div class='line' id='LC1473'>&nbsp;&nbsp;&nbsp;&nbsp;&nbsp;&nbsp;&nbsp;&nbsp;&nbsp;&nbsp;&nbsp;&nbsp;&nbsp;&nbsp;&nbsp;&nbsp;&nbsp;&nbsp;<span class="nt">&lt;version</span> <span class="na">num=</span><span class="s">&quot;287&quot;</span> <span class="na">curr_loc=</span><span class="s">&quot;50&quot;</span> <span class="na">changed=</span><span class="s">&quot;1&quot;</span> <span class="na">churn=</span><span class="s">&quot;50&quot;</span> <span class="nt">/&gt;</span></div><div class='line' id='LC1474'>&nbsp;&nbsp;&nbsp;&nbsp;&nbsp;&nbsp;&nbsp;&nbsp;&nbsp;&nbsp;&nbsp;&nbsp;&nbsp;&nbsp;&nbsp;&nbsp;&nbsp;&nbsp;<span class="nt">&lt;version</span> <span class="na">num=</span><span class="s">&quot;347&quot;</span> <span class="na">curr_loc=</span><span class="s">&quot;47&quot;</span> <span class="na">changed=</span><span class="s">&quot;1&quot;</span> <span class="na">churn=</span><span class="s">&quot;53&quot;</span> <span class="nt">/&gt;</span></div><div class='line' id='LC1475'>&nbsp;&nbsp;&nbsp;&nbsp;&nbsp;&nbsp;&nbsp;&nbsp;&nbsp;&nbsp;&nbsp;&nbsp;&nbsp;&nbsp;&nbsp;&nbsp;&nbsp;&nbsp;<span class="nt">&lt;version</span> <span class="na">num=</span><span class="s">&quot;360&quot;</span> <span class="na">curr_loc=</span><span class="s">&quot;48&quot;</span> <span class="na">changed=</span><span class="s">&quot;1&quot;</span> <span class="na">churn=</span><span class="s">&quot;54&quot;</span> <span class="nt">/&gt;</span></div><div class='line' id='LC1476'>&nbsp;&nbsp;&nbsp;&nbsp;&nbsp;&nbsp;&nbsp;&nbsp;&nbsp;&nbsp;&nbsp;&nbsp;&nbsp;&nbsp;&nbsp;&nbsp;&nbsp;&nbsp;<span class="nt">&lt;version</span> <span class="na">num=</span><span class="s">&quot;361&quot;</span> <span class="na">curr_loc=</span><span class="s">&quot;51&quot;</span> <span class="na">changed=</span><span class="s">&quot;1&quot;</span> <span class="na">churn=</span><span class="s">&quot;57&quot;</span> <span class="nt">/&gt;</span></div><div class='line' id='LC1477'>&nbsp;&nbsp;&nbsp;&nbsp;&nbsp;&nbsp;&nbsp;&nbsp;&nbsp;&nbsp;&nbsp;&nbsp;&nbsp;&nbsp;&nbsp;&nbsp;&nbsp;&nbsp;<span class="nt">&lt;version</span> <span class="na">num=</span><span class="s">&quot;362&quot;</span> <span class="na">curr_loc=</span><span class="s">&quot;49&quot;</span> <span class="na">changed=</span><span class="s">&quot;1&quot;</span> <span class="na">churn=</span><span class="s">&quot;59&quot;</span> <span class="nt">/&gt;</span></div><div class='line' id='LC1478'>&nbsp;&nbsp;&nbsp;&nbsp;&nbsp;&nbsp;&nbsp;&nbsp;&nbsp;&nbsp;&nbsp;&nbsp;&nbsp;&nbsp;&nbsp;&nbsp;&nbsp;&nbsp;<span class="nt">&lt;version</span> <span class="na">num=</span><span class="s">&quot;367&quot;</span> <span class="na">curr_loc=</span><span class="s">&quot;51&quot;</span> <span class="na">changed=</span><span class="s">&quot;1&quot;</span> <span class="na">churn=</span><span class="s">&quot;61&quot;</span> <span class="nt">/&gt;</span></div><div class='line' id='LC1479'>&nbsp;&nbsp;&nbsp;&nbsp;&nbsp;&nbsp;&nbsp;&nbsp;&nbsp;&nbsp;&nbsp;&nbsp;&nbsp;&nbsp;&nbsp;&nbsp;&nbsp;&nbsp;<span class="nt">&lt;version</span> <span class="na">num=</span><span class="s">&quot;384&quot;</span> <span class="na">curr_loc=</span><span class="s">&quot;48&quot;</span> <span class="na">changed=</span><span class="s">&quot;1&quot;</span> <span class="na">churn=</span><span class="s">&quot;64&quot;</span> <span class="nt">/&gt;</span></div><div class='line' id='LC1480'>&nbsp;&nbsp;&nbsp;&nbsp;&nbsp;&nbsp;&nbsp;&nbsp;&nbsp;&nbsp;&nbsp;&nbsp;&nbsp;&nbsp;&nbsp;&nbsp;&nbsp;&nbsp;<span class="nt">&lt;version</span> <span class="na">num=</span><span class="s">&quot;412&quot;</span> <span class="na">curr_loc=</span><span class="s">&quot;48&quot;</span> <span class="na">changed=</span><span class="s">&quot;1&quot;</span> <span class="na">churn=</span><span class="s">&quot;64&quot;</span> <span class="nt">/&gt;</span></div><div class='line' id='LC1481'>&nbsp;&nbsp;&nbsp;&nbsp;&nbsp;&nbsp;&nbsp;&nbsp;&nbsp;&nbsp;&nbsp;&nbsp;&nbsp;&nbsp;&nbsp;&nbsp;&nbsp;&nbsp;<span class="nt">&lt;version</span> <span class="na">num=</span><span class="s">&quot;428&quot;</span> <span class="na">curr_loc=</span><span class="s">&quot;51&quot;</span> <span class="na">changed=</span><span class="s">&quot;1&quot;</span> <span class="na">churn=</span><span class="s">&quot;67&quot;</span> <span class="nt">/&gt;</span></div><div class='line' id='LC1482'>&nbsp;&nbsp;&nbsp;&nbsp;&nbsp;&nbsp;&nbsp;&nbsp;&nbsp;&nbsp;&nbsp;&nbsp;&nbsp;&nbsp;&nbsp;&nbsp;<span class="nt">&lt;/class&gt;</span></div><div class='line' id='LC1483'>&nbsp;&nbsp;&nbsp;&nbsp;&nbsp;&nbsp;&nbsp;&nbsp;&nbsp;&nbsp;&nbsp;&nbsp;&nbsp;&nbsp;&nbsp;&nbsp;<span class="nt">&lt;class</span> <span class="na">name=</span><span class="s">&quot;WithDataPointMethod&quot;</span> <span class="na">type=</span><span class="s">&quot;ConcreteClass&quot;</span> <span class="na">maxLoc=</span><span class="s">&quot;152&quot;</span><span class="nt">&gt;</span></div><div class='line' id='LC1484'>&nbsp;&nbsp;&nbsp;&nbsp;&nbsp;&nbsp;&nbsp;&nbsp;&nbsp;&nbsp;&nbsp;&nbsp;&nbsp;&nbsp;&nbsp;&nbsp;&nbsp;&nbsp;<span class="nt">&lt;version</span> <span class="na">num=</span><span class="s">&quot;121&quot;</span> <span class="na">curr_loc=</span><span class="s">&quot;152&quot;</span> <span class="na">changed=</span><span class="s">&quot;1&quot;</span> <span class="na">churn=</span><span class="s">&quot;152&quot;</span> <span class="nt">/&gt;</span></div><div class='line' id='LC1485'>&nbsp;&nbsp;&nbsp;&nbsp;&nbsp;&nbsp;&nbsp;&nbsp;&nbsp;&nbsp;&nbsp;&nbsp;&nbsp;&nbsp;&nbsp;&nbsp;&nbsp;&nbsp;<span class="nt">&lt;version</span> <span class="na">num=</span><span class="s">&quot;182&quot;</span> <span class="na">curr_loc=</span><span class="s">&quot;152&quot;</span> <span class="na">changed=</span><span class="s">&quot;1&quot;</span> <span class="na">churn=</span><span class="s">&quot;152&quot;</span> <span class="nt">/&gt;</span></div><div class='line' id='LC1486'>&nbsp;&nbsp;&nbsp;&nbsp;&nbsp;&nbsp;&nbsp;&nbsp;&nbsp;&nbsp;&nbsp;&nbsp;&nbsp;&nbsp;&nbsp;&nbsp;&nbsp;&nbsp;<span class="nt">&lt;version</span> <span class="na">num=</span><span class="s">&quot;184&quot;</span> <span class="na">curr_loc=</span><span class="s">&quot;152&quot;</span> <span class="na">changed=</span><span class="s">&quot;1&quot;</span> <span class="na">churn=</span><span class="s">&quot;152&quot;</span> <span class="nt">/&gt;</span></div><div class='line' id='LC1487'>&nbsp;&nbsp;&nbsp;&nbsp;&nbsp;&nbsp;&nbsp;&nbsp;&nbsp;&nbsp;&nbsp;&nbsp;&nbsp;&nbsp;&nbsp;&nbsp;&nbsp;&nbsp;<span class="nt">&lt;version</span> <span class="na">num=</span><span class="s">&quot;287&quot;</span> <span class="na">curr_loc=</span><span class="s">&quot;152&quot;</span> <span class="na">changed=</span><span class="s">&quot;1&quot;</span> <span class="na">churn=</span><span class="s">&quot;152&quot;</span> <span class="nt">/&gt;</span></div><div class='line' id='LC1488'>&nbsp;&nbsp;&nbsp;&nbsp;&nbsp;&nbsp;&nbsp;&nbsp;&nbsp;&nbsp;&nbsp;&nbsp;&nbsp;&nbsp;&nbsp;&nbsp;&nbsp;&nbsp;<span class="nt">&lt;version</span> <span class="na">num=</span><span class="s">&quot;308&quot;</span> <span class="na">curr_loc=</span><span class="s">&quot;150&quot;</span> <span class="na">changed=</span><span class="s">&quot;1&quot;</span> <span class="na">churn=</span><span class="s">&quot;154&quot;</span> <span class="nt">/&gt;</span></div><div class='line' id='LC1489'>&nbsp;&nbsp;&nbsp;&nbsp;&nbsp;&nbsp;&nbsp;&nbsp;&nbsp;&nbsp;&nbsp;&nbsp;&nbsp;&nbsp;&nbsp;&nbsp;&nbsp;&nbsp;<span class="nt">&lt;version</span> <span class="na">num=</span><span class="s">&quot;326&quot;</span> <span class="na">curr_loc=</span><span class="s">&quot;151&quot;</span> <span class="na">changed=</span><span class="s">&quot;1&quot;</span> <span class="na">churn=</span><span class="s">&quot;155&quot;</span> <span class="nt">/&gt;</span></div><div class='line' id='LC1490'>&nbsp;&nbsp;&nbsp;&nbsp;&nbsp;&nbsp;&nbsp;&nbsp;&nbsp;&nbsp;&nbsp;&nbsp;&nbsp;&nbsp;&nbsp;&nbsp;&nbsp;&nbsp;<span class="nt">&lt;version</span> <span class="na">num=</span><span class="s">&quot;331&quot;</span> <span class="na">curr_loc=</span><span class="s">&quot;150&quot;</span> <span class="na">changed=</span><span class="s">&quot;1&quot;</span> <span class="na">churn=</span><span class="s">&quot;156&quot;</span> <span class="nt">/&gt;</span></div><div class='line' id='LC1491'>&nbsp;&nbsp;&nbsp;&nbsp;&nbsp;&nbsp;&nbsp;&nbsp;&nbsp;&nbsp;&nbsp;&nbsp;&nbsp;&nbsp;&nbsp;&nbsp;&nbsp;&nbsp;<span class="nt">&lt;version</span> <span class="na">num=</span><span class="s">&quot;367&quot;</span> <span class="na">curr_loc=</span><span class="s">&quot;150&quot;</span> <span class="na">changed=</span><span class="s">&quot;1&quot;</span> <span class="na">churn=</span><span class="s">&quot;156&quot;</span> <span class="nt">/&gt;</span></div><div class='line' id='LC1492'>&nbsp;&nbsp;&nbsp;&nbsp;&nbsp;&nbsp;&nbsp;&nbsp;&nbsp;&nbsp;&nbsp;&nbsp;&nbsp;&nbsp;&nbsp;&nbsp;&nbsp;&nbsp;<span class="nt">&lt;version</span> <span class="na">num=</span><span class="s">&quot;389&quot;</span> <span class="na">curr_loc=</span><span class="s">&quot;150&quot;</span> <span class="na">changed=</span><span class="s">&quot;1&quot;</span> <span class="na">churn=</span><span class="s">&quot;156&quot;</span> <span class="nt">/&gt;</span></div><div class='line' id='LC1493'>&nbsp;&nbsp;&nbsp;&nbsp;&nbsp;&nbsp;&nbsp;&nbsp;&nbsp;&nbsp;&nbsp;&nbsp;&nbsp;&nbsp;&nbsp;&nbsp;<span class="nt">&lt;/class&gt;</span></div><div class='line' id='LC1494'>&nbsp;&nbsp;&nbsp;&nbsp;&nbsp;&nbsp;&nbsp;&nbsp;&nbsp;&nbsp;&nbsp;&nbsp;&nbsp;&nbsp;&nbsp;&nbsp;<span class="nt">&lt;class</span> <span class="na">name=</span><span class="s">&quot;SuccessfulWithDataPointFields&quot;</span> <span class="na">type=</span><span class="s">&quot;ConcreteClass&quot;</span> <span class="na">maxLoc=</span><span class="s">&quot;204&quot;</span><span class="nt">&gt;</span></div><div class='line' id='LC1495'>&nbsp;&nbsp;&nbsp;&nbsp;&nbsp;&nbsp;&nbsp;&nbsp;&nbsp;&nbsp;&nbsp;&nbsp;&nbsp;&nbsp;&nbsp;&nbsp;&nbsp;&nbsp;<span class="nt">&lt;version</span> <span class="na">num=</span><span class="s">&quot;287&quot;</span> <span class="na">curr_loc=</span><span class="s">&quot;204&quot;</span> <span class="na">changed=</span><span class="s">&quot;1&quot;</span> <span class="na">churn=</span><span class="s">&quot;204&quot;</span> <span class="nt">/&gt;</span></div><div class='line' id='LC1496'>&nbsp;&nbsp;&nbsp;&nbsp;&nbsp;&nbsp;&nbsp;&nbsp;&nbsp;&nbsp;&nbsp;&nbsp;&nbsp;&nbsp;&nbsp;&nbsp;&nbsp;&nbsp;<span class="nt">&lt;version</span> <span class="na">num=</span><span class="s">&quot;361&quot;</span> <span class="na">curr_loc=</span><span class="s">&quot;189&quot;</span> <span class="na">changed=</span><span class="s">&quot;1&quot;</span> <span class="na">churn=</span><span class="s">&quot;219&quot;</span> <span class="nt">/&gt;</span></div><div class='line' id='LC1497'>&nbsp;&nbsp;&nbsp;&nbsp;&nbsp;&nbsp;&nbsp;&nbsp;&nbsp;&nbsp;&nbsp;&nbsp;&nbsp;&nbsp;&nbsp;&nbsp;&nbsp;&nbsp;<span class="nt">&lt;version</span> <span class="na">num=</span><span class="s">&quot;409&quot;</span> <span class="na">curr_loc=</span><span class="s">&quot;189&quot;</span> <span class="na">changed=</span><span class="s">&quot;1&quot;</span> <span class="na">churn=</span><span class="s">&quot;219&quot;</span> <span class="nt">/&gt;</span></div><div class='line' id='LC1498'>&nbsp;&nbsp;&nbsp;&nbsp;&nbsp;&nbsp;&nbsp;&nbsp;&nbsp;&nbsp;&nbsp;&nbsp;&nbsp;&nbsp;&nbsp;&nbsp;<span class="nt">&lt;/class&gt;</span></div><div class='line' id='LC1499'>&nbsp;&nbsp;&nbsp;&nbsp;&nbsp;&nbsp;&nbsp;&nbsp;&nbsp;&nbsp;&nbsp;&nbsp;&nbsp;&nbsp;&nbsp;&nbsp;<span class="nt">&lt;class</span> <span class="na">name=</span><span class="s">&quot;TheoriesPerformanceTest&quot;</span> <span class="na">type=</span><span class="s">&quot;ConcreteClass&quot;</span> <span class="na">maxLoc=</span><span class="s">&quot;37&quot;</span><span class="nt">&gt;</span></div><div class='line' id='LC1500'>&nbsp;&nbsp;&nbsp;&nbsp;&nbsp;&nbsp;&nbsp;&nbsp;&nbsp;&nbsp;&nbsp;&nbsp;&nbsp;&nbsp;&nbsp;&nbsp;&nbsp;&nbsp;<span class="nt">&lt;version</span> <span class="na">num=</span><span class="s">&quot;373&quot;</span> <span class="na">curr_loc=</span><span class="s">&quot;37&quot;</span> <span class="na">changed=</span><span class="s">&quot;1&quot;</span> <span class="na">churn=</span><span class="s">&quot;37&quot;</span> <span class="nt">/&gt;</span></div><div class='line' id='LC1501'>&nbsp;&nbsp;&nbsp;&nbsp;&nbsp;&nbsp;&nbsp;&nbsp;&nbsp;&nbsp;&nbsp;&nbsp;&nbsp;&nbsp;&nbsp;&nbsp;&nbsp;&nbsp;<span class="nt">&lt;version</span> <span class="na">num=</span><span class="s">&quot;374&quot;</span> <span class="na">curr_loc=</span><span class="s">&quot;33&quot;</span> <span class="na">changed=</span><span class="s">&quot;1&quot;</span> <span class="na">churn=</span><span class="s">&quot;41&quot;</span> <span class="nt">/&gt;</span></div><div class='line' id='LC1502'>&nbsp;&nbsp;&nbsp;&nbsp;&nbsp;&nbsp;&nbsp;&nbsp;&nbsp;&nbsp;&nbsp;&nbsp;&nbsp;&nbsp;&nbsp;&nbsp;&nbsp;&nbsp;<span class="nt">&lt;version</span> <span class="na">num=</span><span class="s">&quot;377&quot;</span> <span class="na">curr_loc=</span><span class="s">&quot;30&quot;</span> <span class="na">changed=</span><span class="s">&quot;1&quot;</span> <span class="na">churn=</span><span class="s">&quot;44&quot;</span> <span class="nt">/&gt;</span></div><div class='line' id='LC1503'>&nbsp;&nbsp;&nbsp;&nbsp;&nbsp;&nbsp;&nbsp;&nbsp;&nbsp;&nbsp;&nbsp;&nbsp;&nbsp;&nbsp;&nbsp;&nbsp;<span class="nt">&lt;/class&gt;</span></div><div class='line' id='LC1504'>&nbsp;&nbsp;&nbsp;&nbsp;&nbsp;&nbsp;&nbsp;&nbsp;&nbsp;&nbsp;&nbsp;&nbsp;&nbsp;&nbsp;<span class="nt">&lt;/package&gt;</span></div><div class='line' id='LC1505'>&nbsp;&nbsp;&nbsp;&nbsp;&nbsp;&nbsp;&nbsp;&nbsp;&nbsp;&nbsp;&nbsp;&nbsp;&nbsp;&nbsp;<span class="nt">&lt;class</span> <span class="na">name=</span><span class="s">&quot;ParameterSignatureTest&quot;</span> <span class="na">type=</span><span class="s">&quot;ConcreteClass&quot;</span> <span class="na">maxLoc=</span><span class="s">&quot;57&quot;</span><span class="nt">&gt;</span></div><div class='line' id='LC1506'>&nbsp;&nbsp;&nbsp;&nbsp;&nbsp;&nbsp;&nbsp;&nbsp;&nbsp;&nbsp;&nbsp;&nbsp;&nbsp;&nbsp;&nbsp;&nbsp;<span class="nt">&lt;version</span> <span class="na">num=</span><span class="s">&quot;121&quot;</span> <span class="na">curr_loc=</span><span class="s">&quot;57&quot;</span> <span class="na">changed=</span><span class="s">&quot;1&quot;</span> <span class="na">churn=</span><span class="s">&quot;57&quot;</span> <span class="nt">/&gt;</span></div><div class='line' id='LC1507'>&nbsp;&nbsp;&nbsp;&nbsp;&nbsp;&nbsp;&nbsp;&nbsp;&nbsp;&nbsp;&nbsp;&nbsp;&nbsp;&nbsp;&nbsp;&nbsp;<span class="nt">&lt;version</span> <span class="na">num=</span><span class="s">&quot;182&quot;</span> <span class="na">curr_loc=</span><span class="s">&quot;57&quot;</span> <span class="na">changed=</span><span class="s">&quot;1&quot;</span> <span class="na">churn=</span><span class="s">&quot;57&quot;</span> <span class="nt">/&gt;</span></div><div class='line' id='LC1508'>&nbsp;&nbsp;&nbsp;&nbsp;&nbsp;&nbsp;&nbsp;&nbsp;&nbsp;&nbsp;&nbsp;&nbsp;&nbsp;&nbsp;&nbsp;&nbsp;<span class="nt">&lt;version</span> <span class="na">num=</span><span class="s">&quot;184&quot;</span> <span class="na">curr_loc=</span><span class="s">&quot;57&quot;</span> <span class="na">changed=</span><span class="s">&quot;1&quot;</span> <span class="na">churn=</span><span class="s">&quot;57&quot;</span> <span class="nt">/&gt;</span></div><div class='line' id='LC1509'>&nbsp;&nbsp;&nbsp;&nbsp;&nbsp;&nbsp;&nbsp;&nbsp;&nbsp;&nbsp;&nbsp;&nbsp;&nbsp;&nbsp;<span class="nt">&lt;/class&gt;</span></div><div class='line' id='LC1510'>&nbsp;&nbsp;&nbsp;&nbsp;&nbsp;&nbsp;&nbsp;&nbsp;&nbsp;&nbsp;&nbsp;&nbsp;&nbsp;&nbsp;<span class="nt">&lt;class</span> <span class="na">name=</span><span class="s">&quot;ParameterizedAssertionErrorTest&quot;</span> <span class="na">type=</span><span class="s">&quot;ConcreteClass&quot;</span> <span class="na">maxLoc=</span><span class="s">&quot;75&quot;</span><span class="nt">&gt;</span></div><div class='line' id='LC1511'>&nbsp;&nbsp;&nbsp;&nbsp;&nbsp;&nbsp;&nbsp;&nbsp;&nbsp;&nbsp;&nbsp;&nbsp;&nbsp;&nbsp;&nbsp;&nbsp;<span class="nt">&lt;version</span> <span class="na">num=</span><span class="s">&quot;121&quot;</span> <span class="na">curr_loc=</span><span class="s">&quot;75&quot;</span> <span class="na">changed=</span><span class="s">&quot;1&quot;</span> <span class="na">churn=</span><span class="s">&quot;75&quot;</span> <span class="nt">/&gt;</span></div><div class='line' id='LC1512'>&nbsp;&nbsp;&nbsp;&nbsp;&nbsp;&nbsp;&nbsp;&nbsp;&nbsp;&nbsp;&nbsp;&nbsp;&nbsp;&nbsp;&nbsp;&nbsp;<span class="nt">&lt;version</span> <span class="na">num=</span><span class="s">&quot;182&quot;</span> <span class="na">curr_loc=</span><span class="s">&quot;75&quot;</span> <span class="na">changed=</span><span class="s">&quot;1&quot;</span> <span class="na">churn=</span><span class="s">&quot;75&quot;</span> <span class="nt">/&gt;</span></div><div class='line' id='LC1513'>&nbsp;&nbsp;&nbsp;&nbsp;&nbsp;&nbsp;&nbsp;&nbsp;&nbsp;&nbsp;&nbsp;&nbsp;&nbsp;&nbsp;&nbsp;&nbsp;<span class="nt">&lt;version</span> <span class="na">num=</span><span class="s">&quot;184&quot;</span> <span class="na">curr_loc=</span><span class="s">&quot;75&quot;</span> <span class="na">changed=</span><span class="s">&quot;1&quot;</span> <span class="na">churn=</span><span class="s">&quot;75&quot;</span> <span class="nt">/&gt;</span></div><div class='line' id='LC1514'>&nbsp;&nbsp;&nbsp;&nbsp;&nbsp;&nbsp;&nbsp;&nbsp;&nbsp;&nbsp;&nbsp;&nbsp;&nbsp;&nbsp;&nbsp;&nbsp;<span class="nt">&lt;version</span> <span class="na">num=</span><span class="s">&quot;287&quot;</span> <span class="na">curr_loc=</span><span class="s">&quot;75&quot;</span> <span class="na">changed=</span><span class="s">&quot;1&quot;</span> <span class="na">churn=</span><span class="s">&quot;75&quot;</span> <span class="nt">/&gt;</span></div><div class='line' id='LC1515'>&nbsp;&nbsp;&nbsp;&nbsp;&nbsp;&nbsp;&nbsp;&nbsp;&nbsp;&nbsp;&nbsp;&nbsp;&nbsp;&nbsp;&nbsp;&nbsp;<span class="nt">&lt;version</span> <span class="na">num=</span><span class="s">&quot;367&quot;</span> <span class="na">curr_loc=</span><span class="s">&quot;68&quot;</span> <span class="na">changed=</span><span class="s">&quot;1&quot;</span> <span class="na">churn=</span><span class="s">&quot;82&quot;</span> <span class="nt">/&gt;</span></div><div class='line' id='LC1516'>&nbsp;&nbsp;&nbsp;&nbsp;&nbsp;&nbsp;&nbsp;&nbsp;&nbsp;&nbsp;&nbsp;&nbsp;&nbsp;&nbsp;&nbsp;&nbsp;<span class="nt">&lt;version</span> <span class="na">num=</span><span class="s">&quot;368&quot;</span> <span class="na">curr_loc=</span><span class="s">&quot;68&quot;</span> <span class="na">changed=</span><span class="s">&quot;1&quot;</span> <span class="na">churn=</span><span class="s">&quot;82&quot;</span> <span class="nt">/&gt;</span></div><div class='line' id='LC1517'>&nbsp;&nbsp;&nbsp;&nbsp;&nbsp;&nbsp;&nbsp;&nbsp;&nbsp;&nbsp;&nbsp;&nbsp;&nbsp;&nbsp;&nbsp;&nbsp;<span class="nt">&lt;version</span> <span class="na">num=</span><span class="s">&quot;387&quot;</span> <span class="na">curr_loc=</span><span class="s">&quot;58&quot;</span> <span class="na">changed=</span><span class="s">&quot;1&quot;</span> <span class="na">churn=</span><span class="s">&quot;92&quot;</span> <span class="nt">/&gt;</span></div><div class='line' id='LC1518'>&nbsp;&nbsp;&nbsp;&nbsp;&nbsp;&nbsp;&nbsp;&nbsp;&nbsp;&nbsp;&nbsp;&nbsp;&nbsp;&nbsp;<span class="nt">&lt;/class&gt;</span></div><div class='line' id='LC1519'>&nbsp;&nbsp;&nbsp;&nbsp;&nbsp;&nbsp;&nbsp;&nbsp;&nbsp;&nbsp;&nbsp;&nbsp;&nbsp;&nbsp;<span class="nt">&lt;class</span> <span class="na">name=</span><span class="s">&quot;AllMembersSupplierTest&quot;</span> <span class="na">type=</span><span class="s">&quot;ConcreteClass&quot;</span> <span class="na">maxLoc=</span><span class="s">&quot;34&quot;</span><span class="nt">&gt;</span></div><div class='line' id='LC1520'>&nbsp;&nbsp;&nbsp;&nbsp;&nbsp;&nbsp;&nbsp;&nbsp;&nbsp;&nbsp;&nbsp;&nbsp;&nbsp;&nbsp;&nbsp;&nbsp;<span class="nt">&lt;version</span> <span class="na">num=</span><span class="s">&quot;331&quot;</span> <span class="na">curr_loc=</span><span class="s">&quot;34&quot;</span> <span class="na">changed=</span><span class="s">&quot;1&quot;</span> <span class="na">churn=</span><span class="s">&quot;34&quot;</span> <span class="nt">/&gt;</span></div><div class='line' id='LC1521'>&nbsp;&nbsp;&nbsp;&nbsp;&nbsp;&nbsp;&nbsp;&nbsp;&nbsp;&nbsp;&nbsp;&nbsp;&nbsp;&nbsp;&nbsp;&nbsp;<span class="nt">&lt;version</span> <span class="na">num=</span><span class="s">&quot;374&quot;</span> <span class="na">curr_loc=</span><span class="s">&quot;34&quot;</span> <span class="na">changed=</span><span class="s">&quot;1&quot;</span> <span class="na">churn=</span><span class="s">&quot;34&quot;</span> <span class="nt">/&gt;</span></div><div class='line' id='LC1522'>&nbsp;&nbsp;&nbsp;&nbsp;&nbsp;&nbsp;&nbsp;&nbsp;&nbsp;&nbsp;&nbsp;&nbsp;&nbsp;&nbsp;&nbsp;&nbsp;<span class="nt">&lt;version</span> <span class="na">num=</span><span class="s">&quot;421&quot;</span> <span class="na">curr_loc=</span><span class="s">&quot;32&quot;</span> <span class="na">changed=</span><span class="s">&quot;1&quot;</span> <span class="na">churn=</span><span class="s">&quot;36&quot;</span> <span class="nt">/&gt;</span></div><div class='line' id='LC1523'>&nbsp;&nbsp;&nbsp;&nbsp;&nbsp;&nbsp;&nbsp;&nbsp;&nbsp;&nbsp;&nbsp;&nbsp;&nbsp;&nbsp;<span class="nt">&lt;/class&gt;</span></div><div class='line' id='LC1524'>&nbsp;&nbsp;&nbsp;&nbsp;&nbsp;&nbsp;&nbsp;&nbsp;&nbsp;&nbsp;&nbsp;&nbsp;<span class="nt">&lt;/package&gt;</span></div><div class='line' id='LC1525'>&nbsp;&nbsp;&nbsp;&nbsp;&nbsp;&nbsp;&nbsp;&nbsp;&nbsp;&nbsp;&nbsp;&nbsp;<span class="nt">&lt;class</span> <span class="na">name=</span><span class="s">&quot;AssumptionViolatedExceptionTest&quot;</span> <span class="na">type=</span><span class="s">&quot;ConcreteClass&quot;</span> <span class="na">maxLoc=</span><span class="s">&quot;52&quot;</span><span class="nt">&gt;</span></div><div class='line' id='LC1526'>&nbsp;&nbsp;&nbsp;&nbsp;&nbsp;&nbsp;&nbsp;&nbsp;&nbsp;&nbsp;&nbsp;&nbsp;&nbsp;&nbsp;<span class="nt">&lt;version</span> <span class="na">num=</span><span class="s">&quot;121&quot;</span> <span class="na">curr_loc=</span><span class="s">&quot;52&quot;</span> <span class="na">changed=</span><span class="s">&quot;1&quot;</span> <span class="na">churn=</span><span class="s">&quot;52&quot;</span> <span class="nt">/&gt;</span></div><div class='line' id='LC1527'>&nbsp;&nbsp;&nbsp;&nbsp;&nbsp;&nbsp;&nbsp;&nbsp;&nbsp;&nbsp;&nbsp;&nbsp;&nbsp;&nbsp;<span class="nt">&lt;version</span> <span class="na">num=</span><span class="s">&quot;182&quot;</span> <span class="na">curr_loc=</span><span class="s">&quot;52&quot;</span> <span class="na">changed=</span><span class="s">&quot;1&quot;</span> <span class="na">churn=</span><span class="s">&quot;52&quot;</span> <span class="nt">/&gt;</span></div><div class='line' id='LC1528'>&nbsp;&nbsp;&nbsp;&nbsp;&nbsp;&nbsp;&nbsp;&nbsp;&nbsp;&nbsp;&nbsp;&nbsp;&nbsp;&nbsp;<span class="nt">&lt;version</span> <span class="na">num=</span><span class="s">&quot;184&quot;</span> <span class="na">curr_loc=</span><span class="s">&quot;52&quot;</span> <span class="na">changed=</span><span class="s">&quot;1&quot;</span> <span class="na">churn=</span><span class="s">&quot;52&quot;</span> <span class="nt">/&gt;</span></div><div class='line' id='LC1529'>&nbsp;&nbsp;&nbsp;&nbsp;&nbsp;&nbsp;&nbsp;&nbsp;&nbsp;&nbsp;&nbsp;&nbsp;&nbsp;&nbsp;<span class="nt">&lt;version</span> <span class="na">num=</span><span class="s">&quot;287&quot;</span> <span class="na">curr_loc=</span><span class="s">&quot;52&quot;</span> <span class="na">changed=</span><span class="s">&quot;1&quot;</span> <span class="na">churn=</span><span class="s">&quot;52&quot;</span> <span class="nt">/&gt;</span></div><div class='line' id='LC1530'>&nbsp;&nbsp;&nbsp;&nbsp;&nbsp;&nbsp;&nbsp;&nbsp;&nbsp;&nbsp;&nbsp;&nbsp;&nbsp;&nbsp;<span class="nt">&lt;version</span> <span class="na">num=</span><span class="s">&quot;366&quot;</span> <span class="na">curr_loc=</span><span class="s">&quot;48&quot;</span> <span class="na">changed=</span><span class="s">&quot;1&quot;</span> <span class="na">churn=</span><span class="s">&quot;56&quot;</span> <span class="nt">/&gt;</span></div><div class='line' id='LC1531'>&nbsp;&nbsp;&nbsp;&nbsp;&nbsp;&nbsp;&nbsp;&nbsp;&nbsp;&nbsp;&nbsp;&nbsp;&nbsp;&nbsp;<span class="nt">&lt;version</span> <span class="na">num=</span><span class="s">&quot;367&quot;</span> <span class="na">curr_loc=</span><span class="s">&quot;48&quot;</span> <span class="na">changed=</span><span class="s">&quot;1&quot;</span> <span class="na">churn=</span><span class="s">&quot;56&quot;</span> <span class="nt">/&gt;</span></div><div class='line' id='LC1532'>&nbsp;&nbsp;&nbsp;&nbsp;&nbsp;&nbsp;&nbsp;&nbsp;&nbsp;&nbsp;&nbsp;&nbsp;&nbsp;&nbsp;<span class="nt">&lt;version</span> <span class="na">num=</span><span class="s">&quot;414&quot;</span> <span class="na">curr_loc=</span><span class="s">&quot;48&quot;</span> <span class="na">changed=</span><span class="s">&quot;1&quot;</span> <span class="na">churn=</span><span class="s">&quot;56&quot;</span> <span class="nt">/&gt;</span></div><div class='line' id='LC1533'>&nbsp;&nbsp;&nbsp;&nbsp;&nbsp;&nbsp;&nbsp;&nbsp;&nbsp;&nbsp;&nbsp;&nbsp;<span class="nt">&lt;/class&gt;</span></div><div class='line' id='LC1534'>&nbsp;&nbsp;&nbsp;&nbsp;&nbsp;&nbsp;&nbsp;&nbsp;&nbsp;&nbsp;&nbsp;&nbsp;<span class="nt">&lt;package</span> <span class="na">name=</span><span class="s">&quot;parallel&quot;</span><span class="nt">&gt;</span></div><div class='line' id='LC1535'>&nbsp;&nbsp;&nbsp;&nbsp;&nbsp;&nbsp;&nbsp;&nbsp;&nbsp;&nbsp;&nbsp;&nbsp;&nbsp;&nbsp;<span class="nt">&lt;class</span> <span class="na">name=</span><span class="s">&quot;ParallelClassTest&quot;</span> <span class="na">type=</span><span class="s">&quot;ConcreteClass&quot;</span> <span class="na">maxLoc=</span><span class="s">&quot;63&quot;</span><span class="nt">&gt;</span></div><div class='line' id='LC1536'>&nbsp;&nbsp;&nbsp;&nbsp;&nbsp;&nbsp;&nbsp;&nbsp;&nbsp;&nbsp;&nbsp;&nbsp;&nbsp;&nbsp;&nbsp;&nbsp;<span class="nt">&lt;version</span> <span class="na">num=</span><span class="s">&quot;121&quot;</span> <span class="na">curr_loc=</span><span class="s">&quot;54&quot;</span> <span class="na">changed=</span><span class="s">&quot;1&quot;</span> <span class="na">churn=</span><span class="s">&quot;54&quot;</span> <span class="nt">/&gt;</span></div><div class='line' id='LC1537'>&nbsp;&nbsp;&nbsp;&nbsp;&nbsp;&nbsp;&nbsp;&nbsp;&nbsp;&nbsp;&nbsp;&nbsp;&nbsp;&nbsp;&nbsp;&nbsp;<span class="nt">&lt;version</span> <span class="na">num=</span><span class="s">&quot;132&quot;</span> <span class="na">curr_loc=</span><span class="s">&quot;54&quot;</span> <span class="na">changed=</span><span class="s">&quot;1&quot;</span> <span class="na">churn=</span><span class="s">&quot;54&quot;</span> <span class="nt">/&gt;</span></div><div class='line' id='LC1538'>&nbsp;&nbsp;&nbsp;&nbsp;&nbsp;&nbsp;&nbsp;&nbsp;&nbsp;&nbsp;&nbsp;&nbsp;&nbsp;&nbsp;&nbsp;&nbsp;<span class="nt">&lt;version</span> <span class="na">num=</span><span class="s">&quot;147&quot;</span> <span class="na">curr_loc=</span><span class="s">&quot;54&quot;</span> <span class="na">changed=</span><span class="s">&quot;1&quot;</span> <span class="na">churn=</span><span class="s">&quot;54&quot;</span> <span class="nt">/&gt;</span></div><div class='line' id='LC1539'>&nbsp;&nbsp;&nbsp;&nbsp;&nbsp;&nbsp;&nbsp;&nbsp;&nbsp;&nbsp;&nbsp;&nbsp;&nbsp;&nbsp;&nbsp;&nbsp;<span class="nt">&lt;version</span> <span class="na">num=</span><span class="s">&quot;182&quot;</span> <span class="na">curr_loc=</span><span class="s">&quot;55&quot;</span> <span class="na">changed=</span><span class="s">&quot;1&quot;</span> <span class="na">churn=</span><span class="s">&quot;55&quot;</span> <span class="nt">/&gt;</span></div><div class='line' id='LC1540'>&nbsp;&nbsp;&nbsp;&nbsp;&nbsp;&nbsp;&nbsp;&nbsp;&nbsp;&nbsp;&nbsp;&nbsp;&nbsp;&nbsp;&nbsp;&nbsp;<span class="nt">&lt;version</span> <span class="na">num=</span><span class="s">&quot;184&quot;</span> <span class="na">curr_loc=</span><span class="s">&quot;55&quot;</span> <span class="na">changed=</span><span class="s">&quot;1&quot;</span> <span class="na">churn=</span><span class="s">&quot;55&quot;</span> <span class="nt">/&gt;</span></div><div class='line' id='LC1541'>&nbsp;&nbsp;&nbsp;&nbsp;&nbsp;&nbsp;&nbsp;&nbsp;&nbsp;&nbsp;&nbsp;&nbsp;&nbsp;&nbsp;&nbsp;&nbsp;<span class="nt">&lt;version</span> <span class="na">num=</span><span class="s">&quot;209&quot;</span> <span class="na">curr_loc=</span><span class="s">&quot;63&quot;</span> <span class="na">changed=</span><span class="s">&quot;1&quot;</span> <span class="na">churn=</span><span class="s">&quot;63&quot;</span> <span class="nt">/&gt;</span></div><div class='line' id='LC1542'>&nbsp;&nbsp;&nbsp;&nbsp;&nbsp;&nbsp;&nbsp;&nbsp;&nbsp;&nbsp;&nbsp;&nbsp;&nbsp;&nbsp;&nbsp;&nbsp;<span class="nt">&lt;version</span> <span class="na">num=</span><span class="s">&quot;217&quot;</span> <span class="na">curr_loc=</span><span class="s">&quot;63&quot;</span> <span class="na">changed=</span><span class="s">&quot;1&quot;</span> <span class="na">churn=</span><span class="s">&quot;63&quot;</span> <span class="nt">/&gt;</span></div><div class='line' id='LC1543'>&nbsp;&nbsp;&nbsp;&nbsp;&nbsp;&nbsp;&nbsp;&nbsp;&nbsp;&nbsp;&nbsp;&nbsp;&nbsp;&nbsp;&nbsp;&nbsp;<span class="nt">&lt;version</span> <span class="na">num=</span><span class="s">&quot;280&quot;</span> <span class="na">curr_loc=</span><span class="s">&quot;55&quot;</span> <span class="na">changed=</span><span class="s">&quot;1&quot;</span> <span class="na">churn=</span><span class="s">&quot;71&quot;</span> <span class="nt">/&gt;</span></div><div class='line' id='LC1544'>&nbsp;&nbsp;&nbsp;&nbsp;&nbsp;&nbsp;&nbsp;&nbsp;&nbsp;&nbsp;&nbsp;&nbsp;&nbsp;&nbsp;&nbsp;&nbsp;<span class="nt">&lt;version</span> <span class="na">num=</span><span class="s">&quot;282&quot;</span> <span class="na">curr_loc=</span><span class="s">&quot;55&quot;</span> <span class="na">changed=</span><span class="s">&quot;1&quot;</span> <span class="na">churn=</span><span class="s">&quot;71&quot;</span> <span class="nt">/&gt;</span></div><div class='line' id='LC1545'>&nbsp;&nbsp;&nbsp;&nbsp;&nbsp;&nbsp;&nbsp;&nbsp;&nbsp;&nbsp;&nbsp;&nbsp;&nbsp;&nbsp;&nbsp;&nbsp;<span class="nt">&lt;version</span> <span class="na">num=</span><span class="s">&quot;290&quot;</span> <span class="na">curr_loc=</span><span class="s">&quot;54&quot;</span> <span class="na">changed=</span><span class="s">&quot;1&quot;</span> <span class="na">churn=</span><span class="s">&quot;72&quot;</span> <span class="nt">/&gt;</span></div><div class='line' id='LC1546'>&nbsp;&nbsp;&nbsp;&nbsp;&nbsp;&nbsp;&nbsp;&nbsp;&nbsp;&nbsp;&nbsp;&nbsp;&nbsp;&nbsp;&nbsp;&nbsp;<span class="nt">&lt;version</span> <span class="na">num=</span><span class="s">&quot;302&quot;</span> <span class="na">curr_loc=</span><span class="s">&quot;54&quot;</span> <span class="na">changed=</span><span class="s">&quot;1&quot;</span> <span class="na">churn=</span><span class="s">&quot;72&quot;</span> <span class="nt">/&gt;</span></div><div class='line' id='LC1547'>&nbsp;&nbsp;&nbsp;&nbsp;&nbsp;&nbsp;&nbsp;&nbsp;&nbsp;&nbsp;&nbsp;&nbsp;&nbsp;&nbsp;&nbsp;&nbsp;<span class="nt">&lt;version</span> <span class="na">num=</span><span class="s">&quot;304&quot;</span> <span class="na">curr_loc=</span><span class="s">&quot;54&quot;</span> <span class="na">changed=</span><span class="s">&quot;1&quot;</span> <span class="na">churn=</span><span class="s">&quot;72&quot;</span> <span class="nt">/&gt;</span></div><div class='line' id='LC1548'>&nbsp;&nbsp;&nbsp;&nbsp;&nbsp;&nbsp;&nbsp;&nbsp;&nbsp;&nbsp;&nbsp;&nbsp;&nbsp;&nbsp;<span class="nt">&lt;/class&gt;</span></div><div class='line' id='LC1549'>&nbsp;&nbsp;&nbsp;&nbsp;&nbsp;&nbsp;&nbsp;&nbsp;&nbsp;&nbsp;&nbsp;&nbsp;&nbsp;&nbsp;<span class="nt">&lt;class</span> <span class="na">name=</span><span class="s">&quot;ParallelMethodTest&quot;</span> <span class="na">type=</span><span class="s">&quot;ConcreteClass&quot;</span> <span class="na">maxLoc=</span><span class="s">&quot;44&quot;</span><span class="nt">&gt;</span></div><div class='line' id='LC1550'>&nbsp;&nbsp;&nbsp;&nbsp;&nbsp;&nbsp;&nbsp;&nbsp;&nbsp;&nbsp;&nbsp;&nbsp;&nbsp;&nbsp;&nbsp;&nbsp;<span class="nt">&lt;version</span> <span class="na">num=</span><span class="s">&quot;121&quot;</span> <span class="na">curr_loc=</span><span class="s">&quot;44&quot;</span> <span class="na">changed=</span><span class="s">&quot;1&quot;</span> <span class="na">churn=</span><span class="s">&quot;44&quot;</span> <span class="nt">/&gt;</span></div><div class='line' id='LC1551'>&nbsp;&nbsp;&nbsp;&nbsp;&nbsp;&nbsp;&nbsp;&nbsp;&nbsp;&nbsp;&nbsp;&nbsp;&nbsp;&nbsp;&nbsp;&nbsp;<span class="nt">&lt;version</span> <span class="na">num=</span><span class="s">&quot;182&quot;</span> <span class="na">curr_loc=</span><span class="s">&quot;44&quot;</span> <span class="na">changed=</span><span class="s">&quot;1&quot;</span> <span class="na">churn=</span><span class="s">&quot;44&quot;</span> <span class="nt">/&gt;</span></div><div class='line' id='LC1552'>&nbsp;&nbsp;&nbsp;&nbsp;&nbsp;&nbsp;&nbsp;&nbsp;&nbsp;&nbsp;&nbsp;&nbsp;&nbsp;&nbsp;&nbsp;&nbsp;<span class="nt">&lt;version</span> <span class="na">num=</span><span class="s">&quot;184&quot;</span> <span class="na">curr_loc=</span><span class="s">&quot;44&quot;</span> <span class="na">changed=</span><span class="s">&quot;1&quot;</span> <span class="na">churn=</span><span class="s">&quot;44&quot;</span> <span class="nt">/&gt;</span></div><div class='line' id='LC1553'>&nbsp;&nbsp;&nbsp;&nbsp;&nbsp;&nbsp;&nbsp;&nbsp;&nbsp;&nbsp;&nbsp;&nbsp;&nbsp;&nbsp;&nbsp;&nbsp;<span class="nt">&lt;version</span> <span class="na">num=</span><span class="s">&quot;191&quot;</span> <span class="na">curr_loc=</span><span class="s">&quot;44&quot;</span> <span class="na">changed=</span><span class="s">&quot;1&quot;</span> <span class="na">churn=</span><span class="s">&quot;44&quot;</span> <span class="nt">/&gt;</span></div><div class='line' id='LC1554'>&nbsp;&nbsp;&nbsp;&nbsp;&nbsp;&nbsp;&nbsp;&nbsp;&nbsp;&nbsp;&nbsp;&nbsp;&nbsp;&nbsp;&nbsp;&nbsp;<span class="nt">&lt;version</span> <span class="na">num=</span><span class="s">&quot;199&quot;</span> <span class="na">curr_loc=</span><span class="s">&quot;44&quot;</span> <span class="na">changed=</span><span class="s">&quot;1&quot;</span> <span class="na">churn=</span><span class="s">&quot;44&quot;</span> <span class="nt">/&gt;</span></div><div class='line' id='LC1555'>&nbsp;&nbsp;&nbsp;&nbsp;&nbsp;&nbsp;&nbsp;&nbsp;&nbsp;&nbsp;&nbsp;&nbsp;&nbsp;&nbsp;&nbsp;&nbsp;<span class="nt">&lt;version</span> <span class="na">num=</span><span class="s">&quot;280&quot;</span> <span class="na">curr_loc=</span><span class="s">&quot;44&quot;</span> <span class="na">changed=</span><span class="s">&quot;1&quot;</span> <span class="na">churn=</span><span class="s">&quot;44&quot;</span> <span class="nt">/&gt;</span></div><div class='line' id='LC1556'>&nbsp;&nbsp;&nbsp;&nbsp;&nbsp;&nbsp;&nbsp;&nbsp;&nbsp;&nbsp;&nbsp;&nbsp;&nbsp;&nbsp;&nbsp;&nbsp;<span class="nt">&lt;version</span> <span class="na">num=</span><span class="s">&quot;282&quot;</span> <span class="na">curr_loc=</span><span class="s">&quot;44&quot;</span> <span class="na">changed=</span><span class="s">&quot;1&quot;</span> <span class="na">churn=</span><span class="s">&quot;44&quot;</span> <span class="nt">/&gt;</span></div><div class='line' id='LC1557'>&nbsp;&nbsp;&nbsp;&nbsp;&nbsp;&nbsp;&nbsp;&nbsp;&nbsp;&nbsp;&nbsp;&nbsp;&nbsp;&nbsp;&nbsp;&nbsp;<span class="nt">&lt;version</span> <span class="na">num=</span><span class="s">&quot;287&quot;</span> <span class="na">curr_loc=</span><span class="s">&quot;43&quot;</span> <span class="na">changed=</span><span class="s">&quot;1&quot;</span> <span class="na">churn=</span><span class="s">&quot;45&quot;</span> <span class="nt">/&gt;</span></div><div class='line' id='LC1558'>&nbsp;&nbsp;&nbsp;&nbsp;&nbsp;&nbsp;&nbsp;&nbsp;&nbsp;&nbsp;&nbsp;&nbsp;&nbsp;&nbsp;&nbsp;&nbsp;<span class="nt">&lt;version</span> <span class="na">num=</span><span class="s">&quot;302&quot;</span> <span class="na">curr_loc=</span><span class="s">&quot;43&quot;</span> <span class="na">changed=</span><span class="s">&quot;1&quot;</span> <span class="na">churn=</span><span class="s">&quot;45&quot;</span> <span class="nt">/&gt;</span></div><div class='line' id='LC1559'>&nbsp;&nbsp;&nbsp;&nbsp;&nbsp;&nbsp;&nbsp;&nbsp;&nbsp;&nbsp;&nbsp;&nbsp;&nbsp;&nbsp;&nbsp;&nbsp;<span class="nt">&lt;version</span> <span class="na">num=</span><span class="s">&quot;304&quot;</span> <span class="na">curr_loc=</span><span class="s">&quot;43&quot;</span> <span class="na">changed=</span><span class="s">&quot;1&quot;</span> <span class="na">churn=</span><span class="s">&quot;45&quot;</span> <span class="nt">/&gt;</span></div><div class='line' id='LC1560'>&nbsp;&nbsp;&nbsp;&nbsp;&nbsp;&nbsp;&nbsp;&nbsp;&nbsp;&nbsp;&nbsp;&nbsp;&nbsp;&nbsp;<span class="nt">&lt;/class&gt;</span></div><div class='line' id='LC1561'>&nbsp;&nbsp;&nbsp;&nbsp;&nbsp;&nbsp;&nbsp;&nbsp;&nbsp;&nbsp;&nbsp;&nbsp;&nbsp;&nbsp;<span class="nt">&lt;class</span> <span class="na">name=</span><span class="s">&quot;ParallelComputer&quot;</span> <span class="na">type=</span><span class="s">&quot;ConcreteClass&quot;</span> <span class="na">maxLoc=</span><span class="s">&quot;120&quot;</span><span class="nt">&gt;</span></div><div class='line' id='LC1562'>&nbsp;&nbsp;&nbsp;&nbsp;&nbsp;&nbsp;&nbsp;&nbsp;&nbsp;&nbsp;&nbsp;&nbsp;&nbsp;&nbsp;&nbsp;&nbsp;<span class="nt">&lt;version</span> <span class="na">num=</span><span class="s">&quot;280&quot;</span> <span class="na">curr_loc=</span><span class="s">&quot;120&quot;</span> <span class="na">changed=</span><span class="s">&quot;1&quot;</span> <span class="na">churn=</span><span class="s">&quot;120&quot;</span> <span class="nt">/&gt;</span></div><div class='line' id='LC1563'>&nbsp;&nbsp;&nbsp;&nbsp;&nbsp;&nbsp;&nbsp;&nbsp;&nbsp;&nbsp;&nbsp;&nbsp;&nbsp;&nbsp;&nbsp;&nbsp;<span class="nt">&lt;version</span> <span class="na">num=</span><span class="s">&quot;282&quot;</span> <span class="na">curr_loc=</span><span class="s">&quot;120&quot;</span> <span class="na">changed=</span><span class="s">&quot;1&quot;</span> <span class="na">churn=</span><span class="s">&quot;120&quot;</span> <span class="nt">/&gt;</span></div><div class='line' id='LC1564'>&nbsp;&nbsp;&nbsp;&nbsp;&nbsp;&nbsp;&nbsp;&nbsp;&nbsp;&nbsp;&nbsp;&nbsp;&nbsp;&nbsp;&nbsp;&nbsp;<span class="nt">&lt;version</span> <span class="na">num=</span><span class="s">&quot;290&quot;</span> <span class="na">curr_loc=</span><span class="s">&quot;120&quot;</span> <span class="na">changed=</span><span class="s">&quot;1&quot;</span> <span class="na">churn=</span><span class="s">&quot;120&quot;</span> <span class="nt">/&gt;</span></div><div class='line' id='LC1565'>&nbsp;&nbsp;&nbsp;&nbsp;&nbsp;&nbsp;&nbsp;&nbsp;&nbsp;&nbsp;&nbsp;&nbsp;&nbsp;&nbsp;&nbsp;&nbsp;<span class="nt">&lt;version</span> <span class="na">num=</span><span class="s">&quot;302&quot;</span> <span class="na">curr_loc=</span><span class="s">&quot;120&quot;</span> <span class="na">changed=</span><span class="s">&quot;1&quot;</span> <span class="na">churn=</span><span class="s">&quot;120&quot;</span> <span class="nt">/&gt;</span></div><div class='line' id='LC1566'>&nbsp;&nbsp;&nbsp;&nbsp;&nbsp;&nbsp;&nbsp;&nbsp;&nbsp;&nbsp;&nbsp;&nbsp;&nbsp;&nbsp;<span class="nt">&lt;/class&gt;</span></div><div class='line' id='LC1567'>&nbsp;&nbsp;&nbsp;&nbsp;&nbsp;&nbsp;&nbsp;&nbsp;&nbsp;&nbsp;&nbsp;&nbsp;&nbsp;&nbsp;<span class="nt">&lt;class</span> <span class="na">name=</span><span class="s">&quot;ParallelExecutioner&quot;</span> <span class="na">type=</span><span class="s">&quot;ConcreteClass&quot;</span> <span class="na">maxLoc=</span><span class="s">&quot;119&quot;</span><span class="nt">&gt;</span></div><div class='line' id='LC1568'>&nbsp;&nbsp;&nbsp;&nbsp;&nbsp;&nbsp;&nbsp;&nbsp;&nbsp;&nbsp;&nbsp;&nbsp;&nbsp;&nbsp;&nbsp;&nbsp;<span class="nt">&lt;version</span> <span class="na">num=</span><span class="s">&quot;302&quot;</span> <span class="na">curr_loc=</span><span class="s">&quot;119&quot;</span> <span class="na">changed=</span><span class="s">&quot;1&quot;</span> <span class="na">churn=</span><span class="s">&quot;119&quot;</span> <span class="nt">/&gt;</span></div><div class='line' id='LC1569'>&nbsp;&nbsp;&nbsp;&nbsp;&nbsp;&nbsp;&nbsp;&nbsp;&nbsp;&nbsp;&nbsp;&nbsp;&nbsp;&nbsp;&nbsp;&nbsp;<span class="nt">&lt;version</span> <span class="na">num=</span><span class="s">&quot;304&quot;</span> <span class="na">curr_loc=</span><span class="s">&quot;119&quot;</span> <span class="na">changed=</span><span class="s">&quot;1&quot;</span> <span class="na">churn=</span><span class="s">&quot;119&quot;</span> <span class="nt">/&gt;</span></div><div class='line' id='LC1570'>&nbsp;&nbsp;&nbsp;&nbsp;&nbsp;&nbsp;&nbsp;&nbsp;&nbsp;&nbsp;&nbsp;&nbsp;&nbsp;&nbsp;<span class="nt">&lt;/class&gt;</span></div><div class='line' id='LC1571'>&nbsp;&nbsp;&nbsp;&nbsp;&nbsp;&nbsp;&nbsp;&nbsp;&nbsp;&nbsp;&nbsp;&nbsp;&nbsp;&nbsp;<span class="nt">&lt;class</span> <span class="na">name=</span><span class="s">&quot;ParallelTest&quot;</span> <span class="na">type=</span><span class="s">&quot;ConcreteClass&quot;</span> <span class="na">maxLoc=</span><span class="s">&quot;91&quot;</span><span class="nt">&gt;</span></div><div class='line' id='LC1572'>&nbsp;&nbsp;&nbsp;&nbsp;&nbsp;&nbsp;&nbsp;&nbsp;&nbsp;&nbsp;&nbsp;&nbsp;&nbsp;&nbsp;&nbsp;&nbsp;<span class="nt">&lt;version</span> <span class="na">num=</span><span class="s">&quot;304&quot;</span> <span class="na">curr_loc=</span><span class="s">&quot;91&quot;</span> <span class="na">changed=</span><span class="s">&quot;1&quot;</span> <span class="na">churn=</span><span class="s">&quot;91&quot;</span> <span class="nt">/&gt;</span></div><div class='line' id='LC1573'>&nbsp;&nbsp;&nbsp;&nbsp;&nbsp;&nbsp;&nbsp;&nbsp;&nbsp;&nbsp;&nbsp;&nbsp;&nbsp;&nbsp;&nbsp;&nbsp;<span class="nt">&lt;version</span> <span class="na">num=</span><span class="s">&quot;305&quot;</span> <span class="na">curr_loc=</span><span class="s">&quot;91&quot;</span> <span class="na">changed=</span><span class="s">&quot;1&quot;</span> <span class="na">churn=</span><span class="s">&quot;91&quot;</span> <span class="nt">/&gt;</span></div><div class='line' id='LC1574'>&nbsp;&nbsp;&nbsp;&nbsp;&nbsp;&nbsp;&nbsp;&nbsp;&nbsp;&nbsp;&nbsp;&nbsp;&nbsp;&nbsp;<span class="nt">&lt;/class&gt;</span></div><div class='line' id='LC1575'>&nbsp;&nbsp;&nbsp;&nbsp;&nbsp;&nbsp;&nbsp;&nbsp;&nbsp;&nbsp;&nbsp;&nbsp;<span class="nt">&lt;/package&gt;</span></div><div class='line' id='LC1576'>&nbsp;&nbsp;&nbsp;&nbsp;&nbsp;&nbsp;&nbsp;&nbsp;&nbsp;&nbsp;&nbsp;&nbsp;<span class="nt">&lt;package</span> <span class="na">name=</span><span class="s">&quot;results&quot;</span><span class="nt">&gt;</span></div><div class='line' id='LC1577'>&nbsp;&nbsp;&nbsp;&nbsp;&nbsp;&nbsp;&nbsp;&nbsp;&nbsp;&nbsp;&nbsp;&nbsp;&nbsp;&nbsp;<span class="nt">&lt;class</span> <span class="na">name=</span><span class="s">&quot;PrintableResultTest&quot;</span> <span class="na">type=</span><span class="s">&quot;ConcreteClass&quot;</span> <span class="na">maxLoc=</span><span class="s">&quot;51&quot;</span><span class="nt">&gt;</span></div><div class='line' id='LC1578'>&nbsp;&nbsp;&nbsp;&nbsp;&nbsp;&nbsp;&nbsp;&nbsp;&nbsp;&nbsp;&nbsp;&nbsp;&nbsp;&nbsp;&nbsp;&nbsp;<span class="nt">&lt;version</span> <span class="na">num=</span><span class="s">&quot;121&quot;</span> <span class="na">curr_loc=</span><span class="s">&quot;51&quot;</span> <span class="na">changed=</span><span class="s">&quot;1&quot;</span> <span class="na">churn=</span><span class="s">&quot;51&quot;</span> <span class="nt">/&gt;</span></div><div class='line' id='LC1579'>&nbsp;&nbsp;&nbsp;&nbsp;&nbsp;&nbsp;&nbsp;&nbsp;&nbsp;&nbsp;&nbsp;&nbsp;&nbsp;&nbsp;&nbsp;&nbsp;<span class="nt">&lt;version</span> <span class="na">num=</span><span class="s">&quot;182&quot;</span> <span class="na">curr_loc=</span><span class="s">&quot;50&quot;</span> <span class="na">changed=</span><span class="s">&quot;1&quot;</span> <span class="na">churn=</span><span class="s">&quot;52&quot;</span> <span class="nt">/&gt;</span></div><div class='line' id='LC1580'>&nbsp;&nbsp;&nbsp;&nbsp;&nbsp;&nbsp;&nbsp;&nbsp;&nbsp;&nbsp;&nbsp;&nbsp;&nbsp;&nbsp;&nbsp;&nbsp;<span class="nt">&lt;version</span> <span class="na">num=</span><span class="s">&quot;184&quot;</span> <span class="na">curr_loc=</span><span class="s">&quot;50&quot;</span> <span class="na">changed=</span><span class="s">&quot;1&quot;</span> <span class="na">churn=</span><span class="s">&quot;52&quot;</span> <span class="nt">/&gt;</span></div><div class='line' id='LC1581'>&nbsp;&nbsp;&nbsp;&nbsp;&nbsp;&nbsp;&nbsp;&nbsp;&nbsp;&nbsp;&nbsp;&nbsp;&nbsp;&nbsp;&nbsp;&nbsp;<span class="nt">&lt;version</span> <span class="na">num=</span><span class="s">&quot;287&quot;</span> <span class="na">curr_loc=</span><span class="s">&quot;51&quot;</span> <span class="na">changed=</span><span class="s">&quot;1&quot;</span> <span class="na">churn=</span><span class="s">&quot;53&quot;</span> <span class="nt">/&gt;</span></div><div class='line' id='LC1582'>&nbsp;&nbsp;&nbsp;&nbsp;&nbsp;&nbsp;&nbsp;&nbsp;&nbsp;&nbsp;&nbsp;&nbsp;&nbsp;&nbsp;&nbsp;&nbsp;<span class="nt">&lt;version</span> <span class="na">num=</span><span class="s">&quot;367&quot;</span> <span class="na">curr_loc=</span><span class="s">&quot;49&quot;</span> <span class="na">changed=</span><span class="s">&quot;1&quot;</span> <span class="na">churn=</span><span class="s">&quot;55&quot;</span> <span class="nt">/&gt;</span></div><div class='line' id='LC1583'>&nbsp;&nbsp;&nbsp;&nbsp;&nbsp;&nbsp;&nbsp;&nbsp;&nbsp;&nbsp;&nbsp;&nbsp;&nbsp;&nbsp;<span class="nt">&lt;/class&gt;</span></div><div class='line' id='LC1584'>&nbsp;&nbsp;&nbsp;&nbsp;&nbsp;&nbsp;&nbsp;&nbsp;&nbsp;&nbsp;&nbsp;&nbsp;&nbsp;&nbsp;<span class="nt">&lt;class</span> <span class="na">name=</span><span class="s">&quot;ResultMatchersTest&quot;</span> <span class="na">type=</span><span class="s">&quot;ConcreteClass&quot;</span> <span class="na">maxLoc=</span><span class="s">&quot;22&quot;</span><span class="nt">&gt;</span></div><div class='line' id='LC1585'>&nbsp;&nbsp;&nbsp;&nbsp;&nbsp;&nbsp;&nbsp;&nbsp;&nbsp;&nbsp;&nbsp;&nbsp;&nbsp;&nbsp;&nbsp;&nbsp;<span class="nt">&lt;version</span> <span class="na">num=</span><span class="s">&quot;121&quot;</span> <span class="na">curr_loc=</span><span class="s">&quot;21&quot;</span> <span class="na">changed=</span><span class="s">&quot;1&quot;</span> <span class="na">churn=</span><span class="s">&quot;21&quot;</span> <span class="nt">/&gt;</span></div><div class='line' id='LC1586'>&nbsp;&nbsp;&nbsp;&nbsp;&nbsp;&nbsp;&nbsp;&nbsp;&nbsp;&nbsp;&nbsp;&nbsp;&nbsp;&nbsp;&nbsp;&nbsp;<span class="nt">&lt;version</span> <span class="na">num=</span><span class="s">&quot;182&quot;</span> <span class="na">curr_loc=</span><span class="s">&quot;22&quot;</span> <span class="na">changed=</span><span class="s">&quot;1&quot;</span> <span class="na">churn=</span><span class="s">&quot;22&quot;</span> <span class="nt">/&gt;</span></div><div class='line' id='LC1587'>&nbsp;&nbsp;&nbsp;&nbsp;&nbsp;&nbsp;&nbsp;&nbsp;&nbsp;&nbsp;&nbsp;&nbsp;&nbsp;&nbsp;&nbsp;&nbsp;<span class="nt">&lt;version</span> <span class="na">num=</span><span class="s">&quot;184&quot;</span> <span class="na">curr_loc=</span><span class="s">&quot;22&quot;</span> <span class="na">changed=</span><span class="s">&quot;1&quot;</span> <span class="na">churn=</span><span class="s">&quot;22&quot;</span> <span class="nt">/&gt;</span></div><div class='line' id='LC1588'>&nbsp;&nbsp;&nbsp;&nbsp;&nbsp;&nbsp;&nbsp;&nbsp;&nbsp;&nbsp;&nbsp;&nbsp;&nbsp;&nbsp;&nbsp;&nbsp;<span class="nt">&lt;version</span> <span class="na">num=</span><span class="s">&quot;367&quot;</span> <span class="na">curr_loc=</span><span class="s">&quot;21&quot;</span> <span class="na">changed=</span><span class="s">&quot;1&quot;</span> <span class="na">churn=</span><span class="s">&quot;23&quot;</span> <span class="nt">/&gt;</span></div><div class='line' id='LC1589'>&nbsp;&nbsp;&nbsp;&nbsp;&nbsp;&nbsp;&nbsp;&nbsp;&nbsp;&nbsp;&nbsp;&nbsp;&nbsp;&nbsp;<span class="nt">&lt;/class&gt;</span></div><div class='line' id='LC1590'>&nbsp;&nbsp;&nbsp;&nbsp;&nbsp;&nbsp;&nbsp;&nbsp;&nbsp;&nbsp;&nbsp;&nbsp;<span class="nt">&lt;/package&gt;</span></div><div class='line' id='LC1591'>&nbsp;&nbsp;&nbsp;&nbsp;&nbsp;&nbsp;&nbsp;&nbsp;&nbsp;&nbsp;&nbsp;&nbsp;<span class="nt">&lt;package</span> <span class="na">name=</span><span class="s">&quot;interceptor&quot;</span><span class="nt">&gt;</span></div><div class='line' id='LC1592'>&nbsp;&nbsp;&nbsp;&nbsp;&nbsp;&nbsp;&nbsp;&nbsp;&nbsp;&nbsp;&nbsp;&nbsp;&nbsp;&nbsp;<span class="nt">&lt;class</span> <span class="na">name=</span><span class="s">&quot;VerifierInterceptorTest&quot;</span> <span class="na">type=</span><span class="s">&quot;ConcreteClass&quot;</span> <span class="na">maxLoc=</span><span class="s">&quot;125&quot;</span><span class="nt">&gt;</span></div><div class='line' id='LC1593'>&nbsp;&nbsp;&nbsp;&nbsp;&nbsp;&nbsp;&nbsp;&nbsp;&nbsp;&nbsp;&nbsp;&nbsp;&nbsp;&nbsp;&nbsp;&nbsp;<span class="nt">&lt;version</span> <span class="na">num=</span><span class="s">&quot;122&quot;</span> <span class="na">curr_loc=</span><span class="s">&quot;60&quot;</span> <span class="na">changed=</span><span class="s">&quot;1&quot;</span> <span class="na">churn=</span><span class="s">&quot;60&quot;</span> <span class="nt">/&gt;</span></div><div class='line' id='LC1594'>&nbsp;&nbsp;&nbsp;&nbsp;&nbsp;&nbsp;&nbsp;&nbsp;&nbsp;&nbsp;&nbsp;&nbsp;&nbsp;&nbsp;&nbsp;&nbsp;<span class="nt">&lt;version</span> <span class="na">num=</span><span class="s">&quot;124&quot;</span> <span class="na">curr_loc=</span><span class="s">&quot;125&quot;</span> <span class="na">changed=</span><span class="s">&quot;1&quot;</span> <span class="na">churn=</span><span class="s">&quot;125&quot;</span> <span class="nt">/&gt;</span></div><div class='line' id='LC1595'>&nbsp;&nbsp;&nbsp;&nbsp;&nbsp;&nbsp;&nbsp;&nbsp;&nbsp;&nbsp;&nbsp;&nbsp;&nbsp;&nbsp;&nbsp;&nbsp;<span class="nt">&lt;version</span> <span class="na">num=</span><span class="s">&quot;128&quot;</span> <span class="na">curr_loc=</span><span class="s">&quot;125&quot;</span> <span class="na">changed=</span><span class="s">&quot;1&quot;</span> <span class="na">churn=</span><span class="s">&quot;125&quot;</span> <span class="nt">/&gt;</span></div><div class='line' id='LC1596'>&nbsp;&nbsp;&nbsp;&nbsp;&nbsp;&nbsp;&nbsp;&nbsp;&nbsp;&nbsp;&nbsp;&nbsp;&nbsp;&nbsp;&nbsp;&nbsp;<span class="nt">&lt;version</span> <span class="na">num=</span><span class="s">&quot;141&quot;</span> <span class="na">curr_loc=</span><span class="s">&quot;125&quot;</span> <span class="na">changed=</span><span class="s">&quot;1&quot;</span> <span class="na">churn=</span><span class="s">&quot;125&quot;</span> <span class="nt">/&gt;</span></div><div class='line' id='LC1597'>&nbsp;&nbsp;&nbsp;&nbsp;&nbsp;&nbsp;&nbsp;&nbsp;&nbsp;&nbsp;&nbsp;&nbsp;&nbsp;&nbsp;&nbsp;&nbsp;<span class="nt">&lt;version</span> <span class="na">num=</span><span class="s">&quot;143&quot;</span> <span class="na">curr_loc=</span><span class="s">&quot;125&quot;</span> <span class="na">changed=</span><span class="s">&quot;1&quot;</span> <span class="na">churn=</span><span class="s">&quot;125&quot;</span> <span class="nt">/&gt;</span></div><div class='line' id='LC1598'>&nbsp;&nbsp;&nbsp;&nbsp;&nbsp;&nbsp;&nbsp;&nbsp;&nbsp;&nbsp;&nbsp;&nbsp;&nbsp;&nbsp;&nbsp;&nbsp;<span class="nt">&lt;version</span> <span class="na">num=</span><span class="s">&quot;156&quot;</span> <span class="na">curr_loc=</span><span class="s">&quot;125&quot;</span> <span class="na">changed=</span><span class="s">&quot;1&quot;</span> <span class="na">churn=</span><span class="s">&quot;125&quot;</span> <span class="nt">/&gt;</span></div><div class='line' id='LC1599'>&nbsp;&nbsp;&nbsp;&nbsp;&nbsp;&nbsp;&nbsp;&nbsp;&nbsp;&nbsp;&nbsp;&nbsp;&nbsp;&nbsp;&nbsp;&nbsp;<span class="nt">&lt;version</span> <span class="na">num=</span><span class="s">&quot;157&quot;</span> <span class="na">curr_loc=</span><span class="s">&quot;60&quot;</span> <span class="na">changed=</span><span class="s">&quot;1&quot;</span> <span class="na">churn=</span><span class="s">&quot;190&quot;</span> <span class="nt">/&gt;</span></div><div class='line' id='LC1600'>&nbsp;&nbsp;&nbsp;&nbsp;&nbsp;&nbsp;&nbsp;&nbsp;&nbsp;&nbsp;&nbsp;&nbsp;&nbsp;&nbsp;&nbsp;&nbsp;<span class="nt">&lt;version</span> <span class="na">num=</span><span class="s">&quot;158&quot;</span> <span class="na">curr_loc=</span><span class="s">&quot;60&quot;</span> <span class="na">changed=</span><span class="s">&quot;1&quot;</span> <span class="na">churn=</span><span class="s">&quot;190&quot;</span> <span class="nt">/&gt;</span></div><div class='line' id='LC1601'>&nbsp;&nbsp;&nbsp;&nbsp;&nbsp;&nbsp;&nbsp;&nbsp;&nbsp;&nbsp;&nbsp;&nbsp;&nbsp;&nbsp;<span class="nt">&lt;/class&gt;</span></div><div class='line' id='LC1602'>&nbsp;&nbsp;&nbsp;&nbsp;&nbsp;&nbsp;&nbsp;&nbsp;&nbsp;&nbsp;&nbsp;&nbsp;&nbsp;&nbsp;<span class="nt">&lt;class</span> <span class="na">name=</span><span class="s">&quot;ExpectedExceptionInterceptorTest&quot;</span> <span class="na">type=</span><span class="s">&quot;ConcreteClass&quot;</span> <span class="na">maxLoc=</span><span class="s">&quot;214&quot;</span><span class="nt">&gt;</span></div><div class='line' id='LC1603'>&nbsp;&nbsp;&nbsp;&nbsp;&nbsp;&nbsp;&nbsp;&nbsp;&nbsp;&nbsp;&nbsp;&nbsp;&nbsp;&nbsp;&nbsp;&nbsp;<span class="nt">&lt;version</span> <span class="na">num=</span><span class="s">&quot;124&quot;</span> <span class="na">curr_loc=</span><span class="s">&quot;144&quot;</span> <span class="na">changed=</span><span class="s">&quot;1&quot;</span> <span class="na">churn=</span><span class="s">&quot;144&quot;</span> <span class="nt">/&gt;</span></div><div class='line' id='LC1604'>&nbsp;&nbsp;&nbsp;&nbsp;&nbsp;&nbsp;&nbsp;&nbsp;&nbsp;&nbsp;&nbsp;&nbsp;&nbsp;&nbsp;&nbsp;&nbsp;<span class="nt">&lt;version</span> <span class="na">num=</span><span class="s">&quot;128&quot;</span> <span class="na">curr_loc=</span><span class="s">&quot;212&quot;</span> <span class="na">changed=</span><span class="s">&quot;1&quot;</span> <span class="na">churn=</span><span class="s">&quot;212&quot;</span> <span class="nt">/&gt;</span></div><div class='line' id='LC1605'>&nbsp;&nbsp;&nbsp;&nbsp;&nbsp;&nbsp;&nbsp;&nbsp;&nbsp;&nbsp;&nbsp;&nbsp;&nbsp;&nbsp;&nbsp;&nbsp;<span class="nt">&lt;version</span> <span class="na">num=</span><span class="s">&quot;143&quot;</span> <span class="na">curr_loc=</span><span class="s">&quot;212&quot;</span> <span class="na">changed=</span><span class="s">&quot;1&quot;</span> <span class="na">churn=</span><span class="s">&quot;212&quot;</span> <span class="nt">/&gt;</span></div><div class='line' id='LC1606'>&nbsp;&nbsp;&nbsp;&nbsp;&nbsp;&nbsp;&nbsp;&nbsp;&nbsp;&nbsp;&nbsp;&nbsp;&nbsp;&nbsp;&nbsp;&nbsp;<span class="nt">&lt;version</span> <span class="na">num=</span><span class="s">&quot;160&quot;</span> <span class="na">curr_loc=</span><span class="s">&quot;212&quot;</span> <span class="na">changed=</span><span class="s">&quot;1&quot;</span> <span class="na">churn=</span><span class="s">&quot;212&quot;</span> <span class="nt">/&gt;</span></div><div class='line' id='LC1607'>&nbsp;&nbsp;&nbsp;&nbsp;&nbsp;&nbsp;&nbsp;&nbsp;&nbsp;&nbsp;&nbsp;&nbsp;&nbsp;&nbsp;&nbsp;&nbsp;<span class="nt">&lt;version</span> <span class="na">num=</span><span class="s">&quot;161&quot;</span> <span class="na">curr_loc=</span><span class="s">&quot;214&quot;</span> <span class="na">changed=</span><span class="s">&quot;1&quot;</span> <span class="na">churn=</span><span class="s">&quot;214&quot;</span> <span class="nt">/&gt;</span></div><div class='line' id='LC1608'>&nbsp;&nbsp;&nbsp;&nbsp;&nbsp;&nbsp;&nbsp;&nbsp;&nbsp;&nbsp;&nbsp;&nbsp;&nbsp;&nbsp;&nbsp;&nbsp;<span class="nt">&lt;version</span> <span class="na">num=</span><span class="s">&quot;162&quot;</span> <span class="na">curr_loc=</span><span class="s">&quot;180&quot;</span> <span class="na">changed=</span><span class="s">&quot;1&quot;</span> <span class="na">churn=</span><span class="s">&quot;248&quot;</span> <span class="nt">/&gt;</span></div><div class='line' id='LC1609'>&nbsp;&nbsp;&nbsp;&nbsp;&nbsp;&nbsp;&nbsp;&nbsp;&nbsp;&nbsp;&nbsp;&nbsp;&nbsp;&nbsp;&nbsp;&nbsp;<span class="nt">&lt;version</span> <span class="na">num=</span><span class="s">&quot;163&quot;</span> <span class="na">curr_loc=</span><span class="s">&quot;212&quot;</span> <span class="na">changed=</span><span class="s">&quot;1&quot;</span> <span class="na">churn=</span><span class="s">&quot;280&quot;</span> <span class="nt">/&gt;</span></div><div class='line' id='LC1610'>&nbsp;&nbsp;&nbsp;&nbsp;&nbsp;&nbsp;&nbsp;&nbsp;&nbsp;&nbsp;&nbsp;&nbsp;&nbsp;&nbsp;&nbsp;&nbsp;<span class="nt">&lt;version</span> <span class="na">num=</span><span class="s">&quot;165&quot;</span> <span class="na">curr_loc=</span><span class="s">&quot;214&quot;</span> <span class="na">changed=</span><span class="s">&quot;1&quot;</span> <span class="na">churn=</span><span class="s">&quot;282&quot;</span> <span class="nt">/&gt;</span></div><div class='line' id='LC1611'>&nbsp;&nbsp;&nbsp;&nbsp;&nbsp;&nbsp;&nbsp;&nbsp;&nbsp;&nbsp;&nbsp;&nbsp;&nbsp;&nbsp;&nbsp;&nbsp;<span class="nt">&lt;version</span> <span class="na">num=</span><span class="s">&quot;166&quot;</span> <span class="na">curr_loc=</span><span class="s">&quot;180&quot;</span> <span class="na">changed=</span><span class="s">&quot;1&quot;</span> <span class="na">churn=</span><span class="s">&quot;316&quot;</span> <span class="nt">/&gt;</span></div><div class='line' id='LC1612'>&nbsp;&nbsp;&nbsp;&nbsp;&nbsp;&nbsp;&nbsp;&nbsp;&nbsp;&nbsp;&nbsp;&nbsp;&nbsp;&nbsp;&nbsp;&nbsp;<span class="nt">&lt;version</span> <span class="na">num=</span><span class="s">&quot;186&quot;</span> <span class="na">curr_loc=</span><span class="s">&quot;144&quot;</span> <span class="na">changed=</span><span class="s">&quot;1&quot;</span> <span class="na">churn=</span><span class="s">&quot;352&quot;</span> <span class="nt">/&gt;</span></div><div class='line' id='LC1613'>&nbsp;&nbsp;&nbsp;&nbsp;&nbsp;&nbsp;&nbsp;&nbsp;&nbsp;&nbsp;&nbsp;&nbsp;&nbsp;&nbsp;&nbsp;&nbsp;<span class="nt">&lt;version</span> <span class="na">num=</span><span class="s">&quot;194&quot;</span> <span class="na">curr_loc=</span><span class="s">&quot;144&quot;</span> <span class="na">changed=</span><span class="s">&quot;1&quot;</span> <span class="na">churn=</span><span class="s">&quot;352&quot;</span> <span class="nt">/&gt;</span></div><div class='line' id='LC1614'>&nbsp;&nbsp;&nbsp;&nbsp;&nbsp;&nbsp;&nbsp;&nbsp;&nbsp;&nbsp;&nbsp;&nbsp;&nbsp;&nbsp;<span class="nt">&lt;/class&gt;</span></div><div class='line' id='LC1615'>&nbsp;&nbsp;&nbsp;&nbsp;&nbsp;&nbsp;&nbsp;&nbsp;&nbsp;&nbsp;&nbsp;&nbsp;&nbsp;&nbsp;<span class="nt">&lt;class</span> <span class="na">name=</span><span class="s">&quot;ExternalResourceInterceptorTest&quot;</span> <span class="na">type=</span><span class="s">&quot;ConcreteClass&quot;</span> <span class="na">maxLoc=</span><span class="s">&quot;37&quot;</span><span class="nt">&gt;</span></div><div class='line' id='LC1616'>&nbsp;&nbsp;&nbsp;&nbsp;&nbsp;&nbsp;&nbsp;&nbsp;&nbsp;&nbsp;&nbsp;&nbsp;&nbsp;&nbsp;&nbsp;&nbsp;<span class="nt">&lt;version</span> <span class="na">num=</span><span class="s">&quot;124&quot;</span> <span class="na">curr_loc=</span><span class="s">&quot;37&quot;</span> <span class="na">changed=</span><span class="s">&quot;1&quot;</span> <span class="na">churn=</span><span class="s">&quot;37&quot;</span> <span class="nt">/&gt;</span></div><div class='line' id='LC1617'>&nbsp;&nbsp;&nbsp;&nbsp;&nbsp;&nbsp;&nbsp;&nbsp;&nbsp;&nbsp;&nbsp;&nbsp;&nbsp;&nbsp;&nbsp;&nbsp;<span class="nt">&lt;version</span> <span class="na">num=</span><span class="s">&quot;128&quot;</span> <span class="na">curr_loc=</span><span class="s">&quot;37&quot;</span> <span class="na">changed=</span><span class="s">&quot;1&quot;</span> <span class="na">churn=</span><span class="s">&quot;37&quot;</span> <span class="nt">/&gt;</span></div><div class='line' id='LC1618'>&nbsp;&nbsp;&nbsp;&nbsp;&nbsp;&nbsp;&nbsp;&nbsp;&nbsp;&nbsp;&nbsp;&nbsp;&nbsp;&nbsp;&nbsp;&nbsp;<span class="nt">&lt;version</span> <span class="na">num=</span><span class="s">&quot;143&quot;</span> <span class="na">curr_loc=</span><span class="s">&quot;37&quot;</span> <span class="na">changed=</span><span class="s">&quot;1&quot;</span> <span class="na">churn=</span><span class="s">&quot;37&quot;</span> <span class="nt">/&gt;</span></div><div class='line' id='LC1619'>&nbsp;&nbsp;&nbsp;&nbsp;&nbsp;&nbsp;&nbsp;&nbsp;&nbsp;&nbsp;&nbsp;&nbsp;&nbsp;&nbsp;&nbsp;&nbsp;<span class="nt">&lt;version</span> <span class="na">num=</span><span class="s">&quot;159&quot;</span> <span class="na">curr_loc=</span><span class="s">&quot;37&quot;</span> <span class="na">changed=</span><span class="s">&quot;1&quot;</span> <span class="na">churn=</span><span class="s">&quot;37&quot;</span> <span class="nt">/&gt;</span></div><div class='line' id='LC1620'>&nbsp;&nbsp;&nbsp;&nbsp;&nbsp;&nbsp;&nbsp;&nbsp;&nbsp;&nbsp;&nbsp;&nbsp;&nbsp;&nbsp;<span class="nt">&lt;/class&gt;</span></div><div class='line' id='LC1621'>&nbsp;&nbsp;&nbsp;&nbsp;&nbsp;&nbsp;&nbsp;&nbsp;&nbsp;&nbsp;&nbsp;&nbsp;&nbsp;&nbsp;<span class="nt">&lt;class</span> <span class="na">name=</span><span class="s">&quot;InterceptorTest&quot;</span> <span class="na">type=</span><span class="s">&quot;ConcreteClass&quot;</span> <span class="na">maxLoc=</span><span class="s">&quot;251&quot;</span><span class="nt">&gt;</span></div><div class='line' id='LC1622'>&nbsp;&nbsp;&nbsp;&nbsp;&nbsp;&nbsp;&nbsp;&nbsp;&nbsp;&nbsp;&nbsp;&nbsp;&nbsp;&nbsp;&nbsp;&nbsp;<span class="nt">&lt;version</span> <span class="na">num=</span><span class="s">&quot;124&quot;</span> <span class="na">curr_loc=</span><span class="s">&quot;215&quot;</span> <span class="na">changed=</span><span class="s">&quot;1&quot;</span> <span class="na">churn=</span><span class="s">&quot;215&quot;</span> <span class="nt">/&gt;</span></div><div class='line' id='LC1623'>&nbsp;&nbsp;&nbsp;&nbsp;&nbsp;&nbsp;&nbsp;&nbsp;&nbsp;&nbsp;&nbsp;&nbsp;&nbsp;&nbsp;&nbsp;&nbsp;<span class="nt">&lt;version</span> <span class="na">num=</span><span class="s">&quot;128&quot;</span> <span class="na">curr_loc=</span><span class="s">&quot;235&quot;</span> <span class="na">changed=</span><span class="s">&quot;1&quot;</span> <span class="na">churn=</span><span class="s">&quot;235&quot;</span> <span class="nt">/&gt;</span></div><div class='line' id='LC1624'>&nbsp;&nbsp;&nbsp;&nbsp;&nbsp;&nbsp;&nbsp;&nbsp;&nbsp;&nbsp;&nbsp;&nbsp;&nbsp;&nbsp;&nbsp;&nbsp;<span class="nt">&lt;version</span> <span class="na">num=</span><span class="s">&quot;129&quot;</span> <span class="na">curr_loc=</span><span class="s">&quot;235&quot;</span> <span class="na">changed=</span><span class="s">&quot;1&quot;</span> <span class="na">churn=</span><span class="s">&quot;235&quot;</span> <span class="nt">/&gt;</span></div><div class='line' id='LC1625'>&nbsp;&nbsp;&nbsp;&nbsp;&nbsp;&nbsp;&nbsp;&nbsp;&nbsp;&nbsp;&nbsp;&nbsp;&nbsp;&nbsp;&nbsp;&nbsp;<span class="nt">&lt;version</span> <span class="na">num=</span><span class="s">&quot;143&quot;</span> <span class="na">curr_loc=</span><span class="s">&quot;235&quot;</span> <span class="na">changed=</span><span class="s">&quot;1&quot;</span> <span class="na">churn=</span><span class="s">&quot;235&quot;</span> <span class="nt">/&gt;</span></div><div class='line' id='LC1626'>&nbsp;&nbsp;&nbsp;&nbsp;&nbsp;&nbsp;&nbsp;&nbsp;&nbsp;&nbsp;&nbsp;&nbsp;&nbsp;&nbsp;&nbsp;&nbsp;<span class="nt">&lt;version</span> <span class="na">num=</span><span class="s">&quot;144&quot;</span> <span class="na">curr_loc=</span><span class="s">&quot;235&quot;</span> <span class="na">changed=</span><span class="s">&quot;1&quot;</span> <span class="na">churn=</span><span class="s">&quot;235&quot;</span> <span class="nt">/&gt;</span></div><div class='line' id='LC1627'>&nbsp;&nbsp;&nbsp;&nbsp;&nbsp;&nbsp;&nbsp;&nbsp;&nbsp;&nbsp;&nbsp;&nbsp;&nbsp;&nbsp;&nbsp;&nbsp;<span class="nt">&lt;version</span> <span class="na">num=</span><span class="s">&quot;182&quot;</span> <span class="na">curr_loc=</span><span class="s">&quot;235&quot;</span> <span class="na">changed=</span><span class="s">&quot;1&quot;</span> <span class="na">churn=</span><span class="s">&quot;235&quot;</span> <span class="nt">/&gt;</span></div><div class='line' id='LC1628'>&nbsp;&nbsp;&nbsp;&nbsp;&nbsp;&nbsp;&nbsp;&nbsp;&nbsp;&nbsp;&nbsp;&nbsp;&nbsp;&nbsp;&nbsp;&nbsp;<span class="nt">&lt;version</span> <span class="na">num=</span><span class="s">&quot;184&quot;</span> <span class="na">curr_loc=</span><span class="s">&quot;235&quot;</span> <span class="na">changed=</span><span class="s">&quot;1&quot;</span> <span class="na">churn=</span><span class="s">&quot;235&quot;</span> <span class="nt">/&gt;</span></div><div class='line' id='LC1629'>&nbsp;&nbsp;&nbsp;&nbsp;&nbsp;&nbsp;&nbsp;&nbsp;&nbsp;&nbsp;&nbsp;&nbsp;&nbsp;&nbsp;&nbsp;&nbsp;<span class="nt">&lt;version</span> <span class="na">num=</span><span class="s">&quot;187&quot;</span> <span class="na">curr_loc=</span><span class="s">&quot;235&quot;</span> <span class="na">changed=</span><span class="s">&quot;1&quot;</span> <span class="na">churn=</span><span class="s">&quot;235&quot;</span> <span class="nt">/&gt;</span></div><div class='line' id='LC1630'>&nbsp;&nbsp;&nbsp;&nbsp;&nbsp;&nbsp;&nbsp;&nbsp;&nbsp;&nbsp;&nbsp;&nbsp;&nbsp;&nbsp;&nbsp;&nbsp;<span class="nt">&lt;version</span> <span class="na">num=</span><span class="s">&quot;188&quot;</span> <span class="na">curr_loc=</span><span class="s">&quot;251&quot;</span> <span class="na">changed=</span><span class="s">&quot;1&quot;</span> <span class="na">churn=</span><span class="s">&quot;251&quot;</span> <span class="nt">/&gt;</span></div><div class='line' id='LC1631'>&nbsp;&nbsp;&nbsp;&nbsp;&nbsp;&nbsp;&nbsp;&nbsp;&nbsp;&nbsp;&nbsp;&nbsp;&nbsp;&nbsp;&nbsp;&nbsp;<span class="nt">&lt;version</span> <span class="na">num=</span><span class="s">&quot;191&quot;</span> <span class="na">curr_loc=</span><span class="s">&quot;241&quot;</span> <span class="na">changed=</span><span class="s">&quot;1&quot;</span> <span class="na">churn=</span><span class="s">&quot;261&quot;</span> <span class="nt">/&gt;</span></div><div class='line' id='LC1632'>&nbsp;&nbsp;&nbsp;&nbsp;&nbsp;&nbsp;&nbsp;&nbsp;&nbsp;&nbsp;&nbsp;&nbsp;&nbsp;&nbsp;&nbsp;&nbsp;<span class="nt">&lt;version</span> <span class="na">num=</span><span class="s">&quot;195&quot;</span> <span class="na">curr_loc=</span><span class="s">&quot;235&quot;</span> <span class="na">changed=</span><span class="s">&quot;1&quot;</span> <span class="na">churn=</span><span class="s">&quot;267&quot;</span> <span class="nt">/&gt;</span></div><div class='line' id='LC1633'>&nbsp;&nbsp;&nbsp;&nbsp;&nbsp;&nbsp;&nbsp;&nbsp;&nbsp;&nbsp;&nbsp;&nbsp;&nbsp;&nbsp;&nbsp;&nbsp;<span class="nt">&lt;version</span> <span class="na">num=</span><span class="s">&quot;196&quot;</span> <span class="na">curr_loc=</span><span class="s">&quot;251&quot;</span> <span class="na">changed=</span><span class="s">&quot;1&quot;</span> <span class="na">churn=</span><span class="s">&quot;283&quot;</span> <span class="nt">/&gt;</span></div><div class='line' id='LC1634'>&nbsp;&nbsp;&nbsp;&nbsp;&nbsp;&nbsp;&nbsp;&nbsp;&nbsp;&nbsp;&nbsp;&nbsp;&nbsp;&nbsp;&nbsp;&nbsp;<span class="nt">&lt;version</span> <span class="na">num=</span><span class="s">&quot;199&quot;</span> <span class="na">curr_loc=</span><span class="s">&quot;241&quot;</span> <span class="na">changed=</span><span class="s">&quot;1&quot;</span> <span class="na">churn=</span><span class="s">&quot;293&quot;</span> <span class="nt">/&gt;</span></div><div class='line' id='LC1635'>&nbsp;&nbsp;&nbsp;&nbsp;&nbsp;&nbsp;&nbsp;&nbsp;&nbsp;&nbsp;&nbsp;&nbsp;&nbsp;&nbsp;&nbsp;&nbsp;<span class="nt">&lt;version</span> <span class="na">num=</span><span class="s">&quot;202&quot;</span> <span class="na">curr_loc=</span><span class="s">&quot;215&quot;</span> <span class="na">changed=</span><span class="s">&quot;1&quot;</span> <span class="na">churn=</span><span class="s">&quot;319&quot;</span> <span class="nt">/&gt;</span></div><div class='line' id='LC1636'>&nbsp;&nbsp;&nbsp;&nbsp;&nbsp;&nbsp;&nbsp;&nbsp;&nbsp;&nbsp;&nbsp;&nbsp;&nbsp;&nbsp;&nbsp;&nbsp;<span class="nt">&lt;version</span> <span class="na">num=</span><span class="s">&quot;204&quot;</span> <span class="na">curr_loc=</span><span class="s">&quot;215&quot;</span> <span class="na">changed=</span><span class="s">&quot;1&quot;</span> <span class="na">churn=</span><span class="s">&quot;319&quot;</span> <span class="nt">/&gt;</span></div><div class='line' id='LC1637'>&nbsp;&nbsp;&nbsp;&nbsp;&nbsp;&nbsp;&nbsp;&nbsp;&nbsp;&nbsp;&nbsp;&nbsp;&nbsp;&nbsp;<span class="nt">&lt;/class&gt;</span></div><div class='line' id='LC1638'>&nbsp;&nbsp;&nbsp;&nbsp;&nbsp;&nbsp;&nbsp;&nbsp;&nbsp;&nbsp;&nbsp;&nbsp;&nbsp;&nbsp;<span class="nt">&lt;class</span> <span class="na">name=</span><span class="s">&quot;NameInterceptorTest&quot;</span> <span class="na">type=</span><span class="s">&quot;ConcreteClass&quot;</span> <span class="na">maxLoc=</span><span class="s">&quot;21&quot;</span><span class="nt">&gt;</span></div><div class='line' id='LC1639'>&nbsp;&nbsp;&nbsp;&nbsp;&nbsp;&nbsp;&nbsp;&nbsp;&nbsp;&nbsp;&nbsp;&nbsp;&nbsp;&nbsp;&nbsp;&nbsp;<span class="nt">&lt;version</span> <span class="na">num=</span><span class="s">&quot;124&quot;</span> <span class="na">curr_loc=</span><span class="s">&quot;21&quot;</span> <span class="na">changed=</span><span class="s">&quot;1&quot;</span> <span class="na">churn=</span><span class="s">&quot;21&quot;</span> <span class="nt">/&gt;</span></div><div class='line' id='LC1640'>&nbsp;&nbsp;&nbsp;&nbsp;&nbsp;&nbsp;&nbsp;&nbsp;&nbsp;&nbsp;&nbsp;&nbsp;&nbsp;&nbsp;&nbsp;&nbsp;<span class="nt">&lt;version</span> <span class="na">num=</span><span class="s">&quot;128&quot;</span> <span class="na">curr_loc=</span><span class="s">&quot;18&quot;</span> <span class="na">changed=</span><span class="s">&quot;1&quot;</span> <span class="na">churn=</span><span class="s">&quot;24&quot;</span> <span class="nt">/&gt;</span></div><div class='line' id='LC1641'>&nbsp;&nbsp;&nbsp;&nbsp;&nbsp;&nbsp;&nbsp;&nbsp;&nbsp;&nbsp;&nbsp;&nbsp;&nbsp;&nbsp;&nbsp;&nbsp;<span class="nt">&lt;version</span> <span class="na">num=</span><span class="s">&quot;143&quot;</span> <span class="na">curr_loc=</span><span class="s">&quot;18&quot;</span> <span class="na">changed=</span><span class="s">&quot;1&quot;</span> <span class="na">churn=</span><span class="s">&quot;24&quot;</span> <span class="nt">/&gt;</span></div><div class='line' id='LC1642'>&nbsp;&nbsp;&nbsp;&nbsp;&nbsp;&nbsp;&nbsp;&nbsp;&nbsp;&nbsp;&nbsp;&nbsp;&nbsp;&nbsp;&nbsp;&nbsp;<span class="nt">&lt;version</span> <span class="na">num=</span><span class="s">&quot;187&quot;</span> <span class="na">curr_loc=</span><span class="s">&quot;18&quot;</span> <span class="na">changed=</span><span class="s">&quot;1&quot;</span> <span class="na">churn=</span><span class="s">&quot;24&quot;</span> <span class="nt">/&gt;</span></div><div class='line' id='LC1643'>&nbsp;&nbsp;&nbsp;&nbsp;&nbsp;&nbsp;&nbsp;&nbsp;&nbsp;&nbsp;&nbsp;&nbsp;&nbsp;&nbsp;&nbsp;&nbsp;<span class="nt">&lt;version</span> <span class="na">num=</span><span class="s">&quot;195&quot;</span> <span class="na">curr_loc=</span><span class="s">&quot;18&quot;</span> <span class="na">changed=</span><span class="s">&quot;1&quot;</span> <span class="na">churn=</span><span class="s">&quot;24&quot;</span> <span class="nt">/&gt;</span></div><div class='line' id='LC1644'>&nbsp;&nbsp;&nbsp;&nbsp;&nbsp;&nbsp;&nbsp;&nbsp;&nbsp;&nbsp;&nbsp;&nbsp;&nbsp;&nbsp;&nbsp;&nbsp;<span class="nt">&lt;version</span> <span class="na">num=</span><span class="s">&quot;202&quot;</span> <span class="na">curr_loc=</span><span class="s">&quot;21&quot;</span> <span class="na">changed=</span><span class="s">&quot;1&quot;</span> <span class="na">churn=</span><span class="s">&quot;27&quot;</span> <span class="nt">/&gt;</span></div><div class='line' id='LC1645'>&nbsp;&nbsp;&nbsp;&nbsp;&nbsp;&nbsp;&nbsp;&nbsp;&nbsp;&nbsp;&nbsp;&nbsp;&nbsp;&nbsp;&nbsp;&nbsp;<span class="nt">&lt;version</span> <span class="na">num=</span><span class="s">&quot;204&quot;</span> <span class="na">curr_loc=</span><span class="s">&quot;21&quot;</span> <span class="na">changed=</span><span class="s">&quot;1&quot;</span> <span class="na">churn=</span><span class="s">&quot;27&quot;</span> <span class="nt">/&gt;</span></div><div class='line' id='LC1646'>&nbsp;&nbsp;&nbsp;&nbsp;&nbsp;&nbsp;&nbsp;&nbsp;&nbsp;&nbsp;&nbsp;&nbsp;&nbsp;&nbsp;<span class="nt">&lt;/class&gt;</span></div><div class='line' id='LC1647'>&nbsp;&nbsp;&nbsp;&nbsp;&nbsp;&nbsp;&nbsp;&nbsp;&nbsp;&nbsp;&nbsp;&nbsp;&nbsp;&nbsp;<span class="nt">&lt;class</span> <span class="na">name=</span><span class="s">&quot;TempFolderInterceptorTest&quot;</span> <span class="na">type=</span><span class="s">&quot;ConcreteClass&quot;</span> <span class="na">maxLoc=</span><span class="s">&quot;71&quot;</span><span class="nt">&gt;</span></div><div class='line' id='LC1648'>&nbsp;&nbsp;&nbsp;&nbsp;&nbsp;&nbsp;&nbsp;&nbsp;&nbsp;&nbsp;&nbsp;&nbsp;&nbsp;&nbsp;&nbsp;&nbsp;<span class="nt">&lt;version</span> <span class="na">num=</span><span class="s">&quot;124&quot;</span> <span class="na">curr_loc=</span><span class="s">&quot;71&quot;</span> <span class="na">changed=</span><span class="s">&quot;1&quot;</span> <span class="na">churn=</span><span class="s">&quot;71&quot;</span> <span class="nt">/&gt;</span></div><div class='line' id='LC1649'>&nbsp;&nbsp;&nbsp;&nbsp;&nbsp;&nbsp;&nbsp;&nbsp;&nbsp;&nbsp;&nbsp;&nbsp;&nbsp;&nbsp;&nbsp;&nbsp;<span class="nt">&lt;version</span> <span class="na">num=</span><span class="s">&quot;128&quot;</span> <span class="na">curr_loc=</span><span class="s">&quot;71&quot;</span> <span class="na">changed=</span><span class="s">&quot;1&quot;</span> <span class="na">churn=</span><span class="s">&quot;71&quot;</span> <span class="nt">/&gt;</span></div><div class='line' id='LC1650'>&nbsp;&nbsp;&nbsp;&nbsp;&nbsp;&nbsp;&nbsp;&nbsp;&nbsp;&nbsp;&nbsp;&nbsp;&nbsp;&nbsp;&nbsp;&nbsp;<span class="nt">&lt;version</span> <span class="na">num=</span><span class="s">&quot;143&quot;</span> <span class="na">curr_loc=</span><span class="s">&quot;71&quot;</span> <span class="na">changed=</span><span class="s">&quot;1&quot;</span> <span class="na">churn=</span><span class="s">&quot;71&quot;</span> <span class="nt">/&gt;</span></div><div class='line' id='LC1651'>&nbsp;&nbsp;&nbsp;&nbsp;&nbsp;&nbsp;&nbsp;&nbsp;&nbsp;&nbsp;&nbsp;&nbsp;&nbsp;&nbsp;&nbsp;&nbsp;<span class="nt">&lt;version</span> <span class="na">num=</span><span class="s">&quot;159&quot;</span> <span class="na">curr_loc=</span><span class="s">&quot;71&quot;</span> <span class="na">changed=</span><span class="s">&quot;1&quot;</span> <span class="na">churn=</span><span class="s">&quot;71&quot;</span> <span class="nt">/&gt;</span></div><div class='line' id='LC1652'>&nbsp;&nbsp;&nbsp;&nbsp;&nbsp;&nbsp;&nbsp;&nbsp;&nbsp;&nbsp;&nbsp;&nbsp;&nbsp;&nbsp;<span class="nt">&lt;/class&gt;</span></div><div class='line' id='LC1653'>&nbsp;&nbsp;&nbsp;&nbsp;&nbsp;&nbsp;&nbsp;&nbsp;&nbsp;&nbsp;&nbsp;&nbsp;&nbsp;&nbsp;<span class="nt">&lt;class</span> <span class="na">name=</span><span class="s">&quot;TimeoutInterceptorTest&quot;</span> <span class="na">type=</span><span class="s">&quot;ConcreteClass&quot;</span> <span class="na">maxLoc=</span><span class="s">&quot;43&quot;</span><span class="nt">&gt;</span></div><div class='line' id='LC1654'>&nbsp;&nbsp;&nbsp;&nbsp;&nbsp;&nbsp;&nbsp;&nbsp;&nbsp;&nbsp;&nbsp;&nbsp;&nbsp;&nbsp;&nbsp;&nbsp;<span class="nt">&lt;version</span> <span class="na">num=</span><span class="s">&quot;124&quot;</span> <span class="na">curr_loc=</span><span class="s">&quot;43&quot;</span> <span class="na">changed=</span><span class="s">&quot;1&quot;</span> <span class="na">churn=</span><span class="s">&quot;43&quot;</span> <span class="nt">/&gt;</span></div><div class='line' id='LC1655'>&nbsp;&nbsp;&nbsp;&nbsp;&nbsp;&nbsp;&nbsp;&nbsp;&nbsp;&nbsp;&nbsp;&nbsp;&nbsp;&nbsp;&nbsp;&nbsp;<span class="nt">&lt;version</span> <span class="na">num=</span><span class="s">&quot;128&quot;</span> <span class="na">curr_loc=</span><span class="s">&quot;39&quot;</span> <span class="na">changed=</span><span class="s">&quot;1&quot;</span> <span class="na">churn=</span><span class="s">&quot;47&quot;</span> <span class="nt">/&gt;</span></div><div class='line' id='LC1656'>&nbsp;&nbsp;&nbsp;&nbsp;&nbsp;&nbsp;&nbsp;&nbsp;&nbsp;&nbsp;&nbsp;&nbsp;&nbsp;&nbsp;&nbsp;&nbsp;<span class="nt">&lt;version</span> <span class="na">num=</span><span class="s">&quot;132&quot;</span> <span class="na">curr_loc=</span><span class="s">&quot;39&quot;</span> <span class="na">changed=</span><span class="s">&quot;1&quot;</span> <span class="na">churn=</span><span class="s">&quot;47&quot;</span> <span class="nt">/&gt;</span></div><div class='line' id='LC1657'>&nbsp;&nbsp;&nbsp;&nbsp;&nbsp;&nbsp;&nbsp;&nbsp;&nbsp;&nbsp;&nbsp;&nbsp;&nbsp;&nbsp;&nbsp;&nbsp;<span class="nt">&lt;version</span> <span class="na">num=</span><span class="s">&quot;143&quot;</span> <span class="na">curr_loc=</span><span class="s">&quot;39&quot;</span> <span class="na">changed=</span><span class="s">&quot;1&quot;</span> <span class="na">churn=</span><span class="s">&quot;47&quot;</span> <span class="nt">/&gt;</span></div><div class='line' id='LC1658'>&nbsp;&nbsp;&nbsp;&nbsp;&nbsp;&nbsp;&nbsp;&nbsp;&nbsp;&nbsp;&nbsp;&nbsp;&nbsp;&nbsp;&nbsp;&nbsp;<span class="nt">&lt;version</span> <span class="na">num=</span><span class="s">&quot;147&quot;</span> <span class="na">curr_loc=</span><span class="s">&quot;39&quot;</span> <span class="na">changed=</span><span class="s">&quot;1&quot;</span> <span class="na">churn=</span><span class="s">&quot;47&quot;</span> <span class="nt">/&gt;</span></div><div class='line' id='LC1659'>&nbsp;&nbsp;&nbsp;&nbsp;&nbsp;&nbsp;&nbsp;&nbsp;&nbsp;&nbsp;&nbsp;&nbsp;&nbsp;&nbsp;&nbsp;&nbsp;<span class="nt">&lt;version</span> <span class="na">num=</span><span class="s">&quot;182&quot;</span> <span class="na">curr_loc=</span><span class="s">&quot;40&quot;</span> <span class="na">changed=</span><span class="s">&quot;1&quot;</span> <span class="na">churn=</span><span class="s">&quot;48&quot;</span> <span class="nt">/&gt;</span></div><div class='line' id='LC1660'>&nbsp;&nbsp;&nbsp;&nbsp;&nbsp;&nbsp;&nbsp;&nbsp;&nbsp;&nbsp;&nbsp;&nbsp;&nbsp;&nbsp;&nbsp;&nbsp;<span class="nt">&lt;version</span> <span class="na">num=</span><span class="s">&quot;184&quot;</span> <span class="na">curr_loc=</span><span class="s">&quot;40&quot;</span> <span class="na">changed=</span><span class="s">&quot;1&quot;</span> <span class="na">churn=</span><span class="s">&quot;48&quot;</span> <span class="nt">/&gt;</span></div><div class='line' id='LC1661'>&nbsp;&nbsp;&nbsp;&nbsp;&nbsp;&nbsp;&nbsp;&nbsp;&nbsp;&nbsp;&nbsp;&nbsp;&nbsp;&nbsp;&nbsp;&nbsp;<span class="nt">&lt;version</span> <span class="na">num=</span><span class="s">&quot;187&quot;</span> <span class="na">curr_loc=</span><span class="s">&quot;40&quot;</span> <span class="na">changed=</span><span class="s">&quot;1&quot;</span> <span class="na">churn=</span><span class="s">&quot;48&quot;</span> <span class="nt">/&gt;</span></div><div class='line' id='LC1662'>&nbsp;&nbsp;&nbsp;&nbsp;&nbsp;&nbsp;&nbsp;&nbsp;&nbsp;&nbsp;&nbsp;&nbsp;&nbsp;&nbsp;&nbsp;&nbsp;<span class="nt">&lt;version</span> <span class="na">num=</span><span class="s">&quot;195&quot;</span> <span class="na">curr_loc=</span><span class="s">&quot;40&quot;</span> <span class="na">changed=</span><span class="s">&quot;1&quot;</span> <span class="na">churn=</span><span class="s">&quot;48&quot;</span> <span class="nt">/&gt;</span></div><div class='line' id='LC1663'>&nbsp;&nbsp;&nbsp;&nbsp;&nbsp;&nbsp;&nbsp;&nbsp;&nbsp;&nbsp;&nbsp;&nbsp;&nbsp;&nbsp;&nbsp;&nbsp;<span class="nt">&lt;version</span> <span class="na">num=</span><span class="s">&quot;202&quot;</span> <span class="na">curr_loc=</span><span class="s">&quot;43&quot;</span> <span class="na">changed=</span><span class="s">&quot;1&quot;</span> <span class="na">churn=</span><span class="s">&quot;51&quot;</span> <span class="nt">/&gt;</span></div><div class='line' id='LC1664'>&nbsp;&nbsp;&nbsp;&nbsp;&nbsp;&nbsp;&nbsp;&nbsp;&nbsp;&nbsp;&nbsp;&nbsp;&nbsp;&nbsp;&nbsp;&nbsp;<span class="nt">&lt;version</span> <span class="na">num=</span><span class="s">&quot;204&quot;</span> <span class="na">curr_loc=</span><span class="s">&quot;43&quot;</span> <span class="na">changed=</span><span class="s">&quot;1&quot;</span> <span class="na">churn=</span><span class="s">&quot;51&quot;</span> <span class="nt">/&gt;</span></div><div class='line' id='LC1665'>&nbsp;&nbsp;&nbsp;&nbsp;&nbsp;&nbsp;&nbsp;&nbsp;&nbsp;&nbsp;&nbsp;&nbsp;&nbsp;&nbsp;<span class="nt">&lt;/class&gt;</span></div><div class='line' id='LC1666'>&nbsp;&nbsp;&nbsp;&nbsp;&nbsp;&nbsp;&nbsp;&nbsp;&nbsp;&nbsp;&nbsp;&nbsp;<span class="nt">&lt;/package&gt;</span></div><div class='line' id='LC1667'>&nbsp;&nbsp;&nbsp;&nbsp;&nbsp;&nbsp;&nbsp;&nbsp;&nbsp;&nbsp;&nbsp;&nbsp;<span class="nt">&lt;class</span> <span class="na">name=</span><span class="s">&quot;InterceptorTest&quot;</span> <span class="na">type=</span><span class="s">&quot;ConcreteClass&quot;</span> <span class="na">maxLoc=</span><span class="s">&quot;213&quot;</span><span class="nt">&gt;</span></div><div class='line' id='LC1668'>&nbsp;&nbsp;&nbsp;&nbsp;&nbsp;&nbsp;&nbsp;&nbsp;&nbsp;&nbsp;&nbsp;&nbsp;&nbsp;&nbsp;<span class="nt">&lt;version</span> <span class="na">num=</span><span class="s">&quot;202&quot;</span> <span class="na">curr_loc=</span><span class="s">&quot;167&quot;</span> <span class="na">changed=</span><span class="s">&quot;1&quot;</span> <span class="na">churn=</span><span class="s">&quot;167&quot;</span> <span class="nt">/&gt;</span></div><div class='line' id='LC1669'>&nbsp;&nbsp;&nbsp;&nbsp;&nbsp;&nbsp;&nbsp;&nbsp;&nbsp;&nbsp;&nbsp;&nbsp;&nbsp;&nbsp;<span class="nt">&lt;version</span> <span class="na">num=</span><span class="s">&quot;204&quot;</span> <span class="na">curr_loc=</span><span class="s">&quot;213&quot;</span> <span class="na">changed=</span><span class="s">&quot;1&quot;</span> <span class="na">churn=</span><span class="s">&quot;213&quot;</span> <span class="nt">/&gt;</span></div><div class='line' id='LC1670'>&nbsp;&nbsp;&nbsp;&nbsp;&nbsp;&nbsp;&nbsp;&nbsp;&nbsp;&nbsp;&nbsp;&nbsp;&nbsp;&nbsp;<span class="nt">&lt;version</span> <span class="na">num=</span><span class="s">&quot;226&quot;</span> <span class="na">curr_loc=</span><span class="s">&quot;213&quot;</span> <span class="na">changed=</span><span class="s">&quot;1&quot;</span> <span class="na">churn=</span><span class="s">&quot;213&quot;</span> <span class="nt">/&gt;</span></div><div class='line' id='LC1671'>&nbsp;&nbsp;&nbsp;&nbsp;&nbsp;&nbsp;&nbsp;&nbsp;&nbsp;&nbsp;&nbsp;&nbsp;&nbsp;&nbsp;<span class="nt">&lt;version</span> <span class="na">num=</span><span class="s">&quot;230&quot;</span> <span class="na">curr_loc=</span><span class="s">&quot;213&quot;</span> <span class="na">changed=</span><span class="s">&quot;1&quot;</span> <span class="na">churn=</span><span class="s">&quot;213&quot;</span> <span class="nt">/&gt;</span></div><div class='line' id='LC1672'>&nbsp;&nbsp;&nbsp;&nbsp;&nbsp;&nbsp;&nbsp;&nbsp;&nbsp;&nbsp;&nbsp;&nbsp;&nbsp;&nbsp;<span class="nt">&lt;version</span> <span class="na">num=</span><span class="s">&quot;250&quot;</span> <span class="na">curr_loc=</span><span class="s">&quot;167&quot;</span> <span class="na">changed=</span><span class="s">&quot;1&quot;</span> <span class="na">churn=</span><span class="s">&quot;259&quot;</span> <span class="nt">/&gt;</span></div><div class='line' id='LC1673'>&nbsp;&nbsp;&nbsp;&nbsp;&nbsp;&nbsp;&nbsp;&nbsp;&nbsp;&nbsp;&nbsp;&nbsp;&nbsp;&nbsp;<span class="nt">&lt;version</span> <span class="na">num=</span><span class="s">&quot;254&quot;</span> <span class="na">curr_loc=</span><span class="s">&quot;167&quot;</span> <span class="na">changed=</span><span class="s">&quot;1&quot;</span> <span class="na">churn=</span><span class="s">&quot;259&quot;</span> <span class="nt">/&gt;</span></div><div class='line' id='LC1674'>&nbsp;&nbsp;&nbsp;&nbsp;&nbsp;&nbsp;&nbsp;&nbsp;&nbsp;&nbsp;&nbsp;&nbsp;&nbsp;&nbsp;<span class="nt">&lt;version</span> <span class="na">num=</span><span class="s">&quot;260&quot;</span> <span class="na">curr_loc=</span><span class="s">&quot;167&quot;</span> <span class="na">changed=</span><span class="s">&quot;1&quot;</span> <span class="na">churn=</span><span class="s">&quot;259&quot;</span> <span class="nt">/&gt;</span></div><div class='line' id='LC1675'>&nbsp;&nbsp;&nbsp;&nbsp;&nbsp;&nbsp;&nbsp;&nbsp;&nbsp;&nbsp;&nbsp;&nbsp;<span class="nt">&lt;/class&gt;</span></div><div class='line' id='LC1676'>&nbsp;&nbsp;&nbsp;&nbsp;&nbsp;&nbsp;&nbsp;&nbsp;&nbsp;&nbsp;&nbsp;&nbsp;<span class="nt">&lt;class</span> <span class="na">name=</span><span class="s">&quot;TimeoutInterceptorTest&quot;</span> <span class="na">type=</span><span class="s">&quot;ConcreteClass&quot;</span> <span class="na">maxLoc=</span><span class="s">&quot;43&quot;</span><span class="nt">&gt;</span></div><div class='line' id='LC1677'>&nbsp;&nbsp;&nbsp;&nbsp;&nbsp;&nbsp;&nbsp;&nbsp;&nbsp;&nbsp;&nbsp;&nbsp;&nbsp;&nbsp;<span class="nt">&lt;version</span> <span class="na">num=</span><span class="s">&quot;202&quot;</span> <span class="na">curr_loc=</span><span class="s">&quot;32&quot;</span> <span class="na">changed=</span><span class="s">&quot;1&quot;</span> <span class="na">churn=</span><span class="s">&quot;32&quot;</span> <span class="nt">/&gt;</span></div><div class='line' id='LC1678'>&nbsp;&nbsp;&nbsp;&nbsp;&nbsp;&nbsp;&nbsp;&nbsp;&nbsp;&nbsp;&nbsp;&nbsp;&nbsp;&nbsp;<span class="nt">&lt;version</span> <span class="na">num=</span><span class="s">&quot;204&quot;</span> <span class="na">curr_loc=</span><span class="s">&quot;43&quot;</span> <span class="na">changed=</span><span class="s">&quot;1&quot;</span> <span class="na">churn=</span><span class="s">&quot;43&quot;</span> <span class="nt">/&gt;</span></div><div class='line' id='LC1679'>&nbsp;&nbsp;&nbsp;&nbsp;&nbsp;&nbsp;&nbsp;&nbsp;&nbsp;&nbsp;&nbsp;&nbsp;&nbsp;&nbsp;<span class="nt">&lt;version</span> <span class="na">num=</span><span class="s">&quot;219&quot;</span> <span class="na">curr_loc=</span><span class="s">&quot;43&quot;</span> <span class="na">changed=</span><span class="s">&quot;1&quot;</span> <span class="na">churn=</span><span class="s">&quot;43&quot;</span> <span class="nt">/&gt;</span></div><div class='line' id='LC1680'>&nbsp;&nbsp;&nbsp;&nbsp;&nbsp;&nbsp;&nbsp;&nbsp;&nbsp;&nbsp;&nbsp;&nbsp;&nbsp;&nbsp;<span class="nt">&lt;version</span> <span class="na">num=</span><span class="s">&quot;222&quot;</span> <span class="na">curr_loc=</span><span class="s">&quot;43&quot;</span> <span class="na">changed=</span><span class="s">&quot;1&quot;</span> <span class="na">churn=</span><span class="s">&quot;43&quot;</span> <span class="nt">/&gt;</span></div><div class='line' id='LC1681'>&nbsp;&nbsp;&nbsp;&nbsp;&nbsp;&nbsp;&nbsp;&nbsp;&nbsp;&nbsp;&nbsp;&nbsp;&nbsp;&nbsp;<span class="nt">&lt;version</span> <span class="na">num=</span><span class="s">&quot;225&quot;</span> <span class="na">curr_loc=</span><span class="s">&quot;40&quot;</span> <span class="na">changed=</span><span class="s">&quot;1&quot;</span> <span class="na">churn=</span><span class="s">&quot;46&quot;</span> <span class="nt">/&gt;</span></div><div class='line' id='LC1682'>&nbsp;&nbsp;&nbsp;&nbsp;&nbsp;&nbsp;&nbsp;&nbsp;&nbsp;&nbsp;&nbsp;&nbsp;&nbsp;&nbsp;<span class="nt">&lt;version</span> <span class="na">num=</span><span class="s">&quot;226&quot;</span> <span class="na">curr_loc=</span><span class="s">&quot;32&quot;</span> <span class="na">changed=</span><span class="s">&quot;1&quot;</span> <span class="na">churn=</span><span class="s">&quot;54&quot;</span> <span class="nt">/&gt;</span></div><div class='line' id='LC1683'>&nbsp;&nbsp;&nbsp;&nbsp;&nbsp;&nbsp;&nbsp;&nbsp;&nbsp;&nbsp;&nbsp;&nbsp;&nbsp;&nbsp;<span class="nt">&lt;version</span> <span class="na">num=</span><span class="s">&quot;229&quot;</span> <span class="na">curr_loc=</span><span class="s">&quot;40&quot;</span> <span class="na">changed=</span><span class="s">&quot;1&quot;</span> <span class="na">churn=</span><span class="s">&quot;62&quot;</span> <span class="nt">/&gt;</span></div><div class='line' id='LC1684'>&nbsp;&nbsp;&nbsp;&nbsp;&nbsp;&nbsp;&nbsp;&nbsp;&nbsp;&nbsp;&nbsp;&nbsp;&nbsp;&nbsp;<span class="nt">&lt;version</span> <span class="na">num=</span><span class="s">&quot;230&quot;</span> <span class="na">curr_loc=</span><span class="s">&quot;32&quot;</span> <span class="na">changed=</span><span class="s">&quot;1&quot;</span> <span class="na">churn=</span><span class="s">&quot;70&quot;</span> <span class="nt">/&gt;</span></div><div class='line' id='LC1685'>&nbsp;&nbsp;&nbsp;&nbsp;&nbsp;&nbsp;&nbsp;&nbsp;&nbsp;&nbsp;&nbsp;&nbsp;<span class="nt">&lt;/class&gt;</span></div><div class='line' id='LC1686'>&nbsp;&nbsp;&nbsp;&nbsp;&nbsp;&nbsp;&nbsp;&nbsp;&nbsp;&nbsp;&nbsp;&nbsp;<span class="nt">&lt;package</span> <span class="na">name=</span><span class="s">&quot;logging&quot;</span><span class="nt">&gt;</span></div><div class='line' id='LC1687'>&nbsp;&nbsp;&nbsp;&nbsp;&nbsp;&nbsp;&nbsp;&nbsp;&nbsp;&nbsp;&nbsp;&nbsp;&nbsp;&nbsp;<span class="nt">&lt;class</span> <span class="na">name=</span><span class="s">&quot;LoggingTest&quot;</span> <span class="na">type=</span><span class="s">&quot;ConcreteClass&quot;</span> <span class="na">maxLoc=</span><span class="s">&quot;113&quot;</span><span class="nt">&gt;</span></div><div class='line' id='LC1688'>&nbsp;&nbsp;&nbsp;&nbsp;&nbsp;&nbsp;&nbsp;&nbsp;&nbsp;&nbsp;&nbsp;&nbsp;&nbsp;&nbsp;&nbsp;&nbsp;<span class="nt">&lt;version</span> <span class="na">num=</span><span class="s">&quot;286&quot;</span> <span class="na">curr_loc=</span><span class="s">&quot;113&quot;</span> <span class="na">changed=</span><span class="s">&quot;1&quot;</span> <span class="na">churn=</span><span class="s">&quot;113&quot;</span> <span class="nt">/&gt;</span></div><div class='line' id='LC1689'>&nbsp;&nbsp;&nbsp;&nbsp;&nbsp;&nbsp;&nbsp;&nbsp;&nbsp;&nbsp;&nbsp;&nbsp;&nbsp;&nbsp;&nbsp;&nbsp;<span class="nt">&lt;version</span> <span class="na">num=</span><span class="s">&quot;290&quot;</span> <span class="na">curr_loc=</span><span class="s">&quot;111&quot;</span> <span class="na">changed=</span><span class="s">&quot;1&quot;</span> <span class="na">churn=</span><span class="s">&quot;115&quot;</span> <span class="nt">/&gt;</span></div><div class='line' id='LC1690'>&nbsp;&nbsp;&nbsp;&nbsp;&nbsp;&nbsp;&nbsp;&nbsp;&nbsp;&nbsp;&nbsp;&nbsp;&nbsp;&nbsp;&nbsp;&nbsp;<span class="nt">&lt;version</span> <span class="na">num=</span><span class="s">&quot;306&quot;</span> <span class="na">curr_loc=</span><span class="s">&quot;111&quot;</span> <span class="na">changed=</span><span class="s">&quot;1&quot;</span> <span class="na">churn=</span><span class="s">&quot;115&quot;</span> <span class="nt">/&gt;</span></div><div class='line' id='LC1691'>&nbsp;&nbsp;&nbsp;&nbsp;&nbsp;&nbsp;&nbsp;&nbsp;&nbsp;&nbsp;&nbsp;&nbsp;&nbsp;&nbsp;&nbsp;&nbsp;<span class="nt">&lt;version</span> <span class="na">num=</span><span class="s">&quot;307&quot;</span> <span class="na">curr_loc=</span><span class="s">&quot;113&quot;</span> <span class="na">changed=</span><span class="s">&quot;1&quot;</span> <span class="na">churn=</span><span class="s">&quot;117&quot;</span> <span class="nt">/&gt;</span></div><div class='line' id='LC1692'>&nbsp;&nbsp;&nbsp;&nbsp;&nbsp;&nbsp;&nbsp;&nbsp;&nbsp;&nbsp;&nbsp;&nbsp;&nbsp;&nbsp;<span class="nt">&lt;/class&gt;</span></div><div class='line' id='LC1693'>&nbsp;&nbsp;&nbsp;&nbsp;&nbsp;&nbsp;&nbsp;&nbsp;&nbsp;&nbsp;&nbsp;&nbsp;<span class="nt">&lt;/package&gt;</span></div><div class='line' id='LC1694'>&nbsp;&nbsp;&nbsp;&nbsp;&nbsp;&nbsp;&nbsp;&nbsp;&nbsp;&nbsp;&nbsp;&nbsp;<span class="nt">&lt;class</span> <span class="na">name=</span><span class="s">&quot;ExperimentalTests&quot;</span> <span class="na">type=</span><span class="s">&quot;ConcreteClass&quot;</span> <span class="na">maxLoc=</span><span class="s">&quot;28&quot;</span><span class="nt">&gt;</span></div><div class='line' id='LC1695'>&nbsp;&nbsp;&nbsp;&nbsp;&nbsp;&nbsp;&nbsp;&nbsp;&nbsp;&nbsp;&nbsp;&nbsp;&nbsp;&nbsp;<span class="nt">&lt;version</span> <span class="na">num=</span><span class="s">&quot;295&quot;</span> <span class="na">curr_loc=</span><span class="s">&quot;28&quot;</span> <span class="na">changed=</span><span class="s">&quot;1&quot;</span> <span class="na">churn=</span><span class="s">&quot;28&quot;</span> <span class="nt">/&gt;</span></div><div class='line' id='LC1696'>&nbsp;&nbsp;&nbsp;&nbsp;&nbsp;&nbsp;&nbsp;&nbsp;&nbsp;&nbsp;&nbsp;&nbsp;<span class="nt">&lt;/class&gt;</span></div><div class='line' id='LC1697'>&nbsp;&nbsp;&nbsp;&nbsp;&nbsp;&nbsp;&nbsp;&nbsp;&nbsp;&nbsp;&nbsp;&nbsp;<span class="nt">&lt;class</span> <span class="na">name=</span><span class="s">&quot;MatcherTest&quot;</span> <span class="na">type=</span><span class="s">&quot;ConcreteClass&quot;</span> <span class="na">maxLoc=</span><span class="s">&quot;43&quot;</span><span class="nt">&gt;</span></div><div class='line' id='LC1698'>&nbsp;&nbsp;&nbsp;&nbsp;&nbsp;&nbsp;&nbsp;&nbsp;&nbsp;&nbsp;&nbsp;&nbsp;&nbsp;&nbsp;<span class="nt">&lt;version</span> <span class="na">num=</span><span class="s">&quot;416&quot;</span> <span class="na">curr_loc=</span><span class="s">&quot;43&quot;</span> <span class="na">changed=</span><span class="s">&quot;1&quot;</span> <span class="na">churn=</span><span class="s">&quot;43&quot;</span> <span class="nt">/&gt;</span></div><div class='line' id='LC1699'>&nbsp;&nbsp;&nbsp;&nbsp;&nbsp;&nbsp;&nbsp;&nbsp;&nbsp;&nbsp;&nbsp;&nbsp;&nbsp;&nbsp;<span class="nt">&lt;version</span> <span class="na">num=</span><span class="s">&quot;420&quot;</span> <span class="na">curr_loc=</span><span class="s">&quot;43&quot;</span> <span class="na">changed=</span><span class="s">&quot;1&quot;</span> <span class="na">churn=</span><span class="s">&quot;43&quot;</span> <span class="nt">/&gt;</span></div><div class='line' id='LC1700'>&nbsp;&nbsp;&nbsp;&nbsp;&nbsp;&nbsp;&nbsp;&nbsp;&nbsp;&nbsp;&nbsp;&nbsp;<span class="nt">&lt;/class&gt;</span></div><div class='line' id='LC1701'>&nbsp;&nbsp;&nbsp;&nbsp;&nbsp;&nbsp;&nbsp;&nbsp;&nbsp;&nbsp;<span class="nt">&lt;/package&gt;</span></div><div class='line' id='LC1702'>&nbsp;&nbsp;&nbsp;&nbsp;&nbsp;&nbsp;&nbsp;&nbsp;&nbsp;&nbsp;<span class="nt">&lt;package</span> <span class="na">name=</span><span class="s">&quot;assertion&quot;</span><span class="nt">&gt;</span></div><div class='line' id='LC1703'>&nbsp;&nbsp;&nbsp;&nbsp;&nbsp;&nbsp;&nbsp;&nbsp;&nbsp;&nbsp;&nbsp;&nbsp;<span class="nt">&lt;class</span> <span class="na">name=</span><span class="s">&quot;AssertionTest&quot;</span> <span class="na">type=</span><span class="s">&quot;ConcreteClass&quot;</span> <span class="na">maxLoc=</span><span class="s">&quot;486&quot;</span><span class="nt">&gt;</span></div><div class='line' id='LC1704'>&nbsp;&nbsp;&nbsp;&nbsp;&nbsp;&nbsp;&nbsp;&nbsp;&nbsp;&nbsp;&nbsp;&nbsp;&nbsp;&nbsp;<span class="nt">&lt;version</span> <span class="na">num=</span><span class="s">&quot;12&quot;</span> <span class="na">curr_loc=</span><span class="s">&quot;486&quot;</span> <span class="na">changed=</span><span class="s">&quot;1&quot;</span> <span class="na">churn=</span><span class="s">&quot;486&quot;</span> <span class="nt">/&gt;</span></div><div class='line' id='LC1705'>&nbsp;&nbsp;&nbsp;&nbsp;&nbsp;&nbsp;&nbsp;&nbsp;&nbsp;&nbsp;&nbsp;&nbsp;&nbsp;&nbsp;<span class="nt">&lt;version</span> <span class="na">num=</span><span class="s">&quot;119&quot;</span> <span class="na">curr_loc=</span><span class="s">&quot;468&quot;</span> <span class="na">changed=</span><span class="s">&quot;1&quot;</span> <span class="na">churn=</span><span class="s">&quot;504&quot;</span> <span class="nt">/&gt;</span></div><div class='line' id='LC1706'>&nbsp;&nbsp;&nbsp;&nbsp;&nbsp;&nbsp;&nbsp;&nbsp;&nbsp;&nbsp;&nbsp;&nbsp;&nbsp;&nbsp;<span class="nt">&lt;version</span> <span class="na">num=</span><span class="s">&quot;134&quot;</span> <span class="na">curr_loc=</span><span class="s">&quot;469&quot;</span> <span class="na">changed=</span><span class="s">&quot;1&quot;</span> <span class="na">churn=</span><span class="s">&quot;505&quot;</span> <span class="nt">/&gt;</span></div><div class='line' id='LC1707'>&nbsp;&nbsp;&nbsp;&nbsp;&nbsp;&nbsp;&nbsp;&nbsp;&nbsp;&nbsp;&nbsp;&nbsp;&nbsp;&nbsp;<span class="nt">&lt;version</span> <span class="na">num=</span><span class="s">&quot;141&quot;</span> <span class="na">curr_loc=</span><span class="s">&quot;470&quot;</span> <span class="na">changed=</span><span class="s">&quot;1&quot;</span> <span class="na">churn=</span><span class="s">&quot;506&quot;</span> <span class="nt">/&gt;</span></div><div class='line' id='LC1708'>&nbsp;&nbsp;&nbsp;&nbsp;&nbsp;&nbsp;&nbsp;&nbsp;&nbsp;&nbsp;&nbsp;&nbsp;&nbsp;&nbsp;<span class="nt">&lt;version</span> <span class="na">num=</span><span class="s">&quot;149&quot;</span> <span class="na">curr_loc=</span><span class="s">&quot;469&quot;</span> <span class="na">changed=</span><span class="s">&quot;1&quot;</span> <span class="na">churn=</span><span class="s">&quot;507&quot;</span> <span class="nt">/&gt;</span></div><div class='line' id='LC1709'>&nbsp;&nbsp;&nbsp;&nbsp;&nbsp;&nbsp;&nbsp;&nbsp;&nbsp;&nbsp;&nbsp;&nbsp;&nbsp;&nbsp;<span class="nt">&lt;version</span> <span class="na">num=</span><span class="s">&quot;156&quot;</span> <span class="na">curr_loc=</span><span class="s">&quot;470&quot;</span> <span class="na">changed=</span><span class="s">&quot;1&quot;</span> <span class="na">churn=</span><span class="s">&quot;508&quot;</span> <span class="nt">/&gt;</span></div><div class='line' id='LC1710'>&nbsp;&nbsp;&nbsp;&nbsp;&nbsp;&nbsp;&nbsp;&nbsp;&nbsp;&nbsp;&nbsp;&nbsp;&nbsp;&nbsp;<span class="nt">&lt;version</span> <span class="na">num=</span><span class="s">&quot;164&quot;</span> <span class="na">curr_loc=</span><span class="s">&quot;472&quot;</span> <span class="na">changed=</span><span class="s">&quot;1&quot;</span> <span class="na">churn=</span><span class="s">&quot;510&quot;</span> <span class="nt">/&gt;</span></div><div class='line' id='LC1711'>&nbsp;&nbsp;&nbsp;&nbsp;&nbsp;&nbsp;&nbsp;&nbsp;&nbsp;&nbsp;&nbsp;&nbsp;&nbsp;&nbsp;<span class="nt">&lt;version</span> <span class="na">num=</span><span class="s">&quot;168&quot;</span> <span class="na">curr_loc=</span><span class="s">&quot;470&quot;</span> <span class="na">changed=</span><span class="s">&quot;1&quot;</span> <span class="na">churn=</span><span class="s">&quot;512&quot;</span> <span class="nt">/&gt;</span></div><div class='line' id='LC1712'>&nbsp;&nbsp;&nbsp;&nbsp;&nbsp;&nbsp;&nbsp;&nbsp;&nbsp;&nbsp;&nbsp;&nbsp;&nbsp;&nbsp;<span class="nt">&lt;version</span> <span class="na">num=</span><span class="s">&quot;169&quot;</span> <span class="na">curr_loc=</span><span class="s">&quot;472&quot;</span> <span class="na">changed=</span><span class="s">&quot;1&quot;</span> <span class="na">churn=</span><span class="s">&quot;514&quot;</span> <span class="nt">/&gt;</span></div><div class='line' id='LC1713'>&nbsp;&nbsp;&nbsp;&nbsp;&nbsp;&nbsp;&nbsp;&nbsp;&nbsp;&nbsp;&nbsp;&nbsp;&nbsp;&nbsp;<span class="nt">&lt;version</span> <span class="na">num=</span><span class="s">&quot;170&quot;</span> <span class="na">curr_loc=</span><span class="s">&quot;472&quot;</span> <span class="na">changed=</span><span class="s">&quot;1&quot;</span> <span class="na">churn=</span><span class="s">&quot;514&quot;</span> <span class="nt">/&gt;</span></div><div class='line' id='LC1714'>&nbsp;&nbsp;&nbsp;&nbsp;&nbsp;&nbsp;&nbsp;&nbsp;&nbsp;&nbsp;&nbsp;&nbsp;&nbsp;&nbsp;<span class="nt">&lt;version</span> <span class="na">num=</span><span class="s">&quot;171&quot;</span> <span class="na">curr_loc=</span><span class="s">&quot;474&quot;</span> <span class="na">changed=</span><span class="s">&quot;1&quot;</span> <span class="na">churn=</span><span class="s">&quot;516&quot;</span> <span class="nt">/&gt;</span></div><div class='line' id='LC1715'>&nbsp;&nbsp;&nbsp;&nbsp;&nbsp;&nbsp;&nbsp;&nbsp;&nbsp;&nbsp;&nbsp;&nbsp;&nbsp;&nbsp;<span class="nt">&lt;version</span> <span class="na">num=</span><span class="s">&quot;176&quot;</span> <span class="na">curr_loc=</span><span class="s">&quot;472&quot;</span> <span class="na">changed=</span><span class="s">&quot;1&quot;</span> <span class="na">churn=</span><span class="s">&quot;518&quot;</span> <span class="nt">/&gt;</span></div><div class='line' id='LC1716'>&nbsp;&nbsp;&nbsp;&nbsp;&nbsp;&nbsp;&nbsp;&nbsp;&nbsp;&nbsp;&nbsp;&nbsp;&nbsp;&nbsp;<span class="nt">&lt;version</span> <span class="na">num=</span><span class="s">&quot;177&quot;</span> <span class="na">curr_loc=</span><span class="s">&quot;474&quot;</span> <span class="na">changed=</span><span class="s">&quot;1&quot;</span> <span class="na">churn=</span><span class="s">&quot;520&quot;</span> <span class="nt">/&gt;</span></div><div class='line' id='LC1717'>&nbsp;&nbsp;&nbsp;&nbsp;&nbsp;&nbsp;&nbsp;&nbsp;&nbsp;&nbsp;&nbsp;&nbsp;&nbsp;&nbsp;<span class="nt">&lt;version</span> <span class="na">num=</span><span class="s">&quot;273&quot;</span> <span class="na">curr_loc=</span><span class="s">&quot;460&quot;</span> <span class="na">changed=</span><span class="s">&quot;1&quot;</span> <span class="na">churn=</span><span class="s">&quot;534&quot;</span> <span class="nt">/&gt;</span></div><div class='line' id='LC1718'>&nbsp;&nbsp;&nbsp;&nbsp;&nbsp;&nbsp;&nbsp;&nbsp;&nbsp;&nbsp;&nbsp;&nbsp;&nbsp;&nbsp;<span class="nt">&lt;version</span> <span class="na">num=</span><span class="s">&quot;274&quot;</span> <span class="na">curr_loc=</span><span class="s">&quot;460&quot;</span> <span class="na">changed=</span><span class="s">&quot;1&quot;</span> <span class="na">churn=</span><span class="s">&quot;534&quot;</span> <span class="nt">/&gt;</span></div><div class='line' id='LC1719'>&nbsp;&nbsp;&nbsp;&nbsp;&nbsp;&nbsp;&nbsp;&nbsp;&nbsp;&nbsp;&nbsp;&nbsp;&nbsp;&nbsp;<span class="nt">&lt;version</span> <span class="na">num=</span><span class="s">&quot;291&quot;</span> <span class="na">curr_loc=</span><span class="s">&quot;455&quot;</span> <span class="na">changed=</span><span class="s">&quot;1&quot;</span> <span class="na">churn=</span><span class="s">&quot;539&quot;</span> <span class="nt">/&gt;</span></div><div class='line' id='LC1720'>&nbsp;&nbsp;&nbsp;&nbsp;&nbsp;&nbsp;&nbsp;&nbsp;&nbsp;&nbsp;&nbsp;&nbsp;&nbsp;&nbsp;<span class="nt">&lt;version</span> <span class="na">num=</span><span class="s">&quot;338&quot;</span> <span class="na">curr_loc=</span><span class="s">&quot;447&quot;</span> <span class="na">changed=</span><span class="s">&quot;1&quot;</span> <span class="na">churn=</span><span class="s">&quot;547&quot;</span> <span class="nt">/&gt;</span></div><div class='line' id='LC1721'>&nbsp;&nbsp;&nbsp;&nbsp;&nbsp;&nbsp;&nbsp;&nbsp;&nbsp;&nbsp;&nbsp;&nbsp;&nbsp;&nbsp;<span class="nt">&lt;version</span> <span class="na">num=</span><span class="s">&quot;365&quot;</span> <span class="na">curr_loc=</span><span class="s">&quot;439&quot;</span> <span class="na">changed=</span><span class="s">&quot;1&quot;</span> <span class="na">churn=</span><span class="s">&quot;555&quot;</span> <span class="nt">/&gt;</span></div><div class='line' id='LC1722'>&nbsp;&nbsp;&nbsp;&nbsp;&nbsp;&nbsp;&nbsp;&nbsp;&nbsp;&nbsp;&nbsp;&nbsp;&nbsp;&nbsp;<span class="nt">&lt;version</span> <span class="na">num=</span><span class="s">&quot;372&quot;</span> <span class="na">curr_loc=</span><span class="s">&quot;438&quot;</span> <span class="na">changed=</span><span class="s">&quot;1&quot;</span> <span class="na">churn=</span><span class="s">&quot;556&quot;</span> <span class="nt">/&gt;</span></div><div class='line' id='LC1723'>&nbsp;&nbsp;&nbsp;&nbsp;&nbsp;&nbsp;&nbsp;&nbsp;&nbsp;&nbsp;&nbsp;&nbsp;<span class="nt">&lt;/class&gt;</span></div><div class='line' id='LC1724'>&nbsp;&nbsp;&nbsp;&nbsp;&nbsp;&nbsp;&nbsp;&nbsp;&nbsp;&nbsp;&nbsp;&nbsp;<span class="nt">&lt;class</span> <span class="na">name=</span><span class="s">&quot;MultipleFailureExceptionTest&quot;</span> <span class="na">type=</span><span class="s">&quot;ConcreteClass&quot;</span> <span class="na">maxLoc=</span><span class="s">&quot;60&quot;</span><span class="nt">&gt;</span></div><div class='line' id='LC1725'>&nbsp;&nbsp;&nbsp;&nbsp;&nbsp;&nbsp;&nbsp;&nbsp;&nbsp;&nbsp;&nbsp;&nbsp;&nbsp;&nbsp;<span class="nt">&lt;version</span> <span class="na">num=</span><span class="s">&quot;29&quot;</span> <span class="na">curr_loc=</span><span class="s">&quot;60&quot;</span> <span class="na">changed=</span><span class="s">&quot;1&quot;</span> <span class="na">churn=</span><span class="s">&quot;60&quot;</span> <span class="nt">/&gt;</span></div><div class='line' id='LC1726'>&nbsp;&nbsp;&nbsp;&nbsp;&nbsp;&nbsp;&nbsp;&nbsp;&nbsp;&nbsp;&nbsp;&nbsp;<span class="nt">&lt;/class&gt;</span></div><div class='line' id='LC1727'>&nbsp;&nbsp;&nbsp;&nbsp;&nbsp;&nbsp;&nbsp;&nbsp;&nbsp;&nbsp;&nbsp;&nbsp;<span class="nt">&lt;class</span> <span class="na">name=</span><span class="s">&quot;BothTest&quot;</span> <span class="na">type=</span><span class="s">&quot;ConcreteClass&quot;</span> <span class="na">maxLoc=</span><span class="s">&quot;93&quot;</span><span class="nt">&gt;</span></div><div class='line' id='LC1728'>&nbsp;&nbsp;&nbsp;&nbsp;&nbsp;&nbsp;&nbsp;&nbsp;&nbsp;&nbsp;&nbsp;&nbsp;&nbsp;&nbsp;<span class="nt">&lt;version</span> <span class="na">num=</span><span class="s">&quot;121&quot;</span> <span class="na">curr_loc=</span><span class="s">&quot;71&quot;</span> <span class="na">changed=</span><span class="s">&quot;1&quot;</span> <span class="na">churn=</span><span class="s">&quot;71&quot;</span> <span class="nt">/&gt;</span></div><div class='line' id='LC1729'>&nbsp;&nbsp;&nbsp;&nbsp;&nbsp;&nbsp;&nbsp;&nbsp;&nbsp;&nbsp;&nbsp;&nbsp;&nbsp;&nbsp;<span class="nt">&lt;version</span> <span class="na">num=</span><span class="s">&quot;170&quot;</span> <span class="na">curr_loc=</span><span class="s">&quot;91&quot;</span> <span class="na">changed=</span><span class="s">&quot;1&quot;</span> <span class="na">churn=</span><span class="s">&quot;91&quot;</span> <span class="nt">/&gt;</span></div><div class='line' id='LC1730'>&nbsp;&nbsp;&nbsp;&nbsp;&nbsp;&nbsp;&nbsp;&nbsp;&nbsp;&nbsp;&nbsp;&nbsp;&nbsp;&nbsp;<span class="nt">&lt;version</span> <span class="na">num=</span><span class="s">&quot;171&quot;</span> <span class="na">curr_loc=</span><span class="s">&quot;93&quot;</span> <span class="na">changed=</span><span class="s">&quot;1&quot;</span> <span class="na">churn=</span><span class="s">&quot;93&quot;</span> <span class="nt">/&gt;</span></div><div class='line' id='LC1731'>&nbsp;&nbsp;&nbsp;&nbsp;&nbsp;&nbsp;&nbsp;&nbsp;&nbsp;&nbsp;&nbsp;&nbsp;&nbsp;&nbsp;<span class="nt">&lt;version</span> <span class="na">num=</span><span class="s">&quot;172&quot;</span> <span class="na">curr_loc=</span><span class="s">&quot;91&quot;</span> <span class="na">changed=</span><span class="s">&quot;1&quot;</span> <span class="na">churn=</span><span class="s">&quot;95&quot;</span> <span class="nt">/&gt;</span></div><div class='line' id='LC1732'>&nbsp;&nbsp;&nbsp;&nbsp;&nbsp;&nbsp;&nbsp;&nbsp;&nbsp;&nbsp;&nbsp;&nbsp;&nbsp;&nbsp;<span class="nt">&lt;version</span> <span class="na">num=</span><span class="s">&quot;173&quot;</span> <span class="na">curr_loc=</span><span class="s">&quot;73&quot;</span> <span class="na">changed=</span><span class="s">&quot;1&quot;</span> <span class="na">churn=</span><span class="s">&quot;113&quot;</span> <span class="nt">/&gt;</span></div><div class='line' id='LC1733'>&nbsp;&nbsp;&nbsp;&nbsp;&nbsp;&nbsp;&nbsp;&nbsp;&nbsp;&nbsp;&nbsp;&nbsp;&nbsp;&nbsp;<span class="nt">&lt;version</span> <span class="na">num=</span><span class="s">&quot;174&quot;</span> <span class="na">curr_loc=</span><span class="s">&quot;72&quot;</span> <span class="na">changed=</span><span class="s">&quot;1&quot;</span> <span class="na">churn=</span><span class="s">&quot;114&quot;</span> <span class="nt">/&gt;</span></div><div class='line' id='LC1734'>&nbsp;&nbsp;&nbsp;&nbsp;&nbsp;&nbsp;&nbsp;&nbsp;&nbsp;&nbsp;&nbsp;&nbsp;&nbsp;&nbsp;<span class="nt">&lt;version</span> <span class="na">num=</span><span class="s">&quot;176&quot;</span> <span class="na">curr_loc=</span><span class="s">&quot;91&quot;</span> <span class="na">changed=</span><span class="s">&quot;1&quot;</span> <span class="na">churn=</span><span class="s">&quot;133&quot;</span> <span class="nt">/&gt;</span></div><div class='line' id='LC1735'>&nbsp;&nbsp;&nbsp;&nbsp;&nbsp;&nbsp;&nbsp;&nbsp;&nbsp;&nbsp;&nbsp;&nbsp;&nbsp;&nbsp;<span class="nt">&lt;version</span> <span class="na">num=</span><span class="s">&quot;177&quot;</span> <span class="na">curr_loc=</span><span class="s">&quot;93&quot;</span> <span class="na">changed=</span><span class="s">&quot;1&quot;</span> <span class="na">churn=</span><span class="s">&quot;135&quot;</span> <span class="nt">/&gt;</span></div><div class='line' id='LC1736'>&nbsp;&nbsp;&nbsp;&nbsp;&nbsp;&nbsp;&nbsp;&nbsp;&nbsp;&nbsp;&nbsp;&nbsp;&nbsp;&nbsp;<span class="nt">&lt;version</span> <span class="na">num=</span><span class="s">&quot;178&quot;</span> <span class="na">curr_loc=</span><span class="s">&quot;91&quot;</span> <span class="na">changed=</span><span class="s">&quot;1&quot;</span> <span class="na">churn=</span><span class="s">&quot;137&quot;</span> <span class="nt">/&gt;</span></div><div class='line' id='LC1737'>&nbsp;&nbsp;&nbsp;&nbsp;&nbsp;&nbsp;&nbsp;&nbsp;&nbsp;&nbsp;&nbsp;&nbsp;&nbsp;&nbsp;<span class="nt">&lt;version</span> <span class="na">num=</span><span class="s">&quot;179&quot;</span> <span class="na">curr_loc=</span><span class="s">&quot;73&quot;</span> <span class="na">changed=</span><span class="s">&quot;1&quot;</span> <span class="na">churn=</span><span class="s">&quot;155&quot;</span> <span class="nt">/&gt;</span></div><div class='line' id='LC1738'>&nbsp;&nbsp;&nbsp;&nbsp;&nbsp;&nbsp;&nbsp;&nbsp;&nbsp;&nbsp;&nbsp;&nbsp;&nbsp;&nbsp;<span class="nt">&lt;version</span> <span class="na">num=</span><span class="s">&quot;180&quot;</span> <span class="na">curr_loc=</span><span class="s">&quot;72&quot;</span> <span class="na">changed=</span><span class="s">&quot;1&quot;</span> <span class="na">churn=</span><span class="s">&quot;156&quot;</span> <span class="nt">/&gt;</span></div><div class='line' id='LC1739'>&nbsp;&nbsp;&nbsp;&nbsp;&nbsp;&nbsp;&nbsp;&nbsp;&nbsp;&nbsp;&nbsp;&nbsp;&nbsp;&nbsp;<span class="nt">&lt;version</span> <span class="na">num=</span><span class="s">&quot;182&quot;</span> <span class="na">curr_loc=</span><span class="s">&quot;71&quot;</span> <span class="na">changed=</span><span class="s">&quot;1&quot;</span> <span class="na">churn=</span><span class="s">&quot;157&quot;</span> <span class="nt">/&gt;</span></div><div class='line' id='LC1740'>&nbsp;&nbsp;&nbsp;&nbsp;&nbsp;&nbsp;&nbsp;&nbsp;&nbsp;&nbsp;&nbsp;&nbsp;&nbsp;&nbsp;<span class="nt">&lt;version</span> <span class="na">num=</span><span class="s">&quot;184&quot;</span> <span class="na">curr_loc=</span><span class="s">&quot;71&quot;</span> <span class="na">changed=</span><span class="s">&quot;1&quot;</span> <span class="na">churn=</span><span class="s">&quot;157&quot;</span> <span class="nt">/&gt;</span></div><div class='line' id='LC1741'>&nbsp;&nbsp;&nbsp;&nbsp;&nbsp;&nbsp;&nbsp;&nbsp;&nbsp;&nbsp;&nbsp;&nbsp;<span class="nt">&lt;/class&gt;</span></div><div class='line' id='LC1742'>&nbsp;&nbsp;&nbsp;&nbsp;&nbsp;&nbsp;&nbsp;&nbsp;&nbsp;&nbsp;&nbsp;&nbsp;<span class="nt">&lt;class</span> <span class="na">name=</span><span class="s">&quot;EachTest&quot;</span> <span class="na">type=</span><span class="s">&quot;ConcreteClass&quot;</span> <span class="na">maxLoc=</span><span class="s">&quot;13&quot;</span><span class="nt">&gt;</span></div><div class='line' id='LC1743'>&nbsp;&nbsp;&nbsp;&nbsp;&nbsp;&nbsp;&nbsp;&nbsp;&nbsp;&nbsp;&nbsp;&nbsp;&nbsp;&nbsp;<span class="nt">&lt;version</span> <span class="na">num=</span><span class="s">&quot;121&quot;</span> <span class="na">curr_loc=</span><span class="s">&quot;13&quot;</span> <span class="na">changed=</span><span class="s">&quot;1&quot;</span> <span class="na">churn=</span><span class="s">&quot;13&quot;</span> <span class="nt">/&gt;</span></div><div class='line' id='LC1744'>&nbsp;&nbsp;&nbsp;&nbsp;&nbsp;&nbsp;&nbsp;&nbsp;&nbsp;&nbsp;&nbsp;&nbsp;&nbsp;&nbsp;<span class="nt">&lt;version</span> <span class="na">num=</span><span class="s">&quot;182&quot;</span> <span class="na">curr_loc=</span><span class="s">&quot;13&quot;</span> <span class="na">changed=</span><span class="s">&quot;1&quot;</span> <span class="na">churn=</span><span class="s">&quot;13&quot;</span> <span class="nt">/&gt;</span></div><div class='line' id='LC1745'>&nbsp;&nbsp;&nbsp;&nbsp;&nbsp;&nbsp;&nbsp;&nbsp;&nbsp;&nbsp;&nbsp;&nbsp;&nbsp;&nbsp;<span class="nt">&lt;version</span> <span class="na">num=</span><span class="s">&quot;184&quot;</span> <span class="na">curr_loc=</span><span class="s">&quot;13&quot;</span> <span class="na">changed=</span><span class="s">&quot;1&quot;</span> <span class="na">churn=</span><span class="s">&quot;13&quot;</span> <span class="nt">/&gt;</span></div><div class='line' id='LC1746'>&nbsp;&nbsp;&nbsp;&nbsp;&nbsp;&nbsp;&nbsp;&nbsp;&nbsp;&nbsp;&nbsp;&nbsp;&nbsp;&nbsp;<span class="nt">&lt;version</span> <span class="na">num=</span><span class="s">&quot;367&quot;</span> <span class="na">curr_loc=</span><span class="s">&quot;13&quot;</span> <span class="na">changed=</span><span class="s">&quot;1&quot;</span> <span class="na">churn=</span><span class="s">&quot;13&quot;</span> <span class="nt">/&gt;</span></div><div class='line' id='LC1747'>&nbsp;&nbsp;&nbsp;&nbsp;&nbsp;&nbsp;&nbsp;&nbsp;&nbsp;&nbsp;&nbsp;&nbsp;<span class="nt">&lt;/class&gt;</span></div><div class='line' id='LC1748'>&nbsp;&nbsp;&nbsp;&nbsp;&nbsp;&nbsp;&nbsp;&nbsp;&nbsp;&nbsp;<span class="nt">&lt;/package&gt;</span></div><div class='line' id='LC1749'>&nbsp;&nbsp;&nbsp;&nbsp;&nbsp;&nbsp;&nbsp;&nbsp;&nbsp;&nbsp;<span class="nt">&lt;class</span> <span class="na">name=</span><span class="s">&quot;CategoriesAndParameterizedTest&quot;</span> <span class="na">type=</span><span class="s">&quot;ConcreteClass&quot;</span> <span class="na">maxLoc=</span><span class="s">&quot;107&quot;</span><span class="nt">&gt;</span></div><div class='line' id='LC1750'>&nbsp;&nbsp;&nbsp;&nbsp;&nbsp;&nbsp;&nbsp;&nbsp;&nbsp;&nbsp;&nbsp;&nbsp;<span class="nt">&lt;version</span> <span class="na">num=</span><span class="s">&quot;34&quot;</span> <span class="na">curr_loc=</span><span class="s">&quot;100&quot;</span> <span class="na">changed=</span><span class="s">&quot;1&quot;</span> <span class="na">churn=</span><span class="s">&quot;100&quot;</span> <span class="nt">/&gt;</span></div><div class='line' id='LC1751'>&nbsp;&nbsp;&nbsp;&nbsp;&nbsp;&nbsp;&nbsp;&nbsp;&nbsp;&nbsp;&nbsp;&nbsp;<span class="nt">&lt;version</span> <span class="na">num=</span><span class="s">&quot;37&quot;</span> <span class="na">curr_loc=</span><span class="s">&quot;107&quot;</span> <span class="na">changed=</span><span class="s">&quot;1&quot;</span> <span class="na">churn=</span><span class="s">&quot;107&quot;</span> <span class="nt">/&gt;</span></div><div class='line' id='LC1752'>&nbsp;&nbsp;&nbsp;&nbsp;&nbsp;&nbsp;&nbsp;&nbsp;&nbsp;&nbsp;&nbsp;&nbsp;<span class="nt">&lt;version</span> <span class="na">num=</span><span class="s">&quot;38&quot;</span> <span class="na">curr_loc=</span><span class="s">&quot;100&quot;</span> <span class="na">changed=</span><span class="s">&quot;1&quot;</span> <span class="na">churn=</span><span class="s">&quot;114&quot;</span> <span class="nt">/&gt;</span></div><div class='line' id='LC1753'>&nbsp;&nbsp;&nbsp;&nbsp;&nbsp;&nbsp;&nbsp;&nbsp;&nbsp;&nbsp;<span class="nt">&lt;/class&gt;</span></div><div class='line' id='LC1754'>&nbsp;&nbsp;&nbsp;&nbsp;&nbsp;&nbsp;&nbsp;&nbsp;&nbsp;&nbsp;<span class="nt">&lt;package</span> <span class="na">name=</span><span class="s">&quot;junit3compatibility&quot;</span><span class="nt">&gt;</span></div><div class='line' id='LC1755'>&nbsp;&nbsp;&nbsp;&nbsp;&nbsp;&nbsp;&nbsp;&nbsp;&nbsp;&nbsp;&nbsp;&nbsp;<span class="nt">&lt;class</span> <span class="na">name=</span><span class="s">&quot;ForwardCompatibilityTest&quot;</span> <span class="na">type=</span><span class="s">&quot;ConcreteClass&quot;</span> <span class="na">maxLoc=</span><span class="s">&quot;263&quot;</span><span class="nt">&gt;</span></div><div class='line' id='LC1756'>&nbsp;&nbsp;&nbsp;&nbsp;&nbsp;&nbsp;&nbsp;&nbsp;&nbsp;&nbsp;&nbsp;&nbsp;&nbsp;&nbsp;<span class="nt">&lt;version</span> <span class="na">num=</span><span class="s">&quot;54&quot;</span> <span class="na">curr_loc=</span><span class="s">&quot;222&quot;</span> <span class="na">changed=</span><span class="s">&quot;1&quot;</span> <span class="na">churn=</span><span class="s">&quot;222&quot;</span> <span class="nt">/&gt;</span></div><div class='line' id='LC1757'>&nbsp;&nbsp;&nbsp;&nbsp;&nbsp;&nbsp;&nbsp;&nbsp;&nbsp;&nbsp;&nbsp;&nbsp;&nbsp;&nbsp;<span class="nt">&lt;version</span> <span class="na">num=</span><span class="s">&quot;62&quot;</span> <span class="na">curr_loc=</span><span class="s">&quot;222&quot;</span> <span class="na">changed=</span><span class="s">&quot;1&quot;</span> <span class="na">churn=</span><span class="s">&quot;222&quot;</span> <span class="nt">/&gt;</span></div><div class='line' id='LC1758'>&nbsp;&nbsp;&nbsp;&nbsp;&nbsp;&nbsp;&nbsp;&nbsp;&nbsp;&nbsp;&nbsp;&nbsp;&nbsp;&nbsp;<span class="nt">&lt;version</span> <span class="na">num=</span><span class="s">&quot;81&quot;</span> <span class="na">curr_loc=</span><span class="s">&quot;263&quot;</span> <span class="na">changed=</span><span class="s">&quot;1&quot;</span> <span class="na">churn=</span><span class="s">&quot;263&quot;</span> <span class="nt">/&gt;</span></div><div class='line' id='LC1759'>&nbsp;&nbsp;&nbsp;&nbsp;&nbsp;&nbsp;&nbsp;&nbsp;&nbsp;&nbsp;&nbsp;&nbsp;<span class="nt">&lt;/class&gt;</span></div><div class='line' id='LC1760'>&nbsp;&nbsp;&nbsp;&nbsp;&nbsp;&nbsp;&nbsp;&nbsp;&nbsp;&nbsp;&nbsp;&nbsp;<span class="nt">&lt;class</span> <span class="na">name=</span><span class="s">&quot;SuiteMethodTest&quot;</span> <span class="na">type=</span><span class="s">&quot;ConcreteClass&quot;</span> <span class="na">maxLoc=</span><span class="s">&quot;136&quot;</span><span class="nt">&gt;</span></div><div class='line' id='LC1761'>&nbsp;&nbsp;&nbsp;&nbsp;&nbsp;&nbsp;&nbsp;&nbsp;&nbsp;&nbsp;&nbsp;&nbsp;&nbsp;&nbsp;<span class="nt">&lt;version</span> <span class="na">num=</span><span class="s">&quot;54&quot;</span> <span class="na">curr_loc=</span><span class="s">&quot;123&quot;</span> <span class="na">changed=</span><span class="s">&quot;1&quot;</span> <span class="na">churn=</span><span class="s">&quot;123&quot;</span> <span class="nt">/&gt;</span></div><div class='line' id='LC1762'>&nbsp;&nbsp;&nbsp;&nbsp;&nbsp;&nbsp;&nbsp;&nbsp;&nbsp;&nbsp;&nbsp;&nbsp;&nbsp;&nbsp;<span class="nt">&lt;version</span> <span class="na">num=</span><span class="s">&quot;62&quot;</span> <span class="na">curr_loc=</span><span class="s">&quot;123&quot;</span> <span class="na">changed=</span><span class="s">&quot;1&quot;</span> <span class="na">churn=</span><span class="s">&quot;123&quot;</span> <span class="nt">/&gt;</span></div><div class='line' id='LC1763'>&nbsp;&nbsp;&nbsp;&nbsp;&nbsp;&nbsp;&nbsp;&nbsp;&nbsp;&nbsp;&nbsp;&nbsp;&nbsp;&nbsp;<span class="nt">&lt;version</span> <span class="na">num=</span><span class="s">&quot;71&quot;</span> <span class="na">curr_loc=</span><span class="s">&quot;136&quot;</span> <span class="na">changed=</span><span class="s">&quot;1&quot;</span> <span class="na">churn=</span><span class="s">&quot;136&quot;</span> <span class="nt">/&gt;</span></div><div class='line' id='LC1764'>&nbsp;&nbsp;&nbsp;&nbsp;&nbsp;&nbsp;&nbsp;&nbsp;&nbsp;&nbsp;&nbsp;&nbsp;&nbsp;&nbsp;<span class="nt">&lt;version</span> <span class="na">num=</span><span class="s">&quot;78&quot;</span> <span class="na">curr_loc=</span><span class="s">&quot;136&quot;</span> <span class="na">changed=</span><span class="s">&quot;1&quot;</span> <span class="na">churn=</span><span class="s">&quot;136&quot;</span> <span class="nt">/&gt;</span></div><div class='line' id='LC1765'>&nbsp;&nbsp;&nbsp;&nbsp;&nbsp;&nbsp;&nbsp;&nbsp;&nbsp;&nbsp;&nbsp;&nbsp;&nbsp;&nbsp;<span class="nt">&lt;version</span> <span class="na">num=</span><span class="s">&quot;81&quot;</span> <span class="na">curr_loc=</span><span class="s">&quot;117&quot;</span> <span class="na">changed=</span><span class="s">&quot;1&quot;</span> <span class="na">churn=</span><span class="s">&quot;155&quot;</span> <span class="nt">/&gt;</span></div><div class='line' id='LC1766'>&nbsp;&nbsp;&nbsp;&nbsp;&nbsp;&nbsp;&nbsp;&nbsp;&nbsp;&nbsp;&nbsp;&nbsp;<span class="nt">&lt;/class&gt;</span></div><div class='line' id='LC1767'>&nbsp;&nbsp;&nbsp;&nbsp;&nbsp;&nbsp;&nbsp;&nbsp;&nbsp;&nbsp;&nbsp;&nbsp;<span class="nt">&lt;class</span> <span class="na">name=</span><span class="s">&quot;AllTestsTest&quot;</span> <span class="na">type=</span><span class="s">&quot;ConcreteClass&quot;</span> <span class="na">maxLoc=</span><span class="s">&quot;81&quot;</span><span class="nt">&gt;</span></div><div class='line' id='LC1768'>&nbsp;&nbsp;&nbsp;&nbsp;&nbsp;&nbsp;&nbsp;&nbsp;&nbsp;&nbsp;&nbsp;&nbsp;&nbsp;&nbsp;<span class="nt">&lt;version</span> <span class="na">num=</span><span class="s">&quot;121&quot;</span> <span class="na">curr_loc=</span><span class="s">&quot;81&quot;</span> <span class="na">changed=</span><span class="s">&quot;1&quot;</span> <span class="na">churn=</span><span class="s">&quot;81&quot;</span> <span class="nt">/&gt;</span></div><div class='line' id='LC1769'>&nbsp;&nbsp;&nbsp;&nbsp;&nbsp;&nbsp;&nbsp;&nbsp;&nbsp;&nbsp;&nbsp;&nbsp;&nbsp;&nbsp;<span class="nt">&lt;version</span> <span class="na">num=</span><span class="s">&quot;182&quot;</span> <span class="na">curr_loc=</span><span class="s">&quot;81&quot;</span> <span class="na">changed=</span><span class="s">&quot;1&quot;</span> <span class="na">churn=</span><span class="s">&quot;81&quot;</span> <span class="nt">/&gt;</span></div><div class='line' id='LC1770'>&nbsp;&nbsp;&nbsp;&nbsp;&nbsp;&nbsp;&nbsp;&nbsp;&nbsp;&nbsp;&nbsp;&nbsp;&nbsp;&nbsp;<span class="nt">&lt;version</span> <span class="na">num=</span><span class="s">&quot;184&quot;</span> <span class="na">curr_loc=</span><span class="s">&quot;81&quot;</span> <span class="na">changed=</span><span class="s">&quot;1&quot;</span> <span class="na">churn=</span><span class="s">&quot;81&quot;</span> <span class="nt">/&gt;</span></div><div class='line' id='LC1771'>&nbsp;&nbsp;&nbsp;&nbsp;&nbsp;&nbsp;&nbsp;&nbsp;&nbsp;&nbsp;&nbsp;&nbsp;&nbsp;&nbsp;<span class="nt">&lt;version</span> <span class="na">num=</span><span class="s">&quot;290&quot;</span> <span class="na">curr_loc=</span><span class="s">&quot;81&quot;</span> <span class="na">changed=</span><span class="s">&quot;1&quot;</span> <span class="na">churn=</span><span class="s">&quot;81&quot;</span> <span class="nt">/&gt;</span></div><div class='line' id='LC1772'>&nbsp;&nbsp;&nbsp;&nbsp;&nbsp;&nbsp;&nbsp;&nbsp;&nbsp;&nbsp;&nbsp;&nbsp;<span class="nt">&lt;/class&gt;</span></div><div class='line' id='LC1773'>&nbsp;&nbsp;&nbsp;&nbsp;&nbsp;&nbsp;&nbsp;&nbsp;&nbsp;&nbsp;&nbsp;&nbsp;<span class="nt">&lt;class</span> <span class="na">name=</span><span class="s">&quot;JUnit38ClassRunnerTest&quot;</span> <span class="na">type=</span><span class="s">&quot;ConcreteClass&quot;</span> <span class="na">maxLoc=</span><span class="s">&quot;79&quot;</span><span class="nt">&gt;</span></div><div class='line' id='LC1774'>&nbsp;&nbsp;&nbsp;&nbsp;&nbsp;&nbsp;&nbsp;&nbsp;&nbsp;&nbsp;&nbsp;&nbsp;&nbsp;&nbsp;<span class="nt">&lt;version</span> <span class="na">num=</span><span class="s">&quot;251&quot;</span> <span class="na">curr_loc=</span><span class="s">&quot;79&quot;</span> <span class="na">changed=</span><span class="s">&quot;1&quot;</span> <span class="na">churn=</span><span class="s">&quot;79&quot;</span> <span class="nt">/&gt;</span></div><div class='line' id='LC1775'>&nbsp;&nbsp;&nbsp;&nbsp;&nbsp;&nbsp;&nbsp;&nbsp;&nbsp;&nbsp;&nbsp;&nbsp;<span class="nt">&lt;/class&gt;</span></div><div class='line' id='LC1776'>&nbsp;&nbsp;&nbsp;&nbsp;&nbsp;&nbsp;&nbsp;&nbsp;&nbsp;&nbsp;&nbsp;&nbsp;<span class="nt">&lt;class</span> <span class="na">name=</span><span class="s">&quot;OldTestClassAdaptingListenerTest&quot;</span> <span class="na">type=</span><span class="s">&quot;ConcreteClass&quot;</span> <span class="na">maxLoc=</span><span class="s">&quot;27&quot;</span><span class="nt">&gt;</span></div><div class='line' id='LC1777'>&nbsp;&nbsp;&nbsp;&nbsp;&nbsp;&nbsp;&nbsp;&nbsp;&nbsp;&nbsp;&nbsp;&nbsp;&nbsp;&nbsp;<span class="nt">&lt;version</span> <span class="na">num=</span><span class="s">&quot;281&quot;</span> <span class="na">curr_loc=</span><span class="s">&quot;27&quot;</span> <span class="na">changed=</span><span class="s">&quot;1&quot;</span> <span class="na">churn=</span><span class="s">&quot;27&quot;</span> <span class="nt">/&gt;</span></div><div class='line' id='LC1778'>&nbsp;&nbsp;&nbsp;&nbsp;&nbsp;&nbsp;&nbsp;&nbsp;&nbsp;&nbsp;&nbsp;&nbsp;&nbsp;&nbsp;<span class="nt">&lt;version</span> <span class="na">num=</span><span class="s">&quot;283&quot;</span> <span class="na">curr_loc=</span><span class="s">&quot;27&quot;</span> <span class="na">changed=</span><span class="s">&quot;1&quot;</span> <span class="na">churn=</span><span class="s">&quot;27&quot;</span> <span class="nt">/&gt;</span></div><div class='line' id='LC1779'>&nbsp;&nbsp;&nbsp;&nbsp;&nbsp;&nbsp;&nbsp;&nbsp;&nbsp;&nbsp;&nbsp;&nbsp;<span class="nt">&lt;/class&gt;</span></div><div class='line' id='LC1780'>&nbsp;&nbsp;&nbsp;&nbsp;&nbsp;&nbsp;&nbsp;&nbsp;&nbsp;&nbsp;&nbsp;&nbsp;<span class="nt">&lt;class</span> <span class="na">name=</span><span class="s">&quot;InitializationErrorForwardCompatibilityTest&quot;</span> <span class="na">type=</span><span class="s">&quot;ConcreteClass&quot;</span> <span class="na">maxLoc=</span><span class="s">&quot;100&quot;</span><span class="nt">&gt;</span></div><div class='line' id='LC1781'>&nbsp;&nbsp;&nbsp;&nbsp;&nbsp;&nbsp;&nbsp;&nbsp;&nbsp;&nbsp;&nbsp;&nbsp;&nbsp;&nbsp;<span class="nt">&lt;version</span> <span class="na">num=</span><span class="s">&quot;344&quot;</span> <span class="na">curr_loc=</span><span class="s">&quot;100&quot;</span> <span class="na">changed=</span><span class="s">&quot;1&quot;</span> <span class="na">churn=</span><span class="s">&quot;100&quot;</span> <span class="nt">/&gt;</span></div><div class='line' id='LC1782'>&nbsp;&nbsp;&nbsp;&nbsp;&nbsp;&nbsp;&nbsp;&nbsp;&nbsp;&nbsp;&nbsp;&nbsp;&nbsp;&nbsp;<span class="nt">&lt;version</span> <span class="na">num=</span><span class="s">&quot;350&quot;</span> <span class="na">curr_loc=</span><span class="s">&quot;100&quot;</span> <span class="na">changed=</span><span class="s">&quot;1&quot;</span> <span class="na">churn=</span><span class="s">&quot;100&quot;</span> <span class="nt">/&gt;</span></div><div class='line' id='LC1783'>&nbsp;&nbsp;&nbsp;&nbsp;&nbsp;&nbsp;&nbsp;&nbsp;&nbsp;&nbsp;&nbsp;&nbsp;<span class="nt">&lt;/class&gt;</span></div><div class='line' id='LC1784'>&nbsp;&nbsp;&nbsp;&nbsp;&nbsp;&nbsp;&nbsp;&nbsp;&nbsp;&nbsp;&nbsp;&nbsp;<span class="nt">&lt;class</span> <span class="na">name=</span><span class="s">&quot;ClassRequestTest&quot;</span> <span class="na">type=</span><span class="s">&quot;ConcreteClass&quot;</span> <span class="na">maxLoc=</span><span class="s">&quot;20&quot;</span><span class="nt">&gt;</span></div><div class='line' id='LC1785'>&nbsp;&nbsp;&nbsp;&nbsp;&nbsp;&nbsp;&nbsp;&nbsp;&nbsp;&nbsp;&nbsp;&nbsp;&nbsp;&nbsp;<span class="nt">&lt;version</span> <span class="na">num=</span><span class="s">&quot;369&quot;</span> <span class="na">curr_loc=</span><span class="s">&quot;19&quot;</span> <span class="na">changed=</span><span class="s">&quot;1&quot;</span> <span class="na">churn=</span><span class="s">&quot;19&quot;</span> <span class="nt">/&gt;</span></div><div class='line' id='LC1786'>&nbsp;&nbsp;&nbsp;&nbsp;&nbsp;&nbsp;&nbsp;&nbsp;&nbsp;&nbsp;&nbsp;&nbsp;&nbsp;&nbsp;<span class="nt">&lt;version</span> <span class="na">num=</span><span class="s">&quot;383&quot;</span> <span class="na">curr_loc=</span><span class="s">&quot;20&quot;</span> <span class="na">changed=</span><span class="s">&quot;1&quot;</span> <span class="na">churn=</span><span class="s">&quot;20&quot;</span> <span class="nt">/&gt;</span></div><div class='line' id='LC1787'>&nbsp;&nbsp;&nbsp;&nbsp;&nbsp;&nbsp;&nbsp;&nbsp;&nbsp;&nbsp;&nbsp;&nbsp;<span class="nt">&lt;/class&gt;</span></div><div class='line' id='LC1788'>&nbsp;&nbsp;&nbsp;&nbsp;&nbsp;&nbsp;&nbsp;&nbsp;&nbsp;&nbsp;<span class="nt">&lt;/package&gt;</span></div><div class='line' id='LC1789'>&nbsp;&nbsp;&nbsp;&nbsp;&nbsp;&nbsp;&nbsp;&nbsp;&nbsp;&nbsp;<span class="nt">&lt;package</span> <span class="na">name=</span><span class="s">&quot;listening&quot;</span><span class="nt">&gt;</span></div><div class='line' id='LC1790'>&nbsp;&nbsp;&nbsp;&nbsp;&nbsp;&nbsp;&nbsp;&nbsp;&nbsp;&nbsp;&nbsp;&nbsp;<span class="nt">&lt;class</span> <span class="na">name=</span><span class="s">&quot;TestListenerTest&quot;</span> <span class="na">type=</span><span class="s">&quot;ConcreteClass&quot;</span> <span class="na">maxLoc=</span><span class="s">&quot;81&quot;</span><span class="nt">&gt;</span></div><div class='line' id='LC1791'>&nbsp;&nbsp;&nbsp;&nbsp;&nbsp;&nbsp;&nbsp;&nbsp;&nbsp;&nbsp;&nbsp;&nbsp;&nbsp;&nbsp;<span class="nt">&lt;version</span> <span class="na">num=</span><span class="s">&quot;54&quot;</span> <span class="na">curr_loc=</span><span class="s">&quot;63&quot;</span> <span class="na">changed=</span><span class="s">&quot;1&quot;</span> <span class="na">churn=</span><span class="s">&quot;63&quot;</span> <span class="nt">/&gt;</span></div><div class='line' id='LC1792'>&nbsp;&nbsp;&nbsp;&nbsp;&nbsp;&nbsp;&nbsp;&nbsp;&nbsp;&nbsp;&nbsp;&nbsp;&nbsp;&nbsp;<span class="nt">&lt;version</span> <span class="na">num=</span><span class="s">&quot;62&quot;</span> <span class="na">curr_loc=</span><span class="s">&quot;63&quot;</span> <span class="na">changed=</span><span class="s">&quot;1&quot;</span> <span class="na">churn=</span><span class="s">&quot;63&quot;</span> <span class="nt">/&gt;</span></div><div class='line' id='LC1793'>&nbsp;&nbsp;&nbsp;&nbsp;&nbsp;&nbsp;&nbsp;&nbsp;&nbsp;&nbsp;&nbsp;&nbsp;&nbsp;&nbsp;<span class="nt">&lt;version</span> <span class="na">num=</span><span class="s">&quot;72&quot;</span> <span class="na">curr_loc=</span><span class="s">&quot;81&quot;</span> <span class="na">changed=</span><span class="s">&quot;1&quot;</span> <span class="na">churn=</span><span class="s">&quot;81&quot;</span> <span class="nt">/&gt;</span></div><div class='line' id='LC1794'>&nbsp;&nbsp;&nbsp;&nbsp;&nbsp;&nbsp;&nbsp;&nbsp;&nbsp;&nbsp;&nbsp;&nbsp;<span class="nt">&lt;/class&gt;</span></div><div class='line' id='LC1795'>&nbsp;&nbsp;&nbsp;&nbsp;&nbsp;&nbsp;&nbsp;&nbsp;&nbsp;&nbsp;&nbsp;&nbsp;<span class="nt">&lt;class</span> <span class="na">name=</span><span class="s">&quot;TextListenerTest&quot;</span> <span class="na">type=</span><span class="s">&quot;ConcreteClass&quot;</span> <span class="na">maxLoc=</span><span class="s">&quot;95&quot;</span><span class="nt">&gt;</span></div><div class='line' id='LC1796'>&nbsp;&nbsp;&nbsp;&nbsp;&nbsp;&nbsp;&nbsp;&nbsp;&nbsp;&nbsp;&nbsp;&nbsp;&nbsp;&nbsp;<span class="nt">&lt;version</span> <span class="na">num=</span><span class="s">&quot;308&quot;</span> <span class="na">curr_loc=</span><span class="s">&quot;65&quot;</span> <span class="na">changed=</span><span class="s">&quot;1&quot;</span> <span class="na">churn=</span><span class="s">&quot;65&quot;</span> <span class="nt">/&gt;</span></div><div class='line' id='LC1797'>&nbsp;&nbsp;&nbsp;&nbsp;&nbsp;&nbsp;&nbsp;&nbsp;&nbsp;&nbsp;&nbsp;&nbsp;&nbsp;&nbsp;<span class="nt">&lt;version</span> <span class="na">num=</span><span class="s">&quot;318&quot;</span> <span class="na">curr_loc=</span><span class="s">&quot;68&quot;</span> <span class="na">changed=</span><span class="s">&quot;1&quot;</span> <span class="na">churn=</span><span class="s">&quot;68&quot;</span> <span class="nt">/&gt;</span></div><div class='line' id='LC1798'>&nbsp;&nbsp;&nbsp;&nbsp;&nbsp;&nbsp;&nbsp;&nbsp;&nbsp;&nbsp;&nbsp;&nbsp;&nbsp;&nbsp;<span class="nt">&lt;version</span> <span class="na">num=</span><span class="s">&quot;367&quot;</span> <span class="na">curr_loc=</span><span class="s">&quot;74&quot;</span> <span class="na">changed=</span><span class="s">&quot;1&quot;</span> <span class="na">churn=</span><span class="s">&quot;74&quot;</span> <span class="nt">/&gt;</span></div><div class='line' id='LC1799'>&nbsp;&nbsp;&nbsp;&nbsp;&nbsp;&nbsp;&nbsp;&nbsp;&nbsp;&nbsp;&nbsp;&nbsp;&nbsp;&nbsp;<span class="nt">&lt;version</span> <span class="na">num=</span><span class="s">&quot;369&quot;</span> <span class="na">curr_loc=</span><span class="s">&quot;95&quot;</span> <span class="na">changed=</span><span class="s">&quot;1&quot;</span> <span class="na">churn=</span><span class="s">&quot;95&quot;</span> <span class="nt">/&gt;</span></div><div class='line' id='LC1800'>&nbsp;&nbsp;&nbsp;&nbsp;&nbsp;&nbsp;&nbsp;&nbsp;&nbsp;&nbsp;&nbsp;&nbsp;&nbsp;&nbsp;<span class="nt">&lt;version</span> <span class="na">num=</span><span class="s">&quot;398&quot;</span> <span class="na">curr_loc=</span><span class="s">&quot;95&quot;</span> <span class="na">changed=</span><span class="s">&quot;1&quot;</span> <span class="na">churn=</span><span class="s">&quot;95&quot;</span> <span class="nt">/&gt;</span></div><div class='line' id='LC1801'>&nbsp;&nbsp;&nbsp;&nbsp;&nbsp;&nbsp;&nbsp;&nbsp;&nbsp;&nbsp;&nbsp;&nbsp;&nbsp;&nbsp;<span class="nt">&lt;version</span> <span class="na">num=</span><span class="s">&quot;415&quot;</span> <span class="na">curr_loc=</span><span class="s">&quot;95&quot;</span> <span class="na">changed=</span><span class="s">&quot;1&quot;</span> <span class="na">churn=</span><span class="s">&quot;95&quot;</span> <span class="nt">/&gt;</span></div><div class='line' id='LC1802'>&nbsp;&nbsp;&nbsp;&nbsp;&nbsp;&nbsp;&nbsp;&nbsp;&nbsp;&nbsp;&nbsp;&nbsp;<span class="nt">&lt;/class&gt;</span></div><div class='line' id='LC1803'>&nbsp;&nbsp;&nbsp;&nbsp;&nbsp;&nbsp;&nbsp;&nbsp;&nbsp;&nbsp;&nbsp;&nbsp;<span class="nt">&lt;class</span> <span class="na">name=</span><span class="s">&quot;ResultTest&quot;</span> <span class="na">type=</span><span class="s">&quot;ConcreteClass&quot;</span> <span class="na">maxLoc=</span><span class="s">&quot;20&quot;</span><span class="nt">&gt;</span></div><div class='line' id='LC1804'>&nbsp;&nbsp;&nbsp;&nbsp;&nbsp;&nbsp;&nbsp;&nbsp;&nbsp;&nbsp;&nbsp;&nbsp;&nbsp;&nbsp;<span class="nt">&lt;version</span> <span class="na">num=</span><span class="s">&quot;335&quot;</span> <span class="na">curr_loc=</span><span class="s">&quot;20&quot;</span> <span class="na">changed=</span><span class="s">&quot;1&quot;</span> <span class="na">churn=</span><span class="s">&quot;20&quot;</span> <span class="nt">/&gt;</span></div><div class='line' id='LC1805'>&nbsp;&nbsp;&nbsp;&nbsp;&nbsp;&nbsp;&nbsp;&nbsp;&nbsp;&nbsp;&nbsp;&nbsp;&nbsp;&nbsp;<span class="nt">&lt;version</span> <span class="na">num=</span><span class="s">&quot;367&quot;</span> <span class="na">curr_loc=</span><span class="s">&quot;20&quot;</span> <span class="na">changed=</span><span class="s">&quot;1&quot;</span> <span class="na">churn=</span><span class="s">&quot;20&quot;</span> <span class="nt">/&gt;</span></div><div class='line' id='LC1806'>&nbsp;&nbsp;&nbsp;&nbsp;&nbsp;&nbsp;&nbsp;&nbsp;&nbsp;&nbsp;&nbsp;&nbsp;&nbsp;&nbsp;<span class="nt">&lt;version</span> <span class="na">num=</span><span class="s">&quot;382&quot;</span> <span class="na">curr_loc=</span><span class="s">&quot;20&quot;</span> <span class="na">changed=</span><span class="s">&quot;1&quot;</span> <span class="na">churn=</span><span class="s">&quot;20&quot;</span> <span class="nt">/&gt;</span></div><div class='line' id='LC1807'>&nbsp;&nbsp;&nbsp;&nbsp;&nbsp;&nbsp;&nbsp;&nbsp;&nbsp;&nbsp;&nbsp;&nbsp;&nbsp;&nbsp;<span class="nt">&lt;version</span> <span class="na">num=</span><span class="s">&quot;398&quot;</span> <span class="na">curr_loc=</span><span class="s">&quot;20&quot;</span> <span class="na">changed=</span><span class="s">&quot;1&quot;</span> <span class="na">churn=</span><span class="s">&quot;20&quot;</span> <span class="nt">/&gt;</span></div><div class='line' id='LC1808'>&nbsp;&nbsp;&nbsp;&nbsp;&nbsp;&nbsp;&nbsp;&nbsp;&nbsp;&nbsp;&nbsp;&nbsp;&nbsp;&nbsp;<span class="nt">&lt;version</span> <span class="na">num=</span><span class="s">&quot;428&quot;</span> <span class="na">curr_loc=</span><span class="s">&quot;20&quot;</span> <span class="na">changed=</span><span class="s">&quot;1&quot;</span> <span class="na">churn=</span><span class="s">&quot;20&quot;</span> <span class="nt">/&gt;</span></div><div class='line' id='LC1809'>&nbsp;&nbsp;&nbsp;&nbsp;&nbsp;&nbsp;&nbsp;&nbsp;&nbsp;&nbsp;&nbsp;&nbsp;<span class="nt">&lt;/class&gt;</span></div><div class='line' id='LC1810'>&nbsp;&nbsp;&nbsp;&nbsp;&nbsp;&nbsp;&nbsp;&nbsp;&nbsp;&nbsp;<span class="nt">&lt;/package&gt;</span></div><div class='line' id='LC1811'>&nbsp;&nbsp;&nbsp;&nbsp;&nbsp;&nbsp;&nbsp;&nbsp;&nbsp;&nbsp;<span class="nt">&lt;class</span> <span class="na">name=</span><span class="s">&quot;SafeStatement&quot;</span> <span class="na">type=</span><span class="s">&quot;Interface&quot;</span> <span class="na">maxLoc=</span><span class="s">&quot;8&quot;</span><span class="nt">&gt;</span></div><div class='line' id='LC1812'>&nbsp;&nbsp;&nbsp;&nbsp;&nbsp;&nbsp;&nbsp;&nbsp;&nbsp;&nbsp;&nbsp;&nbsp;<span class="nt">&lt;version</span> <span class="na">num=</span><span class="s">&quot;209&quot;</span> <span class="na">curr_loc=</span><span class="s">&quot;8&quot;</span> <span class="na">changed=</span><span class="s">&quot;1&quot;</span> <span class="na">churn=</span><span class="s">&quot;8&quot;</span> <span class="nt">/&gt;</span></div><div class='line' id='LC1813'>&nbsp;&nbsp;&nbsp;&nbsp;&nbsp;&nbsp;&nbsp;&nbsp;&nbsp;&nbsp;&nbsp;&nbsp;<span class="nt">&lt;version</span> <span class="na">num=</span><span class="s">&quot;217&quot;</span> <span class="na">curr_loc=</span><span class="s">&quot;8&quot;</span> <span class="na">changed=</span><span class="s">&quot;1&quot;</span> <span class="na">churn=</span><span class="s">&quot;8&quot;</span> <span class="nt">/&gt;</span></div><div class='line' id='LC1814'>&nbsp;&nbsp;&nbsp;&nbsp;&nbsp;&nbsp;&nbsp;&nbsp;&nbsp;&nbsp;<span class="nt">&lt;/class&gt;</span></div><div class='line' id='LC1815'>&nbsp;&nbsp;&nbsp;&nbsp;&nbsp;&nbsp;&nbsp;&nbsp;&nbsp;&nbsp;<span class="nt">&lt;package</span> <span class="na">name=</span><span class="s">&quot;validation&quot;</span><span class="nt">&gt;</span></div><div class='line' id='LC1816'>&nbsp;&nbsp;&nbsp;&nbsp;&nbsp;&nbsp;&nbsp;&nbsp;&nbsp;&nbsp;&nbsp;&nbsp;<span class="nt">&lt;class</span> <span class="na">name=</span><span class="s">&quot;BadlyFormedClassesTest&quot;</span> <span class="na">type=</span><span class="s">&quot;ConcreteClass&quot;</span> <span class="na">maxLoc=</span><span class="s">&quot;68&quot;</span><span class="nt">&gt;</span></div><div class='line' id='LC1817'>&nbsp;&nbsp;&nbsp;&nbsp;&nbsp;&nbsp;&nbsp;&nbsp;&nbsp;&nbsp;&nbsp;&nbsp;&nbsp;&nbsp;<span class="nt">&lt;version</span> <span class="na">num=</span><span class="s">&quot;304&quot;</span> <span class="na">curr_loc=</span><span class="s">&quot;68&quot;</span> <span class="na">changed=</span><span class="s">&quot;1&quot;</span> <span class="na">churn=</span><span class="s">&quot;68&quot;</span> <span class="nt">/&gt;</span></div><div class='line' id='LC1818'>&nbsp;&nbsp;&nbsp;&nbsp;&nbsp;&nbsp;&nbsp;&nbsp;&nbsp;&nbsp;&nbsp;&nbsp;&nbsp;&nbsp;<span class="nt">&lt;version</span> <span class="na">num=</span><span class="s">&quot;315&quot;</span> <span class="na">curr_loc=</span><span class="s">&quot;67&quot;</span> <span class="na">changed=</span><span class="s">&quot;1&quot;</span> <span class="na">churn=</span><span class="s">&quot;69&quot;</span> <span class="nt">/&gt;</span></div><div class='line' id='LC1819'>&nbsp;&nbsp;&nbsp;&nbsp;&nbsp;&nbsp;&nbsp;&nbsp;&nbsp;&nbsp;&nbsp;&nbsp;<span class="nt">&lt;/class&gt;</span></div><div class='line' id='LC1820'>&nbsp;&nbsp;&nbsp;&nbsp;&nbsp;&nbsp;&nbsp;&nbsp;&nbsp;&nbsp;&nbsp;&nbsp;<span class="nt">&lt;class</span> <span class="na">name=</span><span class="s">&quot;InaccessibleBaseClassTest&quot;</span> <span class="na">type=</span><span class="s">&quot;ConcreteClass&quot;</span> <span class="na">maxLoc=</span><span class="s">&quot;20&quot;</span><span class="nt">&gt;</span></div><div class='line' id='LC1821'>&nbsp;&nbsp;&nbsp;&nbsp;&nbsp;&nbsp;&nbsp;&nbsp;&nbsp;&nbsp;&nbsp;&nbsp;&nbsp;&nbsp;<span class="nt">&lt;version</span> <span class="na">num=</span><span class="s">&quot;308&quot;</span> <span class="na">curr_loc=</span><span class="s">&quot;13&quot;</span> <span class="na">changed=</span><span class="s">&quot;1&quot;</span> <span class="na">churn=</span><span class="s">&quot;13&quot;</span> <span class="nt">/&gt;</span></div><div class='line' id='LC1822'>&nbsp;&nbsp;&nbsp;&nbsp;&nbsp;&nbsp;&nbsp;&nbsp;&nbsp;&nbsp;&nbsp;&nbsp;&nbsp;&nbsp;<span class="nt">&lt;version</span> <span class="na">num=</span><span class="s">&quot;327&quot;</span> <span class="na">curr_loc=</span><span class="s">&quot;19&quot;</span> <span class="na">changed=</span><span class="s">&quot;1&quot;</span> <span class="na">churn=</span><span class="s">&quot;19&quot;</span> <span class="nt">/&gt;</span></div><div class='line' id='LC1823'>&nbsp;&nbsp;&nbsp;&nbsp;&nbsp;&nbsp;&nbsp;&nbsp;&nbsp;&nbsp;&nbsp;&nbsp;&nbsp;&nbsp;<span class="nt">&lt;version</span> <span class="na">num=</span><span class="s">&quot;331&quot;</span> <span class="na">curr_loc=</span><span class="s">&quot;20&quot;</span> <span class="na">changed=</span><span class="s">&quot;1&quot;</span> <span class="na">churn=</span><span class="s">&quot;20&quot;</span> <span class="nt">/&gt;</span></div><div class='line' id='LC1824'>&nbsp;&nbsp;&nbsp;&nbsp;&nbsp;&nbsp;&nbsp;&nbsp;&nbsp;&nbsp;&nbsp;&nbsp;<span class="nt">&lt;/class&gt;</span></div><div class='line' id='LC1825'>&nbsp;&nbsp;&nbsp;&nbsp;&nbsp;&nbsp;&nbsp;&nbsp;&nbsp;&nbsp;&nbsp;&nbsp;<span class="nt">&lt;class</span> <span class="na">name=</span><span class="s">&quot;ValidationTest&quot;</span> <span class="na">type=</span><span class="s">&quot;ConcreteClass&quot;</span> <span class="na">maxLoc=</span><span class="s">&quot;34&quot;</span><span class="nt">&gt;</span></div><div class='line' id='LC1826'>&nbsp;&nbsp;&nbsp;&nbsp;&nbsp;&nbsp;&nbsp;&nbsp;&nbsp;&nbsp;&nbsp;&nbsp;&nbsp;&nbsp;<span class="nt">&lt;version</span> <span class="na">num=</span><span class="s">&quot;310&quot;</span> <span class="na">curr_loc=</span><span class="s">&quot;34&quot;</span> <span class="na">changed=</span><span class="s">&quot;1&quot;</span> <span class="na">churn=</span><span class="s">&quot;34&quot;</span> <span class="nt">/&gt;</span></div><div class='line' id='LC1827'>&nbsp;&nbsp;&nbsp;&nbsp;&nbsp;&nbsp;&nbsp;&nbsp;&nbsp;&nbsp;&nbsp;&nbsp;&nbsp;&nbsp;<span class="nt">&lt;version</span> <span class="na">num=</span><span class="s">&quot;317&quot;</span> <span class="na">curr_loc=</span><span class="s">&quot;34&quot;</span> <span class="na">changed=</span><span class="s">&quot;1&quot;</span> <span class="na">churn=</span><span class="s">&quot;34&quot;</span> <span class="nt">/&gt;</span></div><div class='line' id='LC1828'>&nbsp;&nbsp;&nbsp;&nbsp;&nbsp;&nbsp;&nbsp;&nbsp;&nbsp;&nbsp;&nbsp;&nbsp;<span class="nt">&lt;/class&gt;</span></div><div class='line' id='LC1829'>&nbsp;&nbsp;&nbsp;&nbsp;&nbsp;&nbsp;&nbsp;&nbsp;&nbsp;&nbsp;<span class="nt">&lt;/package&gt;</span></div><div class='line' id='LC1830'>&nbsp;&nbsp;&nbsp;&nbsp;&nbsp;&nbsp;&nbsp;&nbsp;&nbsp;&nbsp;<span class="nt">&lt;package</span> <span class="na">name=</span><span class="s">&quot;extension&quot;</span><span class="nt">&gt;</span></div><div class='line' id='LC1831'>&nbsp;&nbsp;&nbsp;&nbsp;&nbsp;&nbsp;&nbsp;&nbsp;&nbsp;&nbsp;&nbsp;&nbsp;<span class="nt">&lt;class</span> <span class="na">name=</span><span class="s">&quot;TestMethodInterfaceTest&quot;</span> <span class="na">type=</span><span class="s">&quot;ConcreteClass&quot;</span> <span class="na">maxLoc=</span><span class="s">&quot;33&quot;</span><span class="nt">&gt;</span></div><div class='line' id='LC1832'>&nbsp;&nbsp;&nbsp;&nbsp;&nbsp;&nbsp;&nbsp;&nbsp;&nbsp;&nbsp;&nbsp;&nbsp;&nbsp;&nbsp;<span class="nt">&lt;version</span> <span class="na">num=</span><span class="s">&quot;335&quot;</span> <span class="na">curr_loc=</span><span class="s">&quot;33&quot;</span> <span class="na">changed=</span><span class="s">&quot;1&quot;</span> <span class="na">churn=</span><span class="s">&quot;33&quot;</span> <span class="nt">/&gt;</span></div><div class='line' id='LC1833'>&nbsp;&nbsp;&nbsp;&nbsp;&nbsp;&nbsp;&nbsp;&nbsp;&nbsp;&nbsp;&nbsp;&nbsp;&nbsp;&nbsp;<span class="nt">&lt;version</span> <span class="na">num=</span><span class="s">&quot;370&quot;</span> <span class="na">curr_loc=</span><span class="s">&quot;33&quot;</span> <span class="na">changed=</span><span class="s">&quot;1&quot;</span> <span class="na">churn=</span><span class="s">&quot;33&quot;</span> <span class="nt">/&gt;</span></div><div class='line' id='LC1834'>&nbsp;&nbsp;&nbsp;&nbsp;&nbsp;&nbsp;&nbsp;&nbsp;&nbsp;&nbsp;&nbsp;&nbsp;&nbsp;&nbsp;<span class="nt">&lt;version</span> <span class="na">num=</span><span class="s">&quot;430&quot;</span> <span class="na">curr_loc=</span><span class="s">&quot;33&quot;</span> <span class="na">changed=</span><span class="s">&quot;1&quot;</span> <span class="na">churn=</span><span class="s">&quot;33&quot;</span> <span class="nt">/&gt;</span></div><div class='line' id='LC1835'>&nbsp;&nbsp;&nbsp;&nbsp;&nbsp;&nbsp;&nbsp;&nbsp;&nbsp;&nbsp;&nbsp;&nbsp;<span class="nt">&lt;/class&gt;</span></div><div class='line' id='LC1836'>&nbsp;&nbsp;&nbsp;&nbsp;&nbsp;&nbsp;&nbsp;&nbsp;&nbsp;&nbsp;&nbsp;&nbsp;<span class="nt">&lt;class</span> <span class="na">name=</span><span class="s">&quot;CompositeRunnerTest&quot;</span> <span class="na">type=</span><span class="s">&quot;ConcreteClass&quot;</span> <span class="na">maxLoc=</span><span class="s">&quot;29&quot;</span><span class="nt">&gt;</span></div><div class='line' id='LC1837'>&nbsp;&nbsp;&nbsp;&nbsp;&nbsp;&nbsp;&nbsp;&nbsp;&nbsp;&nbsp;&nbsp;&nbsp;&nbsp;&nbsp;<span class="nt">&lt;version</span> <span class="na">num=</span><span class="s">&quot;397&quot;</span> <span class="na">curr_loc=</span><span class="s">&quot;29&quot;</span> <span class="na">changed=</span><span class="s">&quot;1&quot;</span> <span class="na">churn=</span><span class="s">&quot;29&quot;</span> <span class="nt">/&gt;</span></div><div class='line' id='LC1838'>&nbsp;&nbsp;&nbsp;&nbsp;&nbsp;&nbsp;&nbsp;&nbsp;&nbsp;&nbsp;&nbsp;&nbsp;<span class="nt">&lt;/class&gt;</span></div><div class='line' id='LC1839'>&nbsp;&nbsp;&nbsp;&nbsp;&nbsp;&nbsp;&nbsp;&nbsp;&nbsp;&nbsp;<span class="nt">&lt;/package&gt;</span></div><div class='line' id='LC1840'>&nbsp;&nbsp;&nbsp;&nbsp;&nbsp;&nbsp;&nbsp;&nbsp;&nbsp;&nbsp;<span class="nt">&lt;class</span> <span class="na">name=</span><span class="s">&quot;ObjectContractTest&quot;</span> <span class="na">type=</span><span class="s">&quot;ConcreteClass&quot;</span> <span class="na">maxLoc=</span><span class="s">&quot;46&quot;</span><span class="nt">&gt;</span></div><div class='line' id='LC1841'>&nbsp;&nbsp;&nbsp;&nbsp;&nbsp;&nbsp;&nbsp;&nbsp;&nbsp;&nbsp;&nbsp;&nbsp;<span class="nt">&lt;version</span> <span class="na">num=</span><span class="s">&quot;336&quot;</span> <span class="na">curr_loc=</span><span class="s">&quot;46&quot;</span> <span class="na">changed=</span><span class="s">&quot;1&quot;</span> <span class="na">churn=</span><span class="s">&quot;46&quot;</span> <span class="nt">/&gt;</span></div><div class='line' id='LC1842'>&nbsp;&nbsp;&nbsp;&nbsp;&nbsp;&nbsp;&nbsp;&nbsp;&nbsp;&nbsp;&nbsp;&nbsp;<span class="nt">&lt;version</span> <span class="na">num=</span><span class="s">&quot;337&quot;</span> <span class="na">curr_loc=</span><span class="s">&quot;46&quot;</span> <span class="na">changed=</span><span class="s">&quot;1&quot;</span> <span class="na">churn=</span><span class="s">&quot;46&quot;</span> <span class="nt">/&gt;</span></div><div class='line' id='LC1843'>&nbsp;&nbsp;&nbsp;&nbsp;&nbsp;&nbsp;&nbsp;&nbsp;&nbsp;&nbsp;&nbsp;&nbsp;<span class="nt">&lt;version</span> <span class="na">num=</span><span class="s">&quot;407&quot;</span> <span class="na">curr_loc=</span><span class="s">&quot;46&quot;</span> <span class="na">changed=</span><span class="s">&quot;1&quot;</span> <span class="na">churn=</span><span class="s">&quot;46&quot;</span> <span class="nt">/&gt;</span></div><div class='line' id='LC1844'>&nbsp;&nbsp;&nbsp;&nbsp;&nbsp;&nbsp;&nbsp;&nbsp;&nbsp;&nbsp;<span class="nt">&lt;/class&gt;</span></div><div class='line' id='LC1845'>&nbsp;&nbsp;&nbsp;&nbsp;&nbsp;&nbsp;&nbsp;&nbsp;&nbsp;&nbsp;<span class="nt">&lt;package</span> <span class="na">name=</span><span class="s">&quot;deprecated&quot;</span><span class="nt">&gt;</span></div><div class='line' id='LC1846'>&nbsp;&nbsp;&nbsp;&nbsp;&nbsp;&nbsp;&nbsp;&nbsp;&nbsp;&nbsp;&nbsp;&nbsp;<span class="nt">&lt;class</span> <span class="na">name=</span><span class="s">&quot;JUnit4ClassRunnerTest&quot;</span> <span class="na">type=</span><span class="s">&quot;ConcreteClass&quot;</span> <span class="na">maxLoc=</span><span class="s">&quot;54&quot;</span><span class="nt">&gt;</span></div><div class='line' id='LC1847'>&nbsp;&nbsp;&nbsp;&nbsp;&nbsp;&nbsp;&nbsp;&nbsp;&nbsp;&nbsp;&nbsp;&nbsp;&nbsp;&nbsp;<span class="nt">&lt;version</span> <span class="na">num=</span><span class="s">&quot;336&quot;</span> <span class="na">curr_loc=</span><span class="s">&quot;54&quot;</span> <span class="na">changed=</span><span class="s">&quot;1&quot;</span> <span class="na">churn=</span><span class="s">&quot;54&quot;</span> <span class="nt">/&gt;</span></div><div class='line' id='LC1848'>&nbsp;&nbsp;&nbsp;&nbsp;&nbsp;&nbsp;&nbsp;&nbsp;&nbsp;&nbsp;&nbsp;&nbsp;&nbsp;&nbsp;<span class="nt">&lt;version</span> <span class="na">num=</span><span class="s">&quot;347&quot;</span> <span class="na">curr_loc=</span><span class="s">&quot;52&quot;</span> <span class="na">changed=</span><span class="s">&quot;1&quot;</span> <span class="na">churn=</span><span class="s">&quot;56&quot;</span> <span class="nt">/&gt;</span></div><div class='line' id='LC1849'>&nbsp;&nbsp;&nbsp;&nbsp;&nbsp;&nbsp;&nbsp;&nbsp;&nbsp;&nbsp;&nbsp;&nbsp;&nbsp;&nbsp;<span class="nt">&lt;version</span> <span class="na">num=</span><span class="s">&quot;350&quot;</span> <span class="na">curr_loc=</span><span class="s">&quot;51&quot;</span> <span class="na">changed=</span><span class="s">&quot;1&quot;</span> <span class="na">churn=</span><span class="s">&quot;57&quot;</span> <span class="nt">/&gt;</span></div><div class='line' id='LC1850'>&nbsp;&nbsp;&nbsp;&nbsp;&nbsp;&nbsp;&nbsp;&nbsp;&nbsp;&nbsp;&nbsp;&nbsp;<span class="nt">&lt;/class&gt;</span></div><div class='line' id='LC1851'>&nbsp;&nbsp;&nbsp;&nbsp;&nbsp;&nbsp;&nbsp;&nbsp;&nbsp;&nbsp;<span class="nt">&lt;/package&gt;</span></div><div class='line' id='LC1852'>&nbsp;&nbsp;&nbsp;&nbsp;&nbsp;&nbsp;&nbsp;&nbsp;<span class="nt">&lt;/package&gt;</span></div><div class='line' id='LC1853'>&nbsp;&nbsp;&nbsp;&nbsp;&nbsp;&nbsp;&nbsp;&nbsp;<span class="nt">&lt;package</span> <span class="na">name=</span><span class="s">&quot;matchers&quot;</span><span class="nt">&gt;</span></div><div class='line' id='LC1854'>&nbsp;&nbsp;&nbsp;&nbsp;&nbsp;&nbsp;&nbsp;&nbsp;&nbsp;&nbsp;<span class="nt">&lt;class</span> <span class="na">name=</span><span class="s">&quot;JUnitMatchers&quot;</span> <span class="na">type=</span><span class="s">&quot;ConcreteClass&quot;</span> <span class="na">maxLoc=</span><span class="s">&quot;141&quot;</span><span class="nt">&gt;</span></div><div class='line' id='LC1855'>&nbsp;&nbsp;&nbsp;&nbsp;&nbsp;&nbsp;&nbsp;&nbsp;&nbsp;&nbsp;&nbsp;&nbsp;<span class="nt">&lt;version</span> <span class="na">num=</span><span class="s">&quot;2&quot;</span> <span class="na">curr_loc=</span><span class="s">&quot;83&quot;</span> <span class="na">changed=</span><span class="s">&quot;1&quot;</span> <span class="na">churn=</span><span class="s">&quot;83&quot;</span> <span class="nt">/&gt;</span></div><div class='line' id='LC1856'>&nbsp;&nbsp;&nbsp;&nbsp;&nbsp;&nbsp;&nbsp;&nbsp;&nbsp;&nbsp;&nbsp;&nbsp;<span class="nt">&lt;version</span> <span class="na">num=</span><span class="s">&quot;121&quot;</span> <span class="na">curr_loc=</span><span class="s">&quot;83&quot;</span> <span class="na">changed=</span><span class="s">&quot;1&quot;</span> <span class="na">churn=</span><span class="s">&quot;83&quot;</span> <span class="nt">/&gt;</span></div><div class='line' id='LC1857'>&nbsp;&nbsp;&nbsp;&nbsp;&nbsp;&nbsp;&nbsp;&nbsp;&nbsp;&nbsp;&nbsp;&nbsp;<span class="nt">&lt;version</span> <span class="na">num=</span><span class="s">&quot;164&quot;</span> <span class="na">curr_loc=</span><span class="s">&quot;139&quot;</span> <span class="na">changed=</span><span class="s">&quot;1&quot;</span> <span class="na">churn=</span><span class="s">&quot;139&quot;</span> <span class="nt">/&gt;</span></div><div class='line' id='LC1858'>&nbsp;&nbsp;&nbsp;&nbsp;&nbsp;&nbsp;&nbsp;&nbsp;&nbsp;&nbsp;&nbsp;&nbsp;<span class="nt">&lt;version</span> <span class="na">num=</span><span class="s">&quot;167&quot;</span> <span class="na">curr_loc=</span><span class="s">&quot;140&quot;</span> <span class="na">changed=</span><span class="s">&quot;1&quot;</span> <span class="na">churn=</span><span class="s">&quot;140&quot;</span> <span class="nt">/&gt;</span></div><div class='line' id='LC1859'>&nbsp;&nbsp;&nbsp;&nbsp;&nbsp;&nbsp;&nbsp;&nbsp;&nbsp;&nbsp;&nbsp;&nbsp;<span class="nt">&lt;version</span> <span class="na">num=</span><span class="s">&quot;168&quot;</span> <span class="na">curr_loc=</span><span class="s">&quot;141&quot;</span> <span class="na">changed=</span><span class="s">&quot;1&quot;</span> <span class="na">churn=</span><span class="s">&quot;141&quot;</span> <span class="nt">/&gt;</span></div><div class='line' id='LC1860'>&nbsp;&nbsp;&nbsp;&nbsp;&nbsp;&nbsp;&nbsp;&nbsp;&nbsp;&nbsp;&nbsp;&nbsp;<span class="nt">&lt;version</span> <span class="na">num=</span><span class="s">&quot;169&quot;</span> <span class="na">curr_loc=</span><span class="s">&quot;139&quot;</span> <span class="na">changed=</span><span class="s">&quot;1&quot;</span> <span class="na">churn=</span><span class="s">&quot;143&quot;</span> <span class="nt">/&gt;</span></div><div class='line' id='LC1861'>&nbsp;&nbsp;&nbsp;&nbsp;&nbsp;&nbsp;&nbsp;&nbsp;&nbsp;&nbsp;&nbsp;&nbsp;<span class="nt">&lt;version</span> <span class="na">num=</span><span class="s">&quot;171&quot;</span> <span class="na">curr_loc=</span><span class="s">&quot;139&quot;</span> <span class="na">changed=</span><span class="s">&quot;1&quot;</span> <span class="na">churn=</span><span class="s">&quot;143&quot;</span> <span class="nt">/&gt;</span></div><div class='line' id='LC1862'>&nbsp;&nbsp;&nbsp;&nbsp;&nbsp;&nbsp;&nbsp;&nbsp;&nbsp;&nbsp;&nbsp;&nbsp;<span class="nt">&lt;version</span> <span class="na">num=</span><span class="s">&quot;172&quot;</span> <span class="na">curr_loc=</span><span class="s">&quot;139&quot;</span> <span class="na">changed=</span><span class="s">&quot;1&quot;</span> <span class="na">churn=</span><span class="s">&quot;143&quot;</span> <span class="nt">/&gt;</span></div><div class='line' id='LC1863'>&nbsp;&nbsp;&nbsp;&nbsp;&nbsp;&nbsp;&nbsp;&nbsp;&nbsp;&nbsp;&nbsp;&nbsp;<span class="nt">&lt;version</span> <span class="na">num=</span><span class="s">&quot;173&quot;</span> <span class="na">curr_loc=</span><span class="s">&quot;113&quot;</span> <span class="na">changed=</span><span class="s">&quot;1&quot;</span> <span class="na">churn=</span><span class="s">&quot;169&quot;</span> <span class="nt">/&gt;</span></div><div class='line' id='LC1864'>&nbsp;&nbsp;&nbsp;&nbsp;&nbsp;&nbsp;&nbsp;&nbsp;&nbsp;&nbsp;&nbsp;&nbsp;<span class="nt">&lt;version</span> <span class="na">num=</span><span class="s">&quot;174&quot;</span> <span class="na">curr_loc=</span><span class="s">&quot;117&quot;</span> <span class="na">changed=</span><span class="s">&quot;1&quot;</span> <span class="na">churn=</span><span class="s">&quot;173&quot;</span> <span class="nt">/&gt;</span></div><div class='line' id='LC1865'>&nbsp;&nbsp;&nbsp;&nbsp;&nbsp;&nbsp;&nbsp;&nbsp;&nbsp;&nbsp;&nbsp;&nbsp;<span class="nt">&lt;version</span> <span class="na">num=</span><span class="s">&quot;175&quot;</span> <span class="na">curr_loc=</span><span class="s">&quot;101&quot;</span> <span class="na">changed=</span><span class="s">&quot;1&quot;</span> <span class="na">churn=</span><span class="s">&quot;189&quot;</span> <span class="nt">/&gt;</span></div><div class='line' id='LC1866'>&nbsp;&nbsp;&nbsp;&nbsp;&nbsp;&nbsp;&nbsp;&nbsp;&nbsp;&nbsp;&nbsp;&nbsp;<span class="nt">&lt;version</span> <span class="na">num=</span><span class="s">&quot;177&quot;</span> <span class="na">curr_loc=</span><span class="s">&quot;139&quot;</span> <span class="na">changed=</span><span class="s">&quot;1&quot;</span> <span class="na">churn=</span><span class="s">&quot;227&quot;</span> <span class="nt">/&gt;</span></div><div class='line' id='LC1867'>&nbsp;&nbsp;&nbsp;&nbsp;&nbsp;&nbsp;&nbsp;&nbsp;&nbsp;&nbsp;&nbsp;&nbsp;<span class="nt">&lt;version</span> <span class="na">num=</span><span class="s">&quot;178&quot;</span> <span class="na">curr_loc=</span><span class="s">&quot;139&quot;</span> <span class="na">changed=</span><span class="s">&quot;1&quot;</span> <span class="na">churn=</span><span class="s">&quot;227&quot;</span> <span class="nt">/&gt;</span></div><div class='line' id='LC1868'>&nbsp;&nbsp;&nbsp;&nbsp;&nbsp;&nbsp;&nbsp;&nbsp;&nbsp;&nbsp;&nbsp;&nbsp;<span class="nt">&lt;version</span> <span class="na">num=</span><span class="s">&quot;179&quot;</span> <span class="na">curr_loc=</span><span class="s">&quot;113&quot;</span> <span class="na">changed=</span><span class="s">&quot;1&quot;</span> <span class="na">churn=</span><span class="s">&quot;253&quot;</span> <span class="nt">/&gt;</span></div><div class='line' id='LC1869'>&nbsp;&nbsp;&nbsp;&nbsp;&nbsp;&nbsp;&nbsp;&nbsp;&nbsp;&nbsp;&nbsp;&nbsp;<span class="nt">&lt;version</span> <span class="na">num=</span><span class="s">&quot;180&quot;</span> <span class="na">curr_loc=</span><span class="s">&quot;117&quot;</span> <span class="na">changed=</span><span class="s">&quot;1&quot;</span> <span class="na">churn=</span><span class="s">&quot;257&quot;</span> <span class="nt">/&gt;</span></div><div class='line' id='LC1870'>&nbsp;&nbsp;&nbsp;&nbsp;&nbsp;&nbsp;&nbsp;&nbsp;&nbsp;&nbsp;&nbsp;&nbsp;<span class="nt">&lt;version</span> <span class="na">num=</span><span class="s">&quot;181&quot;</span> <span class="na">curr_loc=</span><span class="s">&quot;101&quot;</span> <span class="na">changed=</span><span class="s">&quot;1&quot;</span> <span class="na">churn=</span><span class="s">&quot;273&quot;</span> <span class="nt">/&gt;</span></div><div class='line' id='LC1871'>&nbsp;&nbsp;&nbsp;&nbsp;&nbsp;&nbsp;&nbsp;&nbsp;&nbsp;&nbsp;&nbsp;&nbsp;<span class="nt">&lt;version</span> <span class="na">num=</span><span class="s">&quot;182&quot;</span> <span class="na">curr_loc=</span><span class="s">&quot;101&quot;</span> <span class="na">changed=</span><span class="s">&quot;1&quot;</span> <span class="na">churn=</span><span class="s">&quot;273&quot;</span> <span class="nt">/&gt;</span></div><div class='line' id='LC1872'>&nbsp;&nbsp;&nbsp;&nbsp;&nbsp;&nbsp;&nbsp;&nbsp;&nbsp;&nbsp;&nbsp;&nbsp;<span class="nt">&lt;version</span> <span class="na">num=</span><span class="s">&quot;184&quot;</span> <span class="na">curr_loc=</span><span class="s">&quot;101&quot;</span> <span class="na">changed=</span><span class="s">&quot;1&quot;</span> <span class="na">churn=</span><span class="s">&quot;273&quot;</span> <span class="nt">/&gt;</span></div><div class='line' id='LC1873'>&nbsp;&nbsp;&nbsp;&nbsp;&nbsp;&nbsp;&nbsp;&nbsp;&nbsp;&nbsp;&nbsp;&nbsp;<span class="nt">&lt;version</span> <span class="na">num=</span><span class="s">&quot;332&quot;</span> <span class="na">curr_loc=</span><span class="s">&quot;83&quot;</span> <span class="na">changed=</span><span class="s">&quot;1&quot;</span> <span class="na">churn=</span><span class="s">&quot;291&quot;</span> <span class="nt">/&gt;</span></div><div class='line' id='LC1874'>&nbsp;&nbsp;&nbsp;&nbsp;&nbsp;&nbsp;&nbsp;&nbsp;&nbsp;&nbsp;&nbsp;&nbsp;<span class="nt">&lt;version</span> <span class="na">num=</span><span class="s">&quot;351&quot;</span> <span class="na">curr_loc=</span><span class="s">&quot;83&quot;</span> <span class="na">changed=</span><span class="s">&quot;1&quot;</span> <span class="na">churn=</span><span class="s">&quot;291&quot;</span> <span class="nt">/&gt;</span></div><div class='line' id='LC1875'>&nbsp;&nbsp;&nbsp;&nbsp;&nbsp;&nbsp;&nbsp;&nbsp;&nbsp;&nbsp;&nbsp;&nbsp;<span class="nt">&lt;version</span> <span class="na">num=</span><span class="s">&quot;352&quot;</span> <span class="na">curr_loc=</span><span class="s">&quot;61&quot;</span> <span class="na">changed=</span><span class="s">&quot;1&quot;</span> <span class="na">churn=</span><span class="s">&quot;313&quot;</span> <span class="nt">/&gt;</span></div><div class='line' id='LC1876'>&nbsp;&nbsp;&nbsp;&nbsp;&nbsp;&nbsp;&nbsp;&nbsp;&nbsp;&nbsp;&nbsp;&nbsp;<span class="nt">&lt;version</span> <span class="na">num=</span><span class="s">&quot;361&quot;</span> <span class="na">curr_loc=</span><span class="s">&quot;45&quot;</span> <span class="na">changed=</span><span class="s">&quot;1&quot;</span> <span class="na">churn=</span><span class="s">&quot;329&quot;</span> <span class="nt">/&gt;</span></div><div class='line' id='LC1877'>&nbsp;&nbsp;&nbsp;&nbsp;&nbsp;&nbsp;&nbsp;&nbsp;&nbsp;&nbsp;&nbsp;&nbsp;<span class="nt">&lt;version</span> <span class="na">num=</span><span class="s">&quot;367&quot;</span> <span class="na">curr_loc=</span><span class="s">&quot;41&quot;</span> <span class="na">changed=</span><span class="s">&quot;1&quot;</span> <span class="na">churn=</span><span class="s">&quot;333&quot;</span> <span class="nt">/&gt;</span></div><div class='line' id='LC1878'>&nbsp;&nbsp;&nbsp;&nbsp;&nbsp;&nbsp;&nbsp;&nbsp;&nbsp;&nbsp;<span class="nt">&lt;/class&gt;</span></div><div class='line' id='LC1879'>&nbsp;&nbsp;&nbsp;&nbsp;&nbsp;&nbsp;&nbsp;&nbsp;&nbsp;&nbsp;<span class="nt">&lt;class</span> <span class="na">name=</span><span class="s">&quot;package-info&quot;</span> <span class="na">type=</span><span class="s">&quot;ConcreteClass&quot;</span> <span class="na">maxLoc=</span><span class="s">&quot;9&quot;</span><span class="nt">&gt;</span></div><div class='line' id='LC1880'>&nbsp;&nbsp;&nbsp;&nbsp;&nbsp;&nbsp;&nbsp;&nbsp;&nbsp;&nbsp;&nbsp;&nbsp;<span class="nt">&lt;version</span> <span class="na">num=</span><span class="s">&quot;86&quot;</span> <span class="na">curr_loc=</span><span class="s">&quot;9&quot;</span> <span class="na">changed=</span><span class="s">&quot;1&quot;</span> <span class="na">churn=</span><span class="s">&quot;9&quot;</span> <span class="nt">/&gt;</span></div><div class='line' id='LC1881'>&nbsp;&nbsp;&nbsp;&nbsp;&nbsp;&nbsp;&nbsp;&nbsp;&nbsp;&nbsp;&nbsp;&nbsp;<span class="nt">&lt;version</span> <span class="na">num=</span><span class="s">&quot;311&quot;</span> <span class="na">curr_loc=</span><span class="s">&quot;9&quot;</span> <span class="na">changed=</span><span class="s">&quot;1&quot;</span> <span class="na">churn=</span><span class="s">&quot;9&quot;</span> <span class="nt">/&gt;</span></div><div class='line' id='LC1882'>&nbsp;&nbsp;&nbsp;&nbsp;&nbsp;&nbsp;&nbsp;&nbsp;&nbsp;&nbsp;<span class="nt">&lt;/class&gt;</span></div><div class='line' id='LC1883'>&nbsp;&nbsp;&nbsp;&nbsp;&nbsp;&nbsp;&nbsp;&nbsp;&nbsp;&nbsp;<span class="nt">&lt;class</span> <span class="na">name=</span><span class="s">&quot;CombinableMatcher&quot;</span> <span class="na">type=</span><span class="s">&quot;ConcreteClass&quot;</span> <span class="na">maxLoc=</span><span class="s">&quot;34&quot;</span><span class="nt">&gt;</span></div><div class='line' id='LC1884'>&nbsp;&nbsp;&nbsp;&nbsp;&nbsp;&nbsp;&nbsp;&nbsp;&nbsp;&nbsp;&nbsp;&nbsp;<span class="nt">&lt;version</span> <span class="na">num=</span><span class="s">&quot;367&quot;</span> <span class="na">curr_loc=</span><span class="s">&quot;34&quot;</span> <span class="na">changed=</span><span class="s">&quot;1&quot;</span> <span class="na">churn=</span><span class="s">&quot;34&quot;</span> <span class="nt">/&gt;</span></div><div class='line' id='LC1885'>&nbsp;&nbsp;&nbsp;&nbsp;&nbsp;&nbsp;&nbsp;&nbsp;&nbsp;&nbsp;<span class="nt">&lt;/class&gt;</span></div><div class='line' id='LC1886'>&nbsp;&nbsp;&nbsp;&nbsp;&nbsp;&nbsp;&nbsp;&nbsp;&nbsp;&nbsp;<span class="nt">&lt;class</span> <span class="na">name=</span><span class="s">&quot;Each&quot;</span> <span class="na">type=</span><span class="s">&quot;ConcreteClass&quot;</span> <span class="na">maxLoc=</span><span class="s">&quot;24&quot;</span><span class="nt">&gt;</span></div><div class='line' id='LC1887'>&nbsp;&nbsp;&nbsp;&nbsp;&nbsp;&nbsp;&nbsp;&nbsp;&nbsp;&nbsp;&nbsp;&nbsp;<span class="nt">&lt;version</span> <span class="na">num=</span><span class="s">&quot;367&quot;</span> <span class="na">curr_loc=</span><span class="s">&quot;24&quot;</span> <span class="na">changed=</span><span class="s">&quot;1&quot;</span> <span class="na">churn=</span><span class="s">&quot;24&quot;</span> <span class="nt">/&gt;</span></div><div class='line' id='LC1888'>&nbsp;&nbsp;&nbsp;&nbsp;&nbsp;&nbsp;&nbsp;&nbsp;&nbsp;&nbsp;<span class="nt">&lt;/class&gt;</span></div><div class='line' id='LC1889'>&nbsp;&nbsp;&nbsp;&nbsp;&nbsp;&nbsp;&nbsp;&nbsp;&nbsp;&nbsp;<span class="nt">&lt;class</span> <span class="na">name=</span><span class="s">&quot;IsCollectionContaining&quot;</span> <span class="na">type=</span><span class="s">&quot;ConcreteClass&quot;</span> <span class="na">maxLoc=</span><span class="s">&quot;67&quot;</span><span class="nt">&gt;</span></div><div class='line' id='LC1890'>&nbsp;&nbsp;&nbsp;&nbsp;&nbsp;&nbsp;&nbsp;&nbsp;&nbsp;&nbsp;&nbsp;&nbsp;<span class="nt">&lt;version</span> <span class="na">num=</span><span class="s">&quot;367&quot;</span> <span class="na">curr_loc=</span><span class="s">&quot;67&quot;</span> <span class="na">changed=</span><span class="s">&quot;1&quot;</span> <span class="na">churn=</span><span class="s">&quot;67&quot;</span> <span class="nt">/&gt;</span></div><div class='line' id='LC1891'>&nbsp;&nbsp;&nbsp;&nbsp;&nbsp;&nbsp;&nbsp;&nbsp;&nbsp;&nbsp;<span class="nt">&lt;/class&gt;</span></div><div class='line' id='LC1892'>&nbsp;&nbsp;&nbsp;&nbsp;&nbsp;&nbsp;&nbsp;&nbsp;&nbsp;&nbsp;<span class="nt">&lt;class</span> <span class="na">name=</span><span class="s">&quot;StringContains&quot;</span> <span class="na">type=</span><span class="s">&quot;ConcreteClass&quot;</span> <span class="na">maxLoc=</span><span class="s">&quot;31&quot;</span><span class="nt">&gt;</span></div><div class='line' id='LC1893'>&nbsp;&nbsp;&nbsp;&nbsp;&nbsp;&nbsp;&nbsp;&nbsp;&nbsp;&nbsp;&nbsp;&nbsp;<span class="nt">&lt;version</span> <span class="na">num=</span><span class="s">&quot;367&quot;</span> <span class="na">curr_loc=</span><span class="s">&quot;31&quot;</span> <span class="na">changed=</span><span class="s">&quot;1&quot;</span> <span class="na">churn=</span><span class="s">&quot;31&quot;</span> <span class="nt">/&gt;</span></div><div class='line' id='LC1894'>&nbsp;&nbsp;&nbsp;&nbsp;&nbsp;&nbsp;&nbsp;&nbsp;&nbsp;&nbsp;<span class="nt">&lt;/class&gt;</span></div><div class='line' id='LC1895'>&nbsp;&nbsp;&nbsp;&nbsp;&nbsp;&nbsp;&nbsp;&nbsp;&nbsp;&nbsp;<span class="nt">&lt;class</span> <span class="na">name=</span><span class="s">&quot;SubstringMatcher&quot;</span> <span class="na">type=</span><span class="s">&quot;AbstractClass&quot;</span> <span class="na">maxLoc=</span><span class="s">&quot;28&quot;</span><span class="nt">&gt;</span></div><div class='line' id='LC1896'>&nbsp;&nbsp;&nbsp;&nbsp;&nbsp;&nbsp;&nbsp;&nbsp;&nbsp;&nbsp;&nbsp;&nbsp;<span class="nt">&lt;version</span> <span class="na">num=</span><span class="s">&quot;367&quot;</span> <span class="na">curr_loc=</span><span class="s">&quot;28&quot;</span> <span class="na">changed=</span><span class="s">&quot;1&quot;</span> <span class="na">churn=</span><span class="s">&quot;28&quot;</span> <span class="nt">/&gt;</span></div><div class='line' id='LC1897'>&nbsp;&nbsp;&nbsp;&nbsp;&nbsp;&nbsp;&nbsp;&nbsp;&nbsp;&nbsp;<span class="nt">&lt;/class&gt;</span></div><div class='line' id='LC1898'>&nbsp;&nbsp;&nbsp;&nbsp;&nbsp;&nbsp;&nbsp;&nbsp;&nbsp;&nbsp;<span class="nt">&lt;class</span> <span class="na">name=</span><span class="s">&quot;TypeSafeMatcher&quot;</span> <span class="na">type=</span><span class="s">&quot;AbstractClass&quot;</span> <span class="na">maxLoc=</span><span class="s">&quot;60&quot;</span><span class="nt">&gt;</span></div><div class='line' id='LC1899'>&nbsp;&nbsp;&nbsp;&nbsp;&nbsp;&nbsp;&nbsp;&nbsp;&nbsp;&nbsp;&nbsp;&nbsp;<span class="nt">&lt;version</span> <span class="na">num=</span><span class="s">&quot;367&quot;</span> <span class="na">curr_loc=</span><span class="s">&quot;60&quot;</span> <span class="na">changed=</span><span class="s">&quot;1&quot;</span> <span class="na">churn=</span><span class="s">&quot;60&quot;</span> <span class="nt">/&gt;</span></div><div class='line' id='LC1900'>&nbsp;&nbsp;&nbsp;&nbsp;&nbsp;&nbsp;&nbsp;&nbsp;&nbsp;&nbsp;<span class="nt">&lt;/class&gt;</span></div><div class='line' id='LC1901'>&nbsp;&nbsp;&nbsp;&nbsp;&nbsp;&nbsp;&nbsp;&nbsp;<span class="nt">&lt;/package&gt;</span></div><div class='line' id='LC1902'>&nbsp;&nbsp;&nbsp;&nbsp;&nbsp;&nbsp;&nbsp;&nbsp;<span class="nt">&lt;package</span> <span class="na">name=</span><span class="s">&quot;rules&quot;</span><span class="nt">&gt;</span></div><div class='line' id='LC1903'>&nbsp;&nbsp;&nbsp;&nbsp;&nbsp;&nbsp;&nbsp;&nbsp;&nbsp;&nbsp;<span class="nt">&lt;class</span> <span class="na">name=</span><span class="s">&quot;ExpectedException&quot;</span> <span class="na">type=</span><span class="s">&quot;ConcreteClass&quot;</span> <span class="na">maxLoc=</span><span class="s">&quot;137&quot;</span><span class="nt">&gt;</span></div><div class='line' id='LC1904'>&nbsp;&nbsp;&nbsp;&nbsp;&nbsp;&nbsp;&nbsp;&nbsp;&nbsp;&nbsp;&nbsp;&nbsp;<span class="nt">&lt;version</span> <span class="na">num=</span><span class="s">&quot;6&quot;</span> <span class="na">curr_loc=</span><span class="s">&quot;136&quot;</span> <span class="na">changed=</span><span class="s">&quot;1&quot;</span> <span class="na">churn=</span><span class="s">&quot;136&quot;</span> <span class="nt">/&gt;</span></div><div class='line' id='LC1905'>&nbsp;&nbsp;&nbsp;&nbsp;&nbsp;&nbsp;&nbsp;&nbsp;&nbsp;&nbsp;&nbsp;&nbsp;<span class="nt">&lt;version</span> <span class="na">num=</span><span class="s">&quot;11&quot;</span> <span class="na">curr_loc=</span><span class="s">&quot;137&quot;</span> <span class="na">changed=</span><span class="s">&quot;1&quot;</span> <span class="na">churn=</span><span class="s">&quot;137&quot;</span> <span class="nt">/&gt;</span></div><div class='line' id='LC1906'>&nbsp;&nbsp;&nbsp;&nbsp;&nbsp;&nbsp;&nbsp;&nbsp;&nbsp;&nbsp;&nbsp;&nbsp;<span class="nt">&lt;version</span> <span class="na">num=</span><span class="s">&quot;14&quot;</span> <span class="na">curr_loc=</span><span class="s">&quot;136&quot;</span> <span class="na">changed=</span><span class="s">&quot;1&quot;</span> <span class="na">churn=</span><span class="s">&quot;138&quot;</span> <span class="nt">/&gt;</span></div><div class='line' id='LC1907'>&nbsp;&nbsp;&nbsp;&nbsp;&nbsp;&nbsp;&nbsp;&nbsp;&nbsp;&nbsp;&nbsp;&nbsp;<span class="nt">&lt;version</span> <span class="na">num=</span><span class="s">&quot;19&quot;</span> <span class="na">curr_loc=</span><span class="s">&quot;137&quot;</span> <span class="na">changed=</span><span class="s">&quot;1&quot;</span> <span class="na">churn=</span><span class="s">&quot;139&quot;</span> <span class="nt">/&gt;</span></div><div class='line' id='LC1908'>&nbsp;&nbsp;&nbsp;&nbsp;&nbsp;&nbsp;&nbsp;&nbsp;&nbsp;&nbsp;&nbsp;&nbsp;<span class="nt">&lt;version</span> <span class="na">num=</span><span class="s">&quot;31&quot;</span> <span class="na">curr_loc=</span><span class="s">&quot;136&quot;</span> <span class="na">changed=</span><span class="s">&quot;1&quot;</span> <span class="na">churn=</span><span class="s">&quot;140&quot;</span> <span class="nt">/&gt;</span></div><div class='line' id='LC1909'>&nbsp;&nbsp;&nbsp;&nbsp;&nbsp;&nbsp;&nbsp;&nbsp;&nbsp;&nbsp;&nbsp;&nbsp;<span class="nt">&lt;version</span> <span class="na">num=</span><span class="s">&quot;32&quot;</span> <span class="na">curr_loc=</span><span class="s">&quot;137&quot;</span> <span class="na">changed=</span><span class="s">&quot;1&quot;</span> <span class="na">churn=</span><span class="s">&quot;141&quot;</span> <span class="nt">/&gt;</span></div><div class='line' id='LC1910'>&nbsp;&nbsp;&nbsp;&nbsp;&nbsp;&nbsp;&nbsp;&nbsp;&nbsp;&nbsp;&nbsp;&nbsp;<span class="nt">&lt;version</span> <span class="na">num=</span><span class="s">&quot;119&quot;</span> <span class="na">curr_loc=</span><span class="s">&quot;136&quot;</span> <span class="na">changed=</span><span class="s">&quot;1&quot;</span> <span class="na">churn=</span><span class="s">&quot;142&quot;</span> <span class="nt">/&gt;</span></div><div class='line' id='LC1911'>&nbsp;&nbsp;&nbsp;&nbsp;&nbsp;&nbsp;&nbsp;&nbsp;&nbsp;&nbsp;&nbsp;&nbsp;<span class="nt">&lt;version</span> <span class="na">num=</span><span class="s">&quot;120&quot;</span> <span class="na">curr_loc=</span><span class="s">&quot;137&quot;</span> <span class="na">changed=</span><span class="s">&quot;1&quot;</span> <span class="na">churn=</span><span class="s">&quot;143&quot;</span> <span class="nt">/&gt;</span></div><div class='line' id='LC1912'>&nbsp;&nbsp;&nbsp;&nbsp;&nbsp;&nbsp;&nbsp;&nbsp;&nbsp;&nbsp;&nbsp;&nbsp;<span class="nt">&lt;version</span> <span class="na">num=</span><span class="s">&quot;123&quot;</span> <span class="na">curr_loc=</span><span class="s">&quot;130&quot;</span> <span class="na">changed=</span><span class="s">&quot;1&quot;</span> <span class="na">churn=</span><span class="s">&quot;150&quot;</span> <span class="nt">/&gt;</span></div><div class='line' id='LC1913'>&nbsp;&nbsp;&nbsp;&nbsp;&nbsp;&nbsp;&nbsp;&nbsp;&nbsp;&nbsp;<span class="nt">&lt;/class&gt;</span></div><div class='line' id='LC1914'>&nbsp;&nbsp;&nbsp;&nbsp;&nbsp;&nbsp;&nbsp;&nbsp;&nbsp;&nbsp;<span class="nt">&lt;class</span> <span class="na">name=</span><span class="s">&quot;ExternalResource&quot;</span> <span class="na">type=</span><span class="s">&quot;AbstractClass&quot;</span> <span class="na">maxLoc=</span><span class="s">&quot;75&quot;</span><span class="nt">&gt;</span></div><div class='line' id='LC1915'>&nbsp;&nbsp;&nbsp;&nbsp;&nbsp;&nbsp;&nbsp;&nbsp;&nbsp;&nbsp;&nbsp;&nbsp;<span class="nt">&lt;version</span> <span class="na">num=</span><span class="s">&quot;6&quot;</span> <span class="na">curr_loc=</span><span class="s">&quot;68&quot;</span> <span class="na">changed=</span><span class="s">&quot;1&quot;</span> <span class="na">churn=</span><span class="s">&quot;68&quot;</span> <span class="nt">/&gt;</span></div><div class='line' id='LC1916'>&nbsp;&nbsp;&nbsp;&nbsp;&nbsp;&nbsp;&nbsp;&nbsp;&nbsp;&nbsp;&nbsp;&nbsp;<span class="nt">&lt;version</span> <span class="na">num=</span><span class="s">&quot;14&quot;</span> <span class="na">curr_loc=</span><span class="s">&quot;68&quot;</span> <span class="na">changed=</span><span class="s">&quot;1&quot;</span> <span class="na">churn=</span><span class="s">&quot;68&quot;</span> <span class="nt">/&gt;</span></div><div class='line' id='LC1917'>&nbsp;&nbsp;&nbsp;&nbsp;&nbsp;&nbsp;&nbsp;&nbsp;&nbsp;&nbsp;&nbsp;&nbsp;<span class="nt">&lt;version</span> <span class="na">num=</span><span class="s">&quot;19&quot;</span> <span class="na">curr_loc=</span><span class="s">&quot;69&quot;</span> <span class="na">changed=</span><span class="s">&quot;1&quot;</span> <span class="na">churn=</span><span class="s">&quot;69&quot;</span> <span class="nt">/&gt;</span></div><div class='line' id='LC1918'>&nbsp;&nbsp;&nbsp;&nbsp;&nbsp;&nbsp;&nbsp;&nbsp;&nbsp;&nbsp;&nbsp;&nbsp;<span class="nt">&lt;version</span> <span class="na">num=</span><span class="s">&quot;28&quot;</span> <span class="na">curr_loc=</span><span class="s">&quot;68&quot;</span> <span class="na">changed=</span><span class="s">&quot;1&quot;</span> <span class="na">churn=</span><span class="s">&quot;70&quot;</span> <span class="nt">/&gt;</span></div><div class='line' id='LC1919'>&nbsp;&nbsp;&nbsp;&nbsp;&nbsp;&nbsp;&nbsp;&nbsp;&nbsp;&nbsp;&nbsp;&nbsp;<span class="nt">&lt;version</span> <span class="na">num=</span><span class="s">&quot;33&quot;</span> <span class="na">curr_loc=</span><span class="s">&quot;70&quot;</span> <span class="na">changed=</span><span class="s">&quot;1&quot;</span> <span class="na">churn=</span><span class="s">&quot;72&quot;</span> <span class="nt">/&gt;</span></div><div class='line' id='LC1920'>&nbsp;&nbsp;&nbsp;&nbsp;&nbsp;&nbsp;&nbsp;&nbsp;&nbsp;&nbsp;&nbsp;&nbsp;<span class="nt">&lt;version</span> <span class="na">num=</span><span class="s">&quot;35&quot;</span> <span class="na">curr_loc=</span><span class="s">&quot;74&quot;</span> <span class="na">changed=</span><span class="s">&quot;1&quot;</span> <span class="na">churn=</span><span class="s">&quot;76&quot;</span> <span class="nt">/&gt;</span></div><div class='line' id='LC1921'>&nbsp;&nbsp;&nbsp;&nbsp;&nbsp;&nbsp;&nbsp;&nbsp;&nbsp;&nbsp;&nbsp;&nbsp;<span class="nt">&lt;version</span> <span class="na">num=</span><span class="s">&quot;39&quot;</span> <span class="na">curr_loc=</span><span class="s">&quot;75&quot;</span> <span class="na">changed=</span><span class="s">&quot;1&quot;</span> <span class="na">churn=</span><span class="s">&quot;77&quot;</span> <span class="nt">/&gt;</span></div><div class='line' id='LC1922'>&nbsp;&nbsp;&nbsp;&nbsp;&nbsp;&nbsp;&nbsp;&nbsp;&nbsp;&nbsp;&nbsp;&nbsp;<span class="nt">&lt;version</span> <span class="na">num=</span><span class="s">&quot;47&quot;</span> <span class="na">curr_loc=</span><span class="s">&quot;65&quot;</span> <span class="na">changed=</span><span class="s">&quot;1&quot;</span> <span class="na">churn=</span><span class="s">&quot;87&quot;</span> <span class="nt">/&gt;</span></div><div class='line' id='LC1923'>&nbsp;&nbsp;&nbsp;&nbsp;&nbsp;&nbsp;&nbsp;&nbsp;&nbsp;&nbsp;&nbsp;&nbsp;<span class="nt">&lt;version</span> <span class="na">num=</span><span class="s">&quot;54&quot;</span> <span class="na">curr_loc=</span><span class="s">&quot;66&quot;</span> <span class="na">changed=</span><span class="s">&quot;1&quot;</span> <span class="na">churn=</span><span class="s">&quot;88&quot;</span> <span class="nt">/&gt;</span></div><div class='line' id='LC1924'>&nbsp;&nbsp;&nbsp;&nbsp;&nbsp;&nbsp;&nbsp;&nbsp;&nbsp;&nbsp;&nbsp;&nbsp;<span class="nt">&lt;version</span> <span class="na">num=</span><span class="s">&quot;62&quot;</span> <span class="na">curr_loc=</span><span class="s">&quot;66&quot;</span> <span class="na">changed=</span><span class="s">&quot;1&quot;</span> <span class="na">churn=</span><span class="s">&quot;88&quot;</span> <span class="nt">/&gt;</span></div><div class='line' id='LC1925'>&nbsp;&nbsp;&nbsp;&nbsp;&nbsp;&nbsp;&nbsp;&nbsp;&nbsp;&nbsp;&nbsp;&nbsp;<span class="nt">&lt;version</span> <span class="na">num=</span><span class="s">&quot;68&quot;</span> <span class="na">curr_loc=</span><span class="s">&quot;68&quot;</span> <span class="na">changed=</span><span class="s">&quot;1&quot;</span> <span class="na">churn=</span><span class="s">&quot;90&quot;</span> <span class="nt">/&gt;</span></div><div class='line' id='LC1926'>&nbsp;&nbsp;&nbsp;&nbsp;&nbsp;&nbsp;&nbsp;&nbsp;&nbsp;&nbsp;&nbsp;&nbsp;<span class="nt">&lt;version</span> <span class="na">num=</span><span class="s">&quot;123&quot;</span> <span class="na">curr_loc=</span><span class="s">&quot;66&quot;</span> <span class="na">changed=</span><span class="s">&quot;1&quot;</span> <span class="na">churn=</span><span class="s">&quot;92&quot;</span> <span class="nt">/&gt;</span></div><div class='line' id='LC1927'>&nbsp;&nbsp;&nbsp;&nbsp;&nbsp;&nbsp;&nbsp;&nbsp;&nbsp;&nbsp;<span class="nt">&lt;/class&gt;</span></div><div class='line' id='LC1928'>&nbsp;&nbsp;&nbsp;&nbsp;&nbsp;&nbsp;&nbsp;&nbsp;&nbsp;&nbsp;<span class="nt">&lt;class</span> <span class="na">name=</span><span class="s">&quot;TestName&quot;</span> <span class="na">type=</span><span class="s">&quot;ConcreteClass&quot;</span> <span class="na">maxLoc=</span><span class="s">&quot;39&quot;</span><span class="nt">&gt;</span></div><div class='line' id='LC1929'>&nbsp;&nbsp;&nbsp;&nbsp;&nbsp;&nbsp;&nbsp;&nbsp;&nbsp;&nbsp;&nbsp;&nbsp;<span class="nt">&lt;version</span> <span class="na">num=</span><span class="s">&quot;6&quot;</span> <span class="na">curr_loc=</span><span class="s">&quot;39&quot;</span> <span class="na">changed=</span><span class="s">&quot;1&quot;</span> <span class="na">churn=</span><span class="s">&quot;39&quot;</span> <span class="nt">/&gt;</span></div><div class='line' id='LC1930'>&nbsp;&nbsp;&nbsp;&nbsp;&nbsp;&nbsp;&nbsp;&nbsp;&nbsp;&nbsp;&nbsp;&nbsp;<span class="nt">&lt;version</span> <span class="na">num=</span><span class="s">&quot;30&quot;</span> <span class="na">curr_loc=</span><span class="s">&quot;39&quot;</span> <span class="na">changed=</span><span class="s">&quot;1&quot;</span> <span class="na">churn=</span><span class="s">&quot;39&quot;</span> <span class="nt">/&gt;</span></div><div class='line' id='LC1931'>&nbsp;&nbsp;&nbsp;&nbsp;&nbsp;&nbsp;&nbsp;&nbsp;&nbsp;&nbsp;&nbsp;&nbsp;<span class="nt">&lt;version</span> <span class="na">num=</span><span class="s">&quot;31&quot;</span> <span class="na">curr_loc=</span><span class="s">&quot;39&quot;</span> <span class="na">changed=</span><span class="s">&quot;1&quot;</span> <span class="na">churn=</span><span class="s">&quot;39&quot;</span> <span class="nt">/&gt;</span></div><div class='line' id='LC1932'>&nbsp;&nbsp;&nbsp;&nbsp;&nbsp;&nbsp;&nbsp;&nbsp;&nbsp;&nbsp;&nbsp;&nbsp;<span class="nt">&lt;version</span> <span class="na">num=</span><span class="s">&quot;123&quot;</span> <span class="na">curr_loc=</span><span class="s">&quot;39&quot;</span> <span class="na">changed=</span><span class="s">&quot;1&quot;</span> <span class="na">churn=</span><span class="s">&quot;39&quot;</span> <span class="nt">/&gt;</span></div><div class='line' id='LC1933'>&nbsp;&nbsp;&nbsp;&nbsp;&nbsp;&nbsp;&nbsp;&nbsp;&nbsp;&nbsp;<span class="nt">&lt;/class&gt;</span></div><div class='line' id='LC1934'>&nbsp;&nbsp;&nbsp;&nbsp;&nbsp;&nbsp;&nbsp;&nbsp;&nbsp;&nbsp;<span class="nt">&lt;class</span> <span class="na">name=</span><span class="s">&quot;TestRule&quot;</span> <span class="na">type=</span><span class="s">&quot;Interface&quot;</span> <span class="na">maxLoc=</span><span class="s">&quot;72&quot;</span><span class="nt">&gt;</span></div><div class='line' id='LC1935'>&nbsp;&nbsp;&nbsp;&nbsp;&nbsp;&nbsp;&nbsp;&nbsp;&nbsp;&nbsp;&nbsp;&nbsp;<span class="nt">&lt;version</span> <span class="na">num=</span><span class="s">&quot;6&quot;</span> <span class="na">curr_loc=</span><span class="s">&quot;54&quot;</span> <span class="na">changed=</span><span class="s">&quot;1&quot;</span> <span class="na">churn=</span><span class="s">&quot;54&quot;</span> <span class="nt">/&gt;</span></div><div class='line' id='LC1936'>&nbsp;&nbsp;&nbsp;&nbsp;&nbsp;&nbsp;&nbsp;&nbsp;&nbsp;&nbsp;&nbsp;&nbsp;<span class="nt">&lt;version</span> <span class="na">num=</span><span class="s">&quot;13&quot;</span> <span class="na">curr_loc=</span><span class="s">&quot;52&quot;</span> <span class="na">changed=</span><span class="s">&quot;1&quot;</span> <span class="na">churn=</span><span class="s">&quot;56&quot;</span> <span class="nt">/&gt;</span></div><div class='line' id='LC1937'>&nbsp;&nbsp;&nbsp;&nbsp;&nbsp;&nbsp;&nbsp;&nbsp;&nbsp;&nbsp;&nbsp;&nbsp;<span class="nt">&lt;version</span> <span class="na">num=</span><span class="s">&quot;14&quot;</span> <span class="na">curr_loc=</span><span class="s">&quot;55&quot;</span> <span class="na">changed=</span><span class="s">&quot;1&quot;</span> <span class="na">churn=</span><span class="s">&quot;59&quot;</span> <span class="nt">/&gt;</span></div><div class='line' id='LC1938'>&nbsp;&nbsp;&nbsp;&nbsp;&nbsp;&nbsp;&nbsp;&nbsp;&nbsp;&nbsp;&nbsp;&nbsp;<span class="nt">&lt;version</span> <span class="na">num=</span><span class="s">&quot;15&quot;</span> <span class="na">curr_loc=</span><span class="s">&quot;72&quot;</span> <span class="na">changed=</span><span class="s">&quot;1&quot;</span> <span class="na">churn=</span><span class="s">&quot;76&quot;</span> <span class="nt">/&gt;</span></div><div class='line' id='LC1939'>&nbsp;&nbsp;&nbsp;&nbsp;&nbsp;&nbsp;&nbsp;&nbsp;&nbsp;&nbsp;&nbsp;&nbsp;<span class="nt">&lt;version</span> <span class="na">num=</span><span class="s">&quot;16&quot;</span> <span class="na">curr_loc=</span><span class="s">&quot;57&quot;</span> <span class="na">changed=</span><span class="s">&quot;1&quot;</span> <span class="na">churn=</span><span class="s">&quot;91&quot;</span> <span class="nt">/&gt;</span></div><div class='line' id='LC1940'>&nbsp;&nbsp;&nbsp;&nbsp;&nbsp;&nbsp;&nbsp;&nbsp;&nbsp;&nbsp;&nbsp;&nbsp;<span class="nt">&lt;version</span> <span class="na">num=</span><span class="s">&quot;19&quot;</span> <span class="na">curr_loc=</span><span class="s">&quot;70&quot;</span> <span class="na">changed=</span><span class="s">&quot;1&quot;</span> <span class="na">churn=</span><span class="s">&quot;104&quot;</span> <span class="nt">/&gt;</span></div><div class='line' id='LC1941'>&nbsp;&nbsp;&nbsp;&nbsp;&nbsp;&nbsp;&nbsp;&nbsp;&nbsp;&nbsp;&nbsp;&nbsp;<span class="nt">&lt;version</span> <span class="na">num=</span><span class="s">&quot;27&quot;</span> <span class="na">curr_loc=</span><span class="s">&quot;55&quot;</span> <span class="na">changed=</span><span class="s">&quot;1&quot;</span> <span class="na">churn=</span><span class="s">&quot;119&quot;</span> <span class="nt">/&gt;</span></div><div class='line' id='LC1942'>&nbsp;&nbsp;&nbsp;&nbsp;&nbsp;&nbsp;&nbsp;&nbsp;&nbsp;&nbsp;&nbsp;&nbsp;<span class="nt">&lt;version</span> <span class="na">num=</span><span class="s">&quot;33&quot;</span> <span class="na">curr_loc=</span><span class="s">&quot;41&quot;</span> <span class="na">changed=</span><span class="s">&quot;1&quot;</span> <span class="na">churn=</span><span class="s">&quot;133&quot;</span> <span class="nt">/&gt;</span></div><div class='line' id='LC1943'>&nbsp;&nbsp;&nbsp;&nbsp;&nbsp;&nbsp;&nbsp;&nbsp;&nbsp;&nbsp;<span class="nt">&lt;/class&gt;</span></div><div class='line' id='LC1944'>&nbsp;&nbsp;&nbsp;&nbsp;&nbsp;&nbsp;&nbsp;&nbsp;&nbsp;&nbsp;<span class="nt">&lt;class</span> <span class="na">name=</span><span class="s">&quot;TestWatcher&quot;</span> <span class="na">type=</span><span class="s">&quot;AbstractClass&quot;</span> <span class="na">maxLoc=</span><span class="s">&quot;92&quot;</span><span class="nt">&gt;</span></div><div class='line' id='LC1945'>&nbsp;&nbsp;&nbsp;&nbsp;&nbsp;&nbsp;&nbsp;&nbsp;&nbsp;&nbsp;&nbsp;&nbsp;<span class="nt">&lt;version</span> <span class="na">num=</span><span class="s">&quot;6&quot;</span> <span class="na">curr_loc=</span><span class="s">&quot;91&quot;</span> <span class="na">changed=</span><span class="s">&quot;1&quot;</span> <span class="na">churn=</span><span class="s">&quot;91&quot;</span> <span class="nt">/&gt;</span></div><div class='line' id='LC1946'>&nbsp;&nbsp;&nbsp;&nbsp;&nbsp;&nbsp;&nbsp;&nbsp;&nbsp;&nbsp;&nbsp;&nbsp;<span class="nt">&lt;version</span> <span class="na">num=</span><span class="s">&quot;11&quot;</span> <span class="na">curr_loc=</span><span class="s">&quot;92&quot;</span> <span class="na">changed=</span><span class="s">&quot;1&quot;</span> <span class="na">churn=</span><span class="s">&quot;92&quot;</span> <span class="nt">/&gt;</span></div><div class='line' id='LC1947'>&nbsp;&nbsp;&nbsp;&nbsp;&nbsp;&nbsp;&nbsp;&nbsp;&nbsp;&nbsp;&nbsp;&nbsp;<span class="nt">&lt;version</span> <span class="na">num=</span><span class="s">&quot;14&quot;</span> <span class="na">curr_loc=</span><span class="s">&quot;91&quot;</span> <span class="na">changed=</span><span class="s">&quot;1&quot;</span> <span class="na">churn=</span><span class="s">&quot;93&quot;</span> <span class="nt">/&gt;</span></div><div class='line' id='LC1948'>&nbsp;&nbsp;&nbsp;&nbsp;&nbsp;&nbsp;&nbsp;&nbsp;&nbsp;&nbsp;&nbsp;&nbsp;<span class="nt">&lt;version</span> <span class="na">num=</span><span class="s">&quot;19&quot;</span> <span class="na">curr_loc=</span><span class="s">&quot;92&quot;</span> <span class="na">changed=</span><span class="s">&quot;1&quot;</span> <span class="na">churn=</span><span class="s">&quot;94&quot;</span> <span class="nt">/&gt;</span></div><div class='line' id='LC1949'>&nbsp;&nbsp;&nbsp;&nbsp;&nbsp;&nbsp;&nbsp;&nbsp;&nbsp;&nbsp;&nbsp;&nbsp;<span class="nt">&lt;version</span> <span class="na">num=</span><span class="s">&quot;30&quot;</span> <span class="na">curr_loc=</span><span class="s">&quot;91&quot;</span> <span class="na">changed=</span><span class="s">&quot;1&quot;</span> <span class="na">churn=</span><span class="s">&quot;95&quot;</span> <span class="nt">/&gt;</span></div><div class='line' id='LC1950'>&nbsp;&nbsp;&nbsp;&nbsp;&nbsp;&nbsp;&nbsp;&nbsp;&nbsp;&nbsp;<span class="nt">&lt;/class&gt;</span></div><div class='line' id='LC1951'>&nbsp;&nbsp;&nbsp;&nbsp;&nbsp;&nbsp;&nbsp;&nbsp;&nbsp;&nbsp;<span class="nt">&lt;class</span> <span class="na">name=</span><span class="s">&quot;Timeout&quot;</span> <span class="na">type=</span><span class="s">&quot;ConcreteClass&quot;</span> <span class="na">maxLoc=</span><span class="s">&quot;50&quot;</span><span class="nt">&gt;</span></div><div class='line' id='LC1952'>&nbsp;&nbsp;&nbsp;&nbsp;&nbsp;&nbsp;&nbsp;&nbsp;&nbsp;&nbsp;&nbsp;&nbsp;<span class="nt">&lt;version</span> <span class="na">num=</span><span class="s">&quot;6&quot;</span> <span class="na">curr_loc=</span><span class="s">&quot;49&quot;</span> <span class="na">changed=</span><span class="s">&quot;1&quot;</span> <span class="na">churn=</span><span class="s">&quot;49&quot;</span> <span class="nt">/&gt;</span></div><div class='line' id='LC1953'>&nbsp;&nbsp;&nbsp;&nbsp;&nbsp;&nbsp;&nbsp;&nbsp;&nbsp;&nbsp;&nbsp;&nbsp;<span class="nt">&lt;version</span> <span class="na">num=</span><span class="s">&quot;14&quot;</span> <span class="na">curr_loc=</span><span class="s">&quot;49&quot;</span> <span class="na">changed=</span><span class="s">&quot;1&quot;</span> <span class="na">churn=</span><span class="s">&quot;49&quot;</span> <span class="nt">/&gt;</span></div><div class='line' id='LC1954'>&nbsp;&nbsp;&nbsp;&nbsp;&nbsp;&nbsp;&nbsp;&nbsp;&nbsp;&nbsp;&nbsp;&nbsp;<span class="nt">&lt;version</span> <span class="na">num=</span><span class="s">&quot;19&quot;</span> <span class="na">curr_loc=</span><span class="s">&quot;50&quot;</span> <span class="na">changed=</span><span class="s">&quot;1&quot;</span> <span class="na">churn=</span><span class="s">&quot;50&quot;</span> <span class="nt">/&gt;</span></div><div class='line' id='LC1955'>&nbsp;&nbsp;&nbsp;&nbsp;&nbsp;&nbsp;&nbsp;&nbsp;&nbsp;&nbsp;&nbsp;&nbsp;<span class="nt">&lt;version</span> <span class="na">num=</span><span class="s">&quot;32&quot;</span> <span class="na">curr_loc=</span><span class="s">&quot;49&quot;</span> <span class="na">changed=</span><span class="s">&quot;1&quot;</span> <span class="na">churn=</span><span class="s">&quot;51&quot;</span> <span class="nt">/&gt;</span></div><div class='line' id='LC1956'>&nbsp;&nbsp;&nbsp;&nbsp;&nbsp;&nbsp;&nbsp;&nbsp;&nbsp;&nbsp;&nbsp;&nbsp;<span class="nt">&lt;version</span> <span class="na">num=</span><span class="s">&quot;123&quot;</span> <span class="na">curr_loc=</span><span class="s">&quot;49&quot;</span> <span class="na">changed=</span><span class="s">&quot;1&quot;</span> <span class="na">churn=</span><span class="s">&quot;51&quot;</span> <span class="nt">/&gt;</span></div><div class='line' id='LC1957'>&nbsp;&nbsp;&nbsp;&nbsp;&nbsp;&nbsp;&nbsp;&nbsp;&nbsp;&nbsp;<span class="nt">&lt;/class&gt;</span></div><div class='line' id='LC1958'>&nbsp;&nbsp;&nbsp;&nbsp;&nbsp;&nbsp;&nbsp;&nbsp;&nbsp;&nbsp;<span class="nt">&lt;class</span> <span class="na">name=</span><span class="s">&quot;Verifier&quot;</span> <span class="na">type=</span><span class="s">&quot;ConcreteClass&quot;</span> <span class="na">maxLoc=</span><span class="s">&quot;46&quot;</span><span class="nt">&gt;</span></div><div class='line' id='LC1959'>&nbsp;&nbsp;&nbsp;&nbsp;&nbsp;&nbsp;&nbsp;&nbsp;&nbsp;&nbsp;&nbsp;&nbsp;<span class="nt">&lt;version</span> <span class="na">num=</span><span class="s">&quot;6&quot;</span> <span class="na">curr_loc=</span><span class="s">&quot;45&quot;</span> <span class="na">changed=</span><span class="s">&quot;1&quot;</span> <span class="na">churn=</span><span class="s">&quot;45&quot;</span> <span class="nt">/&gt;</span></div><div class='line' id='LC1960'>&nbsp;&nbsp;&nbsp;&nbsp;&nbsp;&nbsp;&nbsp;&nbsp;&nbsp;&nbsp;&nbsp;&nbsp;<span class="nt">&lt;version</span> <span class="na">num=</span><span class="s">&quot;14&quot;</span> <span class="na">curr_loc=</span><span class="s">&quot;45&quot;</span> <span class="na">changed=</span><span class="s">&quot;1&quot;</span> <span class="na">churn=</span><span class="s">&quot;45&quot;</span> <span class="nt">/&gt;</span></div><div class='line' id='LC1961'>&nbsp;&nbsp;&nbsp;&nbsp;&nbsp;&nbsp;&nbsp;&nbsp;&nbsp;&nbsp;&nbsp;&nbsp;<span class="nt">&lt;version</span> <span class="na">num=</span><span class="s">&quot;19&quot;</span> <span class="na">curr_loc=</span><span class="s">&quot;46&quot;</span> <span class="na">changed=</span><span class="s">&quot;1&quot;</span> <span class="na">churn=</span><span class="s">&quot;46&quot;</span> <span class="nt">/&gt;</span></div><div class='line' id='LC1962'>&nbsp;&nbsp;&nbsp;&nbsp;&nbsp;&nbsp;&nbsp;&nbsp;&nbsp;&nbsp;&nbsp;&nbsp;<span class="nt">&lt;version</span> <span class="na">num=</span><span class="s">&quot;31&quot;</span> <span class="na">curr_loc=</span><span class="s">&quot;45&quot;</span> <span class="na">changed=</span><span class="s">&quot;1&quot;</span> <span class="na">churn=</span><span class="s">&quot;47&quot;</span> <span class="nt">/&gt;</span></div><div class='line' id='LC1963'>&nbsp;&nbsp;&nbsp;&nbsp;&nbsp;&nbsp;&nbsp;&nbsp;&nbsp;&nbsp;&nbsp;&nbsp;<span class="nt">&lt;version</span> <span class="na">num=</span><span class="s">&quot;123&quot;</span> <span class="na">curr_loc=</span><span class="s">&quot;46&quot;</span> <span class="na">changed=</span><span class="s">&quot;1&quot;</span> <span class="na">churn=</span><span class="s">&quot;48&quot;</span> <span class="nt">/&gt;</span></div><div class='line' id='LC1964'>&nbsp;&nbsp;&nbsp;&nbsp;&nbsp;&nbsp;&nbsp;&nbsp;&nbsp;&nbsp;<span class="nt">&lt;/class&gt;</span></div><div class='line' id='LC1965'>&nbsp;&nbsp;&nbsp;&nbsp;&nbsp;&nbsp;&nbsp;&nbsp;&nbsp;&nbsp;<span class="nt">&lt;class</span> <span class="na">name=</span><span class="s">&quot;RunRules&quot;</span> <span class="na">type=</span><span class="s">&quot;ConcreteClass&quot;</span> <span class="na">maxLoc=</span><span class="s">&quot;27&quot;</span><span class="nt">&gt;</span></div><div class='line' id='LC1966'>&nbsp;&nbsp;&nbsp;&nbsp;&nbsp;&nbsp;&nbsp;&nbsp;&nbsp;&nbsp;&nbsp;&nbsp;<span class="nt">&lt;version</span> <span class="na">num=</span><span class="s">&quot;13&quot;</span> <span class="na">curr_loc=</span><span class="s">&quot;27&quot;</span> <span class="na">changed=</span><span class="s">&quot;1&quot;</span> <span class="na">churn=</span><span class="s">&quot;27&quot;</span> <span class="nt">/&gt;</span></div><div class='line' id='LC1967'>&nbsp;&nbsp;&nbsp;&nbsp;&nbsp;&nbsp;&nbsp;&nbsp;&nbsp;&nbsp;<span class="nt">&lt;/class&gt;</span></div><div class='line' id='LC1968'>&nbsp;&nbsp;&nbsp;&nbsp;&nbsp;&nbsp;&nbsp;&nbsp;&nbsp;&nbsp;<span class="nt">&lt;class</span> <span class="na">name=</span><span class="s">&quot;ErrorCollector&quot;</span> <span class="na">type=</span><span class="s">&quot;ConcreteClass&quot;</span> <span class="na">maxLoc=</span><span class="s">&quot;76&quot;</span><span class="nt">&gt;</span></div><div class='line' id='LC1969'>&nbsp;&nbsp;&nbsp;&nbsp;&nbsp;&nbsp;&nbsp;&nbsp;&nbsp;&nbsp;&nbsp;&nbsp;<span class="nt">&lt;version</span> <span class="na">num=</span><span class="s">&quot;29&quot;</span> <span class="na">curr_loc=</span><span class="s">&quot;76&quot;</span> <span class="na">changed=</span><span class="s">&quot;1&quot;</span> <span class="na">churn=</span><span class="s">&quot;76&quot;</span> <span class="nt">/&gt;</span></div><div class='line' id='LC1970'>&nbsp;&nbsp;&nbsp;&nbsp;&nbsp;&nbsp;&nbsp;&nbsp;&nbsp;&nbsp;&nbsp;&nbsp;<span class="nt">&lt;version</span> <span class="na">num=</span><span class="s">&quot;123&quot;</span> <span class="na">curr_loc=</span><span class="s">&quot;76&quot;</span> <span class="na">changed=</span><span class="s">&quot;1&quot;</span> <span class="na">churn=</span><span class="s">&quot;76&quot;</span> <span class="nt">/&gt;</span></div><div class='line' id='LC1971'>&nbsp;&nbsp;&nbsp;&nbsp;&nbsp;&nbsp;&nbsp;&nbsp;&nbsp;&nbsp;<span class="nt">&lt;/class&gt;</span></div><div class='line' id='LC1972'>&nbsp;&nbsp;&nbsp;&nbsp;&nbsp;&nbsp;&nbsp;&nbsp;&nbsp;&nbsp;<span class="nt">&lt;class</span> <span class="na">name=</span><span class="s">&quot;TestRuleTestWatchman&quot;</span> <span class="na">type=</span><span class="s">&quot;ConcreteClass&quot;</span> <span class="na">maxLoc=</span><span class="s">&quot;95&quot;</span><span class="nt">&gt;</span></div><div class='line' id='LC1973'>&nbsp;&nbsp;&nbsp;&nbsp;&nbsp;&nbsp;&nbsp;&nbsp;&nbsp;&nbsp;&nbsp;&nbsp;<span class="nt">&lt;version</span> <span class="na">num=</span><span class="s">&quot;30&quot;</span> <span class="na">curr_loc=</span><span class="s">&quot;94&quot;</span> <span class="na">changed=</span><span class="s">&quot;1&quot;</span> <span class="na">churn=</span><span class="s">&quot;94&quot;</span> <span class="nt">/&gt;</span></div><div class='line' id='LC1974'>&nbsp;&nbsp;&nbsp;&nbsp;&nbsp;&nbsp;&nbsp;&nbsp;&nbsp;&nbsp;&nbsp;&nbsp;<span class="nt">&lt;version</span> <span class="na">num=</span><span class="s">&quot;31&quot;</span> <span class="na">curr_loc=</span><span class="s">&quot;95&quot;</span> <span class="na">changed=</span><span class="s">&quot;1&quot;</span> <span class="na">churn=</span><span class="s">&quot;95&quot;</span> <span class="nt">/&gt;</span></div><div class='line' id='LC1975'>&nbsp;&nbsp;&nbsp;&nbsp;&nbsp;&nbsp;&nbsp;&nbsp;&nbsp;&nbsp;&nbsp;&nbsp;<span class="nt">&lt;version</span> <span class="na">num=</span><span class="s">&quot;32&quot;</span> <span class="na">curr_loc=</span><span class="s">&quot;94&quot;</span> <span class="na">changed=</span><span class="s">&quot;1&quot;</span> <span class="na">churn=</span><span class="s">&quot;96&quot;</span> <span class="nt">/&gt;</span></div><div class='line' id='LC1976'>&nbsp;&nbsp;&nbsp;&nbsp;&nbsp;&nbsp;&nbsp;&nbsp;&nbsp;&nbsp;<span class="nt">&lt;/class&gt;</span></div><div class='line' id='LC1977'>&nbsp;&nbsp;&nbsp;&nbsp;&nbsp;&nbsp;&nbsp;&nbsp;&nbsp;&nbsp;<span class="nt">&lt;class</span> <span class="na">name=</span><span class="s">&quot;TestWatchman&quot;</span> <span class="na">type=</span><span class="s">&quot;ConcreteClass&quot;</span> <span class="na">maxLoc=</span><span class="s">&quot;97&quot;</span><span class="nt">&gt;</span></div><div class='line' id='LC1978'>&nbsp;&nbsp;&nbsp;&nbsp;&nbsp;&nbsp;&nbsp;&nbsp;&nbsp;&nbsp;&nbsp;&nbsp;<span class="nt">&lt;version</span> <span class="na">num=</span><span class="s">&quot;30&quot;</span> <span class="na">curr_loc=</span><span class="s">&quot;97&quot;</span> <span class="na">changed=</span><span class="s">&quot;1&quot;</span> <span class="na">churn=</span><span class="s">&quot;97&quot;</span> <span class="nt">/&gt;</span></div><div class='line' id='LC1979'>&nbsp;&nbsp;&nbsp;&nbsp;&nbsp;&nbsp;&nbsp;&nbsp;&nbsp;&nbsp;&nbsp;&nbsp;<span class="nt">&lt;version</span> <span class="na">num=</span><span class="s">&quot;31&quot;</span> <span class="na">curr_loc=</span><span class="s">&quot;96&quot;</span> <span class="na">changed=</span><span class="s">&quot;1&quot;</span> <span class="na">churn=</span><span class="s">&quot;98&quot;</span> <span class="nt">/&gt;</span></div><div class='line' id='LC1980'>&nbsp;&nbsp;&nbsp;&nbsp;&nbsp;&nbsp;&nbsp;&nbsp;&nbsp;&nbsp;&nbsp;&nbsp;<span class="nt">&lt;version</span> <span class="na">num=</span><span class="s">&quot;123&quot;</span> <span class="na">curr_loc=</span><span class="s">&quot;93&quot;</span> <span class="na">changed=</span><span class="s">&quot;1&quot;</span> <span class="na">churn=</span><span class="s">&quot;101&quot;</span> <span class="nt">/&gt;</span></div><div class='line' id='LC1981'>&nbsp;&nbsp;&nbsp;&nbsp;&nbsp;&nbsp;&nbsp;&nbsp;&nbsp;&nbsp;<span class="nt">&lt;/class&gt;</span></div><div class='line' id='LC1982'>&nbsp;&nbsp;&nbsp;&nbsp;&nbsp;&nbsp;&nbsp;&nbsp;&nbsp;&nbsp;<span class="nt">&lt;class</span> <span class="na">name=</span><span class="s">&quot;BisectionRule&quot;</span> <span class="na">type=</span><span class="s">&quot;Interface&quot;</span> <span class="na">maxLoc=</span><span class="s">&quot;11&quot;</span><span class="nt">&gt;</span></div><div class='line' id='LC1983'>&nbsp;&nbsp;&nbsp;&nbsp;&nbsp;&nbsp;&nbsp;&nbsp;&nbsp;&nbsp;&nbsp;&nbsp;<span class="nt">&lt;version</span> <span class="na">num=</span><span class="s">&quot;33&quot;</span> <span class="na">curr_loc=</span><span class="s">&quot;11&quot;</span> <span class="na">changed=</span><span class="s">&quot;1&quot;</span> <span class="na">churn=</span><span class="s">&quot;11&quot;</span> <span class="nt">/&gt;</span></div><div class='line' id='LC1984'>&nbsp;&nbsp;&nbsp;&nbsp;&nbsp;&nbsp;&nbsp;&nbsp;&nbsp;&nbsp;&nbsp;&nbsp;<span class="nt">&lt;version</span> <span class="na">num=</span><span class="s">&quot;35&quot;</span> <span class="na">curr_loc=</span><span class="s">&quot;11&quot;</span> <span class="na">changed=</span><span class="s">&quot;1&quot;</span> <span class="na">churn=</span><span class="s">&quot;11&quot;</span> <span class="nt">/&gt;</span></div><div class='line' id='LC1985'>&nbsp;&nbsp;&nbsp;&nbsp;&nbsp;&nbsp;&nbsp;&nbsp;&nbsp;&nbsp;<span class="nt">&lt;/class&gt;</span></div><div class='line' id='LC1986'>&nbsp;&nbsp;&nbsp;&nbsp;&nbsp;&nbsp;&nbsp;&nbsp;&nbsp;&nbsp;<span class="nt">&lt;class</span> <span class="na">name=</span><span class="s">&quot;MethodRule&quot;</span> <span class="na">type=</span><span class="s">&quot;Interface&quot;</span> <span class="na">maxLoc=</span><span class="s">&quot;40&quot;</span><span class="nt">&gt;</span></div><div class='line' id='LC1987'>&nbsp;&nbsp;&nbsp;&nbsp;&nbsp;&nbsp;&nbsp;&nbsp;&nbsp;&nbsp;&nbsp;&nbsp;<span class="nt">&lt;version</span> <span class="na">num=</span><span class="s">&quot;33&quot;</span> <span class="na">curr_loc=</span><span class="s">&quot;40&quot;</span> <span class="na">changed=</span><span class="s">&quot;1&quot;</span> <span class="na">churn=</span><span class="s">&quot;40&quot;</span> <span class="nt">/&gt;</span></div><div class='line' id='LC1988'>&nbsp;&nbsp;&nbsp;&nbsp;&nbsp;&nbsp;&nbsp;&nbsp;&nbsp;&nbsp;&nbsp;&nbsp;<span class="nt">&lt;version</span> <span class="na">num=</span><span class="s">&quot;123&quot;</span> <span class="na">curr_loc=</span><span class="s">&quot;39&quot;</span> <span class="na">changed=</span><span class="s">&quot;1&quot;</span> <span class="na">churn=</span><span class="s">&quot;41&quot;</span> <span class="nt">/&gt;</span></div><div class='line' id='LC1989'>&nbsp;&nbsp;&nbsp;&nbsp;&nbsp;&nbsp;&nbsp;&nbsp;&nbsp;&nbsp;<span class="nt">&lt;/class&gt;</span></div><div class='line' id='LC1990'>&nbsp;&nbsp;&nbsp;&nbsp;&nbsp;&nbsp;&nbsp;&nbsp;&nbsp;&nbsp;<span class="nt">&lt;class</span> <span class="na">name=</span><span class="s">&quot;ClassRule&quot;</span> <span class="na">type=</span><span class="s">&quot;Interface&quot;</span> <span class="na">maxLoc=</span><span class="s">&quot;30&quot;</span><span class="nt">&gt;</span></div><div class='line' id='LC1991'>&nbsp;&nbsp;&nbsp;&nbsp;&nbsp;&nbsp;&nbsp;&nbsp;&nbsp;&nbsp;&nbsp;&nbsp;<span class="nt">&lt;version</span> <span class="na">num=</span><span class="s">&quot;39&quot;</span> <span class="na">curr_loc=</span><span class="s">&quot;30&quot;</span> <span class="na">changed=</span><span class="s">&quot;1&quot;</span> <span class="na">churn=</span><span class="s">&quot;30&quot;</span> <span class="nt">/&gt;</span></div><div class='line' id='LC1992'>&nbsp;&nbsp;&nbsp;&nbsp;&nbsp;&nbsp;&nbsp;&nbsp;&nbsp;&nbsp;&nbsp;&nbsp;<span class="nt">&lt;version</span> <span class="na">num=</span><span class="s">&quot;97&quot;</span> <span class="na">curr_loc=</span><span class="s">&quot;30&quot;</span> <span class="na">changed=</span><span class="s">&quot;1&quot;</span> <span class="na">churn=</span><span class="s">&quot;30&quot;</span> <span class="nt">/&gt;</span></div><div class='line' id='LC1993'>&nbsp;&nbsp;&nbsp;&nbsp;&nbsp;&nbsp;&nbsp;&nbsp;&nbsp;&nbsp;&nbsp;&nbsp;<span class="nt">&lt;version</span> <span class="na">num=</span><span class="s">&quot;104&quot;</span> <span class="na">curr_loc=</span><span class="s">&quot;30&quot;</span> <span class="na">changed=</span><span class="s">&quot;1&quot;</span> <span class="na">churn=</span><span class="s">&quot;30&quot;</span> <span class="nt">/&gt;</span></div><div class='line' id='LC1994'>&nbsp;&nbsp;&nbsp;&nbsp;&nbsp;&nbsp;&nbsp;&nbsp;&nbsp;&nbsp;<span class="nt">&lt;/class&gt;</span></div><div class='line' id='LC1995'>&nbsp;&nbsp;&nbsp;&nbsp;&nbsp;&nbsp;&nbsp;&nbsp;&nbsp;&nbsp;<span class="nt">&lt;class</span> <span class="na">name=</span><span class="s">&quot;TemporaryFolder&quot;</span> <span class="na">type=</span><span class="s">&quot;ConcreteClass&quot;</span> <span class="na">maxLoc=</span><span class="s">&quot;91&quot;</span><span class="nt">&gt;</span></div><div class='line' id='LC1996'>&nbsp;&nbsp;&nbsp;&nbsp;&nbsp;&nbsp;&nbsp;&nbsp;&nbsp;&nbsp;&nbsp;&nbsp;<span class="nt">&lt;version</span> <span class="na">num=</span><span class="s">&quot;123&quot;</span> <span class="na">curr_loc=</span><span class="s">&quot;91&quot;</span> <span class="na">changed=</span><span class="s">&quot;1&quot;</span> <span class="na">churn=</span><span class="s">&quot;91&quot;</span> <span class="nt">/&gt;</span></div><div class='line' id='LC1997'>&nbsp;&nbsp;&nbsp;&nbsp;&nbsp;&nbsp;&nbsp;&nbsp;&nbsp;&nbsp;<span class="nt">&lt;/class&gt;</span></div><div class='line' id='LC1998'>&nbsp;&nbsp;&nbsp;&nbsp;&nbsp;&nbsp;&nbsp;&nbsp;<span class="nt">&lt;/package&gt;</span></div><div class='line' id='LC1999'>&nbsp;&nbsp;&nbsp;&nbsp;&nbsp;&nbsp;&nbsp;&nbsp;<span class="nt">&lt;class</span> <span class="na">name=</span><span class="s">&quot;Assert&quot;</span> <span class="na">type=</span><span class="s">&quot;ConcreteClass&quot;</span> <span class="na">maxLoc=</span><span class="s">&quot;824&quot;</span><span class="nt">&gt;</span></div><div class='line' id='LC2000'>&nbsp;&nbsp;&nbsp;&nbsp;&nbsp;&nbsp;&nbsp;&nbsp;&nbsp;&nbsp;<span class="nt">&lt;version</span> <span class="na">num=</span><span class="s">&quot;12&quot;</span> <span class="na">curr_loc=</span><span class="s">&quot;783&quot;</span> <span class="na">changed=</span><span class="s">&quot;1&quot;</span> <span class="na">churn=</span><span class="s">&quot;783&quot;</span> <span class="nt">/&gt;</span></div><div class='line' id='LC2001'>&nbsp;&nbsp;&nbsp;&nbsp;&nbsp;&nbsp;&nbsp;&nbsp;&nbsp;&nbsp;<span class="nt">&lt;version</span> <span class="na">num=</span><span class="s">&quot;117&quot;</span> <span class="na">curr_loc=</span><span class="s">&quot;781&quot;</span> <span class="na">changed=</span><span class="s">&quot;1&quot;</span> <span class="na">churn=</span><span class="s">&quot;785&quot;</span> <span class="nt">/&gt;</span></div><div class='line' id='LC2002'>&nbsp;&nbsp;&nbsp;&nbsp;&nbsp;&nbsp;&nbsp;&nbsp;&nbsp;&nbsp;<span class="nt">&lt;version</span> <span class="na">num=</span><span class="s">&quot;119&quot;</span> <span class="na">curr_loc=</span><span class="s">&quot;801&quot;</span> <span class="na">changed=</span><span class="s">&quot;1&quot;</span> <span class="na">churn=</span><span class="s">&quot;805&quot;</span> <span class="nt">/&gt;</span></div><div class='line' id='LC2003'>&nbsp;&nbsp;&nbsp;&nbsp;&nbsp;&nbsp;&nbsp;&nbsp;&nbsp;&nbsp;<span class="nt">&lt;version</span> <span class="na">num=</span><span class="s">&quot;167&quot;</span> <span class="na">curr_loc=</span><span class="s">&quot;791&quot;</span> <span class="na">changed=</span><span class="s">&quot;1&quot;</span> <span class="na">churn=</span><span class="s">&quot;815&quot;</span> <span class="nt">/&gt;</span></div><div class='line' id='LC2004'>&nbsp;&nbsp;&nbsp;&nbsp;&nbsp;&nbsp;&nbsp;&nbsp;&nbsp;&nbsp;<span class="nt">&lt;version</span> <span class="na">num=</span><span class="s">&quot;171&quot;</span> <span class="na">curr_loc=</span><span class="s">&quot;800&quot;</span> <span class="na">changed=</span><span class="s">&quot;1&quot;</span> <span class="na">churn=</span><span class="s">&quot;824&quot;</span> <span class="nt">/&gt;</span></div><div class='line' id='LC2005'>&nbsp;&nbsp;&nbsp;&nbsp;&nbsp;&nbsp;&nbsp;&nbsp;&nbsp;&nbsp;<span class="nt">&lt;version</span> <span class="na">num=</span><span class="s">&quot;177&quot;</span> <span class="na">curr_loc=</span><span class="s">&quot;800&quot;</span> <span class="na">changed=</span><span class="s">&quot;1&quot;</span> <span class="na">churn=</span><span class="s">&quot;824&quot;</span> <span class="nt">/&gt;</span></div><div class='line' id='LC2006'>&nbsp;&nbsp;&nbsp;&nbsp;&nbsp;&nbsp;&nbsp;&nbsp;&nbsp;&nbsp;<span class="nt">&lt;version</span> <span class="na">num=</span><span class="s">&quot;232&quot;</span> <span class="na">curr_loc=</span><span class="s">&quot;800&quot;</span> <span class="na">changed=</span><span class="s">&quot;1&quot;</span> <span class="na">churn=</span><span class="s">&quot;824&quot;</span> <span class="nt">/&gt;</span></div><div class='line' id='LC2007'>&nbsp;&nbsp;&nbsp;&nbsp;&nbsp;&nbsp;&nbsp;&nbsp;&nbsp;&nbsp;<span class="nt">&lt;version</span> <span class="na">num=</span><span class="s">&quot;238&quot;</span> <span class="na">curr_loc=</span><span class="s">&quot;800&quot;</span> <span class="na">changed=</span><span class="s">&quot;1&quot;</span> <span class="na">churn=</span><span class="s">&quot;824&quot;</span> <span class="nt">/&gt;</span></div><div class='line' id='LC2008'>&nbsp;&nbsp;&nbsp;&nbsp;&nbsp;&nbsp;&nbsp;&nbsp;&nbsp;&nbsp;<span class="nt">&lt;version</span> <span class="na">num=</span><span class="s">&quot;239&quot;</span> <span class="na">curr_loc=</span><span class="s">&quot;823&quot;</span> <span class="na">changed=</span><span class="s">&quot;1&quot;</span> <span class="na">churn=</span><span class="s">&quot;847&quot;</span> <span class="nt">/&gt;</span></div><div class='line' id='LC2009'>&nbsp;&nbsp;&nbsp;&nbsp;&nbsp;&nbsp;&nbsp;&nbsp;&nbsp;&nbsp;<span class="nt">&lt;version</span> <span class="na">num=</span><span class="s">&quot;241&quot;</span> <span class="na">curr_loc=</span><span class="s">&quot;800&quot;</span> <span class="na">changed=</span><span class="s">&quot;1&quot;</span> <span class="na">churn=</span><span class="s">&quot;870&quot;</span> <span class="nt">/&gt;</span></div><div class='line' id='LC2010'>&nbsp;&nbsp;&nbsp;&nbsp;&nbsp;&nbsp;&nbsp;&nbsp;&nbsp;&nbsp;<span class="nt">&lt;version</span> <span class="na">num=</span><span class="s">&quot;249&quot;</span> <span class="na">curr_loc=</span><span class="s">&quot;800&quot;</span> <span class="na">changed=</span><span class="s">&quot;1&quot;</span> <span class="na">churn=</span><span class="s">&quot;870&quot;</span> <span class="nt">/&gt;</span></div><div class='line' id='LC2011'>&nbsp;&nbsp;&nbsp;&nbsp;&nbsp;&nbsp;&nbsp;&nbsp;&nbsp;&nbsp;<span class="nt">&lt;version</span> <span class="na">num=</span><span class="s">&quot;253&quot;</span> <span class="na">curr_loc=</span><span class="s">&quot;823&quot;</span> <span class="na">changed=</span><span class="s">&quot;1&quot;</span> <span class="na">churn=</span><span class="s">&quot;893&quot;</span> <span class="nt">/&gt;</span></div><div class='line' id='LC2012'>&nbsp;&nbsp;&nbsp;&nbsp;&nbsp;&nbsp;&nbsp;&nbsp;&nbsp;&nbsp;<span class="nt">&lt;version</span> <span class="na">num=</span><span class="s">&quot;273&quot;</span> <span class="na">curr_loc=</span><span class="s">&quot;824&quot;</span> <span class="na">changed=</span><span class="s">&quot;1&quot;</span> <span class="na">churn=</span><span class="s">&quot;894&quot;</span> <span class="nt">/&gt;</span></div><div class='line' id='LC2013'>&nbsp;&nbsp;&nbsp;&nbsp;&nbsp;&nbsp;&nbsp;&nbsp;&nbsp;&nbsp;<span class="nt">&lt;version</span> <span class="na">num=</span><span class="s">&quot;274&quot;</span> <span class="na">curr_loc=</span><span class="s">&quot;824&quot;</span> <span class="na">changed=</span><span class="s">&quot;1&quot;</span> <span class="na">churn=</span><span class="s">&quot;894&quot;</span> <span class="nt">/&gt;</span></div><div class='line' id='LC2014'>&nbsp;&nbsp;&nbsp;&nbsp;&nbsp;&nbsp;&nbsp;&nbsp;&nbsp;&nbsp;<span class="nt">&lt;version</span> <span class="na">num=</span><span class="s">&quot;286&quot;</span> <span class="na">curr_loc=</span><span class="s">&quot;793&quot;</span> <span class="na">changed=</span><span class="s">&quot;1&quot;</span> <span class="na">churn=</span><span class="s">&quot;925&quot;</span> <span class="nt">/&gt;</span></div><div class='line' id='LC2015'>&nbsp;&nbsp;&nbsp;&nbsp;&nbsp;&nbsp;&nbsp;&nbsp;&nbsp;&nbsp;<span class="nt">&lt;version</span> <span class="na">num=</span><span class="s">&quot;291&quot;</span> <span class="na">curr_loc=</span><span class="s">&quot;794&quot;</span> <span class="na">changed=</span><span class="s">&quot;1&quot;</span> <span class="na">churn=</span><span class="s">&quot;926&quot;</span> <span class="nt">/&gt;</span></div><div class='line' id='LC2016'>&nbsp;&nbsp;&nbsp;&nbsp;&nbsp;&nbsp;&nbsp;&nbsp;&nbsp;&nbsp;<span class="nt">&lt;version</span> <span class="na">num=</span><span class="s">&quot;361&quot;</span> <span class="na">curr_loc=</span><span class="s">&quot;753&quot;</span> <span class="na">changed=</span><span class="s">&quot;1&quot;</span> <span class="na">churn=</span><span class="s">&quot;967&quot;</span> <span class="nt">/&gt;</span></div><div class='line' id='LC2017'>&nbsp;&nbsp;&nbsp;&nbsp;&nbsp;&nbsp;&nbsp;&nbsp;&nbsp;&nbsp;<span class="nt">&lt;version</span> <span class="na">num=</span><span class="s">&quot;365&quot;</span> <span class="na">curr_loc=</span><span class="s">&quot;755&quot;</span> <span class="na">changed=</span><span class="s">&quot;1&quot;</span> <span class="na">churn=</span><span class="s">&quot;969&quot;</span> <span class="nt">/&gt;</span></div><div class='line' id='LC2018'>&nbsp;&nbsp;&nbsp;&nbsp;&nbsp;&nbsp;&nbsp;&nbsp;&nbsp;&nbsp;<span class="nt">&lt;version</span> <span class="na">num=</span><span class="s">&quot;366&quot;</span> <span class="na">curr_loc=</span><span class="s">&quot;571&quot;</span> <span class="na">changed=</span><span class="s">&quot;1&quot;</span> <span class="na">churn=</span><span class="s">&quot;1153&quot;</span> <span class="nt">/&gt;</span></div><div class='line' id='LC2019'>&nbsp;&nbsp;&nbsp;&nbsp;&nbsp;&nbsp;&nbsp;&nbsp;&nbsp;&nbsp;<span class="nt">&lt;version</span> <span class="na">num=</span><span class="s">&quot;372&quot;</span> <span class="na">curr_loc=</span><span class="s">&quot;510&quot;</span> <span class="na">changed=</span><span class="s">&quot;1&quot;</span> <span class="na">churn=</span><span class="s">&quot;1214&quot;</span> <span class="nt">/&gt;</span></div><div class='line' id='LC2020'>&nbsp;&nbsp;&nbsp;&nbsp;&nbsp;&nbsp;&nbsp;&nbsp;<span class="nt">&lt;/class&gt;</span></div><div class='line' id='LC2021'>&nbsp;&nbsp;&nbsp;&nbsp;&nbsp;&nbsp;&nbsp;&nbsp;<span class="nt">&lt;package</span> <span class="na">name=</span><span class="s">&quot;internal&quot;</span><span class="nt">&gt;</span></div><div class='line' id='LC2022'>&nbsp;&nbsp;&nbsp;&nbsp;&nbsp;&nbsp;&nbsp;&nbsp;&nbsp;&nbsp;<span class="nt">&lt;package</span> <span class="na">name=</span><span class="s">&quot;runners&quot;</span><span class="nt">&gt;</span></div><div class='line' id='LC2023'>&nbsp;&nbsp;&nbsp;&nbsp;&nbsp;&nbsp;&nbsp;&nbsp;&nbsp;&nbsp;&nbsp;&nbsp;<span class="nt">&lt;package</span> <span class="na">name=</span><span class="s">&quot;model&quot;</span><span class="nt">&gt;</span></div><div class='line' id='LC2024'>&nbsp;&nbsp;&nbsp;&nbsp;&nbsp;&nbsp;&nbsp;&nbsp;&nbsp;&nbsp;&nbsp;&nbsp;&nbsp;&nbsp;<span class="nt">&lt;class</span> <span class="na">name=</span><span class="s">&quot;EachTestNotifier&quot;</span> <span class="na">type=</span><span class="s">&quot;ConcreteClass&quot;</span> <span class="na">maxLoc=</span><span class="s">&quot;59&quot;</span><span class="nt">&gt;</span></div><div class='line' id='LC2025'>&nbsp;&nbsp;&nbsp;&nbsp;&nbsp;&nbsp;&nbsp;&nbsp;&nbsp;&nbsp;&nbsp;&nbsp;&nbsp;&nbsp;&nbsp;&nbsp;<span class="nt">&lt;version</span> <span class="na">num=</span><span class="s">&quot;29&quot;</span> <span class="na">curr_loc=</span><span class="s">&quot;51&quot;</span> <span class="na">changed=</span><span class="s">&quot;1&quot;</span> <span class="na">churn=</span><span class="s">&quot;51&quot;</span> <span class="nt">/&gt;</span></div><div class='line' id='LC2026'>&nbsp;&nbsp;&nbsp;&nbsp;&nbsp;&nbsp;&nbsp;&nbsp;&nbsp;&nbsp;&nbsp;&nbsp;&nbsp;&nbsp;&nbsp;&nbsp;<span class="nt">&lt;version</span> <span class="na">num=</span><span class="s">&quot;81&quot;</span> <span class="na">curr_loc=</span><span class="s">&quot;50&quot;</span> <span class="na">changed=</span><span class="s">&quot;1&quot;</span> <span class="na">churn=</span><span class="s">&quot;52&quot;</span> <span class="nt">/&gt;</span></div><div class='line' id='LC2027'>&nbsp;&nbsp;&nbsp;&nbsp;&nbsp;&nbsp;&nbsp;&nbsp;&nbsp;&nbsp;&nbsp;&nbsp;&nbsp;&nbsp;&nbsp;&nbsp;<span class="nt">&lt;version</span> <span class="na">num=</span><span class="s">&quot;318&quot;</span> <span class="na">curr_loc=</span><span class="s">&quot;47&quot;</span> <span class="na">changed=</span><span class="s">&quot;1&quot;</span> <span class="na">churn=</span><span class="s">&quot;55&quot;</span> <span class="nt">/&gt;</span></div><div class='line' id='LC2028'>&nbsp;&nbsp;&nbsp;&nbsp;&nbsp;&nbsp;&nbsp;&nbsp;&nbsp;&nbsp;&nbsp;&nbsp;&nbsp;&nbsp;&nbsp;&nbsp;<span class="nt">&lt;version</span> <span class="na">num=</span><span class="s">&quot;367&quot;</span> <span class="na">curr_loc=</span><span class="s">&quot;42&quot;</span> <span class="na">changed=</span><span class="s">&quot;1&quot;</span> <span class="na">churn=</span><span class="s">&quot;60&quot;</span> <span class="nt">/&gt;</span></div><div class='line' id='LC2029'>&nbsp;&nbsp;&nbsp;&nbsp;&nbsp;&nbsp;&nbsp;&nbsp;&nbsp;&nbsp;&nbsp;&nbsp;&nbsp;&nbsp;&nbsp;&nbsp;<span class="nt">&lt;version</span> <span class="na">num=</span><span class="s">&quot;386&quot;</span> <span class="na">curr_loc=</span><span class="s">&quot;48&quot;</span> <span class="na">changed=</span><span class="s">&quot;1&quot;</span> <span class="na">churn=</span><span class="s">&quot;66&quot;</span> <span class="nt">/&gt;</span></div><div class='line' id='LC2030'>&nbsp;&nbsp;&nbsp;&nbsp;&nbsp;&nbsp;&nbsp;&nbsp;&nbsp;&nbsp;&nbsp;&nbsp;&nbsp;&nbsp;&nbsp;&nbsp;<span class="nt">&lt;version</span> <span class="na">num=</span><span class="s">&quot;398&quot;</span> <span class="na">curr_loc=</span><span class="s">&quot;58&quot;</span> <span class="na">changed=</span><span class="s">&quot;1&quot;</span> <span class="na">churn=</span><span class="s">&quot;76&quot;</span> <span class="nt">/&gt;</span></div><div class='line' id='LC2031'>&nbsp;&nbsp;&nbsp;&nbsp;&nbsp;&nbsp;&nbsp;&nbsp;&nbsp;&nbsp;&nbsp;&nbsp;&nbsp;&nbsp;&nbsp;&nbsp;<span class="nt">&lt;version</span> <span class="na">num=</span><span class="s">&quot;404&quot;</span> <span class="na">curr_loc=</span><span class="s">&quot;59&quot;</span> <span class="na">changed=</span><span class="s">&quot;1&quot;</span> <span class="na">churn=</span><span class="s">&quot;77&quot;</span> <span class="nt">/&gt;</span></div><div class='line' id='LC2032'>&nbsp;&nbsp;&nbsp;&nbsp;&nbsp;&nbsp;&nbsp;&nbsp;&nbsp;&nbsp;&nbsp;&nbsp;&nbsp;&nbsp;&nbsp;&nbsp;<span class="nt">&lt;version</span> <span class="na">num=</span><span class="s">&quot;413&quot;</span> <span class="na">curr_loc=</span><span class="s">&quot;57&quot;</span> <span class="na">changed=</span><span class="s">&quot;1&quot;</span> <span class="na">churn=</span><span class="s">&quot;79&quot;</span> <span class="nt">/&gt;</span></div><div class='line' id='LC2033'>&nbsp;&nbsp;&nbsp;&nbsp;&nbsp;&nbsp;&nbsp;&nbsp;&nbsp;&nbsp;&nbsp;&nbsp;&nbsp;&nbsp;&nbsp;&nbsp;<span class="nt">&lt;version</span> <span class="na">num=</span><span class="s">&quot;429&quot;</span> <span class="na">curr_loc=</span><span class="s">&quot;58&quot;</span> <span class="na">changed=</span><span class="s">&quot;1&quot;</span> <span class="na">churn=</span><span class="s">&quot;80&quot;</span> <span class="nt">/&gt;</span></div><div class='line' id='LC2034'>&nbsp;&nbsp;&nbsp;&nbsp;&nbsp;&nbsp;&nbsp;&nbsp;&nbsp;&nbsp;&nbsp;&nbsp;&nbsp;&nbsp;<span class="nt">&lt;/class&gt;</span></div><div class='line' id='LC2035'>&nbsp;&nbsp;&nbsp;&nbsp;&nbsp;&nbsp;&nbsp;&nbsp;&nbsp;&nbsp;&nbsp;&nbsp;&nbsp;&nbsp;<span class="nt">&lt;class</span> <span class="na">name=</span><span class="s">&quot;MultipleFailureException&quot;</span> <span class="na">type=</span><span class="s">&quot;ConcreteClass&quot;</span> <span class="na">maxLoc=</span><span class="s">&quot;25&quot;</span><span class="nt">&gt;</span></div><div class='line' id='LC2036'>&nbsp;&nbsp;&nbsp;&nbsp;&nbsp;&nbsp;&nbsp;&nbsp;&nbsp;&nbsp;&nbsp;&nbsp;&nbsp;&nbsp;&nbsp;&nbsp;<span class="nt">&lt;version</span> <span class="na">num=</span><span class="s">&quot;29&quot;</span> <span class="na">curr_loc=</span><span class="s">&quot;12&quot;</span> <span class="na">changed=</span><span class="s">&quot;1&quot;</span> <span class="na">churn=</span><span class="s">&quot;12&quot;</span> <span class="nt">/&gt;</span></div><div class='line' id='LC2037'>&nbsp;&nbsp;&nbsp;&nbsp;&nbsp;&nbsp;&nbsp;&nbsp;&nbsp;&nbsp;&nbsp;&nbsp;&nbsp;&nbsp;&nbsp;&nbsp;<span class="nt">&lt;version</span> <span class="na">num=</span><span class="s">&quot;157&quot;</span> <span class="na">curr_loc=</span><span class="s">&quot;25&quot;</span> <span class="na">changed=</span><span class="s">&quot;1&quot;</span> <span class="na">churn=</span><span class="s">&quot;25&quot;</span> <span class="nt">/&gt;</span></div><div class='line' id='LC2038'>&nbsp;&nbsp;&nbsp;&nbsp;&nbsp;&nbsp;&nbsp;&nbsp;&nbsp;&nbsp;&nbsp;&nbsp;&nbsp;&nbsp;&nbsp;&nbsp;<span class="nt">&lt;version</span> <span class="na">num=</span><span class="s">&quot;158&quot;</span> <span class="na">curr_loc=</span><span class="s">&quot;25&quot;</span> <span class="na">changed=</span><span class="s">&quot;1&quot;</span> <span class="na">churn=</span><span class="s">&quot;25&quot;</span> <span class="nt">/&gt;</span></div><div class='line' id='LC2039'>&nbsp;&nbsp;&nbsp;&nbsp;&nbsp;&nbsp;&nbsp;&nbsp;&nbsp;&nbsp;&nbsp;&nbsp;&nbsp;&nbsp;&nbsp;&nbsp;<span class="nt">&lt;version</span> <span class="na">num=</span><span class="s">&quot;374&quot;</span> <span class="na">curr_loc=</span><span class="s">&quot;17&quot;</span> <span class="na">changed=</span><span class="s">&quot;1&quot;</span> <span class="na">churn=</span><span class="s">&quot;33&quot;</span> <span class="nt">/&gt;</span></div><div class='line' id='LC2040'>&nbsp;&nbsp;&nbsp;&nbsp;&nbsp;&nbsp;&nbsp;&nbsp;&nbsp;&nbsp;&nbsp;&nbsp;&nbsp;&nbsp;<span class="nt">&lt;/class&gt;</span></div><div class='line' id='LC2041'>&nbsp;&nbsp;&nbsp;&nbsp;&nbsp;&nbsp;&nbsp;&nbsp;&nbsp;&nbsp;&nbsp;&nbsp;&nbsp;&nbsp;<span class="nt">&lt;class</span> <span class="na">name=</span><span class="s">&quot;TestClass&quot;</span> <span class="na">type=</span><span class="s">&quot;ConcreteClass&quot;</span> <span class="na">maxLoc=</span><span class="s">&quot;165&quot;</span><span class="nt">&gt;</span></div><div class='line' id='LC2042'>&nbsp;&nbsp;&nbsp;&nbsp;&nbsp;&nbsp;&nbsp;&nbsp;&nbsp;&nbsp;&nbsp;&nbsp;&nbsp;&nbsp;&nbsp;&nbsp;<span class="nt">&lt;version</span> <span class="na">num=</span><span class="s">&quot;332&quot;</span> <span class="na">curr_loc=</span><span class="s">&quot;130&quot;</span> <span class="na">changed=</span><span class="s">&quot;1&quot;</span> <span class="na">churn=</span><span class="s">&quot;130&quot;</span> <span class="nt">/&gt;</span></div><div class='line' id='LC2043'>&nbsp;&nbsp;&nbsp;&nbsp;&nbsp;&nbsp;&nbsp;&nbsp;&nbsp;&nbsp;&nbsp;&nbsp;&nbsp;&nbsp;&nbsp;&nbsp;<span class="nt">&lt;version</span> <span class="na">num=</span><span class="s">&quot;336&quot;</span> <span class="na">curr_loc=</span><span class="s">&quot;165&quot;</span> <span class="na">changed=</span><span class="s">&quot;1&quot;</span> <span class="na">churn=</span><span class="s">&quot;165&quot;</span> <span class="nt">/&gt;</span></div><div class='line' id='LC2044'>&nbsp;&nbsp;&nbsp;&nbsp;&nbsp;&nbsp;&nbsp;&nbsp;&nbsp;&nbsp;&nbsp;&nbsp;&nbsp;&nbsp;&nbsp;&nbsp;<span class="nt">&lt;version</span> <span class="na">num=</span><span class="s">&quot;337&quot;</span> <span class="na">curr_loc=</span><span class="s">&quot;165&quot;</span> <span class="na">changed=</span><span class="s">&quot;1&quot;</span> <span class="na">churn=</span><span class="s">&quot;165&quot;</span> <span class="nt">/&gt;</span></div><div class='line' id='LC2045'>&nbsp;&nbsp;&nbsp;&nbsp;&nbsp;&nbsp;&nbsp;&nbsp;&nbsp;&nbsp;&nbsp;&nbsp;&nbsp;&nbsp;&nbsp;&nbsp;<span class="nt">&lt;version</span> <span class="na">num=</span><span class="s">&quot;374&quot;</span> <span class="na">curr_loc=</span><span class="s">&quot;160&quot;</span> <span class="na">changed=</span><span class="s">&quot;1&quot;</span> <span class="na">churn=</span><span class="s">&quot;170&quot;</span> <span class="nt">/&gt;</span></div><div class='line' id='LC2046'>&nbsp;&nbsp;&nbsp;&nbsp;&nbsp;&nbsp;&nbsp;&nbsp;&nbsp;&nbsp;&nbsp;&nbsp;&nbsp;&nbsp;&nbsp;&nbsp;<span class="nt">&lt;version</span> <span class="na">num=</span><span class="s">&quot;378&quot;</span> <span class="na">curr_loc=</span><span class="s">&quot;155&quot;</span> <span class="na">changed=</span><span class="s">&quot;1&quot;</span> <span class="na">churn=</span><span class="s">&quot;175&quot;</span> <span class="nt">/&gt;</span></div><div class='line' id='LC2047'>&nbsp;&nbsp;&nbsp;&nbsp;&nbsp;&nbsp;&nbsp;&nbsp;&nbsp;&nbsp;&nbsp;&nbsp;&nbsp;&nbsp;&nbsp;&nbsp;<span class="nt">&lt;version</span> <span class="na">num=</span><span class="s">&quot;379&quot;</span> <span class="na">curr_loc=</span><span class="s">&quot;163&quot;</span> <span class="na">changed=</span><span class="s">&quot;1&quot;</span> <span class="na">churn=</span><span class="s">&quot;183&quot;</span> <span class="nt">/&gt;</span></div><div class='line' id='LC2048'>&nbsp;&nbsp;&nbsp;&nbsp;&nbsp;&nbsp;&nbsp;&nbsp;&nbsp;&nbsp;&nbsp;&nbsp;&nbsp;&nbsp;&nbsp;&nbsp;<span class="nt">&lt;version</span> <span class="na">num=</span><span class="s">&quot;386&quot;</span> <span class="na">curr_loc=</span><span class="s">&quot;138&quot;</span> <span class="na">changed=</span><span class="s">&quot;1&quot;</span> <span class="na">churn=</span><span class="s">&quot;208&quot;</span> <span class="nt">/&gt;</span></div><div class='line' id='LC2049'>&nbsp;&nbsp;&nbsp;&nbsp;&nbsp;&nbsp;&nbsp;&nbsp;&nbsp;&nbsp;&nbsp;&nbsp;&nbsp;&nbsp;&nbsp;&nbsp;<span class="nt">&lt;version</span> <span class="na">num=</span><span class="s">&quot;389&quot;</span> <span class="na">curr_loc=</span><span class="s">&quot;140&quot;</span> <span class="na">changed=</span><span class="s">&quot;1&quot;</span> <span class="na">churn=</span><span class="s">&quot;210&quot;</span> <span class="nt">/&gt;</span></div><div class='line' id='LC2050'>&nbsp;&nbsp;&nbsp;&nbsp;&nbsp;&nbsp;&nbsp;&nbsp;&nbsp;&nbsp;&nbsp;&nbsp;&nbsp;&nbsp;&nbsp;&nbsp;<span class="nt">&lt;version</span> <span class="na">num=</span><span class="s">&quot;398&quot;</span> <span class="na">curr_loc=</span><span class="s">&quot;141&quot;</span> <span class="na">changed=</span><span class="s">&quot;1&quot;</span> <span class="na">churn=</span><span class="s">&quot;211&quot;</span> <span class="nt">/&gt;</span></div><div class='line' id='LC2051'>&nbsp;&nbsp;&nbsp;&nbsp;&nbsp;&nbsp;&nbsp;&nbsp;&nbsp;&nbsp;&nbsp;&nbsp;&nbsp;&nbsp;&nbsp;&nbsp;<span class="nt">&lt;version</span> <span class="na">num=</span><span class="s">&quot;423&quot;</span> <span class="na">curr_loc=</span><span class="s">&quot;130&quot;</span> <span class="na">changed=</span><span class="s">&quot;1&quot;</span> <span class="na">churn=</span><span class="s">&quot;222&quot;</span> <span class="nt">/&gt;</span></div><div class='line' id='LC2052'>&nbsp;&nbsp;&nbsp;&nbsp;&nbsp;&nbsp;&nbsp;&nbsp;&nbsp;&nbsp;&nbsp;&nbsp;&nbsp;&nbsp;<span class="nt">&lt;/class&gt;</span></div><div class='line' id='LC2053'>&nbsp;&nbsp;&nbsp;&nbsp;&nbsp;&nbsp;&nbsp;&nbsp;&nbsp;&nbsp;&nbsp;&nbsp;&nbsp;&nbsp;<span class="nt">&lt;class</span> <span class="na">name=</span><span class="s">&quot;TestElement&quot;</span> <span class="na">type=</span><span class="s">&quot;AbstractClass&quot;</span> <span class="na">maxLoc=</span><span class="s">&quot;29&quot;</span><span class="nt">&gt;</span></div><div class='line' id='LC2054'>&nbsp;&nbsp;&nbsp;&nbsp;&nbsp;&nbsp;&nbsp;&nbsp;&nbsp;&nbsp;&nbsp;&nbsp;&nbsp;&nbsp;&nbsp;&nbsp;<span class="nt">&lt;version</span> <span class="na">num=</span><span class="s">&quot;332&quot;</span> <span class="na">curr_loc=</span><span class="s">&quot;29&quot;</span> <span class="na">changed=</span><span class="s">&quot;1&quot;</span> <span class="na">churn=</span><span class="s">&quot;29&quot;</span> <span class="nt">/&gt;</span></div><div class='line' id='LC2055'>&nbsp;&nbsp;&nbsp;&nbsp;&nbsp;&nbsp;&nbsp;&nbsp;&nbsp;&nbsp;&nbsp;&nbsp;&nbsp;&nbsp;&nbsp;&nbsp;<span class="nt">&lt;version</span> <span class="na">num=</span><span class="s">&quot;336&quot;</span> <span class="na">curr_loc=</span><span class="s">&quot;11&quot;</span> <span class="na">changed=</span><span class="s">&quot;1&quot;</span> <span class="na">churn=</span><span class="s">&quot;47&quot;</span> <span class="nt">/&gt;</span></div><div class='line' id='LC2056'>&nbsp;&nbsp;&nbsp;&nbsp;&nbsp;&nbsp;&nbsp;&nbsp;&nbsp;&nbsp;&nbsp;&nbsp;&nbsp;&nbsp;&nbsp;&nbsp;<span class="nt">&lt;version</span> <span class="na">num=</span><span class="s">&quot;337&quot;</span> <span class="na">curr_loc=</span><span class="s">&quot;11&quot;</span> <span class="na">changed=</span><span class="s">&quot;1&quot;</span> <span class="na">churn=</span><span class="s">&quot;47&quot;</span> <span class="nt">/&gt;</span></div><div class='line' id='LC2057'>&nbsp;&nbsp;&nbsp;&nbsp;&nbsp;&nbsp;&nbsp;&nbsp;&nbsp;&nbsp;&nbsp;&nbsp;&nbsp;&nbsp;&nbsp;&nbsp;<span class="nt">&lt;version</span> <span class="na">num=</span><span class="s">&quot;370&quot;</span> <span class="na">curr_loc=</span><span class="s">&quot;9&quot;</span> <span class="na">changed=</span><span class="s">&quot;1&quot;</span> <span class="na">churn=</span><span class="s">&quot;49&quot;</span> <span class="nt">/&gt;</span></div><div class='line' id='LC2058'>&nbsp;&nbsp;&nbsp;&nbsp;&nbsp;&nbsp;&nbsp;&nbsp;&nbsp;&nbsp;&nbsp;&nbsp;&nbsp;&nbsp;&nbsp;&nbsp;<span class="nt">&lt;version</span> <span class="na">num=</span><span class="s">&quot;371&quot;</span> <span class="na">curr_loc=</span><span class="s">&quot;11&quot;</span> <span class="na">changed=</span><span class="s">&quot;1&quot;</span> <span class="na">churn=</span><span class="s">&quot;51&quot;</span> <span class="nt">/&gt;</span></div><div class='line' id='LC2059'>&nbsp;&nbsp;&nbsp;&nbsp;&nbsp;&nbsp;&nbsp;&nbsp;&nbsp;&nbsp;&nbsp;&nbsp;&nbsp;&nbsp;&nbsp;&nbsp;<span class="nt">&lt;version</span> <span class="na">num=</span><span class="s">&quot;374&quot;</span> <span class="na">curr_loc=</span><span class="s">&quot;15&quot;</span> <span class="na">changed=</span><span class="s">&quot;1&quot;</span> <span class="na">churn=</span><span class="s">&quot;55&quot;</span> <span class="nt">/&gt;</span></div><div class='line' id='LC2060'>&nbsp;&nbsp;&nbsp;&nbsp;&nbsp;&nbsp;&nbsp;&nbsp;&nbsp;&nbsp;&nbsp;&nbsp;&nbsp;&nbsp;<span class="nt">&lt;/class&gt;</span></div><div class='line' id='LC2061'>&nbsp;&nbsp;&nbsp;&nbsp;&nbsp;&nbsp;&nbsp;&nbsp;&nbsp;&nbsp;&nbsp;&nbsp;&nbsp;&nbsp;<span class="nt">&lt;class</span> <span class="na">name=</span><span class="s">&quot;TestMethod&quot;</span> <span class="na">type=</span><span class="s">&quot;ConcreteClass&quot;</span> <span class="na">maxLoc=</span><span class="s">&quot;25&quot;</span><span class="nt">&gt;</span></div><div class='line' id='LC2062'>&nbsp;&nbsp;&nbsp;&nbsp;&nbsp;&nbsp;&nbsp;&nbsp;&nbsp;&nbsp;&nbsp;&nbsp;&nbsp;&nbsp;&nbsp;&nbsp;<span class="nt">&lt;version</span> <span class="na">num=</span><span class="s">&quot;332&quot;</span> <span class="na">curr_loc=</span><span class="s">&quot;24&quot;</span> <span class="na">changed=</span><span class="s">&quot;1&quot;</span> <span class="na">churn=</span><span class="s">&quot;24&quot;</span> <span class="nt">/&gt;</span></div><div class='line' id='LC2063'>&nbsp;&nbsp;&nbsp;&nbsp;&nbsp;&nbsp;&nbsp;&nbsp;&nbsp;&nbsp;&nbsp;&nbsp;&nbsp;&nbsp;&nbsp;&nbsp;<span class="nt">&lt;version</span> <span class="na">num=</span><span class="s">&quot;336&quot;</span> <span class="na">curr_loc=</span><span class="s">&quot;25&quot;</span> <span class="na">changed=</span><span class="s">&quot;1&quot;</span> <span class="na">churn=</span><span class="s">&quot;25&quot;</span> <span class="nt">/&gt;</span></div><div class='line' id='LC2064'>&nbsp;&nbsp;&nbsp;&nbsp;&nbsp;&nbsp;&nbsp;&nbsp;&nbsp;&nbsp;&nbsp;&nbsp;&nbsp;&nbsp;&nbsp;&nbsp;<span class="nt">&lt;version</span> <span class="na">num=</span><span class="s">&quot;337&quot;</span> <span class="na">curr_loc=</span><span class="s">&quot;25&quot;</span> <span class="na">changed=</span><span class="s">&quot;1&quot;</span> <span class="na">churn=</span><span class="s">&quot;25&quot;</span> <span class="nt">/&gt;</span></div><div class='line' id='LC2065'>&nbsp;&nbsp;&nbsp;&nbsp;&nbsp;&nbsp;&nbsp;&nbsp;&nbsp;&nbsp;&nbsp;&nbsp;&nbsp;&nbsp;&nbsp;&nbsp;<span class="nt">&lt;version</span> <span class="na">num=</span><span class="s">&quot;370&quot;</span> <span class="na">curr_loc=</span><span class="s">&quot;24&quot;</span> <span class="na">changed=</span><span class="s">&quot;1&quot;</span> <span class="na">churn=</span><span class="s">&quot;26&quot;</span> <span class="nt">/&gt;</span></div><div class='line' id='LC2066'>&nbsp;&nbsp;&nbsp;&nbsp;&nbsp;&nbsp;&nbsp;&nbsp;&nbsp;&nbsp;&nbsp;&nbsp;&nbsp;&nbsp;<span class="nt">&lt;/class&gt;</span></div><div class='line' id='LC2067'>&nbsp;&nbsp;&nbsp;&nbsp;&nbsp;&nbsp;&nbsp;&nbsp;&nbsp;&nbsp;&nbsp;&nbsp;&nbsp;&nbsp;<span class="nt">&lt;class</span> <span class="na">name=</span><span class="s">&quot;FrameworkMethod&quot;</span> <span class="na">type=</span><span class="s">&quot;ConcreteClass&quot;</span> <span class="na">maxLoc=</span><span class="s">&quot;98&quot;</span><span class="nt">&gt;</span></div><div class='line' id='LC2068'>&nbsp;&nbsp;&nbsp;&nbsp;&nbsp;&nbsp;&nbsp;&nbsp;&nbsp;&nbsp;&nbsp;&nbsp;&nbsp;&nbsp;&nbsp;&nbsp;<span class="nt">&lt;version</span> <span class="na">num=</span><span class="s">&quot;337&quot;</span> <span class="na">curr_loc=</span><span class="s">&quot;81&quot;</span> <span class="na">changed=</span><span class="s">&quot;1&quot;</span> <span class="na">churn=</span><span class="s">&quot;81&quot;</span> <span class="nt">/&gt;</span></div><div class='line' id='LC2069'>&nbsp;&nbsp;&nbsp;&nbsp;&nbsp;&nbsp;&nbsp;&nbsp;&nbsp;&nbsp;&nbsp;&nbsp;&nbsp;&nbsp;&nbsp;&nbsp;<span class="nt">&lt;version</span> <span class="na">num=</span><span class="s">&quot;374&quot;</span> <span class="na">curr_loc=</span><span class="s">&quot;98&quot;</span> <span class="na">changed=</span><span class="s">&quot;1&quot;</span> <span class="na">churn=</span><span class="s">&quot;98&quot;</span> <span class="nt">/&gt;</span></div><div class='line' id='LC2070'>&nbsp;&nbsp;&nbsp;&nbsp;&nbsp;&nbsp;&nbsp;&nbsp;&nbsp;&nbsp;&nbsp;&nbsp;&nbsp;&nbsp;&nbsp;&nbsp;<span class="nt">&lt;version</span> <span class="na">num=</span><span class="s">&quot;407&quot;</span> <span class="na">curr_loc=</span><span class="s">&quot;93&quot;</span> <span class="na">changed=</span><span class="s">&quot;1&quot;</span> <span class="na">churn=</span><span class="s">&quot;103&quot;</span> <span class="nt">/&gt;</span></div><div class='line' id='LC2071'>&nbsp;&nbsp;&nbsp;&nbsp;&nbsp;&nbsp;&nbsp;&nbsp;&nbsp;&nbsp;&nbsp;&nbsp;&nbsp;&nbsp;&nbsp;&nbsp;<span class="nt">&lt;version</span> <span class="na">num=</span><span class="s">&quot;409&quot;</span> <span class="na">curr_loc=</span><span class="s">&quot;88&quot;</span> <span class="na">changed=</span><span class="s">&quot;1&quot;</span> <span class="na">churn=</span><span class="s">&quot;108&quot;</span> <span class="nt">/&gt;</span></div><div class='line' id='LC2072'>&nbsp;&nbsp;&nbsp;&nbsp;&nbsp;&nbsp;&nbsp;&nbsp;&nbsp;&nbsp;&nbsp;&nbsp;&nbsp;&nbsp;<span class="nt">&lt;/class&gt;</span></div><div class='line' id='LC2073'>&nbsp;&nbsp;&nbsp;&nbsp;&nbsp;&nbsp;&nbsp;&nbsp;&nbsp;&nbsp;&nbsp;&nbsp;&nbsp;&nbsp;<span class="nt">&lt;class</span> <span class="na">name=</span><span class="s">&quot;TestAnnotation&quot;</span> <span class="na">type=</span><span class="s">&quot;ConcreteClass&quot;</span> <span class="na">maxLoc=</span><span class="s">&quot;29&quot;</span><span class="nt">&gt;</span></div><div class='line' id='LC2074'>&nbsp;&nbsp;&nbsp;&nbsp;&nbsp;&nbsp;&nbsp;&nbsp;&nbsp;&nbsp;&nbsp;&nbsp;&nbsp;&nbsp;&nbsp;&nbsp;<span class="nt">&lt;version</span> <span class="na">num=</span><span class="s">&quot;344&quot;</span> <span class="na">curr_loc=</span><span class="s">&quot;29&quot;</span> <span class="na">changed=</span><span class="s">&quot;1&quot;</span> <span class="na">churn=</span><span class="s">&quot;29&quot;</span> <span class="nt">/&gt;</span></div><div class='line' id='LC2075'>&nbsp;&nbsp;&nbsp;&nbsp;&nbsp;&nbsp;&nbsp;&nbsp;&nbsp;&nbsp;&nbsp;&nbsp;&nbsp;&nbsp;<span class="nt">&lt;/class&gt;</span></div><div class='line' id='LC2076'>&nbsp;&nbsp;&nbsp;&nbsp;&nbsp;&nbsp;&nbsp;&nbsp;&nbsp;&nbsp;&nbsp;&nbsp;&nbsp;&nbsp;<span class="nt">&lt;class</span> <span class="na">name=</span><span class="s">&quot;TestMethodElement&quot;</span> <span class="na">type=</span><span class="s">&quot;ConcreteClass&quot;</span> <span class="na">maxLoc=</span><span class="s">&quot;24&quot;</span><span class="nt">&gt;</span></div><div class='line' id='LC2077'>&nbsp;&nbsp;&nbsp;&nbsp;&nbsp;&nbsp;&nbsp;&nbsp;&nbsp;&nbsp;&nbsp;&nbsp;&nbsp;&nbsp;&nbsp;&nbsp;<span class="nt">&lt;version</span> <span class="na">num=</span><span class="s">&quot;370&quot;</span> <span class="na">curr_loc=</span><span class="s">&quot;24&quot;</span> <span class="na">changed=</span><span class="s">&quot;1&quot;</span> <span class="na">churn=</span><span class="s">&quot;24&quot;</span> <span class="nt">/&gt;</span></div><div class='line' id='LC2078'>&nbsp;&nbsp;&nbsp;&nbsp;&nbsp;&nbsp;&nbsp;&nbsp;&nbsp;&nbsp;&nbsp;&nbsp;&nbsp;&nbsp;&nbsp;&nbsp;<span class="nt">&lt;version</span> <span class="na">num=</span><span class="s">&quot;430&quot;</span> <span class="na">curr_loc=</span><span class="s">&quot;24&quot;</span> <span class="na">changed=</span><span class="s">&quot;1&quot;</span> <span class="na">churn=</span><span class="s">&quot;24&quot;</span> <span class="nt">/&gt;</span></div><div class='line' id='LC2079'>&nbsp;&nbsp;&nbsp;&nbsp;&nbsp;&nbsp;&nbsp;&nbsp;&nbsp;&nbsp;&nbsp;&nbsp;&nbsp;&nbsp;<span class="nt">&lt;/class&gt;</span></div><div class='line' id='LC2080'>&nbsp;&nbsp;&nbsp;&nbsp;&nbsp;&nbsp;&nbsp;&nbsp;&nbsp;&nbsp;&nbsp;&nbsp;&nbsp;&nbsp;<span class="nt">&lt;class</span> <span class="na">name=</span><span class="s">&quot;InitializationError&quot;</span> <span class="na">type=</span><span class="s">&quot;ConcreteClass&quot;</span> <span class="na">maxLoc=</span><span class="s">&quot;28&quot;</span><span class="nt">&gt;</span></div><div class='line' id='LC2081'>&nbsp;&nbsp;&nbsp;&nbsp;&nbsp;&nbsp;&nbsp;&nbsp;&nbsp;&nbsp;&nbsp;&nbsp;&nbsp;&nbsp;&nbsp;&nbsp;<span class="nt">&lt;version</span> <span class="na">num=</span><span class="s">&quot;432&quot;</span> <span class="na">curr_loc=</span><span class="s">&quot;28&quot;</span> <span class="na">changed=</span><span class="s">&quot;1&quot;</span> <span class="na">churn=</span><span class="s">&quot;28&quot;</span> <span class="nt">/&gt;</span></div><div class='line' id='LC2082'>&nbsp;&nbsp;&nbsp;&nbsp;&nbsp;&nbsp;&nbsp;&nbsp;&nbsp;&nbsp;&nbsp;&nbsp;&nbsp;&nbsp;<span class="nt">&lt;/class&gt;</span></div><div class='line' id='LC2083'>&nbsp;&nbsp;&nbsp;&nbsp;&nbsp;&nbsp;&nbsp;&nbsp;&nbsp;&nbsp;&nbsp;&nbsp;<span class="nt">&lt;/package&gt;</span></div><div class='line' id='LC2084'>&nbsp;&nbsp;&nbsp;&nbsp;&nbsp;&nbsp;&nbsp;&nbsp;&nbsp;&nbsp;&nbsp;&nbsp;<span class="nt">&lt;package</span> <span class="na">name=</span><span class="s">&quot;statements&quot;</span><span class="nt">&gt;</span></div><div class='line' id='LC2085'>&nbsp;&nbsp;&nbsp;&nbsp;&nbsp;&nbsp;&nbsp;&nbsp;&nbsp;&nbsp;&nbsp;&nbsp;&nbsp;&nbsp;<span class="nt">&lt;class</span> <span class="na">name=</span><span class="s">&quot;RunAfters&quot;</span> <span class="na">type=</span><span class="s">&quot;ConcreteClass&quot;</span> <span class="na">maxLoc=</span><span class="s">&quot;50&quot;</span><span class="nt">&gt;</span></div><div class='line' id='LC2086'>&nbsp;&nbsp;&nbsp;&nbsp;&nbsp;&nbsp;&nbsp;&nbsp;&nbsp;&nbsp;&nbsp;&nbsp;&nbsp;&nbsp;&nbsp;&nbsp;<span class="nt">&lt;version</span> <span class="na">num=</span><span class="s">&quot;29&quot;</span> <span class="na">curr_loc=</span><span class="s">&quot;44&quot;</span> <span class="na">changed=</span><span class="s">&quot;1&quot;</span> <span class="na">churn=</span><span class="s">&quot;44&quot;</span> <span class="nt">/&gt;</span></div><div class='line' id='LC2087'>&nbsp;&nbsp;&nbsp;&nbsp;&nbsp;&nbsp;&nbsp;&nbsp;&nbsp;&nbsp;&nbsp;&nbsp;&nbsp;&nbsp;&nbsp;&nbsp;<span class="nt">&lt;version</span> <span class="na">num=</span><span class="s">&quot;157&quot;</span> <span class="na">curr_loc=</span><span class="s">&quot;44&quot;</span> <span class="na">changed=</span><span class="s">&quot;1&quot;</span> <span class="na">churn=</span><span class="s">&quot;44&quot;</span> <span class="nt">/&gt;</span></div><div class='line' id='LC2088'>&nbsp;&nbsp;&nbsp;&nbsp;&nbsp;&nbsp;&nbsp;&nbsp;&nbsp;&nbsp;&nbsp;&nbsp;&nbsp;&nbsp;&nbsp;&nbsp;<span class="nt">&lt;version</span> <span class="na">num=</span><span class="s">&quot;158&quot;</span> <span class="na">curr_loc=</span><span class="s">&quot;44&quot;</span> <span class="na">changed=</span><span class="s">&quot;1&quot;</span> <span class="na">churn=</span><span class="s">&quot;44&quot;</span> <span class="nt">/&gt;</span></div><div class='line' id='LC2089'>&nbsp;&nbsp;&nbsp;&nbsp;&nbsp;&nbsp;&nbsp;&nbsp;&nbsp;&nbsp;&nbsp;&nbsp;&nbsp;&nbsp;&nbsp;&nbsp;<span class="nt">&lt;version</span> <span class="na">num=</span><span class="s">&quot;332&quot;</span> <span class="na">curr_loc=</span><span class="s">&quot;48&quot;</span> <span class="na">changed=</span><span class="s">&quot;1&quot;</span> <span class="na">churn=</span><span class="s">&quot;48&quot;</span> <span class="nt">/&gt;</span></div><div class='line' id='LC2090'>&nbsp;&nbsp;&nbsp;&nbsp;&nbsp;&nbsp;&nbsp;&nbsp;&nbsp;&nbsp;&nbsp;&nbsp;&nbsp;&nbsp;&nbsp;&nbsp;<span class="nt">&lt;version</span> <span class="na">num=</span><span class="s">&quot;336&quot;</span> <span class="na">curr_loc=</span><span class="s">&quot;50&quot;</span> <span class="na">changed=</span><span class="s">&quot;1&quot;</span> <span class="na">churn=</span><span class="s">&quot;50&quot;</span> <span class="nt">/&gt;</span></div><div class='line' id='LC2091'>&nbsp;&nbsp;&nbsp;&nbsp;&nbsp;&nbsp;&nbsp;&nbsp;&nbsp;&nbsp;&nbsp;&nbsp;&nbsp;&nbsp;&nbsp;&nbsp;<span class="nt">&lt;version</span> <span class="na">num=</span><span class="s">&quot;337&quot;</span> <span class="na">curr_loc=</span><span class="s">&quot;50&quot;</span> <span class="na">changed=</span><span class="s">&quot;1&quot;</span> <span class="na">churn=</span><span class="s">&quot;50&quot;</span> <span class="nt">/&gt;</span></div><div class='line' id='LC2092'>&nbsp;&nbsp;&nbsp;&nbsp;&nbsp;&nbsp;&nbsp;&nbsp;&nbsp;&nbsp;&nbsp;&nbsp;&nbsp;&nbsp;&nbsp;&nbsp;<span class="nt">&lt;version</span> <span class="na">num=</span><span class="s">&quot;344&quot;</span> <span class="na">curr_loc=</span><span class="s">&quot;50&quot;</span> <span class="na">changed=</span><span class="s">&quot;1&quot;</span> <span class="na">churn=</span><span class="s">&quot;50&quot;</span> <span class="nt">/&gt;</span></div><div class='line' id='LC2093'>&nbsp;&nbsp;&nbsp;&nbsp;&nbsp;&nbsp;&nbsp;&nbsp;&nbsp;&nbsp;&nbsp;&nbsp;&nbsp;&nbsp;<span class="nt">&lt;/class&gt;</span></div><div class='line' id='LC2094'>&nbsp;&nbsp;&nbsp;&nbsp;&nbsp;&nbsp;&nbsp;&nbsp;&nbsp;&nbsp;&nbsp;&nbsp;&nbsp;&nbsp;<span class="nt">&lt;class</span> <span class="na">name=</span><span class="s">&quot;ExpectException&quot;</span> <span class="na">type=</span><span class="s">&quot;ConcreteClass&quot;</span> <span class="na">maxLoc=</span><span class="s">&quot;38&quot;</span><span class="nt">&gt;</span></div><div class='line' id='LC2095'>&nbsp;&nbsp;&nbsp;&nbsp;&nbsp;&nbsp;&nbsp;&nbsp;&nbsp;&nbsp;&nbsp;&nbsp;&nbsp;&nbsp;&nbsp;&nbsp;<span class="nt">&lt;version</span> <span class="na">num=</span><span class="s">&quot;46&quot;</span> <span class="na">curr_loc=</span><span class="s">&quot;38&quot;</span> <span class="na">changed=</span><span class="s">&quot;1&quot;</span> <span class="na">churn=</span><span class="s">&quot;38&quot;</span> <span class="nt">/&gt;</span></div><div class='line' id='LC2096'>&nbsp;&nbsp;&nbsp;&nbsp;&nbsp;&nbsp;&nbsp;&nbsp;&nbsp;&nbsp;&nbsp;&nbsp;&nbsp;&nbsp;&nbsp;&nbsp;<span class="nt">&lt;version</span> <span class="na">num=</span><span class="s">&quot;162&quot;</span> <span class="na">curr_loc=</span><span class="s">&quot;35&quot;</span> <span class="na">changed=</span><span class="s">&quot;1&quot;</span> <span class="na">churn=</span><span class="s">&quot;41&quot;</span> <span class="nt">/&gt;</span></div><div class='line' id='LC2097'>&nbsp;&nbsp;&nbsp;&nbsp;&nbsp;&nbsp;&nbsp;&nbsp;&nbsp;&nbsp;&nbsp;&nbsp;&nbsp;&nbsp;&nbsp;&nbsp;<span class="nt">&lt;version</span> <span class="na">num=</span><span class="s">&quot;166&quot;</span> <span class="na">curr_loc=</span><span class="s">&quot;35&quot;</span> <span class="na">changed=</span><span class="s">&quot;1&quot;</span> <span class="na">churn=</span><span class="s">&quot;41&quot;</span> <span class="nt">/&gt;</span></div><div class='line' id='LC2098'>&nbsp;&nbsp;&nbsp;&nbsp;&nbsp;&nbsp;&nbsp;&nbsp;&nbsp;&nbsp;&nbsp;&nbsp;&nbsp;&nbsp;&nbsp;&nbsp;<span class="nt">&lt;version</span> <span class="na">num=</span><span class="s">&quot;336&quot;</span> <span class="na">curr_loc=</span><span class="s">&quot;36&quot;</span> <span class="na">changed=</span><span class="s">&quot;1&quot;</span> <span class="na">churn=</span><span class="s">&quot;42&quot;</span> <span class="nt">/&gt;</span></div><div class='line' id='LC2099'>&nbsp;&nbsp;&nbsp;&nbsp;&nbsp;&nbsp;&nbsp;&nbsp;&nbsp;&nbsp;&nbsp;&nbsp;&nbsp;&nbsp;&nbsp;&nbsp;<span class="nt">&lt;version</span> <span class="na">num=</span><span class="s">&quot;344&quot;</span> <span class="na">curr_loc=</span><span class="s">&quot;36&quot;</span> <span class="na">changed=</span><span class="s">&quot;1&quot;</span> <span class="na">churn=</span><span class="s">&quot;42&quot;</span> <span class="nt">/&gt;</span></div><div class='line' id='LC2100'>&nbsp;&nbsp;&nbsp;&nbsp;&nbsp;&nbsp;&nbsp;&nbsp;&nbsp;&nbsp;&nbsp;&nbsp;&nbsp;&nbsp;<span class="nt">&lt;/class&gt;</span></div><div class='line' id='LC2101'>&nbsp;&nbsp;&nbsp;&nbsp;&nbsp;&nbsp;&nbsp;&nbsp;&nbsp;&nbsp;&nbsp;&nbsp;&nbsp;&nbsp;<span class="nt">&lt;class</span> <span class="na">name=</span><span class="s">&quot;FailOnTimeout&quot;</span> <span class="na">type=</span><span class="s">&quot;ConcreteClass&quot;</span> <span class="na">maxLoc=</span><span class="s">&quot;60&quot;</span><span class="nt">&gt;</span></div><div class='line' id='LC2102'>&nbsp;&nbsp;&nbsp;&nbsp;&nbsp;&nbsp;&nbsp;&nbsp;&nbsp;&nbsp;&nbsp;&nbsp;&nbsp;&nbsp;&nbsp;&nbsp;<span class="nt">&lt;version</span> <span class="na">num=</span><span class="s">&quot;267&quot;</span> <span class="na">curr_loc=</span><span class="s">&quot;46&quot;</span> <span class="na">changed=</span><span class="s">&quot;1&quot;</span> <span class="na">churn=</span><span class="s">&quot;46&quot;</span> <span class="nt">/&gt;</span></div><div class='line' id='LC2103'>&nbsp;&nbsp;&nbsp;&nbsp;&nbsp;&nbsp;&nbsp;&nbsp;&nbsp;&nbsp;&nbsp;&nbsp;&nbsp;&nbsp;&nbsp;&nbsp;<span class="nt">&lt;version</span> <span class="na">num=</span><span class="s">&quot;269&quot;</span> <span class="na">curr_loc=</span><span class="s">&quot;46&quot;</span> <span class="na">changed=</span><span class="s">&quot;1&quot;</span> <span class="na">churn=</span><span class="s">&quot;46&quot;</span> <span class="nt">/&gt;</span></div><div class='line' id='LC2104'>&nbsp;&nbsp;&nbsp;&nbsp;&nbsp;&nbsp;&nbsp;&nbsp;&nbsp;&nbsp;&nbsp;&nbsp;&nbsp;&nbsp;&nbsp;&nbsp;<span class="nt">&lt;version</span> <span class="na">num=</span><span class="s">&quot;336&quot;</span> <span class="na">curr_loc=</span><span class="s">&quot;60&quot;</span> <span class="na">changed=</span><span class="s">&quot;1&quot;</span> <span class="na">churn=</span><span class="s">&quot;60&quot;</span> <span class="nt">/&gt;</span></div><div class='line' id='LC2105'>&nbsp;&nbsp;&nbsp;&nbsp;&nbsp;&nbsp;&nbsp;&nbsp;&nbsp;&nbsp;&nbsp;&nbsp;&nbsp;&nbsp;&nbsp;&nbsp;<span class="nt">&lt;version</span> <span class="na">num=</span><span class="s">&quot;344&quot;</span> <span class="na">curr_loc=</span><span class="s">&quot;60&quot;</span> <span class="na">changed=</span><span class="s">&quot;1&quot;</span> <span class="na">churn=</span><span class="s">&quot;60&quot;</span> <span class="nt">/&gt;</span></div><div class='line' id='LC2106'>&nbsp;&nbsp;&nbsp;&nbsp;&nbsp;&nbsp;&nbsp;&nbsp;&nbsp;&nbsp;&nbsp;&nbsp;&nbsp;&nbsp;<span class="nt">&lt;/class&gt;</span></div><div class='line' id='LC2107'>&nbsp;&nbsp;&nbsp;&nbsp;&nbsp;&nbsp;&nbsp;&nbsp;&nbsp;&nbsp;&nbsp;&nbsp;&nbsp;&nbsp;<span class="nt">&lt;class</span> <span class="na">name=</span><span class="s">&quot;RunBefores&quot;</span> <span class="na">type=</span><span class="s">&quot;ConcreteClass&quot;</span> <span class="na">maxLoc=</span><span class="s">&quot;32&quot;</span><span class="nt">&gt;</span></div><div class='line' id='LC2108'>&nbsp;&nbsp;&nbsp;&nbsp;&nbsp;&nbsp;&nbsp;&nbsp;&nbsp;&nbsp;&nbsp;&nbsp;&nbsp;&nbsp;&nbsp;&nbsp;<span class="nt">&lt;version</span> <span class="na">num=</span><span class="s">&quot;332&quot;</span> <span class="na">curr_loc=</span><span class="s">&quot;30&quot;</span> <span class="na">changed=</span><span class="s">&quot;1&quot;</span> <span class="na">churn=</span><span class="s">&quot;30&quot;</span> <span class="nt">/&gt;</span></div><div class='line' id='LC2109'>&nbsp;&nbsp;&nbsp;&nbsp;&nbsp;&nbsp;&nbsp;&nbsp;&nbsp;&nbsp;&nbsp;&nbsp;&nbsp;&nbsp;&nbsp;&nbsp;<span class="nt">&lt;version</span> <span class="na">num=</span><span class="s">&quot;336&quot;</span> <span class="na">curr_loc=</span><span class="s">&quot;32&quot;</span> <span class="na">changed=</span><span class="s">&quot;1&quot;</span> <span class="na">churn=</span><span class="s">&quot;32&quot;</span> <span class="nt">/&gt;</span></div><div class='line' id='LC2110'>&nbsp;&nbsp;&nbsp;&nbsp;&nbsp;&nbsp;&nbsp;&nbsp;&nbsp;&nbsp;&nbsp;&nbsp;&nbsp;&nbsp;&nbsp;&nbsp;<span class="nt">&lt;version</span> <span class="na">num=</span><span class="s">&quot;337&quot;</span> <span class="na">curr_loc=</span><span class="s">&quot;32&quot;</span> <span class="na">changed=</span><span class="s">&quot;1&quot;</span> <span class="na">churn=</span><span class="s">&quot;32&quot;</span> <span class="nt">/&gt;</span></div><div class='line' id='LC2111'>&nbsp;&nbsp;&nbsp;&nbsp;&nbsp;&nbsp;&nbsp;&nbsp;&nbsp;&nbsp;&nbsp;&nbsp;&nbsp;&nbsp;&nbsp;&nbsp;<span class="nt">&lt;version</span> <span class="na">num=</span><span class="s">&quot;344&quot;</span> <span class="na">curr_loc=</span><span class="s">&quot;32&quot;</span> <span class="na">changed=</span><span class="s">&quot;1&quot;</span> <span class="na">churn=</span><span class="s">&quot;32&quot;</span> <span class="nt">/&gt;</span></div><div class='line' id='LC2112'>&nbsp;&nbsp;&nbsp;&nbsp;&nbsp;&nbsp;&nbsp;&nbsp;&nbsp;&nbsp;&nbsp;&nbsp;&nbsp;&nbsp;<span class="nt">&lt;/class&gt;</span></div><div class='line' id='LC2113'>&nbsp;&nbsp;&nbsp;&nbsp;&nbsp;&nbsp;&nbsp;&nbsp;&nbsp;&nbsp;&nbsp;&nbsp;&nbsp;&nbsp;<span class="nt">&lt;class</span> <span class="na">name=</span><span class="s">&quot;Fail&quot;</span> <span class="na">type=</span><span class="s">&quot;ConcreteClass&quot;</span> <span class="na">maxLoc=</span><span class="s">&quot;17&quot;</span><span class="nt">&gt;</span></div><div class='line' id='LC2114'>&nbsp;&nbsp;&nbsp;&nbsp;&nbsp;&nbsp;&nbsp;&nbsp;&nbsp;&nbsp;&nbsp;&nbsp;&nbsp;&nbsp;&nbsp;&nbsp;<span class="nt">&lt;version</span> <span class="na">num=</span><span class="s">&quot;336&quot;</span> <span class="na">curr_loc=</span><span class="s">&quot;17&quot;</span> <span class="na">changed=</span><span class="s">&quot;1&quot;</span> <span class="na">churn=</span><span class="s">&quot;17&quot;</span> <span class="nt">/&gt;</span></div><div class='line' id='LC2115'>&nbsp;&nbsp;&nbsp;&nbsp;&nbsp;&nbsp;&nbsp;&nbsp;&nbsp;&nbsp;&nbsp;&nbsp;&nbsp;&nbsp;&nbsp;&nbsp;<span class="nt">&lt;version</span> <span class="na">num=</span><span class="s">&quot;344&quot;</span> <span class="na">curr_loc=</span><span class="s">&quot;17&quot;</span> <span class="na">changed=</span><span class="s">&quot;1&quot;</span> <span class="na">churn=</span><span class="s">&quot;17&quot;</span> <span class="nt">/&gt;</span></div><div class='line' id='LC2116'>&nbsp;&nbsp;&nbsp;&nbsp;&nbsp;&nbsp;&nbsp;&nbsp;&nbsp;&nbsp;&nbsp;&nbsp;&nbsp;&nbsp;<span class="nt">&lt;/class&gt;</span></div><div class='line' id='LC2117'>&nbsp;&nbsp;&nbsp;&nbsp;&nbsp;&nbsp;&nbsp;&nbsp;&nbsp;&nbsp;&nbsp;&nbsp;&nbsp;&nbsp;<span class="nt">&lt;class</span> <span class="na">name=</span><span class="s">&quot;InvokeMethod&quot;</span> <span class="na">type=</span><span class="s">&quot;ConcreteClass&quot;</span> <span class="na">maxLoc=</span><span class="s">&quot;22&quot;</span><span class="nt">&gt;</span></div><div class='line' id='LC2118'>&nbsp;&nbsp;&nbsp;&nbsp;&nbsp;&nbsp;&nbsp;&nbsp;&nbsp;&nbsp;&nbsp;&nbsp;&nbsp;&nbsp;&nbsp;&nbsp;<span class="nt">&lt;version</span> <span class="na">num=</span><span class="s">&quot;336&quot;</span> <span class="na">curr_loc=</span><span class="s">&quot;22&quot;</span> <span class="na">changed=</span><span class="s">&quot;1&quot;</span> <span class="na">churn=</span><span class="s">&quot;22&quot;</span> <span class="nt">/&gt;</span></div><div class='line' id='LC2119'>&nbsp;&nbsp;&nbsp;&nbsp;&nbsp;&nbsp;&nbsp;&nbsp;&nbsp;&nbsp;&nbsp;&nbsp;&nbsp;&nbsp;&nbsp;&nbsp;<span class="nt">&lt;version</span> <span class="na">num=</span><span class="s">&quot;337&quot;</span> <span class="na">curr_loc=</span><span class="s">&quot;22&quot;</span> <span class="na">changed=</span><span class="s">&quot;1&quot;</span> <span class="na">churn=</span><span class="s">&quot;22&quot;</span> <span class="nt">/&gt;</span></div><div class='line' id='LC2120'>&nbsp;&nbsp;&nbsp;&nbsp;&nbsp;&nbsp;&nbsp;&nbsp;&nbsp;&nbsp;&nbsp;&nbsp;&nbsp;&nbsp;&nbsp;&nbsp;<span class="nt">&lt;version</span> <span class="na">num=</span><span class="s">&quot;344&quot;</span> <span class="na">curr_loc=</span><span class="s">&quot;22&quot;</span> <span class="na">changed=</span><span class="s">&quot;1&quot;</span> <span class="na">churn=</span><span class="s">&quot;22&quot;</span> <span class="nt">/&gt;</span></div><div class='line' id='LC2121'>&nbsp;&nbsp;&nbsp;&nbsp;&nbsp;&nbsp;&nbsp;&nbsp;&nbsp;&nbsp;&nbsp;&nbsp;&nbsp;&nbsp;<span class="nt">&lt;/class&gt;</span></div><div class='line' id='LC2122'>&nbsp;&nbsp;&nbsp;&nbsp;&nbsp;&nbsp;&nbsp;&nbsp;&nbsp;&nbsp;&nbsp;&nbsp;<span class="nt">&lt;/package&gt;</span></div><div class='line' id='LC2123'>&nbsp;&nbsp;&nbsp;&nbsp;&nbsp;&nbsp;&nbsp;&nbsp;&nbsp;&nbsp;&nbsp;&nbsp;<span class="nt">&lt;class</span> <span class="na">name=</span><span class="s">&quot;JUnit38ClassRunner&quot;</span> <span class="na">type=</span><span class="s">&quot;ConcreteClass&quot;</span> <span class="na">maxLoc=</span><span class="s">&quot;171&quot;</span><span class="nt">&gt;</span></div><div class='line' id='LC2124'>&nbsp;&nbsp;&nbsp;&nbsp;&nbsp;&nbsp;&nbsp;&nbsp;&nbsp;&nbsp;&nbsp;&nbsp;&nbsp;&nbsp;<span class="nt">&lt;version</span> <span class="na">num=</span><span class="s">&quot;132&quot;</span> <span class="na">curr_loc=</span><span class="s">&quot;158&quot;</span> <span class="na">changed=</span><span class="s">&quot;1&quot;</span> <span class="na">churn=</span><span class="s">&quot;158&quot;</span> <span class="nt">/&gt;</span></div><div class='line' id='LC2125'>&nbsp;&nbsp;&nbsp;&nbsp;&nbsp;&nbsp;&nbsp;&nbsp;&nbsp;&nbsp;&nbsp;&nbsp;&nbsp;&nbsp;<span class="nt">&lt;version</span> <span class="na">num=</span><span class="s">&quot;135&quot;</span> <span class="na">curr_loc=</span><span class="s">&quot;160&quot;</span> <span class="na">changed=</span><span class="s">&quot;1&quot;</span> <span class="na">churn=</span><span class="s">&quot;160&quot;</span> <span class="nt">/&gt;</span></div><div class='line' id='LC2126'>&nbsp;&nbsp;&nbsp;&nbsp;&nbsp;&nbsp;&nbsp;&nbsp;&nbsp;&nbsp;&nbsp;&nbsp;&nbsp;&nbsp;<span class="nt">&lt;version</span> <span class="na">num=</span><span class="s">&quot;147&quot;</span> <span class="na">curr_loc=</span><span class="s">&quot;158&quot;</span> <span class="na">changed=</span><span class="s">&quot;1&quot;</span> <span class="na">churn=</span><span class="s">&quot;162&quot;</span> <span class="nt">/&gt;</span></div><div class='line' id='LC2127'>&nbsp;&nbsp;&nbsp;&nbsp;&nbsp;&nbsp;&nbsp;&nbsp;&nbsp;&nbsp;&nbsp;&nbsp;&nbsp;&nbsp;<span class="nt">&lt;version</span> <span class="na">num=</span><span class="s">&quot;150&quot;</span> <span class="na">curr_loc=</span><span class="s">&quot;160&quot;</span> <span class="na">changed=</span><span class="s">&quot;1&quot;</span> <span class="na">churn=</span><span class="s">&quot;164&quot;</span> <span class="nt">/&gt;</span></div><div class='line' id='LC2128'>&nbsp;&nbsp;&nbsp;&nbsp;&nbsp;&nbsp;&nbsp;&nbsp;&nbsp;&nbsp;&nbsp;&nbsp;&nbsp;&nbsp;<span class="nt">&lt;version</span> <span class="na">num=</span><span class="s">&quot;251&quot;</span> <span class="na">curr_loc=</span><span class="s">&quot;169&quot;</span> <span class="na">changed=</span><span class="s">&quot;1&quot;</span> <span class="na">churn=</span><span class="s">&quot;173&quot;</span> <span class="nt">/&gt;</span></div><div class='line' id='LC2129'>&nbsp;&nbsp;&nbsp;&nbsp;&nbsp;&nbsp;&nbsp;&nbsp;&nbsp;&nbsp;&nbsp;&nbsp;&nbsp;&nbsp;<span class="nt">&lt;version</span> <span class="na">num=</span><span class="s">&quot;280&quot;</span> <span class="na">curr_loc=</span><span class="s">&quot;170&quot;</span> <span class="na">changed=</span><span class="s">&quot;1&quot;</span> <span class="na">churn=</span><span class="s">&quot;174&quot;</span> <span class="nt">/&gt;</span></div><div class='line' id='LC2130'>&nbsp;&nbsp;&nbsp;&nbsp;&nbsp;&nbsp;&nbsp;&nbsp;&nbsp;&nbsp;&nbsp;&nbsp;&nbsp;&nbsp;<span class="nt">&lt;version</span> <span class="na">num=</span><span class="s">&quot;281&quot;</span> <span class="na">curr_loc=</span><span class="s">&quot;171&quot;</span> <span class="na">changed=</span><span class="s">&quot;1&quot;</span> <span class="na">churn=</span><span class="s">&quot;175&quot;</span> <span class="nt">/&gt;</span></div><div class='line' id='LC2131'>&nbsp;&nbsp;&nbsp;&nbsp;&nbsp;&nbsp;&nbsp;&nbsp;&nbsp;&nbsp;&nbsp;&nbsp;&nbsp;&nbsp;<span class="nt">&lt;version</span> <span class="na">num=</span><span class="s">&quot;282&quot;</span> <span class="na">curr_loc=</span><span class="s">&quot;170&quot;</span> <span class="na">changed=</span><span class="s">&quot;1&quot;</span> <span class="na">churn=</span><span class="s">&quot;176&quot;</span> <span class="nt">/&gt;</span></div><div class='line' id='LC2132'>&nbsp;&nbsp;&nbsp;&nbsp;&nbsp;&nbsp;&nbsp;&nbsp;&nbsp;&nbsp;&nbsp;&nbsp;&nbsp;&nbsp;<span class="nt">&lt;version</span> <span class="na">num=</span><span class="s">&quot;283&quot;</span> <span class="na">curr_loc=</span><span class="s">&quot;171&quot;</span> <span class="na">changed=</span><span class="s">&quot;1&quot;</span> <span class="na">churn=</span><span class="s">&quot;177&quot;</span> <span class="nt">/&gt;</span></div><div class='line' id='LC2133'>&nbsp;&nbsp;&nbsp;&nbsp;&nbsp;&nbsp;&nbsp;&nbsp;&nbsp;&nbsp;&nbsp;&nbsp;&nbsp;&nbsp;<span class="nt">&lt;version</span> <span class="na">num=</span><span class="s">&quot;286&quot;</span> <span class="na">curr_loc=</span><span class="s">&quot;152&quot;</span> <span class="na">changed=</span><span class="s">&quot;1&quot;</span> <span class="na">churn=</span><span class="s">&quot;196&quot;</span> <span class="nt">/&gt;</span></div><div class='line' id='LC2134'>&nbsp;&nbsp;&nbsp;&nbsp;&nbsp;&nbsp;&nbsp;&nbsp;&nbsp;&nbsp;&nbsp;&nbsp;&nbsp;&nbsp;<span class="nt">&lt;version</span> <span class="na">num=</span><span class="s">&quot;290&quot;</span> <span class="na">curr_loc=</span><span class="s">&quot;152&quot;</span> <span class="na">changed=</span><span class="s">&quot;1&quot;</span> <span class="na">churn=</span><span class="s">&quot;196&quot;</span> <span class="nt">/&gt;</span></div><div class='line' id='LC2135'>&nbsp;&nbsp;&nbsp;&nbsp;&nbsp;&nbsp;&nbsp;&nbsp;&nbsp;&nbsp;&nbsp;&nbsp;&nbsp;&nbsp;<span class="nt">&lt;version</span> <span class="na">num=</span><span class="s">&quot;293&quot;</span> <span class="na">curr_loc=</span><span class="s">&quot;161&quot;</span> <span class="na">changed=</span><span class="s">&quot;1&quot;</span> <span class="na">churn=</span><span class="s">&quot;205&quot;</span> <span class="nt">/&gt;</span></div><div class='line' id='LC2136'>&nbsp;&nbsp;&nbsp;&nbsp;&nbsp;&nbsp;&nbsp;&nbsp;&nbsp;&nbsp;&nbsp;&nbsp;&nbsp;&nbsp;<span class="nt">&lt;version</span> <span class="na">num=</span><span class="s">&quot;406&quot;</span> <span class="na">curr_loc=</span><span class="s">&quot;128&quot;</span> <span class="na">changed=</span><span class="s">&quot;1&quot;</span> <span class="na">churn=</span><span class="s">&quot;238&quot;</span> <span class="nt">/&gt;</span></div><div class='line' id='LC2137'>&nbsp;&nbsp;&nbsp;&nbsp;&nbsp;&nbsp;&nbsp;&nbsp;&nbsp;&nbsp;&nbsp;&nbsp;<span class="nt">&lt;/class&gt;</span></div><div class='line' id='LC2138'>&nbsp;&nbsp;&nbsp;&nbsp;&nbsp;&nbsp;&nbsp;&nbsp;&nbsp;&nbsp;&nbsp;&nbsp;<span class="nt">&lt;class</span> <span class="na">name=</span><span class="s">&quot;ErrorReportingRunner&quot;</span> <span class="na">type=</span><span class="s">&quot;ConcreteClass&quot;</span> <span class="na">maxLoc=</span><span class="s">&quot;62&quot;</span><span class="nt">&gt;</span></div><div class='line' id='LC2139'>&nbsp;&nbsp;&nbsp;&nbsp;&nbsp;&nbsp;&nbsp;&nbsp;&nbsp;&nbsp;&nbsp;&nbsp;&nbsp;&nbsp;<span class="nt">&lt;version</span> <span class="na">num=</span><span class="s">&quot;304&quot;</span> <span class="na">curr_loc=</span><span class="s">&quot;60&quot;</span> <span class="na">changed=</span><span class="s">&quot;1&quot;</span> <span class="na">churn=</span><span class="s">&quot;60&quot;</span> <span class="nt">/&gt;</span></div><div class='line' id='LC2140'>&nbsp;&nbsp;&nbsp;&nbsp;&nbsp;&nbsp;&nbsp;&nbsp;&nbsp;&nbsp;&nbsp;&nbsp;&nbsp;&nbsp;<span class="nt">&lt;version</span> <span class="na">num=</span><span class="s">&quot;308&quot;</span> <span class="na">curr_loc=</span><span class="s">&quot;59&quot;</span> <span class="na">changed=</span><span class="s">&quot;1&quot;</span> <span class="na">churn=</span><span class="s">&quot;61&quot;</span> <span class="nt">/&gt;</span></div><div class='line' id='LC2141'>&nbsp;&nbsp;&nbsp;&nbsp;&nbsp;&nbsp;&nbsp;&nbsp;&nbsp;&nbsp;&nbsp;&nbsp;&nbsp;&nbsp;<span class="nt">&lt;version</span> <span class="na">num=</span><span class="s">&quot;315&quot;</span> <span class="na">curr_loc=</span><span class="s">&quot;61&quot;</span> <span class="na">changed=</span><span class="s">&quot;1&quot;</span> <span class="na">churn=</span><span class="s">&quot;63&quot;</span> <span class="nt">/&gt;</span></div><div class='line' id='LC2142'>&nbsp;&nbsp;&nbsp;&nbsp;&nbsp;&nbsp;&nbsp;&nbsp;&nbsp;&nbsp;&nbsp;&nbsp;&nbsp;&nbsp;<span class="nt">&lt;version</span> <span class="na">num=</span><span class="s">&quot;323&quot;</span> <span class="na">curr_loc=</span><span class="s">&quot;58&quot;</span> <span class="na">changed=</span><span class="s">&quot;1&quot;</span> <span class="na">churn=</span><span class="s">&quot;66&quot;</span> <span class="nt">/&gt;</span></div><div class='line' id='LC2143'>&nbsp;&nbsp;&nbsp;&nbsp;&nbsp;&nbsp;&nbsp;&nbsp;&nbsp;&nbsp;&nbsp;&nbsp;&nbsp;&nbsp;<span class="nt">&lt;version</span> <span class="na">num=</span><span class="s">&quot;328&quot;</span> <span class="na">curr_loc=</span><span class="s">&quot;59&quot;</span> <span class="na">changed=</span><span class="s">&quot;1&quot;</span> <span class="na">churn=</span><span class="s">&quot;67&quot;</span> <span class="nt">/&gt;</span></div><div class='line' id='LC2144'>&nbsp;&nbsp;&nbsp;&nbsp;&nbsp;&nbsp;&nbsp;&nbsp;&nbsp;&nbsp;&nbsp;&nbsp;&nbsp;&nbsp;<span class="nt">&lt;version</span> <span class="na">num=</span><span class="s">&quot;329&quot;</span> <span class="na">curr_loc=</span><span class="s">&quot;54&quot;</span> <span class="na">changed=</span><span class="s">&quot;1&quot;</span> <span class="na">churn=</span><span class="s">&quot;72&quot;</span> <span class="nt">/&gt;</span></div><div class='line' id='LC2145'>&nbsp;&nbsp;&nbsp;&nbsp;&nbsp;&nbsp;&nbsp;&nbsp;&nbsp;&nbsp;&nbsp;&nbsp;&nbsp;&nbsp;<span class="nt">&lt;version</span> <span class="na">num=</span><span class="s">&quot;332&quot;</span> <span class="na">curr_loc=</span><span class="s">&quot;53&quot;</span> <span class="na">changed=</span><span class="s">&quot;1&quot;</span> <span class="na">churn=</span><span class="s">&quot;73&quot;</span> <span class="nt">/&gt;</span></div><div class='line' id='LC2146'>&nbsp;&nbsp;&nbsp;&nbsp;&nbsp;&nbsp;&nbsp;&nbsp;&nbsp;&nbsp;&nbsp;&nbsp;&nbsp;&nbsp;<span class="nt">&lt;version</span> <span class="na">num=</span><span class="s">&quot;336&quot;</span> <span class="na">curr_loc=</span><span class="s">&quot;52&quot;</span> <span class="na">changed=</span><span class="s">&quot;1&quot;</span> <span class="na">churn=</span><span class="s">&quot;74&quot;</span> <span class="nt">/&gt;</span></div><div class='line' id='LC2147'>&nbsp;&nbsp;&nbsp;&nbsp;&nbsp;&nbsp;&nbsp;&nbsp;&nbsp;&nbsp;&nbsp;&nbsp;&nbsp;&nbsp;<span class="nt">&lt;version</span> <span class="na">num=</span><span class="s">&quot;337&quot;</span> <span class="na">curr_loc=</span><span class="s">&quot;52&quot;</span> <span class="na">changed=</span><span class="s">&quot;1&quot;</span> <span class="na">churn=</span><span class="s">&quot;74&quot;</span> <span class="nt">/&gt;</span></div><div class='line' id='LC2148'>&nbsp;&nbsp;&nbsp;&nbsp;&nbsp;&nbsp;&nbsp;&nbsp;&nbsp;&nbsp;&nbsp;&nbsp;&nbsp;&nbsp;<span class="nt">&lt;version</span> <span class="na">num=</span><span class="s">&quot;344&quot;</span> <span class="na">curr_loc=</span><span class="s">&quot;51&quot;</span> <span class="na">changed=</span><span class="s">&quot;1&quot;</span> <span class="na">churn=</span><span class="s">&quot;75&quot;</span> <span class="nt">/&gt;</span></div><div class='line' id='LC2149'>&nbsp;&nbsp;&nbsp;&nbsp;&nbsp;&nbsp;&nbsp;&nbsp;&nbsp;&nbsp;&nbsp;&nbsp;&nbsp;&nbsp;<span class="nt">&lt;version</span> <span class="na">num=</span><span class="s">&quot;355&quot;</span> <span class="na">curr_loc=</span><span class="s">&quot;51&quot;</span> <span class="na">changed=</span><span class="s">&quot;1&quot;</span> <span class="na">churn=</span><span class="s">&quot;75&quot;</span> <span class="nt">/&gt;</span></div><div class='line' id='LC2150'>&nbsp;&nbsp;&nbsp;&nbsp;&nbsp;&nbsp;&nbsp;&nbsp;&nbsp;&nbsp;&nbsp;&nbsp;&nbsp;&nbsp;<span class="nt">&lt;version</span> <span class="na">num=</span><span class="s">&quot;392&quot;</span> <span class="na">curr_loc=</span><span class="s">&quot;47&quot;</span> <span class="na">changed=</span><span class="s">&quot;1&quot;</span> <span class="na">churn=</span><span class="s">&quot;79&quot;</span> <span class="nt">/&gt;</span></div><div class='line' id='LC2151'>&nbsp;&nbsp;&nbsp;&nbsp;&nbsp;&nbsp;&nbsp;&nbsp;&nbsp;&nbsp;&nbsp;&nbsp;&nbsp;&nbsp;<span class="nt">&lt;version</span> <span class="na">num=</span><span class="s">&quot;395&quot;</span> <span class="na">curr_loc=</span><span class="s">&quot;60&quot;</span> <span class="na">changed=</span><span class="s">&quot;1&quot;</span> <span class="na">churn=</span><span class="s">&quot;92&quot;</span> <span class="nt">/&gt;</span></div><div class='line' id='LC2152'>&nbsp;&nbsp;&nbsp;&nbsp;&nbsp;&nbsp;&nbsp;&nbsp;&nbsp;&nbsp;&nbsp;&nbsp;&nbsp;&nbsp;<span class="nt">&lt;version</span> <span class="na">num=</span><span class="s">&quot;397&quot;</span> <span class="na">curr_loc=</span><span class="s">&quot;62&quot;</span> <span class="na">changed=</span><span class="s">&quot;1&quot;</span> <span class="na">churn=</span><span class="s">&quot;94&quot;</span> <span class="nt">/&gt;</span></div><div class='line' id='LC2153'>&nbsp;&nbsp;&nbsp;&nbsp;&nbsp;&nbsp;&nbsp;&nbsp;&nbsp;&nbsp;&nbsp;&nbsp;<span class="nt">&lt;/class&gt;</span></div><div class='line' id='LC2154'>&nbsp;&nbsp;&nbsp;&nbsp;&nbsp;&nbsp;&nbsp;&nbsp;&nbsp;&nbsp;&nbsp;&nbsp;<span class="nt">&lt;class</span> <span class="na">name=</span><span class="s">&quot;InitializationError&quot;</span> <span class="na">type=</span><span class="s">&quot;ConcreteClass&quot;</span> <span class="na">maxLoc=</span><span class="s">&quot;30&quot;</span><span class="nt">&gt;</span></div><div class='line' id='LC2155'>&nbsp;&nbsp;&nbsp;&nbsp;&nbsp;&nbsp;&nbsp;&nbsp;&nbsp;&nbsp;&nbsp;&nbsp;&nbsp;&nbsp;<span class="nt">&lt;version</span> <span class="na">num=</span><span class="s">&quot;306&quot;</span> <span class="na">curr_loc=</span><span class="s">&quot;30&quot;</span> <span class="na">changed=</span><span class="s">&quot;1&quot;</span> <span class="na">churn=</span><span class="s">&quot;30&quot;</span> <span class="nt">/&gt;</span></div><div class='line' id='LC2156'>&nbsp;&nbsp;&nbsp;&nbsp;&nbsp;&nbsp;&nbsp;&nbsp;&nbsp;&nbsp;&nbsp;&nbsp;&nbsp;&nbsp;<span class="nt">&lt;version</span> <span class="na">num=</span><span class="s">&quot;337&quot;</span> <span class="na">curr_loc=</span><span class="s">&quot;29&quot;</span> <span class="na">changed=</span><span class="s">&quot;1&quot;</span> <span class="na">churn=</span><span class="s">&quot;31&quot;</span> <span class="nt">/&gt;</span></div><div class='line' id='LC2157'>&nbsp;&nbsp;&nbsp;&nbsp;&nbsp;&nbsp;&nbsp;&nbsp;&nbsp;&nbsp;&nbsp;&nbsp;&nbsp;&nbsp;<span class="nt">&lt;version</span> <span class="na">num=</span><span class="s">&quot;432&quot;</span> <span class="na">curr_loc=</span><span class="s">&quot;25&quot;</span> <span class="na">changed=</span><span class="s">&quot;1&quot;</span> <span class="na">churn=</span><span class="s">&quot;35&quot;</span> <span class="nt">/&gt;</span></div><div class='line' id='LC2158'>&nbsp;&nbsp;&nbsp;&nbsp;&nbsp;&nbsp;&nbsp;&nbsp;&nbsp;&nbsp;&nbsp;&nbsp;<span class="nt">&lt;/class&gt;</span></div><div class='line' id='LC2159'>&nbsp;&nbsp;&nbsp;&nbsp;&nbsp;&nbsp;&nbsp;&nbsp;&nbsp;&nbsp;&nbsp;&nbsp;<span class="nt">&lt;class</span> <span class="na">name=</span><span class="s">&quot;JUnit4ClassRunner&quot;</span> <span class="na">type=</span><span class="s">&quot;ConcreteClass&quot;</span> <span class="na">maxLoc=</span><span class="s">&quot;158&quot;</span><span class="nt">&gt;</span></div><div class='line' id='LC2160'>&nbsp;&nbsp;&nbsp;&nbsp;&nbsp;&nbsp;&nbsp;&nbsp;&nbsp;&nbsp;&nbsp;&nbsp;&nbsp;&nbsp;<span class="nt">&lt;version</span> <span class="na">num=</span><span class="s">&quot;306&quot;</span> <span class="na">curr_loc=</span><span class="s">&quot;145&quot;</span> <span class="na">changed=</span><span class="s">&quot;1&quot;</span> <span class="na">churn=</span><span class="s">&quot;145&quot;</span> <span class="nt">/&gt;</span></div><div class='line' id='LC2161'>&nbsp;&nbsp;&nbsp;&nbsp;&nbsp;&nbsp;&nbsp;&nbsp;&nbsp;&nbsp;&nbsp;&nbsp;&nbsp;&nbsp;<span class="nt">&lt;version</span> <span class="na">num=</span><span class="s">&quot;344&quot;</span> <span class="na">curr_loc=</span><span class="s">&quot;143&quot;</span> <span class="na">changed=</span><span class="s">&quot;1&quot;</span> <span class="na">churn=</span><span class="s">&quot;147&quot;</span> <span class="nt">/&gt;</span></div><div class='line' id='LC2162'>&nbsp;&nbsp;&nbsp;&nbsp;&nbsp;&nbsp;&nbsp;&nbsp;&nbsp;&nbsp;&nbsp;&nbsp;&nbsp;&nbsp;<span class="nt">&lt;version</span> <span class="na">num=</span><span class="s">&quot;346&quot;</span> <span class="na">curr_loc=</span><span class="s">&quot;142&quot;</span> <span class="na">changed=</span><span class="s">&quot;1&quot;</span> <span class="na">churn=</span><span class="s">&quot;148&quot;</span> <span class="nt">/&gt;</span></div><div class='line' id='LC2163'>&nbsp;&nbsp;&nbsp;&nbsp;&nbsp;&nbsp;&nbsp;&nbsp;&nbsp;&nbsp;&nbsp;&nbsp;&nbsp;&nbsp;<span class="nt">&lt;version</span> <span class="na">num=</span><span class="s">&quot;350&quot;</span> <span class="na">curr_loc=</span><span class="s">&quot;147&quot;</span> <span class="na">changed=</span><span class="s">&quot;1&quot;</span> <span class="na">churn=</span><span class="s">&quot;153&quot;</span> <span class="nt">/&gt;</span></div><div class='line' id='LC2164'>&nbsp;&nbsp;&nbsp;&nbsp;&nbsp;&nbsp;&nbsp;&nbsp;&nbsp;&nbsp;&nbsp;&nbsp;&nbsp;&nbsp;<span class="nt">&lt;version</span> <span class="na">num=</span><span class="s">&quot;370&quot;</span> <span class="na">curr_loc=</span><span class="s">&quot;140&quot;</span> <span class="na">changed=</span><span class="s">&quot;1&quot;</span> <span class="na">churn=</span><span class="s">&quot;160&quot;</span> <span class="nt">/&gt;</span></div><div class='line' id='LC2165'>&nbsp;&nbsp;&nbsp;&nbsp;&nbsp;&nbsp;&nbsp;&nbsp;&nbsp;&nbsp;&nbsp;&nbsp;&nbsp;&nbsp;<span class="nt">&lt;version</span> <span class="na">num=</span><span class="s">&quot;377&quot;</span> <span class="na">curr_loc=</span><span class="s">&quot;140&quot;</span> <span class="na">changed=</span><span class="s">&quot;1&quot;</span> <span class="na">churn=</span><span class="s">&quot;160&quot;</span> <span class="nt">/&gt;</span></div><div class='line' id='LC2166'>&nbsp;&nbsp;&nbsp;&nbsp;&nbsp;&nbsp;&nbsp;&nbsp;&nbsp;&nbsp;&nbsp;&nbsp;&nbsp;&nbsp;<span class="nt">&lt;version</span> <span class="na">num=</span><span class="s">&quot;395&quot;</span> <span class="na">curr_loc=</span><span class="s">&quot;135&quot;</span> <span class="na">changed=</span><span class="s">&quot;1&quot;</span> <span class="na">churn=</span><span class="s">&quot;165&quot;</span> <span class="nt">/&gt;</span></div><div class='line' id='LC2167'>&nbsp;&nbsp;&nbsp;&nbsp;&nbsp;&nbsp;&nbsp;&nbsp;&nbsp;&nbsp;&nbsp;&nbsp;&nbsp;&nbsp;<span class="nt">&lt;version</span> <span class="na">num=</span><span class="s">&quot;411&quot;</span> <span class="na">curr_loc=</span><span class="s">&quot;137&quot;</span> <span class="na">changed=</span><span class="s">&quot;1&quot;</span> <span class="na">churn=</span><span class="s">&quot;167&quot;</span> <span class="nt">/&gt;</span></div><div class='line' id='LC2168'>&nbsp;&nbsp;&nbsp;&nbsp;&nbsp;&nbsp;&nbsp;&nbsp;&nbsp;&nbsp;&nbsp;&nbsp;&nbsp;&nbsp;<span class="nt">&lt;version</span> <span class="na">num=</span><span class="s">&quot;412&quot;</span> <span class="na">curr_loc=</span><span class="s">&quot;139&quot;</span> <span class="na">changed=</span><span class="s">&quot;1&quot;</span> <span class="na">churn=</span><span class="s">&quot;169&quot;</span> <span class="nt">/&gt;</span></div><div class='line' id='LC2169'>&nbsp;&nbsp;&nbsp;&nbsp;&nbsp;&nbsp;&nbsp;&nbsp;&nbsp;&nbsp;&nbsp;&nbsp;&nbsp;&nbsp;<span class="nt">&lt;version</span> <span class="na">num=</span><span class="s">&quot;424&quot;</span> <span class="na">curr_loc=</span><span class="s">&quot;132&quot;</span> <span class="na">changed=</span><span class="s">&quot;1&quot;</span> <span class="na">churn=</span><span class="s">&quot;176&quot;</span> <span class="nt">/&gt;</span></div><div class='line' id='LC2170'>&nbsp;&nbsp;&nbsp;&nbsp;&nbsp;&nbsp;&nbsp;&nbsp;&nbsp;&nbsp;&nbsp;&nbsp;&nbsp;&nbsp;<span class="nt">&lt;version</span> <span class="na">num=</span><span class="s">&quot;427&quot;</span> <span class="na">curr_loc=</span><span class="s">&quot;158&quot;</span> <span class="na">changed=</span><span class="s">&quot;1&quot;</span> <span class="na">churn=</span><span class="s">&quot;202&quot;</span> <span class="nt">/&gt;</span></div><div class='line' id='LC2171'>&nbsp;&nbsp;&nbsp;&nbsp;&nbsp;&nbsp;&nbsp;&nbsp;&nbsp;&nbsp;&nbsp;&nbsp;&nbsp;&nbsp;<span class="nt">&lt;version</span> <span class="na">num=</span><span class="s">&quot;432&quot;</span> <span class="na">curr_loc=</span><span class="s">&quot;158&quot;</span> <span class="na">changed=</span><span class="s">&quot;1&quot;</span> <span class="na">churn=</span><span class="s">&quot;202&quot;</span> <span class="nt">/&gt;</span></div><div class='line' id='LC2172'>&nbsp;&nbsp;&nbsp;&nbsp;&nbsp;&nbsp;&nbsp;&nbsp;&nbsp;&nbsp;&nbsp;&nbsp;<span class="nt">&lt;/class&gt;</span></div><div class='line' id='LC2173'>&nbsp;&nbsp;&nbsp;&nbsp;&nbsp;&nbsp;&nbsp;&nbsp;&nbsp;&nbsp;&nbsp;&nbsp;<span class="nt">&lt;class</span> <span class="na">name=</span><span class="s">&quot;ParentRunner&quot;</span> <span class="na">type=</span><span class="s">&quot;AbstractClass&quot;</span> <span class="na">maxLoc=</span><span class="s">&quot;177&quot;</span><span class="nt">&gt;</span></div><div class='line' id='LC2174'>&nbsp;&nbsp;&nbsp;&nbsp;&nbsp;&nbsp;&nbsp;&nbsp;&nbsp;&nbsp;&nbsp;&nbsp;&nbsp;&nbsp;<span class="nt">&lt;version</span> <span class="na">num=</span><span class="s">&quot;332&quot;</span> <span class="na">curr_loc=</span><span class="s">&quot;149&quot;</span> <span class="na">changed=</span><span class="s">&quot;1&quot;</span> <span class="na">churn=</span><span class="s">&quot;149&quot;</span> <span class="nt">/&gt;</span></div><div class='line' id='LC2175'>&nbsp;&nbsp;&nbsp;&nbsp;&nbsp;&nbsp;&nbsp;&nbsp;&nbsp;&nbsp;&nbsp;&nbsp;&nbsp;&nbsp;<span class="nt">&lt;version</span> <span class="na">num=</span><span class="s">&quot;336&quot;</span> <span class="na">curr_loc=</span><span class="s">&quot;168&quot;</span> <span class="na">changed=</span><span class="s">&quot;1&quot;</span> <span class="na">churn=</span><span class="s">&quot;168&quot;</span> <span class="nt">/&gt;</span></div><div class='line' id='LC2176'>&nbsp;&nbsp;&nbsp;&nbsp;&nbsp;&nbsp;&nbsp;&nbsp;&nbsp;&nbsp;&nbsp;&nbsp;&nbsp;&nbsp;<span class="nt">&lt;version</span> <span class="na">num=</span><span class="s">&quot;337&quot;</span> <span class="na">curr_loc=</span><span class="s">&quot;168&quot;</span> <span class="na">changed=</span><span class="s">&quot;1&quot;</span> <span class="na">churn=</span><span class="s">&quot;168&quot;</span> <span class="nt">/&gt;</span></div><div class='line' id='LC2177'>&nbsp;&nbsp;&nbsp;&nbsp;&nbsp;&nbsp;&nbsp;&nbsp;&nbsp;&nbsp;&nbsp;&nbsp;&nbsp;&nbsp;<span class="nt">&lt;version</span> <span class="na">num=</span><span class="s">&quot;340&quot;</span> <span class="na">curr_loc=</span><span class="s">&quot;167&quot;</span> <span class="na">changed=</span><span class="s">&quot;1&quot;</span> <span class="na">churn=</span><span class="s">&quot;169&quot;</span> <span class="nt">/&gt;</span></div><div class='line' id='LC2178'>&nbsp;&nbsp;&nbsp;&nbsp;&nbsp;&nbsp;&nbsp;&nbsp;&nbsp;&nbsp;&nbsp;&nbsp;&nbsp;&nbsp;<span class="nt">&lt;version</span> <span class="na">num=</span><span class="s">&quot;341&quot;</span> <span class="na">curr_loc=</span><span class="s">&quot;167&quot;</span> <span class="na">changed=</span><span class="s">&quot;1&quot;</span> <span class="na">churn=</span><span class="s">&quot;169&quot;</span> <span class="nt">/&gt;</span></div><div class='line' id='LC2179'>&nbsp;&nbsp;&nbsp;&nbsp;&nbsp;&nbsp;&nbsp;&nbsp;&nbsp;&nbsp;&nbsp;&nbsp;&nbsp;&nbsp;<span class="nt">&lt;version</span> <span class="na">num=</span><span class="s">&quot;342&quot;</span> <span class="na">curr_loc=</span><span class="s">&quot;174&quot;</span> <span class="na">changed=</span><span class="s">&quot;1&quot;</span> <span class="na">churn=</span><span class="s">&quot;176&quot;</span> <span class="nt">/&gt;</span></div><div class='line' id='LC2180'>&nbsp;&nbsp;&nbsp;&nbsp;&nbsp;&nbsp;&nbsp;&nbsp;&nbsp;&nbsp;&nbsp;&nbsp;&nbsp;&nbsp;<span class="nt">&lt;version</span> <span class="na">num=</span><span class="s">&quot;344&quot;</span> <span class="na">curr_loc=</span><span class="s">&quot;176&quot;</span> <span class="na">changed=</span><span class="s">&quot;1&quot;</span> <span class="na">churn=</span><span class="s">&quot;178&quot;</span> <span class="nt">/&gt;</span></div><div class='line' id='LC2181'>&nbsp;&nbsp;&nbsp;&nbsp;&nbsp;&nbsp;&nbsp;&nbsp;&nbsp;&nbsp;&nbsp;&nbsp;&nbsp;&nbsp;<span class="nt">&lt;version</span> <span class="na">num=</span><span class="s">&quot;366&quot;</span> <span class="na">curr_loc=</span><span class="s">&quot;176&quot;</span> <span class="na">changed=</span><span class="s">&quot;1&quot;</span> <span class="na">churn=</span><span class="s">&quot;178&quot;</span> <span class="nt">/&gt;</span></div><div class='line' id='LC2182'>&nbsp;&nbsp;&nbsp;&nbsp;&nbsp;&nbsp;&nbsp;&nbsp;&nbsp;&nbsp;&nbsp;&nbsp;&nbsp;&nbsp;<span class="nt">&lt;version</span> <span class="na">num=</span><span class="s">&quot;367&quot;</span> <span class="na">curr_loc=</span><span class="s">&quot;176&quot;</span> <span class="na">changed=</span><span class="s">&quot;1&quot;</span> <span class="na">churn=</span><span class="s">&quot;178&quot;</span> <span class="nt">/&gt;</span></div><div class='line' id='LC2183'>&nbsp;&nbsp;&nbsp;&nbsp;&nbsp;&nbsp;&nbsp;&nbsp;&nbsp;&nbsp;&nbsp;&nbsp;&nbsp;&nbsp;<span class="nt">&lt;version</span> <span class="na">num=</span><span class="s">&quot;377&quot;</span> <span class="na">curr_loc=</span><span class="s">&quot;177&quot;</span> <span class="na">changed=</span><span class="s">&quot;1&quot;</span> <span class="na">churn=</span><span class="s">&quot;179&quot;</span> <span class="nt">/&gt;</span></div><div class='line' id='LC2184'>&nbsp;&nbsp;&nbsp;&nbsp;&nbsp;&nbsp;&nbsp;&nbsp;&nbsp;&nbsp;&nbsp;&nbsp;&nbsp;&nbsp;<span class="nt">&lt;version</span> <span class="na">num=</span><span class="s">&quot;395&quot;</span> <span class="na">curr_loc=</span><span class="s">&quot;173&quot;</span> <span class="na">changed=</span><span class="s">&quot;1&quot;</span> <span class="na">churn=</span><span class="s">&quot;183&quot;</span> <span class="nt">/&gt;</span></div><div class='line' id='LC2185'>&nbsp;&nbsp;&nbsp;&nbsp;&nbsp;&nbsp;&nbsp;&nbsp;&nbsp;&nbsp;&nbsp;&nbsp;&nbsp;&nbsp;<span class="nt">&lt;version</span> <span class="na">num=</span><span class="s">&quot;397&quot;</span> <span class="na">curr_loc=</span><span class="s">&quot;172&quot;</span> <span class="na">changed=</span><span class="s">&quot;1&quot;</span> <span class="na">churn=</span><span class="s">&quot;184&quot;</span> <span class="nt">/&gt;</span></div><div class='line' id='LC2186'>&nbsp;&nbsp;&nbsp;&nbsp;&nbsp;&nbsp;&nbsp;&nbsp;&nbsp;&nbsp;&nbsp;&nbsp;&nbsp;&nbsp;<span class="nt">&lt;version</span> <span class="na">num=</span><span class="s">&quot;405&quot;</span> <span class="na">curr_loc=</span><span class="s">&quot;172&quot;</span> <span class="na">changed=</span><span class="s">&quot;1&quot;</span> <span class="na">churn=</span><span class="s">&quot;184&quot;</span> <span class="nt">/&gt;</span></div><div class='line' id='LC2187'>&nbsp;&nbsp;&nbsp;&nbsp;&nbsp;&nbsp;&nbsp;&nbsp;&nbsp;&nbsp;&nbsp;&nbsp;&nbsp;&nbsp;<span class="nt">&lt;version</span> <span class="na">num=</span><span class="s">&quot;412&quot;</span> <span class="na">curr_loc=</span><span class="s">&quot;171&quot;</span> <span class="na">changed=</span><span class="s">&quot;1&quot;</span> <span class="na">churn=</span><span class="s">&quot;185&quot;</span> <span class="nt">/&gt;</span></div><div class='line' id='LC2188'>&nbsp;&nbsp;&nbsp;&nbsp;&nbsp;&nbsp;&nbsp;&nbsp;&nbsp;&nbsp;&nbsp;&nbsp;&nbsp;&nbsp;<span class="nt">&lt;version</span> <span class="na">num=</span><span class="s">&quot;424&quot;</span> <span class="na">curr_loc=</span><span class="s">&quot;167&quot;</span> <span class="na">changed=</span><span class="s">&quot;1&quot;</span> <span class="na">churn=</span><span class="s">&quot;189&quot;</span> <span class="nt">/&gt;</span></div><div class='line' id='LC2189'>&nbsp;&nbsp;&nbsp;&nbsp;&nbsp;&nbsp;&nbsp;&nbsp;&nbsp;&nbsp;&nbsp;&nbsp;&nbsp;&nbsp;<span class="nt">&lt;version</span> <span class="na">num=</span><span class="s">&quot;427&quot;</span> <span class="na">curr_loc=</span><span class="s">&quot;160&quot;</span> <span class="na">changed=</span><span class="s">&quot;1&quot;</span> <span class="na">churn=</span><span class="s">&quot;196&quot;</span> <span class="nt">/&gt;</span></div><div class='line' id='LC2190'>&nbsp;&nbsp;&nbsp;&nbsp;&nbsp;&nbsp;&nbsp;&nbsp;&nbsp;&nbsp;&nbsp;&nbsp;&nbsp;&nbsp;<span class="nt">&lt;version</span> <span class="na">num=</span><span class="s">&quot;432&quot;</span> <span class="na">curr_loc=</span><span class="s">&quot;146&quot;</span> <span class="na">changed=</span><span class="s">&quot;1&quot;</span> <span class="na">churn=</span><span class="s">&quot;210&quot;</span> <span class="nt">/&gt;</span></div><div class='line' id='LC2191'>&nbsp;&nbsp;&nbsp;&nbsp;&nbsp;&nbsp;&nbsp;&nbsp;&nbsp;&nbsp;&nbsp;&nbsp;<span class="nt">&lt;/class&gt;</span></div><div class='line' id='LC2192'>&nbsp;&nbsp;&nbsp;&nbsp;&nbsp;&nbsp;&nbsp;&nbsp;&nbsp;&nbsp;&nbsp;&nbsp;<span class="nt">&lt;package</span> <span class="na">name=</span><span class="s">&quot;notifiers&quot;</span><span class="nt">&gt;</span></div><div class='line' id='LC2193'>&nbsp;&nbsp;&nbsp;&nbsp;&nbsp;&nbsp;&nbsp;&nbsp;&nbsp;&nbsp;&nbsp;&nbsp;&nbsp;&nbsp;<span class="nt">&lt;class</span> <span class="na">name=</span><span class="s">&quot;IgnoreTestNotifier&quot;</span> <span class="na">type=</span><span class="s">&quot;ConcreteClass&quot;</span> <span class="na">maxLoc=</span><span class="s">&quot;14&quot;</span><span class="nt">&gt;</span></div><div class='line' id='LC2194'>&nbsp;&nbsp;&nbsp;&nbsp;&nbsp;&nbsp;&nbsp;&nbsp;&nbsp;&nbsp;&nbsp;&nbsp;&nbsp;&nbsp;&nbsp;&nbsp;<span class="nt">&lt;version</span> <span class="na">num=</span><span class="s">&quot;338&quot;</span> <span class="na">curr_loc=</span><span class="s">&quot;14&quot;</span> <span class="na">changed=</span><span class="s">&quot;1&quot;</span> <span class="na">churn=</span><span class="s">&quot;14&quot;</span> <span class="nt">/&gt;</span></div><div class='line' id='LC2195'>&nbsp;&nbsp;&nbsp;&nbsp;&nbsp;&nbsp;&nbsp;&nbsp;&nbsp;&nbsp;&nbsp;&nbsp;&nbsp;&nbsp;&nbsp;&nbsp;<span class="nt">&lt;version</span> <span class="na">num=</span><span class="s">&quot;344&quot;</span> <span class="na">curr_loc=</span><span class="s">&quot;14&quot;</span> <span class="na">changed=</span><span class="s">&quot;1&quot;</span> <span class="na">churn=</span><span class="s">&quot;14&quot;</span> <span class="nt">/&gt;</span></div><div class='line' id='LC2196'>&nbsp;&nbsp;&nbsp;&nbsp;&nbsp;&nbsp;&nbsp;&nbsp;&nbsp;&nbsp;&nbsp;&nbsp;&nbsp;&nbsp;<span class="nt">&lt;/class&gt;</span></div><div class='line' id='LC2197'>&nbsp;&nbsp;&nbsp;&nbsp;&nbsp;&nbsp;&nbsp;&nbsp;&nbsp;&nbsp;&nbsp;&nbsp;&nbsp;&nbsp;<span class="nt">&lt;class</span> <span class="na">name=</span><span class="s">&quot;RunTestNotifier&quot;</span> <span class="na">type=</span><span class="s">&quot;ConcreteClass&quot;</span> <span class="na">maxLoc=</span><span class="s">&quot;31&quot;</span><span class="nt">&gt;</span></div><div class='line' id='LC2198'>&nbsp;&nbsp;&nbsp;&nbsp;&nbsp;&nbsp;&nbsp;&nbsp;&nbsp;&nbsp;&nbsp;&nbsp;&nbsp;&nbsp;&nbsp;&nbsp;<span class="nt">&lt;version</span> <span class="na">num=</span><span class="s">&quot;338&quot;</span> <span class="na">curr_loc=</span><span class="s">&quot;31&quot;</span> <span class="na">changed=</span><span class="s">&quot;1&quot;</span> <span class="na">churn=</span><span class="s">&quot;31&quot;</span> <span class="nt">/&gt;</span></div><div class='line' id='LC2199'>&nbsp;&nbsp;&nbsp;&nbsp;&nbsp;&nbsp;&nbsp;&nbsp;&nbsp;&nbsp;&nbsp;&nbsp;&nbsp;&nbsp;&nbsp;&nbsp;<span class="nt">&lt;version</span> <span class="na">num=</span><span class="s">&quot;344&quot;</span> <span class="na">curr_loc=</span><span class="s">&quot;31&quot;</span> <span class="na">changed=</span><span class="s">&quot;1&quot;</span> <span class="na">churn=</span><span class="s">&quot;31&quot;</span> <span class="nt">/&gt;</span></div><div class='line' id='LC2200'>&nbsp;&nbsp;&nbsp;&nbsp;&nbsp;&nbsp;&nbsp;&nbsp;&nbsp;&nbsp;&nbsp;&nbsp;&nbsp;&nbsp;<span class="nt">&lt;/class&gt;</span></div><div class='line' id='LC2201'>&nbsp;&nbsp;&nbsp;&nbsp;&nbsp;&nbsp;&nbsp;&nbsp;&nbsp;&nbsp;&nbsp;&nbsp;<span class="nt">&lt;/package&gt;</span></div><div class='line' id='LC2202'>&nbsp;&nbsp;&nbsp;&nbsp;&nbsp;&nbsp;&nbsp;&nbsp;&nbsp;&nbsp;&nbsp;&nbsp;<span class="nt">&lt;class</span> <span class="na">name=</span><span class="s">&quot;BlockJUnit4ClassRunner&quot;</span> <span class="na">type=</span><span class="s">&quot;ConcreteClass&quot;</span> <span class="na">maxLoc=</span><span class="s">&quot;144&quot;</span><span class="nt">&gt;</span></div><div class='line' id='LC2203'>&nbsp;&nbsp;&nbsp;&nbsp;&nbsp;&nbsp;&nbsp;&nbsp;&nbsp;&nbsp;&nbsp;&nbsp;&nbsp;&nbsp;<span class="nt">&lt;version</span> <span class="na">num=</span><span class="s">&quot;344&quot;</span> <span class="na">curr_loc=</span><span class="s">&quot;140&quot;</span> <span class="na">changed=</span><span class="s">&quot;1&quot;</span> <span class="na">churn=</span><span class="s">&quot;140&quot;</span> <span class="nt">/&gt;</span></div><div class='line' id='LC2204'>&nbsp;&nbsp;&nbsp;&nbsp;&nbsp;&nbsp;&nbsp;&nbsp;&nbsp;&nbsp;&nbsp;&nbsp;&nbsp;&nbsp;<span class="nt">&lt;version</span> <span class="na">num=</span><span class="s">&quot;349&quot;</span> <span class="na">curr_loc=</span><span class="s">&quot;144&quot;</span> <span class="na">changed=</span><span class="s">&quot;1&quot;</span> <span class="na">churn=</span><span class="s">&quot;144&quot;</span> <span class="nt">/&gt;</span></div><div class='line' id='LC2205'>&nbsp;&nbsp;&nbsp;&nbsp;&nbsp;&nbsp;&nbsp;&nbsp;&nbsp;&nbsp;&nbsp;&nbsp;&nbsp;&nbsp;<span class="nt">&lt;version</span> <span class="na">num=</span><span class="s">&quot;350&quot;</span> <span class="na">curr_loc=</span><span class="s">&quot;140&quot;</span> <span class="na">changed=</span><span class="s">&quot;1&quot;</span> <span class="na">churn=</span><span class="s">&quot;148&quot;</span> <span class="nt">/&gt;</span></div><div class='line' id='LC2206'>&nbsp;&nbsp;&nbsp;&nbsp;&nbsp;&nbsp;&nbsp;&nbsp;&nbsp;&nbsp;&nbsp;&nbsp;<span class="nt">&lt;/class&gt;</span></div><div class='line' id='LC2207'>&nbsp;&nbsp;&nbsp;&nbsp;&nbsp;&nbsp;&nbsp;&nbsp;&nbsp;&nbsp;&nbsp;&nbsp;<span class="nt">&lt;class</span> <span class="na">name=</span><span class="s">&quot;ClassRoadie&quot;</span> <span class="na">type=</span><span class="s">&quot;ConcreteClass&quot;</span> <span class="na">maxLoc=</span><span class="s">&quot;79&quot;</span><span class="nt">&gt;</span></div><div class='line' id='LC2208'>&nbsp;&nbsp;&nbsp;&nbsp;&nbsp;&nbsp;&nbsp;&nbsp;&nbsp;&nbsp;&nbsp;&nbsp;&nbsp;&nbsp;<span class="nt">&lt;version</span> <span class="na">num=</span><span class="s">&quot;344&quot;</span> <span class="na">curr_loc=</span><span class="s">&quot;79&quot;</span> <span class="na">changed=</span><span class="s">&quot;1&quot;</span> <span class="na">churn=</span><span class="s">&quot;79&quot;</span> <span class="nt">/&gt;</span></div><div class='line' id='LC2209'>&nbsp;&nbsp;&nbsp;&nbsp;&nbsp;&nbsp;&nbsp;&nbsp;&nbsp;&nbsp;&nbsp;&nbsp;&nbsp;&nbsp;<span class="nt">&lt;version</span> <span class="na">num=</span><span class="s">&quot;346&quot;</span> <span class="na">curr_loc=</span><span class="s">&quot;78&quot;</span> <span class="na">changed=</span><span class="s">&quot;1&quot;</span> <span class="na">churn=</span><span class="s">&quot;80&quot;</span> <span class="nt">/&gt;</span></div><div class='line' id='LC2210'>&nbsp;&nbsp;&nbsp;&nbsp;&nbsp;&nbsp;&nbsp;&nbsp;&nbsp;&nbsp;&nbsp;&nbsp;<span class="nt">&lt;/class&gt;</span></div><div class='line' id='LC2211'>&nbsp;&nbsp;&nbsp;&nbsp;&nbsp;&nbsp;&nbsp;&nbsp;&nbsp;&nbsp;&nbsp;&nbsp;<span class="nt">&lt;class</span> <span class="na">name=</span><span class="s">&quot;FailedBefore&quot;</span> <span class="na">type=</span><span class="s">&quot;ConcreteClass&quot;</span> <span class="na">maxLoc=</span><span class="s">&quot;14&quot;</span><span class="nt">&gt;</span></div><div class='line' id='LC2212'>&nbsp;&nbsp;&nbsp;&nbsp;&nbsp;&nbsp;&nbsp;&nbsp;&nbsp;&nbsp;&nbsp;&nbsp;&nbsp;&nbsp;<span class="nt">&lt;version</span> <span class="na">num=</span><span class="s">&quot;344&quot;</span> <span class="na">curr_loc=</span><span class="s">&quot;14&quot;</span> <span class="na">changed=</span><span class="s">&quot;1&quot;</span> <span class="na">churn=</span><span class="s">&quot;14&quot;</span> <span class="nt">/&gt;</span></div><div class='line' id='LC2213'>&nbsp;&nbsp;&nbsp;&nbsp;&nbsp;&nbsp;&nbsp;&nbsp;&nbsp;&nbsp;&nbsp;&nbsp;&nbsp;&nbsp;<span class="nt">&lt;version</span> <span class="na">num=</span><span class="s">&quot;346&quot;</span> <span class="na">curr_loc=</span><span class="s">&quot;12&quot;</span> <span class="na">changed=</span><span class="s">&quot;1&quot;</span> <span class="na">churn=</span><span class="s">&quot;16&quot;</span> <span class="nt">/&gt;</span></div><div class='line' id='LC2214'>&nbsp;&nbsp;&nbsp;&nbsp;&nbsp;&nbsp;&nbsp;&nbsp;&nbsp;&nbsp;&nbsp;&nbsp;<span class="nt">&lt;/class&gt;</span></div><div class='line' id='LC2215'>&nbsp;&nbsp;&nbsp;&nbsp;&nbsp;&nbsp;&nbsp;&nbsp;&nbsp;&nbsp;&nbsp;&nbsp;<span class="nt">&lt;class</span> <span class="na">name=</span><span class="s">&quot;MethodRoadie&quot;</span> <span class="na">type=</span><span class="s">&quot;ConcreteClass&quot;</span> <span class="na">maxLoc=</span><span class="s">&quot;156&quot;</span><span class="nt">&gt;</span></div><div class='line' id='LC2216'>&nbsp;&nbsp;&nbsp;&nbsp;&nbsp;&nbsp;&nbsp;&nbsp;&nbsp;&nbsp;&nbsp;&nbsp;&nbsp;&nbsp;<span class="nt">&lt;version</span> <span class="na">num=</span><span class="s">&quot;344&quot;</span> <span class="na">curr_loc=</span><span class="s">&quot;156&quot;</span> <span class="na">changed=</span><span class="s">&quot;1&quot;</span> <span class="na">churn=</span><span class="s">&quot;156&quot;</span> <span class="nt">/&gt;</span></div><div class='line' id='LC2217'>&nbsp;&nbsp;&nbsp;&nbsp;&nbsp;&nbsp;&nbsp;&nbsp;&nbsp;&nbsp;&nbsp;&nbsp;&nbsp;&nbsp;<span class="nt">&lt;version</span> <span class="na">num=</span><span class="s">&quot;346&quot;</span> <span class="na">curr_loc=</span><span class="s">&quot;155&quot;</span> <span class="na">changed=</span><span class="s">&quot;1&quot;</span> <span class="na">churn=</span><span class="s">&quot;157&quot;</span> <span class="nt">/&gt;</span></div><div class='line' id='LC2218'>&nbsp;&nbsp;&nbsp;&nbsp;&nbsp;&nbsp;&nbsp;&nbsp;&nbsp;&nbsp;&nbsp;&nbsp;<span class="nt">&lt;/class&gt;</span></div><div class='line' id='LC2219'>&nbsp;&nbsp;&nbsp;&nbsp;&nbsp;&nbsp;&nbsp;&nbsp;&nbsp;&nbsp;&nbsp;&nbsp;<span class="nt">&lt;class</span> <span class="na">name=</span><span class="s">&quot;MethodValidator&quot;</span> <span class="na">type=</span><span class="s">&quot;ConcreteClass&quot;</span> <span class="na">maxLoc=</span><span class="s">&quot;91&quot;</span><span class="nt">&gt;</span></div><div class='line' id='LC2220'>&nbsp;&nbsp;&nbsp;&nbsp;&nbsp;&nbsp;&nbsp;&nbsp;&nbsp;&nbsp;&nbsp;&nbsp;&nbsp;&nbsp;<span class="nt">&lt;version</span> <span class="na">num=</span><span class="s">&quot;344&quot;</span> <span class="na">curr_loc=</span><span class="s">&quot;91&quot;</span> <span class="na">changed=</span><span class="s">&quot;1&quot;</span> <span class="na">churn=</span><span class="s">&quot;91&quot;</span> <span class="nt">/&gt;</span></div><div class='line' id='LC2221'>&nbsp;&nbsp;&nbsp;&nbsp;&nbsp;&nbsp;&nbsp;&nbsp;&nbsp;&nbsp;&nbsp;&nbsp;&nbsp;&nbsp;<span class="nt">&lt;version</span> <span class="na">num=</span><span class="s">&quot;346&quot;</span> <span class="na">curr_loc=</span><span class="s">&quot;90&quot;</span> <span class="na">changed=</span><span class="s">&quot;1&quot;</span> <span class="na">churn=</span><span class="s">&quot;92&quot;</span> <span class="nt">/&gt;</span></div><div class='line' id='LC2222'>&nbsp;&nbsp;&nbsp;&nbsp;&nbsp;&nbsp;&nbsp;&nbsp;&nbsp;&nbsp;&nbsp;&nbsp;<span class="nt">&lt;/class&gt;</span></div><div class='line' id='LC2223'>&nbsp;&nbsp;&nbsp;&nbsp;&nbsp;&nbsp;&nbsp;&nbsp;&nbsp;&nbsp;&nbsp;&nbsp;<span class="nt">&lt;class</span> <span class="na">name=</span><span class="s">&quot;TestClass&quot;</span> <span class="na">type=</span><span class="s">&quot;ConcreteClass&quot;</span> <span class="na">maxLoc=</span><span class="s">&quot;102&quot;</span><span class="nt">&gt;</span></div><div class='line' id='LC2224'>&nbsp;&nbsp;&nbsp;&nbsp;&nbsp;&nbsp;&nbsp;&nbsp;&nbsp;&nbsp;&nbsp;&nbsp;&nbsp;&nbsp;<span class="nt">&lt;version</span> <span class="na">num=</span><span class="s">&quot;344&quot;</span> <span class="na">curr_loc=</span><span class="s">&quot;102&quot;</span> <span class="na">changed=</span><span class="s">&quot;1&quot;</span> <span class="na">churn=</span><span class="s">&quot;102&quot;</span> <span class="nt">/&gt;</span></div><div class='line' id='LC2225'>&nbsp;&nbsp;&nbsp;&nbsp;&nbsp;&nbsp;&nbsp;&nbsp;&nbsp;&nbsp;&nbsp;&nbsp;&nbsp;&nbsp;<span class="nt">&lt;version</span> <span class="na">num=</span><span class="s">&quot;346&quot;</span> <span class="na">curr_loc=</span><span class="s">&quot;101&quot;</span> <span class="na">changed=</span><span class="s">&quot;1&quot;</span> <span class="na">churn=</span><span class="s">&quot;103&quot;</span> <span class="nt">/&gt;</span></div><div class='line' id='LC2226'>&nbsp;&nbsp;&nbsp;&nbsp;&nbsp;&nbsp;&nbsp;&nbsp;&nbsp;&nbsp;&nbsp;&nbsp;<span class="nt">&lt;/class&gt;</span></div><div class='line' id='LC2227'>&nbsp;&nbsp;&nbsp;&nbsp;&nbsp;&nbsp;&nbsp;&nbsp;&nbsp;&nbsp;&nbsp;&nbsp;<span class="nt">&lt;class</span> <span class="na">name=</span><span class="s">&quot;TestMethod&quot;</span> <span class="na">type=</span><span class="s">&quot;ConcreteClass&quot;</span> <span class="na">maxLoc=</span><span class="s">&quot;69&quot;</span><span class="nt">&gt;</span></div><div class='line' id='LC2228'>&nbsp;&nbsp;&nbsp;&nbsp;&nbsp;&nbsp;&nbsp;&nbsp;&nbsp;&nbsp;&nbsp;&nbsp;&nbsp;&nbsp;<span class="nt">&lt;version</span> <span class="na">num=</span><span class="s">&quot;344&quot;</span> <span class="na">curr_loc=</span><span class="s">&quot;69&quot;</span> <span class="na">changed=</span><span class="s">&quot;1&quot;</span> <span class="na">churn=</span><span class="s">&quot;69&quot;</span> <span class="nt">/&gt;</span></div><div class='line' id='LC2229'>&nbsp;&nbsp;&nbsp;&nbsp;&nbsp;&nbsp;&nbsp;&nbsp;&nbsp;&nbsp;&nbsp;&nbsp;&nbsp;&nbsp;<span class="nt">&lt;version</span> <span class="na">num=</span><span class="s">&quot;346&quot;</span> <span class="na">curr_loc=</span><span class="s">&quot;68&quot;</span> <span class="na">changed=</span><span class="s">&quot;1&quot;</span> <span class="na">churn=</span><span class="s">&quot;70&quot;</span> <span class="nt">/&gt;</span></div><div class='line' id='LC2230'>&nbsp;&nbsp;&nbsp;&nbsp;&nbsp;&nbsp;&nbsp;&nbsp;&nbsp;&nbsp;&nbsp;&nbsp;<span class="nt">&lt;/class&gt;</span></div><div class='line' id='LC2231'>&nbsp;&nbsp;&nbsp;&nbsp;&nbsp;&nbsp;&nbsp;&nbsp;&nbsp;&nbsp;&nbsp;&nbsp;<span class="nt">&lt;package</span> <span class="na">name=</span><span class="s">&quot;links&quot;</span><span class="nt">&gt;</span></div><div class='line' id='LC2232'>&nbsp;&nbsp;&nbsp;&nbsp;&nbsp;&nbsp;&nbsp;&nbsp;&nbsp;&nbsp;&nbsp;&nbsp;&nbsp;&nbsp;<span class="nt">&lt;class</span> <span class="na">name=</span><span class="s">&quot;ExpectException&quot;</span> <span class="na">type=</span><span class="s">&quot;ConcreteClass&quot;</span> <span class="na">maxLoc=</span><span class="s">&quot;34&quot;</span><span class="nt">&gt;</span></div><div class='line' id='LC2233'>&nbsp;&nbsp;&nbsp;&nbsp;&nbsp;&nbsp;&nbsp;&nbsp;&nbsp;&nbsp;&nbsp;&nbsp;&nbsp;&nbsp;&nbsp;&nbsp;<span class="nt">&lt;version</span> <span class="na">num=</span><span class="s">&quot;344&quot;</span> <span class="na">curr_loc=</span><span class="s">&quot;34&quot;</span> <span class="na">changed=</span><span class="s">&quot;1&quot;</span> <span class="na">churn=</span><span class="s">&quot;34&quot;</span> <span class="nt">/&gt;</span></div><div class='line' id='LC2234'>&nbsp;&nbsp;&nbsp;&nbsp;&nbsp;&nbsp;&nbsp;&nbsp;&nbsp;&nbsp;&nbsp;&nbsp;&nbsp;&nbsp;<span class="nt">&lt;/class&gt;</span></div><div class='line' id='LC2235'>&nbsp;&nbsp;&nbsp;&nbsp;&nbsp;&nbsp;&nbsp;&nbsp;&nbsp;&nbsp;&nbsp;&nbsp;&nbsp;&nbsp;<span class="nt">&lt;class</span> <span class="na">name=</span><span class="s">&quot;Fail&quot;</span> <span class="na">type=</span><span class="s">&quot;ConcreteClass&quot;</span> <span class="na">maxLoc=</span><span class="s">&quot;15&quot;</span><span class="nt">&gt;</span></div><div class='line' id='LC2236'>&nbsp;&nbsp;&nbsp;&nbsp;&nbsp;&nbsp;&nbsp;&nbsp;&nbsp;&nbsp;&nbsp;&nbsp;&nbsp;&nbsp;&nbsp;&nbsp;<span class="nt">&lt;version</span> <span class="na">num=</span><span class="s">&quot;344&quot;</span> <span class="na">curr_loc=</span><span class="s">&quot;15&quot;</span> <span class="na">changed=</span><span class="s">&quot;1&quot;</span> <span class="na">churn=</span><span class="s">&quot;15&quot;</span> <span class="nt">/&gt;</span></div><div class='line' id='LC2237'>&nbsp;&nbsp;&nbsp;&nbsp;&nbsp;&nbsp;&nbsp;&nbsp;&nbsp;&nbsp;&nbsp;&nbsp;&nbsp;&nbsp;<span class="nt">&lt;/class&gt;</span></div><div class='line' id='LC2238'>&nbsp;&nbsp;&nbsp;&nbsp;&nbsp;&nbsp;&nbsp;&nbsp;&nbsp;&nbsp;&nbsp;&nbsp;&nbsp;&nbsp;<span class="nt">&lt;class</span> <span class="na">name=</span><span class="s">&quot;FailOnTimeout&quot;</span> <span class="na">type=</span><span class="s">&quot;ConcreteClass&quot;</span> <span class="na">maxLoc=</span><span class="s">&quot;58&quot;</span><span class="nt">&gt;</span></div><div class='line' id='LC2239'>&nbsp;&nbsp;&nbsp;&nbsp;&nbsp;&nbsp;&nbsp;&nbsp;&nbsp;&nbsp;&nbsp;&nbsp;&nbsp;&nbsp;&nbsp;&nbsp;<span class="nt">&lt;version</span> <span class="na">num=</span><span class="s">&quot;344&quot;</span> <span class="na">curr_loc=</span><span class="s">&quot;58&quot;</span> <span class="na">changed=</span><span class="s">&quot;1&quot;</span> <span class="na">churn=</span><span class="s">&quot;58&quot;</span> <span class="nt">/&gt;</span></div><div class='line' id='LC2240'>&nbsp;&nbsp;&nbsp;&nbsp;&nbsp;&nbsp;&nbsp;&nbsp;&nbsp;&nbsp;&nbsp;&nbsp;&nbsp;&nbsp;<span class="nt">&lt;/class&gt;</span></div><div class='line' id='LC2241'>&nbsp;&nbsp;&nbsp;&nbsp;&nbsp;&nbsp;&nbsp;&nbsp;&nbsp;&nbsp;&nbsp;&nbsp;&nbsp;&nbsp;<span class="nt">&lt;class</span> <span class="na">name=</span><span class="s">&quot;IgnoreTestNotifier&quot;</span> <span class="na">type=</span><span class="s">&quot;ConcreteClass&quot;</span> <span class="na">maxLoc=</span><span class="s">&quot;13&quot;</span><span class="nt">&gt;</span></div><div class='line' id='LC2242'>&nbsp;&nbsp;&nbsp;&nbsp;&nbsp;&nbsp;&nbsp;&nbsp;&nbsp;&nbsp;&nbsp;&nbsp;&nbsp;&nbsp;&nbsp;&nbsp;<span class="nt">&lt;version</span> <span class="na">num=</span><span class="s">&quot;344&quot;</span> <span class="na">curr_loc=</span><span class="s">&quot;13&quot;</span> <span class="na">changed=</span><span class="s">&quot;1&quot;</span> <span class="na">churn=</span><span class="s">&quot;13&quot;</span> <span class="nt">/&gt;</span></div><div class='line' id='LC2243'>&nbsp;&nbsp;&nbsp;&nbsp;&nbsp;&nbsp;&nbsp;&nbsp;&nbsp;&nbsp;&nbsp;&nbsp;&nbsp;&nbsp;<span class="nt">&lt;/class&gt;</span></div><div class='line' id='LC2244'>&nbsp;&nbsp;&nbsp;&nbsp;&nbsp;&nbsp;&nbsp;&nbsp;&nbsp;&nbsp;&nbsp;&nbsp;&nbsp;&nbsp;<span class="nt">&lt;class</span> <span class="na">name=</span><span class="s">&quot;InvokeMethod&quot;</span> <span class="na">type=</span><span class="s">&quot;ConcreteClass&quot;</span> <span class="na">maxLoc=</span><span class="s">&quot;21&quot;</span><span class="nt">&gt;</span></div><div class='line' id='LC2245'>&nbsp;&nbsp;&nbsp;&nbsp;&nbsp;&nbsp;&nbsp;&nbsp;&nbsp;&nbsp;&nbsp;&nbsp;&nbsp;&nbsp;&nbsp;&nbsp;<span class="nt">&lt;version</span> <span class="na">num=</span><span class="s">&quot;344&quot;</span> <span class="na">curr_loc=</span><span class="s">&quot;21&quot;</span> <span class="na">changed=</span><span class="s">&quot;1&quot;</span> <span class="na">churn=</span><span class="s">&quot;21&quot;</span> <span class="nt">/&gt;</span></div><div class='line' id='LC2246'>&nbsp;&nbsp;&nbsp;&nbsp;&nbsp;&nbsp;&nbsp;&nbsp;&nbsp;&nbsp;&nbsp;&nbsp;&nbsp;&nbsp;<span class="nt">&lt;/class&gt;</span></div><div class='line' id='LC2247'>&nbsp;&nbsp;&nbsp;&nbsp;&nbsp;&nbsp;&nbsp;&nbsp;&nbsp;&nbsp;&nbsp;&nbsp;&nbsp;&nbsp;<span class="nt">&lt;class</span> <span class="na">name=</span><span class="s">&quot;Notifier&quot;</span> <span class="na">type=</span><span class="s">&quot;AbstractClass&quot;</span> <span class="na">maxLoc=</span><span class="s">&quot;9&quot;</span><span class="nt">&gt;</span></div><div class='line' id='LC2248'>&nbsp;&nbsp;&nbsp;&nbsp;&nbsp;&nbsp;&nbsp;&nbsp;&nbsp;&nbsp;&nbsp;&nbsp;&nbsp;&nbsp;&nbsp;&nbsp;<span class="nt">&lt;version</span> <span class="na">num=</span><span class="s">&quot;344&quot;</span> <span class="na">curr_loc=</span><span class="s">&quot;9&quot;</span> <span class="na">changed=</span><span class="s">&quot;1&quot;</span> <span class="na">churn=</span><span class="s">&quot;9&quot;</span> <span class="nt">/&gt;</span></div><div class='line' id='LC2249'>&nbsp;&nbsp;&nbsp;&nbsp;&nbsp;&nbsp;&nbsp;&nbsp;&nbsp;&nbsp;&nbsp;&nbsp;&nbsp;&nbsp;<span class="nt">&lt;/class&gt;</span></div><div class='line' id='LC2250'>&nbsp;&nbsp;&nbsp;&nbsp;&nbsp;&nbsp;&nbsp;&nbsp;&nbsp;&nbsp;&nbsp;&nbsp;&nbsp;&nbsp;<span class="nt">&lt;class</span> <span class="na">name=</span><span class="s">&quot;RunAfters&quot;</span> <span class="na">type=</span><span class="s">&quot;ConcreteClass&quot;</span> <span class="na">maxLoc=</span><span class="s">&quot;50&quot;</span><span class="nt">&gt;</span></div><div class='line' id='LC2251'>&nbsp;&nbsp;&nbsp;&nbsp;&nbsp;&nbsp;&nbsp;&nbsp;&nbsp;&nbsp;&nbsp;&nbsp;&nbsp;&nbsp;&nbsp;&nbsp;<span class="nt">&lt;version</span> <span class="na">num=</span><span class="s">&quot;344&quot;</span> <span class="na">curr_loc=</span><span class="s">&quot;43&quot;</span> <span class="na">changed=</span><span class="s">&quot;1&quot;</span> <span class="na">churn=</span><span class="s">&quot;43&quot;</span> <span class="nt">/&gt;</span></div><div class='line' id='LC2252'>&nbsp;&nbsp;&nbsp;&nbsp;&nbsp;&nbsp;&nbsp;&nbsp;&nbsp;&nbsp;&nbsp;&nbsp;&nbsp;&nbsp;&nbsp;&nbsp;<span class="nt">&lt;version</span> <span class="na">num=</span><span class="s">&quot;370&quot;</span> <span class="na">curr_loc=</span><span class="s">&quot;49&quot;</span> <span class="na">changed=</span><span class="s">&quot;1&quot;</span> <span class="na">churn=</span><span class="s">&quot;49&quot;</span> <span class="nt">/&gt;</span></div><div class='line' id='LC2253'>&nbsp;&nbsp;&nbsp;&nbsp;&nbsp;&nbsp;&nbsp;&nbsp;&nbsp;&nbsp;&nbsp;&nbsp;&nbsp;&nbsp;&nbsp;&nbsp;<span class="nt">&lt;version</span> <span class="na">num=</span><span class="s">&quot;375&quot;</span> <span class="na">curr_loc=</span><span class="s">&quot;50&quot;</span> <span class="na">changed=</span><span class="s">&quot;1&quot;</span> <span class="na">churn=</span><span class="s">&quot;50&quot;</span> <span class="nt">/&gt;</span></div><div class='line' id='LC2254'>&nbsp;&nbsp;&nbsp;&nbsp;&nbsp;&nbsp;&nbsp;&nbsp;&nbsp;&nbsp;&nbsp;&nbsp;&nbsp;&nbsp;<span class="nt">&lt;/class&gt;</span></div><div class='line' id='LC2255'>&nbsp;&nbsp;&nbsp;&nbsp;&nbsp;&nbsp;&nbsp;&nbsp;&nbsp;&nbsp;&nbsp;&nbsp;&nbsp;&nbsp;<span class="nt">&lt;class</span> <span class="na">name=</span><span class="s">&quot;RunBefores&quot;</span> <span class="na">type=</span><span class="s">&quot;ConcreteClass&quot;</span> <span class="na">maxLoc=</span><span class="s">&quot;31&quot;</span><span class="nt">&gt;</span></div><div class='line' id='LC2256'>&nbsp;&nbsp;&nbsp;&nbsp;&nbsp;&nbsp;&nbsp;&nbsp;&nbsp;&nbsp;&nbsp;&nbsp;&nbsp;&nbsp;&nbsp;&nbsp;<span class="nt">&lt;version</span> <span class="na">num=</span><span class="s">&quot;344&quot;</span> <span class="na">curr_loc=</span><span class="s">&quot;26&quot;</span> <span class="na">changed=</span><span class="s">&quot;1&quot;</span> <span class="na">churn=</span><span class="s">&quot;26&quot;</span> <span class="nt">/&gt;</span></div><div class='line' id='LC2257'>&nbsp;&nbsp;&nbsp;&nbsp;&nbsp;&nbsp;&nbsp;&nbsp;&nbsp;&nbsp;&nbsp;&nbsp;&nbsp;&nbsp;&nbsp;&nbsp;<span class="nt">&lt;version</span> <span class="na">num=</span><span class="s">&quot;371&quot;</span> <span class="na">curr_loc=</span><span class="s">&quot;31&quot;</span> <span class="na">changed=</span><span class="s">&quot;1&quot;</span> <span class="na">churn=</span><span class="s">&quot;31&quot;</span> <span class="nt">/&gt;</span></div><div class='line' id='LC2258'>&nbsp;&nbsp;&nbsp;&nbsp;&nbsp;&nbsp;&nbsp;&nbsp;&nbsp;&nbsp;&nbsp;&nbsp;&nbsp;&nbsp;<span class="nt">&lt;/class&gt;</span></div><div class='line' id='LC2259'>&nbsp;&nbsp;&nbsp;&nbsp;&nbsp;&nbsp;&nbsp;&nbsp;&nbsp;&nbsp;&nbsp;&nbsp;&nbsp;&nbsp;<span class="nt">&lt;class</span> <span class="na">name=</span><span class="s">&quot;RunTestNotifier&quot;</span> <span class="na">type=</span><span class="s">&quot;ConcreteClass&quot;</span> <span class="na">maxLoc=</span><span class="s">&quot;29&quot;</span><span class="nt">&gt;</span></div><div class='line' id='LC2260'>&nbsp;&nbsp;&nbsp;&nbsp;&nbsp;&nbsp;&nbsp;&nbsp;&nbsp;&nbsp;&nbsp;&nbsp;&nbsp;&nbsp;&nbsp;&nbsp;<span class="nt">&lt;version</span> <span class="na">num=</span><span class="s">&quot;344&quot;</span> <span class="na">curr_loc=</span><span class="s">&quot;29&quot;</span> <span class="na">changed=</span><span class="s">&quot;1&quot;</span> <span class="na">churn=</span><span class="s">&quot;29&quot;</span> <span class="nt">/&gt;</span></div><div class='line' id='LC2261'>&nbsp;&nbsp;&nbsp;&nbsp;&nbsp;&nbsp;&nbsp;&nbsp;&nbsp;&nbsp;&nbsp;&nbsp;&nbsp;&nbsp;&nbsp;&nbsp;<span class="nt">&lt;version</span> <span class="na">num=</span><span class="s">&quot;366&quot;</span> <span class="na">curr_loc=</span><span class="s">&quot;29&quot;</span> <span class="na">changed=</span><span class="s">&quot;1&quot;</span> <span class="na">churn=</span><span class="s">&quot;29&quot;</span> <span class="nt">/&gt;</span></div><div class='line' id='LC2262'>&nbsp;&nbsp;&nbsp;&nbsp;&nbsp;&nbsp;&nbsp;&nbsp;&nbsp;&nbsp;&nbsp;&nbsp;&nbsp;&nbsp;&nbsp;&nbsp;<span class="nt">&lt;version</span> <span class="na">num=</span><span class="s">&quot;367&quot;</span> <span class="na">curr_loc=</span><span class="s">&quot;29&quot;</span> <span class="na">changed=</span><span class="s">&quot;1&quot;</span> <span class="na">churn=</span><span class="s">&quot;29&quot;</span> <span class="nt">/&gt;</span></div><div class='line' id='LC2263'>&nbsp;&nbsp;&nbsp;&nbsp;&nbsp;&nbsp;&nbsp;&nbsp;&nbsp;&nbsp;&nbsp;&nbsp;&nbsp;&nbsp;&nbsp;&nbsp;<span class="nt">&lt;version</span> <span class="na">num=</span><span class="s">&quot;398&quot;</span> <span class="na">curr_loc=</span><span class="s">&quot;29&quot;</span> <span class="na">changed=</span><span class="s">&quot;1&quot;</span> <span class="na">churn=</span><span class="s">&quot;29&quot;</span> <span class="nt">/&gt;</span></div><div class='line' id='LC2264'>&nbsp;&nbsp;&nbsp;&nbsp;&nbsp;&nbsp;&nbsp;&nbsp;&nbsp;&nbsp;&nbsp;&nbsp;&nbsp;&nbsp;<span class="nt">&lt;/class&gt;</span></div><div class='line' id='LC2265'>&nbsp;&nbsp;&nbsp;&nbsp;&nbsp;&nbsp;&nbsp;&nbsp;&nbsp;&nbsp;&nbsp;&nbsp;&nbsp;&nbsp;<span class="nt">&lt;class</span> <span class="na">name=</span><span class="s">&quot;Statement&quot;</span> <span class="na">type=</span><span class="s">&quot;AbstractClass&quot;</span> <span class="na">maxLoc=</span><span class="s">&quot;9&quot;</span><span class="nt">&gt;</span></div><div class='line' id='LC2266'>&nbsp;&nbsp;&nbsp;&nbsp;&nbsp;&nbsp;&nbsp;&nbsp;&nbsp;&nbsp;&nbsp;&nbsp;&nbsp;&nbsp;&nbsp;&nbsp;<span class="nt">&lt;version</span> <span class="na">num=</span><span class="s">&quot;344&quot;</span> <span class="na">curr_loc=</span><span class="s">&quot;9&quot;</span> <span class="na">changed=</span><span class="s">&quot;1&quot;</span> <span class="na">churn=</span><span class="s">&quot;9&quot;</span> <span class="nt">/&gt;</span></div><div class='line' id='LC2267'>&nbsp;&nbsp;&nbsp;&nbsp;&nbsp;&nbsp;&nbsp;&nbsp;&nbsp;&nbsp;&nbsp;&nbsp;&nbsp;&nbsp;<span class="nt">&lt;/class&gt;</span></div><div class='line' id='LC2268'>&nbsp;&nbsp;&nbsp;&nbsp;&nbsp;&nbsp;&nbsp;&nbsp;&nbsp;&nbsp;&nbsp;&nbsp;<span class="nt">&lt;/package&gt;</span></div><div class='line' id='LC2269'>&nbsp;&nbsp;&nbsp;&nbsp;&nbsp;&nbsp;&nbsp;&nbsp;&nbsp;&nbsp;&nbsp;&nbsp;<span class="nt">&lt;class</span> <span class="na">name=</span><span class="s">&quot;SuiteMethod&quot;</span> <span class="na">type=</span><span class="s">&quot;ConcreteClass&quot;</span> <span class="na">maxLoc=</span><span class="s">&quot;40&quot;</span><span class="nt">&gt;</span></div><div class='line' id='LC2270'>&nbsp;&nbsp;&nbsp;&nbsp;&nbsp;&nbsp;&nbsp;&nbsp;&nbsp;&nbsp;&nbsp;&nbsp;&nbsp;&nbsp;<span class="nt">&lt;version</span> <span class="na">num=</span><span class="s">&quot;387&quot;</span> <span class="na">curr_loc=</span><span class="s">&quot;40&quot;</span> <span class="na">changed=</span><span class="s">&quot;1&quot;</span> <span class="na">churn=</span><span class="s">&quot;40&quot;</span> <span class="nt">/&gt;</span></div><div class='line' id='LC2271'>&nbsp;&nbsp;&nbsp;&nbsp;&nbsp;&nbsp;&nbsp;&nbsp;&nbsp;&nbsp;&nbsp;&nbsp;<span class="nt">&lt;/class&gt;</span></div><div class='line' id='LC2272'>&nbsp;&nbsp;&nbsp;&nbsp;&nbsp;&nbsp;&nbsp;&nbsp;&nbsp;&nbsp;&nbsp;&nbsp;<span class="nt">&lt;class</span> <span class="na">name=</span><span class="s">&quot;CompositeRunner&quot;</span> <span class="na">type=</span><span class="s">&quot;ConcreteClass&quot;</span> <span class="na">maxLoc=</span><span class="s">&quot;77&quot;</span><span class="nt">&gt;</span></div><div class='line' id='LC2273'>&nbsp;&nbsp;&nbsp;&nbsp;&nbsp;&nbsp;&nbsp;&nbsp;&nbsp;&nbsp;&nbsp;&nbsp;&nbsp;&nbsp;<span class="nt">&lt;version</span> <span class="na">num=</span><span class="s">&quot;397&quot;</span> <span class="na">curr_loc=</span><span class="s">&quot;77&quot;</span> <span class="na">changed=</span><span class="s">&quot;1&quot;</span> <span class="na">churn=</span><span class="s">&quot;77&quot;</span> <span class="nt">/&gt;</span></div><div class='line' id='LC2274'>&nbsp;&nbsp;&nbsp;&nbsp;&nbsp;&nbsp;&nbsp;&nbsp;&nbsp;&nbsp;&nbsp;&nbsp;&nbsp;&nbsp;<span class="nt">&lt;version</span> <span class="na">num=</span><span class="s">&quot;401&quot;</span> <span class="na">curr_loc=</span><span class="s">&quot;61&quot;</span> <span class="na">changed=</span><span class="s">&quot;1&quot;</span> <span class="na">churn=</span><span class="s">&quot;93&quot;</span> <span class="nt">/&gt;</span></div><div class='line' id='LC2275'>&nbsp;&nbsp;&nbsp;&nbsp;&nbsp;&nbsp;&nbsp;&nbsp;&nbsp;&nbsp;&nbsp;&nbsp;&nbsp;&nbsp;<span class="nt">&lt;version</span> <span class="na">num=</span><span class="s">&quot;402&quot;</span> <span class="na">curr_loc=</span><span class="s">&quot;56&quot;</span> <span class="na">changed=</span><span class="s">&quot;1&quot;</span> <span class="na">churn=</span><span class="s">&quot;98&quot;</span> <span class="nt">/&gt;</span></div><div class='line' id='LC2276'>&nbsp;&nbsp;&nbsp;&nbsp;&nbsp;&nbsp;&nbsp;&nbsp;&nbsp;&nbsp;&nbsp;&nbsp;&nbsp;&nbsp;<span class="nt">&lt;version</span> <span class="na">num=</span><span class="s">&quot;405&quot;</span> <span class="na">curr_loc=</span><span class="s">&quot;54&quot;</span> <span class="na">changed=</span><span class="s">&quot;1&quot;</span> <span class="na">churn=</span><span class="s">&quot;100&quot;</span> <span class="nt">/&gt;</span></div><div class='line' id='LC2277'>&nbsp;&nbsp;&nbsp;&nbsp;&nbsp;&nbsp;&nbsp;&nbsp;&nbsp;&nbsp;&nbsp;&nbsp;&nbsp;&nbsp;<span class="nt">&lt;version</span> <span class="na">num=</span><span class="s">&quot;411&quot;</span> <span class="na">curr_loc=</span><span class="s">&quot;70&quot;</span> <span class="na">changed=</span><span class="s">&quot;1&quot;</span> <span class="na">churn=</span><span class="s">&quot;116&quot;</span> <span class="nt">/&gt;</span></div><div class='line' id='LC2278'>&nbsp;&nbsp;&nbsp;&nbsp;&nbsp;&nbsp;&nbsp;&nbsp;&nbsp;&nbsp;&nbsp;&nbsp;<span class="nt">&lt;/class&gt;</span></div><div class='line' id='LC2279'>&nbsp;&nbsp;&nbsp;&nbsp;&nbsp;&nbsp;&nbsp;&nbsp;&nbsp;&nbsp;&nbsp;&nbsp;<span class="nt">&lt;class</span> <span class="na">name=</span><span class="s">&quot;TestMethodElement&quot;</span> <span class="na">type=</span><span class="s">&quot;ConcreteClass&quot;</span> <span class="na">maxLoc=</span><span class="s">&quot;29&quot;</span><span class="nt">&gt;</span></div><div class='line' id='LC2280'>&nbsp;&nbsp;&nbsp;&nbsp;&nbsp;&nbsp;&nbsp;&nbsp;&nbsp;&nbsp;&nbsp;&nbsp;&nbsp;&nbsp;<span class="nt">&lt;version</span> <span class="na">num=</span><span class="s">&quot;430&quot;</span> <span class="na">curr_loc=</span><span class="s">&quot;29&quot;</span> <span class="na">changed=</span><span class="s">&quot;1&quot;</span> <span class="na">churn=</span><span class="s">&quot;29&quot;</span> <span class="nt">/&gt;</span></div><div class='line' id='LC2281'>&nbsp;&nbsp;&nbsp;&nbsp;&nbsp;&nbsp;&nbsp;&nbsp;&nbsp;&nbsp;&nbsp;&nbsp;<span class="nt">&lt;/class&gt;</span></div><div class='line' id='LC2282'>&nbsp;&nbsp;&nbsp;&nbsp;&nbsp;&nbsp;&nbsp;&nbsp;&nbsp;&nbsp;<span class="nt">&lt;/package&gt;</span></div><div class='line' id='LC2283'>&nbsp;&nbsp;&nbsp;&nbsp;&nbsp;&nbsp;&nbsp;&nbsp;&nbsp;&nbsp;<span class="nt">&lt;class</span> <span class="na">name=</span><span class="s">&quot;ComparisonCriteria&quot;</span> <span class="na">type=</span><span class="s">&quot;AbstractClass&quot;</span> <span class="na">maxLoc=</span><span class="s">&quot;78&quot;</span><span class="nt">&gt;</span></div><div class='line' id='LC2284'>&nbsp;&nbsp;&nbsp;&nbsp;&nbsp;&nbsp;&nbsp;&nbsp;&nbsp;&nbsp;&nbsp;&nbsp;<span class="nt">&lt;version</span> <span class="na">num=</span><span class="s">&quot;90&quot;</span> <span class="na">curr_loc=</span><span class="s">&quot;76&quot;</span> <span class="na">changed=</span><span class="s">&quot;1&quot;</span> <span class="na">churn=</span><span class="s">&quot;76&quot;</span> <span class="nt">/&gt;</span></div><div class='line' id='LC2285'>&nbsp;&nbsp;&nbsp;&nbsp;&nbsp;&nbsp;&nbsp;&nbsp;&nbsp;&nbsp;&nbsp;&nbsp;<span class="nt">&lt;version</span> <span class="na">num=</span><span class="s">&quot;117&quot;</span> <span class="na">curr_loc=</span><span class="s">&quot;78&quot;</span> <span class="na">changed=</span><span class="s">&quot;1&quot;</span> <span class="na">churn=</span><span class="s">&quot;78&quot;</span> <span class="nt">/&gt;</span></div><div class='line' id='LC2286'>&nbsp;&nbsp;&nbsp;&nbsp;&nbsp;&nbsp;&nbsp;&nbsp;&nbsp;&nbsp;&nbsp;&nbsp;<span class="nt">&lt;version</span> <span class="na">num=</span><span class="s">&quot;136&quot;</span> <span class="na">curr_loc=</span><span class="s">&quot;60&quot;</span> <span class="na">changed=</span><span class="s">&quot;1&quot;</span> <span class="na">churn=</span><span class="s">&quot;96&quot;</span> <span class="nt">/&gt;</span></div><div class='line' id='LC2287'>&nbsp;&nbsp;&nbsp;&nbsp;&nbsp;&nbsp;&nbsp;&nbsp;&nbsp;&nbsp;&nbsp;&nbsp;<span class="nt">&lt;version</span> <span class="na">num=</span><span class="s">&quot;151&quot;</span> <span class="na">curr_loc=</span><span class="s">&quot;60&quot;</span> <span class="na">changed=</span><span class="s">&quot;1&quot;</span> <span class="na">churn=</span><span class="s">&quot;96&quot;</span> <span class="nt">/&gt;</span></div><div class='line' id='LC2288'>&nbsp;&nbsp;&nbsp;&nbsp;&nbsp;&nbsp;&nbsp;&nbsp;&nbsp;&nbsp;&nbsp;&nbsp;<span class="nt">&lt;version</span> <span class="na">num=</span><span class="s">&quot;232&quot;</span> <span class="na">curr_loc=</span><span class="s">&quot;61&quot;</span> <span class="na">changed=</span><span class="s">&quot;1&quot;</span> <span class="na">churn=</span><span class="s">&quot;97&quot;</span> <span class="nt">/&gt;</span></div><div class='line' id='LC2289'>&nbsp;&nbsp;&nbsp;&nbsp;&nbsp;&nbsp;&nbsp;&nbsp;&nbsp;&nbsp;&nbsp;&nbsp;<span class="nt">&lt;version</span> <span class="na">num=</span><span class="s">&quot;238&quot;</span> <span class="na">curr_loc=</span><span class="s">&quot;61&quot;</span> <span class="na">changed=</span><span class="s">&quot;1&quot;</span> <span class="na">churn=</span><span class="s">&quot;97&quot;</span> <span class="nt">/&gt;</span></div><div class='line' id='LC2290'>&nbsp;&nbsp;&nbsp;&nbsp;&nbsp;&nbsp;&nbsp;&nbsp;&nbsp;&nbsp;&nbsp;&nbsp;<span class="nt">&lt;version</span> <span class="na">num=</span><span class="s">&quot;241&quot;</span> <span class="na">curr_loc=</span><span class="s">&quot;61&quot;</span> <span class="na">changed=</span><span class="s">&quot;1&quot;</span> <span class="na">churn=</span><span class="s">&quot;97&quot;</span> <span class="nt">/&gt;</span></div><div class='line' id='LC2291'>&nbsp;&nbsp;&nbsp;&nbsp;&nbsp;&nbsp;&nbsp;&nbsp;&nbsp;&nbsp;&nbsp;&nbsp;<span class="nt">&lt;version</span> <span class="na">num=</span><span class="s">&quot;249&quot;</span> <span class="na">curr_loc=</span><span class="s">&quot;61&quot;</span> <span class="na">changed=</span><span class="s">&quot;1&quot;</span> <span class="na">churn=</span><span class="s">&quot;97&quot;</span> <span class="nt">/&gt;</span></div><div class='line' id='LC2292'>&nbsp;&nbsp;&nbsp;&nbsp;&nbsp;&nbsp;&nbsp;&nbsp;&nbsp;&nbsp;<span class="nt">&lt;/class&gt;</span></div><div class='line' id='LC2293'>&nbsp;&nbsp;&nbsp;&nbsp;&nbsp;&nbsp;&nbsp;&nbsp;&nbsp;&nbsp;<span class="nt">&lt;class</span> <span class="na">name=</span><span class="s">&quot;InexactComparisonCriteria&quot;</span> <span class="na">type=</span><span class="s">&quot;ConcreteClass&quot;</span> <span class="na">maxLoc=</span><span class="s">&quot;71&quot;</span><span class="nt">&gt;</span></div><div class='line' id='LC2294'>&nbsp;&nbsp;&nbsp;&nbsp;&nbsp;&nbsp;&nbsp;&nbsp;&nbsp;&nbsp;&nbsp;&nbsp;<span class="nt">&lt;version</span> <span class="na">num=</span><span class="s">&quot;90&quot;</span> <span class="na">curr_loc=</span><span class="s">&quot;19&quot;</span> <span class="na">changed=</span><span class="s">&quot;1&quot;</span> <span class="na">churn=</span><span class="s">&quot;19&quot;</span> <span class="nt">/&gt;</span></div><div class='line' id='LC2295'>&nbsp;&nbsp;&nbsp;&nbsp;&nbsp;&nbsp;&nbsp;&nbsp;&nbsp;&nbsp;&nbsp;&nbsp;<span class="nt">&lt;version</span> <span class="na">num=</span><span class="s">&quot;238&quot;</span> <span class="na">curr_loc=</span><span class="s">&quot;20&quot;</span> <span class="na">changed=</span><span class="s">&quot;1&quot;</span> <span class="na">churn=</span><span class="s">&quot;20&quot;</span> <span class="nt">/&gt;</span></div><div class='line' id='LC2296'>&nbsp;&nbsp;&nbsp;&nbsp;&nbsp;&nbsp;&nbsp;&nbsp;&nbsp;&nbsp;&nbsp;&nbsp;<span class="nt">&lt;version</span> <span class="na">num=</span><span class="s">&quot;249&quot;</span> <span class="na">curr_loc=</span><span class="s">&quot;20&quot;</span> <span class="na">changed=</span><span class="s">&quot;1&quot;</span> <span class="na">churn=</span><span class="s">&quot;20&quot;</span> <span class="nt">/&gt;</span></div><div class='line' id='LC2297'>&nbsp;&nbsp;&nbsp;&nbsp;&nbsp;&nbsp;&nbsp;&nbsp;&nbsp;&nbsp;&nbsp;&nbsp;<span class="nt">&lt;version</span> <span class="na">num=</span><span class="s">&quot;273&quot;</span> <span class="na">curr_loc=</span><span class="s">&quot;71&quot;</span> <span class="na">changed=</span><span class="s">&quot;1&quot;</span> <span class="na">churn=</span><span class="s">&quot;71&quot;</span> <span class="nt">/&gt;</span></div><div class='line' id='LC2298'>&nbsp;&nbsp;&nbsp;&nbsp;&nbsp;&nbsp;&nbsp;&nbsp;&nbsp;&nbsp;&nbsp;&nbsp;<span class="nt">&lt;version</span> <span class="na">num=</span><span class="s">&quot;274&quot;</span> <span class="na">curr_loc=</span><span class="s">&quot;71&quot;</span> <span class="na">changed=</span><span class="s">&quot;1&quot;</span> <span class="na">churn=</span><span class="s">&quot;71&quot;</span> <span class="nt">/&gt;</span></div><div class='line' id='LC2299'>&nbsp;&nbsp;&nbsp;&nbsp;&nbsp;&nbsp;&nbsp;&nbsp;&nbsp;&nbsp;&nbsp;&nbsp;<span class="nt">&lt;version</span> <span class="na">num=</span><span class="s">&quot;291&quot;</span> <span class="na">curr_loc=</span><span class="s">&quot;68&quot;</span> <span class="na">changed=</span><span class="s">&quot;1&quot;</span> <span class="na">churn=</span><span class="s">&quot;74&quot;</span> <span class="nt">/&gt;</span></div><div class='line' id='LC2300'>&nbsp;&nbsp;&nbsp;&nbsp;&nbsp;&nbsp;&nbsp;&nbsp;&nbsp;&nbsp;<span class="nt">&lt;/class&gt;</span></div><div class='line' id='LC2301'>&nbsp;&nbsp;&nbsp;&nbsp;&nbsp;&nbsp;&nbsp;&nbsp;&nbsp;&nbsp;<span class="nt">&lt;package</span> <span class="na">name=</span><span class="s">&quot;matchers&quot;</span><span class="nt">&gt;</span></div><div class='line' id='LC2302'>&nbsp;&nbsp;&nbsp;&nbsp;&nbsp;&nbsp;&nbsp;&nbsp;&nbsp;&nbsp;&nbsp;&nbsp;<span class="nt">&lt;class</span> <span class="na">name=</span><span class="s">&quot;CombinableMatcher&quot;</span> <span class="na">type=</span><span class="s">&quot;ConcreteClass&quot;</span> <span class="na">maxLoc=</span><span class="s">&quot;34&quot;</span><span class="nt">&gt;</span></div><div class='line' id='LC2303'>&nbsp;&nbsp;&nbsp;&nbsp;&nbsp;&nbsp;&nbsp;&nbsp;&nbsp;&nbsp;&nbsp;&nbsp;&nbsp;&nbsp;<span class="nt">&lt;version</span> <span class="na">num=</span><span class="s">&quot;121&quot;</span> <span class="na">curr_loc=</span><span class="s">&quot;34&quot;</span> <span class="na">changed=</span><span class="s">&quot;1&quot;</span> <span class="na">churn=</span><span class="s">&quot;34&quot;</span> <span class="nt">/&gt;</span></div><div class='line' id='LC2304'>&nbsp;&nbsp;&nbsp;&nbsp;&nbsp;&nbsp;&nbsp;&nbsp;&nbsp;&nbsp;&nbsp;&nbsp;&nbsp;&nbsp;<span class="nt">&lt;version</span> <span class="na">num=</span><span class="s">&quot;182&quot;</span> <span class="na">curr_loc=</span><span class="s">&quot;14&quot;</span> <span class="na">changed=</span><span class="s">&quot;1&quot;</span> <span class="na">churn=</span><span class="s">&quot;54&quot;</span> <span class="nt">/&gt;</span></div><div class='line' id='LC2305'>&nbsp;&nbsp;&nbsp;&nbsp;&nbsp;&nbsp;&nbsp;&nbsp;&nbsp;&nbsp;&nbsp;&nbsp;&nbsp;&nbsp;<span class="nt">&lt;version</span> <span class="na">num=</span><span class="s">&quot;184&quot;</span> <span class="na">curr_loc=</span><span class="s">&quot;14&quot;</span> <span class="na">changed=</span><span class="s">&quot;1&quot;</span> <span class="na">churn=</span><span class="s">&quot;54&quot;</span> <span class="nt">/&gt;</span></div><div class='line' id='LC2306'>&nbsp;&nbsp;&nbsp;&nbsp;&nbsp;&nbsp;&nbsp;&nbsp;&nbsp;&nbsp;&nbsp;&nbsp;&nbsp;&nbsp;<span class="nt">&lt;version</span> <span class="na">num=</span><span class="s">&quot;367&quot;</span> <span class="na">curr_loc=</span><span class="s">&quot;34&quot;</span> <span class="na">changed=</span><span class="s">&quot;1&quot;</span> <span class="na">churn=</span><span class="s">&quot;74&quot;</span> <span class="nt">/&gt;</span></div><div class='line' id='LC2307'>&nbsp;&nbsp;&nbsp;&nbsp;&nbsp;&nbsp;&nbsp;&nbsp;&nbsp;&nbsp;&nbsp;&nbsp;<span class="nt">&lt;/class&gt;</span></div><div class='line' id='LC2308'>&nbsp;&nbsp;&nbsp;&nbsp;&nbsp;&nbsp;&nbsp;&nbsp;&nbsp;&nbsp;&nbsp;&nbsp;<span class="nt">&lt;class</span> <span class="na">name=</span><span class="s">&quot;Each&quot;</span> <span class="na">type=</span><span class="s">&quot;ConcreteClass&quot;</span> <span class="na">maxLoc=</span><span class="s">&quot;24&quot;</span><span class="nt">&gt;</span></div><div class='line' id='LC2309'>&nbsp;&nbsp;&nbsp;&nbsp;&nbsp;&nbsp;&nbsp;&nbsp;&nbsp;&nbsp;&nbsp;&nbsp;&nbsp;&nbsp;<span class="nt">&lt;version</span> <span class="na">num=</span><span class="s">&quot;121&quot;</span> <span class="na">curr_loc=</span><span class="s">&quot;24&quot;</span> <span class="na">changed=</span><span class="s">&quot;1&quot;</span> <span class="na">churn=</span><span class="s">&quot;24&quot;</span> <span class="nt">/&gt;</span></div><div class='line' id='LC2310'>&nbsp;&nbsp;&nbsp;&nbsp;&nbsp;&nbsp;&nbsp;&nbsp;&nbsp;&nbsp;&nbsp;&nbsp;&nbsp;&nbsp;<span class="nt">&lt;version</span> <span class="na">num=</span><span class="s">&quot;182&quot;</span> <span class="na">curr_loc=</span><span class="s">&quot;15&quot;</span> <span class="na">changed=</span><span class="s">&quot;1&quot;</span> <span class="na">churn=</span><span class="s">&quot;33&quot;</span> <span class="nt">/&gt;</span></div><div class='line' id='LC2311'>&nbsp;&nbsp;&nbsp;&nbsp;&nbsp;&nbsp;&nbsp;&nbsp;&nbsp;&nbsp;&nbsp;&nbsp;&nbsp;&nbsp;<span class="nt">&lt;version</span> <span class="na">num=</span><span class="s">&quot;184&quot;</span> <span class="na">curr_loc=</span><span class="s">&quot;15&quot;</span> <span class="na">changed=</span><span class="s">&quot;1&quot;</span> <span class="na">churn=</span><span class="s">&quot;33&quot;</span> <span class="nt">/&gt;</span></div><div class='line' id='LC2312'>&nbsp;&nbsp;&nbsp;&nbsp;&nbsp;&nbsp;&nbsp;&nbsp;&nbsp;&nbsp;&nbsp;&nbsp;&nbsp;&nbsp;<span class="nt">&lt;version</span> <span class="na">num=</span><span class="s">&quot;367&quot;</span> <span class="na">curr_loc=</span><span class="s">&quot;24&quot;</span> <span class="na">changed=</span><span class="s">&quot;1&quot;</span> <span class="na">churn=</span><span class="s">&quot;42&quot;</span> <span class="nt">/&gt;</span></div><div class='line' id='LC2313'>&nbsp;&nbsp;&nbsp;&nbsp;&nbsp;&nbsp;&nbsp;&nbsp;&nbsp;&nbsp;&nbsp;&nbsp;<span class="nt">&lt;/class&gt;</span></div><div class='line' id='LC2314'>&nbsp;&nbsp;&nbsp;&nbsp;&nbsp;&nbsp;&nbsp;&nbsp;&nbsp;&nbsp;&nbsp;&nbsp;<span class="nt">&lt;class</span> <span class="na">name=</span><span class="s">&quot;IsCollectionContaining&quot;</span> <span class="na">type=</span><span class="s">&quot;ConcreteClass&quot;</span> <span class="na">maxLoc=</span><span class="s">&quot;67&quot;</span><span class="nt">&gt;</span></div><div class='line' id='LC2315'>&nbsp;&nbsp;&nbsp;&nbsp;&nbsp;&nbsp;&nbsp;&nbsp;&nbsp;&nbsp;&nbsp;&nbsp;&nbsp;&nbsp;<span class="nt">&lt;version</span> <span class="na">num=</span><span class="s">&quot;121&quot;</span> <span class="na">curr_loc=</span><span class="s">&quot;67&quot;</span> <span class="na">changed=</span><span class="s">&quot;1&quot;</span> <span class="na">churn=</span><span class="s">&quot;67&quot;</span> <span class="nt">/&gt;</span></div><div class='line' id='LC2316'>&nbsp;&nbsp;&nbsp;&nbsp;&nbsp;&nbsp;&nbsp;&nbsp;&nbsp;&nbsp;&nbsp;&nbsp;&nbsp;&nbsp;<span class="nt">&lt;version</span> <span class="na">num=</span><span class="s">&quot;135&quot;</span> <span class="na">curr_loc=</span><span class="s">&quot;15&quot;</span> <span class="na">changed=</span><span class="s">&quot;1&quot;</span> <span class="na">churn=</span><span class="s">&quot;119&quot;</span> <span class="nt">/&gt;</span></div><div class='line' id='LC2317'>&nbsp;&nbsp;&nbsp;&nbsp;&nbsp;&nbsp;&nbsp;&nbsp;&nbsp;&nbsp;&nbsp;&nbsp;&nbsp;&nbsp;<span class="nt">&lt;version</span> <span class="na">num=</span><span class="s">&quot;150&quot;</span> <span class="na">curr_loc=</span><span class="s">&quot;15&quot;</span> <span class="na">changed=</span><span class="s">&quot;1&quot;</span> <span class="na">churn=</span><span class="s">&quot;119&quot;</span> <span class="nt">/&gt;</span></div><div class='line' id='LC2318'>&nbsp;&nbsp;&nbsp;&nbsp;&nbsp;&nbsp;&nbsp;&nbsp;&nbsp;&nbsp;&nbsp;&nbsp;&nbsp;&nbsp;<span class="nt">&lt;version</span> <span class="na">num=</span><span class="s">&quot;182&quot;</span> <span class="na">curr_loc=</span><span class="s">&quot;16&quot;</span> <span class="na">changed=</span><span class="s">&quot;1&quot;</span> <span class="na">churn=</span><span class="s">&quot;120&quot;</span> <span class="nt">/&gt;</span></div><div class='line' id='LC2319'>&nbsp;&nbsp;&nbsp;&nbsp;&nbsp;&nbsp;&nbsp;&nbsp;&nbsp;&nbsp;&nbsp;&nbsp;&nbsp;&nbsp;<span class="nt">&lt;version</span> <span class="na">num=</span><span class="s">&quot;184&quot;</span> <span class="na">curr_loc=</span><span class="s">&quot;16&quot;</span> <span class="na">changed=</span><span class="s">&quot;1&quot;</span> <span class="na">churn=</span><span class="s">&quot;120&quot;</span> <span class="nt">/&gt;</span></div><div class='line' id='LC2320'>&nbsp;&nbsp;&nbsp;&nbsp;&nbsp;&nbsp;&nbsp;&nbsp;&nbsp;&nbsp;&nbsp;&nbsp;&nbsp;&nbsp;<span class="nt">&lt;version</span> <span class="na">num=</span><span class="s">&quot;367&quot;</span> <span class="na">curr_loc=</span><span class="s">&quot;67&quot;</span> <span class="na">changed=</span><span class="s">&quot;1&quot;</span> <span class="na">churn=</span><span class="s">&quot;171&quot;</span> <span class="nt">/&gt;</span></div><div class='line' id='LC2321'>&nbsp;&nbsp;&nbsp;&nbsp;&nbsp;&nbsp;&nbsp;&nbsp;&nbsp;&nbsp;&nbsp;&nbsp;<span class="nt">&lt;/class&gt;</span></div><div class='line' id='LC2322'>&nbsp;&nbsp;&nbsp;&nbsp;&nbsp;&nbsp;&nbsp;&nbsp;&nbsp;&nbsp;&nbsp;&nbsp;<span class="nt">&lt;class</span> <span class="na">name=</span><span class="s">&quot;StringContains&quot;</span> <span class="na">type=</span><span class="s">&quot;ConcreteClass&quot;</span> <span class="na">maxLoc=</span><span class="s">&quot;33&quot;</span><span class="nt">&gt;</span></div><div class='line' id='LC2323'>&nbsp;&nbsp;&nbsp;&nbsp;&nbsp;&nbsp;&nbsp;&nbsp;&nbsp;&nbsp;&nbsp;&nbsp;&nbsp;&nbsp;<span class="nt">&lt;version</span> <span class="na">num=</span><span class="s">&quot;121&quot;</span> <span class="na">curr_loc=</span><span class="s">&quot;31&quot;</span> <span class="na">changed=</span><span class="s">&quot;1&quot;</span> <span class="na">churn=</span><span class="s">&quot;31&quot;</span> <span class="nt">/&gt;</span></div><div class='line' id='LC2324'>&nbsp;&nbsp;&nbsp;&nbsp;&nbsp;&nbsp;&nbsp;&nbsp;&nbsp;&nbsp;&nbsp;&nbsp;&nbsp;&nbsp;<span class="nt">&lt;version</span> <span class="na">num=</span><span class="s">&quot;182&quot;</span> <span class="na">curr_loc=</span><span class="s">&quot;33&quot;</span> <span class="na">changed=</span><span class="s">&quot;1&quot;</span> <span class="na">churn=</span><span class="s">&quot;33&quot;</span> <span class="nt">/&gt;</span></div><div class='line' id='LC2325'>&nbsp;&nbsp;&nbsp;&nbsp;&nbsp;&nbsp;&nbsp;&nbsp;&nbsp;&nbsp;&nbsp;&nbsp;&nbsp;&nbsp;<span class="nt">&lt;version</span> <span class="na">num=</span><span class="s">&quot;184&quot;</span> <span class="na">curr_loc=</span><span class="s">&quot;33&quot;</span> <span class="na">changed=</span><span class="s">&quot;1&quot;</span> <span class="na">churn=</span><span class="s">&quot;33&quot;</span> <span class="nt">/&gt;</span></div><div class='line' id='LC2326'>&nbsp;&nbsp;&nbsp;&nbsp;&nbsp;&nbsp;&nbsp;&nbsp;&nbsp;&nbsp;&nbsp;&nbsp;&nbsp;&nbsp;<span class="nt">&lt;version</span> <span class="na">num=</span><span class="s">&quot;367&quot;</span> <span class="na">curr_loc=</span><span class="s">&quot;31&quot;</span> <span class="na">changed=</span><span class="s">&quot;1&quot;</span> <span class="na">churn=</span><span class="s">&quot;35&quot;</span> <span class="nt">/&gt;</span></div><div class='line' id='LC2327'>&nbsp;&nbsp;&nbsp;&nbsp;&nbsp;&nbsp;&nbsp;&nbsp;&nbsp;&nbsp;&nbsp;&nbsp;<span class="nt">&lt;/class&gt;</span></div><div class='line' id='LC2328'>&nbsp;&nbsp;&nbsp;&nbsp;&nbsp;&nbsp;&nbsp;&nbsp;&nbsp;&nbsp;&nbsp;&nbsp;<span class="nt">&lt;class</span> <span class="na">name=</span><span class="s">&quot;SubstringMatcher&quot;</span> <span class="na">type=</span><span class="s">&quot;AbstractClass&quot;</span> <span class="na">maxLoc=</span><span class="s">&quot;32&quot;</span><span class="nt">&gt;</span></div><div class='line' id='LC2329'>&nbsp;&nbsp;&nbsp;&nbsp;&nbsp;&nbsp;&nbsp;&nbsp;&nbsp;&nbsp;&nbsp;&nbsp;&nbsp;&nbsp;<span class="nt">&lt;version</span> <span class="na">num=</span><span class="s">&quot;121&quot;</span> <span class="na">curr_loc=</span><span class="s">&quot;28&quot;</span> <span class="na">changed=</span><span class="s">&quot;1&quot;</span> <span class="na">churn=</span><span class="s">&quot;28&quot;</span> <span class="nt">/&gt;</span></div><div class='line' id='LC2330'>&nbsp;&nbsp;&nbsp;&nbsp;&nbsp;&nbsp;&nbsp;&nbsp;&nbsp;&nbsp;&nbsp;&nbsp;&nbsp;&nbsp;<span class="nt">&lt;version</span> <span class="na">num=</span><span class="s">&quot;182&quot;</span> <span class="na">curr_loc=</span><span class="s">&quot;32&quot;</span> <span class="na">changed=</span><span class="s">&quot;1&quot;</span> <span class="na">churn=</span><span class="s">&quot;32&quot;</span> <span class="nt">/&gt;</span></div><div class='line' id='LC2331'>&nbsp;&nbsp;&nbsp;&nbsp;&nbsp;&nbsp;&nbsp;&nbsp;&nbsp;&nbsp;&nbsp;&nbsp;&nbsp;&nbsp;<span class="nt">&lt;version</span> <span class="na">num=</span><span class="s">&quot;184&quot;</span> <span class="na">curr_loc=</span><span class="s">&quot;32&quot;</span> <span class="na">changed=</span><span class="s">&quot;1&quot;</span> <span class="na">churn=</span><span class="s">&quot;32&quot;</span> <span class="nt">/&gt;</span></div><div class='line' id='LC2332'>&nbsp;&nbsp;&nbsp;&nbsp;&nbsp;&nbsp;&nbsp;&nbsp;&nbsp;&nbsp;&nbsp;&nbsp;&nbsp;&nbsp;<span class="nt">&lt;version</span> <span class="na">num=</span><span class="s">&quot;367&quot;</span> <span class="na">curr_loc=</span><span class="s">&quot;28&quot;</span> <span class="na">changed=</span><span class="s">&quot;1&quot;</span> <span class="na">churn=</span><span class="s">&quot;36&quot;</span> <span class="nt">/&gt;</span></div><div class='line' id='LC2333'>&nbsp;&nbsp;&nbsp;&nbsp;&nbsp;&nbsp;&nbsp;&nbsp;&nbsp;&nbsp;&nbsp;&nbsp;<span class="nt">&lt;/class&gt;</span></div><div class='line' id='LC2334'>&nbsp;&nbsp;&nbsp;&nbsp;&nbsp;&nbsp;&nbsp;&nbsp;&nbsp;&nbsp;&nbsp;&nbsp;<span class="nt">&lt;class</span> <span class="na">name=</span><span class="s">&quot;TypeSafeMatcher&quot;</span> <span class="na">type=</span><span class="s">&quot;AbstractClass&quot;</span> <span class="na">maxLoc=</span><span class="s">&quot;64&quot;</span><span class="nt">&gt;</span></div><div class='line' id='LC2335'>&nbsp;&nbsp;&nbsp;&nbsp;&nbsp;&nbsp;&nbsp;&nbsp;&nbsp;&nbsp;&nbsp;&nbsp;&nbsp;&nbsp;<span class="nt">&lt;version</span> <span class="na">num=</span><span class="s">&quot;121&quot;</span> <span class="na">curr_loc=</span><span class="s">&quot;60&quot;</span> <span class="na">changed=</span><span class="s">&quot;1&quot;</span> <span class="na">churn=</span><span class="s">&quot;60&quot;</span> <span class="nt">/&gt;</span></div><div class='line' id='LC2336'>&nbsp;&nbsp;&nbsp;&nbsp;&nbsp;&nbsp;&nbsp;&nbsp;&nbsp;&nbsp;&nbsp;&nbsp;&nbsp;&nbsp;<span class="nt">&lt;version</span> <span class="na">num=</span><span class="s">&quot;182&quot;</span> <span class="na">curr_loc=</span><span class="s">&quot;64&quot;</span> <span class="na">changed=</span><span class="s">&quot;1&quot;</span> <span class="na">churn=</span><span class="s">&quot;64&quot;</span> <span class="nt">/&gt;</span></div><div class='line' id='LC2337'>&nbsp;&nbsp;&nbsp;&nbsp;&nbsp;&nbsp;&nbsp;&nbsp;&nbsp;&nbsp;&nbsp;&nbsp;&nbsp;&nbsp;<span class="nt">&lt;version</span> <span class="na">num=</span><span class="s">&quot;184&quot;</span> <span class="na">curr_loc=</span><span class="s">&quot;64&quot;</span> <span class="na">changed=</span><span class="s">&quot;1&quot;</span> <span class="na">churn=</span><span class="s">&quot;64&quot;</span> <span class="nt">/&gt;</span></div><div class='line' id='LC2338'>&nbsp;&nbsp;&nbsp;&nbsp;&nbsp;&nbsp;&nbsp;&nbsp;&nbsp;&nbsp;&nbsp;&nbsp;&nbsp;&nbsp;<span class="nt">&lt;version</span> <span class="na">num=</span><span class="s">&quot;367&quot;</span> <span class="na">curr_loc=</span><span class="s">&quot;60&quot;</span> <span class="na">changed=</span><span class="s">&quot;1&quot;</span> <span class="na">churn=</span><span class="s">&quot;68&quot;</span> <span class="nt">/&gt;</span></div><div class='line' id='LC2339'>&nbsp;&nbsp;&nbsp;&nbsp;&nbsp;&nbsp;&nbsp;&nbsp;&nbsp;&nbsp;&nbsp;&nbsp;<span class="nt">&lt;/class&gt;</span></div><div class='line' id='LC2340'>&nbsp;&nbsp;&nbsp;&nbsp;&nbsp;&nbsp;&nbsp;&nbsp;&nbsp;&nbsp;<span class="nt">&lt;/package&gt;</span></div><div class='line' id='LC2341'>&nbsp;&nbsp;&nbsp;&nbsp;&nbsp;&nbsp;&nbsp;&nbsp;&nbsp;&nbsp;<span class="nt">&lt;package</span> <span class="na">name=</span><span class="s">&quot;requests&quot;</span><span class="nt">&gt;</span></div><div class='line' id='LC2342'>&nbsp;&nbsp;&nbsp;&nbsp;&nbsp;&nbsp;&nbsp;&nbsp;&nbsp;&nbsp;&nbsp;&nbsp;<span class="nt">&lt;class</span> <span class="na">name=</span><span class="s">&quot;FilterRequest&quot;</span> <span class="na">type=</span><span class="s">&quot;ConcreteClass&quot;</span> <span class="na">maxLoc=</span><span class="s">&quot;43&quot;</span><span class="nt">&gt;</span></div><div class='line' id='LC2343'>&nbsp;&nbsp;&nbsp;&nbsp;&nbsp;&nbsp;&nbsp;&nbsp;&nbsp;&nbsp;&nbsp;&nbsp;&nbsp;&nbsp;<span class="nt">&lt;version</span> <span class="na">num=</span><span class="s">&quot;126&quot;</span> <span class="na">curr_loc=</span><span class="s">&quot;42&quot;</span> <span class="na">changed=</span><span class="s">&quot;1&quot;</span> <span class="na">churn=</span><span class="s">&quot;42&quot;</span> <span class="nt">/&gt;</span></div><div class='line' id='LC2344'>&nbsp;&nbsp;&nbsp;&nbsp;&nbsp;&nbsp;&nbsp;&nbsp;&nbsp;&nbsp;&nbsp;&nbsp;&nbsp;&nbsp;<span class="nt">&lt;version</span> <span class="na">num=</span><span class="s">&quot;392&quot;</span> <span class="na">curr_loc=</span><span class="s">&quot;43&quot;</span> <span class="na">changed=</span><span class="s">&quot;1&quot;</span> <span class="na">churn=</span><span class="s">&quot;43&quot;</span> <span class="nt">/&gt;</span></div><div class='line' id='LC2345'>&nbsp;&nbsp;&nbsp;&nbsp;&nbsp;&nbsp;&nbsp;&nbsp;&nbsp;&nbsp;&nbsp;&nbsp;<span class="nt">&lt;/class&gt;</span></div><div class='line' id='LC2346'>&nbsp;&nbsp;&nbsp;&nbsp;&nbsp;&nbsp;&nbsp;&nbsp;&nbsp;&nbsp;&nbsp;&nbsp;<span class="nt">&lt;class</span> <span class="na">name=</span><span class="s">&quot;ClassRequest&quot;</span> <span class="na">type=</span><span class="s">&quot;ConcreteClass&quot;</span> <span class="na">maxLoc=</span><span class="s">&quot;88&quot;</span><span class="nt">&gt;</span></div><div class='line' id='LC2347'>&nbsp;&nbsp;&nbsp;&nbsp;&nbsp;&nbsp;&nbsp;&nbsp;&nbsp;&nbsp;&nbsp;&nbsp;&nbsp;&nbsp;<span class="nt">&lt;version</span> <span class="na">num=</span><span class="s">&quot;369&quot;</span> <span class="na">curr_loc=</span><span class="s">&quot;26&quot;</span> <span class="na">changed=</span><span class="s">&quot;1&quot;</span> <span class="na">churn=</span><span class="s">&quot;26&quot;</span> <span class="nt">/&gt;</span></div><div class='line' id='LC2348'>&nbsp;&nbsp;&nbsp;&nbsp;&nbsp;&nbsp;&nbsp;&nbsp;&nbsp;&nbsp;&nbsp;&nbsp;&nbsp;&nbsp;<span class="nt">&lt;version</span> <span class="na">num=</span><span class="s">&quot;383&quot;</span> <span class="na">curr_loc=</span><span class="s">&quot;88&quot;</span> <span class="na">changed=</span><span class="s">&quot;1&quot;</span> <span class="na">churn=</span><span class="s">&quot;88&quot;</span> <span class="nt">/&gt;</span></div><div class='line' id='LC2349'>&nbsp;&nbsp;&nbsp;&nbsp;&nbsp;&nbsp;&nbsp;&nbsp;&nbsp;&nbsp;&nbsp;&nbsp;&nbsp;&nbsp;<span class="nt">&lt;version</span> <span class="na">num=</span><span class="s">&quot;388&quot;</span> <span class="na">curr_loc=</span><span class="s">&quot;75&quot;</span> <span class="na">changed=</span><span class="s">&quot;1&quot;</span> <span class="na">churn=</span><span class="s">&quot;101&quot;</span> <span class="nt">/&gt;</span></div><div class='line' id='LC2350'>&nbsp;&nbsp;&nbsp;&nbsp;&nbsp;&nbsp;&nbsp;&nbsp;&nbsp;&nbsp;&nbsp;&nbsp;&nbsp;&nbsp;<span class="nt">&lt;version</span> <span class="na">num=</span><span class="s">&quot;392&quot;</span> <span class="na">curr_loc=</span><span class="s">&quot;72&quot;</span> <span class="na">changed=</span><span class="s">&quot;1&quot;</span> <span class="na">churn=</span><span class="s">&quot;104&quot;</span> <span class="nt">/&gt;</span></div><div class='line' id='LC2351'>&nbsp;&nbsp;&nbsp;&nbsp;&nbsp;&nbsp;&nbsp;&nbsp;&nbsp;&nbsp;&nbsp;&nbsp;&nbsp;&nbsp;<span class="nt">&lt;version</span> <span class="na">num=</span><span class="s">&quot;432&quot;</span> <span class="na">curr_loc=</span><span class="s">&quot;71&quot;</span> <span class="na">changed=</span><span class="s">&quot;1&quot;</span> <span class="na">churn=</span><span class="s">&quot;105&quot;</span> <span class="nt">/&gt;</span></div><div class='line' id='LC2352'>&nbsp;&nbsp;&nbsp;&nbsp;&nbsp;&nbsp;&nbsp;&nbsp;&nbsp;&nbsp;&nbsp;&nbsp;<span class="nt">&lt;/class&gt;</span></div><div class='line' id='LC2353'>&nbsp;&nbsp;&nbsp;&nbsp;&nbsp;&nbsp;&nbsp;&nbsp;&nbsp;&nbsp;&nbsp;&nbsp;<span class="nt">&lt;class</span> <span class="na">name=</span><span class="s">&quot;IgnoredClassRunner&quot;</span> <span class="na">type=</span><span class="s">&quot;ConcreteClass&quot;</span> <span class="na">maxLoc=</span><span class="s">&quot;34&quot;</span><span class="nt">&gt;</span></div><div class='line' id='LC2354'>&nbsp;&nbsp;&nbsp;&nbsp;&nbsp;&nbsp;&nbsp;&nbsp;&nbsp;&nbsp;&nbsp;&nbsp;&nbsp;&nbsp;<span class="nt">&lt;version</span> <span class="na">num=</span><span class="s">&quot;369&quot;</span> <span class="na">curr_loc=</span><span class="s">&quot;26&quot;</span> <span class="na">changed=</span><span class="s">&quot;1&quot;</span> <span class="na">churn=</span><span class="s">&quot;26&quot;</span> <span class="nt">/&gt;</span></div><div class='line' id='LC2355'>&nbsp;&nbsp;&nbsp;&nbsp;&nbsp;&nbsp;&nbsp;&nbsp;&nbsp;&nbsp;&nbsp;&nbsp;&nbsp;&nbsp;<span class="nt">&lt;version</span> <span class="na">num=</span><span class="s">&quot;386&quot;</span> <span class="na">curr_loc=</span><span class="s">&quot;26&quot;</span> <span class="na">changed=</span><span class="s">&quot;1&quot;</span> <span class="na">churn=</span><span class="s">&quot;26&quot;</span> <span class="nt">/&gt;</span></div><div class='line' id='LC2356'>&nbsp;&nbsp;&nbsp;&nbsp;&nbsp;&nbsp;&nbsp;&nbsp;&nbsp;&nbsp;&nbsp;&nbsp;&nbsp;&nbsp;<span class="nt">&lt;version</span> <span class="na">num=</span><span class="s">&quot;398&quot;</span> <span class="na">curr_loc=</span><span class="s">&quot;31&quot;</span> <span class="na">changed=</span><span class="s">&quot;1&quot;</span> <span class="na">churn=</span><span class="s">&quot;31&quot;</span> <span class="nt">/&gt;</span></div><div class='line' id='LC2357'>&nbsp;&nbsp;&nbsp;&nbsp;&nbsp;&nbsp;&nbsp;&nbsp;&nbsp;&nbsp;&nbsp;&nbsp;&nbsp;&nbsp;<span class="nt">&lt;version</span> <span class="na">num=</span><span class="s">&quot;413&quot;</span> <span class="na">curr_loc=</span><span class="s">&quot;31&quot;</span> <span class="na">changed=</span><span class="s">&quot;1&quot;</span> <span class="na">churn=</span><span class="s">&quot;31&quot;</span> <span class="nt">/&gt;</span></div><div class='line' id='LC2358'>&nbsp;&nbsp;&nbsp;&nbsp;&nbsp;&nbsp;&nbsp;&nbsp;&nbsp;&nbsp;&nbsp;&nbsp;&nbsp;&nbsp;<span class="nt">&lt;version</span> <span class="na">num=</span><span class="s">&quot;431&quot;</span> <span class="na">curr_loc=</span><span class="s">&quot;34&quot;</span> <span class="na">changed=</span><span class="s">&quot;1&quot;</span> <span class="na">churn=</span><span class="s">&quot;34&quot;</span> <span class="nt">/&gt;</span></div><div class='line' id='LC2359'>&nbsp;&nbsp;&nbsp;&nbsp;&nbsp;&nbsp;&nbsp;&nbsp;&nbsp;&nbsp;&nbsp;&nbsp;<span class="nt">&lt;/class&gt;</span></div><div class='line' id='LC2360'>&nbsp;&nbsp;&nbsp;&nbsp;&nbsp;&nbsp;&nbsp;&nbsp;&nbsp;&nbsp;&nbsp;&nbsp;<span class="nt">&lt;class</span> <span class="na">name=</span><span class="s">&quot;ClassesRequest&quot;</span> <span class="na">type=</span><span class="s">&quot;ConcreteClass&quot;</span> <span class="na">maxLoc=</span><span class="s">&quot;31&quot;</span><span class="nt">&gt;</span></div><div class='line' id='LC2361'>&nbsp;&nbsp;&nbsp;&nbsp;&nbsp;&nbsp;&nbsp;&nbsp;&nbsp;&nbsp;&nbsp;&nbsp;&nbsp;&nbsp;<span class="nt">&lt;version</span> <span class="na">num=</span><span class="s">&quot;392&quot;</span> <span class="na">curr_loc=</span><span class="s">&quot;27&quot;</span> <span class="na">changed=</span><span class="s">&quot;1&quot;</span> <span class="na">churn=</span><span class="s">&quot;27&quot;</span> <span class="nt">/&gt;</span></div><div class='line' id='LC2362'>&nbsp;&nbsp;&nbsp;&nbsp;&nbsp;&nbsp;&nbsp;&nbsp;&nbsp;&nbsp;&nbsp;&nbsp;&nbsp;&nbsp;<span class="nt">&lt;version</span> <span class="na">num=</span><span class="s">&quot;396&quot;</span> <span class="na">curr_loc=</span><span class="s">&quot;21&quot;</span> <span class="na">changed=</span><span class="s">&quot;1&quot;</span> <span class="na">churn=</span><span class="s">&quot;33&quot;</span> <span class="nt">/&gt;</span></div><div class='line' id='LC2363'>&nbsp;&nbsp;&nbsp;&nbsp;&nbsp;&nbsp;&nbsp;&nbsp;&nbsp;&nbsp;&nbsp;&nbsp;&nbsp;&nbsp;<span class="nt">&lt;version</span> <span class="na">num=</span><span class="s">&quot;397&quot;</span> <span class="na">curr_loc=</span><span class="s">&quot;28&quot;</span> <span class="na">changed=</span><span class="s">&quot;1&quot;</span> <span class="na">churn=</span><span class="s">&quot;40&quot;</span> <span class="nt">/&gt;</span></div><div class='line' id='LC2364'>&nbsp;&nbsp;&nbsp;&nbsp;&nbsp;&nbsp;&nbsp;&nbsp;&nbsp;&nbsp;&nbsp;&nbsp;&nbsp;&nbsp;<span class="nt">&lt;version</span> <span class="na">num=</span><span class="s">&quot;400&quot;</span> <span class="na">curr_loc=</span><span class="s">&quot;30&quot;</span> <span class="na">changed=</span><span class="s">&quot;1&quot;</span> <span class="na">churn=</span><span class="s">&quot;42&quot;</span> <span class="nt">/&gt;</span></div><div class='line' id='LC2365'>&nbsp;&nbsp;&nbsp;&nbsp;&nbsp;&nbsp;&nbsp;&nbsp;&nbsp;&nbsp;&nbsp;&nbsp;&nbsp;&nbsp;<span class="nt">&lt;version</span> <span class="na">num=</span><span class="s">&quot;401&quot;</span> <span class="na">curr_loc=</span><span class="s">&quot;31&quot;</span> <span class="na">changed=</span><span class="s">&quot;1&quot;</span> <span class="na">churn=</span><span class="s">&quot;43&quot;</span> <span class="nt">/&gt;</span></div><div class='line' id='LC2366'>&nbsp;&nbsp;&nbsp;&nbsp;&nbsp;&nbsp;&nbsp;&nbsp;&nbsp;&nbsp;&nbsp;&nbsp;<span class="nt">&lt;/class&gt;</span></div><div class='line' id='LC2367'>&nbsp;&nbsp;&nbsp;&nbsp;&nbsp;&nbsp;&nbsp;&nbsp;&nbsp;&nbsp;&nbsp;&nbsp;<span class="nt">&lt;class</span> <span class="na">name=</span><span class="s">&quot;ErrorReportingRequest&quot;</span> <span class="na">type=</span><span class="s">&quot;ConcreteClass&quot;</span> <span class="na">maxLoc=</span><span class="s">&quot;45&quot;</span><span class="nt">&gt;</span></div><div class='line' id='LC2368'>&nbsp;&nbsp;&nbsp;&nbsp;&nbsp;&nbsp;&nbsp;&nbsp;&nbsp;&nbsp;&nbsp;&nbsp;&nbsp;&nbsp;<span class="nt">&lt;version</span> <span class="na">num=</span><span class="s">&quot;392&quot;</span> <span class="na">curr_loc=</span><span class="s">&quot;43&quot;</span> <span class="na">changed=</span><span class="s">&quot;1&quot;</span> <span class="na">churn=</span><span class="s">&quot;43&quot;</span> <span class="nt">/&gt;</span></div><div class='line' id='LC2369'>&nbsp;&nbsp;&nbsp;&nbsp;&nbsp;&nbsp;&nbsp;&nbsp;&nbsp;&nbsp;&nbsp;&nbsp;&nbsp;&nbsp;<span class="nt">&lt;version</span> <span class="na">num=</span><span class="s">&quot;395&quot;</span> <span class="na">curr_loc=</span><span class="s">&quot;23&quot;</span> <span class="na">changed=</span><span class="s">&quot;1&quot;</span> <span class="na">churn=</span><span class="s">&quot;63&quot;</span> <span class="nt">/&gt;</span></div><div class='line' id='LC2370'>&nbsp;&nbsp;&nbsp;&nbsp;&nbsp;&nbsp;&nbsp;&nbsp;&nbsp;&nbsp;&nbsp;&nbsp;&nbsp;&nbsp;<span class="nt">&lt;version</span> <span class="na">num=</span><span class="s">&quot;397&quot;</span> <span class="na">curr_loc=</span><span class="s">&quot;39&quot;</span> <span class="na">changed=</span><span class="s">&quot;1&quot;</span> <span class="na">churn=</span><span class="s">&quot;79&quot;</span> <span class="nt">/&gt;</span></div><div class='line' id='LC2371'>&nbsp;&nbsp;&nbsp;&nbsp;&nbsp;&nbsp;&nbsp;&nbsp;&nbsp;&nbsp;&nbsp;&nbsp;&nbsp;&nbsp;<span class="nt">&lt;version</span> <span class="na">num=</span><span class="s">&quot;401&quot;</span> <span class="na">curr_loc=</span><span class="s">&quot;45&quot;</span> <span class="na">changed=</span><span class="s">&quot;1&quot;</span> <span class="na">churn=</span><span class="s">&quot;85&quot;</span> <span class="nt">/&gt;</span></div><div class='line' id='LC2372'>&nbsp;&nbsp;&nbsp;&nbsp;&nbsp;&nbsp;&nbsp;&nbsp;&nbsp;&nbsp;&nbsp;&nbsp;&nbsp;&nbsp;<span class="nt">&lt;version</span> <span class="na">num=</span><span class="s">&quot;432&quot;</span> <span class="na">curr_loc=</span><span class="s">&quot;43&quot;</span> <span class="na">changed=</span><span class="s">&quot;1&quot;</span> <span class="na">churn=</span><span class="s">&quot;87&quot;</span> <span class="nt">/&gt;</span></div><div class='line' id='LC2373'>&nbsp;&nbsp;&nbsp;&nbsp;&nbsp;&nbsp;&nbsp;&nbsp;&nbsp;&nbsp;&nbsp;&nbsp;<span class="nt">&lt;/class&gt;</span></div><div class='line' id='LC2374'>&nbsp;&nbsp;&nbsp;&nbsp;&nbsp;&nbsp;&nbsp;&nbsp;&nbsp;&nbsp;<span class="nt">&lt;/package&gt;</span></div><div class='line' id='LC2375'>&nbsp;&nbsp;&nbsp;&nbsp;&nbsp;&nbsp;&nbsp;&nbsp;&nbsp;&nbsp;<span class="nt">&lt;class</span> <span class="na">name=</span><span class="s">&quot;ExactComparisonCriteria&quot;</span> <span class="na">type=</span><span class="s">&quot;ConcreteClass&quot;</span> <span class="na">maxLoc=</span><span class="s">&quot;11&quot;</span><span class="nt">&gt;</span></div><div class='line' id='LC2376'>&nbsp;&nbsp;&nbsp;&nbsp;&nbsp;&nbsp;&nbsp;&nbsp;&nbsp;&nbsp;&nbsp;&nbsp;<span class="nt">&lt;version</span> <span class="na">num=</span><span class="s">&quot;136&quot;</span> <span class="na">curr_loc=</span><span class="s">&quot;10&quot;</span> <span class="na">changed=</span><span class="s">&quot;1&quot;</span> <span class="na">churn=</span><span class="s">&quot;10&quot;</span> <span class="nt">/&gt;</span></div><div class='line' id='LC2377'>&nbsp;&nbsp;&nbsp;&nbsp;&nbsp;&nbsp;&nbsp;&nbsp;&nbsp;&nbsp;&nbsp;&nbsp;<span class="nt">&lt;version</span> <span class="na">num=</span><span class="s">&quot;151&quot;</span> <span class="na">curr_loc=</span><span class="s">&quot;10&quot;</span> <span class="na">changed=</span><span class="s">&quot;1&quot;</span> <span class="na">churn=</span><span class="s">&quot;10&quot;</span> <span class="nt">/&gt;</span></div><div class='line' id='LC2378'>&nbsp;&nbsp;&nbsp;&nbsp;&nbsp;&nbsp;&nbsp;&nbsp;&nbsp;&nbsp;&nbsp;&nbsp;<span class="nt">&lt;version</span> <span class="na">num=</span><span class="s">&quot;238&quot;</span> <span class="na">curr_loc=</span><span class="s">&quot;11&quot;</span> <span class="na">changed=</span><span class="s">&quot;1&quot;</span> <span class="na">churn=</span><span class="s">&quot;11&quot;</span> <span class="nt">/&gt;</span></div><div class='line' id='LC2379'>&nbsp;&nbsp;&nbsp;&nbsp;&nbsp;&nbsp;&nbsp;&nbsp;&nbsp;&nbsp;&nbsp;&nbsp;<span class="nt">&lt;version</span> <span class="na">num=</span><span class="s">&quot;249&quot;</span> <span class="na">curr_loc=</span><span class="s">&quot;11&quot;</span> <span class="na">changed=</span><span class="s">&quot;1&quot;</span> <span class="na">churn=</span><span class="s">&quot;11&quot;</span> <span class="nt">/&gt;</span></div><div class='line' id='LC2380'>&nbsp;&nbsp;&nbsp;&nbsp;&nbsp;&nbsp;&nbsp;&nbsp;&nbsp;&nbsp;<span class="nt">&lt;/class&gt;</span></div><div class='line' id='LC2381'>&nbsp;&nbsp;&nbsp;&nbsp;&nbsp;&nbsp;&nbsp;&nbsp;&nbsp;&nbsp;<span class="nt">&lt;package</span> <span class="na">name=</span><span class="s">&quot;builders&quot;</span><span class="nt">&gt;</span></div><div class='line' id='LC2382'>&nbsp;&nbsp;&nbsp;&nbsp;&nbsp;&nbsp;&nbsp;&nbsp;&nbsp;&nbsp;&nbsp;&nbsp;<span class="nt">&lt;class</span> <span class="na">name=</span><span class="s">&quot;AllDefaultPossibilitiesBuilder&quot;</span> <span class="na">type=</span><span class="s">&quot;ConcreteClass&quot;</span> <span class="na">maxLoc=</span><span class="s">&quot;57&quot;</span><span class="nt">&gt;</span></div><div class='line' id='LC2383'>&nbsp;&nbsp;&nbsp;&nbsp;&nbsp;&nbsp;&nbsp;&nbsp;&nbsp;&nbsp;&nbsp;&nbsp;&nbsp;&nbsp;<span class="nt">&lt;version</span> <span class="na">num=</span><span class="s">&quot;336&quot;</span> <span class="na">curr_loc=</span><span class="s">&quot;57&quot;</span> <span class="na">changed=</span><span class="s">&quot;1&quot;</span> <span class="na">churn=</span><span class="s">&quot;57&quot;</span> <span class="nt">/&gt;</span></div><div class='line' id='LC2384'>&nbsp;&nbsp;&nbsp;&nbsp;&nbsp;&nbsp;&nbsp;&nbsp;&nbsp;&nbsp;&nbsp;&nbsp;&nbsp;&nbsp;<span class="nt">&lt;version</span> <span class="na">num=</span><span class="s">&quot;367&quot;</span> <span class="na">curr_loc=</span><span class="s">&quot;57&quot;</span> <span class="na">changed=</span><span class="s">&quot;1&quot;</span> <span class="na">churn=</span><span class="s">&quot;57&quot;</span> <span class="nt">/&gt;</span></div><div class='line' id='LC2385'>&nbsp;&nbsp;&nbsp;&nbsp;&nbsp;&nbsp;&nbsp;&nbsp;&nbsp;&nbsp;&nbsp;&nbsp;&nbsp;&nbsp;<span class="nt">&lt;version</span> <span class="na">num=</span><span class="s">&quot;368&quot;</span> <span class="na">curr_loc=</span><span class="s">&quot;41&quot;</span> <span class="na">changed=</span><span class="s">&quot;1&quot;</span> <span class="na">churn=</span><span class="s">&quot;73&quot;</span> <span class="nt">/&gt;</span></div><div class='line' id='LC2386'>&nbsp;&nbsp;&nbsp;&nbsp;&nbsp;&nbsp;&nbsp;&nbsp;&nbsp;&nbsp;&nbsp;&nbsp;&nbsp;&nbsp;<span class="nt">&lt;version</span> <span class="na">num=</span><span class="s">&quot;369&quot;</span> <span class="na">curr_loc=</span><span class="s">&quot;41&quot;</span> <span class="na">changed=</span><span class="s">&quot;1&quot;</span> <span class="na">churn=</span><span class="s">&quot;73&quot;</span> <span class="nt">/&gt;</span></div><div class='line' id='LC2387'>&nbsp;&nbsp;&nbsp;&nbsp;&nbsp;&nbsp;&nbsp;&nbsp;&nbsp;&nbsp;&nbsp;&nbsp;<span class="nt">&lt;/class&gt;</span></div><div class='line' id='LC2388'>&nbsp;&nbsp;&nbsp;&nbsp;&nbsp;&nbsp;&nbsp;&nbsp;&nbsp;&nbsp;&nbsp;&nbsp;<span class="nt">&lt;class</span> <span class="na">name=</span><span class="s">&quot;AnnotatedBuilder&quot;</span> <span class="na">type=</span><span class="s">&quot;ConcreteClass&quot;</span> <span class="na">maxLoc=</span><span class="s">&quot;45&quot;</span><span class="nt">&gt;</span></div><div class='line' id='LC2389'>&nbsp;&nbsp;&nbsp;&nbsp;&nbsp;&nbsp;&nbsp;&nbsp;&nbsp;&nbsp;&nbsp;&nbsp;&nbsp;&nbsp;<span class="nt">&lt;version</span> <span class="na">num=</span><span class="s">&quot;336&quot;</span> <span class="na">curr_loc=</span><span class="s">&quot;45&quot;</span> <span class="na">changed=</span><span class="s">&quot;1&quot;</span> <span class="na">churn=</span><span class="s">&quot;45&quot;</span> <span class="nt">/&gt;</span></div><div class='line' id='LC2390'>&nbsp;&nbsp;&nbsp;&nbsp;&nbsp;&nbsp;&nbsp;&nbsp;&nbsp;&nbsp;&nbsp;&nbsp;&nbsp;&nbsp;<span class="nt">&lt;version</span> <span class="na">num=</span><span class="s">&quot;337&quot;</span> <span class="na">curr_loc=</span><span class="s">&quot;45&quot;</span> <span class="na">changed=</span><span class="s">&quot;1&quot;</span> <span class="na">churn=</span><span class="s">&quot;45&quot;</span> <span class="nt">/&gt;</span></div><div class='line' id='LC2391'>&nbsp;&nbsp;&nbsp;&nbsp;&nbsp;&nbsp;&nbsp;&nbsp;&nbsp;&nbsp;&nbsp;&nbsp;&nbsp;&nbsp;<span class="nt">&lt;version</span> <span class="na">num=</span><span class="s">&quot;369&quot;</span> <span class="na">curr_loc=</span><span class="s">&quot;45&quot;</span> <span class="na">changed=</span><span class="s">&quot;1&quot;</span> <span class="na">churn=</span><span class="s">&quot;45&quot;</span> <span class="nt">/&gt;</span></div><div class='line' id='LC2392'>&nbsp;&nbsp;&nbsp;&nbsp;&nbsp;&nbsp;&nbsp;&nbsp;&nbsp;&nbsp;&nbsp;&nbsp;<span class="nt">&lt;/class&gt;</span></div><div class='line' id='LC2393'>&nbsp;&nbsp;&nbsp;&nbsp;&nbsp;&nbsp;&nbsp;&nbsp;&nbsp;&nbsp;&nbsp;&nbsp;<span class="nt">&lt;class</span> <span class="na">name=</span><span class="s">&quot;IgnoredBuilder&quot;</span> <span class="na">type=</span><span class="s">&quot;ConcreteClass&quot;</span> <span class="na">maxLoc=</span><span class="s">&quot;17&quot;</span><span class="nt">&gt;</span></div><div class='line' id='LC2394'>&nbsp;&nbsp;&nbsp;&nbsp;&nbsp;&nbsp;&nbsp;&nbsp;&nbsp;&nbsp;&nbsp;&nbsp;&nbsp;&nbsp;<span class="nt">&lt;version</span> <span class="na">num=</span><span class="s">&quot;336&quot;</span> <span class="na">curr_loc=</span><span class="s">&quot;17&quot;</span> <span class="na">changed=</span><span class="s">&quot;1&quot;</span> <span class="na">churn=</span><span class="s">&quot;17&quot;</span> <span class="nt">/&gt;</span></div><div class='line' id='LC2395'>&nbsp;&nbsp;&nbsp;&nbsp;&nbsp;&nbsp;&nbsp;&nbsp;&nbsp;&nbsp;&nbsp;&nbsp;&nbsp;&nbsp;<span class="nt">&lt;version</span> <span class="na">num=</span><span class="s">&quot;369&quot;</span> <span class="na">curr_loc=</span><span class="s">&quot;17&quot;</span> <span class="na">changed=</span><span class="s">&quot;1&quot;</span> <span class="na">churn=</span><span class="s">&quot;17&quot;</span> <span class="nt">/&gt;</span></div><div class='line' id='LC2396'>&nbsp;&nbsp;&nbsp;&nbsp;&nbsp;&nbsp;&nbsp;&nbsp;&nbsp;&nbsp;&nbsp;&nbsp;<span class="nt">&lt;/class&gt;</span></div><div class='line' id='LC2397'>&nbsp;&nbsp;&nbsp;&nbsp;&nbsp;&nbsp;&nbsp;&nbsp;&nbsp;&nbsp;&nbsp;&nbsp;<span class="nt">&lt;class</span> <span class="na">name=</span><span class="s">&quot;JUnit3Builder&quot;</span> <span class="na">type=</span><span class="s">&quot;ConcreteClass&quot;</span> <span class="na">maxLoc=</span><span class="s">&quot;21&quot;</span><span class="nt">&gt;</span></div><div class='line' id='LC2398'>&nbsp;&nbsp;&nbsp;&nbsp;&nbsp;&nbsp;&nbsp;&nbsp;&nbsp;&nbsp;&nbsp;&nbsp;&nbsp;&nbsp;<span class="nt">&lt;version</span> <span class="na">num=</span><span class="s">&quot;336&quot;</span> <span class="na">curr_loc=</span><span class="s">&quot;21&quot;</span> <span class="na">changed=</span><span class="s">&quot;1&quot;</span> <span class="na">churn=</span><span class="s">&quot;21&quot;</span> <span class="nt">/&gt;</span></div><div class='line' id='LC2399'>&nbsp;&nbsp;&nbsp;&nbsp;&nbsp;&nbsp;&nbsp;&nbsp;&nbsp;&nbsp;&nbsp;&nbsp;&nbsp;&nbsp;<span class="nt">&lt;version</span> <span class="na">num=</span><span class="s">&quot;369&quot;</span> <span class="na">curr_loc=</span><span class="s">&quot;21&quot;</span> <span class="na">changed=</span><span class="s">&quot;1&quot;</span> <span class="na">churn=</span><span class="s">&quot;21&quot;</span> <span class="nt">/&gt;</span></div><div class='line' id='LC2400'>&nbsp;&nbsp;&nbsp;&nbsp;&nbsp;&nbsp;&nbsp;&nbsp;&nbsp;&nbsp;&nbsp;&nbsp;<span class="nt">&lt;/class&gt;</span></div><div class='line' id='LC2401'>&nbsp;&nbsp;&nbsp;&nbsp;&nbsp;&nbsp;&nbsp;&nbsp;&nbsp;&nbsp;&nbsp;&nbsp;<span class="nt">&lt;class</span> <span class="na">name=</span><span class="s">&quot;JUnit4Builder&quot;</span> <span class="na">type=</span><span class="s">&quot;ConcreteClass&quot;</span> <span class="na">maxLoc=</span><span class="s">&quot;15&quot;</span><span class="nt">&gt;</span></div><div class='line' id='LC2402'>&nbsp;&nbsp;&nbsp;&nbsp;&nbsp;&nbsp;&nbsp;&nbsp;&nbsp;&nbsp;&nbsp;&nbsp;&nbsp;&nbsp;<span class="nt">&lt;version</span> <span class="na">num=</span><span class="s">&quot;336&quot;</span> <span class="na">curr_loc=</span><span class="s">&quot;15&quot;</span> <span class="na">changed=</span><span class="s">&quot;1&quot;</span> <span class="na">churn=</span><span class="s">&quot;15&quot;</span> <span class="nt">/&gt;</span></div><div class='line' id='LC2403'>&nbsp;&nbsp;&nbsp;&nbsp;&nbsp;&nbsp;&nbsp;&nbsp;&nbsp;&nbsp;&nbsp;&nbsp;&nbsp;&nbsp;<span class="nt">&lt;version</span> <span class="na">num=</span><span class="s">&quot;344&quot;</span> <span class="na">curr_loc=</span><span class="s">&quot;15&quot;</span> <span class="na">changed=</span><span class="s">&quot;1&quot;</span> <span class="na">churn=</span><span class="s">&quot;15&quot;</span> <span class="nt">/&gt;</span></div><div class='line' id='LC2404'>&nbsp;&nbsp;&nbsp;&nbsp;&nbsp;&nbsp;&nbsp;&nbsp;&nbsp;&nbsp;&nbsp;&nbsp;&nbsp;&nbsp;<span class="nt">&lt;version</span> <span class="na">num=</span><span class="s">&quot;350&quot;</span> <span class="na">curr_loc=</span><span class="s">&quot;15&quot;</span> <span class="na">changed=</span><span class="s">&quot;1&quot;</span> <span class="na">churn=</span><span class="s">&quot;15&quot;</span> <span class="nt">/&gt;</span></div><div class='line' id='LC2405'>&nbsp;&nbsp;&nbsp;&nbsp;&nbsp;&nbsp;&nbsp;&nbsp;&nbsp;&nbsp;&nbsp;&nbsp;&nbsp;&nbsp;<span class="nt">&lt;version</span> <span class="na">num=</span><span class="s">&quot;369&quot;</span> <span class="na">curr_loc=</span><span class="s">&quot;15&quot;</span> <span class="na">changed=</span><span class="s">&quot;1&quot;</span> <span class="na">churn=</span><span class="s">&quot;15&quot;</span> <span class="nt">/&gt;</span></div><div class='line' id='LC2406'>&nbsp;&nbsp;&nbsp;&nbsp;&nbsp;&nbsp;&nbsp;&nbsp;&nbsp;&nbsp;&nbsp;&nbsp;<span class="nt">&lt;/class&gt;</span></div><div class='line' id='LC2407'>&nbsp;&nbsp;&nbsp;&nbsp;&nbsp;&nbsp;&nbsp;&nbsp;&nbsp;&nbsp;&nbsp;&nbsp;<span class="nt">&lt;class</span> <span class="na">name=</span><span class="s">&quot;NullBuilder&quot;</span> <span class="na">type=</span><span class="s">&quot;ConcreteClass&quot;</span> <span class="na">maxLoc=</span><span class="s">&quot;14&quot;</span><span class="nt">&gt;</span></div><div class='line' id='LC2408'>&nbsp;&nbsp;&nbsp;&nbsp;&nbsp;&nbsp;&nbsp;&nbsp;&nbsp;&nbsp;&nbsp;&nbsp;&nbsp;&nbsp;<span class="nt">&lt;version</span> <span class="na">num=</span><span class="s">&quot;336&quot;</span> <span class="na">curr_loc=</span><span class="s">&quot;14&quot;</span> <span class="na">changed=</span><span class="s">&quot;1&quot;</span> <span class="na">churn=</span><span class="s">&quot;14&quot;</span> <span class="nt">/&gt;</span></div><div class='line' id='LC2409'>&nbsp;&nbsp;&nbsp;&nbsp;&nbsp;&nbsp;&nbsp;&nbsp;&nbsp;&nbsp;&nbsp;&nbsp;&nbsp;&nbsp;<span class="nt">&lt;version</span> <span class="na">num=</span><span class="s">&quot;369&quot;</span> <span class="na">curr_loc=</span><span class="s">&quot;14&quot;</span> <span class="na">changed=</span><span class="s">&quot;1&quot;</span> <span class="na">churn=</span><span class="s">&quot;14&quot;</span> <span class="nt">/&gt;</span></div><div class='line' id='LC2410'>&nbsp;&nbsp;&nbsp;&nbsp;&nbsp;&nbsp;&nbsp;&nbsp;&nbsp;&nbsp;&nbsp;&nbsp;<span class="nt">&lt;/class&gt;</span></div><div class='line' id='LC2411'>&nbsp;&nbsp;&nbsp;&nbsp;&nbsp;&nbsp;&nbsp;&nbsp;&nbsp;&nbsp;&nbsp;&nbsp;<span class="nt">&lt;class</span> <span class="na">name=</span><span class="s">&quot;SuiteMethodBuilder&quot;</span> <span class="na">type=</span><span class="s">&quot;ConcreteClass&quot;</span> <span class="na">maxLoc=</span><span class="s">&quot;26&quot;</span><span class="nt">&gt;</span></div><div class='line' id='LC2412'>&nbsp;&nbsp;&nbsp;&nbsp;&nbsp;&nbsp;&nbsp;&nbsp;&nbsp;&nbsp;&nbsp;&nbsp;&nbsp;&nbsp;<span class="nt">&lt;version</span> <span class="na">num=</span><span class="s">&quot;336&quot;</span> <span class="na">curr_loc=</span><span class="s">&quot;26&quot;</span> <span class="na">changed=</span><span class="s">&quot;1&quot;</span> <span class="na">churn=</span><span class="s">&quot;26&quot;</span> <span class="nt">/&gt;</span></div><div class='line' id='LC2413'>&nbsp;&nbsp;&nbsp;&nbsp;&nbsp;&nbsp;&nbsp;&nbsp;&nbsp;&nbsp;&nbsp;&nbsp;&nbsp;&nbsp;<span class="nt">&lt;version</span> <span class="na">num=</span><span class="s">&quot;369&quot;</span> <span class="na">curr_loc=</span><span class="s">&quot;26&quot;</span> <span class="na">changed=</span><span class="s">&quot;1&quot;</span> <span class="na">churn=</span><span class="s">&quot;26&quot;</span> <span class="nt">/&gt;</span></div><div class='line' id='LC2414'>&nbsp;&nbsp;&nbsp;&nbsp;&nbsp;&nbsp;&nbsp;&nbsp;&nbsp;&nbsp;&nbsp;&nbsp;<span class="nt">&lt;/class&gt;</span></div><div class='line' id='LC2415'>&nbsp;&nbsp;&nbsp;&nbsp;&nbsp;&nbsp;&nbsp;&nbsp;&nbsp;&nbsp;&nbsp;&nbsp;<span class="nt">&lt;class</span> <span class="na">name=</span><span class="s">&quot;IgnoredClassRunner&quot;</span> <span class="na">type=</span><span class="s">&quot;ConcreteClass&quot;</span> <span class="na">maxLoc=</span><span class="s">&quot;26&quot;</span><span class="nt">&gt;</span></div><div class='line' id='LC2416'>&nbsp;&nbsp;&nbsp;&nbsp;&nbsp;&nbsp;&nbsp;&nbsp;&nbsp;&nbsp;&nbsp;&nbsp;&nbsp;&nbsp;<span class="nt">&lt;version</span> <span class="na">num=</span><span class="s">&quot;369&quot;</span> <span class="na">curr_loc=</span><span class="s">&quot;26&quot;</span> <span class="na">changed=</span><span class="s">&quot;1&quot;</span> <span class="na">churn=</span><span class="s">&quot;26&quot;</span> <span class="nt">/&gt;</span></div><div class='line' id='LC2417'>&nbsp;&nbsp;&nbsp;&nbsp;&nbsp;&nbsp;&nbsp;&nbsp;&nbsp;&nbsp;&nbsp;&nbsp;<span class="nt">&lt;/class&gt;</span></div><div class='line' id='LC2418'>&nbsp;&nbsp;&nbsp;&nbsp;&nbsp;&nbsp;&nbsp;&nbsp;&nbsp;&nbsp;<span class="nt">&lt;/package&gt;</span></div><div class='line' id='LC2419'>&nbsp;&nbsp;&nbsp;&nbsp;&nbsp;&nbsp;&nbsp;&nbsp;&nbsp;&nbsp;<span class="nt">&lt;package</span> <span class="na">name=</span><span class="s">&quot;deprecated&quot;</span><span class="nt">&gt;</span></div><div class='line' id='LC2420'>&nbsp;&nbsp;&nbsp;&nbsp;&nbsp;&nbsp;&nbsp;&nbsp;&nbsp;&nbsp;&nbsp;&nbsp;<span class="nt">&lt;class</span> <span class="na">name=</span><span class="s">&quot;ClassRoadie&quot;</span> <span class="na">type=</span><span class="s">&quot;ConcreteClass&quot;</span> <span class="na">maxLoc=</span><span class="s">&quot;80&quot;</span><span class="nt">&gt;</span></div><div class='line' id='LC2421'>&nbsp;&nbsp;&nbsp;&nbsp;&nbsp;&nbsp;&nbsp;&nbsp;&nbsp;&nbsp;&nbsp;&nbsp;&nbsp;&nbsp;<span class="nt">&lt;version</span> <span class="na">num=</span><span class="s">&quot;346&quot;</span> <span class="na">curr_loc=</span><span class="s">&quot;80&quot;</span> <span class="na">changed=</span><span class="s">&quot;1&quot;</span> <span class="na">churn=</span><span class="s">&quot;80&quot;</span> <span class="nt">/&gt;</span></div><div class='line' id='LC2422'>&nbsp;&nbsp;&nbsp;&nbsp;&nbsp;&nbsp;&nbsp;&nbsp;&nbsp;&nbsp;&nbsp;&nbsp;&nbsp;&nbsp;<span class="nt">&lt;version</span> <span class="na">num=</span><span class="s">&quot;350&quot;</span> <span class="na">curr_loc=</span><span class="s">&quot;80&quot;</span> <span class="na">changed=</span><span class="s">&quot;1&quot;</span> <span class="na">churn=</span><span class="s">&quot;80&quot;</span> <span class="nt">/&gt;</span></div><div class='line' id='LC2423'>&nbsp;&nbsp;&nbsp;&nbsp;&nbsp;&nbsp;&nbsp;&nbsp;&nbsp;&nbsp;&nbsp;&nbsp;<span class="nt">&lt;/class&gt;</span></div><div class='line' id='LC2424'>&nbsp;&nbsp;&nbsp;&nbsp;&nbsp;&nbsp;&nbsp;&nbsp;&nbsp;&nbsp;&nbsp;&nbsp;<span class="nt">&lt;class</span> <span class="na">name=</span><span class="s">&quot;FailedBefore&quot;</span> <span class="na">type=</span><span class="s">&quot;ConcreteClass&quot;</span> <span class="na">maxLoc=</span><span class="s">&quot;14&quot;</span><span class="nt">&gt;</span></div><div class='line' id='LC2425'>&nbsp;&nbsp;&nbsp;&nbsp;&nbsp;&nbsp;&nbsp;&nbsp;&nbsp;&nbsp;&nbsp;&nbsp;&nbsp;&nbsp;<span class="nt">&lt;version</span> <span class="na">num=</span><span class="s">&quot;346&quot;</span> <span class="na">curr_loc=</span><span class="s">&quot;14&quot;</span> <span class="na">changed=</span><span class="s">&quot;1&quot;</span> <span class="na">churn=</span><span class="s">&quot;14&quot;</span> <span class="nt">/&gt;</span></div><div class='line' id='LC2426'>&nbsp;&nbsp;&nbsp;&nbsp;&nbsp;&nbsp;&nbsp;&nbsp;&nbsp;&nbsp;&nbsp;&nbsp;&nbsp;&nbsp;<span class="nt">&lt;version</span> <span class="na">num=</span><span class="s">&quot;350&quot;</span> <span class="na">curr_loc=</span><span class="s">&quot;14&quot;</span> <span class="na">changed=</span><span class="s">&quot;1&quot;</span> <span class="na">churn=</span><span class="s">&quot;14&quot;</span> <span class="nt">/&gt;</span></div><div class='line' id='LC2427'>&nbsp;&nbsp;&nbsp;&nbsp;&nbsp;&nbsp;&nbsp;&nbsp;&nbsp;&nbsp;&nbsp;&nbsp;<span class="nt">&lt;/class&gt;</span></div><div class='line' id='LC2428'>&nbsp;&nbsp;&nbsp;&nbsp;&nbsp;&nbsp;&nbsp;&nbsp;&nbsp;&nbsp;&nbsp;&nbsp;<span class="nt">&lt;class</span> <span class="na">name=</span><span class="s">&quot;MethodRoadie&quot;</span> <span class="na">type=</span><span class="s">&quot;ConcreteClass&quot;</span> <span class="na">maxLoc=</span><span class="s">&quot;157&quot;</span><span class="nt">&gt;</span></div><div class='line' id='LC2429'>&nbsp;&nbsp;&nbsp;&nbsp;&nbsp;&nbsp;&nbsp;&nbsp;&nbsp;&nbsp;&nbsp;&nbsp;&nbsp;&nbsp;<span class="nt">&lt;version</span> <span class="na">num=</span><span class="s">&quot;346&quot;</span> <span class="na">curr_loc=</span><span class="s">&quot;157&quot;</span> <span class="na">changed=</span><span class="s">&quot;1&quot;</span> <span class="na">churn=</span><span class="s">&quot;157&quot;</span> <span class="nt">/&gt;</span></div><div class='line' id='LC2430'>&nbsp;&nbsp;&nbsp;&nbsp;&nbsp;&nbsp;&nbsp;&nbsp;&nbsp;&nbsp;&nbsp;&nbsp;&nbsp;&nbsp;<span class="nt">&lt;version</span> <span class="na">num=</span><span class="s">&quot;350&quot;</span> <span class="na">curr_loc=</span><span class="s">&quot;157&quot;</span> <span class="na">changed=</span><span class="s">&quot;1&quot;</span> <span class="na">churn=</span><span class="s">&quot;157&quot;</span> <span class="nt">/&gt;</span></div><div class='line' id='LC2431'>&nbsp;&nbsp;&nbsp;&nbsp;&nbsp;&nbsp;&nbsp;&nbsp;&nbsp;&nbsp;&nbsp;&nbsp;<span class="nt">&lt;/class&gt;</span></div><div class='line' id='LC2432'>&nbsp;&nbsp;&nbsp;&nbsp;&nbsp;&nbsp;&nbsp;&nbsp;&nbsp;&nbsp;&nbsp;&nbsp;<span class="nt">&lt;class</span> <span class="na">name=</span><span class="s">&quot;MethodValidator&quot;</span> <span class="na">type=</span><span class="s">&quot;ConcreteClass&quot;</span> <span class="na">maxLoc=</span><span class="s">&quot;93&quot;</span><span class="nt">&gt;</span></div><div class='line' id='LC2433'>&nbsp;&nbsp;&nbsp;&nbsp;&nbsp;&nbsp;&nbsp;&nbsp;&nbsp;&nbsp;&nbsp;&nbsp;&nbsp;&nbsp;<span class="nt">&lt;version</span> <span class="na">num=</span><span class="s">&quot;346&quot;</span> <span class="na">curr_loc=</span><span class="s">&quot;93&quot;</span> <span class="na">changed=</span><span class="s">&quot;1&quot;</span> <span class="na">churn=</span><span class="s">&quot;93&quot;</span> <span class="nt">/&gt;</span></div><div class='line' id='LC2434'>&nbsp;&nbsp;&nbsp;&nbsp;&nbsp;&nbsp;&nbsp;&nbsp;&nbsp;&nbsp;&nbsp;&nbsp;&nbsp;&nbsp;<span class="nt">&lt;version</span> <span class="na">num=</span><span class="s">&quot;350&quot;</span> <span class="na">curr_loc=</span><span class="s">&quot;93&quot;</span> <span class="na">changed=</span><span class="s">&quot;1&quot;</span> <span class="na">churn=</span><span class="s">&quot;93&quot;</span> <span class="nt">/&gt;</span></div><div class='line' id='LC2435'>&nbsp;&nbsp;&nbsp;&nbsp;&nbsp;&nbsp;&nbsp;&nbsp;&nbsp;&nbsp;&nbsp;&nbsp;<span class="nt">&lt;/class&gt;</span></div><div class='line' id='LC2436'>&nbsp;&nbsp;&nbsp;&nbsp;&nbsp;&nbsp;&nbsp;&nbsp;&nbsp;&nbsp;&nbsp;&nbsp;<span class="nt">&lt;class</span> <span class="na">name=</span><span class="s">&quot;TestClass&quot;</span> <span class="na">type=</span><span class="s">&quot;ConcreteClass&quot;</span> <span class="na">maxLoc=</span><span class="s">&quot;103&quot;</span><span class="nt">&gt;</span></div><div class='line' id='LC2437'>&nbsp;&nbsp;&nbsp;&nbsp;&nbsp;&nbsp;&nbsp;&nbsp;&nbsp;&nbsp;&nbsp;&nbsp;&nbsp;&nbsp;<span class="nt">&lt;version</span> <span class="na">num=</span><span class="s">&quot;346&quot;</span> <span class="na">curr_loc=</span><span class="s">&quot;103&quot;</span> <span class="na">changed=</span><span class="s">&quot;1&quot;</span> <span class="na">churn=</span><span class="s">&quot;103&quot;</span> <span class="nt">/&gt;</span></div><div class='line' id='LC2438'>&nbsp;&nbsp;&nbsp;&nbsp;&nbsp;&nbsp;&nbsp;&nbsp;&nbsp;&nbsp;&nbsp;&nbsp;&nbsp;&nbsp;<span class="nt">&lt;version</span> <span class="na">num=</span><span class="s">&quot;350&quot;</span> <span class="na">curr_loc=</span><span class="s">&quot;103&quot;</span> <span class="na">changed=</span><span class="s">&quot;1&quot;</span> <span class="na">churn=</span><span class="s">&quot;103&quot;</span> <span class="nt">/&gt;</span></div><div class='line' id='LC2439'>&nbsp;&nbsp;&nbsp;&nbsp;&nbsp;&nbsp;&nbsp;&nbsp;&nbsp;&nbsp;&nbsp;&nbsp;<span class="nt">&lt;/class&gt;</span></div><div class='line' id='LC2440'>&nbsp;&nbsp;&nbsp;&nbsp;&nbsp;&nbsp;&nbsp;&nbsp;&nbsp;&nbsp;&nbsp;&nbsp;<span class="nt">&lt;class</span> <span class="na">name=</span><span class="s">&quot;TestMethod&quot;</span> <span class="na">type=</span><span class="s">&quot;ConcreteClass&quot;</span> <span class="na">maxLoc=</span><span class="s">&quot;70&quot;</span><span class="nt">&gt;</span></div><div class='line' id='LC2441'>&nbsp;&nbsp;&nbsp;&nbsp;&nbsp;&nbsp;&nbsp;&nbsp;&nbsp;&nbsp;&nbsp;&nbsp;&nbsp;&nbsp;<span class="nt">&lt;version</span> <span class="na">num=</span><span class="s">&quot;346&quot;</span> <span class="na">curr_loc=</span><span class="s">&quot;70&quot;</span> <span class="na">changed=</span><span class="s">&quot;1&quot;</span> <span class="na">churn=</span><span class="s">&quot;70&quot;</span> <span class="nt">/&gt;</span></div><div class='line' id='LC2442'>&nbsp;&nbsp;&nbsp;&nbsp;&nbsp;&nbsp;&nbsp;&nbsp;&nbsp;&nbsp;&nbsp;&nbsp;&nbsp;&nbsp;<span class="nt">&lt;version</span> <span class="na">num=</span><span class="s">&quot;350&quot;</span> <span class="na">curr_loc=</span><span class="s">&quot;70&quot;</span> <span class="na">changed=</span><span class="s">&quot;1&quot;</span> <span class="na">churn=</span><span class="s">&quot;70&quot;</span> <span class="nt">/&gt;</span></div><div class='line' id='LC2443'>&nbsp;&nbsp;&nbsp;&nbsp;&nbsp;&nbsp;&nbsp;&nbsp;&nbsp;&nbsp;&nbsp;&nbsp;<span class="nt">&lt;/class&gt;</span></div><div class='line' id='LC2444'>&nbsp;&nbsp;&nbsp;&nbsp;&nbsp;&nbsp;&nbsp;&nbsp;&nbsp;&nbsp;<span class="nt">&lt;/package&gt;</span></div><div class='line' id='LC2445'>&nbsp;&nbsp;&nbsp;&nbsp;&nbsp;&nbsp;&nbsp;&nbsp;&nbsp;&nbsp;<span class="nt">&lt;class</span> <span class="na">name=</span><span class="s">&quot;ArrayComparisonFailure&quot;</span> <span class="na">type=</span><span class="s">&quot;ConcreteClass&quot;</span> <span class="na">maxLoc=</span><span class="s">&quot;59&quot;</span><span class="nt">&gt;</span></div><div class='line' id='LC2446'>&nbsp;&nbsp;&nbsp;&nbsp;&nbsp;&nbsp;&nbsp;&nbsp;&nbsp;&nbsp;&nbsp;&nbsp;<span class="nt">&lt;version</span> <span class="na">num=</span><span class="s">&quot;363&quot;</span> <span class="na">curr_loc=</span><span class="s">&quot;59&quot;</span> <span class="na">changed=</span><span class="s">&quot;1&quot;</span> <span class="na">churn=</span><span class="s">&quot;59&quot;</span> <span class="nt">/&gt;</span></div><div class='line' id='LC2447'>&nbsp;&nbsp;&nbsp;&nbsp;&nbsp;&nbsp;&nbsp;&nbsp;&nbsp;&nbsp;<span class="nt">&lt;/class&gt;</span></div><div class='line' id='LC2448'>&nbsp;&nbsp;&nbsp;&nbsp;&nbsp;&nbsp;&nbsp;&nbsp;&nbsp;&nbsp;<span class="nt">&lt;class</span> <span class="na">name=</span><span class="s">&quot;AssumptionViolatedException&quot;</span> <span class="na">type=</span><span class="s">&quot;ConcreteClass&quot;</span> <span class="na">maxLoc=</span><span class="s">&quot;40&quot;</span><span class="nt">&gt;</span></div><div class='line' id='LC2449'>&nbsp;&nbsp;&nbsp;&nbsp;&nbsp;&nbsp;&nbsp;&nbsp;&nbsp;&nbsp;&nbsp;&nbsp;<span class="nt">&lt;version</span> <span class="na">num=</span><span class="s">&quot;366&quot;</span> <span class="na">curr_loc=</span><span class="s">&quot;40&quot;</span> <span class="na">changed=</span><span class="s">&quot;1&quot;</span> <span class="na">churn=</span><span class="s">&quot;40&quot;</span> <span class="nt">/&gt;</span></div><div class='line' id='LC2450'>&nbsp;&nbsp;&nbsp;&nbsp;&nbsp;&nbsp;&nbsp;&nbsp;&nbsp;&nbsp;<span class="nt">&lt;/class&gt;</span></div><div class='line' id='LC2451'>&nbsp;&nbsp;&nbsp;&nbsp;&nbsp;&nbsp;&nbsp;&nbsp;&nbsp;&nbsp;<span class="nt">&lt;class</span> <span class="na">name=</span><span class="s">&quot;TextListener&quot;</span> <span class="na">type=</span><span class="s">&quot;ConcreteClass&quot;</span> <span class="na">maxLoc=</span><span class="s">&quot;127&quot;</span><span class="nt">&gt;</span></div><div class='line' id='LC2452'>&nbsp;&nbsp;&nbsp;&nbsp;&nbsp;&nbsp;&nbsp;&nbsp;&nbsp;&nbsp;&nbsp;&nbsp;<span class="nt">&lt;version</span> <span class="na">num=</span><span class="s">&quot;367&quot;</span> <span class="na">curr_loc=</span><span class="s">&quot;98&quot;</span> <span class="na">changed=</span><span class="s">&quot;1&quot;</span> <span class="na">churn=</span><span class="s">&quot;98&quot;</span> <span class="nt">/&gt;</span></div><div class='line' id='LC2453'>&nbsp;&nbsp;&nbsp;&nbsp;&nbsp;&nbsp;&nbsp;&nbsp;&nbsp;&nbsp;&nbsp;&nbsp;<span class="nt">&lt;version</span> <span class="na">num=</span><span class="s">&quot;380&quot;</span> <span class="na">curr_loc=</span><span class="s">&quot;113&quot;</span> <span class="na">changed=</span><span class="s">&quot;1&quot;</span> <span class="na">churn=</span><span class="s">&quot;113&quot;</span> <span class="nt">/&gt;</span></div><div class='line' id='LC2454'>&nbsp;&nbsp;&nbsp;&nbsp;&nbsp;&nbsp;&nbsp;&nbsp;&nbsp;&nbsp;&nbsp;&nbsp;<span class="nt">&lt;version</span> <span class="na">num=</span><span class="s">&quot;384&quot;</span> <span class="na">curr_loc=</span><span class="s">&quot;113&quot;</span> <span class="na">changed=</span><span class="s">&quot;1&quot;</span> <span class="na">churn=</span><span class="s">&quot;113&quot;</span> <span class="nt">/&gt;</span></div><div class='line' id='LC2455'>&nbsp;&nbsp;&nbsp;&nbsp;&nbsp;&nbsp;&nbsp;&nbsp;&nbsp;&nbsp;&nbsp;&nbsp;<span class="nt">&lt;version</span> <span class="na">num=</span><span class="s">&quot;398&quot;</span> <span class="na">curr_loc=</span><span class="s">&quot;127&quot;</span> <span class="na">changed=</span><span class="s">&quot;1&quot;</span> <span class="na">churn=</span><span class="s">&quot;127&quot;</span> <span class="nt">/&gt;</span></div><div class='line' id='LC2456'>&nbsp;&nbsp;&nbsp;&nbsp;&nbsp;&nbsp;&nbsp;&nbsp;&nbsp;&nbsp;&nbsp;&nbsp;<span class="nt">&lt;version</span> <span class="na">num=</span><span class="s">&quot;417&quot;</span> <span class="na">curr_loc=</span><span class="s">&quot;107&quot;</span> <span class="na">changed=</span><span class="s">&quot;1&quot;</span> <span class="na">churn=</span><span class="s">&quot;147&quot;</span> <span class="nt">/&gt;</span></div><div class='line' id='LC2457'>&nbsp;&nbsp;&nbsp;&nbsp;&nbsp;&nbsp;&nbsp;&nbsp;&nbsp;&nbsp;&nbsp;&nbsp;<span class="nt">&lt;version</span> <span class="na">num=</span><span class="s">&quot;433&quot;</span> <span class="na">curr_loc=</span><span class="s">&quot;122&quot;</span> <span class="na">changed=</span><span class="s">&quot;1&quot;</span> <span class="na">churn=</span><span class="s">&quot;162&quot;</span> <span class="nt">/&gt;</span></div><div class='line' id='LC2458'>&nbsp;&nbsp;&nbsp;&nbsp;&nbsp;&nbsp;&nbsp;&nbsp;&nbsp;&nbsp;<span class="nt">&lt;/class&gt;</span></div><div class='line' id='LC2459'>&nbsp;&nbsp;&nbsp;&nbsp;&nbsp;&nbsp;&nbsp;&nbsp;&nbsp;&nbsp;<span class="nt">&lt;class</span> <span class="na">name=</span><span class="s">&quot;Ignorance&quot;</span> <span class="na">type=</span><span class="s">&quot;ConcreteClass&quot;</span> <span class="na">maxLoc=</span><span class="s">&quot;12&quot;</span><span class="nt">&gt;</span></div><div class='line' id='LC2460'>&nbsp;&nbsp;&nbsp;&nbsp;&nbsp;&nbsp;&nbsp;&nbsp;&nbsp;&nbsp;&nbsp;&nbsp;<span class="nt">&lt;version</span> <span class="na">num=</span><span class="s">&quot;433&quot;</span> <span class="na">curr_loc=</span><span class="s">&quot;12&quot;</span> <span class="na">changed=</span><span class="s">&quot;1&quot;</span> <span class="na">churn=</span><span class="s">&quot;12&quot;</span> <span class="nt">/&gt;</span></div><div class='line' id='LC2461'>&nbsp;&nbsp;&nbsp;&nbsp;&nbsp;&nbsp;&nbsp;&nbsp;&nbsp;&nbsp;<span class="nt">&lt;/class&gt;</span></div><div class='line' id='LC2462'>&nbsp;&nbsp;&nbsp;&nbsp;&nbsp;&nbsp;&nbsp;&nbsp;<span class="nt">&lt;/package&gt;</span></div><div class='line' id='LC2463'>&nbsp;&nbsp;&nbsp;&nbsp;&nbsp;&nbsp;&nbsp;&nbsp;<span class="nt">&lt;class</span> <span class="na">name=</span><span class="s">&quot;Assume&quot;</span> <span class="na">type=</span><span class="s">&quot;ConcreteClass&quot;</span> <span class="na">maxLoc=</span><span class="s">&quot;102&quot;</span><span class="nt">&gt;</span></div><div class='line' id='LC2464'>&nbsp;&nbsp;&nbsp;&nbsp;&nbsp;&nbsp;&nbsp;&nbsp;&nbsp;&nbsp;<span class="nt">&lt;version</span> <span class="na">num=</span><span class="s">&quot;121&quot;</span> <span class="na">curr_loc=</span><span class="s">&quot;94&quot;</span> <span class="na">changed=</span><span class="s">&quot;1&quot;</span> <span class="na">churn=</span><span class="s">&quot;94&quot;</span> <span class="nt">/&gt;</span></div><div class='line' id='LC2465'>&nbsp;&nbsp;&nbsp;&nbsp;&nbsp;&nbsp;&nbsp;&nbsp;&nbsp;&nbsp;<span class="nt">&lt;version</span> <span class="na">num=</span><span class="s">&quot;182&quot;</span> <span class="na">curr_loc=</span><span class="s">&quot;94&quot;</span> <span class="na">changed=</span><span class="s">&quot;1&quot;</span> <span class="na">churn=</span><span class="s">&quot;94&quot;</span> <span class="nt">/&gt;</span></div><div class='line' id='LC2466'>&nbsp;&nbsp;&nbsp;&nbsp;&nbsp;&nbsp;&nbsp;&nbsp;&nbsp;&nbsp;<span class="nt">&lt;version</span> <span class="na">num=</span><span class="s">&quot;184&quot;</span> <span class="na">curr_loc=</span><span class="s">&quot;94&quot;</span> <span class="na">changed=</span><span class="s">&quot;1&quot;</span> <span class="na">churn=</span><span class="s">&quot;94&quot;</span> <span class="nt">/&gt;</span></div><div class='line' id='LC2467'>&nbsp;&nbsp;&nbsp;&nbsp;&nbsp;&nbsp;&nbsp;&nbsp;&nbsp;&nbsp;<span class="nt">&lt;version</span> <span class="na">num=</span><span class="s">&quot;359&quot;</span> <span class="na">curr_loc=</span><span class="s">&quot;94&quot;</span> <span class="na">changed=</span><span class="s">&quot;1&quot;</span> <span class="na">churn=</span><span class="s">&quot;94&quot;</span> <span class="nt">/&gt;</span></div><div class='line' id='LC2468'>&nbsp;&nbsp;&nbsp;&nbsp;&nbsp;&nbsp;&nbsp;&nbsp;&nbsp;&nbsp;<span class="nt">&lt;version</span> <span class="na">num=</span><span class="s">&quot;361&quot;</span> <span class="na">curr_loc=</span><span class="s">&quot;99&quot;</span> <span class="na">changed=</span><span class="s">&quot;1&quot;</span> <span class="na">churn=</span><span class="s">&quot;99&quot;</span> <span class="nt">/&gt;</span></div><div class='line' id='LC2469'>&nbsp;&nbsp;&nbsp;&nbsp;&nbsp;&nbsp;&nbsp;&nbsp;&nbsp;&nbsp;<span class="nt">&lt;version</span> <span class="na">num=</span><span class="s">&quot;365&quot;</span> <span class="na">curr_loc=</span><span class="s">&quot;100&quot;</span> <span class="na">changed=</span><span class="s">&quot;1&quot;</span> <span class="na">churn=</span><span class="s">&quot;100&quot;</span> <span class="nt">/&gt;</span></div><div class='line' id='LC2470'>&nbsp;&nbsp;&nbsp;&nbsp;&nbsp;&nbsp;&nbsp;&nbsp;&nbsp;&nbsp;<span class="nt">&lt;version</span> <span class="na">num=</span><span class="s">&quot;366&quot;</span> <span class="na">curr_loc=</span><span class="s">&quot;102&quot;</span> <span class="na">changed=</span><span class="s">&quot;1&quot;</span> <span class="na">churn=</span><span class="s">&quot;102&quot;</span> <span class="nt">/&gt;</span></div><div class='line' id='LC2471'>&nbsp;&nbsp;&nbsp;&nbsp;&nbsp;&nbsp;&nbsp;&nbsp;&nbsp;&nbsp;<span class="nt">&lt;version</span> <span class="na">num=</span><span class="s">&quot;367&quot;</span> <span class="na">curr_loc=</span><span class="s">&quot;68&quot;</span> <span class="na">changed=</span><span class="s">&quot;1&quot;</span> <span class="na">churn=</span><span class="s">&quot;136&quot;</span> <span class="nt">/&gt;</span></div><div class='line' id='LC2472'>&nbsp;&nbsp;&nbsp;&nbsp;&nbsp;&nbsp;&nbsp;&nbsp;&nbsp;&nbsp;<span class="nt">&lt;version</span> <span class="na">num=</span><span class="s">&quot;413&quot;</span> <span class="na">curr_loc=</span><span class="s">&quot;68&quot;</span> <span class="na">changed=</span><span class="s">&quot;1&quot;</span> <span class="na">churn=</span><span class="s">&quot;136&quot;</span> <span class="nt">/&gt;</span></div><div class='line' id='LC2473'>&nbsp;&nbsp;&nbsp;&nbsp;&nbsp;&nbsp;&nbsp;&nbsp;&nbsp;&nbsp;<span class="nt">&lt;version</span> <span class="na">num=</span><span class="s">&quot;414&quot;</span> <span class="na">curr_loc=</span><span class="s">&quot;70&quot;</span> <span class="na">changed=</span><span class="s">&quot;1&quot;</span> <span class="na">churn=</span><span class="s">&quot;138&quot;</span> <span class="nt">/&gt;</span></div><div class='line' id='LC2474'>&nbsp;&nbsp;&nbsp;&nbsp;&nbsp;&nbsp;&nbsp;&nbsp;&nbsp;&nbsp;<span class="nt">&lt;version</span> <span class="na">num=</span><span class="s">&quot;436&quot;</span> <span class="na">curr_loc=</span><span class="s">&quot;62&quot;</span> <span class="na">changed=</span><span class="s">&quot;1&quot;</span> <span class="na">churn=</span><span class="s">&quot;146&quot;</span> <span class="nt">/&gt;</span></div><div class='line' id='LC2475'>&nbsp;&nbsp;&nbsp;&nbsp;&nbsp;&nbsp;&nbsp;&nbsp;<span class="nt">&lt;/class&gt;</span></div><div class='line' id='LC2476'>&nbsp;&nbsp;&nbsp;&nbsp;&nbsp;&nbsp;&nbsp;&nbsp;<span class="nt">&lt;class</span> <span class="na">name=</span><span class="s">&quot;AfterClass&quot;</span> <span class="na">type=</span><span class="s">&quot;Interface&quot;</span> <span class="na">maxLoc=</span><span class="s">&quot;41&quot;</span><span class="nt">&gt;</span></div><div class='line' id='LC2477'>&nbsp;&nbsp;&nbsp;&nbsp;&nbsp;&nbsp;&nbsp;&nbsp;&nbsp;&nbsp;<span class="nt">&lt;version</span> <span class="na">num=</span><span class="s">&quot;255&quot;</span> <span class="na">curr_loc=</span><span class="s">&quot;41&quot;</span> <span class="na">changed=</span><span class="s">&quot;1&quot;</span> <span class="na">churn=</span><span class="s">&quot;41&quot;</span> <span class="nt">/&gt;</span></div><div class='line' id='LC2478'>&nbsp;&nbsp;&nbsp;&nbsp;&nbsp;&nbsp;&nbsp;&nbsp;&nbsp;&nbsp;<span class="nt">&lt;version</span> <span class="na">num=</span><span class="s">&quot;263&quot;</span> <span class="na">curr_loc=</span><span class="s">&quot;41&quot;</span> <span class="na">changed=</span><span class="s">&quot;1&quot;</span> <span class="na">churn=</span><span class="s">&quot;41&quot;</span> <span class="nt">/&gt;</span></div><div class='line' id='LC2479'>&nbsp;&nbsp;&nbsp;&nbsp;&nbsp;&nbsp;&nbsp;&nbsp;&nbsp;&nbsp;<span class="nt">&lt;version</span> <span class="na">num=</span><span class="s">&quot;317&quot;</span> <span class="na">curr_loc=</span><span class="s">&quot;41&quot;</span> <span class="na">changed=</span><span class="s">&quot;1&quot;</span> <span class="na">churn=</span><span class="s">&quot;41&quot;</span> <span class="nt">/&gt;</span></div><div class='line' id='LC2480'>&nbsp;&nbsp;&nbsp;&nbsp;&nbsp;&nbsp;&nbsp;&nbsp;<span class="nt">&lt;/class&gt;</span></div><div class='line' id='LC2481'>&nbsp;&nbsp;&nbsp;&nbsp;&nbsp;&nbsp;&nbsp;&nbsp;<span class="nt">&lt;class</span> <span class="na">name=</span><span class="s">&quot;Before&quot;</span> <span class="na">type=</span><span class="s">&quot;Interface&quot;</span> <span class="na">maxLoc=</span><span class="s">&quot;38&quot;</span><span class="nt">&gt;</span></div><div class='line' id='LC2482'>&nbsp;&nbsp;&nbsp;&nbsp;&nbsp;&nbsp;&nbsp;&nbsp;&nbsp;&nbsp;<span class="nt">&lt;version</span> <span class="na">num=</span><span class="s">&quot;309&quot;</span> <span class="na">curr_loc=</span><span class="s">&quot;38&quot;</span> <span class="na">changed=</span><span class="s">&quot;1&quot;</span> <span class="na">churn=</span><span class="s">&quot;38&quot;</span> <span class="nt">/&gt;</span></div><div class='line' id='LC2483'>&nbsp;&nbsp;&nbsp;&nbsp;&nbsp;&nbsp;&nbsp;&nbsp;<span class="nt">&lt;/class&gt;</span></div><div class='line' id='LC2484'>&nbsp;&nbsp;&nbsp;&nbsp;&nbsp;&nbsp;&nbsp;&nbsp;<span class="nt">&lt;class</span> <span class="na">name=</span><span class="s">&quot;ComparisonFailure&quot;</span> <span class="na">type=</span><span class="s">&quot;ConcreteClass&quot;</span> <span class="na">maxLoc=</span><span class="s">&quot;138&quot;</span><span class="nt">&gt;</span></div><div class='line' id='LC2485'>&nbsp;&nbsp;&nbsp;&nbsp;&nbsp;&nbsp;&nbsp;&nbsp;&nbsp;&nbsp;<span class="nt">&lt;version</span> <span class="na">num=</span><span class="s">&quot;358&quot;</span> <span class="na">curr_loc=</span><span class="s">&quot;138&quot;</span> <span class="na">changed=</span><span class="s">&quot;1&quot;</span> <span class="na">churn=</span><span class="s">&quot;138&quot;</span> <span class="nt">/&gt;</span></div><div class='line' id='LC2486'>&nbsp;&nbsp;&nbsp;&nbsp;&nbsp;&nbsp;&nbsp;&nbsp;<span class="nt">&lt;/class&gt;</span></div><div class='line' id='LC2487'>&nbsp;&nbsp;&nbsp;&nbsp;&nbsp;&nbsp;<span class="nt">&lt;/package&gt;</span></div><div class='line' id='LC2488'>&nbsp;&nbsp;&nbsp;&nbsp;<span class="nt">&lt;/package&gt;</span></div><div class='line' id='LC2489'>&nbsp;&nbsp;&nbsp;&nbsp;<span class="nt">&lt;package</span> <span class="na">name=</span><span class="s">&quot;junit&quot;</span><span class="nt">&gt;</span></div><div class='line' id='LC2490'>&nbsp;&nbsp;&nbsp;&nbsp;&nbsp;&nbsp;<span class="nt">&lt;package</span> <span class="na">name=</span><span class="s">&quot;tests&quot;</span><span class="nt">&gt;</span></div><div class='line' id='LC2491'>&nbsp;&nbsp;&nbsp;&nbsp;&nbsp;&nbsp;&nbsp;&nbsp;<span class="nt">&lt;package</span> <span class="na">name=</span><span class="s">&quot;framework&quot;</span><span class="nt">&gt;</span></div><div class='line' id='LC2492'>&nbsp;&nbsp;&nbsp;&nbsp;&nbsp;&nbsp;&nbsp;&nbsp;&nbsp;&nbsp;<span class="nt">&lt;class</span> <span class="na">name=</span><span class="s">&quot;AssertTest&quot;</span> <span class="na">type=</span><span class="s">&quot;ConcreteClass&quot;</span> <span class="na">maxLoc=</span><span class="s">&quot;172&quot;</span><span class="nt">&gt;</span></div><div class='line' id='LC2493'>&nbsp;&nbsp;&nbsp;&nbsp;&nbsp;&nbsp;&nbsp;&nbsp;&nbsp;&nbsp;&nbsp;&nbsp;<span class="nt">&lt;version</span> <span class="na">num=</span><span class="s">&quot;4&quot;</span> <span class="na">curr_loc=</span><span class="s">&quot;171&quot;</span> <span class="na">changed=</span><span class="s">&quot;1&quot;</span> <span class="na">churn=</span><span class="s">&quot;171&quot;</span> <span class="nt">/&gt;</span></div><div class='line' id='LC2494'>&nbsp;&nbsp;&nbsp;&nbsp;&nbsp;&nbsp;&nbsp;&nbsp;&nbsp;&nbsp;&nbsp;&nbsp;<span class="nt">&lt;version</span> <span class="na">num=</span><span class="s">&quot;12&quot;</span> <span class="na">curr_loc=</span><span class="s">&quot;172&quot;</span> <span class="na">changed=</span><span class="s">&quot;1&quot;</span> <span class="na">churn=</span><span class="s">&quot;172&quot;</span> <span class="nt">/&gt;</span></div><div class='line' id='LC2495'>&nbsp;&nbsp;&nbsp;&nbsp;&nbsp;&nbsp;&nbsp;&nbsp;&nbsp;&nbsp;&nbsp;&nbsp;<span class="nt">&lt;version</span> <span class="na">num=</span><span class="s">&quot;437&quot;</span> <span class="na">curr_loc=</span><span class="s">&quot;147&quot;</span> <span class="na">changed=</span><span class="s">&quot;1&quot;</span> <span class="na">churn=</span><span class="s">&quot;197&quot;</span> <span class="nt">/&gt;</span></div><div class='line' id='LC2496'>&nbsp;&nbsp;&nbsp;&nbsp;&nbsp;&nbsp;&nbsp;&nbsp;&nbsp;&nbsp;<span class="nt">&lt;/class&gt;</span></div><div class='line' id='LC2497'>&nbsp;&nbsp;&nbsp;&nbsp;&nbsp;&nbsp;&nbsp;&nbsp;&nbsp;&nbsp;<span class="nt">&lt;class</span> <span class="na">name=</span><span class="s">&quot;ComparisonFailureTest&quot;</span> <span class="na">type=</span><span class="s">&quot;ConcreteClass&quot;</span> <span class="na">maxLoc=</span><span class="s">&quot;47&quot;</span><span class="nt">&gt;</span></div><div class='line' id='LC2498'>&nbsp;&nbsp;&nbsp;&nbsp;&nbsp;&nbsp;&nbsp;&nbsp;&nbsp;&nbsp;&nbsp;&nbsp;<span class="nt">&lt;version</span> <span class="na">num=</span><span class="s">&quot;12&quot;</span> <span class="na">curr_loc=</span><span class="s">&quot;47&quot;</span> <span class="na">changed=</span><span class="s">&quot;1&quot;</span> <span class="na">churn=</span><span class="s">&quot;47&quot;</span> <span class="nt">/&gt;</span></div><div class='line' id='LC2499'>&nbsp;&nbsp;&nbsp;&nbsp;&nbsp;&nbsp;&nbsp;&nbsp;&nbsp;&nbsp;&nbsp;&nbsp;<span class="nt">&lt;version</span> <span class="na">num=</span><span class="s">&quot;437&quot;</span> <span class="na">curr_loc=</span><span class="s">&quot;23&quot;</span> <span class="na">changed=</span><span class="s">&quot;1&quot;</span> <span class="na">churn=</span><span class="s">&quot;71&quot;</span> <span class="nt">/&gt;</span></div><div class='line' id='LC2500'>&nbsp;&nbsp;&nbsp;&nbsp;&nbsp;&nbsp;&nbsp;&nbsp;&nbsp;&nbsp;<span class="nt">&lt;/class&gt;</span></div><div class='line' id='LC2501'>&nbsp;&nbsp;&nbsp;&nbsp;&nbsp;&nbsp;&nbsp;&nbsp;&nbsp;&nbsp;<span class="nt">&lt;class</span> <span class="na">name=</span><span class="s">&quot;SuiteTest&quot;</span> <span class="na">type=</span><span class="s">&quot;ConcreteClass&quot;</span> <span class="na">maxLoc=</span><span class="s">&quot;105&quot;</span><span class="nt">&gt;</span></div><div class='line' id='LC2502'>&nbsp;&nbsp;&nbsp;&nbsp;&nbsp;&nbsp;&nbsp;&nbsp;&nbsp;&nbsp;&nbsp;&nbsp;<span class="nt">&lt;version</span> <span class="na">num=</span><span class="s">&quot;47&quot;</span> <span class="na">curr_loc=</span><span class="s">&quot;105&quot;</span> <span class="na">changed=</span><span class="s">&quot;1&quot;</span> <span class="na">churn=</span><span class="s">&quot;105&quot;</span> <span class="nt">/&gt;</span></div><div class='line' id='LC2503'>&nbsp;&nbsp;&nbsp;&nbsp;&nbsp;&nbsp;&nbsp;&nbsp;&nbsp;&nbsp;&nbsp;&nbsp;<span class="nt">&lt;version</span> <span class="na">num=</span><span class="s">&quot;49&quot;</span> <span class="na">curr_loc=</span><span class="s">&quot;105&quot;</span> <span class="na">changed=</span><span class="s">&quot;1&quot;</span> <span class="na">churn=</span><span class="s">&quot;105&quot;</span> <span class="nt">/&gt;</span></div><div class='line' id='LC2504'>&nbsp;&nbsp;&nbsp;&nbsp;&nbsp;&nbsp;&nbsp;&nbsp;&nbsp;&nbsp;&nbsp;&nbsp;<span class="nt">&lt;version</span> <span class="na">num=</span><span class="s">&quot;57&quot;</span> <span class="na">curr_loc=</span><span class="s">&quot;105&quot;</span> <span class="na">changed=</span><span class="s">&quot;1&quot;</span> <span class="na">churn=</span><span class="s">&quot;105&quot;</span> <span class="nt">/&gt;</span></div><div class='line' id='LC2505'>&nbsp;&nbsp;&nbsp;&nbsp;&nbsp;&nbsp;&nbsp;&nbsp;&nbsp;&nbsp;&nbsp;&nbsp;<span class="nt">&lt;version</span> <span class="na">num=</span><span class="s">&quot;58&quot;</span> <span class="na">curr_loc=</span><span class="s">&quot;105&quot;</span> <span class="na">changed=</span><span class="s">&quot;1&quot;</span> <span class="na">churn=</span><span class="s">&quot;105&quot;</span> <span class="nt">/&gt;</span></div><div class='line' id='LC2506'>&nbsp;&nbsp;&nbsp;&nbsp;&nbsp;&nbsp;&nbsp;&nbsp;&nbsp;&nbsp;&nbsp;&nbsp;<span class="nt">&lt;version</span> <span class="na">num=</span><span class="s">&quot;437&quot;</span> <span class="na">curr_loc=</span><span class="s">&quot;98&quot;</span> <span class="na">changed=</span><span class="s">&quot;1&quot;</span> <span class="na">churn=</span><span class="s">&quot;112&quot;</span> <span class="nt">/&gt;</span></div><div class='line' id='LC2507'>&nbsp;&nbsp;&nbsp;&nbsp;&nbsp;&nbsp;&nbsp;&nbsp;&nbsp;&nbsp;<span class="nt">&lt;/class&gt;</span></div><div class='line' id='LC2508'>&nbsp;&nbsp;&nbsp;&nbsp;&nbsp;&nbsp;&nbsp;&nbsp;&nbsp;&nbsp;<span class="nt">&lt;class</span> <span class="na">name=</span><span class="s">&quot;ThreeTestCases&quot;</span> <span class="na">type=</span><span class="s">&quot;ConcreteClass&quot;</span> <span class="na">maxLoc=</span><span class="s">&quot;15&quot;</span><span class="nt">&gt;</span></div><div class='line' id='LC2509'>&nbsp;&nbsp;&nbsp;&nbsp;&nbsp;&nbsp;&nbsp;&nbsp;&nbsp;&nbsp;&nbsp;&nbsp;<span class="nt">&lt;version</span> <span class="na">num=</span><span class="s">&quot;49&quot;</span> <span class="na">curr_loc=</span><span class="s">&quot;15&quot;</span> <span class="na">changed=</span><span class="s">&quot;1&quot;</span> <span class="na">churn=</span><span class="s">&quot;15&quot;</span> <span class="nt">/&gt;</span></div><div class='line' id='LC2510'>&nbsp;&nbsp;&nbsp;&nbsp;&nbsp;&nbsp;&nbsp;&nbsp;&nbsp;&nbsp;&nbsp;&nbsp;<span class="nt">&lt;version</span> <span class="na">num=</span><span class="s">&quot;57&quot;</span> <span class="na">curr_loc=</span><span class="s">&quot;15&quot;</span> <span class="na">changed=</span><span class="s">&quot;1&quot;</span> <span class="na">churn=</span><span class="s">&quot;15&quot;</span> <span class="nt">/&gt;</span></div><div class='line' id='LC2511'>&nbsp;&nbsp;&nbsp;&nbsp;&nbsp;&nbsp;&nbsp;&nbsp;&nbsp;&nbsp;&nbsp;&nbsp;<span class="nt">&lt;version</span> <span class="na">num=</span><span class="s">&quot;58&quot;</span> <span class="na">curr_loc=</span><span class="s">&quot;15&quot;</span> <span class="na">changed=</span><span class="s">&quot;1&quot;</span> <span class="na">churn=</span><span class="s">&quot;15&quot;</span> <span class="nt">/&gt;</span></div><div class='line' id='LC2512'>&nbsp;&nbsp;&nbsp;&nbsp;&nbsp;&nbsp;&nbsp;&nbsp;&nbsp;&nbsp;<span class="nt">&lt;/class&gt;</span></div><div class='line' id='LC2513'>&nbsp;&nbsp;&nbsp;&nbsp;&nbsp;&nbsp;&nbsp;&nbsp;&nbsp;&nbsp;<span class="nt">&lt;class</span> <span class="na">name=</span><span class="s">&quot;AllTests&quot;</span> <span class="na">type=</span><span class="s">&quot;ConcreteClass&quot;</span> <span class="na">maxLoc=</span><span class="s">&quot;31&quot;</span><span class="nt">&gt;</span></div><div class='line' id='LC2514'>&nbsp;&nbsp;&nbsp;&nbsp;&nbsp;&nbsp;&nbsp;&nbsp;&nbsp;&nbsp;&nbsp;&nbsp;<span class="nt">&lt;version</span> <span class="na">num=</span><span class="s">&quot;437&quot;</span> <span class="na">curr_loc=</span><span class="s">&quot;31&quot;</span> <span class="na">changed=</span><span class="s">&quot;1&quot;</span> <span class="na">churn=</span><span class="s">&quot;31&quot;</span> <span class="nt">/&gt;</span></div><div class='line' id='LC2515'>&nbsp;&nbsp;&nbsp;&nbsp;&nbsp;&nbsp;&nbsp;&nbsp;&nbsp;&nbsp;<span class="nt">&lt;/class&gt;</span></div><div class='line' id='LC2516'>&nbsp;&nbsp;&nbsp;&nbsp;&nbsp;&nbsp;&nbsp;&nbsp;&nbsp;&nbsp;<span class="nt">&lt;class</span> <span class="na">name=</span><span class="s">&quot;ComparisonCompactorTest&quot;</span> <span class="na">type=</span><span class="s">&quot;ConcreteClass&quot;</span> <span class="na">maxLoc=</span><span class="s">&quot;102&quot;</span><span class="nt">&gt;</span></div><div class='line' id='LC2517'>&nbsp;&nbsp;&nbsp;&nbsp;&nbsp;&nbsp;&nbsp;&nbsp;&nbsp;&nbsp;&nbsp;&nbsp;<span class="nt">&lt;version</span> <span class="na">num=</span><span class="s">&quot;437&quot;</span> <span class="na">curr_loc=</span><span class="s">&quot;102&quot;</span> <span class="na">changed=</span><span class="s">&quot;1&quot;</span> <span class="na">churn=</span><span class="s">&quot;102&quot;</span> <span class="nt">/&gt;</span></div><div class='line' id='LC2518'>&nbsp;&nbsp;&nbsp;&nbsp;&nbsp;&nbsp;&nbsp;&nbsp;&nbsp;&nbsp;<span class="nt">&lt;/class&gt;</span></div><div class='line' id='LC2519'>&nbsp;&nbsp;&nbsp;&nbsp;&nbsp;&nbsp;&nbsp;&nbsp;&nbsp;&nbsp;<span class="nt">&lt;class</span> <span class="na">name=</span><span class="s">&quot;DoublePrecisionAssertTest&quot;</span> <span class="na">type=</span><span class="s">&quot;ConcreteClass&quot;</span> <span class="na">maxLoc=</span><span class="s">&quot;55&quot;</span><span class="nt">&gt;</span></div><div class='line' id='LC2520'>&nbsp;&nbsp;&nbsp;&nbsp;&nbsp;&nbsp;&nbsp;&nbsp;&nbsp;&nbsp;&nbsp;&nbsp;<span class="nt">&lt;version</span> <span class="na">num=</span><span class="s">&quot;437&quot;</span> <span class="na">curr_loc=</span><span class="s">&quot;55&quot;</span> <span class="na">changed=</span><span class="s">&quot;1&quot;</span> <span class="na">churn=</span><span class="s">&quot;55&quot;</span> <span class="nt">/&gt;</span></div><div class='line' id='LC2521'>&nbsp;&nbsp;&nbsp;&nbsp;&nbsp;&nbsp;&nbsp;&nbsp;&nbsp;&nbsp;<span class="nt">&lt;/class&gt;</span></div><div class='line' id='LC2522'>&nbsp;&nbsp;&nbsp;&nbsp;&nbsp;&nbsp;&nbsp;&nbsp;&nbsp;&nbsp;<span class="nt">&lt;class</span> <span class="na">name=</span><span class="s">&quot;Failure&quot;</span> <span class="na">type=</span><span class="s">&quot;ConcreteClass&quot;</span> <span class="na">maxLoc=</span><span class="s">&quot;14&quot;</span><span class="nt">&gt;</span></div><div class='line' id='LC2523'>&nbsp;&nbsp;&nbsp;&nbsp;&nbsp;&nbsp;&nbsp;&nbsp;&nbsp;&nbsp;&nbsp;&nbsp;<span class="nt">&lt;version</span> <span class="na">num=</span><span class="s">&quot;437&quot;</span> <span class="na">curr_loc=</span><span class="s">&quot;14&quot;</span> <span class="na">changed=</span><span class="s">&quot;1&quot;</span> <span class="na">churn=</span><span class="s">&quot;14&quot;</span> <span class="nt">/&gt;</span></div><div class='line' id='LC2524'>&nbsp;&nbsp;&nbsp;&nbsp;&nbsp;&nbsp;&nbsp;&nbsp;&nbsp;&nbsp;<span class="nt">&lt;/class&gt;</span></div><div class='line' id='LC2525'>&nbsp;&nbsp;&nbsp;&nbsp;&nbsp;&nbsp;&nbsp;&nbsp;&nbsp;&nbsp;<span class="nt">&lt;class</span> <span class="na">name=</span><span class="s">&quot;FloatAssertTest&quot;</span> <span class="na">type=</span><span class="s">&quot;ConcreteClass&quot;</span> <span class="na">maxLoc=</span><span class="s">&quot;63&quot;</span><span class="nt">&gt;</span></div><div class='line' id='LC2526'>&nbsp;&nbsp;&nbsp;&nbsp;&nbsp;&nbsp;&nbsp;&nbsp;&nbsp;&nbsp;&nbsp;&nbsp;<span class="nt">&lt;version</span> <span class="na">num=</span><span class="s">&quot;437&quot;</span> <span class="na">curr_loc=</span><span class="s">&quot;63&quot;</span> <span class="na">changed=</span><span class="s">&quot;1&quot;</span> <span class="na">churn=</span><span class="s">&quot;63&quot;</span> <span class="nt">/&gt;</span></div><div class='line' id='LC2527'>&nbsp;&nbsp;&nbsp;&nbsp;&nbsp;&nbsp;&nbsp;&nbsp;&nbsp;&nbsp;<span class="nt">&lt;/class&gt;</span></div><div class='line' id='LC2528'>&nbsp;&nbsp;&nbsp;&nbsp;&nbsp;&nbsp;&nbsp;&nbsp;&nbsp;&nbsp;<span class="nt">&lt;class</span> <span class="na">name=</span><span class="s">&quot;InheritedTestCase&quot;</span> <span class="na">type=</span><span class="s">&quot;ConcreteClass&quot;</span> <span class="na">maxLoc=</span><span class="s">&quot;9&quot;</span><span class="nt">&gt;</span></div><div class='line' id='LC2529'>&nbsp;&nbsp;&nbsp;&nbsp;&nbsp;&nbsp;&nbsp;&nbsp;&nbsp;&nbsp;&nbsp;&nbsp;<span class="nt">&lt;version</span> <span class="na">num=</span><span class="s">&quot;437&quot;</span> <span class="na">curr_loc=</span><span class="s">&quot;9&quot;</span> <span class="na">changed=</span><span class="s">&quot;1&quot;</span> <span class="na">churn=</span><span class="s">&quot;9&quot;</span> <span class="nt">/&gt;</span></div><div class='line' id='LC2530'>&nbsp;&nbsp;&nbsp;&nbsp;&nbsp;&nbsp;&nbsp;&nbsp;&nbsp;&nbsp;<span class="nt">&lt;/class&gt;</span></div><div class='line' id='LC2531'>&nbsp;&nbsp;&nbsp;&nbsp;&nbsp;&nbsp;&nbsp;&nbsp;&nbsp;&nbsp;<span class="nt">&lt;class</span> <span class="na">name=</span><span class="s">&quot;NoArgTestCaseTest&quot;</span> <span class="na">type=</span><span class="s">&quot;ConcreteClass&quot;</span> <span class="na">maxLoc=</span><span class="s">&quot;9&quot;</span><span class="nt">&gt;</span></div><div class='line' id='LC2532'>&nbsp;&nbsp;&nbsp;&nbsp;&nbsp;&nbsp;&nbsp;&nbsp;&nbsp;&nbsp;&nbsp;&nbsp;<span class="nt">&lt;version</span> <span class="na">num=</span><span class="s">&quot;437&quot;</span> <span class="na">curr_loc=</span><span class="s">&quot;9&quot;</span> <span class="na">changed=</span><span class="s">&quot;1&quot;</span> <span class="na">churn=</span><span class="s">&quot;9&quot;</span> <span class="nt">/&gt;</span></div><div class='line' id='LC2533'>&nbsp;&nbsp;&nbsp;&nbsp;&nbsp;&nbsp;&nbsp;&nbsp;&nbsp;&nbsp;<span class="nt">&lt;/class&gt;</span></div><div class='line' id='LC2534'>&nbsp;&nbsp;&nbsp;&nbsp;&nbsp;&nbsp;&nbsp;&nbsp;&nbsp;&nbsp;<span class="nt">&lt;class</span> <span class="na">name=</span><span class="s">&quot;NoTestCaseClass&quot;</span> <span class="na">type=</span><span class="s">&quot;ConcreteClass&quot;</span> <span class="na">maxLoc=</span><span class="s">&quot;10&quot;</span><span class="nt">&gt;</span></div><div class='line' id='LC2535'>&nbsp;&nbsp;&nbsp;&nbsp;&nbsp;&nbsp;&nbsp;&nbsp;&nbsp;&nbsp;&nbsp;&nbsp;<span class="nt">&lt;version</span> <span class="na">num=</span><span class="s">&quot;437&quot;</span> <span class="na">curr_loc=</span><span class="s">&quot;10&quot;</span> <span class="na">changed=</span><span class="s">&quot;1&quot;</span> <span class="na">churn=</span><span class="s">&quot;10&quot;</span> <span class="nt">/&gt;</span></div><div class='line' id='LC2536'>&nbsp;&nbsp;&nbsp;&nbsp;&nbsp;&nbsp;&nbsp;&nbsp;&nbsp;&nbsp;<span class="nt">&lt;/class&gt;</span></div><div class='line' id='LC2537'>&nbsp;&nbsp;&nbsp;&nbsp;&nbsp;&nbsp;&nbsp;&nbsp;&nbsp;&nbsp;<span class="nt">&lt;class</span> <span class="na">name=</span><span class="s">&quot;NoTestCases&quot;</span> <span class="na">type=</span><span class="s">&quot;ConcreteClass&quot;</span> <span class="na">maxLoc=</span><span class="s">&quot;11&quot;</span><span class="nt">&gt;</span></div><div class='line' id='LC2538'>&nbsp;&nbsp;&nbsp;&nbsp;&nbsp;&nbsp;&nbsp;&nbsp;&nbsp;&nbsp;&nbsp;&nbsp;<span class="nt">&lt;version</span> <span class="na">num=</span><span class="s">&quot;437&quot;</span> <span class="na">curr_loc=</span><span class="s">&quot;11&quot;</span> <span class="na">changed=</span><span class="s">&quot;1&quot;</span> <span class="na">churn=</span><span class="s">&quot;11&quot;</span> <span class="nt">/&gt;</span></div><div class='line' id='LC2539'>&nbsp;&nbsp;&nbsp;&nbsp;&nbsp;&nbsp;&nbsp;&nbsp;&nbsp;&nbsp;<span class="nt">&lt;/class&gt;</span></div><div class='line' id='LC2540'>&nbsp;&nbsp;&nbsp;&nbsp;&nbsp;&nbsp;&nbsp;&nbsp;&nbsp;&nbsp;<span class="nt">&lt;class</span> <span class="na">name=</span><span class="s">&quot;NotPublicTestCase&quot;</span> <span class="na">type=</span><span class="s">&quot;ConcreteClass&quot;</span> <span class="na">maxLoc=</span><span class="s">&quot;13&quot;</span><span class="nt">&gt;</span></div><div class='line' id='LC2541'>&nbsp;&nbsp;&nbsp;&nbsp;&nbsp;&nbsp;&nbsp;&nbsp;&nbsp;&nbsp;&nbsp;&nbsp;<span class="nt">&lt;version</span> <span class="na">num=</span><span class="s">&quot;437&quot;</span> <span class="na">curr_loc=</span><span class="s">&quot;13&quot;</span> <span class="na">changed=</span><span class="s">&quot;1&quot;</span> <span class="na">churn=</span><span class="s">&quot;13&quot;</span> <span class="nt">/&gt;</span></div><div class='line' id='LC2542'>&nbsp;&nbsp;&nbsp;&nbsp;&nbsp;&nbsp;&nbsp;&nbsp;&nbsp;&nbsp;<span class="nt">&lt;/class&gt;</span></div><div class='line' id='LC2543'>&nbsp;&nbsp;&nbsp;&nbsp;&nbsp;&nbsp;&nbsp;&nbsp;&nbsp;&nbsp;<span class="nt">&lt;class</span> <span class="na">name=</span><span class="s">&quot;NotVoidTestCase&quot;</span> <span class="na">type=</span><span class="s">&quot;ConcreteClass&quot;</span> <span class="na">maxLoc=</span><span class="s">&quot;14&quot;</span><span class="nt">&gt;</span></div><div class='line' id='LC2544'>&nbsp;&nbsp;&nbsp;&nbsp;&nbsp;&nbsp;&nbsp;&nbsp;&nbsp;&nbsp;&nbsp;&nbsp;<span class="nt">&lt;version</span> <span class="na">num=</span><span class="s">&quot;437&quot;</span> <span class="na">curr_loc=</span><span class="s">&quot;14&quot;</span> <span class="na">changed=</span><span class="s">&quot;1&quot;</span> <span class="na">churn=</span><span class="s">&quot;14&quot;</span> <span class="nt">/&gt;</span></div><div class='line' id='LC2545'>&nbsp;&nbsp;&nbsp;&nbsp;&nbsp;&nbsp;&nbsp;&nbsp;&nbsp;&nbsp;<span class="nt">&lt;/class&gt;</span></div><div class='line' id='LC2546'>&nbsp;&nbsp;&nbsp;&nbsp;&nbsp;&nbsp;&nbsp;&nbsp;&nbsp;&nbsp;<span class="nt">&lt;class</span> <span class="na">name=</span><span class="s">&quot;OneTestCase&quot;</span> <span class="na">type=</span><span class="s">&quot;ConcreteClass&quot;</span> <span class="na">maxLoc=</span><span class="s">&quot;15&quot;</span><span class="nt">&gt;</span></div><div class='line' id='LC2547'>&nbsp;&nbsp;&nbsp;&nbsp;&nbsp;&nbsp;&nbsp;&nbsp;&nbsp;&nbsp;&nbsp;&nbsp;<span class="nt">&lt;version</span> <span class="na">num=</span><span class="s">&quot;437&quot;</span> <span class="na">curr_loc=</span><span class="s">&quot;15&quot;</span> <span class="na">changed=</span><span class="s">&quot;1&quot;</span> <span class="na">churn=</span><span class="s">&quot;15&quot;</span> <span class="nt">/&gt;</span></div><div class='line' id='LC2548'>&nbsp;&nbsp;&nbsp;&nbsp;&nbsp;&nbsp;&nbsp;&nbsp;&nbsp;&nbsp;<span class="nt">&lt;/class&gt;</span></div><div class='line' id='LC2549'>&nbsp;&nbsp;&nbsp;&nbsp;&nbsp;&nbsp;&nbsp;&nbsp;&nbsp;&nbsp;<span class="nt">&lt;class</span> <span class="na">name=</span><span class="s">&quot;OverrideTestCase&quot;</span> <span class="na">type=</span><span class="s">&quot;ConcreteClass&quot;</span> <span class="na">maxLoc=</span><span class="s">&quot;10&quot;</span><span class="nt">&gt;</span></div><div class='line' id='LC2550'>&nbsp;&nbsp;&nbsp;&nbsp;&nbsp;&nbsp;&nbsp;&nbsp;&nbsp;&nbsp;&nbsp;&nbsp;<span class="nt">&lt;version</span> <span class="na">num=</span><span class="s">&quot;437&quot;</span> <span class="na">curr_loc=</span><span class="s">&quot;10&quot;</span> <span class="na">changed=</span><span class="s">&quot;1&quot;</span> <span class="na">churn=</span><span class="s">&quot;10&quot;</span> <span class="nt">/&gt;</span></div><div class='line' id='LC2551'>&nbsp;&nbsp;&nbsp;&nbsp;&nbsp;&nbsp;&nbsp;&nbsp;&nbsp;&nbsp;<span class="nt">&lt;/class&gt;</span></div><div class='line' id='LC2552'>&nbsp;&nbsp;&nbsp;&nbsp;&nbsp;&nbsp;&nbsp;&nbsp;&nbsp;&nbsp;<span class="nt">&lt;class</span> <span class="na">name=</span><span class="s">&quot;Success&quot;</span> <span class="na">type=</span><span class="s">&quot;ConcreteClass&quot;</span> <span class="na">maxLoc=</span><span class="s">&quot;17&quot;</span><span class="nt">&gt;</span></div><div class='line' id='LC2553'>&nbsp;&nbsp;&nbsp;&nbsp;&nbsp;&nbsp;&nbsp;&nbsp;&nbsp;&nbsp;&nbsp;&nbsp;<span class="nt">&lt;version</span> <span class="na">num=</span><span class="s">&quot;437&quot;</span> <span class="na">curr_loc=</span><span class="s">&quot;17&quot;</span> <span class="na">changed=</span><span class="s">&quot;1&quot;</span> <span class="na">churn=</span><span class="s">&quot;17&quot;</span> <span class="nt">/&gt;</span></div><div class='line' id='LC2554'>&nbsp;&nbsp;&nbsp;&nbsp;&nbsp;&nbsp;&nbsp;&nbsp;&nbsp;&nbsp;<span class="nt">&lt;/class&gt;</span></div><div class='line' id='LC2555'>&nbsp;&nbsp;&nbsp;&nbsp;&nbsp;&nbsp;&nbsp;&nbsp;&nbsp;&nbsp;<span class="nt">&lt;class</span> <span class="na">name=</span><span class="s">&quot;TestCaseTest&quot;</span> <span class="na">type=</span><span class="s">&quot;ConcreteClass&quot;</span> <span class="na">maxLoc=</span><span class="s">&quot;190&quot;</span><span class="nt">&gt;</span></div><div class='line' id='LC2556'>&nbsp;&nbsp;&nbsp;&nbsp;&nbsp;&nbsp;&nbsp;&nbsp;&nbsp;&nbsp;&nbsp;&nbsp;<span class="nt">&lt;version</span> <span class="na">num=</span><span class="s">&quot;437&quot;</span> <span class="na">curr_loc=</span><span class="s">&quot;190&quot;</span> <span class="na">changed=</span><span class="s">&quot;1&quot;</span> <span class="na">churn=</span><span class="s">&quot;190&quot;</span> <span class="nt">/&gt;</span></div><div class='line' id='LC2557'>&nbsp;&nbsp;&nbsp;&nbsp;&nbsp;&nbsp;&nbsp;&nbsp;&nbsp;&nbsp;<span class="nt">&lt;/class&gt;</span></div><div class='line' id='LC2558'>&nbsp;&nbsp;&nbsp;&nbsp;&nbsp;&nbsp;&nbsp;&nbsp;&nbsp;&nbsp;<span class="nt">&lt;class</span> <span class="na">name=</span><span class="s">&quot;TestImplementorTest&quot;</span> <span class="na">type=</span><span class="s">&quot;ConcreteClass&quot;</span> <span class="na">maxLoc=</span><span class="s">&quot;54&quot;</span><span class="nt">&gt;</span></div><div class='line' id='LC2559'>&nbsp;&nbsp;&nbsp;&nbsp;&nbsp;&nbsp;&nbsp;&nbsp;&nbsp;&nbsp;&nbsp;&nbsp;<span class="nt">&lt;version</span> <span class="na">num=</span><span class="s">&quot;437&quot;</span> <span class="na">curr_loc=</span><span class="s">&quot;54&quot;</span> <span class="na">changed=</span><span class="s">&quot;1&quot;</span> <span class="na">churn=</span><span class="s">&quot;54&quot;</span> <span class="nt">/&gt;</span></div><div class='line' id='LC2560'>&nbsp;&nbsp;&nbsp;&nbsp;&nbsp;&nbsp;&nbsp;&nbsp;&nbsp;&nbsp;<span class="nt">&lt;/class&gt;</span></div><div class='line' id='LC2561'>&nbsp;&nbsp;&nbsp;&nbsp;&nbsp;&nbsp;&nbsp;&nbsp;&nbsp;&nbsp;<span class="nt">&lt;class</span> <span class="na">name=</span><span class="s">&quot;TestListenerTest&quot;</span> <span class="na">type=</span><span class="s">&quot;ConcreteClass&quot;</span> <span class="na">maxLoc=</span><span class="s">&quot;72&quot;</span><span class="nt">&gt;</span></div><div class='line' id='LC2562'>&nbsp;&nbsp;&nbsp;&nbsp;&nbsp;&nbsp;&nbsp;&nbsp;&nbsp;&nbsp;&nbsp;&nbsp;<span class="nt">&lt;version</span> <span class="na">num=</span><span class="s">&quot;437&quot;</span> <span class="na">curr_loc=</span><span class="s">&quot;72&quot;</span> <span class="na">changed=</span><span class="s">&quot;1&quot;</span> <span class="na">churn=</span><span class="s">&quot;72&quot;</span> <span class="nt">/&gt;</span></div><div class='line' id='LC2563'>&nbsp;&nbsp;&nbsp;&nbsp;&nbsp;&nbsp;&nbsp;&nbsp;&nbsp;&nbsp;<span class="nt">&lt;/class&gt;</span></div><div class='line' id='LC2564'>&nbsp;&nbsp;&nbsp;&nbsp;&nbsp;&nbsp;&nbsp;&nbsp;&nbsp;&nbsp;<span class="nt">&lt;class</span> <span class="na">name=</span><span class="s">&quot;package-info&quot;</span> <span class="na">type=</span><span class="s">&quot;ConcreteClass&quot;</span> <span class="na">maxLoc=</span><span class="s">&quot;4&quot;</span><span class="nt">&gt;</span></div><div class='line' id='LC2565'>&nbsp;&nbsp;&nbsp;&nbsp;&nbsp;&nbsp;&nbsp;&nbsp;&nbsp;&nbsp;&nbsp;&nbsp;<span class="nt">&lt;version</span> <span class="na">num=</span><span class="s">&quot;437&quot;</span> <span class="na">curr_loc=</span><span class="s">&quot;4&quot;</span> <span class="na">changed=</span><span class="s">&quot;1&quot;</span> <span class="na">churn=</span><span class="s">&quot;4&quot;</span> <span class="nt">/&gt;</span></div><div class='line' id='LC2566'>&nbsp;&nbsp;&nbsp;&nbsp;&nbsp;&nbsp;&nbsp;&nbsp;&nbsp;&nbsp;<span class="nt">&lt;/class&gt;</span></div><div class='line' id='LC2567'>&nbsp;&nbsp;&nbsp;&nbsp;&nbsp;&nbsp;&nbsp;&nbsp;<span class="nt">&lt;/package&gt;</span></div><div class='line' id='LC2568'>&nbsp;&nbsp;&nbsp;&nbsp;&nbsp;&nbsp;&nbsp;&nbsp;<span class="nt">&lt;package</span> <span class="na">name=</span><span class="s">&quot;runner&quot;</span><span class="nt">&gt;</span></div><div class='line' id='LC2569'>&nbsp;&nbsp;&nbsp;&nbsp;&nbsp;&nbsp;&nbsp;&nbsp;&nbsp;&nbsp;<span class="nt">&lt;class</span> <span class="na">name=</span><span class="s">&quot;BaseTestRunnerTest&quot;</span> <span class="na">type=</span><span class="s">&quot;ConcreteClass&quot;</span> <span class="na">maxLoc=</span><span class="s">&quot;53&quot;</span><span class="nt">&gt;</span></div><div class='line' id='LC2570'>&nbsp;&nbsp;&nbsp;&nbsp;&nbsp;&nbsp;&nbsp;&nbsp;&nbsp;&nbsp;&nbsp;&nbsp;<span class="nt">&lt;version</span> <span class="na">num=</span><span class="s">&quot;266&quot;</span> <span class="na">curr_loc=</span><span class="s">&quot;53&quot;</span> <span class="na">changed=</span><span class="s">&quot;1&quot;</span> <span class="na">churn=</span><span class="s">&quot;53&quot;</span> <span class="nt">/&gt;</span></div><div class='line' id='LC2571'>&nbsp;&nbsp;&nbsp;&nbsp;&nbsp;&nbsp;&nbsp;&nbsp;&nbsp;&nbsp;&nbsp;&nbsp;<span class="nt">&lt;version</span> <span class="na">num=</span><span class="s">&quot;437&quot;</span> <span class="na">curr_loc=</span><span class="s">&quot;39&quot;</span> <span class="na">changed=</span><span class="s">&quot;1&quot;</span> <span class="na">churn=</span><span class="s">&quot;67&quot;</span> <span class="nt">/&gt;</span></div><div class='line' id='LC2572'>&nbsp;&nbsp;&nbsp;&nbsp;&nbsp;&nbsp;&nbsp;&nbsp;&nbsp;&nbsp;<span class="nt">&lt;/class&gt;</span></div><div class='line' id='LC2573'>&nbsp;&nbsp;&nbsp;&nbsp;&nbsp;&nbsp;&nbsp;&nbsp;&nbsp;&nbsp;<span class="nt">&lt;class</span> <span class="na">name=</span><span class="s">&quot;AllTests&quot;</span> <span class="na">type=</span><span class="s">&quot;ConcreteClass&quot;</span> <span class="na">maxLoc=</span><span class="s">&quot;30&quot;</span><span class="nt">&gt;</span></div><div class='line' id='LC2574'>&nbsp;&nbsp;&nbsp;&nbsp;&nbsp;&nbsp;&nbsp;&nbsp;&nbsp;&nbsp;&nbsp;&nbsp;<span class="nt">&lt;version</span> <span class="na">num=</span><span class="s">&quot;437&quot;</span> <span class="na">curr_loc=</span><span class="s">&quot;30&quot;</span> <span class="na">changed=</span><span class="s">&quot;1&quot;</span> <span class="na">churn=</span><span class="s">&quot;30&quot;</span> <span class="nt">/&gt;</span></div><div class='line' id='LC2575'>&nbsp;&nbsp;&nbsp;&nbsp;&nbsp;&nbsp;&nbsp;&nbsp;&nbsp;&nbsp;<span class="nt">&lt;/class&gt;</span></div><div class='line' id='LC2576'>&nbsp;&nbsp;&nbsp;&nbsp;&nbsp;&nbsp;&nbsp;&nbsp;&nbsp;&nbsp;<span class="nt">&lt;class</span> <span class="na">name=</span><span class="s">&quot;StackFilterTest&quot;</span> <span class="na">type=</span><span class="s">&quot;ConcreteClass&quot;</span> <span class="na">maxLoc=</span><span class="s">&quot;46&quot;</span><span class="nt">&gt;</span></div><div class='line' id='LC2577'>&nbsp;&nbsp;&nbsp;&nbsp;&nbsp;&nbsp;&nbsp;&nbsp;&nbsp;&nbsp;&nbsp;&nbsp;<span class="nt">&lt;version</span> <span class="na">num=</span><span class="s">&quot;437&quot;</span> <span class="na">curr_loc=</span><span class="s">&quot;46&quot;</span> <span class="na">changed=</span><span class="s">&quot;1&quot;</span> <span class="na">churn=</span><span class="s">&quot;46&quot;</span> <span class="nt">/&gt;</span></div><div class='line' id='LC2578'>&nbsp;&nbsp;&nbsp;&nbsp;&nbsp;&nbsp;&nbsp;&nbsp;&nbsp;&nbsp;<span class="nt">&lt;/class&gt;</span></div><div class='line' id='LC2579'>&nbsp;&nbsp;&nbsp;&nbsp;&nbsp;&nbsp;&nbsp;&nbsp;&nbsp;&nbsp;<span class="nt">&lt;class</span> <span class="na">name=</span><span class="s">&quot;TextFeedbackTest&quot;</span> <span class="na">type=</span><span class="s">&quot;ConcreteClass&quot;</span> <span class="na">maxLoc=</span><span class="s">&quot;109&quot;</span><span class="nt">&gt;</span></div><div class='line' id='LC2580'>&nbsp;&nbsp;&nbsp;&nbsp;&nbsp;&nbsp;&nbsp;&nbsp;&nbsp;&nbsp;&nbsp;&nbsp;<span class="nt">&lt;version</span> <span class="na">num=</span><span class="s">&quot;437&quot;</span> <span class="na">curr_loc=</span><span class="s">&quot;109&quot;</span> <span class="na">changed=</span><span class="s">&quot;1&quot;</span> <span class="na">churn=</span><span class="s">&quot;109&quot;</span> <span class="nt">/&gt;</span></div><div class='line' id='LC2581'>&nbsp;&nbsp;&nbsp;&nbsp;&nbsp;&nbsp;&nbsp;&nbsp;&nbsp;&nbsp;<span class="nt">&lt;/class&gt;</span></div><div class='line' id='LC2582'>&nbsp;&nbsp;&nbsp;&nbsp;&nbsp;&nbsp;&nbsp;&nbsp;&nbsp;&nbsp;<span class="nt">&lt;class</span> <span class="na">name=</span><span class="s">&quot;TextRunnerSingleMethodTest&quot;</span> <span class="na">type=</span><span class="s">&quot;ConcreteClass&quot;</span> <span class="na">maxLoc=</span><span class="s">&quot;39&quot;</span><span class="nt">&gt;</span></div><div class='line' id='LC2583'>&nbsp;&nbsp;&nbsp;&nbsp;&nbsp;&nbsp;&nbsp;&nbsp;&nbsp;&nbsp;&nbsp;&nbsp;<span class="nt">&lt;version</span> <span class="na">num=</span><span class="s">&quot;437&quot;</span> <span class="na">curr_loc=</span><span class="s">&quot;39&quot;</span> <span class="na">changed=</span><span class="s">&quot;1&quot;</span> <span class="na">churn=</span><span class="s">&quot;39&quot;</span> <span class="nt">/&gt;</span></div><div class='line' id='LC2584'>&nbsp;&nbsp;&nbsp;&nbsp;&nbsp;&nbsp;&nbsp;&nbsp;&nbsp;&nbsp;<span class="nt">&lt;/class&gt;</span></div><div class='line' id='LC2585'>&nbsp;&nbsp;&nbsp;&nbsp;&nbsp;&nbsp;&nbsp;&nbsp;&nbsp;&nbsp;<span class="nt">&lt;class</span> <span class="na">name=</span><span class="s">&quot;TextRunnerTest&quot;</span> <span class="na">type=</span><span class="s">&quot;ConcreteClass&quot;</span> <span class="na">maxLoc=</span><span class="s">&quot;61&quot;</span><span class="nt">&gt;</span></div><div class='line' id='LC2586'>&nbsp;&nbsp;&nbsp;&nbsp;&nbsp;&nbsp;&nbsp;&nbsp;&nbsp;&nbsp;&nbsp;&nbsp;<span class="nt">&lt;version</span> <span class="na">num=</span><span class="s">&quot;437&quot;</span> <span class="na">curr_loc=</span><span class="s">&quot;61&quot;</span> <span class="na">changed=</span><span class="s">&quot;1&quot;</span> <span class="na">churn=</span><span class="s">&quot;61&quot;</span> <span class="nt">/&gt;</span></div><div class='line' id='LC2587'>&nbsp;&nbsp;&nbsp;&nbsp;&nbsp;&nbsp;&nbsp;&nbsp;&nbsp;&nbsp;<span class="nt">&lt;/class&gt;</span></div><div class='line' id='LC2588'>&nbsp;&nbsp;&nbsp;&nbsp;&nbsp;&nbsp;&nbsp;&nbsp;&nbsp;&nbsp;<span class="nt">&lt;class</span> <span class="na">name=</span><span class="s">&quot;package-info&quot;</span> <span class="na">type=</span><span class="s">&quot;ConcreteClass&quot;</span> <span class="na">maxLoc=</span><span class="s">&quot;4&quot;</span><span class="nt">&gt;</span></div><div class='line' id='LC2589'>&nbsp;&nbsp;&nbsp;&nbsp;&nbsp;&nbsp;&nbsp;&nbsp;&nbsp;&nbsp;&nbsp;&nbsp;<span class="nt">&lt;version</span> <span class="na">num=</span><span class="s">&quot;437&quot;</span> <span class="na">curr_loc=</span><span class="s">&quot;4&quot;</span> <span class="na">changed=</span><span class="s">&quot;1&quot;</span> <span class="na">churn=</span><span class="s">&quot;4&quot;</span> <span class="nt">/&gt;</span></div><div class='line' id='LC2590'>&nbsp;&nbsp;&nbsp;&nbsp;&nbsp;&nbsp;&nbsp;&nbsp;&nbsp;&nbsp;<span class="nt">&lt;/class&gt;</span></div><div class='line' id='LC2591'>&nbsp;&nbsp;&nbsp;&nbsp;&nbsp;&nbsp;&nbsp;&nbsp;<span class="nt">&lt;/package&gt;</span></div><div class='line' id='LC2592'>&nbsp;&nbsp;&nbsp;&nbsp;&nbsp;&nbsp;&nbsp;&nbsp;<span class="nt">&lt;class</span> <span class="na">name=</span><span class="s">&quot;AllTests&quot;</span> <span class="na">type=</span><span class="s">&quot;ConcreteClass&quot;</span> <span class="na">maxLoc=</span><span class="s">&quot;23&quot;</span><span class="nt">&gt;</span></div><div class='line' id='LC2593'>&nbsp;&nbsp;&nbsp;&nbsp;&nbsp;&nbsp;&nbsp;&nbsp;&nbsp;&nbsp;<span class="nt">&lt;version</span> <span class="na">num=</span><span class="s">&quot;437&quot;</span> <span class="na">curr_loc=</span><span class="s">&quot;23&quot;</span> <span class="na">changed=</span><span class="s">&quot;1&quot;</span> <span class="na">churn=</span><span class="s">&quot;23&quot;</span> <span class="nt">/&gt;</span></div><div class='line' id='LC2594'>&nbsp;&nbsp;&nbsp;&nbsp;&nbsp;&nbsp;&nbsp;&nbsp;<span class="nt">&lt;/class&gt;</span></div><div class='line' id='LC2595'>&nbsp;&nbsp;&nbsp;&nbsp;&nbsp;&nbsp;&nbsp;&nbsp;<span class="nt">&lt;class</span> <span class="na">name=</span><span class="s">&quot;WasRun&quot;</span> <span class="na">type=</span><span class="s">&quot;ConcreteClass&quot;</span> <span class="na">maxLoc=</span><span class="s">&quot;15&quot;</span><span class="nt">&gt;</span></div><div class='line' id='LC2596'>&nbsp;&nbsp;&nbsp;&nbsp;&nbsp;&nbsp;&nbsp;&nbsp;&nbsp;&nbsp;<span class="nt">&lt;version</span> <span class="na">num=</span><span class="s">&quot;437&quot;</span> <span class="na">curr_loc=</span><span class="s">&quot;15&quot;</span> <span class="na">changed=</span><span class="s">&quot;1&quot;</span> <span class="na">churn=</span><span class="s">&quot;15&quot;</span> <span class="nt">/&gt;</span></div><div class='line' id='LC2597'>&nbsp;&nbsp;&nbsp;&nbsp;&nbsp;&nbsp;&nbsp;&nbsp;<span class="nt">&lt;/class&gt;</span></div><div class='line' id='LC2598'>&nbsp;&nbsp;&nbsp;&nbsp;&nbsp;&nbsp;&nbsp;&nbsp;<span class="nt">&lt;package</span> <span class="na">name=</span><span class="s">&quot;extensions&quot;</span><span class="nt">&gt;</span></div><div class='line' id='LC2599'>&nbsp;&nbsp;&nbsp;&nbsp;&nbsp;&nbsp;&nbsp;&nbsp;&nbsp;&nbsp;<span class="nt">&lt;class</span> <span class="na">name=</span><span class="s">&quot;ActiveTestTest&quot;</span> <span class="na">type=</span><span class="s">&quot;ConcreteClass&quot;</span> <span class="na">maxLoc=</span><span class="s">&quot;64&quot;</span><span class="nt">&gt;</span></div><div class='line' id='LC2600'>&nbsp;&nbsp;&nbsp;&nbsp;&nbsp;&nbsp;&nbsp;&nbsp;&nbsp;&nbsp;&nbsp;&nbsp;<span class="nt">&lt;version</span> <span class="na">num=</span><span class="s">&quot;437&quot;</span> <span class="na">curr_loc=</span><span class="s">&quot;64&quot;</span> <span class="na">changed=</span><span class="s">&quot;1&quot;</span> <span class="na">churn=</span><span class="s">&quot;64&quot;</span> <span class="nt">/&gt;</span></div><div class='line' id='LC2601'>&nbsp;&nbsp;&nbsp;&nbsp;&nbsp;&nbsp;&nbsp;&nbsp;&nbsp;&nbsp;<span class="nt">&lt;/class&gt;</span></div><div class='line' id='LC2602'>&nbsp;&nbsp;&nbsp;&nbsp;&nbsp;&nbsp;&nbsp;&nbsp;&nbsp;&nbsp;<span class="nt">&lt;class</span> <span class="na">name=</span><span class="s">&quot;AllTests&quot;</span> <span class="na">type=</span><span class="s">&quot;ConcreteClass&quot;</span> <span class="na">maxLoc=</span><span class="s">&quot;23&quot;</span><span class="nt">&gt;</span></div><div class='line' id='LC2603'>&nbsp;&nbsp;&nbsp;&nbsp;&nbsp;&nbsp;&nbsp;&nbsp;&nbsp;&nbsp;&nbsp;&nbsp;<span class="nt">&lt;version</span> <span class="na">num=</span><span class="s">&quot;437&quot;</span> <span class="na">curr_loc=</span><span class="s">&quot;23&quot;</span> <span class="na">changed=</span><span class="s">&quot;1&quot;</span> <span class="na">churn=</span><span class="s">&quot;23&quot;</span> <span class="nt">/&gt;</span></div><div class='line' id='LC2604'>&nbsp;&nbsp;&nbsp;&nbsp;&nbsp;&nbsp;&nbsp;&nbsp;&nbsp;&nbsp;<span class="nt">&lt;/class&gt;</span></div><div class='line' id='LC2605'>&nbsp;&nbsp;&nbsp;&nbsp;&nbsp;&nbsp;&nbsp;&nbsp;&nbsp;&nbsp;<span class="nt">&lt;class</span> <span class="na">name=</span><span class="s">&quot;ExtensionTest&quot;</span> <span class="na">type=</span><span class="s">&quot;ConcreteClass&quot;</span> <span class="na">maxLoc=</span><span class="s">&quot;98&quot;</span><span class="nt">&gt;</span></div><div class='line' id='LC2606'>&nbsp;&nbsp;&nbsp;&nbsp;&nbsp;&nbsp;&nbsp;&nbsp;&nbsp;&nbsp;&nbsp;&nbsp;<span class="nt">&lt;version</span> <span class="na">num=</span><span class="s">&quot;437&quot;</span> <span class="na">curr_loc=</span><span class="s">&quot;98&quot;</span> <span class="na">changed=</span><span class="s">&quot;1&quot;</span> <span class="na">churn=</span><span class="s">&quot;98&quot;</span> <span class="nt">/&gt;</span></div><div class='line' id='LC2607'>&nbsp;&nbsp;&nbsp;&nbsp;&nbsp;&nbsp;&nbsp;&nbsp;&nbsp;&nbsp;<span class="nt">&lt;/class&gt;</span></div><div class='line' id='LC2608'>&nbsp;&nbsp;&nbsp;&nbsp;&nbsp;&nbsp;&nbsp;&nbsp;&nbsp;&nbsp;<span class="nt">&lt;class</span> <span class="na">name=</span><span class="s">&quot;RepeatedTestTest&quot;</span> <span class="na">type=</span><span class="s">&quot;ConcreteClass&quot;</span> <span class="na">maxLoc=</span><span class="s">&quot;62&quot;</span><span class="nt">&gt;</span></div><div class='line' id='LC2609'>&nbsp;&nbsp;&nbsp;&nbsp;&nbsp;&nbsp;&nbsp;&nbsp;&nbsp;&nbsp;&nbsp;&nbsp;<span class="nt">&lt;version</span> <span class="na">num=</span><span class="s">&quot;437&quot;</span> <span class="na">curr_loc=</span><span class="s">&quot;62&quot;</span> <span class="na">changed=</span><span class="s">&quot;1&quot;</span> <span class="na">churn=</span><span class="s">&quot;62&quot;</span> <span class="nt">/&gt;</span></div><div class='line' id='LC2610'>&nbsp;&nbsp;&nbsp;&nbsp;&nbsp;&nbsp;&nbsp;&nbsp;&nbsp;&nbsp;<span class="nt">&lt;/class&gt;</span></div><div class='line' id='LC2611'>&nbsp;&nbsp;&nbsp;&nbsp;&nbsp;&nbsp;&nbsp;&nbsp;&nbsp;&nbsp;<span class="nt">&lt;class</span> <span class="na">name=</span><span class="s">&quot;package-info&quot;</span> <span class="na">type=</span><span class="s">&quot;ConcreteClass&quot;</span> <span class="na">maxLoc=</span><span class="s">&quot;4&quot;</span><span class="nt">&gt;</span></div><div class='line' id='LC2612'>&nbsp;&nbsp;&nbsp;&nbsp;&nbsp;&nbsp;&nbsp;&nbsp;&nbsp;&nbsp;&nbsp;&nbsp;<span class="nt">&lt;version</span> <span class="na">num=</span><span class="s">&quot;437&quot;</span> <span class="na">curr_loc=</span><span class="s">&quot;4&quot;</span> <span class="na">changed=</span><span class="s">&quot;1&quot;</span> <span class="na">churn=</span><span class="s">&quot;4&quot;</span> <span class="nt">/&gt;</span></div><div class='line' id='LC2613'>&nbsp;&nbsp;&nbsp;&nbsp;&nbsp;&nbsp;&nbsp;&nbsp;&nbsp;&nbsp;<span class="nt">&lt;/class&gt;</span></div><div class='line' id='LC2614'>&nbsp;&nbsp;&nbsp;&nbsp;&nbsp;&nbsp;&nbsp;&nbsp;<span class="nt">&lt;/package&gt;</span></div><div class='line' id='LC2615'>&nbsp;&nbsp;&nbsp;&nbsp;&nbsp;&nbsp;&nbsp;&nbsp;<span class="nt">&lt;class</span> <span class="na">name=</span><span class="s">&quot;package-info&quot;</span> <span class="na">type=</span><span class="s">&quot;ConcreteClass&quot;</span> <span class="na">maxLoc=</span><span class="s">&quot;4&quot;</span><span class="nt">&gt;</span></div><div class='line' id='LC2616'>&nbsp;&nbsp;&nbsp;&nbsp;&nbsp;&nbsp;&nbsp;&nbsp;&nbsp;&nbsp;<span class="nt">&lt;version</span> <span class="na">num=</span><span class="s">&quot;437&quot;</span> <span class="na">curr_loc=</span><span class="s">&quot;4&quot;</span> <span class="na">changed=</span><span class="s">&quot;1&quot;</span> <span class="na">churn=</span><span class="s">&quot;4&quot;</span> <span class="nt">/&gt;</span></div><div class='line' id='LC2617'>&nbsp;&nbsp;&nbsp;&nbsp;&nbsp;&nbsp;&nbsp;&nbsp;<span class="nt">&lt;/class&gt;</span></div><div class='line' id='LC2618'>&nbsp;&nbsp;&nbsp;&nbsp;&nbsp;&nbsp;<span class="nt">&lt;/package&gt;</span></div><div class='line' id='LC2619'>&nbsp;&nbsp;&nbsp;&nbsp;&nbsp;&nbsp;<span class="nt">&lt;package</span> <span class="na">name=</span><span class="s">&quot;runner&quot;</span><span class="nt">&gt;</span></div><div class='line' id='LC2620'>&nbsp;&nbsp;&nbsp;&nbsp;&nbsp;&nbsp;&nbsp;&nbsp;<span class="nt">&lt;class</span> <span class="na">name=</span><span class="s">&quot;Version&quot;</span> <span class="na">type=</span><span class="s">&quot;ConcreteClass&quot;</span> <span class="na">maxLoc=</span><span class="s">&quot;18&quot;</span><span class="nt">&gt;</span></div><div class='line' id='LC2621'>&nbsp;&nbsp;&nbsp;&nbsp;&nbsp;&nbsp;&nbsp;&nbsp;&nbsp;&nbsp;<span class="nt">&lt;version</span> <span class="na">num=</span><span class="s">&quot;8&quot;</span> <span class="na">curr_loc=</span><span class="s">&quot;18&quot;</span> <span class="na">changed=</span><span class="s">&quot;1&quot;</span> <span class="na">churn=</span><span class="s">&quot;18&quot;</span> <span class="nt">/&gt;</span></div><div class='line' id='LC2622'>&nbsp;&nbsp;&nbsp;&nbsp;&nbsp;&nbsp;&nbsp;&nbsp;&nbsp;&nbsp;<span class="nt">&lt;version</span> <span class="na">num=</span><span class="s">&quot;21&quot;</span> <span class="na">curr_loc=</span><span class="s">&quot;18&quot;</span> <span class="na">changed=</span><span class="s">&quot;1&quot;</span> <span class="na">churn=</span><span class="s">&quot;18&quot;</span> <span class="nt">/&gt;</span></div><div class='line' id='LC2623'>&nbsp;&nbsp;&nbsp;&nbsp;&nbsp;&nbsp;&nbsp;&nbsp;&nbsp;&nbsp;<span class="nt">&lt;version</span> <span class="na">num=</span><span class="s">&quot;23&quot;</span> <span class="na">curr_loc=</span><span class="s">&quot;18&quot;</span> <span class="na">changed=</span><span class="s">&quot;1&quot;</span> <span class="na">churn=</span><span class="s">&quot;18&quot;</span> <span class="nt">/&gt;</span></div><div class='line' id='LC2624'>&nbsp;&nbsp;&nbsp;&nbsp;&nbsp;&nbsp;&nbsp;&nbsp;&nbsp;&nbsp;<span class="nt">&lt;version</span> <span class="na">num=</span><span class="s">&quot;40&quot;</span> <span class="na">curr_loc=</span><span class="s">&quot;18&quot;</span> <span class="na">changed=</span><span class="s">&quot;1&quot;</span> <span class="na">churn=</span><span class="s">&quot;18&quot;</span> <span class="nt">/&gt;</span></div><div class='line' id='LC2625'>&nbsp;&nbsp;&nbsp;&nbsp;&nbsp;&nbsp;&nbsp;&nbsp;&nbsp;&nbsp;<span class="nt">&lt;version</span> <span class="na">num=</span><span class="s">&quot;48&quot;</span> <span class="na">curr_loc=</span><span class="s">&quot;18&quot;</span> <span class="na">changed=</span><span class="s">&quot;1&quot;</span> <span class="na">churn=</span><span class="s">&quot;18&quot;</span> <span class="nt">/&gt;</span></div><div class='line' id='LC2626'>&nbsp;&nbsp;&nbsp;&nbsp;&nbsp;&nbsp;&nbsp;&nbsp;&nbsp;&nbsp;<span class="nt">&lt;version</span> <span class="na">num=</span><span class="s">&quot;56&quot;</span> <span class="na">curr_loc=</span><span class="s">&quot;18&quot;</span> <span class="na">changed=</span><span class="s">&quot;1&quot;</span> <span class="na">churn=</span><span class="s">&quot;18&quot;</span> <span class="nt">/&gt;</span></div><div class='line' id='LC2627'>&nbsp;&nbsp;&nbsp;&nbsp;&nbsp;&nbsp;&nbsp;&nbsp;&nbsp;&nbsp;<span class="nt">&lt;version</span> <span class="na">num=</span><span class="s">&quot;84&quot;</span> <span class="na">curr_loc=</span><span class="s">&quot;18&quot;</span> <span class="na">changed=</span><span class="s">&quot;1&quot;</span> <span class="na">churn=</span><span class="s">&quot;18&quot;</span> <span class="nt">/&gt;</span></div><div class='line' id='LC2628'>&nbsp;&nbsp;&nbsp;&nbsp;&nbsp;&nbsp;&nbsp;&nbsp;&nbsp;&nbsp;<span class="nt">&lt;version</span> <span class="na">num=</span><span class="s">&quot;87&quot;</span> <span class="na">curr_loc=</span><span class="s">&quot;18&quot;</span> <span class="na">changed=</span><span class="s">&quot;1&quot;</span> <span class="na">churn=</span><span class="s">&quot;18&quot;</span> <span class="nt">/&gt;</span></div><div class='line' id='LC2629'>&nbsp;&nbsp;&nbsp;&nbsp;&nbsp;&nbsp;&nbsp;&nbsp;&nbsp;&nbsp;<span class="nt">&lt;version</span> <span class="na">num=</span><span class="s">&quot;90&quot;</span> <span class="na">curr_loc=</span><span class="s">&quot;18&quot;</span> <span class="na">changed=</span><span class="s">&quot;1&quot;</span> <span class="na">churn=</span><span class="s">&quot;18&quot;</span> <span class="nt">/&gt;</span></div><div class='line' id='LC2630'>&nbsp;&nbsp;&nbsp;&nbsp;&nbsp;&nbsp;&nbsp;&nbsp;&nbsp;&nbsp;<span class="nt">&lt;version</span> <span class="na">num=</span><span class="s">&quot;97&quot;</span> <span class="na">curr_loc=</span><span class="s">&quot;18&quot;</span> <span class="na">changed=</span><span class="s">&quot;1&quot;</span> <span class="na">churn=</span><span class="s">&quot;18&quot;</span> <span class="nt">/&gt;</span></div><div class='line' id='LC2631'>&nbsp;&nbsp;&nbsp;&nbsp;&nbsp;&nbsp;&nbsp;&nbsp;&nbsp;&nbsp;<span class="nt">&lt;version</span> <span class="na">num=</span><span class="s">&quot;104&quot;</span> <span class="na">curr_loc=</span><span class="s">&quot;18&quot;</span> <span class="na">changed=</span><span class="s">&quot;1&quot;</span> <span class="na">churn=</span><span class="s">&quot;18&quot;</span> <span class="nt">/&gt;</span></div><div class='line' id='LC2632'>&nbsp;&nbsp;&nbsp;&nbsp;&nbsp;&nbsp;&nbsp;&nbsp;&nbsp;&nbsp;<span class="nt">&lt;version</span> <span class="na">num=</span><span class="s">&quot;114&quot;</span> <span class="na">curr_loc=</span><span class="s">&quot;18&quot;</span> <span class="na">changed=</span><span class="s">&quot;1&quot;</span> <span class="na">churn=</span><span class="s">&quot;18&quot;</span> <span class="nt">/&gt;</span></div><div class='line' id='LC2633'>&nbsp;&nbsp;&nbsp;&nbsp;&nbsp;&nbsp;&nbsp;&nbsp;&nbsp;&nbsp;<span class="nt">&lt;version</span> <span class="na">num=</span><span class="s">&quot;115&quot;</span> <span class="na">curr_loc=</span><span class="s">&quot;18&quot;</span> <span class="na">changed=</span><span class="s">&quot;1&quot;</span> <span class="na">churn=</span><span class="s">&quot;18&quot;</span> <span class="nt">/&gt;</span></div><div class='line' id='LC2634'>&nbsp;&nbsp;&nbsp;&nbsp;&nbsp;&nbsp;&nbsp;&nbsp;&nbsp;&nbsp;<span class="nt">&lt;version</span> <span class="na">num=</span><span class="s">&quot;122&quot;</span> <span class="na">curr_loc=</span><span class="s">&quot;18&quot;</span> <span class="na">changed=</span><span class="s">&quot;1&quot;</span> <span class="na">churn=</span><span class="s">&quot;18&quot;</span> <span class="nt">/&gt;</span></div><div class='line' id='LC2635'>&nbsp;&nbsp;&nbsp;&nbsp;&nbsp;&nbsp;&nbsp;&nbsp;&nbsp;&nbsp;<span class="nt">&lt;version</span> <span class="na">num=</span><span class="s">&quot;141&quot;</span> <span class="na">curr_loc=</span><span class="s">&quot;18&quot;</span> <span class="na">changed=</span><span class="s">&quot;1&quot;</span> <span class="na">churn=</span><span class="s">&quot;18&quot;</span> <span class="nt">/&gt;</span></div><div class='line' id='LC2636'>&nbsp;&nbsp;&nbsp;&nbsp;&nbsp;&nbsp;&nbsp;&nbsp;&nbsp;&nbsp;<span class="nt">&lt;version</span> <span class="na">num=</span><span class="s">&quot;156&quot;</span> <span class="na">curr_loc=</span><span class="s">&quot;18&quot;</span> <span class="na">changed=</span><span class="s">&quot;1&quot;</span> <span class="na">churn=</span><span class="s">&quot;18&quot;</span> <span class="nt">/&gt;</span></div><div class='line' id='LC2637'>&nbsp;&nbsp;&nbsp;&nbsp;&nbsp;&nbsp;&nbsp;&nbsp;&nbsp;&nbsp;<span class="nt">&lt;version</span> <span class="na">num=</span><span class="s">&quot;164&quot;</span> <span class="na">curr_loc=</span><span class="s">&quot;18&quot;</span> <span class="na">changed=</span><span class="s">&quot;1&quot;</span> <span class="na">churn=</span><span class="s">&quot;18&quot;</span> <span class="nt">/&gt;</span></div><div class='line' id='LC2638'>&nbsp;&nbsp;&nbsp;&nbsp;&nbsp;&nbsp;&nbsp;&nbsp;&nbsp;&nbsp;<span class="nt">&lt;version</span> <span class="na">num=</span><span class="s">&quot;168&quot;</span> <span class="na">curr_loc=</span><span class="s">&quot;18&quot;</span> <span class="na">changed=</span><span class="s">&quot;1&quot;</span> <span class="na">churn=</span><span class="s">&quot;18&quot;</span> <span class="nt">/&gt;</span></div><div class='line' id='LC2639'>&nbsp;&nbsp;&nbsp;&nbsp;&nbsp;&nbsp;&nbsp;&nbsp;&nbsp;&nbsp;<span class="nt">&lt;version</span> <span class="na">num=</span><span class="s">&quot;169&quot;</span> <span class="na">curr_loc=</span><span class="s">&quot;18&quot;</span> <span class="na">changed=</span><span class="s">&quot;1&quot;</span> <span class="na">churn=</span><span class="s">&quot;18&quot;</span> <span class="nt">/&gt;</span></div><div class='line' id='LC2640'>&nbsp;&nbsp;&nbsp;&nbsp;&nbsp;&nbsp;&nbsp;&nbsp;&nbsp;&nbsp;<span class="nt">&lt;version</span> <span class="na">num=</span><span class="s">&quot;183&quot;</span> <span class="na">curr_loc=</span><span class="s">&quot;18&quot;</span> <span class="na">changed=</span><span class="s">&quot;1&quot;</span> <span class="na">churn=</span><span class="s">&quot;18&quot;</span> <span class="nt">/&gt;</span></div><div class='line' id='LC2641'>&nbsp;&nbsp;&nbsp;&nbsp;&nbsp;&nbsp;&nbsp;&nbsp;&nbsp;&nbsp;<span class="nt">&lt;version</span> <span class="na">num=</span><span class="s">&quot;185&quot;</span> <span class="na">curr_loc=</span><span class="s">&quot;18&quot;</span> <span class="na">changed=</span><span class="s">&quot;1&quot;</span> <span class="na">churn=</span><span class="s">&quot;18&quot;</span> <span class="nt">/&gt;</span></div><div class='line' id='LC2642'>&nbsp;&nbsp;&nbsp;&nbsp;&nbsp;&nbsp;&nbsp;&nbsp;&nbsp;&nbsp;<span class="nt">&lt;version</span> <span class="na">num=</span><span class="s">&quot;193&quot;</span> <span class="na">curr_loc=</span><span class="s">&quot;18&quot;</span> <span class="na">changed=</span><span class="s">&quot;1&quot;</span> <span class="na">churn=</span><span class="s">&quot;18&quot;</span> <span class="nt">/&gt;</span></div><div class='line' id='LC2643'>&nbsp;&nbsp;&nbsp;&nbsp;&nbsp;&nbsp;&nbsp;&nbsp;&nbsp;&nbsp;<span class="nt">&lt;version</span> <span class="na">num=</span><span class="s">&quot;201&quot;</span> <span class="na">curr_loc=</span><span class="s">&quot;18&quot;</span> <span class="na">changed=</span><span class="s">&quot;1&quot;</span> <span class="na">churn=</span><span class="s">&quot;18&quot;</span> <span class="nt">/&gt;</span></div><div class='line' id='LC2644'>&nbsp;&nbsp;&nbsp;&nbsp;&nbsp;&nbsp;&nbsp;&nbsp;&nbsp;&nbsp;<span class="nt">&lt;version</span> <span class="na">num=</span><span class="s">&quot;231&quot;</span> <span class="na">curr_loc=</span><span class="s">&quot;18&quot;</span> <span class="na">changed=</span><span class="s">&quot;1&quot;</span> <span class="na">churn=</span><span class="s">&quot;18&quot;</span> <span class="nt">/&gt;</span></div><div class='line' id='LC2645'>&nbsp;&nbsp;&nbsp;&nbsp;&nbsp;&nbsp;&nbsp;&nbsp;&nbsp;&nbsp;<span class="nt">&lt;version</span> <span class="na">num=</span><span class="s">&quot;234&quot;</span> <span class="na">curr_loc=</span><span class="s">&quot;18&quot;</span> <span class="na">changed=</span><span class="s">&quot;1&quot;</span> <span class="na">churn=</span><span class="s">&quot;18&quot;</span> <span class="nt">/&gt;</span></div><div class='line' id='LC2646'>&nbsp;&nbsp;&nbsp;&nbsp;&nbsp;&nbsp;&nbsp;&nbsp;&nbsp;&nbsp;<span class="nt">&lt;version</span> <span class="na">num=</span><span class="s">&quot;236&quot;</span> <span class="na">curr_loc=</span><span class="s">&quot;18&quot;</span> <span class="na">changed=</span><span class="s">&quot;1&quot;</span> <span class="na">churn=</span><span class="s">&quot;18&quot;</span> <span class="nt">/&gt;</span></div><div class='line' id='LC2647'>&nbsp;&nbsp;&nbsp;&nbsp;&nbsp;&nbsp;&nbsp;&nbsp;&nbsp;&nbsp;<span class="nt">&lt;version</span> <span class="na">num=</span><span class="s">&quot;245&quot;</span> <span class="na">curr_loc=</span><span class="s">&quot;18&quot;</span> <span class="na">changed=</span><span class="s">&quot;1&quot;</span> <span class="na">churn=</span><span class="s">&quot;18&quot;</span> <span class="nt">/&gt;</span></div><div class='line' id='LC2648'>&nbsp;&nbsp;&nbsp;&nbsp;&nbsp;&nbsp;&nbsp;&nbsp;&nbsp;&nbsp;<span class="nt">&lt;version</span> <span class="na">num=</span><span class="s">&quot;246&quot;</span> <span class="na">curr_loc=</span><span class="s">&quot;18&quot;</span> <span class="na">changed=</span><span class="s">&quot;1&quot;</span> <span class="na">churn=</span><span class="s">&quot;18&quot;</span> <span class="nt">/&gt;</span></div><div class='line' id='LC2649'>&nbsp;&nbsp;&nbsp;&nbsp;&nbsp;&nbsp;&nbsp;&nbsp;&nbsp;&nbsp;<span class="nt">&lt;version</span> <span class="na">num=</span><span class="s">&quot;247&quot;</span> <span class="na">curr_loc=</span><span class="s">&quot;18&quot;</span> <span class="na">changed=</span><span class="s">&quot;1&quot;</span> <span class="na">churn=</span><span class="s">&quot;18&quot;</span> <span class="nt">/&gt;</span></div><div class='line' id='LC2650'>&nbsp;&nbsp;&nbsp;&nbsp;&nbsp;&nbsp;&nbsp;&nbsp;&nbsp;&nbsp;<span class="nt">&lt;version</span> <span class="na">num=</span><span class="s">&quot;251&quot;</span> <span class="na">curr_loc=</span><span class="s">&quot;18&quot;</span> <span class="na">changed=</span><span class="s">&quot;1&quot;</span> <span class="na">churn=</span><span class="s">&quot;18&quot;</span> <span class="nt">/&gt;</span></div><div class='line' id='LC2651'>&nbsp;&nbsp;&nbsp;&nbsp;&nbsp;&nbsp;&nbsp;&nbsp;&nbsp;&nbsp;<span class="nt">&lt;version</span> <span class="na">num=</span><span class="s">&quot;256&quot;</span> <span class="na">curr_loc=</span><span class="s">&quot;18&quot;</span> <span class="na">changed=</span><span class="s">&quot;1&quot;</span> <span class="na">churn=</span><span class="s">&quot;18&quot;</span> <span class="nt">/&gt;</span></div><div class='line' id='LC2652'>&nbsp;&nbsp;&nbsp;&nbsp;&nbsp;&nbsp;&nbsp;&nbsp;&nbsp;&nbsp;<span class="nt">&lt;version</span> <span class="na">num=</span><span class="s">&quot;259&quot;</span> <span class="na">curr_loc=</span><span class="s">&quot;18&quot;</span> <span class="na">changed=</span><span class="s">&quot;1&quot;</span> <span class="na">churn=</span><span class="s">&quot;18&quot;</span> <span class="nt">/&gt;</span></div><div class='line' id='LC2653'>&nbsp;&nbsp;&nbsp;&nbsp;&nbsp;&nbsp;&nbsp;&nbsp;&nbsp;&nbsp;<span class="nt">&lt;version</span> <span class="na">num=</span><span class="s">&quot;262&quot;</span> <span class="na">curr_loc=</span><span class="s">&quot;18&quot;</span> <span class="na">changed=</span><span class="s">&quot;1&quot;</span> <span class="na">churn=</span><span class="s">&quot;18&quot;</span> <span class="nt">/&gt;</span></div><div class='line' id='LC2654'>&nbsp;&nbsp;&nbsp;&nbsp;&nbsp;&nbsp;&nbsp;&nbsp;&nbsp;&nbsp;<span class="nt">&lt;version</span> <span class="na">num=</span><span class="s">&quot;264&quot;</span> <span class="na">curr_loc=</span><span class="s">&quot;18&quot;</span> <span class="na">changed=</span><span class="s">&quot;1&quot;</span> <span class="na">churn=</span><span class="s">&quot;18&quot;</span> <span class="nt">/&gt;</span></div><div class='line' id='LC2655'>&nbsp;&nbsp;&nbsp;&nbsp;&nbsp;&nbsp;&nbsp;&nbsp;&nbsp;&nbsp;<span class="nt">&lt;version</span> <span class="na">num=</span><span class="s">&quot;271&quot;</span> <span class="na">curr_loc=</span><span class="s">&quot;18&quot;</span> <span class="na">changed=</span><span class="s">&quot;1&quot;</span> <span class="na">churn=</span><span class="s">&quot;18&quot;</span> <span class="nt">/&gt;</span></div><div class='line' id='LC2656'>&nbsp;&nbsp;&nbsp;&nbsp;&nbsp;&nbsp;&nbsp;&nbsp;&nbsp;&nbsp;<span class="nt">&lt;version</span> <span class="na">num=</span><span class="s">&quot;272&quot;</span> <span class="na">curr_loc=</span><span class="s">&quot;18&quot;</span> <span class="na">changed=</span><span class="s">&quot;1&quot;</span> <span class="na">churn=</span><span class="s">&quot;18&quot;</span> <span class="nt">/&gt;</span></div><div class='line' id='LC2657'>&nbsp;&nbsp;&nbsp;&nbsp;&nbsp;&nbsp;&nbsp;&nbsp;&nbsp;&nbsp;<span class="nt">&lt;version</span> <span class="na">num=</span><span class="s">&quot;273&quot;</span> <span class="na">curr_loc=</span><span class="s">&quot;18&quot;</span> <span class="na">changed=</span><span class="s">&quot;1&quot;</span> <span class="na">churn=</span><span class="s">&quot;18&quot;</span> <span class="nt">/&gt;</span></div><div class='line' id='LC2658'>&nbsp;&nbsp;&nbsp;&nbsp;&nbsp;&nbsp;&nbsp;&nbsp;&nbsp;&nbsp;<span class="nt">&lt;version</span> <span class="na">num=</span><span class="s">&quot;274&quot;</span> <span class="na">curr_loc=</span><span class="s">&quot;18&quot;</span> <span class="na">changed=</span><span class="s">&quot;1&quot;</span> <span class="na">churn=</span><span class="s">&quot;18&quot;</span> <span class="nt">/&gt;</span></div><div class='line' id='LC2659'>&nbsp;&nbsp;&nbsp;&nbsp;&nbsp;&nbsp;&nbsp;&nbsp;&nbsp;&nbsp;<span class="nt">&lt;version</span> <span class="na">num=</span><span class="s">&quot;294&quot;</span> <span class="na">curr_loc=</span><span class="s">&quot;18&quot;</span> <span class="na">changed=</span><span class="s">&quot;1&quot;</span> <span class="na">churn=</span><span class="s">&quot;18&quot;</span> <span class="nt">/&gt;</span></div><div class='line' id='LC2660'>&nbsp;&nbsp;&nbsp;&nbsp;&nbsp;&nbsp;&nbsp;&nbsp;&nbsp;&nbsp;<span class="nt">&lt;version</span> <span class="na">num=</span><span class="s">&quot;301&quot;</span> <span class="na">curr_loc=</span><span class="s">&quot;18&quot;</span> <span class="na">changed=</span><span class="s">&quot;1&quot;</span> <span class="na">churn=</span><span class="s">&quot;18&quot;</span> <span class="nt">/&gt;</span></div><div class='line' id='LC2661'>&nbsp;&nbsp;&nbsp;&nbsp;&nbsp;&nbsp;&nbsp;&nbsp;&nbsp;&nbsp;<span class="nt">&lt;version</span> <span class="na">num=</span><span class="s">&quot;312&quot;</span> <span class="na">curr_loc=</span><span class="s">&quot;18&quot;</span> <span class="na">changed=</span><span class="s">&quot;1&quot;</span> <span class="na">churn=</span><span class="s">&quot;18&quot;</span> <span class="nt">/&gt;</span></div><div class='line' id='LC2662'>&nbsp;&nbsp;&nbsp;&nbsp;&nbsp;&nbsp;&nbsp;&nbsp;&nbsp;&nbsp;<span class="nt">&lt;version</span> <span class="na">num=</span><span class="s">&quot;333&quot;</span> <span class="na">curr_loc=</span><span class="s">&quot;18&quot;</span> <span class="na">changed=</span><span class="s">&quot;1&quot;</span> <span class="na">churn=</span><span class="s">&quot;18&quot;</span> <span class="nt">/&gt;</span></div><div class='line' id='LC2663'>&nbsp;&nbsp;&nbsp;&nbsp;&nbsp;&nbsp;&nbsp;&nbsp;&nbsp;&nbsp;<span class="nt">&lt;version</span> <span class="na">num=</span><span class="s">&quot;337&quot;</span> <span class="na">curr_loc=</span><span class="s">&quot;18&quot;</span> <span class="na">changed=</span><span class="s">&quot;1&quot;</span> <span class="na">churn=</span><span class="s">&quot;18&quot;</span> <span class="nt">/&gt;</span></div><div class='line' id='LC2664'>&nbsp;&nbsp;&nbsp;&nbsp;&nbsp;&nbsp;&nbsp;&nbsp;&nbsp;&nbsp;<span class="nt">&lt;version</span> <span class="na">num=</span><span class="s">&quot;347&quot;</span> <span class="na">curr_loc=</span><span class="s">&quot;18&quot;</span> <span class="na">changed=</span><span class="s">&quot;1&quot;</span> <span class="na">churn=</span><span class="s">&quot;18&quot;</span> <span class="nt">/&gt;</span></div><div class='line' id='LC2665'>&nbsp;&nbsp;&nbsp;&nbsp;&nbsp;&nbsp;&nbsp;&nbsp;&nbsp;&nbsp;<span class="nt">&lt;version</span> <span class="na">num=</span><span class="s">&quot;349&quot;</span> <span class="na">curr_loc=</span><span class="s">&quot;18&quot;</span> <span class="na">changed=</span><span class="s">&quot;1&quot;</span> <span class="na">churn=</span><span class="s">&quot;18&quot;</span> <span class="nt">/&gt;</span></div><div class='line' id='LC2666'>&nbsp;&nbsp;&nbsp;&nbsp;&nbsp;&nbsp;&nbsp;&nbsp;&nbsp;&nbsp;<span class="nt">&lt;version</span> <span class="na">num=</span><span class="s">&quot;354&quot;</span> <span class="na">curr_loc=</span><span class="s">&quot;18&quot;</span> <span class="na">changed=</span><span class="s">&quot;1&quot;</span> <span class="na">churn=</span><span class="s">&quot;18&quot;</span> <span class="nt">/&gt;</span></div><div class='line' id='LC2667'>&nbsp;&nbsp;&nbsp;&nbsp;&nbsp;&nbsp;&nbsp;&nbsp;&nbsp;&nbsp;<span class="nt">&lt;version</span> <span class="na">num=</span><span class="s">&quot;357&quot;</span> <span class="na">curr_loc=</span><span class="s">&quot;18&quot;</span> <span class="na">changed=</span><span class="s">&quot;1&quot;</span> <span class="na">churn=</span><span class="s">&quot;18&quot;</span> <span class="nt">/&gt;</span></div><div class='line' id='LC2668'>&nbsp;&nbsp;&nbsp;&nbsp;&nbsp;&nbsp;&nbsp;&nbsp;&nbsp;&nbsp;<span class="nt">&lt;version</span> <span class="na">num=</span><span class="s">&quot;361&quot;</span> <span class="na">curr_loc=</span><span class="s">&quot;18&quot;</span> <span class="na">changed=</span><span class="s">&quot;1&quot;</span> <span class="na">churn=</span><span class="s">&quot;18&quot;</span> <span class="nt">/&gt;</span></div><div class='line' id='LC2669'>&nbsp;&nbsp;&nbsp;&nbsp;&nbsp;&nbsp;&nbsp;&nbsp;&nbsp;&nbsp;<span class="nt">&lt;version</span> <span class="na">num=</span><span class="s">&quot;365&quot;</span> <span class="na">curr_loc=</span><span class="s">&quot;18&quot;</span> <span class="na">changed=</span><span class="s">&quot;1&quot;</span> <span class="na">churn=</span><span class="s">&quot;18&quot;</span> <span class="nt">/&gt;</span></div><div class='line' id='LC2670'>&nbsp;&nbsp;&nbsp;&nbsp;&nbsp;&nbsp;&nbsp;&nbsp;&nbsp;&nbsp;<span class="nt">&lt;version</span> <span class="na">num=</span><span class="s">&quot;368&quot;</span> <span class="na">curr_loc=</span><span class="s">&quot;18&quot;</span> <span class="na">changed=</span><span class="s">&quot;1&quot;</span> <span class="na">churn=</span><span class="s">&quot;18&quot;</span> <span class="nt">/&gt;</span></div><div class='line' id='LC2671'>&nbsp;&nbsp;&nbsp;&nbsp;&nbsp;&nbsp;&nbsp;&nbsp;&nbsp;&nbsp;<span class="nt">&lt;version</span> <span class="na">num=</span><span class="s">&quot;373&quot;</span> <span class="na">curr_loc=</span><span class="s">&quot;18&quot;</span> <span class="na">changed=</span><span class="s">&quot;1&quot;</span> <span class="na">churn=</span><span class="s">&quot;18&quot;</span> <span class="nt">/&gt;</span></div><div class='line' id='LC2672'>&nbsp;&nbsp;&nbsp;&nbsp;&nbsp;&nbsp;&nbsp;&nbsp;&nbsp;&nbsp;<span class="nt">&lt;version</span> <span class="na">num=</span><span class="s">&quot;377&quot;</span> <span class="na">curr_loc=</span><span class="s">&quot;18&quot;</span> <span class="na">changed=</span><span class="s">&quot;1&quot;</span> <span class="na">churn=</span><span class="s">&quot;18&quot;</span> <span class="nt">/&gt;</span></div><div class='line' id='LC2673'>&nbsp;&nbsp;&nbsp;&nbsp;&nbsp;&nbsp;&nbsp;&nbsp;&nbsp;&nbsp;<span class="nt">&lt;version</span> <span class="na">num=</span><span class="s">&quot;437&quot;</span> <span class="na">curr_loc=</span><span class="s">&quot;18&quot;</span> <span class="na">changed=</span><span class="s">&quot;1&quot;</span> <span class="na">churn=</span><span class="s">&quot;18&quot;</span> <span class="nt">/&gt;</span></div><div class='line' id='LC2674'>&nbsp;&nbsp;&nbsp;&nbsp;&nbsp;&nbsp;&nbsp;&nbsp;<span class="nt">&lt;/class&gt;</span></div><div class='line' id='LC2675'>&nbsp;&nbsp;&nbsp;&nbsp;&nbsp;&nbsp;&nbsp;&nbsp;<span class="nt">&lt;class</span> <span class="na">name=</span><span class="s">&quot;BaseTestRunner&quot;</span> <span class="na">type=</span><span class="s">&quot;AbstractClass&quot;</span> <span class="na">maxLoc=</span><span class="s">&quot;319&quot;</span><span class="nt">&gt;</span></div><div class='line' id='LC2676'>&nbsp;&nbsp;&nbsp;&nbsp;&nbsp;&nbsp;&nbsp;&nbsp;&nbsp;&nbsp;<span class="nt">&lt;version</span> <span class="na">num=</span><span class="s">&quot;266&quot;</span> <span class="na">curr_loc=</span><span class="s">&quot;318&quot;</span> <span class="na">changed=</span><span class="s">&quot;1&quot;</span> <span class="na">churn=</span><span class="s">&quot;318&quot;</span> <span class="nt">/&gt;</span></div><div class='line' id='LC2677'>&nbsp;&nbsp;&nbsp;&nbsp;&nbsp;&nbsp;&nbsp;&nbsp;&nbsp;&nbsp;<span class="nt">&lt;version</span> <span class="na">num=</span><span class="s">&quot;437&quot;</span> <span class="na">curr_loc=</span><span class="s">&quot;319&quot;</span> <span class="na">changed=</span><span class="s">&quot;1&quot;</span> <span class="na">churn=</span><span class="s">&quot;319&quot;</span> <span class="nt">/&gt;</span></div><div class='line' id='LC2678'>&nbsp;&nbsp;&nbsp;&nbsp;&nbsp;&nbsp;&nbsp;&nbsp;<span class="nt">&lt;/class&gt;</span></div><div class='line' id='LC2679'>&nbsp;&nbsp;&nbsp;&nbsp;&nbsp;&nbsp;&nbsp;&nbsp;<span class="nt">&lt;class</span> <span class="na">name=</span><span class="s">&quot;TestRunListener&quot;</span> <span class="na">type=</span><span class="s">&quot;Interface&quot;</span> <span class="na">maxLoc=</span><span class="s">&quot;19&quot;</span><span class="nt">&gt;</span></div><div class='line' id='LC2680'>&nbsp;&nbsp;&nbsp;&nbsp;&nbsp;&nbsp;&nbsp;&nbsp;&nbsp;&nbsp;<span class="nt">&lt;version</span> <span class="na">num=</span><span class="s">&quot;437&quot;</span> <span class="na">curr_loc=</span><span class="s">&quot;19&quot;</span> <span class="na">changed=</span><span class="s">&quot;1&quot;</span> <span class="na">churn=</span><span class="s">&quot;19&quot;</span> <span class="nt">/&gt;</span></div><div class='line' id='LC2681'>&nbsp;&nbsp;&nbsp;&nbsp;&nbsp;&nbsp;&nbsp;&nbsp;<span class="nt">&lt;/class&gt;</span></div><div class='line' id='LC2682'>&nbsp;&nbsp;&nbsp;&nbsp;&nbsp;&nbsp;&nbsp;&nbsp;<span class="nt">&lt;class</span> <span class="na">name=</span><span class="s">&quot;package-info&quot;</span> <span class="na">type=</span><span class="s">&quot;ConcreteClass&quot;</span> <span class="na">maxLoc=</span><span class="s">&quot;4&quot;</span><span class="nt">&gt;</span></div><div class='line' id='LC2683'>&nbsp;&nbsp;&nbsp;&nbsp;&nbsp;&nbsp;&nbsp;&nbsp;&nbsp;&nbsp;<span class="nt">&lt;version</span> <span class="na">num=</span><span class="s">&quot;437&quot;</span> <span class="na">curr_loc=</span><span class="s">&quot;4&quot;</span> <span class="na">changed=</span><span class="s">&quot;1&quot;</span> <span class="na">churn=</span><span class="s">&quot;4&quot;</span> <span class="nt">/&gt;</span></div><div class='line' id='LC2684'>&nbsp;&nbsp;&nbsp;&nbsp;&nbsp;&nbsp;&nbsp;&nbsp;<span class="nt">&lt;/class&gt;</span></div><div class='line' id='LC2685'>&nbsp;&nbsp;&nbsp;&nbsp;&nbsp;&nbsp;<span class="nt">&lt;/package&gt;</span></div><div class='line' id='LC2686'>&nbsp;&nbsp;&nbsp;&nbsp;&nbsp;&nbsp;<span class="nt">&lt;package</span> <span class="na">name=</span><span class="s">&quot;framework&quot;</span><span class="nt">&gt;</span></div><div class='line' id='LC2687'>&nbsp;&nbsp;&nbsp;&nbsp;&nbsp;&nbsp;&nbsp;&nbsp;<span class="nt">&lt;class</span> <span class="na">name=</span><span class="s">&quot;Assert&quot;</span> <span class="na">type=</span><span class="s">&quot;ConcreteClass&quot;</span> <span class="na">maxLoc=</span><span class="s">&quot;296&quot;</span><span class="nt">&gt;</span></div><div class='line' id='LC2688'>&nbsp;&nbsp;&nbsp;&nbsp;&nbsp;&nbsp;&nbsp;&nbsp;&nbsp;&nbsp;<span class="nt">&lt;version</span> <span class="na">num=</span><span class="s">&quot;12&quot;</span> <span class="na">curr_loc=</span><span class="s">&quot;296&quot;</span> <span class="na">changed=</span><span class="s">&quot;1&quot;</span> <span class="na">churn=</span><span class="s">&quot;296&quot;</span> <span class="nt">/&gt;</span></div><div class='line' id='LC2689'>&nbsp;&nbsp;&nbsp;&nbsp;&nbsp;&nbsp;&nbsp;&nbsp;&nbsp;&nbsp;<span class="nt">&lt;version</span> <span class="na">num=</span><span class="s">&quot;90&quot;</span> <span class="na">curr_loc=</span><span class="s">&quot;292&quot;</span> <span class="na">changed=</span><span class="s">&quot;1&quot;</span> <span class="na">churn=</span><span class="s">&quot;300&quot;</span> <span class="nt">/&gt;</span></div><div class='line' id='LC2690'>&nbsp;&nbsp;&nbsp;&nbsp;&nbsp;&nbsp;&nbsp;&nbsp;&nbsp;&nbsp;<span class="nt">&lt;version</span> <span class="na">num=</span><span class="s">&quot;98&quot;</span> <span class="na">curr_loc=</span><span class="s">&quot;292&quot;</span> <span class="na">changed=</span><span class="s">&quot;1&quot;</span> <span class="na">churn=</span><span class="s">&quot;300&quot;</span> <span class="nt">/&gt;</span></div><div class='line' id='LC2691'>&nbsp;&nbsp;&nbsp;&nbsp;&nbsp;&nbsp;&nbsp;&nbsp;&nbsp;&nbsp;<span class="nt">&lt;version</span> <span class="na">num=</span><span class="s">&quot;111&quot;</span> <span class="na">curr_loc=</span><span class="s">&quot;292&quot;</span> <span class="na">changed=</span><span class="s">&quot;1&quot;</span> <span class="na">churn=</span><span class="s">&quot;300&quot;</span> <span class="nt">/&gt;</span></div><div class='line' id='LC2692'>&nbsp;&nbsp;&nbsp;&nbsp;&nbsp;&nbsp;&nbsp;&nbsp;&nbsp;&nbsp;<span class="nt">&lt;version</span> <span class="na">num=</span><span class="s">&quot;437&quot;</span> <span class="na">curr_loc=</span><span class="s">&quot;286&quot;</span> <span class="na">changed=</span><span class="s">&quot;1&quot;</span> <span class="na">churn=</span><span class="s">&quot;306&quot;</span> <span class="nt">/&gt;</span></div><div class='line' id='LC2693'>&nbsp;&nbsp;&nbsp;&nbsp;&nbsp;&nbsp;&nbsp;&nbsp;<span class="nt">&lt;/class&gt;</span></div><div class='line' id='LC2694'>&nbsp;&nbsp;&nbsp;&nbsp;&nbsp;&nbsp;&nbsp;&nbsp;<span class="nt">&lt;class</span> <span class="na">name=</span><span class="s">&quot;JUnit4TestAdapter&quot;</span> <span class="na">type=</span><span class="s">&quot;ConcreteClass&quot;</span> <span class="na">maxLoc=</span><span class="s">&quot;87&quot;</span><span class="nt">&gt;</span></div><div class='line' id='LC2695'>&nbsp;&nbsp;&nbsp;&nbsp;&nbsp;&nbsp;&nbsp;&nbsp;&nbsp;&nbsp;<span class="nt">&lt;version</span> <span class="na">num=</span><span class="s">&quot;47&quot;</span> <span class="na">curr_loc=</span><span class="s">&quot;85&quot;</span> <span class="na">changed=</span><span class="s">&quot;1&quot;</span> <span class="na">churn=</span><span class="s">&quot;85&quot;</span> <span class="nt">/&gt;</span></div><div class='line' id='LC2696'>&nbsp;&nbsp;&nbsp;&nbsp;&nbsp;&nbsp;&nbsp;&nbsp;&nbsp;&nbsp;<span class="nt">&lt;version</span> <span class="na">num=</span><span class="s">&quot;54&quot;</span> <span class="na">curr_loc=</span><span class="s">&quot;85&quot;</span> <span class="na">changed=</span><span class="s">&quot;1&quot;</span> <span class="na">churn=</span><span class="s">&quot;85&quot;</span> <span class="nt">/&gt;</span></div><div class='line' id='LC2697'>&nbsp;&nbsp;&nbsp;&nbsp;&nbsp;&nbsp;&nbsp;&nbsp;&nbsp;&nbsp;<span class="nt">&lt;version</span> <span class="na">num=</span><span class="s">&quot;62&quot;</span> <span class="na">curr_loc=</span><span class="s">&quot;85&quot;</span> <span class="na">changed=</span><span class="s">&quot;1&quot;</span> <span class="na">churn=</span><span class="s">&quot;85&quot;</span> <span class="nt">/&gt;</span></div><div class='line' id='LC2698'>&nbsp;&nbsp;&nbsp;&nbsp;&nbsp;&nbsp;&nbsp;&nbsp;&nbsp;&nbsp;<span class="nt">&lt;version</span> <span class="na">num=</span><span class="s">&quot;71&quot;</span> <span class="na">curr_loc=</span><span class="s">&quot;86&quot;</span> <span class="na">changed=</span><span class="s">&quot;1&quot;</span> <span class="na">churn=</span><span class="s">&quot;86&quot;</span> <span class="nt">/&gt;</span></div><div class='line' id='LC2699'>&nbsp;&nbsp;&nbsp;&nbsp;&nbsp;&nbsp;&nbsp;&nbsp;&nbsp;&nbsp;<span class="nt">&lt;version</span> <span class="na">num=</span><span class="s">&quot;75&quot;</span> <span class="na">curr_loc=</span><span class="s">&quot;86&quot;</span> <span class="na">changed=</span><span class="s">&quot;1&quot;</span> <span class="na">churn=</span><span class="s">&quot;86&quot;</span> <span class="nt">/&gt;</span></div><div class='line' id='LC2700'>&nbsp;&nbsp;&nbsp;&nbsp;&nbsp;&nbsp;&nbsp;&nbsp;&nbsp;&nbsp;<span class="nt">&lt;version</span> <span class="na">num=</span><span class="s">&quot;77&quot;</span> <span class="na">curr_loc=</span><span class="s">&quot;87&quot;</span> <span class="na">changed=</span><span class="s">&quot;1&quot;</span> <span class="na">churn=</span><span class="s">&quot;87&quot;</span> <span class="nt">/&gt;</span></div><div class='line' id='LC2701'>&nbsp;&nbsp;&nbsp;&nbsp;&nbsp;&nbsp;&nbsp;&nbsp;&nbsp;&nbsp;<span class="nt">&lt;version</span> <span class="na">num=</span><span class="s">&quot;78&quot;</span> <span class="na">curr_loc=</span><span class="s">&quot;86&quot;</span> <span class="na">changed=</span><span class="s">&quot;1&quot;</span> <span class="na">churn=</span><span class="s">&quot;88&quot;</span> <span class="nt">/&gt;</span></div><div class='line' id='LC2702'>&nbsp;&nbsp;&nbsp;&nbsp;&nbsp;&nbsp;&nbsp;&nbsp;&nbsp;&nbsp;<span class="nt">&lt;version</span> <span class="na">num=</span><span class="s">&quot;81&quot;</span> <span class="na">curr_loc=</span><span class="s">&quot;87&quot;</span> <span class="na">changed=</span><span class="s">&quot;1&quot;</span> <span class="na">churn=</span><span class="s">&quot;89&quot;</span> <span class="nt">/&gt;</span></div><div class='line' id='LC2703'>&nbsp;&nbsp;&nbsp;&nbsp;&nbsp;&nbsp;&nbsp;&nbsp;&nbsp;&nbsp;<span class="nt">&lt;version</span> <span class="na">num=</span><span class="s">&quot;437&quot;</span> <span class="na">curr_loc=</span><span class="s">&quot;53&quot;</span> <span class="na">changed=</span><span class="s">&quot;1&quot;</span> <span class="na">churn=</span><span class="s">&quot;123&quot;</span> <span class="nt">/&gt;</span></div><div class='line' id='LC2704'>&nbsp;&nbsp;&nbsp;&nbsp;&nbsp;&nbsp;&nbsp;&nbsp;<span class="nt">&lt;/class&gt;</span></div><div class='line' id='LC2705'>&nbsp;&nbsp;&nbsp;&nbsp;&nbsp;&nbsp;&nbsp;&nbsp;<span class="nt">&lt;class</span> <span class="na">name=</span><span class="s">&quot;TestSuite&quot;</span> <span class="na">type=</span><span class="s">&quot;ConcreteClass&quot;</span> <span class="na">maxLoc=</span><span class="s">&quot;307&quot;</span><span class="nt">&gt;</span></div><div class='line' id='LC2706'>&nbsp;&nbsp;&nbsp;&nbsp;&nbsp;&nbsp;&nbsp;&nbsp;&nbsp;&nbsp;<span class="nt">&lt;version</span> <span class="na">num=</span><span class="s">&quot;49&quot;</span> <span class="na">curr_loc=</span><span class="s">&quot;307&quot;</span> <span class="na">changed=</span><span class="s">&quot;1&quot;</span> <span class="na">churn=</span><span class="s">&quot;307&quot;</span> <span class="nt">/&gt;</span></div><div class='line' id='LC2707'>&nbsp;&nbsp;&nbsp;&nbsp;&nbsp;&nbsp;&nbsp;&nbsp;&nbsp;&nbsp;<span class="nt">&lt;version</span> <span class="na">num=</span><span class="s">&quot;57&quot;</span> <span class="na">curr_loc=</span><span class="s">&quot;307&quot;</span> <span class="na">changed=</span><span class="s">&quot;1&quot;</span> <span class="na">churn=</span><span class="s">&quot;307&quot;</span> <span class="nt">/&gt;</span></div><div class='line' id='LC2708'>&nbsp;&nbsp;&nbsp;&nbsp;&nbsp;&nbsp;&nbsp;&nbsp;&nbsp;&nbsp;<span class="nt">&lt;version</span> <span class="na">num=</span><span class="s">&quot;58&quot;</span> <span class="na">curr_loc=</span><span class="s">&quot;307&quot;</span> <span class="na">changed=</span><span class="s">&quot;1&quot;</span> <span class="na">churn=</span><span class="s">&quot;307&quot;</span> <span class="nt">/&gt;</span></div><div class='line' id='LC2709'>&nbsp;&nbsp;&nbsp;&nbsp;&nbsp;&nbsp;&nbsp;&nbsp;&nbsp;&nbsp;<span class="nt">&lt;version</span> <span class="na">num=</span><span class="s">&quot;251&quot;</span> <span class="na">curr_loc=</span><span class="s">&quot;296&quot;</span> <span class="na">changed=</span><span class="s">&quot;1&quot;</span> <span class="na">churn=</span><span class="s">&quot;318&quot;</span> <span class="nt">/&gt;</span></div><div class='line' id='LC2710'>&nbsp;&nbsp;&nbsp;&nbsp;&nbsp;&nbsp;&nbsp;&nbsp;&nbsp;&nbsp;<span class="nt">&lt;version</span> <span class="na">num=</span><span class="s">&quot;437&quot;</span> <span class="na">curr_loc=</span><span class="s">&quot;296&quot;</span> <span class="na">changed=</span><span class="s">&quot;1&quot;</span> <span class="na">churn=</span><span class="s">&quot;318&quot;</span> <span class="nt">/&gt;</span></div><div class='line' id='LC2711'>&nbsp;&nbsp;&nbsp;&nbsp;&nbsp;&nbsp;&nbsp;&nbsp;<span class="nt">&lt;/class&gt;</span></div><div class='line' id='LC2712'>&nbsp;&nbsp;&nbsp;&nbsp;&nbsp;&nbsp;&nbsp;&nbsp;<span class="nt">&lt;class</span> <span class="na">name=</span><span class="s">&quot;JUnit4TestAdapterCache&quot;</span> <span class="na">type=</span><span class="s">&quot;ConcreteClass&quot;</span> <span class="na">maxLoc=</span><span class="s">&quot;93&quot;</span><span class="nt">&gt;</span></div><div class='line' id='LC2713'>&nbsp;&nbsp;&nbsp;&nbsp;&nbsp;&nbsp;&nbsp;&nbsp;&nbsp;&nbsp;<span class="nt">&lt;version</span> <span class="na">num=</span><span class="s">&quot;54&quot;</span> <span class="na">curr_loc=</span><span class="s">&quot;81&quot;</span> <span class="na">changed=</span><span class="s">&quot;1&quot;</span> <span class="na">churn=</span><span class="s">&quot;81&quot;</span> <span class="nt">/&gt;</span></div><div class='line' id='LC2714'>&nbsp;&nbsp;&nbsp;&nbsp;&nbsp;&nbsp;&nbsp;&nbsp;&nbsp;&nbsp;<span class="nt">&lt;version</span> <span class="na">num=</span><span class="s">&quot;62&quot;</span> <span class="na">curr_loc=</span><span class="s">&quot;81&quot;</span> <span class="na">changed=</span><span class="s">&quot;1&quot;</span> <span class="na">churn=</span><span class="s">&quot;81&quot;</span> <span class="nt">/&gt;</span></div><div class='line' id='LC2715'>&nbsp;&nbsp;&nbsp;&nbsp;&nbsp;&nbsp;&nbsp;&nbsp;&nbsp;&nbsp;<span class="nt">&lt;version</span> <span class="na">num=</span><span class="s">&quot;76&quot;</span> <span class="na">curr_loc=</span><span class="s">&quot;90&quot;</span> <span class="na">changed=</span><span class="s">&quot;1&quot;</span> <span class="na">churn=</span><span class="s">&quot;90&quot;</span> <span class="nt">/&gt;</span></div><div class='line' id='LC2716'>&nbsp;&nbsp;&nbsp;&nbsp;&nbsp;&nbsp;&nbsp;&nbsp;&nbsp;&nbsp;<span class="nt">&lt;version</span> <span class="na">num=</span><span class="s">&quot;77&quot;</span> <span class="na">curr_loc=</span><span class="s">&quot;93&quot;</span> <span class="na">changed=</span><span class="s">&quot;1&quot;</span> <span class="na">churn=</span><span class="s">&quot;93&quot;</span> <span class="nt">/&gt;</span></div><div class='line' id='LC2717'>&nbsp;&nbsp;&nbsp;&nbsp;&nbsp;&nbsp;&nbsp;&nbsp;&nbsp;&nbsp;<span class="nt">&lt;version</span> <span class="na">num=</span><span class="s">&quot;81&quot;</span> <span class="na">curr_loc=</span><span class="s">&quot;92&quot;</span> <span class="na">changed=</span><span class="s">&quot;1&quot;</span> <span class="na">churn=</span><span class="s">&quot;94&quot;</span> <span class="nt">/&gt;</span></div><div class='line' id='LC2718'>&nbsp;&nbsp;&nbsp;&nbsp;&nbsp;&nbsp;&nbsp;&nbsp;&nbsp;&nbsp;<span class="nt">&lt;version</span> <span class="na">num=</span><span class="s">&quot;437&quot;</span> <span class="na">curr_loc=</span><span class="s">&quot;81&quot;</span> <span class="na">changed=</span><span class="s">&quot;1&quot;</span> <span class="na">churn=</span><span class="s">&quot;105&quot;</span> <span class="nt">/&gt;</span></div><div class='line' id='LC2719'>&nbsp;&nbsp;&nbsp;&nbsp;&nbsp;&nbsp;&nbsp;&nbsp;<span class="nt">&lt;/class&gt;</span></div><div class='line' id='LC2720'>&nbsp;&nbsp;&nbsp;&nbsp;&nbsp;&nbsp;&nbsp;&nbsp;<span class="nt">&lt;class</span> <span class="na">name=</span><span class="s">&quot;AssertionFailedError&quot;</span> <span class="na">type=</span><span class="s">&quot;ConcreteClass&quot;</span> <span class="na">maxLoc=</span><span class="s">&quot;16&quot;</span><span class="nt">&gt;</span></div><div class='line' id='LC2721'>&nbsp;&nbsp;&nbsp;&nbsp;&nbsp;&nbsp;&nbsp;&nbsp;&nbsp;&nbsp;<span class="nt">&lt;version</span> <span class="na">num=</span><span class="s">&quot;437&quot;</span> <span class="na">curr_loc=</span><span class="s">&quot;16&quot;</span> <span class="na">changed=</span><span class="s">&quot;1&quot;</span> <span class="na">churn=</span><span class="s">&quot;16&quot;</span> <span class="nt">/&gt;</span></div><div class='line' id='LC2722'>&nbsp;&nbsp;&nbsp;&nbsp;&nbsp;&nbsp;&nbsp;&nbsp;<span class="nt">&lt;/class&gt;</span></div><div class='line' id='LC2723'>&nbsp;&nbsp;&nbsp;&nbsp;&nbsp;&nbsp;&nbsp;&nbsp;<span class="nt">&lt;class</span> <span class="na">name=</span><span class="s">&quot;ComparisonCompactor&quot;</span> <span class="na">type=</span><span class="s">&quot;ConcreteClass&quot;</span> <span class="na">maxLoc=</span><span class="s">&quot;72&quot;</span><span class="nt">&gt;</span></div><div class='line' id='LC2724'>&nbsp;&nbsp;&nbsp;&nbsp;&nbsp;&nbsp;&nbsp;&nbsp;&nbsp;&nbsp;<span class="nt">&lt;version</span> <span class="na">num=</span><span class="s">&quot;437&quot;</span> <span class="na">curr_loc=</span><span class="s">&quot;72&quot;</span> <span class="na">changed=</span><span class="s">&quot;1&quot;</span> <span class="na">churn=</span><span class="s">&quot;72&quot;</span> <span class="nt">/&gt;</span></div><div class='line' id='LC2725'>&nbsp;&nbsp;&nbsp;&nbsp;&nbsp;&nbsp;&nbsp;&nbsp;<span class="nt">&lt;/class&gt;</span></div><div class='line' id='LC2726'>&nbsp;&nbsp;&nbsp;&nbsp;&nbsp;&nbsp;&nbsp;&nbsp;<span class="nt">&lt;class</span> <span class="na">name=</span><span class="s">&quot;ComparisonFailure&quot;</span> <span class="na">type=</span><span class="s">&quot;ConcreteClass&quot;</span> <span class="na">maxLoc=</span><span class="s">&quot;52&quot;</span><span class="nt">&gt;</span></div><div class='line' id='LC2727'>&nbsp;&nbsp;&nbsp;&nbsp;&nbsp;&nbsp;&nbsp;&nbsp;&nbsp;&nbsp;<span class="nt">&lt;version</span> <span class="na">num=</span><span class="s">&quot;437&quot;</span> <span class="na">curr_loc=</span><span class="s">&quot;52&quot;</span> <span class="na">changed=</span><span class="s">&quot;1&quot;</span> <span class="na">churn=</span><span class="s">&quot;52&quot;</span> <span class="nt">/&gt;</span></div><div class='line' id='LC2728'>&nbsp;&nbsp;&nbsp;&nbsp;&nbsp;&nbsp;&nbsp;&nbsp;<span class="nt">&lt;/class&gt;</span></div><div class='line' id='LC2729'>&nbsp;&nbsp;&nbsp;&nbsp;&nbsp;&nbsp;&nbsp;&nbsp;<span class="nt">&lt;class</span> <span class="na">name=</span><span class="s">&quot;JUnit4TestCaseFacade&quot;</span> <span class="na">type=</span><span class="s">&quot;ConcreteClass&quot;</span> <span class="na">maxLoc=</span><span class="s">&quot;32&quot;</span><span class="nt">&gt;</span></div><div class='line' id='LC2730'>&nbsp;&nbsp;&nbsp;&nbsp;&nbsp;&nbsp;&nbsp;&nbsp;&nbsp;&nbsp;<span class="nt">&lt;version</span> <span class="na">num=</span><span class="s">&quot;437&quot;</span> <span class="na">curr_loc=</span><span class="s">&quot;32&quot;</span> <span class="na">changed=</span><span class="s">&quot;1&quot;</span> <span class="na">churn=</span><span class="s">&quot;32&quot;</span> <span class="nt">/&gt;</span></div><div class='line' id='LC2731'>&nbsp;&nbsp;&nbsp;&nbsp;&nbsp;&nbsp;&nbsp;&nbsp;<span class="nt">&lt;/class&gt;</span></div><div class='line' id='LC2732'>&nbsp;&nbsp;&nbsp;&nbsp;&nbsp;&nbsp;&nbsp;&nbsp;<span class="nt">&lt;class</span> <span class="na">name=</span><span class="s">&quot;Protectable&quot;</span> <span class="na">type=</span><span class="s">&quot;Interface&quot;</span> <span class="na">maxLoc=</span><span class="s">&quot;14&quot;</span><span class="nt">&gt;</span></div><div class='line' id='LC2733'>&nbsp;&nbsp;&nbsp;&nbsp;&nbsp;&nbsp;&nbsp;&nbsp;&nbsp;&nbsp;<span class="nt">&lt;version</span> <span class="na">num=</span><span class="s">&quot;437&quot;</span> <span class="na">curr_loc=</span><span class="s">&quot;14&quot;</span> <span class="na">changed=</span><span class="s">&quot;1&quot;</span> <span class="na">churn=</span><span class="s">&quot;14&quot;</span> <span class="nt">/&gt;</span></div><div class='line' id='LC2734'>&nbsp;&nbsp;&nbsp;&nbsp;&nbsp;&nbsp;&nbsp;&nbsp;<span class="nt">&lt;/class&gt;</span></div><div class='line' id='LC2735'>&nbsp;&nbsp;&nbsp;&nbsp;&nbsp;&nbsp;&nbsp;&nbsp;<span class="nt">&lt;class</span> <span class="na">name=</span><span class="s">&quot;Test&quot;</span> <span class="na">type=</span><span class="s">&quot;Interface&quot;</span> <span class="na">maxLoc=</span><span class="s">&quot;17&quot;</span><span class="nt">&gt;</span></div><div class='line' id='LC2736'>&nbsp;&nbsp;&nbsp;&nbsp;&nbsp;&nbsp;&nbsp;&nbsp;&nbsp;&nbsp;<span class="nt">&lt;version</span> <span class="na">num=</span><span class="s">&quot;437&quot;</span> <span class="na">curr_loc=</span><span class="s">&quot;17&quot;</span> <span class="na">changed=</span><span class="s">&quot;1&quot;</span> <span class="na">churn=</span><span class="s">&quot;17&quot;</span> <span class="nt">/&gt;</span></div><div class='line' id='LC2737'>&nbsp;&nbsp;&nbsp;&nbsp;&nbsp;&nbsp;&nbsp;&nbsp;<span class="nt">&lt;/class&gt;</span></div><div class='line' id='LC2738'>&nbsp;&nbsp;&nbsp;&nbsp;&nbsp;&nbsp;&nbsp;&nbsp;<span class="nt">&lt;class</span> <span class="na">name=</span><span class="s">&quot;TestCase&quot;</span> <span class="na">type=</span><span class="s">&quot;AbstractClass&quot;</span> <span class="na">maxLoc=</span><span class="s">&quot;212&quot;</span><span class="nt">&gt;</span></div><div class='line' id='LC2739'>&nbsp;&nbsp;&nbsp;&nbsp;&nbsp;&nbsp;&nbsp;&nbsp;&nbsp;&nbsp;<span class="nt">&lt;version</span> <span class="na">num=</span><span class="s">&quot;437&quot;</span> <span class="na">curr_loc=</span><span class="s">&quot;212&quot;</span> <span class="na">changed=</span><span class="s">&quot;1&quot;</span> <span class="na">churn=</span><span class="s">&quot;212&quot;</span> <span class="nt">/&gt;</span></div><div class='line' id='LC2740'>&nbsp;&nbsp;&nbsp;&nbsp;&nbsp;&nbsp;&nbsp;&nbsp;<span class="nt">&lt;/class&gt;</span></div><div class='line' id='LC2741'>&nbsp;&nbsp;&nbsp;&nbsp;&nbsp;&nbsp;&nbsp;&nbsp;<span class="nt">&lt;class</span> <span class="na">name=</span><span class="s">&quot;TestFailure&quot;</span> <span class="na">type=</span><span class="s">&quot;ConcreteClass&quot;</span> <span class="na">maxLoc=</span><span class="s">&quot;58&quot;</span><span class="nt">&gt;</span></div><div class='line' id='LC2742'>&nbsp;&nbsp;&nbsp;&nbsp;&nbsp;&nbsp;&nbsp;&nbsp;&nbsp;&nbsp;<span class="nt">&lt;version</span> <span class="na">num=</span><span class="s">&quot;437&quot;</span> <span class="na">curr_loc=</span><span class="s">&quot;58&quot;</span> <span class="na">changed=</span><span class="s">&quot;1&quot;</span> <span class="na">churn=</span><span class="s">&quot;58&quot;</span> <span class="nt">/&gt;</span></div><div class='line' id='LC2743'>&nbsp;&nbsp;&nbsp;&nbsp;&nbsp;&nbsp;&nbsp;&nbsp;<span class="nt">&lt;/class&gt;</span></div><div class='line' id='LC2744'>&nbsp;&nbsp;&nbsp;&nbsp;&nbsp;&nbsp;&nbsp;&nbsp;<span class="nt">&lt;class</span> <span class="na">name=</span><span class="s">&quot;TestListener&quot;</span> <span class="na">type=</span><span class="s">&quot;Interface&quot;</span> <span class="na">maxLoc=</span><span class="s">&quot;23&quot;</span><span class="nt">&gt;</span></div><div class='line' id='LC2745'>&nbsp;&nbsp;&nbsp;&nbsp;&nbsp;&nbsp;&nbsp;&nbsp;&nbsp;&nbsp;<span class="nt">&lt;version</span> <span class="na">num=</span><span class="s">&quot;437&quot;</span> <span class="na">curr_loc=</span><span class="s">&quot;23&quot;</span> <span class="na">changed=</span><span class="s">&quot;1&quot;</span> <span class="na">churn=</span><span class="s">&quot;23&quot;</span> <span class="nt">/&gt;</span></div><div class='line' id='LC2746'>&nbsp;&nbsp;&nbsp;&nbsp;&nbsp;&nbsp;&nbsp;&nbsp;<span class="nt">&lt;/class&gt;</span></div><div class='line' id='LC2747'>&nbsp;&nbsp;&nbsp;&nbsp;&nbsp;&nbsp;&nbsp;&nbsp;<span class="nt">&lt;class</span> <span class="na">name=</span><span class="s">&quot;TestResult&quot;</span> <span class="na">type=</span><span class="s">&quot;ConcreteClass&quot;</span> <span class="na">maxLoc=</span><span class="s">&quot;169&quot;</span><span class="nt">&gt;</span></div><div class='line' id='LC2748'>&nbsp;&nbsp;&nbsp;&nbsp;&nbsp;&nbsp;&nbsp;&nbsp;&nbsp;&nbsp;<span class="nt">&lt;version</span> <span class="na">num=</span><span class="s">&quot;437&quot;</span> <span class="na">curr_loc=</span><span class="s">&quot;169&quot;</span> <span class="na">changed=</span><span class="s">&quot;1&quot;</span> <span class="na">churn=</span><span class="s">&quot;169&quot;</span> <span class="nt">/&gt;</span></div><div class='line' id='LC2749'>&nbsp;&nbsp;&nbsp;&nbsp;&nbsp;&nbsp;&nbsp;&nbsp;<span class="nt">&lt;/class&gt;</span></div><div class='line' id='LC2750'>&nbsp;&nbsp;&nbsp;&nbsp;&nbsp;&nbsp;&nbsp;&nbsp;<span class="nt">&lt;class</span> <span class="na">name=</span><span class="s">&quot;package-info&quot;</span> <span class="na">type=</span><span class="s">&quot;ConcreteClass&quot;</span> <span class="na">maxLoc=</span><span class="s">&quot;4&quot;</span><span class="nt">&gt;</span></div><div class='line' id='LC2751'>&nbsp;&nbsp;&nbsp;&nbsp;&nbsp;&nbsp;&nbsp;&nbsp;&nbsp;&nbsp;<span class="nt">&lt;version</span> <span class="na">num=</span><span class="s">&quot;437&quot;</span> <span class="na">curr_loc=</span><span class="s">&quot;4&quot;</span> <span class="na">changed=</span><span class="s">&quot;1&quot;</span> <span class="na">churn=</span><span class="s">&quot;4&quot;</span> <span class="nt">/&gt;</span></div><div class='line' id='LC2752'>&nbsp;&nbsp;&nbsp;&nbsp;&nbsp;&nbsp;&nbsp;&nbsp;<span class="nt">&lt;/class&gt;</span></div><div class='line' id='LC2753'>&nbsp;&nbsp;&nbsp;&nbsp;&nbsp;&nbsp;<span class="nt">&lt;/package&gt;</span></div><div class='line' id='LC2754'>&nbsp;&nbsp;&nbsp;&nbsp;&nbsp;&nbsp;<span class="nt">&lt;package</span> <span class="na">name=</span><span class="s">&quot;textui&quot;</span><span class="nt">&gt;</span></div><div class='line' id='LC2755'>&nbsp;&nbsp;&nbsp;&nbsp;&nbsp;&nbsp;&nbsp;&nbsp;<span class="nt">&lt;class</span> <span class="na">name=</span><span class="s">&quot;TestRunner&quot;</span> <span class="na">type=</span><span class="s">&quot;ConcreteClass&quot;</span> <span class="na">maxLoc=</span><span class="s">&quot;203&quot;</span><span class="nt">&gt;</span></div><div class='line' id='LC2756'>&nbsp;&nbsp;&nbsp;&nbsp;&nbsp;&nbsp;&nbsp;&nbsp;&nbsp;&nbsp;<span class="nt">&lt;version</span> <span class="na">num=</span><span class="s">&quot;266&quot;</span> <span class="na">curr_loc=</span><span class="s">&quot;203&quot;</span> <span class="na">changed=</span><span class="s">&quot;1&quot;</span> <span class="na">churn=</span><span class="s">&quot;203&quot;</span> <span class="nt">/&gt;</span></div><div class='line' id='LC2757'>&nbsp;&nbsp;&nbsp;&nbsp;&nbsp;&nbsp;&nbsp;&nbsp;&nbsp;&nbsp;<span class="nt">&lt;version</span> <span class="na">num=</span><span class="s">&quot;437&quot;</span> <span class="na">curr_loc=</span><span class="s">&quot;203&quot;</span> <span class="na">changed=</span><span class="s">&quot;1&quot;</span> <span class="na">churn=</span><span class="s">&quot;203&quot;</span> <span class="nt">/&gt;</span></div><div class='line' id='LC2758'>&nbsp;&nbsp;&nbsp;&nbsp;&nbsp;&nbsp;&nbsp;&nbsp;<span class="nt">&lt;/class&gt;</span></div><div class='line' id='LC2759'>&nbsp;&nbsp;&nbsp;&nbsp;&nbsp;&nbsp;&nbsp;&nbsp;<span class="nt">&lt;class</span> <span class="na">name=</span><span class="s">&quot;ResultPrinter&quot;</span> <span class="na">type=</span><span class="s">&quot;ConcreteClass&quot;</span> <span class="na">maxLoc=</span><span class="s">&quot;138&quot;</span><span class="nt">&gt;</span></div><div class='line' id='LC2760'>&nbsp;&nbsp;&nbsp;&nbsp;&nbsp;&nbsp;&nbsp;&nbsp;&nbsp;&nbsp;<span class="nt">&lt;version</span> <span class="na">num=</span><span class="s">&quot;437&quot;</span> <span class="na">curr_loc=</span><span class="s">&quot;138&quot;</span> <span class="na">changed=</span><span class="s">&quot;1&quot;</span> <span class="na">churn=</span><span class="s">&quot;138&quot;</span> <span class="nt">/&gt;</span></div><div class='line' id='LC2761'>&nbsp;&nbsp;&nbsp;&nbsp;&nbsp;&nbsp;&nbsp;&nbsp;<span class="nt">&lt;/class&gt;</span></div><div class='line' id='LC2762'>&nbsp;&nbsp;&nbsp;&nbsp;&nbsp;&nbsp;&nbsp;&nbsp;<span class="nt">&lt;class</span> <span class="na">name=</span><span class="s">&quot;package-info&quot;</span> <span class="na">type=</span><span class="s">&quot;ConcreteClass&quot;</span> <span class="na">maxLoc=</span><span class="s">&quot;4&quot;</span><span class="nt">&gt;</span></div><div class='line' id='LC2763'>&nbsp;&nbsp;&nbsp;&nbsp;&nbsp;&nbsp;&nbsp;&nbsp;&nbsp;&nbsp;<span class="nt">&lt;version</span> <span class="na">num=</span><span class="s">&quot;437&quot;</span> <span class="na">curr_loc=</span><span class="s">&quot;4&quot;</span> <span class="na">changed=</span><span class="s">&quot;1&quot;</span> <span class="na">churn=</span><span class="s">&quot;4&quot;</span> <span class="nt">/&gt;</span></div><div class='line' id='LC2764'>&nbsp;&nbsp;&nbsp;&nbsp;&nbsp;&nbsp;&nbsp;&nbsp;<span class="nt">&lt;/class&gt;</span></div><div class='line' id='LC2765'>&nbsp;&nbsp;&nbsp;&nbsp;&nbsp;&nbsp;<span class="nt">&lt;/package&gt;</span></div><div class='line' id='LC2766'>&nbsp;&nbsp;&nbsp;&nbsp;&nbsp;&nbsp;<span class="nt">&lt;package</span> <span class="na">name=</span><span class="s">&quot;extensions&quot;</span><span class="nt">&gt;</span></div><div class='line' id='LC2767'>&nbsp;&nbsp;&nbsp;&nbsp;&nbsp;&nbsp;&nbsp;&nbsp;<span class="nt">&lt;class</span> <span class="na">name=</span><span class="s">&quot;ActiveTestSuite&quot;</span> <span class="na">type=</span><span class="s">&quot;ConcreteClass&quot;</span> <span class="na">maxLoc=</span><span class="s">&quot;70&quot;</span><span class="nt">&gt;</span></div><div class='line' id='LC2768'>&nbsp;&nbsp;&nbsp;&nbsp;&nbsp;&nbsp;&nbsp;&nbsp;&nbsp;&nbsp;<span class="nt">&lt;version</span> <span class="na">num=</span><span class="s">&quot;437&quot;</span> <span class="na">curr_loc=</span><span class="s">&quot;70&quot;</span> <span class="na">changed=</span><span class="s">&quot;1&quot;</span> <span class="na">churn=</span><span class="s">&quot;70&quot;</span> <span class="nt">/&gt;</span></div><div class='line' id='LC2769'>&nbsp;&nbsp;&nbsp;&nbsp;&nbsp;&nbsp;&nbsp;&nbsp;<span class="nt">&lt;/class&gt;</span></div><div class='line' id='LC2770'>&nbsp;&nbsp;&nbsp;&nbsp;&nbsp;&nbsp;&nbsp;&nbsp;<span class="nt">&lt;class</span> <span class="na">name=</span><span class="s">&quot;RepeatedTest&quot;</span> <span class="na">type=</span><span class="s">&quot;ConcreteClass&quot;</span> <span class="na">maxLoc=</span><span class="s">&quot;38&quot;</span><span class="nt">&gt;</span></div><div class='line' id='LC2771'>&nbsp;&nbsp;&nbsp;&nbsp;&nbsp;&nbsp;&nbsp;&nbsp;&nbsp;&nbsp;<span class="nt">&lt;version</span> <span class="na">num=</span><span class="s">&quot;437&quot;</span> <span class="na">curr_loc=</span><span class="s">&quot;38&quot;</span> <span class="na">changed=</span><span class="s">&quot;1&quot;</span> <span class="na">churn=</span><span class="s">&quot;38&quot;</span> <span class="nt">/&gt;</span></div><div class='line' id='LC2772'>&nbsp;&nbsp;&nbsp;&nbsp;&nbsp;&nbsp;&nbsp;&nbsp;<span class="nt">&lt;/class&gt;</span></div><div class='line' id='LC2773'>&nbsp;&nbsp;&nbsp;&nbsp;&nbsp;&nbsp;&nbsp;&nbsp;<span class="nt">&lt;class</span> <span class="na">name=</span><span class="s">&quot;TestDecorator&quot;</span> <span class="na">type=</span><span class="s">&quot;ConcreteClass&quot;</span> <span class="na">maxLoc=</span><span class="s">&quot;43&quot;</span><span class="nt">&gt;</span></div><div class='line' id='LC2774'>&nbsp;&nbsp;&nbsp;&nbsp;&nbsp;&nbsp;&nbsp;&nbsp;&nbsp;&nbsp;<span class="nt">&lt;version</span> <span class="na">num=</span><span class="s">&quot;437&quot;</span> <span class="na">curr_loc=</span><span class="s">&quot;43&quot;</span> <span class="na">changed=</span><span class="s">&quot;1&quot;</span> <span class="na">churn=</span><span class="s">&quot;43&quot;</span> <span class="nt">/&gt;</span></div><div class='line' id='LC2775'>&nbsp;&nbsp;&nbsp;&nbsp;&nbsp;&nbsp;&nbsp;&nbsp;<span class="nt">&lt;/class&gt;</span></div><div class='line' id='LC2776'>&nbsp;&nbsp;&nbsp;&nbsp;&nbsp;&nbsp;&nbsp;&nbsp;<span class="nt">&lt;class</span> <span class="na">name=</span><span class="s">&quot;TestSetup&quot;</span> <span class="na">type=</span><span class="s">&quot;ConcreteClass&quot;</span> <span class="na">maxLoc=</span><span class="s">&quot;42&quot;</span><span class="nt">&gt;</span></div><div class='line' id='LC2777'>&nbsp;&nbsp;&nbsp;&nbsp;&nbsp;&nbsp;&nbsp;&nbsp;&nbsp;&nbsp;<span class="nt">&lt;version</span> <span class="na">num=</span><span class="s">&quot;437&quot;</span> <span class="na">curr_loc=</span><span class="s">&quot;42&quot;</span> <span class="na">changed=</span><span class="s">&quot;1&quot;</span> <span class="na">churn=</span><span class="s">&quot;42&quot;</span> <span class="nt">/&gt;</span></div><div class='line' id='LC2778'>&nbsp;&nbsp;&nbsp;&nbsp;&nbsp;&nbsp;&nbsp;&nbsp;<span class="nt">&lt;/class&gt;</span></div><div class='line' id='LC2779'>&nbsp;&nbsp;&nbsp;&nbsp;&nbsp;&nbsp;&nbsp;&nbsp;<span class="nt">&lt;class</span> <span class="na">name=</span><span class="s">&quot;package-info&quot;</span> <span class="na">type=</span><span class="s">&quot;ConcreteClass&quot;</span> <span class="na">maxLoc=</span><span class="s">&quot;4&quot;</span><span class="nt">&gt;</span></div><div class='line' id='LC2780'>&nbsp;&nbsp;&nbsp;&nbsp;&nbsp;&nbsp;&nbsp;&nbsp;&nbsp;&nbsp;<span class="nt">&lt;version</span> <span class="na">num=</span><span class="s">&quot;437&quot;</span> <span class="na">curr_loc=</span><span class="s">&quot;4&quot;</span> <span class="na">changed=</span><span class="s">&quot;1&quot;</span> <span class="na">churn=</span><span class="s">&quot;4&quot;</span> <span class="nt">/&gt;</span></div><div class='line' id='LC2781'>&nbsp;&nbsp;&nbsp;&nbsp;&nbsp;&nbsp;&nbsp;&nbsp;<span class="nt">&lt;/class&gt;</span></div><div class='line' id='LC2782'>&nbsp;&nbsp;&nbsp;&nbsp;&nbsp;&nbsp;<span class="nt">&lt;/package&gt;</span></div><div class='line' id='LC2783'>&nbsp;&nbsp;&nbsp;&nbsp;&nbsp;&nbsp;<span class="nt">&lt;package</span> <span class="na">name=</span><span class="s">&quot;samples&quot;</span><span class="nt">&gt;</span></div><div class='line' id='LC2784'>&nbsp;&nbsp;&nbsp;&nbsp;&nbsp;&nbsp;&nbsp;&nbsp;<span class="nt">&lt;class</span> <span class="na">name=</span><span class="s">&quot;AllTests&quot;</span> <span class="na">type=</span><span class="s">&quot;ConcreteClass&quot;</span> <span class="na">maxLoc=</span><span class="s">&quot;22&quot;</span><span class="nt">&gt;</span></div><div class='line' id='LC2785'>&nbsp;&nbsp;&nbsp;&nbsp;&nbsp;&nbsp;&nbsp;&nbsp;&nbsp;&nbsp;<span class="nt">&lt;version</span> <span class="na">num=</span><span class="s">&quot;437&quot;</span> <span class="na">curr_loc=</span><span class="s">&quot;22&quot;</span> <span class="na">changed=</span><span class="s">&quot;1&quot;</span> <span class="na">churn=</span><span class="s">&quot;22&quot;</span> <span class="nt">/&gt;</span></div><div class='line' id='LC2786'>&nbsp;&nbsp;&nbsp;&nbsp;&nbsp;&nbsp;&nbsp;&nbsp;<span class="nt">&lt;/class&gt;</span></div><div class='line' id='LC2787'>&nbsp;&nbsp;&nbsp;&nbsp;&nbsp;&nbsp;&nbsp;&nbsp;<span class="nt">&lt;class</span> <span class="na">name=</span><span class="s">&quot;ListTest&quot;</span> <span class="na">type=</span><span class="s">&quot;ConcreteClass&quot;</span> <span class="na">maxLoc=</span><span class="s">&quot;63&quot;</span><span class="nt">&gt;</span></div><div class='line' id='LC2788'>&nbsp;&nbsp;&nbsp;&nbsp;&nbsp;&nbsp;&nbsp;&nbsp;&nbsp;&nbsp;<span class="nt">&lt;version</span> <span class="na">num=</span><span class="s">&quot;437&quot;</span> <span class="na">curr_loc=</span><span class="s">&quot;63&quot;</span> <span class="na">changed=</span><span class="s">&quot;1&quot;</span> <span class="na">churn=</span><span class="s">&quot;63&quot;</span> <span class="nt">/&gt;</span></div><div class='line' id='LC2789'>&nbsp;&nbsp;&nbsp;&nbsp;&nbsp;&nbsp;&nbsp;&nbsp;<span class="nt">&lt;/class&gt;</span></div><div class='line' id='LC2790'>&nbsp;&nbsp;&nbsp;&nbsp;&nbsp;&nbsp;&nbsp;&nbsp;<span class="nt">&lt;class</span> <span class="na">name=</span><span class="s">&quot;SimpleTest&quot;</span> <span class="na">type=</span><span class="s">&quot;ConcreteClass&quot;</span> <span class="na">maxLoc=</span><span class="s">&quot;66&quot;</span><span class="nt">&gt;</span></div><div class='line' id='LC2791'>&nbsp;&nbsp;&nbsp;&nbsp;&nbsp;&nbsp;&nbsp;&nbsp;&nbsp;&nbsp;<span class="nt">&lt;version</span> <span class="na">num=</span><span class="s">&quot;437&quot;</span> <span class="na">curr_loc=</span><span class="s">&quot;66&quot;</span> <span class="na">changed=</span><span class="s">&quot;1&quot;</span> <span class="na">churn=</span><span class="s">&quot;66&quot;</span> <span class="nt">/&gt;</span></div><div class='line' id='LC2792'>&nbsp;&nbsp;&nbsp;&nbsp;&nbsp;&nbsp;&nbsp;&nbsp;<span class="nt">&lt;/class&gt;</span></div><div class='line' id='LC2793'>&nbsp;&nbsp;&nbsp;&nbsp;&nbsp;&nbsp;&nbsp;&nbsp;<span class="nt">&lt;package</span> <span class="na">name=</span><span class="s">&quot;money&quot;</span><span class="nt">&gt;</span></div><div class='line' id='LC2794'>&nbsp;&nbsp;&nbsp;&nbsp;&nbsp;&nbsp;&nbsp;&nbsp;&nbsp;&nbsp;<span class="nt">&lt;class</span> <span class="na">name=</span><span class="s">&quot;IMoney&quot;</span> <span class="na">type=</span><span class="s">&quot;Interface&quot;</span> <span class="na">maxLoc=</span><span class="s">&quot;45&quot;</span><span class="nt">&gt;</span></div><div class='line' id='LC2795'>&nbsp;&nbsp;&nbsp;&nbsp;&nbsp;&nbsp;&nbsp;&nbsp;&nbsp;&nbsp;&nbsp;&nbsp;<span class="nt">&lt;version</span> <span class="na">num=</span><span class="s">&quot;437&quot;</span> <span class="na">curr_loc=</span><span class="s">&quot;45&quot;</span> <span class="na">changed=</span><span class="s">&quot;1&quot;</span> <span class="na">churn=</span><span class="s">&quot;45&quot;</span> <span class="nt">/&gt;</span></div><div class='line' id='LC2796'>&nbsp;&nbsp;&nbsp;&nbsp;&nbsp;&nbsp;&nbsp;&nbsp;&nbsp;&nbsp;<span class="nt">&lt;/class&gt;</span></div><div class='line' id='LC2797'>&nbsp;&nbsp;&nbsp;&nbsp;&nbsp;&nbsp;&nbsp;&nbsp;&nbsp;&nbsp;<span class="nt">&lt;class</span> <span class="na">name=</span><span class="s">&quot;Money&quot;</span> <span class="na">type=</span><span class="s">&quot;ConcreteClass&quot;</span> <span class="na">maxLoc=</span><span class="s">&quot;78&quot;</span><span class="nt">&gt;</span></div><div class='line' id='LC2798'>&nbsp;&nbsp;&nbsp;&nbsp;&nbsp;&nbsp;&nbsp;&nbsp;&nbsp;&nbsp;&nbsp;&nbsp;<span class="nt">&lt;version</span> <span class="na">num=</span><span class="s">&quot;437&quot;</span> <span class="na">curr_loc=</span><span class="s">&quot;78&quot;</span> <span class="na">changed=</span><span class="s">&quot;1&quot;</span> <span class="na">churn=</span><span class="s">&quot;78&quot;</span> <span class="nt">/&gt;</span></div><div class='line' id='LC2799'>&nbsp;&nbsp;&nbsp;&nbsp;&nbsp;&nbsp;&nbsp;&nbsp;&nbsp;&nbsp;<span class="nt">&lt;/class&gt;</span></div><div class='line' id='LC2800'>&nbsp;&nbsp;&nbsp;&nbsp;&nbsp;&nbsp;&nbsp;&nbsp;&nbsp;&nbsp;<span class="nt">&lt;class</span> <span class="na">name=</span><span class="s">&quot;MoneyBag&quot;</span> <span class="na">type=</span><span class="s">&quot;ConcreteClass&quot;</span> <span class="na">maxLoc=</span><span class="s">&quot;124&quot;</span><span class="nt">&gt;</span></div><div class='line' id='LC2801'>&nbsp;&nbsp;&nbsp;&nbsp;&nbsp;&nbsp;&nbsp;&nbsp;&nbsp;&nbsp;&nbsp;&nbsp;<span class="nt">&lt;version</span> <span class="na">num=</span><span class="s">&quot;437&quot;</span> <span class="na">curr_loc=</span><span class="s">&quot;124&quot;</span> <span class="na">changed=</span><span class="s">&quot;1&quot;</span> <span class="na">churn=</span><span class="s">&quot;124&quot;</span> <span class="nt">/&gt;</span></div><div class='line' id='LC2802'>&nbsp;&nbsp;&nbsp;&nbsp;&nbsp;&nbsp;&nbsp;&nbsp;&nbsp;&nbsp;<span class="nt">&lt;/class&gt;</span></div><div class='line' id='LC2803'>&nbsp;&nbsp;&nbsp;&nbsp;&nbsp;&nbsp;&nbsp;&nbsp;&nbsp;&nbsp;<span class="nt">&lt;class</span> <span class="na">name=</span><span class="s">&quot;MoneyTest&quot;</span> <span class="na">type=</span><span class="s">&quot;ConcreteClass&quot;</span> <span class="na">maxLoc=</span><span class="s">&quot;143&quot;</span><span class="nt">&gt;</span></div><div class='line' id='LC2804'>&nbsp;&nbsp;&nbsp;&nbsp;&nbsp;&nbsp;&nbsp;&nbsp;&nbsp;&nbsp;&nbsp;&nbsp;<span class="nt">&lt;version</span> <span class="na">num=</span><span class="s">&quot;437&quot;</span> <span class="na">curr_loc=</span><span class="s">&quot;143&quot;</span> <span class="na">changed=</span><span class="s">&quot;1&quot;</span> <span class="na">churn=</span><span class="s">&quot;143&quot;</span> <span class="nt">/&gt;</span></div><div class='line' id='LC2805'>&nbsp;&nbsp;&nbsp;&nbsp;&nbsp;&nbsp;&nbsp;&nbsp;&nbsp;&nbsp;<span class="nt">&lt;/class&gt;</span></div><div class='line' id='LC2806'>&nbsp;&nbsp;&nbsp;&nbsp;&nbsp;&nbsp;&nbsp;&nbsp;&nbsp;&nbsp;<span class="nt">&lt;class</span> <span class="na">name=</span><span class="s">&quot;package-info&quot;</span> <span class="na">type=</span><span class="s">&quot;ConcreteClass&quot;</span> <span class="na">maxLoc=</span><span class="s">&quot;4&quot;</span><span class="nt">&gt;</span></div><div class='line' id='LC2807'>&nbsp;&nbsp;&nbsp;&nbsp;&nbsp;&nbsp;&nbsp;&nbsp;&nbsp;&nbsp;&nbsp;&nbsp;<span class="nt">&lt;version</span> <span class="na">num=</span><span class="s">&quot;437&quot;</span> <span class="na">curr_loc=</span><span class="s">&quot;4&quot;</span> <span class="na">changed=</span><span class="s">&quot;1&quot;</span> <span class="na">churn=</span><span class="s">&quot;4&quot;</span> <span class="nt">/&gt;</span></div><div class='line' id='LC2808'>&nbsp;&nbsp;&nbsp;&nbsp;&nbsp;&nbsp;&nbsp;&nbsp;&nbsp;&nbsp;<span class="nt">&lt;/class&gt;</span></div><div class='line' id='LC2809'>&nbsp;&nbsp;&nbsp;&nbsp;&nbsp;&nbsp;&nbsp;&nbsp;<span class="nt">&lt;/package&gt;</span></div><div class='line' id='LC2810'>&nbsp;&nbsp;&nbsp;&nbsp;&nbsp;&nbsp;&nbsp;&nbsp;<span class="nt">&lt;class</span> <span class="na">name=</span><span class="s">&quot;package-info&quot;</span> <span class="na">type=</span><span class="s">&quot;ConcreteClass&quot;</span> <span class="na">maxLoc=</span><span class="s">&quot;4&quot;</span><span class="nt">&gt;</span></div><div class='line' id='LC2811'>&nbsp;&nbsp;&nbsp;&nbsp;&nbsp;&nbsp;&nbsp;&nbsp;&nbsp;&nbsp;<span class="nt">&lt;version</span> <span class="na">num=</span><span class="s">&quot;437&quot;</span> <span class="na">curr_loc=</span><span class="s">&quot;4&quot;</span> <span class="na">changed=</span><span class="s">&quot;1&quot;</span> <span class="na">churn=</span><span class="s">&quot;4&quot;</span> <span class="nt">/&gt;</span></div><div class='line' id='LC2812'>&nbsp;&nbsp;&nbsp;&nbsp;&nbsp;&nbsp;&nbsp;&nbsp;<span class="nt">&lt;/class&gt;</span></div><div class='line' id='LC2813'>&nbsp;&nbsp;&nbsp;&nbsp;&nbsp;&nbsp;<span class="nt">&lt;/package&gt;</span></div><div class='line' id='LC2814'>&nbsp;&nbsp;&nbsp;&nbsp;<span class="nt">&lt;/package&gt;</span></div><div class='line' id='LC2815'>&nbsp;&nbsp;&nbsp;&nbsp;<span class="nt">&lt;package</span> <span class="na">name=</span><span class="s">&quot;Default-Package&quot;</span><span class="nt">&gt;</span></div><div class='line' id='LC2816'>&nbsp;&nbsp;&nbsp;&nbsp;&nbsp;&nbsp;<span class="nt">&lt;class</span> <span class="na">name=</span><span class="s">&quot;ParameterTokenSuite&quot;</span> <span class="na">type=</span><span class="s">&quot;ConcreteClass&quot;</span> <span class="na">maxLoc=</span><span class="s">&quot;12&quot;</span><span class="nt">&gt;</span></div><div class='line' id='LC2817'>&nbsp;&nbsp;&nbsp;&nbsp;&nbsp;&nbsp;&nbsp;&nbsp;<span class="nt">&lt;version</span> <span class="na">num=</span><span class="s">&quot;53&quot;</span> <span class="na">curr_loc=</span><span class="s">&quot;12&quot;</span> <span class="na">changed=</span><span class="s">&quot;1&quot;</span> <span class="na">churn=</span><span class="s">&quot;12&quot;</span> <span class="nt">/&gt;</span></div><div class='line' id='LC2818'>&nbsp;&nbsp;&nbsp;&nbsp;&nbsp;&nbsp;&nbsp;&nbsp;<span class="nt">&lt;version</span> <span class="na">num=</span><span class="s">&quot;61&quot;</span> <span class="na">curr_loc=</span><span class="s">&quot;12&quot;</span> <span class="na">changed=</span><span class="s">&quot;1&quot;</span> <span class="na">churn=</span><span class="s">&quot;12&quot;</span> <span class="nt">/&gt;</span></div><div class='line' id='LC2819'>&nbsp;&nbsp;&nbsp;&nbsp;&nbsp;&nbsp;&nbsp;&nbsp;<span class="nt">&lt;version</span> <span class="na">num=</span><span class="s">&quot;68&quot;</span> <span class="na">curr_loc=</span><span class="s">&quot;12&quot;</span> <span class="na">changed=</span><span class="s">&quot;1&quot;</span> <span class="na">churn=</span><span class="s">&quot;12&quot;</span> <span class="nt">/&gt;</span></div><div class='line' id='LC2820'>&nbsp;&nbsp;&nbsp;&nbsp;&nbsp;&nbsp;<span class="nt">&lt;/class&gt;</span></div><div class='line' id='LC2821'>&nbsp;&nbsp;&nbsp;&nbsp;&nbsp;&nbsp;<span class="nt">&lt;class</span> <span class="na">name=</span><span class="s">&quot;ParameterizedTestA&quot;</span> <span class="na">type=</span><span class="s">&quot;ConcreteClass&quot;</span> <span class="na">maxLoc=</span><span class="s">&quot;25&quot;</span><span class="nt">&gt;</span></div><div class='line' id='LC2822'>&nbsp;&nbsp;&nbsp;&nbsp;&nbsp;&nbsp;&nbsp;&nbsp;<span class="nt">&lt;version</span> <span class="na">num=</span><span class="s">&quot;53&quot;</span> <span class="na">curr_loc=</span><span class="s">&quot;25&quot;</span> <span class="na">changed=</span><span class="s">&quot;1&quot;</span> <span class="na">churn=</span><span class="s">&quot;25&quot;</span> <span class="nt">/&gt;</span></div><div class='line' id='LC2823'>&nbsp;&nbsp;&nbsp;&nbsp;&nbsp;&nbsp;&nbsp;&nbsp;<span class="nt">&lt;version</span> <span class="na">num=</span><span class="s">&quot;61&quot;</span> <span class="na">curr_loc=</span><span class="s">&quot;25&quot;</span> <span class="na">changed=</span><span class="s">&quot;1&quot;</span> <span class="na">churn=</span><span class="s">&quot;25&quot;</span> <span class="nt">/&gt;</span></div><div class='line' id='LC2824'>&nbsp;&nbsp;&nbsp;&nbsp;&nbsp;&nbsp;&nbsp;&nbsp;<span class="nt">&lt;version</span> <span class="na">num=</span><span class="s">&quot;68&quot;</span> <span class="na">curr_loc=</span><span class="s">&quot;25&quot;</span> <span class="na">changed=</span><span class="s">&quot;1&quot;</span> <span class="na">churn=</span><span class="s">&quot;25&quot;</span> <span class="nt">/&gt;</span></div><div class='line' id='LC2825'>&nbsp;&nbsp;&nbsp;&nbsp;&nbsp;&nbsp;<span class="nt">&lt;/class&gt;</span></div><div class='line' id='LC2826'>&nbsp;&nbsp;&nbsp;&nbsp;&nbsp;&nbsp;<span class="nt">&lt;class</span> <span class="na">name=</span><span class="s">&quot;SomeTestB&quot;</span> <span class="na">type=</span><span class="s">&quot;ConcreteClass&quot;</span> <span class="na">maxLoc=</span><span class="s">&quot;11&quot;</span><span class="nt">&gt;</span></div><div class='line' id='LC2827'>&nbsp;&nbsp;&nbsp;&nbsp;&nbsp;&nbsp;&nbsp;&nbsp;<span class="nt">&lt;version</span> <span class="na">num=</span><span class="s">&quot;53&quot;</span> <span class="na">curr_loc=</span><span class="s">&quot;11&quot;</span> <span class="na">changed=</span><span class="s">&quot;1&quot;</span> <span class="na">churn=</span><span class="s">&quot;11&quot;</span> <span class="nt">/&gt;</span></div><div class='line' id='LC2828'>&nbsp;&nbsp;&nbsp;&nbsp;&nbsp;&nbsp;&nbsp;&nbsp;<span class="nt">&lt;version</span> <span class="na">num=</span><span class="s">&quot;61&quot;</span> <span class="na">curr_loc=</span><span class="s">&quot;11&quot;</span> <span class="na">changed=</span><span class="s">&quot;1&quot;</span> <span class="na">churn=</span><span class="s">&quot;11&quot;</span> <span class="nt">/&gt;</span></div><div class='line' id='LC2829'>&nbsp;&nbsp;&nbsp;&nbsp;&nbsp;&nbsp;&nbsp;&nbsp;<span class="nt">&lt;version</span> <span class="na">num=</span><span class="s">&quot;68&quot;</span> <span class="na">curr_loc=</span><span class="s">&quot;11&quot;</span> <span class="na">changed=</span><span class="s">&quot;1&quot;</span> <span class="na">churn=</span><span class="s">&quot;11&quot;</span> <span class="nt">/&gt;</span></div><div class='line' id='LC2830'>&nbsp;&nbsp;&nbsp;&nbsp;&nbsp;&nbsp;<span class="nt">&lt;/class&gt;</span></div><div class='line' id='LC2831'>&nbsp;&nbsp;&nbsp;&nbsp;&nbsp;&nbsp;<span class="nt">&lt;class</span> <span class="na">name=</span><span class="s">&quot;CategoryFilter&quot;</span> <span class="na">type=</span><span class="s">&quot;ConcreteClass&quot;</span> <span class="na">maxLoc=</span><span class="s">&quot;1&quot;</span><span class="nt">&gt;</span></div><div class='line' id='LC2832'>&nbsp;&nbsp;&nbsp;&nbsp;&nbsp;&nbsp;&nbsp;&nbsp;<span class="nt">&lt;version</span> <span class="na">num=</span><span class="s">&quot;54&quot;</span> <span class="na">curr_loc=</span><span class="s">&quot;1&quot;</span> <span class="na">changed=</span><span class="s">&quot;1&quot;</span> <span class="na">churn=</span><span class="s">&quot;1&quot;</span> <span class="nt">/&gt;</span></div><div class='line' id='LC2833'>&nbsp;&nbsp;&nbsp;&nbsp;&nbsp;&nbsp;&nbsp;&nbsp;<span class="nt">&lt;version</span> <span class="na">num=</span><span class="s">&quot;62&quot;</span> <span class="na">curr_loc=</span><span class="s">&quot;1&quot;</span> <span class="na">changed=</span><span class="s">&quot;1&quot;</span> <span class="na">churn=</span><span class="s">&quot;1&quot;</span> <span class="nt">/&gt;</span></div><div class='line' id='LC2834'>&nbsp;&nbsp;&nbsp;&nbsp;&nbsp;&nbsp;<span class="nt">&lt;/class&gt;</span></div><div class='line' id='LC2835'>&nbsp;&nbsp;&nbsp;&nbsp;&nbsp;&nbsp;<span class="nt">&lt;class</span> <span class="na">name=</span><span class="s">&quot;Filter2&quot;</span> <span class="na">type=</span><span class="s">&quot;ConcreteClass&quot;</span> <span class="na">maxLoc=</span><span class="s">&quot;1&quot;</span><span class="nt">&gt;</span></div><div class='line' id='LC2836'>&nbsp;&nbsp;&nbsp;&nbsp;&nbsp;&nbsp;&nbsp;&nbsp;<span class="nt">&lt;version</span> <span class="na">num=</span><span class="s">&quot;54&quot;</span> <span class="na">curr_loc=</span><span class="s">&quot;1&quot;</span> <span class="na">changed=</span><span class="s">&quot;1&quot;</span> <span class="na">churn=</span><span class="s">&quot;1&quot;</span> <span class="nt">/&gt;</span></div><div class='line' id='LC2837'>&nbsp;&nbsp;&nbsp;&nbsp;&nbsp;&nbsp;&nbsp;&nbsp;<span class="nt">&lt;version</span> <span class="na">num=</span><span class="s">&quot;62&quot;</span> <span class="na">curr_loc=</span><span class="s">&quot;1&quot;</span> <span class="na">changed=</span><span class="s">&quot;1&quot;</span> <span class="na">churn=</span><span class="s">&quot;1&quot;</span> <span class="nt">/&gt;</span></div><div class='line' id='LC2838'>&nbsp;&nbsp;&nbsp;&nbsp;&nbsp;&nbsp;<span class="nt">&lt;/class&gt;</span></div><div class='line' id='LC2839'>&nbsp;&nbsp;&nbsp;&nbsp;&nbsp;&nbsp;<span class="nt">&lt;class</span> <span class="na">name=</span><span class="s">&quot;CategoryTest&quot;</span> <span class="na">type=</span><span class="s">&quot;ConcreteClass&quot;</span> <span class="na">maxLoc=</span><span class="s">&quot;58&quot;</span><span class="nt">&gt;</span></div><div class='line' id='LC2840'>&nbsp;&nbsp;&nbsp;&nbsp;&nbsp;&nbsp;&nbsp;&nbsp;<span class="nt">&lt;version</span> <span class="na">num=</span><span class="s">&quot;112&quot;</span> <span class="na">curr_loc=</span><span class="s">&quot;58&quot;</span> <span class="na">changed=</span><span class="s">&quot;1&quot;</span> <span class="na">churn=</span><span class="s">&quot;58&quot;</span> <span class="nt">/&gt;</span></div><div class='line' id='LC2841'>&nbsp;&nbsp;&nbsp;&nbsp;&nbsp;&nbsp;&nbsp;&nbsp;<span class="nt">&lt;version</span> <span class="na">num=</span><span class="s">&quot;113&quot;</span> <span class="na">curr_loc=</span><span class="s">&quot;58&quot;</span> <span class="na">changed=</span><span class="s">&quot;1&quot;</span> <span class="na">churn=</span><span class="s">&quot;58&quot;</span> <span class="nt">/&gt;</span></div><div class='line' id='LC2842'>&nbsp;&nbsp;&nbsp;&nbsp;&nbsp;&nbsp;<span class="nt">&lt;/class&gt;</span></div><div class='line' id='LC2843'>&nbsp;&nbsp;&nbsp;&nbsp;<span class="nt">&lt;/package&gt;</span></div><div class='line' id='LC2844'>&nbsp;&nbsp;<span class="nt">&lt;/CodeInfo&gt;</span></div><div class='line' id='LC2845'>&nbsp;&nbsp;<span class="nt">&lt;LogInfo&gt;</span></div><div class='line' id='LC2846'>&nbsp;&nbsp;&nbsp;&nbsp;<span class="nt">&lt;versionLog</span> <span class="na">num=</span><span class="s">&quot;1&quot;</span> <span class="na">sha=</span><span class="s">&quot;01b427b3b89ce04d01f0ddbd746d13a175feec5b&quot;</span> <span class="na">author=</span><span class="s">&quot;David Saff &amp;lt;david@saff.net&amp;gt;&quot;</span> <span class="na">date=</span><span class="s">&quot;Fri Apr 29 14:24:46 2011 -0400&quot;</span> <span class="na">msg=</span><span class="s">&quot;    Fix for github#38: ParentRunner filters more than once&quot;</span> <span class="nt">/&gt;</span></div><div class='line' id='LC2847'>&nbsp;&nbsp;&nbsp;&nbsp;<span class="nt">&lt;versionLog</span> <span class="na">num=</span><span class="s">&quot;2&quot;</span> <span class="na">sha=</span><span class="s">&quot;351af6fa6a08ddf51f03525d8cc4616d45f5caf1&quot;</span> <span class="na">author=</span><span class="s">&quot;David Saff &amp;lt;david@saff.net&amp;gt;&quot;</span> <span class="na">date=</span><span class="s">&quot;Fri Apr 15 15:39:15 2011 -0400&quot;</span> <span class="na">msg=</span><span class="s">&quot;    Fix javadoc for either.&quot;</span> <span class="nt">/&gt;</span></div><div class='line' id='LC2848'>&nbsp;&nbsp;&nbsp;&nbsp;<span class="nt">&lt;versionLog</span> <span class="na">num=</span><span class="s">&quot;3&quot;</span> <span class="na">sha=</span><span class="s">&quot;4f49c9cb62994111532578d2f6ed4bb98ba078ab&quot;</span> <span class="na">author=</span><span class="s">&quot;David Saff &amp;lt;david@saff.net&amp;gt;&quot;</span> <span class="na">date=</span><span class="s">&quot;Fri Apr 15 15:24:25 2011 -0400&quot;</span> <span class="na">msg=</span><span class="s">&quot;    Remove no-longer-correct comment from test&quot;</span> <span class="nt">/&gt;</span></div><div class='line' id='LC2849'>&nbsp;&nbsp;&nbsp;&nbsp;<span class="nt">&lt;versionLog</span> <span class="na">num=</span><span class="s">&quot;4&quot;</span> <span class="na">sha=</span><span class="s">&quot;669bb577583f2edd8cd65008a7c9ac19ebc350ea&quot;</span> <span class="na">author=</span><span class="s">&quot;David Saff &amp;lt;david@saff.net&amp;gt;&quot;</span> <span class="na">date=</span><span class="s">&quot;Fri Apr 15 13:35:45 2011 -0400&quot;</span> <span class="na">msg=</span><span class="s">&quot;    Fixes issue #39, by having multiple calls to ParentRunner.filter    result in the intersection of filters, rather than just the last    one used.&quot;</span> <span class="nt">/&gt;</span></div><div class='line' id='LC2850'>&nbsp;&nbsp;&nbsp;&nbsp;<span class="nt">&lt;versionLog</span> <span class="na">num=</span><span class="s">&quot;5&quot;</span> <span class="na">sha=</span><span class="s">&quot;62a2a56c293fd154f152da6dad498d1fc222b352&quot;</span> <span class="na">author=</span><span class="s">&quot;David Saff &amp;lt;david@saff.net&amp;gt;&quot;</span> <span class="na">date=</span><span class="s">&quot;Fri Mar 4 16:02:28 2011 -0500&quot;</span> <span class="na">msg=</span><span class="s">&quot;    Fix ParentRunner#withClassRules javadoc.  (Thanks to lacostej for initial pull)    Closes GH-191.&quot;</span> <span class="nt">/&gt;</span></div><div class='line' id='LC2851'>&nbsp;&nbsp;&nbsp;&nbsp;<span class="nt">&lt;versionLog</span> <span class="na">num=</span><span class="s">&quot;6&quot;</span> <span class="na">sha=</span><span class="s">&quot;8440169a16f2eec18a869dc5804e3686aafb25d8&quot;</span> <span class="na">author=</span><span class="s">&quot;Kevin Cooney &amp;lt;kcooney@google.com&amp;gt;&quot;</span> <span class="na">date=</span><span class="s">&quot;Wed Feb 9 22:18:37 2011 -0800&quot;</span> <span class="na">msg=</span><span class="s">&quot;    Change TestRule back to an interface. Fix TestWatcher methods to be protected.&quot;</span> <span class="nt">/&gt;</span></div><div class='line' id='LC2852'>&nbsp;&nbsp;&nbsp;&nbsp;<span class="nt">&lt;versionLog</span> <span class="na">num=</span><span class="s">&quot;7&quot;</span> <span class="na">sha=</span><span class="s">&quot;de86eb205637ea755909554b93d6da89353414dd&quot;</span> <span class="na">author=</span><span class="s">&quot;marciomazza &amp;lt;marciomazza@gmail.com&amp;gt;&quot;</span> <span class="na">date=</span><span class="s">&quot;Thu Feb 3 12:24:12 2011 -0200&quot;</span> <span class="na">msg=</span><span class="s">&quot;    fixed documentation for BlockJUnit4ClassRunner.methodBlock: the steps of befores/afters can be influenced by rules as much as the other ones&quot;</span> <span class="nt">/&gt;</span></div><div class='line' id='LC2853'>&nbsp;&nbsp;&nbsp;&nbsp;<span class="nt">&lt;versionLog</span> <span class="na">num=</span><span class="s">&quot;8&quot;</span> <span class="na">sha=</span><span class="s">&quot;12c1066d3cd6876a18715afaf06fbb5901ec975a&quot;</span> <span class="na">author=</span><span class="s">&quot;David Saff &amp;lt;david@saff.net&amp;gt;&quot;</span> <span class="na">date=</span><span class="s">&quot;Tue Jan 18 15:20:56 2011 -0500&quot;</span> <span class="na">msg=</span><span class="s">&quot;    Update to beta 2&quot;</span> <span class="nt">/&gt;</span></div><div class='line' id='LC2854'>&nbsp;&nbsp;&nbsp;&nbsp;<span class="nt">&lt;versionLog</span> <span class="na">num=</span><span class="s">&quot;9&quot;</span> <span class="na">sha=</span><span class="s">&quot;346bad2d3fb82c9a8378758b12979f7c9fe584e3&quot;</span> <span class="na">author=</span><span class="s">&quot;Kevin Cooney &amp;lt;kcooney@google.com&amp;gt;&quot;</span> <span class="na">date=</span><span class="s">&quot;Tue Jan 11 21:09:50 2011 -0800&quot;</span> <span class="na">msg=</span><span class="s">&quot;    MultipleFailureException cleanup.        1. Avoid creating a message unless getMessage() is called. Most of the time, the message is ignored; EachTestNotifier will create    individual failures for Throwable.    2. Constructor should make a copy of the passed in List    3. getFailures() should return an unmodifiable List&quot;</span> <span class="nt">/&gt;</span></div><div class='line' id='LC2855'>&nbsp;&nbsp;&nbsp;&nbsp;<span class="nt">&lt;versionLog</span> <span class="na">num=</span><span class="s">&quot;10&quot;</span> <span class="na">sha=</span><span class="s">&quot;d494698a44291098aff33bd77b1ea501fe38be82&quot;</span> <span class="na">author=</span><span class="s">&quot;Kevin Cooney &amp;lt;kcooney@google.com&amp;gt;&quot;</span> <span class="na">date=</span><span class="s">&quot;Tue Jan 11 20:34:56 2011 -0800&quot;</span> <span class="na">msg=</span><span class="s">&quot;    Fix Javadoc; remove compiler warning&quot;</span> <span class="nt">/&gt;</span></div><div class='line' id='LC2856'>&nbsp;&nbsp;&nbsp;&nbsp;<span class="nt">&lt;versionLog</span> <span class="na">num=</span><span class="s">&quot;11&quot;</span> <span class="na">sha=</span><span class="s">&quot;e857122bff2a9774c4f44df4a7d531b902e406df&quot;</span> <span class="na">author=</span><span class="s">&quot;Kevin Cooney &amp;lt;kcooney@google.com&amp;gt;&quot;</span> <span class="na">date=</span><span class="s">&quot;Fri Jan 7 20:53:42 2011 -0800&quot;</span> <span class="na">msg=</span><span class="s">&quot;    Fix issue 30. Make TestWatcher abstract.&quot;</span> <span class="nt">/&gt;</span></div><div class='line' id='LC2857'>&nbsp;&nbsp;&nbsp;&nbsp;<span class="nt">&lt;versionLog</span> <span class="na">num=</span><span class="s">&quot;12&quot;</span> <span class="na">sha=</span><span class="s">&quot;766343797294634c86186664c519d65d7d984c96&quot;</span> <span class="na">author=</span><span class="s">&quot;Kevin Cooney &amp;lt;kcooney@google.com&amp;gt;&quot;</span> <span class="na">date=</span><span class="s">&quot;Fri Jan 7 20:36:11 2011 -0800&quot;</span> <span class="na">msg=</span><span class="s">&quot;    Fix AssertionError.toString() when no messages are passed.        Fixes:    junit.framework.Assert.fail()    junit.framework.AssertEquals(&amp;quot;a&amp;quot;, &amp;quot;a&amp;quot;)    org.junit.Assert.fail()&quot;</span> <span class="nt">/&gt;</span></div><div class='line' id='LC2858'>&nbsp;&nbsp;&nbsp;&nbsp;<span class="nt">&lt;versionLog</span> <span class="na">num=</span><span class="s">&quot;13&quot;</span> <span class="na">sha=</span><span class="s">&quot;0128bff582b2d10bffff9ff497c3e6f697958b83&quot;</span> <span class="na">author=</span><span class="s">&quot;Kevin Cooney &amp;lt;kcooney@google.com&amp;gt;&quot;</span> <span class="na">date=</span><span class="s">&quot;Fri Jan 7 19:24:41 2011 -0800&quot;</span> <span class="na">msg=</span><span class="s">&quot;    Replace TestRule.applyAll() with RunRules.&quot;</span> <span class="nt">/&gt;</span></div><div class='line' id='LC2859'>&nbsp;&nbsp;&nbsp;&nbsp;<span class="nt">&lt;versionLog</span> <span class="na">num=</span><span class="s">&quot;14&quot;</span> <span class="na">sha=</span><span class="s">&quot;7f6173aa593b07856c1ca73ffaf87ff10ea15d4c&quot;</span> <span class="na">author=</span><span class="s">&quot;Kevin Cooney &amp;lt;kcooney@google.com&amp;gt;&quot;</span> <span class="na">date=</span><span class="s">&quot;Fri Jan 7 17:44:42 2011 -0800&quot;</span> <span class="na">msg=</span><span class="s">&quot;    Revert &amp;quot;Make TestRule an abstract class. Specify target of the rule annotations.&amp;quot;        I accidentically based this branch off of the run-leaf branch. This is the    first step to fix this.        This reverts commit 8ff0b44e3fb0c1c56a1dc6290c3b6828a5a8f9bf.&quot;</span> <span class="nt">/&gt;</span></div><div class='line' id='LC2860'>&nbsp;&nbsp;&nbsp;&nbsp;<span class="nt">&lt;versionLog</span> <span class="na">num=</span><span class="s">&quot;15&quot;</span> <span class="na">sha=</span><span class="s">&quot;c20ddf922ea1767eb9944cfb436dc9384b884d24&quot;</span> <span class="na">author=</span><span class="s">&quot;David Saff &amp;lt;david@saff.net&amp;gt;&quot;</span> <span class="na">date=</span><span class="s">&quot;Fri Jan 7 13:57:57 2011 -0500&quot;</span> <span class="na">msg=</span><span class="s">&quot;    javadoc fixes on TestRule&quot;</span> <span class="nt">/&gt;</span></div><div class='line' id='LC2861'>&nbsp;&nbsp;&nbsp;&nbsp;<span class="nt">&lt;versionLog</span> <span class="na">num=</span><span class="s">&quot;16&quot;</span> <span class="na">sha=</span><span class="s">&quot;5f25ca318bc2b35ecf8526c08a1e3b3e17d375da&quot;</span> <span class="na">author=</span><span class="s">&quot;David Saff &amp;lt;david@saff.net&amp;gt;&quot;</span> <span class="na">date=</span><span class="s">&quot;Fri Jan 7 13:03:18 2011 -0500&quot;</span> <span class="na">msg=</span><span class="s">&quot;    Fix bad javadoc and bad release notes&quot;</span> <span class="nt">/&gt;</span></div><div class='line' id='LC2862'>&nbsp;&nbsp;&nbsp;&nbsp;<span class="nt">&lt;versionLog</span> <span class="na">num=</span><span class="s">&quot;17&quot;</span> <span class="na">sha=</span><span class="s">&quot;19b0d51f397571ee8ab7810521718e555b520f4a&quot;</span> <span class="na">author=</span><span class="s">&quot;David Saff &amp;lt;david@saff.net&amp;gt;&quot;</span> <span class="na">date=</span><span class="s">&quot;Fri Jan 7 11:20:04 2011 -0500&quot;</span> <span class="na">msg=</span><span class="s">&quot;    Fixed a javadoc problem.  More remain.&quot;</span> <span class="nt">/&gt;</span></div><div class='line' id='LC2863'>&nbsp;&nbsp;&nbsp;&nbsp;<span class="nt">&lt;versionLog</span> <span class="na">num=</span><span class="s">&quot;18&quot;</span> <span class="na">sha=</span><span class="s">&quot;bed58a573c373d57d64fa369f58b2a8f0dbee3d7&quot;</span> <span class="na">author=</span><span class="s">&quot;Kevin Cooney &amp;lt;kcooney@google.com&amp;gt;&quot;</span> <span class="na">date=</span><span class="s">&quot;Wed Jan 5 12:53:46 2011 -0800&quot;</span> <span class="na">msg=</span><span class="s">&quot;    Add runLeaf() to ParentRunner.    This makes it easier to write a custom runner that supports    MultipleFailureException and AssumptionViolatedException    without depending on internal classes.&quot;</span> <span class="nt">/&gt;</span></div><div class='line' id='LC2864'>&nbsp;&nbsp;&nbsp;&nbsp;<span class="nt">&lt;versionLog</span> <span class="na">num=</span><span class="s">&quot;19&quot;</span> <span class="na">sha=</span><span class="s">&quot;8ff0b44e3fb0c1c56a1dc6290c3b6828a5a8f9bf&quot;</span> <span class="na">author=</span><span class="s">&quot;Kevin Cooney &amp;lt;kcooney@google.com&amp;gt;&quot;</span> <span class="na">date=</span><span class="s">&quot;Tue Jan 4 21:09:02 2011 -0800&quot;</span> <span class="na">msg=</span><span class="s">&quot;    Make TestRule an abstract class. Specify target of the rule annotations.        Making TestRule abstract allows the apply method to be non-public, so    developers with IDEs that are using rules will not see the apply method    as a valid completion.&quot;</span> <span class="nt">/&gt;</span></div><div class='line' id='LC2865'>&nbsp;&nbsp;&nbsp;&nbsp;<span class="nt">&lt;versionLog</span> <span class="na">num=</span><span class="s">&quot;20&quot;</span> <span class="na">sha=</span><span class="s">&quot;708ed373c02b467422890d5163fff46d1f32ab01&quot;</span> <span class="na">author=</span><span class="s">&quot;Kevin Cooney &amp;lt;kcooney@google.com&amp;gt;&quot;</span> <span class="na">date=</span><span class="s">&quot;Tue Jan 4 20:32:50 2011 -0800&quot;</span> <span class="na">msg=</span><span class="s">&quot;    Fix typos in comments&quot;</span> <span class="nt">/&gt;</span></div><div class='line' id='LC2866'>&nbsp;&nbsp;&nbsp;&nbsp;<span class="nt">&lt;versionLog</span> <span class="na">num=</span><span class="s">&quot;21&quot;</span> <span class="na">sha=</span><span class="s">&quot;751f75986b11336ac8310d73c89003b0b09ecb92&quot;</span> <span class="na">author=</span><span class="s">&quot;David Saff &amp;lt;david@saff.net&amp;gt;&quot;</span> <span class="na">date=</span><span class="s">&quot;Mon Jan 3 16:12:10 2011 -0500&quot;</span> <span class="na">msg=</span><span class="s">&quot;    For consistency, renaming version to 4.9b1&quot;</span> <span class="nt">/&gt;</span></div><div class='line' id='LC2867'>&nbsp;&nbsp;&nbsp;&nbsp;<span class="nt">&lt;versionLog</span> <span class="na">num=</span><span class="s">&quot;22&quot;</span> <span class="na">sha=</span><span class="s">&quot;a4c19ea7000b620dbb9f54c6cb625ddad1f8f33e&quot;</span> <span class="na">author=</span><span class="s">&quot;David Saff &amp;lt;david@saff.net&amp;gt;&quot;</span> <span class="na">date=</span><span class="s">&quot;Mon Jan 3 15:19:23 2011 -0500&quot;</span> <span class="na">msg=</span><span class="s">&quot;    Update version in pom.xml; delete obsolete SuiteBuilder.java;    remove duplication in build.xml&quot;</span> <span class="nt">/&gt;</span></div><div class='line' id='LC2868'>&nbsp;&nbsp;&nbsp;&nbsp;<span class="nt">&lt;versionLog</span> <span class="na">num=</span><span class="s">&quot;23&quot;</span> <span class="na">sha=</span><span class="s">&quot;6ee76dc22e56457cb5904eb6c5c0bf97939880cb&quot;</span> <span class="na">author=</span><span class="s">&quot;David Saff &amp;lt;david@saff.net&amp;gt;&quot;</span> <span class="na">date=</span><span class="s">&quot;Mon Jan 3 14:49:23 2011 -0500&quot;</span> <span class="na">msg=</span><span class="s">&quot;    Update build_tests.sh to test &amp;quot;ant profile&amp;quot;&quot;</span> <span class="nt">/&gt;</span></div><div class='line' id='LC2869'>&nbsp;&nbsp;&nbsp;&nbsp;<span class="nt">&lt;versionLog</span> <span class="na">num=</span><span class="s">&quot;24&quot;</span> <span class="na">sha=</span><span class="s">&quot;06451d15d8ed14910f68bc18fb40e5b4d2aed374&quot;</span> <span class="na">author=</span><span class="s">&quot;David Saff &amp;lt;david@saff.net&amp;gt;&quot;</span> <span class="na">date=</span><span class="s">&quot;Mon Jan 3 14:26:53 2011 -0500&quot;</span> <span class="na">msg=</span><span class="s">&quot;    Remove obsolete file Listed.java&quot;</span> <span class="nt">/&gt;</span></div><div class='line' id='LC2870'>&nbsp;&nbsp;&nbsp;&nbsp;<span class="nt">&lt;versionLog</span> <span class="na">num=</span><span class="s">&quot;25&quot;</span> <span class="na">sha=</span><span class="s">&quot;96da6a59e6f8186a8cba427acfb45639d47f3909&quot;</span> <span class="na">author=</span><span class="s">&quot;David Saff &amp;lt;david@saff.net&amp;gt;&quot;</span> <span class="na">date=</span><span class="s">&quot;Mon Jan 3 14:09:16 2011 -0500&quot;</span> <span class="na">msg=</span><span class="s">&quot;    Further documentation updates.  No obvious changes from 4.8.2 missing, now.&quot;</span> <span class="nt">/&gt;</span></div><div class='line' id='LC2871'>&nbsp;&nbsp;&nbsp;&nbsp;<span class="nt">&lt;versionLog</span> <span class="na">num=</span><span class="s">&quot;26&quot;</span> <span class="na">sha=</span><span class="s">&quot;b310cd56f1039389aa360fbf51c6349e7a8e1f02&quot;</span> <span class="na">author=</span><span class="s">&quot;David Saff &amp;lt;david@saff.net&amp;gt;&quot;</span> <span class="na">date=</span><span class="s">&quot;Mon Jan 3 13:33:50 2011 -0500&quot;</span> <span class="na">msg=</span><span class="s">&quot;    Update JUnit version, improve ClassRule javadoc, update release notes&quot;</span> <span class="nt">/&gt;</span></div><div class='line' id='LC2872'>&nbsp;&nbsp;&nbsp;&nbsp;<span class="nt">&lt;versionLog</span> <span class="na">num=</span><span class="s">&quot;27&quot;</span> <span class="na">sha=</span><span class="s">&quot;8d26b450670647c847aa0ba1dd47a9c54865c63d&quot;</span> <span class="na">author=</span><span class="s">&quot;David Saff &amp;lt;david@saff.net&amp;gt;&quot;</span> <span class="na">date=</span><span class="s">&quot;Tue Dec 28 09:46:14 2010 -0500&quot;</span> <span class="na">msg=</span><span class="s">&quot;    further documentation cleanup, especially around TestRule&quot;</span> <span class="nt">/&gt;</span></div><div class='line' id='LC2873'>&nbsp;&nbsp;&nbsp;&nbsp;<span class="nt">&lt;versionLog</span> <span class="na">num=</span><span class="s">&quot;28&quot;</span> <span class="na">sha=</span><span class="s">&quot;81b50e9f3bdb66543d07e7349026bd3b447f433e&quot;</span> <span class="na">author=</span><span class="s">&quot;David Saff &amp;lt;david@saff.net&amp;gt;&quot;</span> <span class="na">date=</span><span class="s">&quot;Tue Nov 16 10:18:17 2010 -0500&quot;</span> <span class="na">msg=</span><span class="s">&quot;    TODO cleanup for 4.9 lead-up&quot;</span> <span class="nt">/&gt;</span></div><div class='line' id='LC2874'>&nbsp;&nbsp;&nbsp;&nbsp;<span class="nt">&lt;versionLog</span> <span class="na">num=</span><span class="s">&quot;29&quot;</span> <span class="na">sha=</span><span class="s">&quot;b3789b3f879d34bbe968d5aa51d15c8856b9d102&quot;</span> <span class="na">author=</span><span class="s">&quot;Kevin Cooney &amp;lt;kcooney@google.com&amp;gt;&quot;</span> <span class="na">date=</span><span class="s">&quot;Fri Nov 12 17:30:03 2010 -0800&quot;</span> <span class="na">msg=</span><span class="s">&quot;    Create MultipleFailureException in org.junit.runners.model and deprecate the one in org.junit.internal.runners.model.    Update MultipleFailureException to have a useful message.        This allows developers who write custom runners to properly handle multiple exceptions without depending on internal classes.&quot;</span> <span class="nt">/&gt;</span></div><div class='line' id='LC2875'>&nbsp;&nbsp;&nbsp;&nbsp;<span class="nt">&lt;versionLog</span> <span class="na">num=</span><span class="s">&quot;30&quot;</span> <span class="na">sha=</span><span class="s">&quot;308768863b78f3a6345e25d7f9d35892c2de5a01&quot;</span> <span class="na">author=</span><span class="s">&quot;David Saff &amp;lt;david@saff.net&amp;gt;&quot;</span> <span class="na">date=</span><span class="s">&quot;Tue Nov 9 09:45:14 2010 -0500&quot;</span> <span class="na">msg=</span><span class="s">&quot;    Renamed TestRuleTestWatchman to TestWatcher, updated docs&quot;</span> <span class="nt">/&gt;</span></div><div class='line' id='LC2876'>&nbsp;&nbsp;&nbsp;&nbsp;<span class="nt">&lt;versionLog</span> <span class="na">num=</span><span class="s">&quot;31&quot;</span> <span class="na">sha=</span><span class="s">&quot;d21d4edb6a5c55a3d8930dd26762a26cad67d827&quot;</span> <span class="na">author=</span><span class="s">&quot;David Saff &amp;lt;david@saff.net&amp;gt;&quot;</span> <span class="na">date=</span><span class="s">&quot;Tue Nov 9 09:11:59 2010 -0500&quot;</span> <span class="na">msg=</span><span class="s">&quot;    Get rid of MethodRule deprecation warnings&quot;</span> <span class="nt">/&gt;</span></div><div class='line' id='LC2877'>&nbsp;&nbsp;&nbsp;&nbsp;<span class="nt">&lt;versionLog</span> <span class="na">num=</span><span class="s">&quot;32&quot;</span> <span class="na">sha=</span><span class="s">&quot;4041354a3a7629b74970e0624b7564736c20e1e3&quot;</span> <span class="na">author=</span><span class="s">&quot;David Saff &amp;lt;david@saff.net&amp;gt;&quot;</span> <span class="na">date=</span><span class="s">&quot;Tue Nov 9 08:57:34 2010 -0500&quot;</span> <span class="na">msg=</span><span class="s">&quot;    Starting to get rid of deprecation warnings&quot;</span> <span class="nt">/&gt;</span></div><div class='line' id='LC2878'>&nbsp;&nbsp;&nbsp;&nbsp;<span class="nt">&lt;versionLog</span> <span class="na">num=</span><span class="s">&quot;33&quot;</span> <span class="na">sha=</span><span class="s">&quot;0815c4d619b177431e64a2485baa0f746f3e2886&quot;</span> <span class="na">author=</span><span class="s">&quot;David Saff &amp;lt;david@saff.net&amp;gt;&quot;</span> <span class="na">date=</span><span class="s">&quot;Mon Oct 25 23:13:50 2010 -0400&quot;</span> <span class="na">msg=</span><span class="s">&quot;    Added TestRule, much better interface for a much better world.&quot;</span> <span class="nt">/&gt;</span></div><div class='line' id='LC2879'>&nbsp;&nbsp;&nbsp;&nbsp;<span class="nt">&lt;versionLog</span> <span class="na">num=</span><span class="s">&quot;34&quot;</span> <span class="na">sha=</span><span class="s">&quot;56b1d5d4342c13151ae2d4b3f9aca146732cfb42&quot;</span> <span class="na">author=</span><span class="s">&quot;David Saff &amp;lt;david@saff.net&amp;gt;&quot;</span> <span class="na">date=</span><span class="s">&quot;Mon Oct 25 22:50:08 2010 -0400&quot;</span> <span class="na">msg=</span><span class="s">&quot;    catch up deletion&quot;</span> <span class="nt">/&gt;</span></div><div class='line' id='LC2880'>&nbsp;&nbsp;&nbsp;&nbsp;<span class="nt">&lt;versionLog</span> <span class="na">num=</span><span class="s">&quot;35&quot;</span> <span class="na">sha=</span><span class="s">&quot;c7895eb8695d79b14ff2f903fbb2fab3e52e4c43&quot;</span> <span class="na">author=</span><span class="s">&quot;David Saff &amp;lt;david@saff.net&amp;gt;&quot;</span> <span class="na">date=</span><span class="s">&quot;Mon Oct 25 22:49:47 2010 -0400&quot;</span> <span class="na">msg=</span><span class="s">&quot;    ClassRule uses a generic, horribly named BisectionRule, and category opt-out logic is more general&quot;</span> <span class="nt">/&gt;</span></div><div class='line' id='LC2881'>&nbsp;&nbsp;&nbsp;&nbsp;<span class="nt">&lt;versionLog</span> <span class="na">num=</span><span class="s">&quot;36&quot;</span> <span class="na">sha=</span><span class="s">&quot;95a8c63cb0a7867d58ee4a0777fec65bab39a1ec&quot;</span> <span class="na">author=</span><span class="s">&quot;David Saff &amp;lt;saff@dr-computer.home&amp;gt;&quot;</span> <span class="na">date=</span><span class="s">&quot;Tue Oct 12 23:20:49 2010 -0400&quot;</span> <span class="na">msg=</span><span class="s">&quot;    Add comment about next steps&quot;</span> <span class="nt">/&gt;</span></div><div class='line' id='LC2882'>&nbsp;&nbsp;&nbsp;&nbsp;<span class="nt">&lt;versionLog</span> <span class="na">num=</span><span class="s">&quot;37&quot;</span> <span class="na">sha=</span><span class="s">&quot;403f761da11bdaf9a03538139e7ae51601c36b0e&quot;</span> <span class="na">author=</span><span class="s">&quot;David Saff &amp;lt;david@saff.net&amp;gt;&quot;</span> <span class="na">date=</span><span class="s">&quot;Tue Oct 12 23:03:29 2010 -0400&quot;</span> <span class="na">msg=</span><span class="s">&quot;    Correctly doesn&#39;t try to parse categories for methods of parameterized test classes.&quot;</span> <span class="nt">/&gt;</span></div><div class='line' id='LC2883'>&nbsp;&nbsp;&nbsp;&nbsp;<span class="nt">&lt;versionLog</span> <span class="na">num=</span><span class="s">&quot;38&quot;</span> <span class="na">sha=</span><span class="s">&quot;b3831d600d2d893ec6250ee930188cc373d81ee5&quot;</span> <span class="na">author=</span><span class="s">&quot;David Saff &amp;lt;saff@dr-computer.local&amp;gt;&quot;</span> <span class="na">date=</span><span class="s">&quot;Mon Aug 30 22:10:50 2010 -0400&quot;</span> <span class="na">msg=</span><span class="s">&quot;    Fixed direct category/parameterized conflict in a hacky way.  Next, error for method-level category annotations in parameterized class.&quot;</span> <span class="nt">/&gt;</span></div><div class='line' id='LC2884'>&nbsp;&nbsp;&nbsp;&nbsp;<span class="nt">&lt;versionLog</span> <span class="na">num=</span><span class="s">&quot;39&quot;</span> <span class="na">sha=</span><span class="s">&quot;568e29c871ea144e12f273dc7e12c949a5a507da&quot;</span> <span class="na">author=</span><span class="s">&quot;dsaff &amp;lt;david@saff.net&amp;gt;&quot;</span> <span class="na">date=</span><span class="s">&quot;Wed May 19 22:24:16 2010 -0400&quot;</span> <span class="na">msg=</span><span class="s">&quot;    Adding ClassRules&quot;</span> <span class="nt">/&gt;</span></div><div class='line' id='LC2885'>&nbsp;&nbsp;&nbsp;&nbsp;<span class="nt">&lt;versionLog</span> <span class="na">num=</span><span class="s">&quot;40&quot;</span> <span class="na">sha=</span><span class="s">&quot;f09cff79b941a525271f3f2838a9742b4c5c8d36&quot;</span> <span class="na">author=</span><span class="s">&quot;dsaff &amp;lt;david@saff.net&amp;gt;&quot;</span> <span class="na">date=</span><span class="s">&quot;Wed May 12 00:42:59 2010 -0400&quot;</span> <span class="na">msg=</span><span class="s">&quot;    alpha-ready implementation of SuiteBuilder&quot;</span> <span class="nt">/&gt;</span></div><div class='line' id='LC2886'>&nbsp;&nbsp;&nbsp;&nbsp;<span class="nt">&lt;versionLog</span> <span class="na">num=</span><span class="s">&quot;41&quot;</span> <span class="na">sha=</span><span class="s">&quot;3b7ab4a322c966602f202e455a8bc4612af56a18&quot;</span> <span class="na">author=</span><span class="s">&quot;dsaff &amp;lt;david@saff.net&amp;gt;&quot;</span> <span class="na">date=</span><span class="s">&quot;Wed May 12 00:20:38 2010 -0400&quot;</span> <span class="na">msg=</span><span class="s">&quot;    Re-adding SuiteBuilder (renamed Suite2), and CategoryFilter&quot;</span> <span class="nt">/&gt;</span></div><div class='line' id='LC2887'>&nbsp;&nbsp;&nbsp;&nbsp;<span class="nt">&lt;versionLog</span> <span class="na">num=</span><span class="s">&quot;42&quot;</span> <span class="na">sha=</span><span class="s">&quot;ab2395c8c07077bed6aa5b673bf05197627bad3f&quot;</span> <span class="na">author=</span><span class="s">&quot;Alistair A. Israel &amp;lt;aisrael@gmail.com&amp;gt;&quot;</span> <span class="na">date=</span><span class="s">&quot;Thu May 6 16:32:07 2010 +0800&quot;</span> <span class="na">msg=</span><span class="s">&quot;    Lost the import again&quot;</span> <span class="nt">/&gt;</span></div><div class='line' id='LC2888'>&nbsp;&nbsp;&nbsp;&nbsp;<span class="nt">&lt;versionLog</span> <span class="na">num=</span><span class="s">&quot;43&quot;</span> <span class="na">sha=</span><span class="s">&quot;28ef5cb783d9e4b8239f7984696a9c5080c126a7&quot;</span> <span class="na">author=</span><span class="s">&quot;Alistair A. Israel &amp;lt;aisrael@gmail.com&amp;gt;&quot;</span> <span class="na">date=</span><span class="s">&quot;Thu May 6 16:21:41 2010 +0800&quot;</span> <span class="na">msg=</span><span class="s">&quot;    Added missing imports after merge&quot;</span> <span class="nt">/&gt;</span></div><div class='line' id='LC2889'>&nbsp;&nbsp;&nbsp;&nbsp;<span class="nt">&lt;versionLog</span> <span class="na">num=</span><span class="s">&quot;44&quot;</span> <span class="na">sha=</span><span class="s">&quot;3840331fd1918e91b0a36a263d141a40c41566a9&quot;</span> <span class="na">author=</span><span class="s">&quot;Alistair A. Israel &amp;lt;aisrael@gmail.com&amp;gt;&quot;</span> <span class="na">date=</span><span class="s">&quot;Thu May 6 16:18:46 2010 +0800&quot;</span> <span class="na">msg=</span><span class="s">&quot;    Revert &amp;quot;Fixed compilation errors from merge&amp;quot;        This reverts commit 0b2483896d93e5a26cf433b52c463e9aff9ea022.&quot;</span> <span class="nt">/&gt;</span></div><div class='line' id='LC2890'>&nbsp;&nbsp;&nbsp;&nbsp;<span class="nt">&lt;versionLog</span> <span class="na">num=</span><span class="s">&quot;45&quot;</span> <span class="na">sha=</span><span class="s">&quot;0b2483896d93e5a26cf433b52c463e9aff9ea022&quot;</span> <span class="na">author=</span><span class="s">&quot;Alistair A. Israel &amp;lt;aisrael@gmail.com&amp;gt;&quot;</span> <span class="na">date=</span><span class="s">&quot;Thu May 6 16:18:18 2010 +0800&quot;</span> <span class="na">msg=</span><span class="s">&quot;    Fixed compilation errors from merge&quot;</span> <span class="nt">/&gt;</span></div><div class='line' id='LC2891'>&nbsp;&nbsp;&nbsp;&nbsp;<span class="nt">&lt;versionLog</span> <span class="na">num=</span><span class="s">&quot;46&quot;</span> <span class="na">sha=</span><span class="s">&quot;ab51452ac565d286b7bbd5a13767253c317bb29f&quot;</span> <span class="na">author=</span><span class="s">&quot;dsaff &amp;lt;david@saff.net&amp;gt;&quot;</span> <span class="na">date=</span><span class="s">&quot;Mon May 3 22:23:59 2010 -0400&quot;</span> <span class="na">msg=</span><span class="s">&quot;    Fixes github#98: assumptions with expected exceptions&quot;</span> <span class="nt">/&gt;</span></div><div class='line' id='LC2892'>&nbsp;&nbsp;&nbsp;&nbsp;<span class="nt">&lt;versionLog</span> <span class="na">num=</span><span class="s">&quot;47&quot;</span> <span class="na">sha=</span><span class="s">&quot;a30e87b6ac67f14a42b97d427bb1c8c6ba18cd87&quot;</span> <span class="na">author=</span><span class="s">&quot;dsaff &amp;lt;david@saff.net&amp;gt;&quot;</span> <span class="na">date=</span><span class="s">&quot;Thu Apr 8 13:04:17 2010 -0400&quot;</span> <span class="na">msg=</span><span class="s">&quot;    Clean-up after review in github&#39;s compare view.  Thanks, github.&quot;</span> <span class="nt">/&gt;</span></div><div class='line' id='LC2893'>&nbsp;&nbsp;&nbsp;&nbsp;<span class="nt">&lt;versionLog</span> <span class="na">num=</span><span class="s">&quot;48&quot;</span> <span class="na">sha=</span><span class="s">&quot;a64ef43fc5d2a019d5cebd17a3c7ecb3341e5dfa&quot;</span> <span class="na">author=</span><span class="s">&quot;dsaff &amp;lt;david@saff.net&amp;gt;&quot;</span> <span class="na">date=</span><span class="s">&quot;Tue Apr 6 10:17:07 2010 +0800&quot;</span> <span class="na">msg=</span><span class="s">&quot;    up version&quot;</span> <span class="nt">/&gt;</span></div><div class='line' id='LC2894'>&nbsp;&nbsp;&nbsp;&nbsp;<span class="nt">&lt;versionLog</span> <span class="na">num=</span><span class="s">&quot;49&quot;</span> <span class="na">sha=</span><span class="s">&quot;d0534dae86dd511eb0575dbdf7e706a40f51e590&quot;</span> <span class="na">author=</span><span class="s">&quot;dsaff &amp;lt;david@saff.net&amp;gt;&quot;</span> <span class="na">date=</span><span class="s">&quot;Tue Apr 6 09:43:42 2010 +0800&quot;</span> <span class="na">msg=</span><span class="s">&quot;    Improve handling of TestSuites&quot;</span> <span class="nt">/&gt;</span></div><div class='line' id='LC2895'>&nbsp;&nbsp;&nbsp;&nbsp;<span class="nt">&lt;versionLog</span> <span class="na">num=</span><span class="s">&quot;50&quot;</span> <span class="na">sha=</span><span class="s">&quot;7ffc23078cc11ce7502c375242b66d6a745ac9a1&quot;</span> <span class="na">author=</span><span class="s">&quot;dsaff &amp;lt;david@saff.net&amp;gt;&quot;</span> <span class="na">date=</span><span class="s">&quot;Tue Apr 6 02:27:28 2010 +0800&quot;</span> <span class="na">msg=</span><span class="s">&quot;    Fix compilation errors&quot;</span> <span class="nt">/&gt;</span></div><div class='line' id='LC2896'>&nbsp;&nbsp;&nbsp;&nbsp;<span class="nt">&lt;versionLog</span> <span class="na">num=</span><span class="s">&quot;51&quot;</span> <span class="na">sha=</span><span class="s">&quot;01ecc0d5bc9f8b49ed36881cc258573a43bef69f&quot;</span> <span class="na">author=</span><span class="s">&quot;dsaff &amp;lt;david@saff.net&amp;gt;&quot;</span> <span class="na">date=</span><span class="s">&quot;Tue Apr 6 02:16:53 2010 +0800&quot;</span> <span class="na">msg=</span><span class="s">&quot;    I want these gone&quot;</span> <span class="nt">/&gt;</span></div><div class='line' id='LC2897'>&nbsp;&nbsp;&nbsp;&nbsp;<span class="nt">&lt;versionLog</span> <span class="na">num=</span><span class="s">&quot;52&quot;</span> <span class="na">sha=</span><span class="s">&quot;309edadfd8a7169e99571d36ec31cacfaabb2fe1&quot;</span> <span class="na">author=</span><span class="s">&quot;Berin Loritsch &amp;lt;berin@berin-laptop.(none)&amp;gt;&quot;</span> <span class="na">date=</span><span class="s">&quot;Wed Feb 10 07:02:17 2010 +0800&quot;</span> <span class="na">msg=</span><span class="s">&quot;    Take care of the TODO to make the inner class static.&quot;</span> <span class="nt">/&gt;</span></div><div class='line' id='LC2898'>&nbsp;&nbsp;&nbsp;&nbsp;<span class="nt">&lt;versionLog</span> <span class="na">num=</span><span class="s">&quot;53&quot;</span> <span class="na">sha=</span><span class="s">&quot;a21ce2438fd69d6656dcf5274deb031976df12c1&quot;</span> <span class="na">author=</span><span class="s">&quot;dsaff &amp;lt;david@saff.net&amp;gt;&quot;</span> <span class="na">date=</span><span class="s">&quot;Tue Apr 6 02:14:12 2010 +0800&quot;</span> <span class="na">msg=</span><span class="s">&quot;    Most of the plans and mark2 nonsense gone&quot;</span> <span class="nt">/&gt;</span></div><div class='line' id='LC2899'>&nbsp;&nbsp;&nbsp;&nbsp;<span class="nt">&lt;versionLog</span> <span class="na">num=</span><span class="s">&quot;54&quot;</span> <span class="na">sha=</span><span class="s">&quot;5f7fddf537e551109ffd6241a00c87a2b3521523&quot;</span> <span class="na">author=</span><span class="s">&quot;dsaff &amp;lt;david@saff.net&amp;gt;&quot;</span> <span class="na">date=</span><span class="s">&quot;Tue Apr 6 02:13:46 2010 +0800&quot;</span> <span class="na">msg=</span><span class="s">&quot;    Most of the plans and mark2 nonsense gone&quot;</span> <span class="nt">/&gt;</span></div><div class='line' id='LC2900'>&nbsp;&nbsp;&nbsp;&nbsp;<span class="nt">&lt;versionLog</span> <span class="na">num=</span><span class="s">&quot;55&quot;</span> <span class="na">sha=</span><span class="s">&quot;496ee866a46f783d145b649a688df57cbf79490e&quot;</span> <span class="na">author=</span><span class="s">&quot;dsaff &amp;lt;david@saff.net&amp;gt;&quot;</span> <span class="na">date=</span><span class="s">&quot;Wed Mar 10 01:36:07 2010 +0800&quot;</span> <span class="na">msg=</span><span class="s">&quot;    categories 2&quot;</span> <span class="nt">/&gt;</span></div><div class='line' id='LC2901'>&nbsp;&nbsp;&nbsp;&nbsp;<span class="nt">&lt;versionLog</span> <span class="na">num=</span><span class="s">&quot;56&quot;</span> <span class="na">sha=</span><span class="s">&quot;25fa1d53ff124bc82d9d449c37ff1dea186c3e42&quot;</span> <span class="na">author=</span><span class="s">&quot;dsaff &amp;lt;david@saff.net&amp;gt;&quot;</span> <span class="na">date=</span><span class="s">&quot;Mon Apr 5 22:17:07 2010 -0400&quot;</span> <span class="na">msg=</span><span class="s">&quot;    up version&quot;</span> <span class="nt">/&gt;</span></div><div class='line' id='LC2902'>&nbsp;&nbsp;&nbsp;&nbsp;<span class="nt">&lt;versionLog</span> <span class="na">num=</span><span class="s">&quot;57&quot;</span> <span class="na">sha=</span><span class="s">&quot;2de4d6f2bcf699b94614f9208f620f4c56bc9876&quot;</span> <span class="na">author=</span><span class="s">&quot;dsaff &amp;lt;david@saff.net&amp;gt;&quot;</span> <span class="na">date=</span><span class="s">&quot;Mon Apr 5 21:43:42 2010 -0400&quot;</span> <span class="na">msg=</span><span class="s">&quot;    Improve handling of TestSuites.  Closes gh-96&quot;</span> <span class="nt">/&gt;</span></div><div class='line' id='LC2903'>&nbsp;&nbsp;&nbsp;&nbsp;<span class="nt">&lt;versionLog</span> <span class="na">num=</span><span class="s">&quot;58&quot;</span> <span class="na">sha=</span><span class="s">&quot;70adacdc1a7f963c081a9752ba62200f8b798d56&quot;</span> <span class="na">author=</span><span class="s">&quot;dsaff &amp;lt;david@saff.net&amp;gt;&quot;</span> <span class="na">date=</span><span class="s">&quot;Mon Apr 5 21:43:42 2010 -0400&quot;</span> <span class="na">msg=</span><span class="s">&quot;    Improve handling of TestSuites&quot;</span> <span class="nt">/&gt;</span></div><div class='line' id='LC2904'>&nbsp;&nbsp;&nbsp;&nbsp;<span class="nt">&lt;versionLog</span> <span class="na">num=</span><span class="s">&quot;59&quot;</span> <span class="na">sha=</span><span class="s">&quot;1d86784cd452e8d9e30d812255cadb75ef8dae15&quot;</span> <span class="na">author=</span><span class="s">&quot;dsaff &amp;lt;david@saff.net&amp;gt;&quot;</span> <span class="na">date=</span><span class="s">&quot;Mon Apr 5 14:27:28 2010 -0400&quot;</span> <span class="na">msg=</span><span class="s">&quot;    Fix compilation errors&quot;</span> <span class="nt">/&gt;</span></div><div class='line' id='LC2905'>&nbsp;&nbsp;&nbsp;&nbsp;<span class="nt">&lt;versionLog</span> <span class="na">num=</span><span class="s">&quot;60&quot;</span> <span class="na">sha=</span><span class="s">&quot;5077a8c714a3693e26e15932feeb3861175ac849&quot;</span> <span class="na">author=</span><span class="s">&quot;dsaff &amp;lt;david@saff.net&amp;gt;&quot;</span> <span class="na">date=</span><span class="s">&quot;Mon Apr 5 14:16:53 2010 -0400&quot;</span> <span class="na">msg=</span><span class="s">&quot;    I want these gone&quot;</span> <span class="nt">/&gt;</span></div><div class='line' id='LC2906'>&nbsp;&nbsp;&nbsp;&nbsp;<span class="nt">&lt;versionLog</span> <span class="na">num=</span><span class="s">&quot;61&quot;</span> <span class="na">sha=</span><span class="s">&quot;e39dc46adb1cd28a9f348e6f336764f70fcb4cdf&quot;</span> <span class="na">author=</span><span class="s">&quot;dsaff &amp;lt;david@saff.net&amp;gt;&quot;</span> <span class="na">date=</span><span class="s">&quot;Mon Apr 5 14:14:12 2010 -0400&quot;</span> <span class="na">msg=</span><span class="s">&quot;    Most of the plans and mark2 nonsense gone&quot;</span> <span class="nt">/&gt;</span></div><div class='line' id='LC2907'>&nbsp;&nbsp;&nbsp;&nbsp;<span class="nt">&lt;versionLog</span> <span class="na">num=</span><span class="s">&quot;62&quot;</span> <span class="na">sha=</span><span class="s">&quot;97402a3401c6cc2d45d395c0d9d636f483b5571c&quot;</span> <span class="na">author=</span><span class="s">&quot;dsaff &amp;lt;david@saff.net&amp;gt;&quot;</span> <span class="na">date=</span><span class="s">&quot;Mon Apr 5 14:13:46 2010 -0400&quot;</span> <span class="na">msg=</span><span class="s">&quot;    Most of the plans and mark2 nonsense gone&quot;</span> <span class="nt">/&gt;</span></div><div class='line' id='LC2908'>&nbsp;&nbsp;&nbsp;&nbsp;<span class="nt">&lt;versionLog</span> <span class="na">num=</span><span class="s">&quot;63&quot;</span> <span class="na">sha=</span><span class="s">&quot;b8c76067e505713f90195087ec53a078654ec3fa&quot;</span> <span class="na">author=</span><span class="s">&quot;dsaff &amp;lt;david@saff.net&amp;gt;&quot;</span> <span class="na">date=</span><span class="s">&quot;Tue Mar 9 12:36:07 2010 -0500&quot;</span> <span class="na">msg=</span><span class="s">&quot;    categories 2&quot;</span> <span class="nt">/&gt;</span></div><div class='line' id='LC2909'>&nbsp;&nbsp;&nbsp;&nbsp;<span class="nt">&lt;versionLog</span> <span class="na">num=</span><span class="s">&quot;64&quot;</span> <span class="na">sha=</span><span class="s">&quot;54b657ce3d7042fc0adc13130400322b5dd70779&quot;</span> <span class="na">author=</span><span class="s">&quot;Berin Loritsch &amp;lt;berin@berin-laptop.(none)&amp;gt;&quot;</span> <span class="na">date=</span><span class="s">&quot;Wed Feb 10 07:02:17 2010 +0800&quot;</span> <span class="na">msg=</span><span class="s">&quot;    Take care of the TODO to make the inner class static.&quot;</span> <span class="nt">/&gt;</span></div><div class='line' id='LC2910'>&nbsp;&nbsp;&nbsp;&nbsp;<span class="nt">&lt;versionLog</span> <span class="na">num=</span><span class="s">&quot;65&quot;</span> <span class="na">sha=</span><span class="s">&quot;1bbab715de4c64943948ecc3739c8d5569378672&quot;</span> <span class="na">author=</span><span class="s">&quot;David Saff &amp;lt;saff@redredrobot.home&amp;gt;&quot;</span> <span class="na">date=</span><span class="s">&quot;Mon Feb 8 23:10:47 2010 -0500&quot;</span> <span class="na">msg=</span><span class="s">&quot;    CategoriesMark2 reuse code properly from TestClass&quot;</span> <span class="nt">/&gt;</span></div><div class='line' id='LC2911'>&nbsp;&nbsp;&nbsp;&nbsp;<span class="nt">&lt;versionLog</span> <span class="na">num=</span><span class="s">&quot;66&quot;</span> <span class="na">sha=</span><span class="s">&quot;04189a834a01ae7ff3189bfa869e90d1a7f83acf&quot;</span> <span class="na">author=</span><span class="s">&quot;David Saff &amp;lt;saff@redredrobot.home&amp;gt;&quot;</span> <span class="na">date=</span><span class="s">&quot;Mon Feb 8 22:05:58 2010 -0500&quot;</span> <span class="na">msg=</span><span class="s">&quot;    added test of TestName in Before and After&quot;</span> <span class="nt">/&gt;</span></div><div class='line' id='LC2912'>&nbsp;&nbsp;&nbsp;&nbsp;<span class="nt">&lt;versionLog</span> <span class="na">num=</span><span class="s">&quot;67&quot;</span> <span class="na">sha=</span><span class="s">&quot;4de916220b9e70d08eccf7e7e292fe9e54157e92&quot;</span> <span class="na">author=</span><span class="s">&quot;David Saff &amp;lt;saff@redredrobot.home&amp;gt;&quot;</span> <span class="na">date=</span><span class="s">&quot;Tue Feb 2 23:35:20 2010 -0500&quot;</span> <span class="na">msg=</span><span class="s">&quot;    Started on a new API for categories (and filters in general)&quot;</span> <span class="nt">/&gt;</span></div><div class='line' id='LC2913'>&nbsp;&nbsp;&nbsp;&nbsp;<span class="nt">&lt;versionLog</span> <span class="na">num=</span><span class="s">&quot;68&quot;</span> <span class="na">sha=</span><span class="s">&quot;8dd7600e8634709c2e673e825e3f8cea58ff3c65&quot;</span> <span class="na">author=</span><span class="s">&quot;David Saff &amp;lt;saff@dhcp-172-31-197-85.cam.corp.google.com&amp;gt;&quot;</span> <span class="na">date=</span><span class="s">&quot;Mon Feb 1 14:09:52 2010 -0500&quot;</span> <span class="na">msg=</span><span class="s">&quot;    Temporarily here to keep master clean&quot;</span> <span class="nt">/&gt;</span></div><div class='line' id='LC2914'>&nbsp;&nbsp;&nbsp;&nbsp;<span class="nt">&lt;versionLog</span> <span class="na">num=</span><span class="s">&quot;69&quot;</span> <span class="na">sha=</span><span class="s">&quot;12b9b787a161d4b460d4d6a14da6ac53cac3713b&quot;</span> <span class="na">author=</span><span class="s">&quot;David Saff &amp;lt;saff@redredrobot.home&amp;gt;&quot;</span> <span class="na">date=</span><span class="s">&quot;Mon Jan 25 23:46:25 2010 -0500&quot;</span> <span class="na">msg=</span><span class="s">&quot;    Category filter can look all the way up the Description stack&quot;</span> <span class="nt">/&gt;</span></div><div class='line' id='LC2915'>&nbsp;&nbsp;&nbsp;&nbsp;<span class="nt">&lt;versionLog</span> <span class="na">num=</span><span class="s">&quot;70&quot;</span> <span class="na">sha=</span><span class="s">&quot;86abf33f863fee1db3ba7dd8ee3e9910f105f57d&quot;</span> <span class="na">author=</span><span class="s">&quot;David Saff &amp;lt;saff@redredrobot.local&amp;gt;&quot;</span> <span class="na">date=</span><span class="s">&quot;Thu Jan 21 16:30:36 2010 -0500&quot;</span> <span class="na">msg=</span><span class="s">&quot;    test for multi-level category application&quot;</span> <span class="nt">/&gt;</span></div><div class='line' id='LC2916'>&nbsp;&nbsp;&nbsp;&nbsp;<span class="nt">&lt;versionLog</span> <span class="na">num=</span><span class="s">&quot;71&quot;</span> <span class="na">sha=</span><span class="s">&quot;9de3abe6c337247fd4b5d5af6406bdbb30403f50&quot;</span> <span class="na">author=</span><span class="s">&quot;David Saff &amp;lt;saff@redredrobot.local&amp;gt;&quot;</span> <span class="na">date=</span><span class="s">&quot;Thu Jan 21 15:52:21 2010 -0500&quot;</span> <span class="na">msg=</span><span class="s">&quot;    private fields and appropriate use of Plan&quot;</span> <span class="nt">/&gt;</span></div><div class='line' id='LC2917'>&nbsp;&nbsp;&nbsp;&nbsp;<span class="nt">&lt;versionLog</span> <span class="na">num=</span><span class="s">&quot;72&quot;</span> <span class="na">sha=</span><span class="s">&quot;b33b4b090c224c14415d0ffb68a078a097aeaf71&quot;</span> <span class="na">author=</span><span class="s">&quot;David Saff &amp;lt;saff@redredrobot.home&amp;gt;&quot;</span> <span class="na">date=</span><span class="s">&quot;Mon Jan 4 23:13:25 2010 -0500&quot;</span> <span class="na">msg=</span><span class="s">&quot;    RunNotifier.fireTestRunStarted(Plan) to replace fireTestRunStarted(Description)&quot;</span> <span class="nt">/&gt;</span></div><div class='line' id='LC2918'>&nbsp;&nbsp;&nbsp;&nbsp;<span class="nt">&lt;versionLog</span> <span class="na">num=</span><span class="s">&quot;73&quot;</span> <span class="na">sha=</span><span class="s">&quot;66cf6859fa74021320c9b0d5e0a6ffc5c86b770f&quot;</span> <span class="na">author=</span><span class="s">&quot;David Saff &amp;lt;saff@redredrobot.home&amp;gt;&quot;</span> <span class="na">date=</span><span class="s">&quot;Mon Jan 4 22:43:46 2010 -0500&quot;</span> <span class="na">msg=</span><span class="s">&quot;    Description.getChildren removed from all tests&quot;</span> <span class="nt">/&gt;</span></div><div class='line' id='LC2919'>&nbsp;&nbsp;&nbsp;&nbsp;<span class="nt">&lt;versionLog</span> <span class="na">num=</span><span class="s">&quot;74&quot;</span> <span class="na">sha=</span><span class="s">&quot;c503e40d9ec79ba76b69dd31d7dd32648fa13cf2&quot;</span> <span class="na">author=</span><span class="s">&quot;David Saff &amp;lt;saff@redredrobot.home&amp;gt;&quot;</span> <span class="na">date=</span><span class="s">&quot;Mon Jan 4 22:40:54 2010 -0500&quot;</span> <span class="na">msg=</span><span class="s">&quot;    Deleted huge time-tripling test, MaxCore uses Plan for recursive descent&quot;</span> <span class="nt">/&gt;</span></div><div class='line' id='LC2920'>&nbsp;&nbsp;&nbsp;&nbsp;<span class="nt">&lt;versionLog</span> <span class="na">num=</span><span class="s">&quot;75&quot;</span> <span class="na">sha=</span><span class="s">&quot;c3873cf7b17abba564374522af2bdc02abcc509d&quot;</span> <span class="na">author=</span><span class="s">&quot;David Saff &amp;lt;saff@dhcp-172-31-197-85.cam.corp.google.com&amp;gt;&quot;</span> <span class="na">date=</span><span class="s">&quot;Wed Dec 23 13:40:13 2009 -0500&quot;</span> <span class="na">msg=</span><span class="s">&quot;    Max uses Plan rather than Description now&quot;</span> <span class="nt">/&gt;</span></div><div class='line' id='LC2921'>&nbsp;&nbsp;&nbsp;&nbsp;<span class="nt">&lt;versionLog</span> <span class="na">num=</span><span class="s">&quot;76&quot;</span> <span class="na">sha=</span><span class="s">&quot;f1f4fe290a3a35a9083d2e76e922b57350e05f34&quot;</span> <span class="na">author=</span><span class="s">&quot;David Saff &amp;lt;saff@redredrobot.local&amp;gt;&quot;</span> <span class="na">date=</span><span class="s">&quot;Tue Dec 22 11:18:29 2009 -0500&quot;</span> <span class="na">msg=</span><span class="s">&quot;    Cleaned up methods and method order&quot;</span> <span class="nt">/&gt;</span></div><div class='line' id='LC2922'>&nbsp;&nbsp;&nbsp;&nbsp;<span class="nt">&lt;versionLog</span> <span class="na">num=</span><span class="s">&quot;77&quot;</span> <span class="na">sha=</span><span class="s">&quot;6589127231db19458b696785bab3b839f9bde90f&quot;</span> <span class="na">author=</span><span class="s">&quot;David Saff &amp;lt;saff@redredrobot.local&amp;gt;&quot;</span> <span class="na">date=</span><span class="s">&quot;Tue Dec 22 10:52:53 2009 -0500&quot;</span> <span class="na">msg=</span><span class="s">&quot;    Added Plan, which knows about child relationships--we&#39;ll eventually deprecate children from Description.  Plan is first used in JUnit4TestAdapter&quot;</span> <span class="nt">/&gt;</span></div><div class='line' id='LC2923'>&nbsp;&nbsp;&nbsp;&nbsp;<span class="nt">&lt;versionLog</span> <span class="na">num=</span><span class="s">&quot;78&quot;</span> <span class="na">sha=</span><span class="s">&quot;870289f3272917f312de6902b8b6bdc43552d4b7&quot;</span> <span class="na">author=</span><span class="s">&quot;David Saff &amp;lt;saff@redredrobot.home&amp;gt;&quot;</span> <span class="na">date=</span><span class="s">&quot;Mon Dec 21 22:54:05 2009 -0500&quot;</span> <span class="na">msg=</span><span class="s">&quot;    Simplify Filter implementation for backward compatibility&quot;</span> <span class="nt">/&gt;</span></div><div class='line' id='LC2924'>&nbsp;&nbsp;&nbsp;&nbsp;<span class="nt">&lt;versionLog</span> <span class="na">num=</span><span class="s">&quot;79&quot;</span> <span class="na">sha=</span><span class="s">&quot;2f9b53dbecad010dbb7e7cfff3a11476b7d2208a&quot;</span> <span class="na">author=</span><span class="s">&quot;David Saff &amp;lt;saff@redredrobot.home&amp;gt;&quot;</span> <span class="na">date=</span><span class="s">&quot;Mon Dec 21 22:30:10 2009 -0500&quot;</span> <span class="na">msg=</span><span class="s">&quot;    Simplify Filter implementations&quot;</span> <span class="nt">/&gt;</span></div><div class='line' id='LC2925'>&nbsp;&nbsp;&nbsp;&nbsp;<span class="nt">&lt;versionLog</span> <span class="na">num=</span><span class="s">&quot;80&quot;</span> <span class="na">sha=</span><span class="s">&quot;7cd277620b4c888ae4101bb3f4768af83b85313a&quot;</span> <span class="na">author=</span><span class="s">&quot;David Saff &amp;lt;saff@dhcp-172-31-197-85.cam.corp.google.com&amp;gt;&quot;</span> <span class="na">date=</span><span class="s">&quot;Fri Dec 18 09:50:45 2009 -0500&quot;</span> <span class="na">msg=</span><span class="s">&quot;    Better documentation of Filter method, which allows a more succinct definition of ParentRunner&quot;</span> <span class="nt">/&gt;</span></div><div class='line' id='LC2926'>&nbsp;&nbsp;&nbsp;&nbsp;<span class="nt">&lt;versionLog</span> <span class="na">num=</span><span class="s">&quot;81&quot;</span> <span class="na">sha=</span><span class="s">&quot;7a2b0460c7abd7573faa9d7845a5b1169dcdcb7f&quot;</span> <span class="na">author=</span><span class="s">&quot;David Saff &amp;lt;saff@dhcp-172-31-197-85.cam.corp.google.com&amp;gt;&quot;</span> <span class="na">date=</span><span class="s">&quot;Fri Dec 18 09:05:43 2009 -0500&quot;</span> <span class="na">msg=</span><span class="s">&quot;    Big refactor&quot;</span> <span class="nt">/&gt;</span></div><div class='line' id='LC2927'>&nbsp;&nbsp;&nbsp;&nbsp;<span class="nt">&lt;versionLog</span> <span class="na">num=</span><span class="s">&quot;82&quot;</span> <span class="na">sha=</span><span class="s">&quot;d3e86b059db787af5c0d58ddf3f69af5b42865b8&quot;</span> <span class="na">author=</span><span class="s">&quot;David Saff &amp;lt;saff@redredrobot.home&amp;gt;&quot;</span> <span class="na">date=</span><span class="s">&quot;Thu Dec 17 23:59:38 2009 -0500&quot;</span> <span class="na">msg=</span><span class="s">&quot;    About to do surgery on ParentRunner&quot;</span> <span class="nt">/&gt;</span></div><div class='line' id='LC2928'>&nbsp;&nbsp;&nbsp;&nbsp;<span class="nt">&lt;versionLog</span> <span class="na">num=</span><span class="s">&quot;83&quot;</span> <span class="na">sha=</span><span class="s">&quot;832bb8322f2ca09af52769a0198b276269b53988&quot;</span> <span class="na">author=</span><span class="s">&quot;David Saff &amp;lt;saff@dhcp-172-31-197-85.cam.corp.google.com&amp;gt;&quot;</span> <span class="na">date=</span><span class="s">&quot;Tue Dec 8 10:15:44 2009 -0500&quot;</span> <span class="na">msg=</span><span class="s">&quot;    Clarify that annotating suite has no effect&quot;</span> <span class="nt">/&gt;</span></div><div class='line' id='LC2929'>&nbsp;&nbsp;&nbsp;&nbsp;<span class="nt">&lt;versionLog</span> <span class="na">num=</span><span class="s">&quot;84&quot;</span> <span class="na">sha=</span><span class="s">&quot;ea80d1aa27f92ce103c43c0bf70a829d6e31111d&quot;</span> <span class="na">author=</span><span class="s">&quot;David Saff &amp;lt;saff@dhcp-172-31-197-85.cam.corp.google.com&amp;gt;&quot;</span> <span class="na">date=</span><span class="s">&quot;Tue Dec 8 10:13:21 2009 -0500&quot;</span> <span class="na">msg=</span><span class="s">&quot;    Fix documentation reference to CategoryType&quot;</span> <span class="nt">/&gt;</span></div><div class='line' id='LC2930'>&nbsp;&nbsp;&nbsp;&nbsp;<span class="nt">&lt;versionLog</span> <span class="na">num=</span><span class="s">&quot;85&quot;</span> <span class="na">sha=</span><span class="s">&quot;7d8f2b7f6e190e8e59efacc10bc617b6646d131b&quot;</span> <span class="na">author=</span><span class="s">&quot;David Saff &amp;lt;saff@redredrobot.home&amp;gt;&quot;</span> <span class="na">date=</span><span class="s">&quot;Mon Dec 7 23:00:43 2009 -0500&quot;</span> <span class="na">msg=</span><span class="s">&quot;    Annotations on classes are merged with method annotations for categories&quot;</span> <span class="nt">/&gt;</span></div><div class='line' id='LC2931'>&nbsp;&nbsp;&nbsp;&nbsp;<span class="nt">&lt;versionLog</span> <span class="na">num=</span><span class="s">&quot;86&quot;</span> <span class="na">sha=</span><span class="s">&quot;d0c70cac5b28861803d97d59ab93dfcb10d2c4d3&quot;</span> <span class="na">author=</span><span class="s">&quot;David Saff &amp;lt;saff@dhcp-172-31-197-85.cam.corp.google.com&amp;gt;&quot;</span> <span class="na">date=</span><span class="s">&quot;Thu Dec 3 15:21:05 2009 -0500&quot;</span> <span class="na">msg=</span><span class="s">&quot;    Make release notes compilable, add announce list to building task list, fix generics issues.&quot;</span> <span class="nt">/&gt;</span></div><div class='line' id='LC2932'>&nbsp;&nbsp;&nbsp;&nbsp;<span class="nt">&lt;versionLog</span> <span class="na">num=</span><span class="s">&quot;87&quot;</span> <span class="na">sha=</span><span class="s">&quot;5a3a326096cf65a58272ee89a5ef1c164cfd9d33&quot;</span> <span class="na">author=</span><span class="s">&quot;David Saff &amp;lt;saff@redredrobot.home&amp;gt;&quot;</span> <span class="na">date=</span><span class="s">&quot;Mon Nov 30 23:08:09 2009 -0500&quot;</span> <span class="na">msg=</span><span class="s">&quot;    Final cleanup of Categories and release notes for 4.8&quot;</span> <span class="nt">/&gt;</span></div><div class='line' id='LC2933'>&nbsp;&nbsp;&nbsp;&nbsp;<span class="nt">&lt;versionLog</span> <span class="na">num=</span><span class="s">&quot;88&quot;</span> <span class="na">sha=</span><span class="s">&quot;cec8e3ed1246c289ae156c4418d2e224bd793f4b&quot;</span> <span class="na">author=</span><span class="s">&quot;David Saff &amp;lt;saff@redredrobot.local&amp;gt;&quot;</span> <span class="na">date=</span><span class="s">&quot;Mon Nov 23 23:06:40 2009 -0500&quot;</span> <span class="na">msg=</span><span class="s">&quot;    Any class can be a category.  Added Category exclusion.&quot;</span> <span class="nt">/&gt;</span></div><div class='line' id='LC2934'>&nbsp;&nbsp;&nbsp;&nbsp;<span class="nt">&lt;versionLog</span> <span class="na">num=</span><span class="s">&quot;89&quot;</span> <span class="na">sha=</span><span class="s">&quot;f8ee06baeb1ffa935c14c80aef5c5e6d28faefbd&quot;</span> <span class="na">author=</span><span class="s">&quot;David Saff &amp;lt;saff@redredrobot.home&amp;gt;&quot;</span> <span class="na">date=</span><span class="s">&quot;Mon Nov 16 23:24:20 2009 -0500&quot;</span> <span class="na">msg=</span><span class="s">&quot;    Our own cleanup&quot;</span> <span class="nt">/&gt;</span></div><div class='line' id='LC2935'>&nbsp;&nbsp;&nbsp;&nbsp;<span class="nt">&lt;versionLog</span> <span class="na">num=</span><span class="s">&quot;90&quot;</span> <span class="na">sha=</span><span class="s">&quot;7aac4b19d359285041ccb51d575235339a1a8be0&quot;</span> <span class="na">author=</span><span class="s">&quot;David Saff &amp;lt;saff@dhcp-172-31-197-85.cam.corp.google.com&amp;gt;&quot;</span> <span class="na">date=</span><span class="s">&quot;Tue Oct 27 08:52:06 2009 -0400&quot;</span> <span class="na">msg=</span><span class="s">&quot;    Fixed assertNull issue&quot;</span> <span class="nt">/&gt;</span></div><div class='line' id='LC2936'>&nbsp;&nbsp;&nbsp;&nbsp;<span class="nt">&lt;versionLog</span> <span class="na">num=</span><span class="s">&quot;91&quot;</span> <span class="na">sha=</span><span class="s">&quot;b0902ca1ba8c1b20f0c08b3d04b5032de335531e&quot;</span> <span class="na">author=</span><span class="s">&quot;David Saff &amp;lt;saff@redredrobot.home&amp;gt;&quot;</span> <span class="na">date=</span><span class="s">&quot;Mon Oct 26 21:55:44 2009 -0400&quot;</span> <span class="na">msg=</span><span class="s">&quot;    Deleting old names for things&quot;</span> <span class="nt">/&gt;</span></div><div class='line' id='LC2937'>&nbsp;&nbsp;&nbsp;&nbsp;<span class="nt">&lt;versionLog</span> <span class="na">num=</span><span class="s">&quot;92&quot;</span> <span class="na">sha=</span><span class="s">&quot;4a678cd73cdc5f0330da0b57d42f7fb0c564d73c&quot;</span> <span class="na">author=</span><span class="s">&quot;David Saff &amp;lt;saff@redredrobot.home&amp;gt;&quot;</span> <span class="na">date=</span><span class="s">&quot;Mon Oct 19 23:11:19 2009 -0400&quot;</span> <span class="na">msg=</span><span class="s">&quot;    javadoc&#39;ed, and with better names&quot;</span> <span class="nt">/&gt;</span></div><div class='line' id='LC2938'>&nbsp;&nbsp;&nbsp;&nbsp;<span class="nt">&lt;versionLog</span> <span class="na">num=</span><span class="s">&quot;93&quot;</span> <span class="na">sha=</span><span class="s">&quot;9eab1418bf073556414f8654a8b66d65d784ed71&quot;</span> <span class="na">author=</span><span class="s">&quot;David Saff &amp;lt;saff@redredrobot.home&amp;gt;&quot;</span> <span class="na">date=</span><span class="s">&quot;Mon Oct 19 22:51:12 2009 -0400&quot;</span> <span class="na">msg=</span><span class="s">&quot;    Multiple categories on tests, category inheritance, production classes in production package.&quot;</span> <span class="nt">/&gt;</span></div><div class='line' id='LC2939'>&nbsp;&nbsp;&nbsp;&nbsp;<span class="nt">&lt;versionLog</span> <span class="na">num=</span><span class="s">&quot;94&quot;</span> <span class="na">sha=</span><span class="s">&quot;a8a05d5b490aff69efc6be29fa28a7b14674ab48&quot;</span> <span class="na">author=</span><span class="s">&quot;Alistair A. Israel &amp;lt;aisrael@gmail.com&amp;gt;&quot;</span> <span class="na">date=</span><span class="s">&quot;Mon Oct 19 17:38:42 2009 +0800&quot;</span> <span class="na">msg=</span><span class="s">&quot;    Added ClassrulesTest to exercise class-level @Rules&quot;</span> <span class="nt">/&gt;</span></div><div class='line' id='LC2940'>&nbsp;&nbsp;&nbsp;&nbsp;<span class="nt">&lt;versionLog</span> <span class="na">num=</span><span class="s">&quot;95&quot;</span> <span class="na">sha=</span><span class="s">&quot;71980abb3edfbdd988b4b4714c508e4db86787f4&quot;</span> <span class="na">author=</span><span class="s">&quot;Alistair A. Israel &amp;lt;aisrael@gmail.com&amp;gt;&quot;</span> <span class="na">date=</span><span class="s">&quot;Mon Oct 19 17:14:08 2009 +0800&quot;</span> <span class="na">msg=</span><span class="s">&quot;    Clarified Javadoc and exception message; finalized parameter&quot;</span> <span class="nt">/&gt;</span></div><div class='line' id='LC2941'>&nbsp;&nbsp;&nbsp;&nbsp;<span class="nt">&lt;versionLog</span> <span class="na">num=</span><span class="s">&quot;96&quot;</span> <span class="na">sha=</span><span class="s">&quot;5b5a17d3c50bf5e96f4baff2aa061ba039511048&quot;</span> <span class="na">author=</span><span class="s">&quot;Alistair A. Israel &amp;lt;aisrael@gmail.com&amp;gt;&quot;</span> <span class="na">date=</span><span class="s">&quot;Mon Oct 19 17:12:16 2009 +0800&quot;</span> <span class="na">msg=</span><span class="s">&quot;    Use Field#getType()&quot;</span> <span class="nt">/&gt;</span></div><div class='line' id='LC2942'>&nbsp;&nbsp;&nbsp;&nbsp;<span class="nt">&lt;versionLog</span> <span class="na">num=</span><span class="s">&quot;97&quot;</span> <span class="na">sha=</span><span class="s">&quot;4abb65c56382cdd4ff453ddceb70b5944e6e0b38&quot;</span> <span class="na">author=</span><span class="s">&quot;Alistair A. Israel &amp;lt;aisrael@gmail.com&amp;gt;&quot;</span> <span class="na">date=</span><span class="s">&quot;Mon Oct 19 16:59:38 2009 +0800&quot;</span> <span class="na">msg=</span><span class="s">&quot;    Proof-of-concept for class-level @Rule support&quot;</span> <span class="nt">/&gt;</span></div><div class='line' id='LC2943'>&nbsp;&nbsp;&nbsp;&nbsp;<span class="nt">&lt;versionLog</span> <span class="na">num=</span><span class="s">&quot;98&quot;</span> <span class="na">sha=</span><span class="s">&quot;81821e83c425202b86c27d6be9c9ebe453e6d507&quot;</span> <span class="na">author=</span><span class="s">&quot;watisdit &amp;lt;waldodelport@gmail.com&amp;gt;&quot;</span> <span class="na">date=</span><span class="s">&quot;Sat Aug 1 01:41:13 2009 +0800&quot;</span> <span class="na">msg=</span><span class="s">&quot;    Fixes sourceForge bug:    When assertEquals(Object expected, Object actual) is failed, it outputs:    java.lang.AssertionError: expected:&amp;lt;XXX&amp;gt; but was:&amp;lt;YYY&amp;gt;.    assertNull(Object) could use the same message: expected:&amp;lt;null&amp;gt; but    was:&amp;lt;YYY&amp;gt;.        Signed-off-by: dsaff &amp;lt;david@saff.net&amp;gt;&quot;</span> <span class="nt">/&gt;</span></div><div class='line' id='LC2944'>&nbsp;&nbsp;&nbsp;&nbsp;<span class="nt">&lt;versionLog</span> <span class="na">num=</span><span class="s">&quot;99&quot;</span> <span class="na">sha=</span><span class="s">&quot;46036e7146f9dd0ca44baaec490692b967edd0ce&quot;</span> <span class="na">author=</span><span class="s">&quot;David Saff &amp;lt;saff@redredrobot.home&amp;gt;&quot;</span> <span class="na">date=</span><span class="s">&quot;Mon Oct 19 23:11:19 2009 -0400&quot;</span> <span class="na">msg=</span><span class="s">&quot;    javadoc&#39;ed, and with better names&quot;</span> <span class="nt">/&gt;</span></div><div class='line' id='LC2945'>&nbsp;&nbsp;&nbsp;&nbsp;<span class="nt">&lt;versionLog</span> <span class="na">num=</span><span class="s">&quot;100&quot;</span> <span class="na">sha=</span><span class="s">&quot;ce810b763e5021629248702993f226e3bf969db8&quot;</span> <span class="na">author=</span><span class="s">&quot;David Saff &amp;lt;saff@redredrobot.home&amp;gt;&quot;</span> <span class="na">date=</span><span class="s">&quot;Mon Oct 19 22:51:12 2009 -0400&quot;</span> <span class="na">msg=</span><span class="s">&quot;    Multiple categories on tests, category inheritance, production classes in production package.&quot;</span> <span class="nt">/&gt;</span></div><div class='line' id='LC2946'>&nbsp;&nbsp;&nbsp;&nbsp;<span class="nt">&lt;versionLog</span> <span class="na">num=</span><span class="s">&quot;101&quot;</span> <span class="na">sha=</span><span class="s">&quot;ee598b3836fa23c5d8a936d2b621cb3f32f3794e&quot;</span> <span class="na">author=</span><span class="s">&quot;Alistair A. Israel &amp;lt;aisrael@gmail.com&amp;gt;&quot;</span> <span class="na">date=</span><span class="s">&quot;Mon Oct 19 17:38:42 2009 +0800&quot;</span> <span class="na">msg=</span><span class="s">&quot;    Added ClassrulesTest to exercise class-level @Rules&quot;</span> <span class="nt">/&gt;</span></div><div class='line' id='LC2947'>&nbsp;&nbsp;&nbsp;&nbsp;<span class="nt">&lt;versionLog</span> <span class="na">num=</span><span class="s">&quot;102&quot;</span> <span class="na">sha=</span><span class="s">&quot;31213175b4a349b1e6ab16f553570533bc81e579&quot;</span> <span class="na">author=</span><span class="s">&quot;Alistair A. Israel &amp;lt;aisrael@gmail.com&amp;gt;&quot;</span> <span class="na">date=</span><span class="s">&quot;Mon Oct 19 17:14:08 2009 +0800&quot;</span> <span class="na">msg=</span><span class="s">&quot;    Clarified Javadoc and exception message; finalized parameter&quot;</span> <span class="nt">/&gt;</span></div><div class='line' id='LC2948'>&nbsp;&nbsp;&nbsp;&nbsp;<span class="nt">&lt;versionLog</span> <span class="na">num=</span><span class="s">&quot;103&quot;</span> <span class="na">sha=</span><span class="s">&quot;01716157f2683f5610d721929a687e7dc3aee558&quot;</span> <span class="na">author=</span><span class="s">&quot;Alistair A. Israel &amp;lt;aisrael@gmail.com&amp;gt;&quot;</span> <span class="na">date=</span><span class="s">&quot;Mon Oct 19 17:12:16 2009 +0800&quot;</span> <span class="na">msg=</span><span class="s">&quot;    Use Field#getType()&quot;</span> <span class="nt">/&gt;</span></div><div class='line' id='LC2949'>&nbsp;&nbsp;&nbsp;&nbsp;<span class="nt">&lt;versionLog</span> <span class="na">num=</span><span class="s">&quot;104&quot;</span> <span class="na">sha=</span><span class="s">&quot;79ef5a7e1d7fa144cc81c9414f4791aaea8b3d75&quot;</span> <span class="na">author=</span><span class="s">&quot;Alistair A. Israel &amp;lt;aisrael@gmail.com&amp;gt;&quot;</span> <span class="na">date=</span><span class="s">&quot;Mon Oct 19 16:59:38 2009 +0800&quot;</span> <span class="na">msg=</span><span class="s">&quot;    Proof-of-concept for class-level @Rule support&quot;</span> <span class="nt">/&gt;</span></div><div class='line' id='LC2950'>&nbsp;&nbsp;&nbsp;&nbsp;<span class="nt">&lt;versionLog</span> <span class="na">num=</span><span class="s">&quot;105&quot;</span> <span class="na">sha=</span><span class="s">&quot;334bf585b5de1534d7c0ec519fa0df250d00f022&quot;</span> <span class="na">author=</span><span class="s">&quot;David Saff &amp;lt;saff@redredrobot.home&amp;gt;&quot;</span> <span class="na">date=</span><span class="s">&quot;Mon Oct 12 23:59:14 2009 -0400&quot;</span> <span class="na">msg=</span><span class="s">&quot;    This looks like a usable Category API&quot;</span> <span class="nt">/&gt;</span></div><div class='line' id='LC2951'>&nbsp;&nbsp;&nbsp;&nbsp;<span class="nt">&lt;versionLog</span> <span class="na">num=</span><span class="s">&quot;106&quot;</span> <span class="na">sha=</span><span class="s">&quot;758ec7fdc2ea8db0c3cb57b83c2a1a069ee214b6&quot;</span> <span class="na">author=</span><span class="s">&quot;David Saff &amp;lt;saff@redredrobot.home&amp;gt;&quot;</span> <span class="na">date=</span><span class="s">&quot;Mon Oct 12 22:05:01 2009 -0400&quot;</span> <span class="na">msg=</span><span class="s">&quot;    Removed unused import&quot;</span> <span class="nt">/&gt;</span></div><div class='line' id='LC2952'>&nbsp;&nbsp;&nbsp;&nbsp;<span class="nt">&lt;versionLog</span> <span class="na">num=</span><span class="s">&quot;107&quot;</span> <span class="na">sha=</span><span class="s">&quot;28d398d01c7a294ca9db34b90e2b1e3c874a8bc0&quot;</span> <span class="na">author=</span><span class="s">&quot;Kristian Rosenvold &amp;lt;kristian@rosenvold.com&amp;gt;&quot;</span> <span class="na">date=</span><span class="s">&quot;Mon Oct 5 12:17:49 2009 +0200&quot;</span> <span class="na">msg=</span><span class="s">&quot;    Readed concurrency patch because I had messed up&quot;</span> <span class="nt">/&gt;</span></div><div class='line' id='LC2953'>&nbsp;&nbsp;&nbsp;&nbsp;<span class="nt">&lt;versionLog</span> <span class="na">num=</span><span class="s">&quot;108&quot;</span> <span class="na">sha=</span><span class="s">&quot;a68ae0886c1c6274943e6f99d70816d162273d9c&quot;</span> <span class="na">author=</span><span class="s">&quot;KentBeck &amp;lt;kent@threeriversinstitute.org&amp;gt;&quot;</span> <span class="na">date=</span><span class="s">&quot;Tue Sep 22 19:32:01 2009 -0700&quot;</span> <span class="na">msg=</span><span class="s">&quot;    Signed-off-by: KentBeck &amp;lt;kent@threeriversinstitute.org&amp;gt;&quot;</span> <span class="nt">/&gt;</span></div><div class='line' id='LC2954'>&nbsp;&nbsp;&nbsp;&nbsp;<span class="nt">&lt;versionLog</span> <span class="na">num=</span><span class="s">&quot;109&quot;</span> <span class="na">sha=</span><span class="s">&quot;2e63af604c9487b9e8acbe002cf9a27230d1d7a0&quot;</span> <span class="na">author=</span><span class="s">&quot;alanharder &amp;lt;alan.harder@sun.com&amp;gt;&quot;</span> <span class="na">date=</span><span class="s">&quot;Fri Aug 28 15:24:22 2009 +0800&quot;</span> <span class="na">msg=</span><span class="s">&quot;    Fix @SuiteClasses example in javadoc        Signed-off-by: Kent Beck &amp;lt;kent@threeriversinstitute.org&amp;gt;&quot;</span> <span class="nt">/&gt;</span></div><div class='line' id='LC2955'>&nbsp;&nbsp;&nbsp;&nbsp;<span class="nt">&lt;versionLog</span> <span class="na">num=</span><span class="s">&quot;110&quot;</span> <span class="na">sha=</span><span class="s">&quot;75614895426a8c121cdb7ddc193d7eba8eac6630&quot;</span> <span class="na">author=</span><span class="s">&quot;alanharder &amp;lt;alan.harder@sun.com&amp;gt;&quot;</span> <span class="na">date=</span><span class="s">&quot;Fri Aug 28 15:14:50 2009 +0800&quot;</span> <span class="na">msg=</span><span class="s">&quot;    Fix @SuiteClasses example in javadoc        Signed-off-by: Kent Beck &amp;lt;kent@threeriversinstitute.org&amp;gt;&quot;</span> <span class="nt">/&gt;</span></div><div class='line' id='LC2956'>&nbsp;&nbsp;&nbsp;&nbsp;<span class="nt">&lt;versionLog</span> <span class="na">num=</span><span class="s">&quot;111&quot;</span> <span class="na">sha=</span><span class="s">&quot;bf01cb023bf18d9c3ff3439886d62d5bb34d49ac&quot;</span> <span class="na">author=</span><span class="s">&quot;watisdit &amp;lt;waldodelport@gmail.com&amp;gt;&quot;</span> <span class="na">date=</span><span class="s">&quot;Sat Aug 1 01:41:13 2009 +0800&quot;</span> <span class="na">msg=</span><span class="s">&quot;    Fixes sourceForge bug:    When assertEquals(Object expected, Object actual) is failed, it outputs:    java.lang.AssertionError: expected:&amp;lt;XXX&amp;gt; but was:&amp;lt;YYY&amp;gt;.    assertNull(Object) could use the same message: expected:&amp;lt;null&amp;gt; but    was:&amp;lt;YYY&amp;gt;.        Signed-off-by: dsaff &amp;lt;david@saff.net&amp;gt;&quot;</span> <span class="nt">/&gt;</span></div><div class='line' id='LC2957'>&nbsp;&nbsp;&nbsp;&nbsp;<span class="nt">&lt;versionLog</span> <span class="na">num=</span><span class="s">&quot;112&quot;</span> <span class="na">sha=</span><span class="s">&quot;a268686d96bfbb328e02b363c3f0f72da54f9fc6&quot;</span> <span class="na">author=</span><span class="s">&quot;David Saff &amp;lt;saff@dhcp-172-31-197-71.cam.corp.google.com&amp;gt;&quot;</span> <span class="na">date=</span><span class="s">&quot;Thu Aug 20 10:30:12 2009 -0400&quot;</span> <span class="na">msg=</span><span class="s">&quot;    checkpoint&quot;</span> <span class="nt">/&gt;</span></div><div class='line' id='LC2958'>&nbsp;&nbsp;&nbsp;&nbsp;<span class="nt">&lt;versionLog</span> <span class="na">num=</span><span class="s">&quot;113&quot;</span> <span class="na">sha=</span><span class="s">&quot;7e74bfd60ca879d78db96915ce1d8db341db2279&quot;</span> <span class="na">author=</span><span class="s">&quot;David Saff &amp;lt;saff@redredrobot.local&amp;gt;&quot;</span> <span class="na">date=</span><span class="s">&quot;Fri Jul 31 16:48:27 2009 -0400&quot;</span> <span class="na">msg=</span><span class="s">&quot;    Here&#39;s what categories would look like&quot;</span> <span class="nt">/&gt;</span></div><div class='line' id='LC2959'>&nbsp;&nbsp;&nbsp;&nbsp;<span class="nt">&lt;versionLog</span> <span class="na">num=</span><span class="s">&quot;114&quot;</span> <span class="na">sha=</span><span class="s">&quot;a8629da96207e1ce71ead9ba9f85bc324f09bcab&quot;</span> <span class="na">author=</span><span class="s">&quot;David Saff &amp;lt;saff@new-host-4.home&amp;gt;&quot;</span> <span class="na">date=</span><span class="s">&quot;Mon Jul 27 22:16:50 2009 -0400&quot;</span> <span class="na">msg=</span><span class="s">&quot;    4.7 final&quot;</span> <span class="nt">/&gt;</span></div><div class='line' id='LC2960'>&nbsp;&nbsp;&nbsp;&nbsp;<span class="nt">&lt;versionLog</span> <span class="na">num=</span><span class="s">&quot;115&quot;</span> <span class="na">sha=</span><span class="s">&quot;23ffc6baf5768057e366e183e53f4dfa86fbb005&quot;</span> <span class="na">author=</span><span class="s">&quot;David Saff &amp;lt;saff@redredrobot.home&amp;gt;&quot;</span> <span class="na">date=</span><span class="s">&quot;Mon Jul 20 23:35:01 2009 -0400&quot;</span> <span class="na">msg=</span><span class="s">&quot;    Updated version to RC1&quot;</span> <span class="nt">/&gt;</span></div><div class='line' id='LC2961'>&nbsp;&nbsp;&nbsp;&nbsp;<span class="nt">&lt;versionLog</span> <span class="na">num=</span><span class="s">&quot;116&quot;</span> <span class="na">sha=</span><span class="s">&quot;df85817595e97082eaf8d6c95e2c269b86afff20&quot;</span> <span class="na">author=</span><span class="s">&quot;David Saff &amp;lt;saff@redredrobot.home&amp;gt;&quot;</span> <span class="na">date=</span><span class="s">&quot;Mon Jul 20 22:34:15 2009 -0400&quot;</span> <span class="na">msg=</span><span class="s">&quot;    org.junit is javadoced except internal and experimental&quot;</span> <span class="nt">/&gt;</span></div><div class='line' id='LC2962'>&nbsp;&nbsp;&nbsp;&nbsp;<span class="nt">&lt;versionLog</span> <span class="na">num=</span><span class="s">&quot;117&quot;</span> <span class="na">sha=</span><span class="s">&quot;cc24890c002286ca583518c471b16d143a69a62a&quot;</span> <span class="na">author=</span><span class="s">&quot;David Saff &amp;lt;saff@redredrobot.home&amp;gt;&quot;</span> <span class="na">date=</span><span class="s">&quot;Mon Jul 20 22:23:33 2009 -0400&quot;</span> <span class="na">msg=</span><span class="s">&quot;    org.junit.runner is javadoced&quot;</span> <span class="nt">/&gt;</span></div><div class='line' id='LC2963'>&nbsp;&nbsp;&nbsp;&nbsp;<span class="nt">&lt;versionLog</span> <span class="na">num=</span><span class="s">&quot;118&quot;</span> <span class="na">sha=</span><span class="s">&quot;b0b1c80075abf53597839e6bb430804b17d5c24a&quot;</span> <span class="na">author=</span><span class="s">&quot;David Saff &amp;lt;saff@redredrobot.home&amp;gt;&quot;</span> <span class="na">date=</span><span class="s">&quot;Mon Jul 20 22:09:23 2009 -0400&quot;</span> <span class="na">msg=</span><span class="s">&quot;    experimental.results is javadoced&quot;</span> <span class="nt">/&gt;</span></div><div class='line' id='LC2964'>&nbsp;&nbsp;&nbsp;&nbsp;<span class="nt">&lt;versionLog</span> <span class="na">num=</span><span class="s">&quot;119&quot;</span> <span class="na">sha=</span><span class="s">&quot;15815f55d2e9ae567ef8fe0a172f498b87a3a880&quot;</span> <span class="na">author=</span><span class="s">&quot;David Saff &amp;lt;saff@redredrobot.home&amp;gt;&quot;</span> <span class="na">date=</span><span class="s">&quot;Mon Jul 20 22:01:25 2009 -0400&quot;</span> <span class="na">msg=</span><span class="s">&quot;    Last errors gone from Hamcrest rollback&quot;</span> <span class="nt">/&gt;</span></div><div class='line' id='LC2965'>&nbsp;&nbsp;&nbsp;&nbsp;<span class="nt">&lt;versionLog</span> <span class="na">num=</span><span class="s">&quot;120&quot;</span> <span class="na">sha=</span><span class="s">&quot;c618504adee4bc91b3bd7e0ff06be6e1fa9d88cc&quot;</span> <span class="na">author=</span><span class="s">&quot;David Saff &amp;lt;saff@dhcp-172-31-197-71.cam.corp.google.com&amp;gt;&quot;</span> <span class="na">date=</span><span class="s">&quot;Mon Jul 20 10:41:18 2009 -0400&quot;</span> <span class="na">msg=</span><span class="s">&quot;    Cleaning up compile errors from reverting hamcrest change&quot;</span> <span class="nt">/&gt;</span></div><div class='line' id='LC2966'>&nbsp;&nbsp;&nbsp;&nbsp;<span class="nt">&lt;versionLog</span> <span class="na">num=</span><span class="s">&quot;121&quot;</span> <span class="na">sha=</span><span class="s">&quot;4e2455b1f142bdf8f07383082638718695e51224&quot;</span> <span class="na">author=</span><span class="s">&quot;David Saff &amp;lt;saff@dhcp-172-31-197-71.cam.corp.google.com&amp;gt;&quot;</span> <span class="na">date=</span><span class="s">&quot;Mon Jul 20 10:35:10 2009 -0400&quot;</span> <span class="na">msg=</span><span class="s">&quot;    Rollback to hamcrest 1.1&quot;</span> <span class="nt">/&gt;</span></div><div class='line' id='LC2967'>&nbsp;&nbsp;&nbsp;&nbsp;<span class="nt">&lt;versionLog</span> <span class="na">num=</span><span class="s">&quot;122&quot;</span> <span class="na">sha=</span><span class="s">&quot;017ce048adbc360fed2e8d7ae55dfbb3dbdc76dc&quot;</span> <span class="na">author=</span><span class="s">&quot;David Saff &amp;lt;saff@redredrobot.local&amp;gt;&quot;</span> <span class="na">date=</span><span class="s">&quot;Fri Jul 17 17:30:24 2009 -0400&quot;</span> <span class="na">msg=</span><span class="s">&quot;    Re-deleted interceptor classes&quot;</span> <span class="nt">/&gt;</span></div><div class='line' id='LC2968'>&nbsp;&nbsp;&nbsp;&nbsp;<span class="nt">&lt;versionLog</span> <span class="na">num=</span><span class="s">&quot;123&quot;</span> <span class="na">sha=</span><span class="s">&quot;99a84a542f2ac532a8425fa0a77884902b1c01b0&quot;</span> <span class="na">author=</span><span class="s">&quot;David Saff &amp;lt;saff@redredrobot.home&amp;gt;&quot;</span> <span class="na">date=</span><span class="s">&quot;Wed Jul 15 22:17:25 2009 -0400&quot;</span> <span class="na">msg=</span><span class="s">&quot;    org.junit.Rule, org.junit.Rules&quot;</span> <span class="nt">/&gt;</span></div><div class='line' id='LC2969'>&nbsp;&nbsp;&nbsp;&nbsp;<span class="nt">&lt;versionLog</span> <span class="na">num=</span><span class="s">&quot;124&quot;</span> <span class="na">sha=</span><span class="s">&quot;97afc5e205e1c6ac0f5a9aefabed92d58d88ab81&quot;</span> <span class="na">author=</span><span class="s">&quot;David Saff &amp;lt;saff@redredrobot.home&amp;gt;&quot;</span> <span class="na">date=</span><span class="s">&quot;Wed Jul 15 22:12:32 2009 -0400&quot;</span> <span class="na">msg=</span><span class="s">&quot;    No more Interceptors.  Everything is rules&quot;</span> <span class="nt">/&gt;</span></div><div class='line' id='LC2970'>&nbsp;&nbsp;&nbsp;&nbsp;<span class="nt">&lt;versionLog</span> <span class="na">num=</span><span class="s">&quot;125&quot;</span> <span class="na">sha=</span><span class="s">&quot;a1813f62876a6c7227ec5c866b621e01cda79664&quot;</span> <span class="na">author=</span><span class="s">&quot;David Saff &amp;lt;saff@redredrobot.home&amp;gt;&quot;</span> <span class="na">date=</span><span class="s">&quot;Tue Jul 7 23:58:33 2009 -0400&quot;</span> <span class="na">msg=</span><span class="s">&quot;    Done with interceptor javadoc&quot;</span> <span class="nt">/&gt;</span></div><div class='line' id='LC2971'>&nbsp;&nbsp;&nbsp;&nbsp;<span class="nt">&lt;versionLog</span> <span class="na">num=</span><span class="s">&quot;126&quot;</span> <span class="na">sha=</span><span class="s">&quot;82169027cce65df0e48f1b0824f6aad308ea8f13&quot;</span> <span class="na">author=</span><span class="s">&quot;David Saff &amp;lt;saff@redredrobot.home&amp;gt;&quot;</span> <span class="na">date=</span><span class="s">&quot;Tue Jul 7 23:34:31 2009 -0400&quot;</span> <span class="na">msg=</span><span class="s">&quot;    Fix javadoc warnings&quot;</span> <span class="nt">/&gt;</span></div><div class='line' id='LC2972'>&nbsp;&nbsp;&nbsp;&nbsp;<span class="nt">&lt;versionLog</span> <span class="na">num=</span><span class="s">&quot;127&quot;</span> <span class="na">sha=</span><span class="s">&quot;c8657376d5706cb7cf9e357a152d1263d71fa82d&quot;</span> <span class="na">author=</span><span class="s">&quot;David Saff &amp;lt;saff@redredrobot.home&amp;gt;&quot;</span> <span class="na">date=</span><span class="s">&quot;Tue Jul 7 11:50:23 2009 +0800&quot;</span> <span class="na">msg=</span><span class="s">&quot;    Fixing Interceptor-&amp;gt;Rule name changes        Signed-off-by: Kent Beck &amp;lt;kent@threeriversinstitute.org&amp;gt;&quot;</span> <span class="nt">/&gt;</span></div><div class='line' id='LC2973'>&nbsp;&nbsp;&nbsp;&nbsp;<span class="nt">&lt;versionLog</span> <span class="na">num=</span><span class="s">&quot;128&quot;</span> <span class="na">sha=</span><span class="s">&quot;54917b88aab026dabb4541276ed875117c1e1faa&quot;</span> <span class="na">author=</span><span class="s">&quot;David Saff &amp;lt;saff@redredrobot.home&amp;gt;&quot;</span> <span class="na">date=</span><span class="s">&quot;Tue Jul 7 11:50:14 2009 +0800&quot;</span> <span class="na">msg=</span><span class="s">&quot;    Fixing Interceptor-&amp;gt;Rule name changes        Signed-off-by: Kent Beck &amp;lt;kent@threeriversinstitute.org&amp;gt;&quot;</span> <span class="nt">/&gt;</span></div><div class='line' id='LC2974'>&nbsp;&nbsp;&nbsp;&nbsp;<span class="nt">&lt;versionLog</span> <span class="na">num=</span><span class="s">&quot;129&quot;</span> <span class="na">sha=</span><span class="s">&quot;734ab5187c068599352e5fdc7374c1334d484fef&quot;</span> <span class="na">author=</span><span class="s">&quot;David Saff &amp;lt;saff@redredrobot.home&amp;gt;&quot;</span> <span class="na">date=</span><span class="s">&quot;Tue Jul 7 10:01:56 2009 +0800&quot;</span> <span class="na">msg=</span><span class="s">&quot;    StatementInterceptor takes Object target        Signed-off-by: Kent Beck &amp;lt;kent@threeriversinstitute.org&amp;gt;&quot;</span> <span class="nt">/&gt;</span></div><div class='line' id='LC2975'>&nbsp;&nbsp;&nbsp;&nbsp;<span class="nt">&lt;versionLog</span> <span class="na">num=</span><span class="s">&quot;130&quot;</span> <span class="na">sha=</span><span class="s">&quot;7a0a6839fe3ae4076cc72a0586e2dbe4b1bc995f&quot;</span> <span class="na">author=</span><span class="s">&quot;David Saff &amp;lt;saff@redredrobot.home&amp;gt;&quot;</span> <span class="na">date=</span><span class="s">&quot;Tue Jul 7 09:44:02 2009 +0800&quot;</span> <span class="na">msg=</span><span class="s">&quot;    FailureList isn&#39;t public        Signed-off-by: Kent Beck &amp;lt;kent@threeriversinstitute.org&amp;gt;&quot;</span> <span class="nt">/&gt;</span></div><div class='line' id='LC2976'>&nbsp;&nbsp;&nbsp;&nbsp;<span class="nt">&lt;versionLog</span> <span class="na">num=</span><span class="s">&quot;131&quot;</span> <span class="na">sha=</span><span class="s">&quot;303f74183714223503216efa037373bfb04bfe1a&quot;</span> <span class="na">author=</span><span class="s">&quot;David Saff &amp;lt;saff@redredrobot.local&amp;gt;&quot;</span> <span class="na">date=</span><span class="s">&quot;Fri Jul 3 05:24:29 2009 +0800&quot;</span> <span class="na">msg=</span><span class="s">&quot;    Finished Max javadoc        Signed-off-by: Kent Beck &amp;lt;kent@threeriversinstitute.org&amp;gt;&quot;</span> <span class="nt">/&gt;</span></div><div class='line' id='LC2977'>&nbsp;&nbsp;&nbsp;&nbsp;<span class="nt">&lt;versionLog</span> <span class="na">num=</span><span class="s">&quot;132&quot;</span> <span class="na">sha=</span><span class="s">&quot;d8da2f699a89857292e5e5b92945b2fe3c0a039a&quot;</span> <span class="na">author=</span><span class="s">&quot;David Saff &amp;lt;saff@dhcp-172-31-204-113.cam.corp.google.com&amp;gt;&quot;</span> <span class="na">date=</span><span class="s">&quot;Thu Jul 2 01:43:53 2009 +0800&quot;</span> <span class="na">msg=</span><span class="s">&quot;    Getting started on Interceptors javadoc        Signed-off-by: Kent Beck &amp;lt;kent@threeriversinstitute.org&amp;gt;&quot;</span> <span class="nt">/&gt;</span></div><div class='line' id='LC2978'>&nbsp;&nbsp;&nbsp;&nbsp;<span class="nt">&lt;versionLog</span> <span class="na">num=</span><span class="s">&quot;133&quot;</span> <span class="na">sha=</span><span class="s">&quot;003f66a2e928691100fbe719d7253b5213e99698&quot;</span> <span class="na">author=</span><span class="s">&quot;David Saff &amp;lt;saff@redredrobot.home&amp;gt;&quot;</span> <span class="na">date=</span><span class="s">&quot;Wed Jul 1 11:19:05 2009 +0800&quot;</span> <span class="na">msg=</span><span class="s">&quot;    FrameworkField TODO deletion        Signed-off-by: Kent Beck &amp;lt;kent@threeriversinstitute.org&amp;gt;&quot;</span> <span class="nt">/&gt;</span></div><div class='line' id='LC2979'>&nbsp;&nbsp;&nbsp;&nbsp;<span class="nt">&lt;versionLog</span> <span class="na">num=</span><span class="s">&quot;134&quot;</span> <span class="na">sha=</span><span class="s">&quot;dee8a47af11dd88139f4d46a1ebee7fc613e367e&quot;</span> <span class="na">author=</span><span class="s">&quot;David Saff &amp;lt;saff@redredrobot.home&amp;gt;&quot;</span> <span class="na">date=</span><span class="s">&quot;Wed Jul 1 10:55:03 2009 +0800&quot;</span> <span class="na">msg=</span><span class="s">&quot;    Better extension point for adding interceptors        Signed-off-by: Kent Beck &amp;lt;kent@threeriversinstitute.org&amp;gt;&quot;</span> <span class="nt">/&gt;</span></div><div class='line' id='LC2980'>&nbsp;&nbsp;&nbsp;&nbsp;<span class="nt">&lt;versionLog</span> <span class="na">num=</span><span class="s">&quot;135&quot;</span> <span class="na">sha=</span><span class="s">&quot;9218455d51cd94b21b4536af793dd4c4c6820bf7&quot;</span> <span class="na">author=</span><span class="s">&quot;David Saff &amp;lt;saff@redredrobot.home&amp;gt;&quot;</span> <span class="na">date=</span><span class="s">&quot;Wed Jul 1 10:30:54 2009 +0800&quot;</span> <span class="na">msg=</span><span class="s">&quot;    TODO cleanup        Signed-off-by: Kent Beck &amp;lt;kent@threeriversinstitute.org&amp;gt;&quot;</span> <span class="nt">/&gt;</span></div><div class='line' id='LC2981'>&nbsp;&nbsp;&nbsp;&nbsp;<span class="nt">&lt;versionLog</span> <span class="na">num=</span><span class="s">&quot;136&quot;</span> <span class="na">sha=</span><span class="s">&quot;dc5b58961ab0edd69e5457b122a5ed9185ecd3ec&quot;</span> <span class="na">author=</span><span class="s">&quot;David Saff &amp;lt;saff@redredrobot.local&amp;gt;&quot;</span> <span class="na">date=</span><span class="s">&quot;Tue Jun 16 13:33:36 2009 +0800&quot;</span> <span class="na">msg=</span><span class="s">&quot;    Clean up TODOs in ComparisonCriteria and subclasses        Signed-off-by: Kent Beck &amp;lt;kent@threeriversinstitute.org&amp;gt;&quot;</span> <span class="nt">/&gt;</span></div><div class='line' id='LC2982'>&nbsp;&nbsp;&nbsp;&nbsp;<span class="nt">&lt;versionLog</span> <span class="na">num=</span><span class="s">&quot;137&quot;</span> <span class="na">sha=</span><span class="s">&quot;24466485d2dfb58818ac3abf222558a230cbf4cb&quot;</span> <span class="na">author=</span><span class="s">&quot;David Saff &amp;lt;saff@redredrobot.local&amp;gt;&quot;</span> <span class="na">date=</span><span class="s">&quot;Tue Jun 16 13:29:46 2009 +0800&quot;</span> <span class="na">msg=</span><span class="s">&quot;    Clean up exceptions in readHistory        Signed-off-by: Kent Beck &amp;lt;kent@threeriversinstitute.org&amp;gt;&quot;</span> <span class="nt">/&gt;</span></div><div class='line' id='LC2983'>&nbsp;&nbsp;&nbsp;&nbsp;<span class="nt">&lt;versionLog</span> <span class="na">num=</span><span class="s">&quot;138&quot;</span> <span class="na">sha=</span><span class="s">&quot;c1fb11d4e5280cda98c84a910545703b15b1cf67&quot;</span> <span class="na">author=</span><span class="s">&quot;David Saff &amp;lt;saff@redredrobot.local&amp;gt;&quot;</span> <span class="na">date=</span><span class="s">&quot;Tue Jun 16 13:25:14 2009 +0800&quot;</span> <span class="na">msg=</span><span class="s">&quot;    TODO clean-up        Signed-off-by: Kent Beck &amp;lt;kent@threeriversinstitute.org&amp;gt;&quot;</span> <span class="nt">/&gt;</span></div><div class='line' id='LC2984'>&nbsp;&nbsp;&nbsp;&nbsp;<span class="nt">&lt;versionLog</span> <span class="na">num=</span><span class="s">&quot;139&quot;</span> <span class="na">sha=</span><span class="s">&quot;58723f03198f62f079cd242f7110a94713a5a90b&quot;</span> <span class="na">author=</span><span class="s">&quot;David Saff &amp;lt;saff@redredrobot.local&amp;gt;&quot;</span> <span class="na">date=</span><span class="s">&quot;Tue Jun 16 13:24:01 2009 +0800&quot;</span> <span class="na">msg=</span><span class="s">&quot;    Move emptySuite method to Suite        Signed-off-by: Kent Beck &amp;lt;kent@threeriversinstitute.org&amp;gt;&quot;</span> <span class="nt">/&gt;</span></div><div class='line' id='LC2985'>&nbsp;&nbsp;&nbsp;&nbsp;<span class="nt">&lt;versionLog</span> <span class="na">num=</span><span class="s">&quot;140&quot;</span> <span class="na">sha=</span><span class="s">&quot;b4a19d903c5ec7e5ddad0776e8f611338b58be08&quot;</span> <span class="na">author=</span><span class="s">&quot;David Saff &amp;lt;saff@redredrobot.local&amp;gt;&quot;</span> <span class="na">date=</span><span class="s">&quot;Tue Jun 16 13:18:42 2009 +0800&quot;</span> <span class="na">msg=</span><span class="s">&quot;    Clean up TODO&#39;s, including unnecessary exception catch in max        Signed-off-by: Kent Beck &amp;lt;kent@threeriversinstitute.org&amp;gt;&quot;</span> <span class="nt">/&gt;</span></div><div class='line' id='LC2986'>&nbsp;&nbsp;&nbsp;&nbsp;<span class="nt">&lt;versionLog</span> <span class="na">num=</span><span class="s">&quot;141&quot;</span> <span class="na">sha=</span><span class="s">&quot;23cee0d142da2296c7a1dad7129da784ad9eb3f7&quot;</span> <span class="na">author=</span><span class="s">&quot;David Saff &amp;lt;saff@redredrobot.local&amp;gt;&quot;</span> <span class="na">date=</span><span class="s">&quot;Tue Jun 16 13:12:10 2009 +0800&quot;</span> <span class="na">msg=</span><span class="s">&quot;    Advance version, and beef up ErrorCollector with checkThat and checkPasses        Signed-off-by: Kent Beck &amp;lt;kent@threeriversinstitute.org&amp;gt;&quot;</span> <span class="nt">/&gt;</span></div><div class='line' id='LC2987'>&nbsp;&nbsp;&nbsp;&nbsp;<span class="nt">&lt;versionLog</span> <span class="na">num=</span><span class="s">&quot;142&quot;</span> <span class="na">sha=</span><span class="s">&quot;573ae79e0a1802e1875203d0f30ba3f41afadbc6&quot;</span> <span class="na">author=</span><span class="s">&quot;David Saff &amp;lt;saff@redredrobot.home&amp;gt;&quot;</span> <span class="na">date=</span><span class="s">&quot;Mon Jul 6 23:50:23 2009 -0400&quot;</span> <span class="na">msg=</span><span class="s">&quot;    Fixing Interceptor-&amp;gt;Rule name changes&quot;</span> <span class="nt">/&gt;</span></div><div class='line' id='LC2988'>&nbsp;&nbsp;&nbsp;&nbsp;<span class="nt">&lt;versionLog</span> <span class="na">num=</span><span class="s">&quot;143&quot;</span> <span class="na">sha=</span><span class="s">&quot;409a8e06c9f2ec5aa0d9db8a3d413f394c290f6d&quot;</span> <span class="na">author=</span><span class="s">&quot;David Saff &amp;lt;saff@redredrobot.home&amp;gt;&quot;</span> <span class="na">date=</span><span class="s">&quot;Mon Jul 6 23:50:14 2009 -0400&quot;</span> <span class="na">msg=</span><span class="s">&quot;    Fixing Interceptor-&amp;gt;Rule name changes&quot;</span> <span class="nt">/&gt;</span></div><div class='line' id='LC2989'>&nbsp;&nbsp;&nbsp;&nbsp;<span class="nt">&lt;versionLog</span> <span class="na">num=</span><span class="s">&quot;144&quot;</span> <span class="na">sha=</span><span class="s">&quot;8e313a1e58a56694c0441b2fa60974fa8e1bfe31&quot;</span> <span class="na">author=</span><span class="s">&quot;David Saff &amp;lt;saff@redredrobot.home&amp;gt;&quot;</span> <span class="na">date=</span><span class="s">&quot;Mon Jul 6 22:01:56 2009 -0400&quot;</span> <span class="na">msg=</span><span class="s">&quot;    StatementInterceptor takes Object target&quot;</span> <span class="nt">/&gt;</span></div><div class='line' id='LC2990'>&nbsp;&nbsp;&nbsp;&nbsp;<span class="nt">&lt;versionLog</span> <span class="na">num=</span><span class="s">&quot;145&quot;</span> <span class="na">sha=</span><span class="s">&quot;4b549360e08dac944ee34b7c7bf1a95b41f72f35&quot;</span> <span class="na">author=</span><span class="s">&quot;David Saff &amp;lt;saff@redredrobot.home&amp;gt;&quot;</span> <span class="na">date=</span><span class="s">&quot;Mon Jul 6 21:44:02 2009 -0400&quot;</span> <span class="na">msg=</span><span class="s">&quot;    FailureList isn&#39;t public&quot;</span> <span class="nt">/&gt;</span></div><div class='line' id='LC2991'>&nbsp;&nbsp;&nbsp;&nbsp;<span class="nt">&lt;versionLog</span> <span class="na">num=</span><span class="s">&quot;146&quot;</span> <span class="na">sha=</span><span class="s">&quot;5501ad5d546427b228b208da15cec997e0b13cc8&quot;</span> <span class="na">author=</span><span class="s">&quot;David Saff &amp;lt;saff@redredrobot.local&amp;gt;&quot;</span> <span class="na">date=</span><span class="s">&quot;Thu Jul 2 17:24:29 2009 -0400&quot;</span> <span class="na">msg=</span><span class="s">&quot;    Finished Max javadoc&quot;</span> <span class="nt">/&gt;</span></div><div class='line' id='LC2992'>&nbsp;&nbsp;&nbsp;&nbsp;<span class="nt">&lt;versionLog</span> <span class="na">num=</span><span class="s">&quot;147&quot;</span> <span class="na">sha=</span><span class="s">&quot;223b34b516467bcd9cb7ebc7f49549f2e7362dca&quot;</span> <span class="na">author=</span><span class="s">&quot;David Saff &amp;lt;saff@dhcp-172-31-204-113.cam.corp.google.com&amp;gt;&quot;</span> <span class="na">date=</span><span class="s">&quot;Wed Jul 1 13:43:53 2009 -0400&quot;</span> <span class="na">msg=</span><span class="s">&quot;    Getting started on Interceptors javadoc&quot;</span> <span class="nt">/&gt;</span></div><div class='line' id='LC2993'>&nbsp;&nbsp;&nbsp;&nbsp;<span class="nt">&lt;versionLog</span> <span class="na">num=</span><span class="s">&quot;148&quot;</span> <span class="na">sha=</span><span class="s">&quot;fc7acc64dbbf5c28ef4bd3b142e35922d6294428&quot;</span> <span class="na">author=</span><span class="s">&quot;David Saff &amp;lt;saff@redredrobot.home&amp;gt;&quot;</span> <span class="na">date=</span><span class="s">&quot;Tue Jun 30 23:19:05 2009 -0400&quot;</span> <span class="na">msg=</span><span class="s">&quot;    FrameworkField TODO deletion&quot;</span> <span class="nt">/&gt;</span></div><div class='line' id='LC2994'>&nbsp;&nbsp;&nbsp;&nbsp;<span class="nt">&lt;versionLog</span> <span class="na">num=</span><span class="s">&quot;149&quot;</span> <span class="na">sha=</span><span class="s">&quot;e4c7fac80cac937faf413e3ddd58e0fd091bd367&quot;</span> <span class="na">author=</span><span class="s">&quot;David Saff &amp;lt;saff@redredrobot.home&amp;gt;&quot;</span> <span class="na">date=</span><span class="s">&quot;Tue Jun 30 22:55:03 2009 -0400&quot;</span> <span class="na">msg=</span><span class="s">&quot;    Better extension point for adding interceptors&quot;</span> <span class="nt">/&gt;</span></div><div class='line' id='LC2995'>&nbsp;&nbsp;&nbsp;&nbsp;<span class="nt">&lt;versionLog</span> <span class="na">num=</span><span class="s">&quot;150&quot;</span> <span class="na">sha=</span><span class="s">&quot;cb1d4dfd390718002349f2cbb456ec9ea769ff2b&quot;</span> <span class="na">author=</span><span class="s">&quot;David Saff &amp;lt;saff@redredrobot.home&amp;gt;&quot;</span> <span class="na">date=</span><span class="s">&quot;Tue Jun 30 22:30:54 2009 -0400&quot;</span> <span class="na">msg=</span><span class="s">&quot;    TODO cleanup&quot;</span> <span class="nt">/&gt;</span></div><div class='line' id='LC2996'>&nbsp;&nbsp;&nbsp;&nbsp;<span class="nt">&lt;versionLog</span> <span class="na">num=</span><span class="s">&quot;151&quot;</span> <span class="na">sha=</span><span class="s">&quot;8088946a72634d8d6f91db157f4cbe9a2931d4ea&quot;</span> <span class="na">author=</span><span class="s">&quot;David Saff &amp;lt;saff@redredrobot.local&amp;gt;&quot;</span> <span class="na">date=</span><span class="s">&quot;Mon Jun 15 22:33:36 2009 -0700&quot;</span> <span class="na">msg=</span><span class="s">&quot;    Clean up TODOs in ComparisonCriteria and subclasses&quot;</span> <span class="nt">/&gt;</span></div><div class='line' id='LC2997'>&nbsp;&nbsp;&nbsp;&nbsp;<span class="nt">&lt;versionLog</span> <span class="na">num=</span><span class="s">&quot;152&quot;</span> <span class="na">sha=</span><span class="s">&quot;fea583afc60dfdd67dec3349f0e0203d6cb3a69f&quot;</span> <span class="na">author=</span><span class="s">&quot;David Saff &amp;lt;saff@redredrobot.local&amp;gt;&quot;</span> <span class="na">date=</span><span class="s">&quot;Mon Jun 15 22:29:46 2009 -0700&quot;</span> <span class="na">msg=</span><span class="s">&quot;    Clean up exceptions in readHistory&quot;</span> <span class="nt">/&gt;</span></div><div class='line' id='LC2998'>&nbsp;&nbsp;&nbsp;&nbsp;<span class="nt">&lt;versionLog</span> <span class="na">num=</span><span class="s">&quot;153&quot;</span> <span class="na">sha=</span><span class="s">&quot;be06ab8bfe4991ce64d4dae0655833b060362cda&quot;</span> <span class="na">author=</span><span class="s">&quot;David Saff &amp;lt;saff@redredrobot.local&amp;gt;&quot;</span> <span class="na">date=</span><span class="s">&quot;Mon Jun 15 22:25:14 2009 -0700&quot;</span> <span class="na">msg=</span><span class="s">&quot;    TODO clean-up&quot;</span> <span class="nt">/&gt;</span></div><div class='line' id='LC2999'>&nbsp;&nbsp;&nbsp;&nbsp;<span class="nt">&lt;versionLog</span> <span class="na">num=</span><span class="s">&quot;154&quot;</span> <span class="na">sha=</span><span class="s">&quot;b2ebdc0a3e15d90fe695953fd334408ec1afad77&quot;</span> <span class="na">author=</span><span class="s">&quot;David Saff &amp;lt;saff@redredrobot.local&amp;gt;&quot;</span> <span class="na">date=</span><span class="s">&quot;Mon Jun 15 22:24:01 2009 -0700&quot;</span> <span class="na">msg=</span><span class="s">&quot;    Move emptySuite method to Suite&quot;</span> <span class="nt">/&gt;</span></div><div class='line' id='LC3000'>&nbsp;&nbsp;&nbsp;&nbsp;<span class="nt">&lt;versionLog</span> <span class="na">num=</span><span class="s">&quot;155&quot;</span> <span class="na">sha=</span><span class="s">&quot;e9e9b31a483fc562af4ebf5c59e7c89a8ef83459&quot;</span> <span class="na">author=</span><span class="s">&quot;David Saff &amp;lt;saff@redredrobot.local&amp;gt;&quot;</span> <span class="na">date=</span><span class="s">&quot;Mon Jun 15 22:18:42 2009 -0700&quot;</span> <span class="na">msg=</span><span class="s">&quot;    Clean up TODO&#39;s, including unnecessary exception catch in max&quot;</span> <span class="nt">/&gt;</span></div><div class='line' id='LC3001'>&nbsp;&nbsp;&nbsp;&nbsp;<span class="nt">&lt;versionLog</span> <span class="na">num=</span><span class="s">&quot;156&quot;</span> <span class="na">sha=</span><span class="s">&quot;50b77b1f3108aa77af0906162d552e513936c322&quot;</span> <span class="na">author=</span><span class="s">&quot;David Saff &amp;lt;saff@redredrobot.local&amp;gt;&quot;</span> <span class="na">date=</span><span class="s">&quot;Mon Jun 15 22:12:10 2009 -0700&quot;</span> <span class="na">msg=</span><span class="s">&quot;    Advance version, and beef up ErrorCollector with checkThat and checkPasses&quot;</span> <span class="nt">/&gt;</span></div><div class='line' id='LC3002'>&nbsp;&nbsp;&nbsp;&nbsp;<span class="nt">&lt;versionLog</span> <span class="na">num=</span><span class="s">&quot;157&quot;</span> <span class="na">sha=</span><span class="s">&quot;077d4657cce12a38d4f34266fc62c190b28235a9&quot;</span> <span class="na">author=</span><span class="s">&quot;David Saff &amp;lt;saff@new-host-3.home&amp;gt;&quot;</span> <span class="na">date=</span><span class="s">&quot;Thu Jun 4 12:52:28 2009 +0800&quot;</span> <span class="na">msg=</span><span class="s">&quot;    Added Verifier and ErrorCollector        Signed-off-by: Kent Beck &amp;lt;kent@threeriversinstitute.org&amp;gt;&quot;</span> <span class="nt">/&gt;</span></div><div class='line' id='LC3003'>&nbsp;&nbsp;&nbsp;&nbsp;<span class="nt">&lt;versionLog</span> <span class="na">num=</span><span class="s">&quot;158&quot;</span> <span class="na">sha=</span><span class="s">&quot;11258fcfd07dd63754fbea374bbba59ea82bc685&quot;</span> <span class="na">author=</span><span class="s">&quot;David Saff &amp;lt;saff@new-host-3.home&amp;gt;&quot;</span> <span class="na">date=</span><span class="s">&quot;Thu Jun 4 00:52:28 2009 -0400&quot;</span> <span class="na">msg=</span><span class="s">&quot;    Added Verifier and ErrorCollector&quot;</span> <span class="nt">/&gt;</span></div><div class='line' id='LC3004'>&nbsp;&nbsp;&nbsp;&nbsp;<span class="nt">&lt;versionLog</span> <span class="na">num=</span><span class="s">&quot;159&quot;</span> <span class="na">sha=</span><span class="s">&quot;20dd0741fca1009e5f641cd0fd1f319459ceeed0&quot;</span> <span class="na">author=</span><span class="s">&quot;David Saff &amp;lt;saff@new-host-3.home&amp;gt;&quot;</span> <span class="na">date=</span><span class="s">&quot;Thu Jun 4 00:09:23 2009 -0400&quot;</span> <span class="na">msg=</span><span class="s">&quot;    Added TemporaryFile and ExternalResource interceptors&quot;</span> <span class="nt">/&gt;</span></div><div class='line' id='LC3005'>&nbsp;&nbsp;&nbsp;&nbsp;<span class="nt">&lt;versionLog</span> <span class="na">num=</span><span class="s">&quot;160&quot;</span> <span class="na">sha=</span><span class="s">&quot;2e9a239f419fa60779b5f1ab191561108e1fe3d4&quot;</span> <span class="na">author=</span><span class="s">&quot;David Saff &amp;lt;saff@dhcp-172-31-204-188.cam.corp.google.com&amp;gt;&quot;</span> <span class="na">date=</span><span class="s">&quot;Wed Jun 3 03:47:20 2009 +0800&quot;</span> <span class="na">msg=</span><span class="s">&quot;    ExpectedException allows multiple exceptions        Signed-off-by: Kent Beck &amp;lt;kent@threeriversinstitute.org&amp;gt;&quot;</span> <span class="nt">/&gt;</span></div><div class='line' id='LC3006'>&nbsp;&nbsp;&nbsp;&nbsp;<span class="nt">&lt;versionLog</span> <span class="na">num=</span><span class="s">&quot;161&quot;</span> <span class="na">sha=</span><span class="s">&quot;7c6809f47fde700f345ded8faaff468dc2d53c08&quot;</span> <span class="na">author=</span><span class="s">&quot;David Saff &amp;lt;saff@dhcp-172-31-197-71.cam.corp.google.com&amp;gt;&quot;</span> <span class="na">date=</span><span class="s">&quot;Tue Jun 2 04:57:41 2009 +0800&quot;</span> <span class="na">msg=</span><span class="s">&quot;    ExpectedException allows multiple exceptions        Signed-off-by: Kent Beck &amp;lt;kent@threeriversinstitute.org&amp;gt;&quot;</span> <span class="nt">/&gt;</span></div><div class='line' id='LC3007'>&nbsp;&nbsp;&nbsp;&nbsp;<span class="nt">&lt;versionLog</span> <span class="na">num=</span><span class="s">&quot;162&quot;</span> <span class="na">sha=</span><span class="s">&quot;a423117429dc71bf3068eeae38c6443672beda7f&quot;</span> <span class="na">author=</span><span class="s">&quot;David Saff &amp;lt;saff@dhcp-172-31-197-71.cam.corp.google.com&amp;gt;&quot;</span> <span class="na">date=</span><span class="s">&quot;Tue Jun 2 04:37:05 2009 +0800&quot;</span> <span class="na">msg=</span><span class="s">&quot;    ExpectedException drastically simplified        Signed-off-by: Kent Beck &amp;lt;kent@threeriversinstitute.org&amp;gt;&quot;</span> <span class="nt">/&gt;</span></div><div class='line' id='LC3008'>&nbsp;&nbsp;&nbsp;&nbsp;<span class="nt">&lt;versionLog</span> <span class="na">num=</span><span class="s">&quot;163&quot;</span> <span class="na">sha=</span><span class="s">&quot;a402014d7d4fb320442a73b1e7e151c6bb037899&quot;</span> <span class="na">author=</span><span class="s">&quot;David Saff &amp;lt;saff@dhcp-172-31-204-188.cam.corp.google.com&amp;gt;&quot;</span> <span class="na">date=</span><span class="s">&quot;Tue Jun 2 15:47:20 2009 -0400&quot;</span> <span class="na">msg=</span><span class="s">&quot;    ExpectedException allows multiple exceptions&quot;</span> <span class="nt">/&gt;</span></div><div class='line' id='LC3009'>&nbsp;&nbsp;&nbsp;&nbsp;<span class="nt">&lt;versionLog</span> <span class="na">num=</span><span class="s">&quot;164&quot;</span> <span class="na">sha=</span><span class="s">&quot;c9e0f1a3a519bdab2d71b48635a9cc7df3cff3fa&quot;</span> <span class="na">author=</span><span class="s">&quot;David Saff &amp;lt;saff@dhcp-172-31-204-188.cam.corp.google.com&amp;gt;&quot;</span> <span class="na">date=</span><span class="s">&quot;Mon Jun 1 23:08:41 2009 +0800&quot;</span> <span class="na">msg=</span><span class="s">&quot;    JUnitMatchers.matches creates any type        Signed-off-by: Kent Beck &amp;lt;kent@threeriversinstitute.org&amp;gt;&quot;</span> <span class="nt">/&gt;</span></div><div class='line' id='LC3010'>&nbsp;&nbsp;&nbsp;&nbsp;<span class="nt">&lt;versionLog</span> <span class="na">num=</span><span class="s">&quot;165&quot;</span> <span class="na">sha=</span><span class="s">&quot;a01928138beb41a189dc1fa43f92942b39393cbb&quot;</span> <span class="na">author=</span><span class="s">&quot;David Saff &amp;lt;saff@dhcp-172-31-197-71.cam.corp.google.com&amp;gt;&quot;</span> <span class="na">date=</span><span class="s">&quot;Mon Jun 1 16:57:41 2009 -0400&quot;</span> <span class="na">msg=</span><span class="s">&quot;    ExpectedException allows multiple exceptions&quot;</span> <span class="nt">/&gt;</span></div><div class='line' id='LC3011'>&nbsp;&nbsp;&nbsp;&nbsp;<span class="nt">&lt;versionLog</span> <span class="na">num=</span><span class="s">&quot;166&quot;</span> <span class="na">sha=</span><span class="s">&quot;d5af0e46c1cd912ef0932ce868517b1e8335531e&quot;</span> <span class="na">author=</span><span class="s">&quot;David Saff &amp;lt;saff@dhcp-172-31-197-71.cam.corp.google.com&amp;gt;&quot;</span> <span class="na">date=</span><span class="s">&quot;Mon Jun 1 16:37:05 2009 -0400&quot;</span> <span class="na">msg=</span><span class="s">&quot;    ExpectedException drastically simplified&quot;</span> <span class="nt">/&gt;</span></div><div class='line' id='LC3012'>&nbsp;&nbsp;&nbsp;&nbsp;<span class="nt">&lt;versionLog</span> <span class="na">num=</span><span class="s">&quot;167&quot;</span> <span class="na">sha=</span><span class="s">&quot;0b57f033a94caca38ab1369b117baa1589d7d6d3&quot;</span> <span class="na">author=</span><span class="s">&quot;David Saff &amp;lt;saff@dhcp-172-31-197-71.cam.corp.google.com&amp;gt;&quot;</span> <span class="na">date=</span><span class="s">&quot;Mon Jun 1 14:43:37 2009 -0400&quot;</span> <span class="na">msg=</span><span class="s">&quot;    Minor updates to assertThat and isAnyOf&quot;</span> <span class="nt">/&gt;</span></div><div class='line' id='LC3013'>&nbsp;&nbsp;&nbsp;&nbsp;<span class="nt">&lt;versionLog</span> <span class="na">num=</span><span class="s">&quot;168&quot;</span> <span class="na">sha=</span><span class="s">&quot;89c38cee73bdcc7505da15d7e5de60cdf45a6c0e&quot;</span> <span class="na">author=</span><span class="s">&quot;David Saff &amp;lt;saff@dhcp-172-31-197-71.cam.corp.google.com&amp;gt;&quot;</span> <span class="na">date=</span><span class="s">&quot;Mon Jun 1 13:13:17 2009 -0400&quot;</span> <span class="na">msg=</span><span class="s">&quot;    Improved documentation of new matchers&quot;</span> <span class="nt">/&gt;</span></div><div class='line' id='LC3014'>&nbsp;&nbsp;&nbsp;&nbsp;<span class="nt">&lt;versionLog</span> <span class="na">num=</span><span class="s">&quot;169&quot;</span> <span class="na">sha=</span><span class="s">&quot;3762b9a6f23454691ad4d61000b148a00edaeace&quot;</span> <span class="na">author=</span><span class="s">&quot;David Saff &amp;lt;saff@dhcp-172-31-204-188.cam.corp.google.com&amp;gt;&quot;</span> <span class="na">date=</span><span class="s">&quot;Mon Jun 1 11:08:41 2009 -0400&quot;</span> <span class="na">msg=</span><span class="s">&quot;    JUnitMatchers.matches creates any type&quot;</span> <span class="nt">/&gt;</span></div><div class='line' id='LC3015'>&nbsp;&nbsp;&nbsp;&nbsp;<span class="nt">&lt;versionLog</span> <span class="na">num=</span><span class="s">&quot;170&quot;</span> <span class="na">sha=</span><span class="s">&quot;323e55fbc5dbf8d977b23220fa2316cbfceaeb6b&quot;</span> <span class="na">author=</span><span class="s">&quot;David Saff &amp;lt;saff@dhcp-172-31-197-71.cam.corp.google.com&amp;gt;&quot;</span> <span class="na">date=</span><span class="s">&quot;Fri May 29 23:57:14 2009 +0800&quot;</span> <span class="na">msg=</span><span class="s">&quot;    Fixed warnings        Signed-off-by: Kent Beck &amp;lt;kent@threeriversinstitute.org&amp;gt;&quot;</span> <span class="nt">/&gt;</span></div><div class='line' id='LC3016'>&nbsp;&nbsp;&nbsp;&nbsp;<span class="nt">&lt;versionLog</span> <span class="na">num=</span><span class="s">&quot;171&quot;</span> <span class="na">sha=</span><span class="s">&quot;79b7c3e8f1d725460212c659524b9bbf5d8a1461&quot;</span> <span class="na">author=</span><span class="s">&quot;David Saff &amp;lt;saff@dhcp-172-31-197-71.cam.corp.google.com&amp;gt;&quot;</span> <span class="na">date=</span><span class="s">&quot;Fri May 29 23:56:22 2009 +0800&quot;</span> <span class="na">msg=</span><span class="s">&quot;    Hamcrest 1.2 documented in release notes        Signed-off-by: Kent Beck &amp;lt;kent@threeriversinstitute.org&amp;gt;&quot;</span> <span class="nt">/&gt;</span></div><div class='line' id='LC3017'>&nbsp;&nbsp;&nbsp;&nbsp;<span class="nt">&lt;versionLog</span> <span class="na">num=</span><span class="s">&quot;172&quot;</span> <span class="na">sha=</span><span class="s">&quot;a5aa7cf7d61162947504060c9d3b6d4db6c073cf&quot;</span> <span class="na">author=</span><span class="s">&quot;David Saff &amp;lt;saff@dhcp-172-31-197-71.cam.corp.google.com&amp;gt;&quot;</span> <span class="na">date=</span><span class="s">&quot;Fri May 29 23:20:30 2009 +0800&quot;</span> <span class="na">msg=</span><span class="s">&quot;    I think this is the end of hamcrest generics        Signed-off-by: Kent Beck &amp;lt;kent@threeriversinstitute.org&amp;gt;&quot;</span> <span class="nt">/&gt;</span></div><div class='line' id='LC3018'>&nbsp;&nbsp;&nbsp;&nbsp;<span class="nt">&lt;versionLog</span> <span class="na">num=</span><span class="s">&quot;173&quot;</span> <span class="na">sha=</span><span class="s">&quot;505f7705d932002881b530829f4750e9438a963e&quot;</span> <span class="na">author=</span><span class="s">&quot;David Saff &amp;lt;saff@dhcp-172-31-197-71.cam.corp.google.com&amp;gt;&quot;</span> <span class="na">date=</span><span class="s">&quot;Fri May 29 22:39:33 2009 +0800&quot;</span> <span class="na">msg=</span><span class="s">&quot;    Better tests of both        Signed-off-by: Kent Beck &amp;lt;kent@threeriversinstitute.org&amp;gt;&quot;</span> <span class="nt">/&gt;</span></div><div class='line' id='LC3019'>&nbsp;&nbsp;&nbsp;&nbsp;<span class="nt">&lt;versionLog</span> <span class="na">num=</span><span class="s">&quot;174&quot;</span> <span class="na">sha=</span><span class="s">&quot;8a9c52df0ef4c0667a3a54bd4c6387c149577c2e&quot;</span> <span class="na">author=</span><span class="s">&quot;David Saff &amp;lt;saff@dhcp-172-31-197-71.cam.corp.google.com&amp;gt;&quot;</span> <span class="na">date=</span><span class="s">&quot;Fri May 29 21:57:31 2009 +0800&quot;</span> <span class="na">msg=</span><span class="s">&quot;    Undeprectated JUnitMatchers.either and .both, with different typing, and created JUnitMatchers.matches        Signed-off-by: Kent Beck &amp;lt;kent@threeriversinstitute.org&amp;gt;&quot;</span> <span class="nt">/&gt;</span></div><div class='line' id='LC3020'>&nbsp;&nbsp;&nbsp;&nbsp;<span class="nt">&lt;versionLog</span> <span class="na">num=</span><span class="s">&quot;175&quot;</span> <span class="na">sha=</span><span class="s">&quot;96635b8788e3d089450c2791dd2f11100244d9e1&quot;</span> <span class="na">author=</span><span class="s">&quot;David Saff &amp;lt;saff@dhcp-172-31-197-71.cam.corp.google.com&amp;gt;&quot;</span> <span class="na">date=</span><span class="s">&quot;Fri May 29 21:19:05 2009 +0800&quot;</span> <span class="na">msg=</span><span class="s">&quot;    Needed to mostly compile        Signed-off-by: Kent Beck &amp;lt;kent@threeriversinstitute.org&amp;gt;&quot;</span> <span class="nt">/&gt;</span></div><div class='line' id='LC3021'>&nbsp;&nbsp;&nbsp;&nbsp;<span class="nt">&lt;versionLog</span> <span class="na">num=</span><span class="s">&quot;176&quot;</span> <span class="na">sha=</span><span class="s">&quot;68e573bb82a183201a9e91d12746cacc061c48bc&quot;</span> <span class="na">author=</span><span class="s">&quot;David Saff &amp;lt;saff@dhcp-172-31-197-71.cam.corp.google.com&amp;gt;&quot;</span> <span class="na">date=</span><span class="s">&quot;Fri May 29 11:57:14 2009 -0400&quot;</span> <span class="na">msg=</span><span class="s">&quot;    Fixed warnings&quot;</span> <span class="nt">/&gt;</span></div><div class='line' id='LC3022'>&nbsp;&nbsp;&nbsp;&nbsp;<span class="nt">&lt;versionLog</span> <span class="na">num=</span><span class="s">&quot;177&quot;</span> <span class="na">sha=</span><span class="s">&quot;9164fdee10603ebdb2b4a7d78ab00046fa3ad37f&quot;</span> <span class="na">author=</span><span class="s">&quot;David Saff &amp;lt;saff@dhcp-172-31-197-71.cam.corp.google.com&amp;gt;&quot;</span> <span class="na">date=</span><span class="s">&quot;Fri May 29 11:56:22 2009 -0400&quot;</span> <span class="na">msg=</span><span class="s">&quot;    Hamcrest 1.2 documented in release notes&quot;</span> <span class="nt">/&gt;</span></div><div class='line' id='LC3023'>&nbsp;&nbsp;&nbsp;&nbsp;<span class="nt">&lt;versionLog</span> <span class="na">num=</span><span class="s">&quot;178&quot;</span> <span class="na">sha=</span><span class="s">&quot;67c31453db464a17bd907a8b4ccfb9103ef946f0&quot;</span> <span class="na">author=</span><span class="s">&quot;David Saff &amp;lt;saff@dhcp-172-31-197-71.cam.corp.google.com&amp;gt;&quot;</span> <span class="na">date=</span><span class="s">&quot;Fri May 29 11:20:30 2009 -0400&quot;</span> <span class="na">msg=</span><span class="s">&quot;    I think this is the end of hamcrest generics&quot;</span> <span class="nt">/&gt;</span></div><div class='line' id='LC3024'>&nbsp;&nbsp;&nbsp;&nbsp;<span class="nt">&lt;versionLog</span> <span class="na">num=</span><span class="s">&quot;179&quot;</span> <span class="na">sha=</span><span class="s">&quot;e3f50a17c8c6fb7a33bd8a7afb36235b22422346&quot;</span> <span class="na">author=</span><span class="s">&quot;David Saff &amp;lt;saff@dhcp-172-31-197-71.cam.corp.google.com&amp;gt;&quot;</span> <span class="na">date=</span><span class="s">&quot;Fri May 29 10:39:33 2009 -0400&quot;</span> <span class="na">msg=</span><span class="s">&quot;    Better tests of both&quot;</span> <span class="nt">/&gt;</span></div><div class='line' id='LC3025'>&nbsp;&nbsp;&nbsp;&nbsp;<span class="nt">&lt;versionLog</span> <span class="na">num=</span><span class="s">&quot;180&quot;</span> <span class="na">sha=</span><span class="s">&quot;7dd6711cb9e552cee8091893d4085fdc3f9996b0&quot;</span> <span class="na">author=</span><span class="s">&quot;David Saff &amp;lt;saff@dhcp-172-31-197-71.cam.corp.google.com&amp;gt;&quot;</span> <span class="na">date=</span><span class="s">&quot;Fri May 29 09:57:31 2009 -0400&quot;</span> <span class="na">msg=</span><span class="s">&quot;    Undeprectated JUnitMatchers.either and .both, with different typing, and created JUnitMatchers.matches&quot;</span> <span class="nt">/&gt;</span></div><div class='line' id='LC3026'>&nbsp;&nbsp;&nbsp;&nbsp;<span class="nt">&lt;versionLog</span> <span class="na">num=</span><span class="s">&quot;181&quot;</span> <span class="na">sha=</span><span class="s">&quot;fd925dc6b23c4fa68de2eab06dc162c4f06ff224&quot;</span> <span class="na">author=</span><span class="s">&quot;David Saff &amp;lt;saff@dhcp-172-31-197-71.cam.corp.google.com&amp;gt;&quot;</span> <span class="na">date=</span><span class="s">&quot;Fri May 29 09:19:05 2009 -0400&quot;</span> <span class="na">msg=</span><span class="s">&quot;    Needed to mostly compile&quot;</span> <span class="nt">/&gt;</span></div><div class='line' id='LC3027'>&nbsp;&nbsp;&nbsp;&nbsp;<span class="nt">&lt;versionLog</span> <span class="na">num=</span><span class="s">&quot;182&quot;</span> <span class="na">sha=</span><span class="s">&quot;52e61a55e8ffcaab2586ea8fec28e4b01336cd30&quot;</span> <span class="na">author=</span><span class="s">&quot;David Saff &amp;lt;saff@dhcp-172-31-197-71.cam.corp.google.com&amp;gt;&quot;</span> <span class="na">date=</span><span class="s">&quot;Thu May 28 01:57:07 2009 +0800&quot;</span> <span class="na">msg=</span><span class="s">&quot;    Upgraded to Hamcrest 1.2        Signed-off-by: Kent Beck &amp;lt;kent@threeriversinstitute.org&amp;gt;&quot;</span> <span class="nt">/&gt;</span></div><div class='line' id='LC3028'>&nbsp;&nbsp;&nbsp;&nbsp;<span class="nt">&lt;versionLog</span> <span class="na">num=</span><span class="s">&quot;183&quot;</span> <span class="na">sha=</span><span class="s">&quot;695ae54ef17fc658734119b5378b19ff754a9951&quot;</span> <span class="na">author=</span><span class="s">&quot;David Saff &amp;lt;saff@dhcp-172-31-197-71.cam.corp.google.com&amp;gt;&quot;</span> <span class="na">date=</span><span class="s">&quot;Wed May 27 23:25:56 2009 +0800&quot;</span> <span class="na">msg=</span><span class="s">&quot;    Updated version        Signed-off-by: Kent Beck &amp;lt;kent@threeriversinstitute.org&amp;gt;&quot;</span> <span class="nt">/&gt;</span></div><div class='line' id='LC3029'>&nbsp;&nbsp;&nbsp;&nbsp;<span class="nt">&lt;versionLog</span> <span class="na">num=</span><span class="s">&quot;184&quot;</span> <span class="na">sha=</span><span class="s">&quot;e35fb32e07a4cfe69dd86024a79d9cb3b9132e55&quot;</span> <span class="na">author=</span><span class="s">&quot;David Saff &amp;lt;saff@dhcp-172-31-197-71.cam.corp.google.com&amp;gt;&quot;</span> <span class="na">date=</span><span class="s">&quot;Wed May 27 13:57:07 2009 -0400&quot;</span> <span class="na">msg=</span><span class="s">&quot;    Upgraded to Hamcrest 1.2&quot;</span> <span class="nt">/&gt;</span></div><div class='line' id='LC3030'>&nbsp;&nbsp;&nbsp;&nbsp;<span class="nt">&lt;versionLog</span> <span class="na">num=</span><span class="s">&quot;185&quot;</span> <span class="na">sha=</span><span class="s">&quot;618d9ac96993540d11078fc963af9e9b4d479943&quot;</span> <span class="na">author=</span><span class="s">&quot;David Saff &amp;lt;saff@dhcp-172-31-197-71.cam.corp.google.com&amp;gt;&quot;</span> <span class="na">date=</span><span class="s">&quot;Wed May 27 11:25:56 2009 -0400&quot;</span> <span class="na">msg=</span><span class="s">&quot;    Updated version&quot;</span> <span class="nt">/&gt;</span></div><div class='line' id='LC3031'>&nbsp;&nbsp;&nbsp;&nbsp;<span class="nt">&lt;versionLog</span> <span class="na">num=</span><span class="s">&quot;186&quot;</span> <span class="na">sha=</span><span class="s">&quot;26a9910d4df6899107d78f77795f4aba2eadde12&quot;</span> <span class="na">author=</span><span class="s">&quot;David Saff &amp;lt;saff@new-host-2.home&amp;gt;&quot;</span> <span class="na">date=</span><span class="s">&quot;Wed May 27 12:19:49 2009 +0800&quot;</span> <span class="na">msg=</span><span class="s">&quot;    ExpectedException Interceptor added        Signed-off-by: Kent Beck &amp;lt;kent@threeriversinstitute.org&amp;gt;&quot;</span> <span class="nt">/&gt;</span></div><div class='line' id='LC3032'>&nbsp;&nbsp;&nbsp;&nbsp;<span class="nt">&lt;versionLog</span> <span class="na">num=</span><span class="s">&quot;187&quot;</span> <span class="na">sha=</span><span class="s">&quot;fb7e47081b37842a814e9f35013b9b12a33b3fc3&quot;</span> <span class="na">author=</span><span class="s">&quot;David Saff &amp;lt;saff@new-host-2.home&amp;gt;&quot;</span> <span class="na">date=</span><span class="s">&quot;Wed May 27 10:55:58 2009 +0800&quot;</span> <span class="na">msg=</span><span class="s">&quot;    No Interceptors class, interceptors turned on by default        Signed-off-by: Kent Beck &amp;lt;kent@threeriversinstitute.org&amp;gt;&quot;</span> <span class="nt">/&gt;</span></div><div class='line' id='LC3033'>&nbsp;&nbsp;&nbsp;&nbsp;<span class="nt">&lt;versionLog</span> <span class="na">num=</span><span class="s">&quot;188&quot;</span> <span class="na">sha=</span><span class="s">&quot;5261a76c3014edc93f568ac76e8012d59dc2c831&quot;</span> <span class="na">author=</span><span class="s">&quot;David Saff &amp;lt;saff@new-host-2.home&amp;gt;&quot;</span> <span class="na">date=</span><span class="s">&quot;Wed May 27 10:27:24 2009 +0800&quot;</span> <span class="na">msg=</span><span class="s">&quot;    Using getAnnotatedFields in Interceptors, now correctly        Signed-off-by: Kent Beck &amp;lt;kent@threeriversinstitute.org&amp;gt;&quot;</span> <span class="nt">/&gt;</span></div><div class='line' id='LC3034'>&nbsp;&nbsp;&nbsp;&nbsp;<span class="nt">&lt;versionLog</span> <span class="na">num=</span><span class="s">&quot;189&quot;</span> <span class="na">sha=</span><span class="s">&quot;5ccb8e7c1189ac4a248dc2aa2852d1a760937466&quot;</span> <span class="na">author=</span><span class="s">&quot;David Saff &amp;lt;saff@redredrobot.home&amp;gt;&quot;</span> <span class="na">date=</span><span class="s">&quot;Tue May 26 10:03:53 2009 +0800&quot;</span> <span class="na">msg=</span><span class="s">&quot;    All tests pass        Signed-off-by: Kent Beck &amp;lt;kent@threeriversinstitute.org&amp;gt;&quot;</span> <span class="nt">/&gt;</span></div><div class='line' id='LC3035'>&nbsp;&nbsp;&nbsp;&nbsp;<span class="nt">&lt;versionLog</span> <span class="na">num=</span><span class="s">&quot;190&quot;</span> <span class="na">sha=</span><span class="s">&quot;798b5549a8a7df9357176d8e67982bf8686fdd51&quot;</span> <span class="na">author=</span><span class="s">&quot;David Saff &amp;lt;saff@new-host-2.home&amp;gt;&quot;</span> <span class="na">date=</span><span class="s">&quot;Wed May 27 10:12:24 2009 +0800&quot;</span> <span class="na">msg=</span><span class="s">&quot;    Remove throws from TestWatchman.starting        Signed-off-by: Kent Beck &amp;lt;kent@threeriversinstitute.org&amp;gt;&quot;</span> <span class="nt">/&gt;</span></div><div class='line' id='LC3036'>&nbsp;&nbsp;&nbsp;&nbsp;<span class="nt">&lt;versionLog</span> <span class="na">num=</span><span class="s">&quot;191&quot;</span> <span class="na">sha=</span><span class="s">&quot;356a069f8cbbad2a368fdbc6ceee4e94200e7140&quot;</span> <span class="na">author=</span><span class="s">&quot;David Saff &amp;lt;saff@redredrobot.home&amp;gt;&quot;</span> <span class="na">date=</span><span class="s">&quot;Tue May 26 09:51:47 2009 +0800&quot;</span> <span class="na">msg=</span><span class="s">&quot;    Getting there with FrameworkField, but checking in before everything works, to demo squeezing        Signed-off-by: Kent Beck &amp;lt;kent@threeriversinstitute.org&amp;gt;&quot;</span> <span class="nt">/&gt;</span></div><div class='line' id='LC3037'>&nbsp;&nbsp;&nbsp;&nbsp;<span class="nt">&lt;versionLog</span> <span class="na">num=</span><span class="s">&quot;192&quot;</span> <span class="na">sha=</span><span class="s">&quot;b5573b70809bed76a0397bb5bb196b6b2144d3d4&quot;</span> <span class="na">author=</span><span class="s">&quot;David Saff &amp;lt;saff@dhcp-172-31-197-71.cam.corp.google.com&amp;gt;&quot;</span> <span class="na">date=</span><span class="s">&quot;Wed May 13 23:23:02 2009 +0800&quot;</span> <span class="na">msg=</span><span class="s">&quot;    ParallelComputer doesn&#39;t have to assume BlockJUnit4Runner anymore        Signed-off-by: Kent Beck &amp;lt;kent@threeriversinstitute.org&amp;gt;&quot;</span> <span class="nt">/&gt;</span></div><div class='line' id='LC3038'>&nbsp;&nbsp;&nbsp;&nbsp;<span class="nt">&lt;versionLog</span> <span class="na">num=</span><span class="s">&quot;193&quot;</span> <span class="na">sha=</span><span class="s">&quot;96fd024b563859eee75b68b071cb736026c47ea1&quot;</span> <span class="na">author=</span><span class="s">&quot;David Saff &amp;lt;saff@new-host-3.home&amp;gt;&quot;</span> <span class="na">date=</span><span class="s">&quot;Tue May 12 11:49:06 2009 +0800&quot;</span> <span class="na">msg=</span><span class="s">&quot;    Updated version        Signed-off-by: Kent Beck &amp;lt;kent@threeriversinstitute.org&amp;gt;&quot;</span> <span class="nt">/&gt;</span></div><div class='line' id='LC3039'>&nbsp;&nbsp;&nbsp;&nbsp;<span class="nt">&lt;versionLog</span> <span class="na">num=</span><span class="s">&quot;194&quot;</span> <span class="na">sha=</span><span class="s">&quot;26fa0a4207e21f058d220c84f8195ee25943400c&quot;</span> <span class="na">author=</span><span class="s">&quot;David Saff &amp;lt;saff@new-host-2.home&amp;gt;&quot;</span> <span class="na">date=</span><span class="s">&quot;Wed May 27 00:19:49 2009 -0400&quot;</span> <span class="na">msg=</span><span class="s">&quot;    ExpectedException Interceptor added&quot;</span> <span class="nt">/&gt;</span></div><div class='line' id='LC3040'>&nbsp;&nbsp;&nbsp;&nbsp;<span class="nt">&lt;versionLog</span> <span class="na">num=</span><span class="s">&quot;195&quot;</span> <span class="na">sha=</span><span class="s">&quot;e6769d4009db8030661815965e2e22829a4619ff&quot;</span> <span class="na">author=</span><span class="s">&quot;David Saff &amp;lt;saff@new-host-2.home&amp;gt;&quot;</span> <span class="na">date=</span><span class="s">&quot;Tue May 26 22:55:58 2009 -0400&quot;</span> <span class="na">msg=</span><span class="s">&quot;    No Interceptors class, interceptors turned on by default&quot;</span> <span class="nt">/&gt;</span></div><div class='line' id='LC3041'>&nbsp;&nbsp;&nbsp;&nbsp;<span class="nt">&lt;versionLog</span> <span class="na">num=</span><span class="s">&quot;196&quot;</span> <span class="na">sha=</span><span class="s">&quot;1e54b68d2fe7c4238993b360c7be6fbb05d30528&quot;</span> <span class="na">author=</span><span class="s">&quot;David Saff &amp;lt;saff@new-host-2.home&amp;gt;&quot;</span> <span class="na">date=</span><span class="s">&quot;Tue May 26 22:27:24 2009 -0400&quot;</span> <span class="na">msg=</span><span class="s">&quot;    Using getAnnotatedFields in Interceptors, now correctly&quot;</span> <span class="nt">/&gt;</span></div><div class='line' id='LC3042'>&nbsp;&nbsp;&nbsp;&nbsp;<span class="nt">&lt;versionLog</span> <span class="na">num=</span><span class="s">&quot;197&quot;</span> <span class="na">sha=</span><span class="s">&quot;38f920506399298a945ed38e08e18e1dafb62520&quot;</span> <span class="na">author=</span><span class="s">&quot;David Saff &amp;lt;saff@new-host-2.home&amp;gt;&quot;</span> <span class="na">date=</span><span class="s">&quot;Tue May 26 22:12:24 2009 -0400&quot;</span> <span class="na">msg=</span><span class="s">&quot;    Remove throws from TestWatchman.starting&quot;</span> <span class="nt">/&gt;</span></div><div class='line' id='LC3043'>&nbsp;&nbsp;&nbsp;&nbsp;<span class="nt">&lt;versionLog</span> <span class="na">num=</span><span class="s">&quot;198&quot;</span> <span class="na">sha=</span><span class="s">&quot;85d42f2ef0ce94448700c90ed99372def66dc2a2&quot;</span> <span class="na">author=</span><span class="s">&quot;David Saff &amp;lt;saff@redredrobot.home&amp;gt;&quot;</span> <span class="na">date=</span><span class="s">&quot;Mon May 25 22:03:53 2009 -0400&quot;</span> <span class="na">msg=</span><span class="s">&quot;    All tests pass&quot;</span> <span class="nt">/&gt;</span></div><div class='line' id='LC3044'>&nbsp;&nbsp;&nbsp;&nbsp;<span class="nt">&lt;versionLog</span> <span class="na">num=</span><span class="s">&quot;199&quot;</span> <span class="na">sha=</span><span class="s">&quot;bbcb8f416628bc168a2ed8353a30b4e9647abf6f&quot;</span> <span class="na">author=</span><span class="s">&quot;David Saff &amp;lt;saff@redredrobot.home&amp;gt;&quot;</span> <span class="na">date=</span><span class="s">&quot;Mon May 25 21:51:47 2009 -0400&quot;</span> <span class="na">msg=</span><span class="s">&quot;    Getting there with FrameworkField, but checking in before everything works, to demo squeezing&quot;</span> <span class="nt">/&gt;</span></div><div class='line' id='LC3045'>&nbsp;&nbsp;&nbsp;&nbsp;<span class="nt">&lt;versionLog</span> <span class="na">num=</span><span class="s">&quot;200&quot;</span> <span class="na">sha=</span><span class="s">&quot;b3ee106f9f95e1f4093adb505e13a163df77f341&quot;</span> <span class="na">author=</span><span class="s">&quot;David Saff &amp;lt;saff@dhcp-172-31-197-71.cam.corp.google.com&amp;gt;&quot;</span> <span class="na">date=</span><span class="s">&quot;Wed May 13 11:23:02 2009 -0400&quot;</span> <span class="na">msg=</span><span class="s">&quot;    ParallelComputer doesn&#39;t have to assume BlockJUnit4Runner anymore&quot;</span> <span class="nt">/&gt;</span></div><div class='line' id='LC3046'>&nbsp;&nbsp;&nbsp;&nbsp;<span class="nt">&lt;versionLog</span> <span class="na">num=</span><span class="s">&quot;201&quot;</span> <span class="na">sha=</span><span class="s">&quot;b8640d1e9e642aa6b2f1a2e416fdbbb87f7a4476&quot;</span> <span class="na">author=</span><span class="s">&quot;David Saff &amp;lt;saff@new-host-3.home&amp;gt;&quot;</span> <span class="na">date=</span><span class="s">&quot;Mon May 11 23:49:06 2009 -0400&quot;</span> <span class="na">msg=</span><span class="s">&quot;    Updated version&quot;</span> <span class="nt">/&gt;</span></div><div class='line' id='LC3047'>&nbsp;&nbsp;&nbsp;&nbsp;<span class="nt">&lt;versionLog</span> <span class="na">num=</span><span class="s">&quot;202&quot;</span> <span class="na">sha=</span><span class="s">&quot;5eaf0fb09857851e8cf6740d2896705bd2014318&quot;</span> <span class="na">author=</span><span class="s">&quot;David Saff &amp;lt;saff@new-host-3.home&amp;gt;&quot;</span> <span class="na">date=</span><span class="s">&quot;Tue May 12 11:45:01 2009 +0800&quot;</span> <span class="na">msg=</span><span class="s">&quot;    Added TestName Interceptor        Signed-off-by: Kent Beck &amp;lt;kent@threeriversinstitute.org&amp;gt;&quot;</span> <span class="nt">/&gt;</span></div><div class='line' id='LC3048'>&nbsp;&nbsp;&nbsp;&nbsp;<span class="nt">&lt;versionLog</span> <span class="na">num=</span><span class="s">&quot;203&quot;</span> <span class="na">sha=</span><span class="s">&quot;7b94e3de5c8eab7e25c8b3be0e822ae6d4175bf0&quot;</span> <span class="na">author=</span><span class="s">&quot;David Saff &amp;lt;saff@new-host-3.home&amp;gt;&quot;</span> <span class="na">date=</span><span class="s">&quot;Tue May 12 11:29:36 2009 +0800&quot;</span> <span class="na">msg=</span><span class="s">&quot;    don&#39;t wrap statements for before/after/etc unless there&#39;s something to wrap them with.        Signed-off-by: Kent Beck &amp;lt;kent@threeriversinstitute.org&amp;gt;&quot;</span> <span class="nt">/&gt;</span></div><div class='line' id='LC3049'>&nbsp;&nbsp;&nbsp;&nbsp;<span class="nt">&lt;versionLog</span> <span class="na">num=</span><span class="s">&quot;204&quot;</span> <span class="na">sha=</span><span class="s">&quot;507e7b1799801409104fa5054b3bc6ac3fe82e7d&quot;</span> <span class="na">author=</span><span class="s">&quot;David Saff &amp;lt;saff@new-host-3.home&amp;gt;&quot;</span> <span class="na">date=</span><span class="s">&quot;Mon May 11 23:45:01 2009 -0400&quot;</span> <span class="na">msg=</span><span class="s">&quot;    Added TestName Interceptor&quot;</span> <span class="nt">/&gt;</span></div><div class='line' id='LC3050'>&nbsp;&nbsp;&nbsp;&nbsp;<span class="nt">&lt;versionLog</span> <span class="na">num=</span><span class="s">&quot;205&quot;</span> <span class="na">sha=</span><span class="s">&quot;198df01b7b288e57e222a33c74f8ff98bf518d93&quot;</span> <span class="na">author=</span><span class="s">&quot;David Saff &amp;lt;saff@new-host-3.home&amp;gt;&quot;</span> <span class="na">date=</span><span class="s">&quot;Mon May 11 23:29:36 2009 -0400&quot;</span> <span class="na">msg=</span><span class="s">&quot;    don&#39;t wrap statements for before/after/etc unless there&#39;s something to wrap them with.&quot;</span> <span class="nt">/&gt;</span></div><div class='line' id='LC3051'>&nbsp;&nbsp;&nbsp;&nbsp;<span class="nt">&lt;versionLog</span> <span class="na">num=</span><span class="s">&quot;206&quot;</span> <span class="na">sha=</span><span class="s">&quot;f2594e308d784f88715bdc7b9b245b998e947538&quot;</span> <span class="na">author=</span><span class="s">&quot;David Saff &amp;lt;saff@new-host-3.home&amp;gt;&quot;</span> <span class="na">date=</span><span class="s">&quot;Tue May 12 09:38:59 2009 +0800&quot;</span> <span class="na">msg=</span><span class="s">&quot;    Another TODO bites the dust        Signed-off-by: Kent Beck &amp;lt;kent@threeriversinstitute.org&amp;gt;&quot;</span> <span class="nt">/&gt;</span></div><div class='line' id='LC3052'>&nbsp;&nbsp;&nbsp;&nbsp;<span class="nt">&lt;versionLog</span> <span class="na">num=</span><span class="s">&quot;207&quot;</span> <span class="na">sha=</span><span class="s">&quot;3bcf273c37bc31e1f13986b02977cadbcd2b5a76&quot;</span> <span class="na">author=</span><span class="s">&quot;David Saff &amp;lt;saff@dhcp-172-31-197-71.cam.corp.google.com&amp;gt;&quot;</span> <span class="na">date=</span><span class="s">&quot;Tue May 12 04:50:19 2009 +0800&quot;</span> <span class="na">msg=</span><span class="s">&quot;    Removing more TODOs        Signed-off-by: Kent Beck &amp;lt;kent@threeriversinstitute.org&amp;gt;&quot;</span> <span class="nt">/&gt;</span></div><div class='line' id='LC3053'>&nbsp;&nbsp;&nbsp;&nbsp;<span class="nt">&lt;versionLog</span> <span class="na">num=</span><span class="s">&quot;208&quot;</span> <span class="na">sha=</span><span class="s">&quot;ac837502e0a755850e80bb9feea2071707b5446d&quot;</span> <span class="na">author=</span><span class="s">&quot;David Saff &amp;lt;saff@dhcp-172-31-197-71.cam.corp.google.com&amp;gt;&quot;</span> <span class="na">date=</span><span class="s">&quot;Tue May 12 04:46:15 2009 +0800&quot;</span> <span class="na">msg=</span><span class="s">&quot;    Reduced some visibility where possible        Signed-off-by: Kent Beck &amp;lt;kent@threeriversinstitute.org&amp;gt;&quot;</span> <span class="nt">/&gt;</span></div><div class='line' id='LC3054'>&nbsp;&nbsp;&nbsp;&nbsp;<span class="nt">&lt;versionLog</span> <span class="na">num=</span><span class="s">&quot;209&quot;</span> <span class="na">sha=</span><span class="s">&quot;13bda470bfa1fe989ce80d616fb096af1b937146&quot;</span> <span class="na">author=</span><span class="s">&quot;David Saff &amp;lt;saff@dhcp-172-31-197-71.cam.corp.google.com&amp;gt;&quot;</span> <span class="na">date=</span><span class="s">&quot;Tue May 12 04:26:51 2009 +0800&quot;</span> <span class="na">msg=</span><span class="s">&quot;    Make ParallelComputer more beautiful by creating a Decorator    extension point in ParentRunner        Signed-off-by: Kent Beck &amp;lt;kent@threeriversinstitute.org&amp;gt;&quot;</span> <span class="nt">/&gt;</span></div><div class='line' id='LC3055'>&nbsp;&nbsp;&nbsp;&nbsp;<span class="nt">&lt;versionLog</span> <span class="na">num=</span><span class="s">&quot;210&quot;</span> <span class="na">sha=</span><span class="s">&quot;8435a2a04e66546490344a028052f648b5f9f213&quot;</span> <span class="na">author=</span><span class="s">&quot;David Saff &amp;lt;saff@dhcp-172-31-197-71.cam.corp.google.com&amp;gt;&quot;</span> <span class="na">date=</span><span class="s">&quot;Tue May 12 04:42:24 2009 +0800&quot;</span> <span class="na">msg=</span><span class="s">&quot;    Removed useless TODOs        Signed-off-by: Kent Beck &amp;lt;kent@threeriversinstitute.org&amp;gt;&quot;</span> <span class="nt">/&gt;</span></div><div class='line' id='LC3056'>&nbsp;&nbsp;&nbsp;&nbsp;<span class="nt">&lt;versionLog</span> <span class="na">num=</span><span class="s">&quot;211&quot;</span> <span class="na">sha=</span><span class="s">&quot;d8267a16675047b6b4ba5a94a951fdde2fb70768&quot;</span> <span class="na">author=</span><span class="s">&quot;David Saff &amp;lt;saff@dhcp-172-31-197-71.cam.corp.google.com&amp;gt;&quot;</span> <span class="na">date=</span><span class="s">&quot;Fri May 8 22:35:06 2009 +0800&quot;</span> <span class="na">msg=</span><span class="s">&quot;    Added parallel tests to AllTests        Signed-off-by: Kent Beck &amp;lt;kent@threeriversinstitute.org&amp;gt;&quot;</span> <span class="nt">/&gt;</span></div><div class='line' id='LC3057'>&nbsp;&nbsp;&nbsp;&nbsp;<span class="nt">&lt;versionLog</span> <span class="na">num=</span><span class="s">&quot;212&quot;</span> <span class="na">sha=</span><span class="s">&quot;b737131b847c53bb4f1cf6dbf86f586008550eba&quot;</span> <span class="na">author=</span><span class="s">&quot;David Saff &amp;lt;saff@new-host-3.home&amp;gt;&quot;</span> <span class="na">date=</span><span class="s">&quot;Mon May 11 22:54:41 2009 -0400&quot;</span> <span class="na">msg=</span><span class="s">&quot;    Pairing approach to removing duplication from ParallelComputer,    creating RunnerInterceptor.&quot;</span> <span class="nt">/&gt;</span></div><div class='line' id='LC3058'>&nbsp;&nbsp;&nbsp;&nbsp;<span class="nt">&lt;versionLog</span> <span class="na">num=</span><span class="s">&quot;213&quot;</span> <span class="na">sha=</span><span class="s">&quot;ff2ff9176dfb18887a8e6e463e49b00c6f3acc5f&quot;</span> <span class="na">author=</span><span class="s">&quot;David Saff &amp;lt;saff@new-host-3.home&amp;gt;&quot;</span> <span class="na">date=</span><span class="s">&quot;Mon May 11 21:38:59 2009 -0400&quot;</span> <span class="na">msg=</span><span class="s">&quot;    Another TODO bites the dust&quot;</span> <span class="nt">/&gt;</span></div><div class='line' id='LC3059'>&nbsp;&nbsp;&nbsp;&nbsp;<span class="nt">&lt;versionLog</span> <span class="na">num=</span><span class="s">&quot;214&quot;</span> <span class="na">sha=</span><span class="s">&quot;dafc0ed884bbbdba1a7934712c57ed41bc6c9777&quot;</span> <span class="na">author=</span><span class="s">&quot;David Saff &amp;lt;saff@dhcp-172-31-197-71.cam.corp.google.com&amp;gt;&quot;</span> <span class="na">date=</span><span class="s">&quot;Mon May 11 16:50:19 2009 -0400&quot;</span> <span class="na">msg=</span><span class="s">&quot;    Removing more TODOs&quot;</span> <span class="nt">/&gt;</span></div><div class='line' id='LC3060'>&nbsp;&nbsp;&nbsp;&nbsp;<span class="nt">&lt;versionLog</span> <span class="na">num=</span><span class="s">&quot;215&quot;</span> <span class="na">sha=</span><span class="s">&quot;73e8fa8187a58a3ad4c96e6d2f010f8d77d723cb&quot;</span> <span class="na">author=</span><span class="s">&quot;David Saff &amp;lt;saff@dhcp-172-31-197-71.cam.corp.google.com&amp;gt;&quot;</span> <span class="na">date=</span><span class="s">&quot;Mon May 11 16:46:15 2009 -0400&quot;</span> <span class="na">msg=</span><span class="s">&quot;    Reduced some visibility where possible&quot;</span> <span class="nt">/&gt;</span></div><div class='line' id='LC3061'>&nbsp;&nbsp;&nbsp;&nbsp;<span class="nt">&lt;versionLog</span> <span class="na">num=</span><span class="s">&quot;216&quot;</span> <span class="na">sha=</span><span class="s">&quot;d596c6a0049235c066df055b4a776e8d90991af1&quot;</span> <span class="na">author=</span><span class="s">&quot;David Saff &amp;lt;saff@dhcp-172-31-197-71.cam.corp.google.com&amp;gt;&quot;</span> <span class="na">date=</span><span class="s">&quot;Mon May 11 16:42:24 2009 -0400&quot;</span> <span class="na">msg=</span><span class="s">&quot;    Removed useless TODOs&quot;</span> <span class="nt">/&gt;</span></div><div class='line' id='LC3062'>&nbsp;&nbsp;&nbsp;&nbsp;<span class="nt">&lt;versionLog</span> <span class="na">num=</span><span class="s">&quot;217&quot;</span> <span class="na">sha=</span><span class="s">&quot;ad5971c88fb501f007cf1a75200349fb7cbb4b25&quot;</span> <span class="na">author=</span><span class="s">&quot;David Saff &amp;lt;saff@dhcp-172-31-197-71.cam.corp.google.com&amp;gt;&quot;</span> <span class="na">date=</span><span class="s">&quot;Mon May 11 16:26:51 2009 -0400&quot;</span> <span class="na">msg=</span><span class="s">&quot;    Make ParallelComputer more beautiful by creating a Decorator    extension point in ParentRunner&quot;</span> <span class="nt">/&gt;</span></div><div class='line' id='LC3063'>&nbsp;&nbsp;&nbsp;&nbsp;<span class="nt">&lt;versionLog</span> <span class="na">num=</span><span class="s">&quot;218&quot;</span> <span class="na">sha=</span><span class="s">&quot;4d6f0702dae590809b808230f027a60aa0a4a345&quot;</span> <span class="na">author=</span><span class="s">&quot;David Saff &amp;lt;saff@dhcp-172-31-197-71.cam.corp.google.com&amp;gt;&quot;</span> <span class="na">date=</span><span class="s">&quot;Fri May 8 10:35:06 2009 -0400&quot;</span> <span class="na">msg=</span><span class="s">&quot;    Added parallel tests to AllTests&quot;</span> <span class="nt">/&gt;</span></div><div class='line' id='LC3064'>&nbsp;&nbsp;&nbsp;&nbsp;<span class="nt">&lt;versionLog</span> <span class="na">num=</span><span class="s">&quot;219&quot;</span> <span class="na">sha=</span><span class="s">&quot;79b869efc27dd878bd0c3d73b2a55b4852b309f2&quot;</span> <span class="na">author=</span><span class="s">&quot;David Saff &amp;lt;saff@dhcp-172-31-197-71.cam.corp.google.com&amp;gt;&quot;</span> <span class="na">date=</span><span class="s">&quot;Wed May 6 23:31:30 2009 +0800&quot;</span> <span class="na">msg=</span><span class="s">&quot;    Ignore test for gump (need better long-term solution)        Signed-off-by: Kent Beck &amp;lt;kent@threeriversinstitute.org&amp;gt;&quot;</span> <span class="nt">/&gt;</span></div><div class='line' id='LC3065'>&nbsp;&nbsp;&nbsp;&nbsp;<span class="nt">&lt;versionLog</span> <span class="na">num=</span><span class="s">&quot;220&quot;</span> <span class="na">sha=</span><span class="s">&quot;cc84ff1bd98382b0e9483e3be83aef8f02e912ac&quot;</span> <span class="na">author=</span><span class="s">&quot;David Saff &amp;lt;saff@dhcp-172-31-197-71.cam.corp.google.com&amp;gt;&quot;</span> <span class="na">date=</span><span class="s">&quot;Wed May 6 23:23:23 2009 +0800&quot;</span> <span class="na">msg=</span><span class="s">&quot;    starting can throw Exception        Signed-off-by: Kent Beck &amp;lt;kent@threeriversinstitute.org&amp;gt;&quot;</span> <span class="nt">/&gt;</span></div><div class='line' id='LC3066'>&nbsp;&nbsp;&nbsp;&nbsp;<span class="nt">&lt;versionLog</span> <span class="na">num=</span><span class="s">&quot;221&quot;</span> <span class="na">sha=</span><span class="s">&quot;441ab8503a4f09a670ac6e7686ace1485583164d&quot;</span> <span class="na">author=</span><span class="s">&quot;David Saff &amp;lt;saff@dhcp-172-31-197-71.cam.corp.google.com&amp;gt;&quot;</span> <span class="na">date=</span><span class="s">&quot;Wed May 6 13:40:40 2009 -0400&quot;</span> <span class="na">msg=</span><span class="s">&quot;    starting() can throw exception&quot;</span> <span class="nt">/&gt;</span></div><div class='line' id='LC3067'>&nbsp;&nbsp;&nbsp;&nbsp;<span class="nt">&lt;versionLog</span> <span class="na">num=</span><span class="s">&quot;222&quot;</span> <span class="na">sha=</span><span class="s">&quot;9f1840115193b7d1bc4bc0b2715d762d317689dd&quot;</span> <span class="na">author=</span><span class="s">&quot;David Saff &amp;lt;saff@dhcp-172-31-197-71.cam.corp.google.com&amp;gt;&quot;</span> <span class="na">date=</span><span class="s">&quot;Wed May 6 11:31:30 2009 -0400&quot;</span> <span class="na">msg=</span><span class="s">&quot;    Ignore test for gump (need better long-term solution)&quot;</span> <span class="nt">/&gt;</span></div><div class='line' id='LC3068'>&nbsp;&nbsp;&nbsp;&nbsp;<span class="nt">&lt;versionLog</span> <span class="na">num=</span><span class="s">&quot;223&quot;</span> <span class="na">sha=</span><span class="s">&quot;2527d9ad37a797530dbd4b1095d3ddc3f5a7ae19&quot;</span> <span class="na">author=</span><span class="s">&quot;David Saff &amp;lt;saff@dhcp-172-31-197-71.cam.corp.google.com&amp;gt;&quot;</span> <span class="na">date=</span><span class="s">&quot;Wed May 6 11:23:23 2009 -0400&quot;</span> <span class="na">msg=</span><span class="s">&quot;    starting can throw Exception&quot;</span> <span class="nt">/&gt;</span></div><div class='line' id='LC3069'>&nbsp;&nbsp;&nbsp;&nbsp;<span class="nt">&lt;versionLog</span> <span class="na">num=</span><span class="s">&quot;224&quot;</span> <span class="na">sha=</span><span class="s">&quot;23865799f82e1de0d053f1bc787ae5a95b329f27&quot;</span> <span class="na">author=</span><span class="s">&quot;David Saff &amp;lt;saff@redredrobot.home&amp;gt;&quot;</span> <span class="na">date=</span><span class="s">&quot;Tue May 5 12:06:57 2009 +0800&quot;</span> <span class="na">msg=</span><span class="s">&quot;    Removed duplication by creating a delegating subclass of ParentRunner,    and introducing temporary ugly public API.        Signed-off-by: Kent Beck &amp;lt;kent@threeriversinstitute.org&amp;gt;&quot;</span> <span class="nt">/&gt;</span></div><div class='line' id='LC3070'>&nbsp;&nbsp;&nbsp;&nbsp;<span class="nt">&lt;versionLog</span> <span class="na">num=</span><span class="s">&quot;225&quot;</span> <span class="na">sha=</span><span class="s">&quot;b94a710a62228a54b13309c634047ae3ce77d58e&quot;</span> <span class="na">author=</span><span class="s">&quot;David Saff &amp;lt;saff@redredrobot.home&amp;gt;&quot;</span> <span class="na">date=</span><span class="s">&quot;Tue May 5 11:57:10 2009 +0800&quot;</span> <span class="na">msg=</span><span class="s">&quot;    Updated release notes, and added &amp;quot;Oh, yeah, wow&amp;quot; to the test.        Signed-off-by: Kent Beck &amp;lt;kent@threeriversinstitute.org&amp;gt;&quot;</span> <span class="nt">/&gt;</span></div><div class='line' id='LC3071'>&nbsp;&nbsp;&nbsp;&nbsp;<span class="nt">&lt;versionLog</span> <span class="na">num=</span><span class="s">&quot;226&quot;</span> <span class="na">sha=</span><span class="s">&quot;6aa1fb428b0b6de82ca6288863ce7571b0563017&quot;</span> <span class="na">author=</span><span class="s">&quot;David Saff &amp;lt;saff@redredrobot.home&amp;gt;&quot;</span> <span class="na">date=</span><span class="s">&quot;Tue May 5 11:50:04 2009 +0800&quot;</span> <span class="na">msg=</span><span class="s">&quot;    Added a Timeout Interceptor, to apply the same timeout to all methods.        Signed-off-by: Kent Beck &amp;lt;kent@threeriversinstitute.org&amp;gt;&quot;</span> <span class="nt">/&gt;</span></div><div class='line' id='LC3072'>&nbsp;&nbsp;&nbsp;&nbsp;<span class="nt">&lt;versionLog</span> <span class="na">num=</span><span class="s">&quot;227&quot;</span> <span class="na">sha=</span><span class="s">&quot;796e723caa0a1f75bb7b48b2454bea633fbf8e4e&quot;</span> <span class="na">author=</span><span class="s">&quot;David Saff &amp;lt;saff@dhcp-172-31-197-71.cam.corp.google.com&amp;gt;&quot;</span> <span class="na">date=</span><span class="s">&quot;Tue May 5 04:38:26 2009 +0800&quot;</span> <span class="na">msg=</span><span class="s">&quot;    Removed duplication in ParallelComputer.  Cure worse than disease?        Signed-off-by: Kent Beck &amp;lt;kent@threeriversinstitute.org&amp;gt;&quot;</span> <span class="nt">/&gt;</span></div><div class='line' id='LC3073'>&nbsp;&nbsp;&nbsp;&nbsp;<span class="nt">&lt;versionLog</span> <span class="na">num=</span><span class="s">&quot;228&quot;</span> <span class="na">sha=</span><span class="s">&quot;8b87e991c603ac14265fc3dd66b089c2395cb701&quot;</span> <span class="na">author=</span><span class="s">&quot;David Saff &amp;lt;saff@redredrobot.home&amp;gt;&quot;</span> <span class="na">date=</span><span class="s">&quot;Tue May 5 00:06:57 2009 -0400&quot;</span> <span class="na">msg=</span><span class="s">&quot;    Removed duplication by creating a delegating subclass of ParentRunner,    and introducing temporary ugly public API.&quot;</span> <span class="nt">/&gt;</span></div><div class='line' id='LC3074'>&nbsp;&nbsp;&nbsp;&nbsp;<span class="nt">&lt;versionLog</span> <span class="na">num=</span><span class="s">&quot;229&quot;</span> <span class="na">sha=</span><span class="s">&quot;219beb35ca3cfe068b45a8e4ee28989a526387dd&quot;</span> <span class="na">author=</span><span class="s">&quot;David Saff &amp;lt;saff@redredrobot.home&amp;gt;&quot;</span> <span class="na">date=</span><span class="s">&quot;Mon May 4 23:57:10 2009 -0400&quot;</span> <span class="na">msg=</span><span class="s">&quot;    Updated release notes, and added &amp;quot;Oh, yeah, wow&amp;quot; to the test.&quot;</span> <span class="nt">/&gt;</span></div><div class='line' id='LC3075'>&nbsp;&nbsp;&nbsp;&nbsp;<span class="nt">&lt;versionLog</span> <span class="na">num=</span><span class="s">&quot;230&quot;</span> <span class="na">sha=</span><span class="s">&quot;e5a301651a359ed4ce2c1dd81a4a73868b4dddcc&quot;</span> <span class="na">author=</span><span class="s">&quot;David Saff &amp;lt;saff@redredrobot.home&amp;gt;&quot;</span> <span class="na">date=</span><span class="s">&quot;Mon May 4 23:50:04 2009 -0400&quot;</span> <span class="na">msg=</span><span class="s">&quot;    Added a Timeout Interceptor, to apply the same timeout to all methods.&quot;</span> <span class="nt">/&gt;</span></div><div class='line' id='LC3076'>&nbsp;&nbsp;&nbsp;&nbsp;<span class="nt">&lt;versionLog</span> <span class="na">num=</span><span class="s">&quot;231&quot;</span> <span class="na">sha=</span><span class="s">&quot;b77d9de8e3e2894fc6120c95a8e7766c38912d49&quot;</span> <span class="na">author=</span><span class="s">&quot;David Saff &amp;lt;saff@dhcp-172-31-197-71.cam.corp.google.com&amp;gt;&quot;</span> <span class="na">date=</span><span class="s">&quot;Tue May 5 01:40:44 2009 +0800&quot;</span> <span class="na">msg=</span><span class="s">&quot;    Don&#39;t edit Version.java manually.  Really.  I mean it.        Signed-off-by: Kent Beck &amp;lt;kent@threeriversinstitute.org&amp;gt;&quot;</span> <span class="nt">/&gt;</span></div><div class='line' id='LC3077'>&nbsp;&nbsp;&nbsp;&nbsp;<span class="nt">&lt;versionLog</span> <span class="na">num=</span><span class="s">&quot;232&quot;</span> <span class="na">sha=</span><span class="s">&quot;31cbeb4f3c141295d0b0703ccff2b2ffbee780f4&quot;</span> <span class="na">author=</span><span class="s">&quot;David Saff &amp;lt;saff@dhcp-172-31-197-71.cam.corp.google.com&amp;gt;&quot;</span> <span class="na">date=</span><span class="s">&quot;Tue May 5 03:47:26 2009 +0800&quot;</span> <span class="na">msg=</span><span class="s">&quot;    arrayEquals is a better name than internalArrayEquals        Signed-off-by: Kent Beck &amp;lt;kent@threeriversinstitute.org&amp;gt;&quot;</span> <span class="nt">/&gt;</span></div><div class='line' id='LC3078'>&nbsp;&nbsp;&nbsp;&nbsp;<span class="nt">&lt;versionLog</span> <span class="na">num=</span><span class="s">&quot;233&quot;</span> <span class="na">sha=</span><span class="s">&quot;fdc9cd5ea91f5ae1d7e5991abadd1b3f989626f7&quot;</span> <span class="na">author=</span><span class="s">&quot;David Saff &amp;lt;saff@dhcp-172-31-197-71.cam.corp.google.com&amp;gt;&quot;</span> <span class="na">date=</span><span class="s">&quot;Tue May 5 01:52:47 2009 +0800&quot;</span> <span class="na">msg=</span><span class="s">&quot;    Incorporated James Abbley&#39;s patch for ParallelComputer        Signed-off-by: Kent Beck &amp;lt;kent@threeriversinstitute.org&amp;gt;&quot;</span> <span class="nt">/&gt;</span></div><div class='line' id='LC3079'>&nbsp;&nbsp;&nbsp;&nbsp;<span class="nt">&lt;versionLog</span> <span class="na">num=</span><span class="s">&quot;234&quot;</span> <span class="na">sha=</span><span class="s">&quot;30a17cfdc3e58d7b0bc9723f86098c2a06a77c23&quot;</span> <span class="na">author=</span><span class="s">&quot;David Saff &amp;lt;saff@dhcp-172-31-197-71.cam.corp.google.com&amp;gt;&quot;</span> <span class="na">date=</span><span class="s">&quot;Tue May 5 01:38:04 2009 +0800&quot;</span> <span class="na">msg=</span><span class="s">&quot;    Linked to blog from release notes        Signed-off-by: Kent Beck &amp;lt;kent@threeriversinstitute.org&amp;gt;&quot;</span> <span class="nt">/&gt;</span></div><div class='line' id='LC3080'>&nbsp;&nbsp;&nbsp;&nbsp;<span class="nt">&lt;versionLog</span> <span class="na">num=</span><span class="s">&quot;235&quot;</span> <span class="na">sha=</span><span class="s">&quot;f5a10efbbdffec756bc055710ebf6b8169e9dbca&quot;</span> <span class="na">author=</span><span class="s">&quot;James Abley &amp;lt;jabley@miq-jabley.(none)&amp;gt;&quot;</span> <span class="na">date=</span><span class="s">&quot;Fri May 1 22:42:43 2009 +0800&quot;</span> <span class="na">msg=</span><span class="s">&quot;    remove timeout and try reducing duplication between ParallelSuite and ParallelRunner        Signed-off-by: dsaff &amp;lt;david@saff.net&amp;gt;        Signed-off-by: Kent Beck &amp;lt;kent@threeriversinstitute.org&amp;gt;&quot;</span> <span class="nt">/&gt;</span></div><div class='line' id='LC3081'>&nbsp;&nbsp;&nbsp;&nbsp;<span class="nt">&lt;versionLog</span> <span class="na">num=</span><span class="s">&quot;236&quot;</span> <span class="na">sha=</span><span class="s">&quot;000826663788e16d0670edf5b8967f82b9ca551e&quot;</span> <span class="na">author=</span><span class="s">&quot;David Saff &amp;lt;saff@dhcp-172-31-197-71.cam.corp.google.com&amp;gt;&quot;</span> <span class="na">date=</span><span class="s">&quot;Tue May 5 01:27:34 2009 +0800&quot;</span> <span class="na">msg=</span><span class="s">&quot;    Updated version number        Signed-off-by: Kent Beck &amp;lt;kent@threeriversinstitute.org&amp;gt;&quot;</span> <span class="nt">/&gt;</span></div><div class='line' id='LC3082'>&nbsp;&nbsp;&nbsp;&nbsp;<span class="nt">&lt;versionLog</span> <span class="na">num=</span><span class="s">&quot;237&quot;</span> <span class="na">sha=</span><span class="s">&quot;bf5199cc461adbd9a17d5a29e16a31e4642de25d&quot;</span> <span class="na">author=</span><span class="s">&quot;David Saff &amp;lt;saff@dhcp-172-31-197-71.cam.corp.google.com&amp;gt;&quot;</span> <span class="na">date=</span><span class="s">&quot;Tue May 5 01:14:30 2009 +0800&quot;</span> <span class="na">msg=</span><span class="s">&quot;    Removed unnecessary @SuppressWarnings        Signed-off-by: Kent Beck &amp;lt;kent@threeriversinstitute.org&amp;gt;&quot;</span> <span class="nt">/&gt;</span></div><div class='line' id='LC3083'>&nbsp;&nbsp;&nbsp;&nbsp;<span class="nt">&lt;versionLog</span> <span class="na">num=</span><span class="s">&quot;238&quot;</span> <span class="na">sha=</span><span class="s">&quot;44e2ed65cd904fc03aecd3b0763856009294bdec&quot;</span> <span class="na">author=</span><span class="s">&quot;David Saff &amp;lt;saff@dhcp-172-31-197-71.cam.corp.google.com&amp;gt;&quot;</span> <span class="na">date=</span><span class="s">&quot;Fri May 1 02:52:12 2009 +0800&quot;</span> <span class="na">msg=</span><span class="s">&quot;    Finishing the work of ComparisonCriteria        Signed-off-by: Kent Beck &amp;lt;kent@threeriversinstitute.org&amp;gt;&quot;</span> <span class="nt">/&gt;</span></div><div class='line' id='LC3084'>&nbsp;&nbsp;&nbsp;&nbsp;<span class="nt">&lt;versionLog</span> <span class="na">num=</span><span class="s">&quot;239&quot;</span> <span class="na">sha=</span><span class="s">&quot;025ccd132c3f3189bcb7f05c2a189ae403e2c1d6&quot;</span> <span class="na">author=</span><span class="s">&quot;David Saff &amp;lt;saff@dhcp-172-31-197-71.cam.corp.google.com&amp;gt;&quot;</span> <span class="na">date=</span><span class="s">&quot;Thu Apr 30 04:02:24 2009 +0800&quot;</span> <span class="na">msg=</span><span class="s">&quot;    Fix assertArrayEquals(float[], float[]) javadoc        Signed-off-by: Kent Beck &amp;lt;kent@threeriversinstitute.org&amp;gt;&quot;</span> <span class="nt">/&gt;</span></div><div class='line' id='LC3085'>&nbsp;&nbsp;&nbsp;&nbsp;<span class="nt">&lt;versionLog</span> <span class="na">num=</span><span class="s">&quot;240&quot;</span> <span class="na">sha=</span><span class="s">&quot;3d08ecc6a661f09520559637794c9a161db90f3d&quot;</span> <span class="na">author=</span><span class="s">&quot;David Saff &amp;lt;saff@dhcp-172-31-197-71.cam.corp.google.com&amp;gt;&quot;</span> <span class="na">date=</span><span class="s">&quot;Mon May 4 16:38:26 2009 -0400&quot;</span> <span class="na">msg=</span><span class="s">&quot;    Removed duplication in ParallelComputer.  Cure worse than disease?&quot;</span> <span class="nt">/&gt;</span></div><div class='line' id='LC3086'>&nbsp;&nbsp;&nbsp;&nbsp;<span class="nt">&lt;versionLog</span> <span class="na">num=</span><span class="s">&quot;241&quot;</span> <span class="na">sha=</span><span class="s">&quot;0dc3de7fbcf997ca8465ed9e7793a0b4f730121b&quot;</span> <span class="na">author=</span><span class="s">&quot;David Saff &amp;lt;saff@dhcp-172-31-197-71.cam.corp.google.com&amp;gt;&quot;</span> <span class="na">date=</span><span class="s">&quot;Mon May 4 15:47:26 2009 -0400&quot;</span> <span class="na">msg=</span><span class="s">&quot;    arrayEquals is a better name than internalArrayEquals&quot;</span> <span class="nt">/&gt;</span></div><div class='line' id='LC3087'>&nbsp;&nbsp;&nbsp;&nbsp;<span class="nt">&lt;versionLog</span> <span class="na">num=</span><span class="s">&quot;242&quot;</span> <span class="na">sha=</span><span class="s">&quot;d0f619bfbdf4595db3e30fa7a27d7a6fdd08723a&quot;</span> <span class="na">author=</span><span class="s">&quot;David Saff &amp;lt;saff@dhcp-172-31-197-71.cam.corp.google.com&amp;gt;&quot;</span> <span class="na">date=</span><span class="s">&quot;Mon May 4 15:46:46 2009 -0400&quot;</span> <span class="na">msg=</span><span class="s">&quot;    Reverted needless MaxHistory changes&quot;</span> <span class="nt">/&gt;</span></div><div class='line' id='LC3088'>&nbsp;&nbsp;&nbsp;&nbsp;<span class="nt">&lt;versionLog</span> <span class="na">num=</span><span class="s">&quot;243&quot;</span> <span class="na">sha=</span><span class="s">&quot;8b507d7908603bf6e36ea9e60921b76eb5923d0f&quot;</span> <span class="na">author=</span><span class="s">&quot;David Saff &amp;lt;saff@dhcp-172-31-197-71.cam.corp.google.com&amp;gt;&quot;</span> <span class="na">date=</span><span class="s">&quot;Mon May 4 13:52:47 2009 -0400&quot;</span> <span class="na">msg=</span><span class="s">&quot;    Incorporated James Abbley&#39;s patch for ParallelComputer&quot;</span> <span class="nt">/&gt;</span></div><div class='line' id='LC3089'>&nbsp;&nbsp;&nbsp;&nbsp;<span class="nt">&lt;versionLog</span> <span class="na">num=</span><span class="s">&quot;244&quot;</span> <span class="na">sha=</span><span class="s">&quot;015c02e04d940a4bffc6a8e687751c4610db19b8&quot;</span> <span class="na">author=</span><span class="s">&quot;James Abley &amp;lt;jabley@miq-jabley.(none)&amp;gt;&quot;</span> <span class="na">date=</span><span class="s">&quot;Fri May 1 22:42:43 2009 +0800&quot;</span> <span class="na">msg=</span><span class="s">&quot;    remove timeout and try reducing duplication between ParallelSuite and ParallelRunner        Signed-off-by: dsaff &amp;lt;david@saff.net&amp;gt;&quot;</span> <span class="nt">/&gt;</span></div><div class='line' id='LC3090'>&nbsp;&nbsp;&nbsp;&nbsp;<span class="nt">&lt;versionLog</span> <span class="na">num=</span><span class="s">&quot;245&quot;</span> <span class="na">sha=</span><span class="s">&quot;a24d1ce6ad8b83c58e0ecb1c9a17897d540d5bd5&quot;</span> <span class="na">author=</span><span class="s">&quot;David Saff &amp;lt;saff@dhcp-172-31-197-71.cam.corp.google.com&amp;gt;&quot;</span> <span class="na">date=</span><span class="s">&quot;Mon May 4 13:40:44 2009 -0400&quot;</span> <span class="na">msg=</span><span class="s">&quot;    Don&#39;t edit Version.java manually.  Really.  I mean it.&quot;</span> <span class="nt">/&gt;</span></div><div class='line' id='LC3091'>&nbsp;&nbsp;&nbsp;&nbsp;<span class="nt">&lt;versionLog</span> <span class="na">num=</span><span class="s">&quot;246&quot;</span> <span class="na">sha=</span><span class="s">&quot;764c97d22e5a71fbfd6e545e6db34b277629da0a&quot;</span> <span class="na">author=</span><span class="s">&quot;David Saff &amp;lt;saff@dhcp-172-31-197-71.cam.corp.google.com&amp;gt;&quot;</span> <span class="na">date=</span><span class="s">&quot;Mon May 4 13:38:04 2009 -0400&quot;</span> <span class="na">msg=</span><span class="s">&quot;    Linked to blog from release notes&quot;</span> <span class="nt">/&gt;</span></div><div class='line' id='LC3092'>&nbsp;&nbsp;&nbsp;&nbsp;<span class="nt">&lt;versionLog</span> <span class="na">num=</span><span class="s">&quot;247&quot;</span> <span class="na">sha=</span><span class="s">&quot;233f889671ab856e45e62e266d34b50d395c185c&quot;</span> <span class="na">author=</span><span class="s">&quot;David Saff &amp;lt;saff@dhcp-172-31-197-71.cam.corp.google.com&amp;gt;&quot;</span> <span class="na">date=</span><span class="s">&quot;Mon May 4 13:27:34 2009 -0400&quot;</span> <span class="na">msg=</span><span class="s">&quot;    Updated version number&quot;</span> <span class="nt">/&gt;</span></div><div class='line' id='LC3093'>&nbsp;&nbsp;&nbsp;&nbsp;<span class="nt">&lt;versionLog</span> <span class="na">num=</span><span class="s">&quot;248&quot;</span> <span class="na">sha=</span><span class="s">&quot;82dd2b3cf88647a5167e336fc97ea2b2b72432be&quot;</span> <span class="na">author=</span><span class="s">&quot;David Saff &amp;lt;saff@dhcp-172-31-197-71.cam.corp.google.com&amp;gt;&quot;</span> <span class="na">date=</span><span class="s">&quot;Mon May 4 13:14:30 2009 -0400&quot;</span> <span class="na">msg=</span><span class="s">&quot;    Removed unnecessary @SuppressWarnings&quot;</span> <span class="nt">/&gt;</span></div><div class='line' id='LC3094'>&nbsp;&nbsp;&nbsp;&nbsp;<span class="nt">&lt;versionLog</span> <span class="na">num=</span><span class="s">&quot;249&quot;</span> <span class="na">sha=</span><span class="s">&quot;11f0abd09655be84d94d3013cf0c46f8239369e6&quot;</span> <span class="na">author=</span><span class="s">&quot;David Saff &amp;lt;saff@dhcp-172-31-197-71.cam.corp.google.com&amp;gt;&quot;</span> <span class="na">date=</span><span class="s">&quot;Thu Apr 30 14:52:12 2009 -0400&quot;</span> <span class="na">msg=</span><span class="s">&quot;    Finishing the work of ComparisonCriteria&quot;</span> <span class="nt">/&gt;</span></div><div class='line' id='LC3095'>&nbsp;&nbsp;&nbsp;&nbsp;<span class="nt">&lt;versionLog</span> <span class="na">num=</span><span class="s">&quot;250&quot;</span> <span class="na">sha=</span><span class="s">&quot;e13f8cdc5c3394962fc6eddde235980181b3bb8c&quot;</span> <span class="na">author=</span><span class="s">&quot;KentBeck &amp;lt;kent@threeriversinstitute.org&amp;gt;&quot;</span> <span class="na">date=</span><span class="s">&quot;Thu Apr 30 08:39:29 2009 -0700&quot;</span> <span class="na">msg=</span><span class="s">&quot;    Signed-off-by: KentBeck &amp;lt;kent@threeriversinstitute.org&amp;gt;&quot;</span> <span class="nt">/&gt;</span></div><div class='line' id='LC3096'>&nbsp;&nbsp;&nbsp;&nbsp;<span class="nt">&lt;versionLog</span> <span class="na">num=</span><span class="s">&quot;251&quot;</span> <span class="na">sha=</span><span class="s">&quot;c7874453182cde8e7b38cf3ce356d16d3d1dcde8&quot;</span> <span class="na">author=</span><span class="s">&quot;KentBeck &amp;lt;kent@threeriversinstitute.org&amp;gt;&quot;</span> <span class="na">date=</span><span class="s">&quot;Wed Apr 29 14:19:36 2009 -0700&quot;</span> <span class="na">msg=</span><span class="s">&quot;    Fixed error message for malformed JUnit 3.8 test.        Signed-off-by: KentBeck &amp;lt;kent@threeriversinstitute.org&amp;gt;&quot;</span> <span class="nt">/&gt;</span></div><div class='line' id='LC3097'>&nbsp;&nbsp;&nbsp;&nbsp;<span class="nt">&lt;versionLog</span> <span class="na">num=</span><span class="s">&quot;252&quot;</span> <span class="na">sha=</span><span class="s">&quot;3d6e99e93d7ba7360bfed1c213114648e8c70849&quot;</span> <span class="na">author=</span><span class="s">&quot;David Saff &amp;lt;saff@dhcp-172-31-197-71.cam.corp.google.com&amp;gt;&quot;</span> <span class="na">date=</span><span class="s">&quot;Wed Apr 29 16:02:52 2009 -0400&quot;</span> <span class="na">msg=</span><span class="s">&quot;    Removed commented-out code&quot;</span> <span class="nt">/&gt;</span></div><div class='line' id='LC3098'>&nbsp;&nbsp;&nbsp;&nbsp;<span class="nt">&lt;versionLog</span> <span class="na">num=</span><span class="s">&quot;253&quot;</span> <span class="na">sha=</span><span class="s">&quot;2b9ba5540f5051239a9fde65f195cefc532efadc&quot;</span> <span class="na">author=</span><span class="s">&quot;David Saff &amp;lt;saff@dhcp-172-31-197-71.cam.corp.google.com&amp;gt;&quot;</span> <span class="na">date=</span><span class="s">&quot;Wed Apr 29 16:02:24 2009 -0400&quot;</span> <span class="na">msg=</span><span class="s">&quot;    Fix assertArrayEquals(float[], float[]) javadoc&quot;</span> <span class="nt">/&gt;</span></div><div class='line' id='LC3099'>&nbsp;&nbsp;&nbsp;&nbsp;<span class="nt">&lt;versionLog</span> <span class="na">num=</span><span class="s">&quot;254&quot;</span> <span class="na">sha=</span><span class="s">&quot;6c942aec322e039d2c6fc82c4d5c1a63cf6fb244&quot;</span> <span class="na">author=</span><span class="s">&quot;David Saff &amp;lt;saff@new-host-4.home&amp;gt;&quot;</span> <span class="na">date=</span><span class="s">&quot;Wed Apr 29 11:29:50 2009 +0800&quot;</span> <span class="na">msg=</span><span class="s">&quot;    Interceptors and Watchmen, because we&#39;re just that cool.        Signed-off-by: Kent Beck &amp;lt;kent@threeriversinstitute.org&amp;gt;&quot;</span> <span class="nt">/&gt;</span></div><div class='line' id='LC3100'>&nbsp;&nbsp;&nbsp;&nbsp;<span class="nt">&lt;versionLog</span> <span class="na">num=</span><span class="s">&quot;255&quot;</span> <span class="na">sha=</span><span class="s">&quot;c04b0d3a007c96d53a0c64c110f71ac0d0d53771&quot;</span> <span class="na">author=</span><span class="s">&quot;David Saff &amp;lt;saff@dhcp-172-31-197-71.cam.corp.google.com&amp;gt;&quot;</span> <span class="na">date=</span><span class="s">&quot;Tue Apr 21 04:02:51 2009 +0800&quot;</span> <span class="na">msg=</span><span class="s">&quot;    Fixed AfterClass javadoc        Signed-off-by: Kent Beck &amp;lt;kent@threeriversinstitute.org&amp;gt;&quot;</span> <span class="nt">/&gt;</span></div><div class='line' id='LC3101'>&nbsp;&nbsp;&nbsp;&nbsp;<span class="nt">&lt;versionLog</span> <span class="na">num=</span><span class="s">&quot;256&quot;</span> <span class="na">sha=</span><span class="s">&quot;3e06324ab77f9b9f7dbfe60b41324bcea06f7824&quot;</span> <span class="na">author=</span><span class="s">&quot;David Saff &amp;lt;saff@dhcp-172-31-197-71.cam.corp.google.com&amp;gt;&quot;</span> <span class="na">date=</span><span class="s">&quot;Wed Apr 29 04:09:42 2009 +0800&quot;</span> <span class="na">msg=</span><span class="s">&quot;    updated snapshot version        Signed-off-by: Kent Beck &amp;lt;kent@threeriversinstitute.org&amp;gt;&quot;</span> <span class="nt">/&gt;</span></div><div class='line' id='LC3102'>&nbsp;&nbsp;&nbsp;&nbsp;<span class="nt">&lt;versionLog</span> <span class="na">num=</span><span class="s">&quot;257&quot;</span> <span class="na">sha=</span><span class="s">&quot;34e4e5ac519422cfa317713271be716c1897d7d1&quot;</span> <span class="na">author=</span><span class="s">&quot;David Saff &amp;lt;saff@dhcp-172-31-197-71.cam.corp.google.com&amp;gt;&quot;</span> <span class="na">date=</span><span class="s">&quot;Tue Apr 21 03:08:34 2009 +0800&quot;</span> <span class="na">msg=</span><span class="s">&quot;    Fix javadoc on Parameterized        Signed-off-by: Kent Beck &amp;lt;kent@threeriversinstitute.org&amp;gt;&quot;</span> <span class="nt">/&gt;</span></div><div class='line' id='LC3103'>&nbsp;&nbsp;&nbsp;&nbsp;<span class="nt">&lt;versionLog</span> <span class="na">num=</span><span class="s">&quot;258&quot;</span> <span class="na">sha=</span><span class="s">&quot;ac7a1f1b2cb3ed60f87cc081fe61017f8bb8e93e&quot;</span> <span class="na">author=</span><span class="s">&quot;David Saff &amp;lt;saff@dhcp-172-31-197-71.cam.corp.google.com&amp;gt;&quot;</span> <span class="na">date=</span><span class="s">&quot;Wed Apr 29 04:12:32 2009 +0800&quot;</span> <span class="na">msg=</span><span class="s">&quot;    SuiteClasses is inherited        Signed-off-by: Kent Beck &amp;lt;kent@threeriversinstitute.org&amp;gt;&quot;</span> <span class="nt">/&gt;</span></div><div class='line' id='LC3104'>&nbsp;&nbsp;&nbsp;&nbsp;<span class="nt">&lt;versionLog</span> <span class="na">num=</span><span class="s">&quot;259&quot;</span> <span class="na">sha=</span><span class="s">&quot;503a3b0d79d395ae5c05fee40cd4de2b927b7808&quot;</span> <span class="na">author=</span><span class="s">&quot;David Saff &amp;lt;saff@dhcp-172-31-197-71.cam.corp.google.com&amp;gt;&quot;</span> <span class="na">date=</span><span class="s">&quot;Tue Apr 21 03:35:42 2009 +0800&quot;</span> <span class="na">msg=</span><span class="s">&quot;    We&#39;re 4.7 now        Signed-off-by: Kent Beck &amp;lt;kent@threeriversinstitute.org&amp;gt;&quot;</span> <span class="nt">/&gt;</span></div><div class='line' id='LC3105'>&nbsp;&nbsp;&nbsp;&nbsp;<span class="nt">&lt;versionLog</span> <span class="na">num=</span><span class="s">&quot;260&quot;</span> <span class="na">sha=</span><span class="s">&quot;28d40d93420cacdb4d420b04475bafdc7d89d922&quot;</span> <span class="na">author=</span><span class="s">&quot;David Saff &amp;lt;saff@new-host-4.home&amp;gt;&quot;</span> <span class="na">date=</span><span class="s">&quot;Tue Apr 28 23:29:50 2009 -0400&quot;</span> <span class="na">msg=</span><span class="s">&quot;    Interceptors and Watchmen, because we&#39;re just that cool.&quot;</span> <span class="nt">/&gt;</span></div><div class='line' id='LC3106'>&nbsp;&nbsp;&nbsp;&nbsp;<span class="nt">&lt;versionLog</span> <span class="na">num=</span><span class="s">&quot;261&quot;</span> <span class="na">sha=</span><span class="s">&quot;fd1111ed097e0db6602c2f388d41c7ad817c7f9f&quot;</span> <span class="na">author=</span><span class="s">&quot;David Saff &amp;lt;saff@dhcp-172-31-197-71.cam.corp.google.com&amp;gt;&quot;</span> <span class="na">date=</span><span class="s">&quot;Tue Apr 28 16:12:32 2009 -0400&quot;</span> <span class="na">msg=</span><span class="s">&quot;    SuiteClasses is inherited&quot;</span> <span class="nt">/&gt;</span></div><div class='line' id='LC3107'>&nbsp;&nbsp;&nbsp;&nbsp;<span class="nt">&lt;versionLog</span> <span class="na">num=</span><span class="s">&quot;262&quot;</span> <span class="na">sha=</span><span class="s">&quot;c8059f0991a7c85561b851ee8feb3319bd1c11aa&quot;</span> <span class="na">author=</span><span class="s">&quot;David Saff &amp;lt;saff@dhcp-172-31-197-71.cam.corp.google.com&amp;gt;&quot;</span> <span class="na">date=</span><span class="s">&quot;Tue Apr 28 16:09:42 2009 -0400&quot;</span> <span class="na">msg=</span><span class="s">&quot;    updated snapshot version&quot;</span> <span class="nt">/&gt;</span></div><div class='line' id='LC3108'>&nbsp;&nbsp;&nbsp;&nbsp;<span class="nt">&lt;versionLog</span> <span class="na">num=</span><span class="s">&quot;263&quot;</span> <span class="na">sha=</span><span class="s">&quot;71ad947417f7e99014a7ffa1b431bbc2f15bfa36&quot;</span> <span class="na">author=</span><span class="s">&quot;David Saff &amp;lt;saff@dhcp-172-31-197-71.cam.corp.google.com&amp;gt;&quot;</span> <span class="na">date=</span><span class="s">&quot;Mon Apr 20 16:02:51 2009 -0400&quot;</span> <span class="na">msg=</span><span class="s">&quot;    Fixed AfterClass javadoc&quot;</span> <span class="nt">/&gt;</span></div><div class='line' id='LC3109'>&nbsp;&nbsp;&nbsp;&nbsp;<span class="nt">&lt;versionLog</span> <span class="na">num=</span><span class="s">&quot;264&quot;</span> <span class="na">sha=</span><span class="s">&quot;e5fa2ab32ad21b37d91a4f4173dc31a9bf3717a6&quot;</span> <span class="na">author=</span><span class="s">&quot;David Saff &amp;lt;saff@dhcp-172-31-197-71.cam.corp.google.com&amp;gt;&quot;</span> <span class="na">date=</span><span class="s">&quot;Mon Apr 20 15:35:42 2009 -0400&quot;</span> <span class="na">msg=</span><span class="s">&quot;    We&#39;re 4.7 now&quot;</span> <span class="nt">/&gt;</span></div><div class='line' id='LC3110'>&nbsp;&nbsp;&nbsp;&nbsp;<span class="nt">&lt;versionLog</span> <span class="na">num=</span><span class="s">&quot;265&quot;</span> <span class="na">sha=</span><span class="s">&quot;f9168cb066a53dc63f7346f6bb3d25a46d0ccbed&quot;</span> <span class="na">author=</span><span class="s">&quot;David Saff &amp;lt;saff@dhcp-172-31-197-71.cam.corp.google.com&amp;gt;&quot;</span> <span class="na">date=</span><span class="s">&quot;Mon Apr 20 15:08:34 2009 -0400&quot;</span> <span class="na">msg=</span><span class="s">&quot;    Fix javadoc on Parameterized&quot;</span> <span class="nt">/&gt;</span></div><div class='line' id='LC3111'>&nbsp;&nbsp;&nbsp;&nbsp;<span class="nt">&lt;versionLog</span> <span class="na">num=</span><span class="s">&quot;266&quot;</span> <span class="na">sha=</span><span class="s">&quot;17087303ee4f7f5c801e0d652a7e51a9f5d68297&quot;</span> <span class="na">author=</span><span class="s">&quot;David Saff &amp;lt;saff@dhcp-172-31-197-71.cam.corp.google.com&amp;gt;&quot;</span> <span class="na">date=</span><span class="s">&quot;Mon Apr 20 13:57:25 2009 -0400&quot;</span> <span class="na">msg=</span><span class="s">&quot;    Fixed bug 1812200&quot;</span> <span class="nt">/&gt;</span></div><div class='line' id='LC3112'>&nbsp;&nbsp;&nbsp;&nbsp;<span class="nt">&lt;versionLog</span> <span class="na">num=</span><span class="s">&quot;267&quot;</span> <span class="na">sha=</span><span class="s">&quot;912e94cafbc1f7074c39dbbd286a487c7ebe7ace&quot;</span> <span class="na">author=</span><span class="s">&quot;David Saff &amp;lt;saff@dhcp-172-31-197-71.cam.corp.google.com&amp;gt;&quot;</span> <span class="na">date=</span><span class="s">&quot;Sat Apr 18 03:27:26 2009 +0800&quot;</span> <span class="na">msg=</span><span class="s">&quot;    Holy cow, vanilla threads work        Signed-off-by: Kent Beck &amp;lt;kent@threeriversinstitute.org&amp;gt;&quot;</span> <span class="nt">/&gt;</span></div><div class='line' id='LC3113'>&nbsp;&nbsp;&nbsp;&nbsp;<span class="nt">&lt;versionLog</span> <span class="na">num=</span><span class="s">&quot;268&quot;</span> <span class="na">sha=</span><span class="s">&quot;0cb606ac2c77a4460bec1efa22a1c8e8d473b11c&quot;</span> <span class="na">author=</span><span class="s">&quot;David Saff &amp;lt;saff@dhcp-172-31-197-71.cam.corp.google.com&amp;gt;&quot;</span> <span class="na">date=</span><span class="s">&quot;Tue Apr 14 21:02:31 2009 +0800&quot;</span> <span class="na">msg=</span><span class="s">&quot;    Removed inane javadoc comment        Signed-off-by: Kent Beck &amp;lt;kent@threeriversinstitute.org&amp;gt;&quot;</span> <span class="nt">/&gt;</span></div><div class='line' id='LC3114'>&nbsp;&nbsp;&nbsp;&nbsp;<span class="nt">&lt;versionLog</span> <span class="na">num=</span><span class="s">&quot;269&quot;</span> <span class="na">sha=</span><span class="s">&quot;480b98e7f1bce46382e47fc30db2ef1a98a58b66&quot;</span> <span class="na">author=</span><span class="s">&quot;David Saff &amp;lt;saff@dhcp-172-31-197-71.cam.corp.google.com&amp;gt;&quot;</span> <span class="na">date=</span><span class="s">&quot;Fri Apr 17 15:27:26 2009 -0400&quot;</span> <span class="na">msg=</span><span class="s">&quot;    Holy cow, vanilla threads work&quot;</span> <span class="nt">/&gt;</span></div><div class='line' id='LC3115'>&nbsp;&nbsp;&nbsp;&nbsp;<span class="nt">&lt;versionLog</span> <span class="na">num=</span><span class="s">&quot;270&quot;</span> <span class="na">sha=</span><span class="s">&quot;b5e9885854a0d594451800b9127eb50afb645433&quot;</span> <span class="na">author=</span><span class="s">&quot;David Saff &amp;lt;saff@new-host-3.home&amp;gt;&quot;</span> <span class="na">date=</span><span class="s">&quot;Mon Apr 13 22:07:14 2009 -0400&quot;</span> <span class="na">msg=</span><span class="s">&quot;    Revert &amp;quot;Added AfterParameterize and BeforeParameterize to allow methods to run before and after parameterized tests&amp;quot;        This reverts commit 6abd4e65122ac6e3b56cf53a9a7540b61e4e687e.        This should be considered in a branch, not ready for master    on this yet.&quot;</span> <span class="nt">/&gt;</span></div><div class='line' id='LC3116'>&nbsp;&nbsp;&nbsp;&nbsp;<span class="nt">&lt;versionLog</span> <span class="na">num=</span><span class="s">&quot;271&quot;</span> <span class="na">sha=</span><span class="s">&quot;469dcc78a7610916ffa29e2cefc21f80430df8c0&quot;</span> <span class="na">author=</span><span class="s">&quot;David Saff &amp;lt;saff@new-host-3.home&amp;gt;&quot;</span> <span class="na">date=</span><span class="s">&quot;Tue Apr 14 09:43:51 2009 +0800&quot;</span> <span class="na">msg=</span><span class="s">&quot;    Updated to 4.6 final        Signed-off-by: Kent Beck &amp;lt;kent@threeriversinstitute.org&amp;gt;&quot;</span> <span class="nt">/&gt;</span></div><div class='line' id='LC3117'>&nbsp;&nbsp;&nbsp;&nbsp;<span class="nt">&lt;versionLog</span> <span class="na">num=</span><span class="s">&quot;272&quot;</span> <span class="na">sha=</span><span class="s">&quot;ef929258653948dc6d6b2d188a9360fe48c7cb87&quot;</span> <span class="na">author=</span><span class="s">&quot;David Saff &amp;lt;saff@new-host-3.home&amp;gt;&quot;</span> <span class="na">date=</span><span class="s">&quot;Mon Apr 13 21:43:51 2009 -0400&quot;</span> <span class="na">msg=</span><span class="s">&quot;    Updated to 4.6 final&quot;</span> <span class="nt">/&gt;</span></div><div class='line' id='LC3118'>&nbsp;&nbsp;&nbsp;&nbsp;<span class="nt">&lt;versionLog</span> <span class="na">num=</span><span class="s">&quot;273&quot;</span> <span class="na">sha=</span><span class="s">&quot;70986438ca98df55899e293a72931fc12bb737d9&quot;</span> <span class="na">author=</span><span class="s">&quot;David Saff &amp;lt;saff@new-host-2.home&amp;gt;&quot;</span> <span class="na">date=</span><span class="s">&quot;Tue Apr 7 10:31:18 2009 +0800&quot;</span> <span class="na">msg=</span><span class="s">&quot;    Last changes with Kent.        Added fixed bugs to Release notes.    Updated version number.    Updated README.html        Signed-off-by: Kent Beck &amp;lt;kent@threeriversinstitute.org&amp;gt;&quot;</span> <span class="nt">/&gt;</span></div><div class='line' id='LC3119'>&nbsp;&nbsp;&nbsp;&nbsp;<span class="nt">&lt;versionLog</span> <span class="na">num=</span><span class="s">&quot;274&quot;</span> <span class="na">sha=</span><span class="s">&quot;68e5927ecf49bb21c396c423c3669ada15b7fe1b&quot;</span> <span class="na">author=</span><span class="s">&quot;David Saff &amp;lt;saff@new-host-2.home&amp;gt;&quot;</span> <span class="na">date=</span><span class="s">&quot;Mon Apr 6 22:31:18 2009 -0400&quot;</span> <span class="na">msg=</span><span class="s">&quot;    Last changes with Kent.        Added fixed bugs to Release notes.    Updated version number.    Updated README.html&quot;</span> <span class="nt">/&gt;</span></div><div class='line' id='LC3120'>&nbsp;&nbsp;&nbsp;&nbsp;<span class="nt">&lt;versionLog</span> <span class="na">num=</span><span class="s">&quot;275&quot;</span> <span class="na">sha=</span><span class="s">&quot;6abd4e65122ac6e3b56cf53a9a7540b61e4e687e&quot;</span> <span class="na">author=</span><span class="s">&quot;Mike Forsberg &amp;lt;bigmike@io.com&amp;gt;&quot;</span> <span class="na">date=</span><span class="s">&quot;Mon Mar 23 04:13:50 2009 +0800&quot;</span> <span class="na">msg=</span><span class="s">&quot;    Added AfterParameterize and BeforeParameterize to allow methods to run before and after parameterized tests        Signed-off-by: dsaff &amp;lt;david@saff.net&amp;gt;&quot;</span> <span class="nt">/&gt;</span></div><div class='line' id='LC3121'>&nbsp;&nbsp;&nbsp;&nbsp;<span class="nt">&lt;versionLog</span> <span class="na">num=</span><span class="s">&quot;276&quot;</span> <span class="na">sha=</span><span class="s">&quot;8e20f520565dc52f5599eafd54b603043bfecbaf&quot;</span> <span class="na">author=</span><span class="s">&quot;David Saff &amp;lt;saff@dhcp-172-31-197-71.cam.corp.google.com&amp;gt;&quot;</span> <span class="na">date=</span><span class="s">&quot;Tue Mar 10 22:44:22 2009 +0800&quot;</span> <span class="na">msg=</span><span class="s">&quot;    Finished release notes, I think        Signed-off-by: Kent Beck &amp;lt;kent@threeriversinstitute.org&amp;gt;&quot;</span> <span class="nt">/&gt;</span></div><div class='line' id='LC3122'>&nbsp;&nbsp;&nbsp;&nbsp;<span class="nt">&lt;versionLog</span> <span class="na">num=</span><span class="s">&quot;277&quot;</span> <span class="na">sha=</span><span class="s">&quot;f3c211455b9e09be36e4bf7ccc499fbdd35a527a&quot;</span> <span class="na">author=</span><span class="s">&quot;David Saff &amp;lt;saff@dhcp-172-31-197-71.cam.corp.google.com&amp;gt;&quot;</span> <span class="na">date=</span><span class="s">&quot;Tue Mar 10 10:44:22 2009 -0400&quot;</span> <span class="na">msg=</span><span class="s">&quot;    Finished release notes, I think&quot;</span> <span class="nt">/&gt;</span></div><div class='line' id='LC3123'>&nbsp;&nbsp;&nbsp;&nbsp;<span class="nt">&lt;versionLog</span> <span class="na">num=</span><span class="s">&quot;278&quot;</span> <span class="na">sha=</span><span class="s">&quot;95da39292ea777ec3ff99be2bb23d46f704f683a&quot;</span> <span class="na">author=</span><span class="s">&quot;David Saff &amp;lt;saff@new-host.home&amp;gt;&quot;</span> <span class="na">date=</span><span class="s">&quot;Tue Mar 10 11:10:54 2009 +0800&quot;</span> <span class="na">msg=</span><span class="s">&quot;    Got rid of unnecessary forget() method        Signed-off-by: Kent Beck &amp;lt;kent@threeriversinstitute.org&amp;gt;&quot;</span> <span class="nt">/&gt;</span></div><div class='line' id='LC3124'>&nbsp;&nbsp;&nbsp;&nbsp;<span class="nt">&lt;versionLog</span> <span class="na">num=</span><span class="s">&quot;279&quot;</span> <span class="na">sha=</span><span class="s">&quot;9a2e993c544a2cd1a0b93c9f59340910f51366b4&quot;</span> <span class="na">author=</span><span class="s">&quot;David Saff &amp;lt;saff@new-host.home&amp;gt;&quot;</span> <span class="na">date=</span><span class="s">&quot;Mon Mar 9 23:10:54 2009 -0400&quot;</span> <span class="na">msg=</span><span class="s">&quot;    Got rid of unnecessary forget() method&quot;</span> <span class="nt">/&gt;</span></div><div class='line' id='LC3125'>&nbsp;&nbsp;&nbsp;&nbsp;<span class="nt">&lt;versionLog</span> <span class="na">num=</span><span class="s">&quot;280&quot;</span> <span class="na">sha=</span><span class="s">&quot;d6c79c0f626afd12506b6a5a672cdec84683c3ca&quot;</span> <span class="na">author=</span><span class="s">&quot;David Saff &amp;lt;saff@redredrobot.home&amp;gt;&quot;</span> <span class="na">date=</span><span class="s">&quot;Tue Mar 3 12:49:40 2009 +0800&quot;</span> <span class="na">msg=</span><span class="s">&quot;    Some test edits for release notes, but especially experimenting with MaxComputerTest: can MaxCore be written in terms of the Computer abstraction?        Signed-off-by: Kent Beck &amp;lt;kent@threeriversinstitute.org&amp;gt;&quot;</span> <span class="nt">/&gt;</span></div><div class='line' id='LC3126'>&nbsp;&nbsp;&nbsp;&nbsp;<span class="nt">&lt;versionLog</span> <span class="na">num=</span><span class="s">&quot;281&quot;</span> <span class="na">sha=</span><span class="s">&quot;6664bd272c43bcdf00f9ef9ce6f2d73af82036b1&quot;</span> <span class="na">author=</span><span class="s">&quot;David Saff &amp;lt;saff@redredrobot.home&amp;gt;&quot;</span> <span class="na">date=</span><span class="s">&quot;Tue Feb 24 13:00:44 2009 +0800&quot;</span> <span class="na">msg=</span><span class="s">&quot;    Experiment in filtering JUnit 3 warnings through to the command line        Signed-off-by: Kent Beck &amp;lt;kent@threeriversinstitute.org&amp;gt;&quot;</span> <span class="nt">/&gt;</span></div><div class='line' id='LC3127'>&nbsp;&nbsp;&nbsp;&nbsp;<span class="nt">&lt;versionLog</span> <span class="na">num=</span><span class="s">&quot;282&quot;</span> <span class="na">sha=</span><span class="s">&quot;474df716f498aa2695c422cceb3e46cad999e972&quot;</span> <span class="na">author=</span><span class="s">&quot;David Saff &amp;lt;saff@redredrobot.home&amp;gt;&quot;</span> <span class="na">date=</span><span class="s">&quot;Mon Mar 2 23:49:40 2009 -0500&quot;</span> <span class="na">msg=</span><span class="s">&quot;    Some test edits for release notes, but especially experimenting with MaxComputerTest: can MaxCore be written in terms of the Computer abstraction?&quot;</span> <span class="nt">/&gt;</span></div><div class='line' id='LC3128'>&nbsp;&nbsp;&nbsp;&nbsp;<span class="nt">&lt;versionLog</span> <span class="na">num=</span><span class="s">&quot;283&quot;</span> <span class="na">sha=</span><span class="s">&quot;6eb76c8b08c738823546fe5b935b653951fc773e&quot;</span> <span class="na">author=</span><span class="s">&quot;David Saff &amp;lt;saff@redredrobot.home&amp;gt;&quot;</span> <span class="na">date=</span><span class="s">&quot;Tue Feb 24 00:00:44 2009 -0500&quot;</span> <span class="na">msg=</span><span class="s">&quot;    Experiment in filtering JUnit 3 warnings through to the command line&quot;</span> <span class="nt">/&gt;</span></div><div class='line' id='LC3129'>&nbsp;&nbsp;&nbsp;&nbsp;<span class="nt">&lt;versionLog</span> <span class="na">num=</span><span class="s">&quot;284&quot;</span> <span class="na">sha=</span><span class="s">&quot;a20a0181362d470fbfcb1dff865dfb321fe3b8b1&quot;</span> <span class="na">author=</span><span class="s">&quot;David Saff &amp;lt;saff@redredrobot.local&amp;gt;&quot;</span> <span class="na">date=</span><span class="s">&quot;Tue Feb 10 12:17:49 2009 +0800&quot;</span> <span class="na">msg=</span><span class="s">&quot;    Removed misguided fIgnoredDuringRun flag        Signed-off-by: Kent Beck &amp;lt;kent@threeriversinstitute.org&amp;gt;&quot;</span> <span class="nt">/&gt;</span></div><div class='line' id='LC3130'>&nbsp;&nbsp;&nbsp;&nbsp;<span class="nt">&lt;versionLog</span> <span class="na">num=</span><span class="s">&quot;285&quot;</span> <span class="na">sha=</span><span class="s">&quot;b0c9945e21e66efcc947b3859f947185a87c59a9&quot;</span> <span class="na">author=</span><span class="s">&quot;David Saff &amp;lt;saff@redredrobot.local&amp;gt;&quot;</span> <span class="na">date=</span><span class="s">&quot;Mon Feb 9 23:17:49 2009 -0500&quot;</span> <span class="na">msg=</span><span class="s">&quot;    Removed misguided fIgnoredDuringRun flag&quot;</span> <span class="nt">/&gt;</span></div><div class='line' id='LC3131'>&nbsp;&nbsp;&nbsp;&nbsp;<span class="nt">&lt;versionLog</span> <span class="na">num=</span><span class="s">&quot;286&quot;</span> <span class="na">sha=</span><span class="s">&quot;d9c81356e3a2fbb165c71b32d63d0cc39a1bd861&quot;</span> <span class="na">author=</span><span class="s">&quot;kbeck &amp;lt;kbeck&amp;gt;&quot;</span> <span class="na">date=</span><span class="s">&quot;Wed Jan 28 04:18:38 2009 +0000&quot;</span> <span class="na">msg=</span><span class="s">&quot;    Preparing for 4.6&quot;</span> <span class="nt">/&gt;</span></div><div class='line' id='LC3132'>&nbsp;&nbsp;&nbsp;&nbsp;<span class="nt">&lt;versionLog</span> <span class="na">num=</span><span class="s">&quot;287&quot;</span> <span class="na">sha=</span><span class="s">&quot;34dd9f4e2bebbcf694dcb855a29edff9243a10d3&quot;</span> <span class="na">author=</span><span class="s">&quot;kbeck &amp;lt;kbeck&amp;gt;&quot;</span> <span class="na">date=</span><span class="s">&quot;Tue Jan 6 04:02:00 2009 +0000&quot;</span> <span class="na">msg=</span><span class="s">&quot;    Fixed 2191102 and 2196462.&quot;</span> <span class="nt">/&gt;</span></div><div class='line' id='LC3133'>&nbsp;&nbsp;&nbsp;&nbsp;<span class="nt">&lt;versionLog</span> <span class="na">num=</span><span class="s">&quot;288&quot;</span> <span class="na">sha=</span><span class="s">&quot;90bf3119a6326671cc467386036302cc6040f752&quot;</span> <span class="na">author=</span><span class="s">&quot;kbeck &amp;lt;kbeck&amp;gt;&quot;</span> <span class="na">date=</span><span class="s">&quot;Sat Dec 20 15:36:48 2008 +0000&quot;</span> <span class="na">msg=</span><span class="s">&quot;    Description seems to be heading towards Composite. Added &amp;quot;getTestName&amp;quot;&quot;</span> <span class="nt">/&gt;</span></div><div class='line' id='LC3134'>&nbsp;&nbsp;&nbsp;&nbsp;<span class="nt">&lt;versionLog</span> <span class="na">num=</span><span class="s">&quot;289&quot;</span> <span class="na">sha=</span><span class="s">&quot;c12af8eb53b2464efff959b633f4c189caf2f1e7&quot;</span> <span class="na">author=</span><span class="s">&quot;kbeck &amp;lt;kbeck&amp;gt;&quot;</span> <span class="na">date=</span><span class="s">&quot;Sat Nov 22 00:36:54 2008 +0000&quot;</span> <span class="na">msg=</span><span class="s">&quot;    A diff got inserted somehow.&quot;</span> <span class="nt">/&gt;</span></div><div class='line' id='LC3135'>&nbsp;&nbsp;&nbsp;&nbsp;<span class="nt">&lt;versionLog</span> <span class="na">num=</span><span class="s">&quot;290&quot;</span> <span class="na">sha=</span><span class="s">&quot;421ab330509a53302f56b209595f55b23bfdfc0e&quot;</span> <span class="na">author=</span><span class="s">&quot;dsaff &amp;lt;dsaff&amp;gt;&quot;</span> <span class="na">date=</span><span class="s">&quot;Tue Nov 18 22:52:31 2008 +0000&quot;</span> <span class="na">msg=</span><span class="s">&quot;    Max now runs the right number of tests&quot;</span> <span class="nt">/&gt;</span></div><div class='line' id='LC3136'>&nbsp;&nbsp;&nbsp;&nbsp;<span class="nt">&lt;versionLog</span> <span class="na">num=</span><span class="s">&quot;291&quot;</span> <span class="na">sha=</span><span class="s">&quot;41cbbf7e228b8f7908e672a79863ff970316b120&quot;</span> <span class="na">author=</span><span class="s">&quot;dsaff &amp;lt;dsaff&amp;gt;&quot;</span> <span class="na">date=</span><span class="s">&quot;Tue Nov 18 22:51:29 2008 +0000&quot;</span> <span class="na">msg=</span><span class="s">&quot;    Asserting on arrays of doubles&quot;</span> <span class="nt">/&gt;</span></div><div class='line' id='LC3137'>&nbsp;&nbsp;&nbsp;&nbsp;<span class="nt">&lt;versionLog</span> <span class="na">num=</span><span class="s">&quot;292&quot;</span> <span class="na">sha=</span><span class="s">&quot;fa6483264ce2530585b374c276c2266d0d0c4ef0&quot;</span> <span class="na">author=</span><span class="s">&quot;kbeck &amp;lt;kbeck&amp;gt;&quot;</span> <span class="na">date=</span><span class="s">&quot;Thu Nov 13 19:32:26 2008 +0000&quot;</span> <span class="na">msg=</span><span class="s">&quot;    closing in on 3.8 multiple run defect&quot;</span> <span class="nt">/&gt;</span></div><div class='line' id='LC3138'>&nbsp;&nbsp;&nbsp;&nbsp;<span class="nt">&lt;versionLog</span> <span class="na">num=</span><span class="s">&quot;293&quot;</span> <span class="na">sha=</span><span class="s">&quot;b294a12beffb7952de6aef3198d47f7cd08486d7&quot;</span> <span class="na">author=</span><span class="s">&quot;kbeck &amp;lt;kbeck&amp;gt;&quot;</span> <span class="na">date=</span><span class="s">&quot;Thu Nov 13 19:30:29 2008 +0000&quot;</span> <span class="na">msg=</span><span class="s">&quot;    *** empty log message ***&quot;</span> <span class="nt">/&gt;</span></div><div class='line' id='LC3139'>&nbsp;&nbsp;&nbsp;&nbsp;<span class="nt">&lt;versionLog</span> <span class="na">num=</span><span class="s">&quot;294&quot;</span> <span class="na">sha=</span><span class="s">&quot;8d9ac8d65204fe8cd7e1d9146f123a461952bae9&quot;</span> <span class="na">author=</span><span class="s">&quot;kbeck &amp;lt;kbeck&amp;gt;&quot;</span> <span class="na">date=</span><span class="s">&quot;Wed Nov 12 22:17:56 2008 +0000&quot;</span> <span class="na">msg=</span><span class="s">&quot;    Zeroing in on the JUnitMax error where it runs JUnit 3.8 tests multiple times.&quot;</span> <span class="nt">/&gt;</span></div><div class='line' id='LC3140'>&nbsp;&nbsp;&nbsp;&nbsp;<span class="nt">&lt;versionLog</span> <span class="na">num=</span><span class="s">&quot;295&quot;</span> <span class="na">sha=</span><span class="s">&quot;85578d48f6459a05665329faa9b52a861e9142cb&quot;</span> <span class="na">author=</span><span class="s">&quot;kbeck &amp;lt;kbeck&amp;gt;&quot;</span> <span class="na">date=</span><span class="s">&quot;Thu Nov 6 20:15:27 2008 +0000&quot;</span> <span class="na">msg=</span><span class="s">&quot;    Now sorting tests globally&quot;</span> <span class="nt">/&gt;</span></div><div class='line' id='LC3141'>&nbsp;&nbsp;&nbsp;&nbsp;<span class="nt">&lt;versionLog</span> <span class="na">num=</span><span class="s">&quot;296&quot;</span> <span class="na">sha=</span><span class="s">&quot;d6662fcc06ec7b07c696eb703c47d3731e4e11c7&quot;</span> <span class="na">author=</span><span class="s">&quot;kbeck &amp;lt;kbeck&amp;gt;&quot;</span> <span class="na">date=</span><span class="s">&quot;Fri Oct 31 00:24:00 2008 +0000&quot;</span> <span class="na">msg=</span><span class="s">&quot;    Oops, checked in some scaffolding and temporary changes&quot;</span> <span class="nt">/&gt;</span></div><div class='line' id='LC3142'>&nbsp;&nbsp;&nbsp;&nbsp;<span class="nt">&lt;versionLog</span> <span class="na">num=</span><span class="s">&quot;297&quot;</span> <span class="na">sha=</span><span class="s">&quot;fab8f0da7e35f0436b80bf5cfe799882b2cb4db5&quot;</span> <span class="na">author=</span><span class="s">&quot;kbeck &amp;lt;kbeck&amp;gt;&quot;</span> <span class="na">date=</span><span class="s">&quot;Tue Oct 28 20:03:43 2008 +0000&quot;</span> <span class="na">msg=</span><span class="s">&quot;    Eclipse isn&#39;t quite calling Max just yet. Keep sinning until it does.&quot;</span> <span class="nt">/&gt;</span></div><div class='line' id='LC3143'>&nbsp;&nbsp;&nbsp;&nbsp;<span class="nt">&lt;versionLog</span> <span class="na">num=</span><span class="s">&quot;298&quot;</span> <span class="na">sha=</span><span class="s">&quot;df48b66e73c740acb15f065eb7a4bad433930891&quot;</span> <span class="na">author=</span><span class="s">&quot;kbeck &amp;lt;kbeck&amp;gt;&quot;</span> <span class="na">date=</span><span class="s">&quot;Tue Oct 28 19:50:31 2008 +0000&quot;</span> <span class="na">msg=</span><span class="s">&quot;    AllTests passes, but Eclipse doesn&#39;t cal JUnitCore, so first attempt at dogfooding failed.&quot;</span> <span class="nt">/&gt;</span></div><div class='line' id='LC3144'>&nbsp;&nbsp;&nbsp;&nbsp;<span class="nt">&lt;versionLog</span> <span class="na">num=</span><span class="s">&quot;299&quot;</span> <span class="na">sha=</span><span class="s">&quot;ce7bda3346278aab6ccebedcd5b8c8d4ab27ba02&quot;</span> <span class="na">author=</span><span class="s">&quot;kbeck &amp;lt;kbeck&amp;gt;&quot;</span> <span class="na">date=</span><span class="s">&quot;Tue Oct 28 19:17:15 2008 +0000&quot;</span> <span class="na">msg=</span><span class="s">&quot;    Persistence for MaxCore&quot;</span> <span class="nt">/&gt;</span></div><div class='line' id='LC3145'>&nbsp;&nbsp;&nbsp;&nbsp;<span class="nt">&lt;versionLog</span> <span class="na">num=</span><span class="s">&quot;300&quot;</span> <span class="na">sha=</span><span class="s">&quot;451ca12156d5704809a1feff78a10a9451cd2023&quot;</span> <span class="na">author=</span><span class="s">&quot;kbeck &amp;lt;kbeck&amp;gt;&quot;</span> <span class="na">date=</span><span class="s">&quot;Thu Oct 23 19:38:08 2008 +0000&quot;</span> <span class="na">msg=</span><span class="s">&quot;    Cleaned up MaxCore and the tests&quot;</span> <span class="nt">/&gt;</span></div><div class='line' id='LC3146'>&nbsp;&nbsp;&nbsp;&nbsp;<span class="nt">&lt;versionLog</span> <span class="na">num=</span><span class="s">&quot;301&quot;</span> <span class="na">sha=</span><span class="s">&quot;378e17964a4188bad9b3d966207a2f682072148e&quot;</span> <span class="na">author=</span><span class="s">&quot;kbeck &amp;lt;kbeck&amp;gt;&quot;</span> <span class="na">date=</span><span class="s">&quot;Thu Oct 23 18:59:35 2008 +0000&quot;</span> <span class="na">msg=</span><span class="s">&quot;    Better test sorting in MaxCore&quot;</span> <span class="nt">/&gt;</span></div><div class='line' id='LC3147'>&nbsp;&nbsp;&nbsp;&nbsp;<span class="nt">&lt;versionLog</span> <span class="na">num=</span><span class="s">&quot;302&quot;</span> <span class="na">sha=</span><span class="s">&quot;a72b0dbef4b01e8ad0b832d9a579dd7fabd5a071&quot;</span> <span class="na">author=</span><span class="s">&quot;kbeck &amp;lt;kbeck&amp;gt;&quot;</span> <span class="na">date=</span><span class="s">&quot;Fri Oct 17 22:35:23 2008 +0000&quot;</span> <span class="na">msg=</span><span class="s">&quot;    Clean up parallel execution naming.&quot;</span> <span class="nt">/&gt;</span></div><div class='line' id='LC3148'>&nbsp;&nbsp;&nbsp;&nbsp;<span class="nt">&lt;versionLog</span> <span class="na">num=</span><span class="s">&quot;303&quot;</span> <span class="na">sha=</span><span class="s">&quot;cec4a6baf600b8dee3d1318c242a67b56874288a&quot;</span> <span class="na">author=</span><span class="s">&quot;kbeck &amp;lt;kbeck&amp;gt;&quot;</span> <span class="na">date=</span><span class="s">&quot;Tue Sep 9 20:57:17 2008 +0000&quot;</span> <span class="na">msg=</span><span class="s">&quot;    *** empty log message ***&quot;</span> <span class="nt">/&gt;</span></div><div class='line' id='LC3149'>&nbsp;&nbsp;&nbsp;&nbsp;<span class="nt">&lt;versionLog</span> <span class="na">num=</span><span class="s">&quot;304&quot;</span> <span class="na">sha=</span><span class="s">&quot;432e3e27df0b072f3bab066cd33214913f4c7f32&quot;</span> <span class="na">author=</span><span class="s">&quot;kbeck &amp;lt;kbeck&amp;gt;&quot;</span> <span class="na">date=</span><span class="s">&quot;Tue Sep 9 20:46:02 2008 +0000&quot;</span> <span class="na">msg=</span><span class="s">&quot;    Run methods and classes in parallel&quot;</span> <span class="nt">/&gt;</span></div><div class='line' id='LC3150'>&nbsp;&nbsp;&nbsp;&nbsp;<span class="nt">&lt;versionLog</span> <span class="na">num=</span><span class="s">&quot;305&quot;</span> <span class="na">sha=</span><span class="s">&quot;8c91ac2cb9da29edf75ae22dba1e1aaa60275176&quot;</span> <span class="na">author=</span><span class="s">&quot;kbeck &amp;lt;kbeck&amp;gt;&quot;</span> <span class="na">date=</span><span class="s">&quot;Fri Sep 5 21:00:16 2008 +0000&quot;</span> <span class="na">msg=</span><span class="s">&quot;    Experimenting with parallel execution&quot;</span> <span class="nt">/&gt;</span></div><div class='line' id='LC3151'>&nbsp;&nbsp;&nbsp;&nbsp;<span class="nt">&lt;versionLog</span> <span class="na">num=</span><span class="s">&quot;306&quot;</span> <span class="na">sha=</span><span class="s">&quot;3a961b7fd1e7a85b5e293f9e32ea6ced3f361f69&quot;</span> <span class="na">author=</span><span class="s">&quot;dsaff &amp;lt;dsaff&amp;gt;&quot;</span> <span class="na">date=</span><span class="s">&quot;Tue Aug 19 18:54:34 2008 +0000&quot;</span> <span class="na">msg=</span><span class="s">&quot;    Indicate when deprecation is likely to end&quot;</span> <span class="nt">/&gt;</span></div><div class='line' id='LC3152'>&nbsp;&nbsp;&nbsp;&nbsp;<span class="nt">&lt;versionLog</span> <span class="na">num=</span><span class="s">&quot;307&quot;</span> <span class="na">sha=</span><span class="s">&quot;68f1e62d7df34bd2781cc7df583db9ba6fea497c&quot;</span> <span class="na">author=</span><span class="s">&quot;kbeck &amp;lt;kbeck&amp;gt;&quot;</span> <span class="na">date=</span><span class="s">&quot;Tue Aug 19 17:59:50 2008 +0000&quot;</span> <span class="na">msg=</span><span class="s">&quot;    Beginnings of data gathering&quot;</span> <span class="nt">/&gt;</span></div><div class='line' id='LC3153'>&nbsp;&nbsp;&nbsp;&nbsp;<span class="nt">&lt;versionLog</span> <span class="na">num=</span><span class="s">&quot;308&quot;</span> <span class="na">sha=</span><span class="s">&quot;c4e7dfe1ea2722c7d8a29373744e9a4a4f2f9c66&quot;</span> <span class="na">author=</span><span class="s">&quot;dsaff &amp;lt;dsaff&amp;gt;&quot;</span> <span class="na">date=</span><span class="s">&quot;Mon Aug 18 14:54:26 2008 +0000&quot;</span> <span class="na">msg=</span><span class="s">&quot;    Remove unused imports&quot;</span> <span class="nt">/&gt;</span></div><div class='line' id='LC3154'>&nbsp;&nbsp;&nbsp;&nbsp;<span class="nt">&lt;versionLog</span> <span class="na">num=</span><span class="s">&quot;309&quot;</span> <span class="na">sha=</span><span class="s">&quot;829ca4d37671b20df3f2451915aa91c804b7de97&quot;</span> <span class="na">author=</span><span class="s">&quot;dsaff &amp;lt;dsaff&amp;gt;&quot;</span> <span class="na">date=</span><span class="s">&quot;Mon Aug 18 14:52:14 2008 +0000&quot;</span> <span class="na">msg=</span><span class="s">&quot;    Indicated that Before guarantees no particular order.&quot;</span> <span class="nt">/&gt;</span></div><div class='line' id='LC3155'>&nbsp;&nbsp;&nbsp;&nbsp;<span class="nt">&lt;versionLog</span> <span class="na">num=</span><span class="s">&quot;310&quot;</span> <span class="na">sha=</span><span class="s">&quot;5a7824ae153484cb898c3850aa71b2cadf6f3fcc&quot;</span> <span class="na">author=</span><span class="s">&quot;dsaff &amp;lt;dsaff&amp;gt;&quot;</span> <span class="na">date=</span><span class="s">&quot;Mon Aug 11 20:10:58 2008 +0000&quot;</span> <span class="na">msg=</span><span class="s">&quot;    Non-static BeforeClass test has better name&quot;</span> <span class="nt">/&gt;</span></div><div class='line' id='LC3156'>&nbsp;&nbsp;&nbsp;&nbsp;<span class="nt">&lt;versionLog</span> <span class="na">num=</span><span class="s">&quot;311&quot;</span> <span class="na">sha=</span><span class="s">&quot;1c1a6f8020c615c9d723f79a8405e57f1c66ea1e&quot;</span> <span class="na">author=</span><span class="s">&quot;dsaff &amp;lt;dsaff&amp;gt;&quot;</span> <span class="na">date=</span><span class="s">&quot;Mon Aug 11 20:08:18 2008 +0000&quot;</span> <span class="na">msg=</span><span class="s">&quot;    Tagged old version as 4.5.  Docs now say 4.6, and doc&#39;ed a few missing classes&quot;</span> <span class="nt">/&gt;</span></div><div class='line' id='LC3157'>&nbsp;&nbsp;&nbsp;&nbsp;<span class="nt">&lt;versionLog</span> <span class="na">num=</span><span class="s">&quot;312&quot;</span> <span class="na">sha=</span><span class="s">&quot;c68a2ac49fac68864fb3e6f3b1a124446bbaaa41&quot;</span> <span class="na">author=</span><span class="s">&quot;dsaff &amp;lt;dsaff&amp;gt;&quot;</span> <span class="na">date=</span><span class="s">&quot;Fri Aug 8 18:06:37 2008 +0000&quot;</span> <span class="na">msg=</span><span class="s">&quot;    This is 4.5.&quot;</span> <span class="nt">/&gt;</span></div><div class='line' id='LC3158'>&nbsp;&nbsp;&nbsp;&nbsp;<span class="nt">&lt;versionLog</span> <span class="na">num=</span><span class="s">&quot;313&quot;</span> <span class="na">sha=</span><span class="s">&quot;71ce2b015df78f167e4681b097cadc2e0e6655e2&quot;</span> <span class="na">author=</span><span class="s">&quot;dsaff &amp;lt;dsaff&amp;gt;&quot;</span> <span class="na">date=</span><span class="s">&quot;Wed Aug 6 13:29:14 2008 +0000&quot;</span> <span class="na">msg=</span><span class="s">&quot;    JUnit4 runner as a pointer to the current default&quot;</span> <span class="nt">/&gt;</span></div><div class='line' id='LC3159'>&nbsp;&nbsp;&nbsp;&nbsp;<span class="nt">&lt;versionLog</span> <span class="na">num=</span><span class="s">&quot;314&quot;</span> <span class="na">sha=</span><span class="s">&quot;a36466e1aed381e2973e5550969474a043879611&quot;</span> <span class="na">author=</span><span class="s">&quot;kbeck &amp;lt;kbeck&amp;gt;&quot;</span> <span class="na">date=</span><span class="s">&quot;Tue Aug 5 17:15:45 2008 +0000&quot;</span> <span class="na">msg=</span><span class="s">&quot;    Cleaned up formatting&quot;</span> <span class="nt">/&gt;</span></div><div class='line' id='LC3160'>&nbsp;&nbsp;&nbsp;&nbsp;<span class="nt">&lt;versionLog</span> <span class="na">num=</span><span class="s">&quot;315&quot;</span> <span class="na">sha=</span><span class="s">&quot;3dd6b9fca5ccbd02a4d1cb5c5b3c921e369662a0&quot;</span> <span class="na">author=</span><span class="s">&quot;dsaff &amp;lt;dsaff&amp;gt;&quot;</span> <span class="na">date=</span><span class="s">&quot;Fri Aug 1 15:28:05 2008 +0000&quot;</span> <span class="na">msg=</span><span class="s">&quot;    validation errors in JUnit4ClassRunner are again reported.&quot;</span> <span class="nt">/&gt;</span></div><div class='line' id='LC3161'>&nbsp;&nbsp;&nbsp;&nbsp;<span class="nt">&lt;versionLog</span> <span class="na">num=</span><span class="s">&quot;316&quot;</span> <span class="na">sha=</span><span class="s">&quot;c5ece65fe537092b9552f0efcca8a1e144ca4182&quot;</span> <span class="na">author=</span><span class="s">&quot;dsaff &amp;lt;dsaff&amp;gt;&quot;</span> <span class="na">date=</span><span class="s">&quot;Fri Aug 1 13:53:42 2008 +0000&quot;</span> <span class="na">msg=</span><span class="s">&quot;    Fixed a javadoc on BlockJUnit4ClassRunner&quot;</span> <span class="nt">/&gt;</span></div><div class='line' id='LC3162'>&nbsp;&nbsp;&nbsp;&nbsp;<span class="nt">&lt;versionLog</span> <span class="na">num=</span><span class="s">&quot;317&quot;</span> <span class="na">sha=</span><span class="s">&quot;0b65be5d4d0aaf5867ed414765c0c48ceeb00e18&quot;</span> <span class="na">author=</span><span class="s">&quot;kbeck &amp;lt;kbeck&amp;gt;&quot;</span> <span class="na">date=</span><span class="s">&quot;Thu Jul 31 23:44:19 2008 +0000&quot;</span> <span class="na">msg=</span><span class="s">&quot;    Fixed AfterClass javadoc and added a ValidationTest that appears to already be working in spite of complaints to the contrary.&quot;</span> <span class="nt">/&gt;</span></div><div class='line' id='LC3163'>&nbsp;&nbsp;&nbsp;&nbsp;<span class="nt">&lt;versionLog</span> <span class="na">num=</span><span class="s">&quot;318&quot;</span> <span class="na">sha=</span><span class="s">&quot;ca6d91f41d566b21b643b013e843732e1315652f&quot;</span> <span class="na">author=</span><span class="s">&quot;dsaff &amp;lt;dsaff&amp;gt;&quot;</span> <span class="na">date=</span><span class="s">&quot;Thu Jul 31 14:57:25 2008 +0000&quot;</span> <span class="na">msg=</span><span class="s">&quot;    Failing assumptions can be listened for.&quot;</span> <span class="nt">/&gt;</span></div><div class='line' id='LC3164'>&nbsp;&nbsp;&nbsp;&nbsp;<span class="nt">&lt;versionLog</span> <span class="na">num=</span><span class="s">&quot;319&quot;</span> <span class="na">sha=</span><span class="s">&quot;b5bf89de628350e58514421150839318c1338c55&quot;</span> <span class="na">author=</span><span class="s">&quot;dsaff &amp;lt;dsaff&amp;gt;&quot;</span> <span class="na">date=</span><span class="s">&quot;Thu Jul 31 14:29:15 2008 +0000&quot;</span> <span class="na">msg=</span><span class="s">&quot;    Javadoc on FrameworkMethod augmented&quot;</span> <span class="nt">/&gt;</span></div><div class='line' id='LC3165'>&nbsp;&nbsp;&nbsp;&nbsp;<span class="nt">&lt;versionLog</span> <span class="na">num=</span><span class="s">&quot;320&quot;</span> <span class="na">sha=</span><span class="s">&quot;50b9c949876189d8c4871471ec346988e4ccae06&quot;</span> <span class="na">author=</span><span class="s">&quot;dsaff &amp;lt;dsaff&amp;gt;&quot;</span> <span class="na">date=</span><span class="s">&quot;Thu Jul 31 14:28:18 2008 +0000&quot;</span> <span class="na">msg=</span><span class="s">&quot;    Better validation in Theories&quot;</span> <span class="nt">/&gt;</span></div><div class='line' id='LC3166'>&nbsp;&nbsp;&nbsp;&nbsp;<span class="nt">&lt;versionLog</span> <span class="na">num=</span><span class="s">&quot;321&quot;</span> <span class="na">sha=</span><span class="s">&quot;095d3f8df0708f98d41f5894a892388b6985c44f&quot;</span> <span class="na">author=</span><span class="s">&quot;dsaff &amp;lt;dsaff&amp;gt;&quot;</span> <span class="na">date=</span><span class="s">&quot;Thu Jul 31 14:20:56 2008 +0000&quot;</span> <span class="na">msg=</span><span class="s">&quot;    Validation of constructors that can take parameters, commenting about an exception    that should never occur&quot;</span> <span class="nt">/&gt;</span></div><div class='line' id='LC3167'>&nbsp;&nbsp;&nbsp;&nbsp;<span class="nt">&lt;versionLog</span> <span class="na">num=</span><span class="s">&quot;322&quot;</span> <span class="na">sha=</span><span class="s">&quot;a07f1be1bc7eb7f7d757da48d0a3110452cca4d4&quot;</span> <span class="na">author=</span><span class="s">&quot;dsaff &amp;lt;dsaff&amp;gt;&quot;</span> <span class="na">date=</span><span class="s">&quot;Thu Jul 31 13:59:58 2008 +0000&quot;</span> <span class="na">msg=</span><span class="s">&quot;    Cleaned up implementation of Parameterized to better use its Suite subclass, and better validate the test class&quot;</span> <span class="nt">/&gt;</span></div><div class='line' id='LC3168'>&nbsp;&nbsp;&nbsp;&nbsp;<span class="nt">&lt;versionLog</span> <span class="na">num=</span><span class="s">&quot;323&quot;</span> <span class="na">sha=</span><span class="s">&quot;94d454a32857d85e08600e38728418863478501c&quot;</span> <span class="na">author=</span><span class="s">&quot;dsaff &amp;lt;dsaff&amp;gt;&quot;</span> <span class="na">date=</span><span class="s">&quot;Thu Jul 31 13:59:26 2008 +0000&quot;</span> <span class="na">msg=</span><span class="s">&quot;    Remove bogus TODO&quot;</span> <span class="nt">/&gt;</span></div><div class='line' id='LC3169'>&nbsp;&nbsp;&nbsp;&nbsp;<span class="nt">&lt;versionLog</span> <span class="na">num=</span><span class="s">&quot;324&quot;</span> <span class="na">sha=</span><span class="s">&quot;dd9ee989f3f322c7c6793f95a73b28f3cc11c11e&quot;</span> <span class="na">author=</span><span class="s">&quot;dsaff &amp;lt;dsaff&amp;gt;&quot;</span> <span class="na">date=</span><span class="s">&quot;Thu Jul 31 13:59:08 2008 +0000&quot;</span> <span class="na">msg=</span><span class="s">&quot;    Better name for validateConstructor&quot;</span> <span class="nt">/&gt;</span></div><div class='line' id='LC3170'>&nbsp;&nbsp;&nbsp;&nbsp;<span class="nt">&lt;versionLog</span> <span class="na">num=</span><span class="s">&quot;325&quot;</span> <span class="na">sha=</span><span class="s">&quot;b0b34427e9e644868f2b63d40d0556c35e818a63&quot;</span> <span class="na">author=</span><span class="s">&quot;dsaff &amp;lt;dsaff&amp;gt;&quot;</span> <span class="na">date=</span><span class="s">&quot;Wed Jul 30 20:39:27 2008 +0000&quot;</span> <span class="na">msg=</span><span class="s">&quot;    Make sure constructor has no args&quot;</span> <span class="nt">/&gt;</span></div><div class='line' id='LC3171'>&nbsp;&nbsp;&nbsp;&nbsp;<span class="nt">&lt;versionLog</span> <span class="na">num=</span><span class="s">&quot;326&quot;</span> <span class="na">sha=</span><span class="s">&quot;30a039854fd7f8cda135222054b247c158b91fa7&quot;</span> <span class="na">author=</span><span class="s">&quot;dsaff &amp;lt;dsaff&amp;gt;&quot;</span> <span class="na">date=</span><span class="s">&quot;Wed Jul 30 20:28:46 2008 +0000&quot;</span> <span class="na">msg=</span><span class="s">&quot;    All javadoc added&quot;</span> <span class="nt">/&gt;</span></div><div class='line' id='LC3172'>&nbsp;&nbsp;&nbsp;&nbsp;<span class="nt">&lt;versionLog</span> <span class="na">num=</span><span class="s">&quot;327&quot;</span> <span class="na">sha=</span><span class="s">&quot;5d957024be0d1b181879d48b7915b3b8aad8f5d5&quot;</span> <span class="na">author=</span><span class="s">&quot;dsaff &amp;lt;dsaff&amp;gt;&quot;</span> <span class="na">date=</span><span class="s">&quot;Wed Jul 30 19:23:24 2008 +0000&quot;</span> <span class="na">msg=</span><span class="s">&quot;    TestClass documented, validation logic pushed, almost entirely, to BlockJUnit4ClassRunner, and some holes noted.&quot;</span> <span class="nt">/&gt;</span></div><div class='line' id='LC3173'>&nbsp;&nbsp;&nbsp;&nbsp;<span class="nt">&lt;versionLog</span> <span class="na">num=</span><span class="s">&quot;328&quot;</span> <span class="na">sha=</span><span class="s">&quot;e07e59eb9d24f6e4fa85dd99f311c1feca6ea983&quot;</span> <span class="na">author=</span><span class="s">&quot;dsaff &amp;lt;dsaff&amp;gt;&quot;</span> <span class="na">date=</span><span class="s">&quot;Wed Jul 30 02:56:52 2008 +0000&quot;</span> <span class="na">msg=</span><span class="s">&quot;    ErrorReportingRunner is not a ParentRunner.  This means that all ParentRunners validate, for sure, during construction.&quot;</span> <span class="nt">/&gt;</span></div><div class='line' id='LC3174'>&nbsp;&nbsp;&nbsp;&nbsp;<span class="nt">&lt;versionLog</span> <span class="na">num=</span><span class="s">&quot;329&quot;</span> <span class="na">sha=</span><span class="s">&quot;1fcd990f60518c941a44bae2596392021614a20b&quot;</span> <span class="na">author=</span><span class="s">&quot;kbeck &amp;lt;kbeck&amp;gt;&quot;</span> <span class="na">date=</span><span class="s">&quot;Tue Jul 29 18:55:58 2008 +0000&quot;</span> <span class="na">msg=</span><span class="s">&quot;    Javadoc and various cleanup&quot;</span> <span class="nt">/&gt;</span></div><div class='line' id='LC3175'>&nbsp;&nbsp;&nbsp;&nbsp;<span class="nt">&lt;versionLog</span> <span class="na">num=</span><span class="s">&quot;330&quot;</span> <span class="na">sha=</span><span class="s">&quot;979e8abbe974e8847668f5887403da78a6165ebc&quot;</span> <span class="na">author=</span><span class="s">&quot;dsaff &amp;lt;dsaff&amp;gt;&quot;</span> <span class="na">date=</span><span class="s">&quot;Tue Jul 29 17:12:00 2008 +0000&quot;</span> <span class="na">msg=</span><span class="s">&quot;    Only one ParentRunner constructor&quot;</span> <span class="nt">/&gt;</span></div><div class='line' id='LC3176'>&nbsp;&nbsp;&nbsp;&nbsp;<span class="nt">&lt;versionLog</span> <span class="na">num=</span><span class="s">&quot;331&quot;</span> <span class="na">sha=</span><span class="s">&quot;9a789a40295a91844e4e16afee93d5ff7218951a&quot;</span> <span class="na">author=</span><span class="s">&quot;dsaff &amp;lt;dsaff&amp;gt;&quot;</span> <span class="na">date=</span><span class="s">&quot;Tue Jul 29 17:11:20 2008 +0000&quot;</span> <span class="na">msg=</span><span class="s">&quot;    Publishing TestClass and doc&#39;ing ParentRunner&quot;</span> <span class="nt">/&gt;</span></div><div class='line' id='LC3177'>&nbsp;&nbsp;&nbsp;&nbsp;<span class="nt">&lt;versionLog</span> <span class="na">num=</span><span class="s">&quot;332&quot;</span> <span class="na">sha=</span><span class="s">&quot;123432f737b8d6e54937cf9f2e939b1e8f882e76&quot;</span> <span class="na">author=</span><span class="s">&quot;dsaff &amp;lt;dsaff&amp;gt;&quot;</span> <span class="na">date=</span><span class="s">&quot;Wed Jul 23 20:39:42 2008 +0000&quot;</span> <span class="na">msg=</span><span class="s">&quot;    TestClass and ParentRunner presently published proudly.  TestMethod and TestElement die deserved deaths.&quot;</span> <span class="nt">/&gt;</span></div><div class='line' id='LC3178'>&nbsp;&nbsp;&nbsp;&nbsp;<span class="nt">&lt;versionLog</span> <span class="na">num=</span><span class="s">&quot;333&quot;</span> <span class="na">sha=</span><span class="s">&quot;28124c61f58334eb6dc8e4c024fc346509d03108&quot;</span> <span class="na">author=</span><span class="s">&quot;kbeck &amp;lt;kbeck&amp;gt;&quot;</span> <span class="na">date=</span><span class="s">&quot;Wed Jul 23 16:04:02 2008 +0000&quot;</span> <span class="na">msg=</span><span class="s">&quot;    *** empty log message ***&quot;</span> <span class="nt">/&gt;</span></div><div class='line' id='LC3179'>&nbsp;&nbsp;&nbsp;&nbsp;<span class="nt">&lt;versionLog</span> <span class="na">num=</span><span class="s">&quot;334&quot;</span> <span class="na">sha=</span><span class="s">&quot;7a3e99635d7ffcc4d730f27835eeaeb082003199&quot;</span> <span class="na">author=</span><span class="s">&quot;dsaff &amp;lt;dsaff&amp;gt;&quot;</span> <span class="na">date=</span><span class="s">&quot;Wed Jul 23 15:59:22 2008 +0000&quot;</span> <span class="na">msg=</span><span class="s">&quot;    Draft javadoc for review&quot;</span> <span class="nt">/&gt;</span></div><div class='line' id='LC3180'>&nbsp;&nbsp;&nbsp;&nbsp;<span class="nt">&lt;versionLog</span> <span class="na">num=</span><span class="s">&quot;335&quot;</span> <span class="na">sha=</span><span class="s">&quot;0b6e837fbf3a02fd28b4930e12cfcf86801b1d75&quot;</span> <span class="na">author=</span><span class="s">&quot;dsaff &amp;lt;dsaff&amp;gt;&quot;</span> <span class="na">date=</span><span class="s">&quot;Tue Jul 22 20:33:24 2008 +0000&quot;</span> <span class="na">msg=</span><span class="s">&quot;    Added 4.5 release notes, and removed two tests&quot;</span> <span class="nt">/&gt;</span></div><div class='line' id='LC3181'>&nbsp;&nbsp;&nbsp;&nbsp;<span class="nt">&lt;versionLog</span> <span class="na">num=</span><span class="s">&quot;336&quot;</span> <span class="na">sha=</span><span class="s">&quot;a9815c0f1419e20b6282c3944195083bb38deaa9&quot;</span> <span class="na">author=</span><span class="s">&quot;kbeck &amp;lt;kbeck&amp;gt;&quot;</span> <span class="na">date=</span><span class="s">&quot;Tue Jul 22 17:50:44 2008 +0000&quot;</span> <span class="na">msg=</span><span class="s">&quot;    4.5 release candidate minus javadoc and release notes (surprise, surprise)&quot;</span> <span class="nt">/&gt;</span></div><div class='line' id='LC3182'>&nbsp;&nbsp;&nbsp;&nbsp;<span class="nt">&lt;versionLog</span> <span class="na">num=</span><span class="s">&quot;337&quot;</span> <span class="na">sha=</span><span class="s">&quot;c96215c5d025336d8ab1d7d2ab57daee20869cea&quot;</span> <span class="na">author=</span><span class="s">&quot;kbeck &amp;lt;kbeck&amp;gt;&quot;</span> <span class="na">date=</span><span class="s">&quot;Tue Jul 22 17:43:13 2008 +0000&quot;</span> <span class="na">msg=</span><span class="s">&quot;    Preparing for 4.5 release. Published InitializationError and FrameworkMethod. Reverted failed assumptions so they work as in 4.4, counted as passing (later we&#39;ll give them their own category or typed events with callback).&quot;</span> <span class="nt">/&gt;</span></div><div class='line' id='LC3183'>&nbsp;&nbsp;&nbsp;&nbsp;<span class="nt">&lt;versionLog</span> <span class="na">num=</span><span class="s">&quot;338&quot;</span> <span class="na">sha=</span><span class="s">&quot;8e3f361443ddf8bca21c3db661c75d374fe78dba&quot;</span> <span class="na">author=</span><span class="s">&quot;kbeck &amp;lt;kbeck&amp;gt;&quot;</span> <span class="na">date=</span><span class="s">&quot;Wed Jul 16 00:21:15 2008 +0000&quot;</span> <span class="na">msg=</span><span class="s">&quot;    Refactored to eliminate Notifier and its subclasses. You don&#39;t pull your weight around here and you&#39;re history.&quot;</span> <span class="nt">/&gt;</span></div><div class='line' id='LC3184'>&nbsp;&nbsp;&nbsp;&nbsp;<span class="nt">&lt;versionLog</span> <span class="na">num=</span><span class="s">&quot;339&quot;</span> <span class="na">sha=</span><span class="s">&quot;412519b20d4cb96466c03466fa003068e9fb5eca&quot;</span> <span class="na">author=</span><span class="s">&quot;kbeck &amp;lt;kbeck&amp;gt;&quot;</span> <span class="na">date=</span><span class="s">&quot;Thu Jul 10 20:50:01 2008 +0000&quot;</span> <span class="na">msg=</span><span class="s">&quot;    Added FilterableTest to AllTests&quot;</span> <span class="nt">/&gt;</span></div><div class='line' id='LC3185'>&nbsp;&nbsp;&nbsp;&nbsp;<span class="nt">&lt;versionLog</span> <span class="na">num=</span><span class="s">&quot;340&quot;</span> <span class="na">sha=</span><span class="s">&quot;29f117914afa33c2538479c785f349daa787bf60&quot;</span> <span class="na">author=</span><span class="s">&quot;kbeck &amp;lt;kbeck&amp;gt;&quot;</span> <span class="na">date=</span><span class="s">&quot;Thu Jul 10 20:48:29 2008 +0000&quot;</span> <span class="na">msg=</span><span class="s">&quot;    Refinement of BlockJUnit4ClassRunner to make it easier to override.&quot;</span> <span class="nt">/&gt;</span></div><div class='line' id='LC3186'>&nbsp;&nbsp;&nbsp;&nbsp;<span class="nt">&lt;versionLog</span> <span class="na">num=</span><span class="s">&quot;341&quot;</span> <span class="na">sha=</span><span class="s">&quot;e2033a1894451c2b90ab4c43ff1eed0aad3f14ce&quot;</span> <span class="na">author=</span><span class="s">&quot;dsaff &amp;lt;dsaff&amp;gt;&quot;</span> <span class="na">date=</span><span class="s">&quot;Thu Jul 10 20:06:38 2008 +0000&quot;</span> <span class="na">msg=</span><span class="s">&quot;    Remove caching filtered and sorted results, which led to spooky ordering dependencies in ParentRunner&quot;</span> <span class="nt">/&gt;</span></div><div class='line' id='LC3187'>&nbsp;&nbsp;&nbsp;&nbsp;<span class="nt">&lt;versionLog</span> <span class="na">num=</span><span class="s">&quot;342&quot;</span> <span class="na">sha=</span><span class="s">&quot;d8b6eb74e0e3466d66c9ff75e55f087c09a959b1&quot;</span> <span class="na">author=</span><span class="s">&quot;kbeck &amp;lt;kbeck&amp;gt;&quot;</span> <span class="na">date=</span><span class="s">&quot;Thu Jul 10 01:02:06 2008 +0000&quot;</span> <span class="na">msg=</span><span class="s">&quot;    Cleaned up ParentRunner in search of the elusive filter bug&quot;</span> <span class="nt">/&gt;</span></div><div class='line' id='LC3188'>&nbsp;&nbsp;&nbsp;&nbsp;<span class="nt">&lt;versionLog</span> <span class="na">num=</span><span class="s">&quot;343&quot;</span> <span class="na">sha=</span><span class="s">&quot;0b1337a4536d95480ef94b27310cde48a552d634&quot;</span> <span class="na">author=</span><span class="s">&quot;kbeck &amp;lt;kbeck&amp;gt;&quot;</span> <span class="na">date=</span><span class="s">&quot;Wed Jul 9 21:01:39 2008 +0000&quot;</span> <span class="na">msg=</span><span class="s">&quot;    Added failed test for filtering&quot;</span> <span class="nt">/&gt;</span></div><div class='line' id='LC3189'>&nbsp;&nbsp;&nbsp;&nbsp;<span class="nt">&lt;versionLog</span> <span class="na">num=</span><span class="s">&quot;344&quot;</span> <span class="na">sha=</span><span class="s">&quot;96d7dd609920deb1336cf85dc6c9a3a0d5e30d15&quot;</span> <span class="na">author=</span><span class="s">&quot;kbeck &amp;lt;kbeck&amp;gt;&quot;</span> <span class="na">date=</span><span class="s">&quot;Tue Jul 1 18:29:54 2008 +0000&quot;</span> <span class="na">msg=</span><span class="s">&quot;    Reorganizing visibility to publish BlockJUnit4ClassRunner and friends. Not sure if this is done. Check with Structure 101?&quot;</span> <span class="nt">/&gt;</span></div><div class='line' id='LC3190'>&nbsp;&nbsp;&nbsp;&nbsp;<span class="nt">&lt;versionLog</span> <span class="na">num=</span><span class="s">&quot;345&quot;</span> <span class="na">sha=</span><span class="s">&quot;eb2750d861ac1ecf2dbd0425e457fe833468a169&quot;</span> <span class="na">author=</span><span class="s">&quot;kbeck &amp;lt;kbeck&amp;gt;&quot;</span> <span class="na">date=</span><span class="s">&quot;Tue Jul 1 17:01:37 2008 +0000&quot;</span> <span class="na">msg=</span><span class="s">&quot;    Added Johannes Link&#39;s test for running subclasses of Suite&quot;</span> <span class="nt">/&gt;</span></div><div class='line' id='LC3191'>&nbsp;&nbsp;&nbsp;&nbsp;<span class="nt">&lt;versionLog</span> <span class="na">num=</span><span class="s">&quot;346&quot;</span> <span class="na">sha=</span><span class="s">&quot;8c61443793e4c2e90a4056ee528c3880febb53d2&quot;</span> <span class="na">author=</span><span class="s">&quot;dsaff &amp;lt;dsaff&amp;gt;&quot;</span> <span class="na">date=</span><span class="s">&quot;Thu Jun 26 15:20:39 2008 +0000&quot;</span> <span class="na">msg=</span><span class="s">&quot;    Move deprecated classes back where they used to be.&quot;</span> <span class="nt">/&gt;</span></div><div class='line' id='LC3192'>&nbsp;&nbsp;&nbsp;&nbsp;<span class="nt">&lt;versionLog</span> <span class="na">num=</span><span class="s">&quot;347&quot;</span> <span class="na">sha=</span><span class="s">&quot;3ef1b3ac5d45cd0023afc18739aadf4f15b9d80c&quot;</span> <span class="na">author=</span><span class="s">&quot;kbeck &amp;lt;kbeck&amp;gt;&quot;</span> <span class="na">date=</span><span class="s">&quot;Thu Jun 26 13:55:23 2008 +0000&quot;</span> <span class="na">msg=</span><span class="s">&quot;    Turned off javadoc and deprecated warnings and deleted java.hprof.txt.&quot;</span> <span class="nt">/&gt;</span></div><div class='line' id='LC3193'>&nbsp;&nbsp;&nbsp;&nbsp;<span class="nt">&lt;versionLog</span> <span class="na">num=</span><span class="s">&quot;348&quot;</span> <span class="na">sha=</span><span class="s">&quot;0c8452532da8f8e9d5ccc737f3cc7e95f65df160&quot;</span> <span class="na">author=</span><span class="s">&quot;kbeck &amp;lt;kbeck&amp;gt;&quot;</span> <span class="na">date=</span><span class="s">&quot;Thu Jun 26 13:39:13 2008 +0000&quot;</span> <span class="na">msg=</span><span class="s">&quot;    Added protected Suite(Class&amp;lt;?&amp;gt; klass, Class&amp;lt;?&amp;gt;[] suiteClasses) to support ClasspathSuite. This still needs a test.&quot;</span> <span class="nt">/&gt;</span></div><div class='line' id='LC3194'>&nbsp;&nbsp;&nbsp;&nbsp;<span class="nt">&lt;versionLog</span> <span class="na">num=</span><span class="s">&quot;349&quot;</span> <span class="na">sha=</span><span class="s">&quot;9bd1be07aa38d7fa2de048845f7b13458c9420d7&quot;</span> <span class="na">author=</span><span class="s">&quot;dsaff &amp;lt;dsaff&amp;gt;&quot;</span> <span class="na">date=</span><span class="s">&quot;Tue Jun 24 16:34:19 2008 +0000&quot;</span> <span class="na">msg=</span><span class="s">&quot;    Parallelize Statement builder methods in BlockJUnit4ClassRunner&quot;</span> <span class="nt">/&gt;</span></div><div class='line' id='LC3195'>&nbsp;&nbsp;&nbsp;&nbsp;<span class="nt">&lt;versionLog</span> <span class="na">num=</span><span class="s">&quot;350&quot;</span> <span class="na">sha=</span><span class="s">&quot;078e45bd31a9920e00633ad6ce658e22529304f2&quot;</span> <span class="na">author=</span><span class="s">&quot;kbeck &amp;lt;kbeck&amp;gt;&quot;</span> <span class="na">date=</span><span class="s">&quot;Mon Jun 16 17:52:02 2008 +0000&quot;</span> <span class="na">msg=</span><span class="s">&quot;    Brought in old JUnit4ClassRunner for compatibility. Renamed new JUnit4ClassRunner to BlockJUnit4ClassRunner.&quot;</span> <span class="nt">/&gt;</span></div><div class='line' id='LC3196'>&nbsp;&nbsp;&nbsp;&nbsp;<span class="nt">&lt;versionLog</span> <span class="na">num=</span><span class="s">&quot;351&quot;</span> <span class="na">sha=</span><span class="s">&quot;f49fb25b6fbffcc7a68b28824ed3856ffa9d6fdd&quot;</span> <span class="na">author=</span><span class="s">&quot;dsaff &amp;lt;dsaff&amp;gt;&quot;</span> <span class="na">date=</span><span class="s">&quot;Tue Jun 10 19:50:14 2008 +0000&quot;</span> <span class="na">msg=</span><span class="s">&quot;    Javadoc for JUnitMatchers, final missing javadoc&quot;</span> <span class="nt">/&gt;</span></div><div class='line' id='LC3197'>&nbsp;&nbsp;&nbsp;&nbsp;<span class="nt">&lt;versionLog</span> <span class="na">num=</span><span class="s">&quot;352&quot;</span> <span class="na">sha=</span><span class="s">&quot;5c61adf678d0f736846e95cf7062b9102a51afa9&quot;</span> <span class="na">author=</span><span class="s">&quot;kbeck &amp;lt;kbeck&amp;gt;&quot;</span> <span class="na">date=</span><span class="s">&quot;Tue Jun 10 18:08:34 2008 +0000&quot;</span> <span class="na">msg=</span><span class="s">&quot;    Half done doc&#39;ing JUnitMatchers&quot;</span> <span class="nt">/&gt;</span></div><div class='line' id='LC3198'>&nbsp;&nbsp;&nbsp;&nbsp;<span class="nt">&lt;versionLog</span> <span class="na">num=</span><span class="s">&quot;353&quot;</span> <span class="na">sha=</span><span class="s">&quot;23ce44aec824a38dc117fee49a79d52d9cd83522&quot;</span> <span class="na">author=</span><span class="s">&quot;dsaff &amp;lt;dsaff&amp;gt;&quot;</span> <span class="na">date=</span><span class="s">&quot;Tue Jun 10 17:47:29 2008 +0000&quot;</span> <span class="na">msg=</span><span class="s">&quot;    Finish javadoc&quot;</span> <span class="nt">/&gt;</span></div><div class='line' id='LC3199'>&nbsp;&nbsp;&nbsp;&nbsp;<span class="nt">&lt;versionLog</span> <span class="na">num=</span><span class="s">&quot;354&quot;</span> <span class="na">sha=</span><span class="s">&quot;99b37a20e91078d3f0cc641e4dbfc4ad4cac1e4e&quot;</span> <span class="na">author=</span><span class="s">&quot;kbeck &amp;lt;kbeck&amp;gt;&quot;</span> <span class="na">date=</span><span class="s">&quot;Tue Jun 10 17:45:57 2008 +0000&quot;</span> <span class="na">msg=</span><span class="s">&quot;    *** empty log message ***&quot;</span> <span class="nt">/&gt;</span></div><div class='line' id='LC3200'>&nbsp;&nbsp;&nbsp;&nbsp;<span class="nt">&lt;versionLog</span> <span class="na">num=</span><span class="s">&quot;355&quot;</span> <span class="na">sha=</span><span class="s">&quot;65ff7563cc41bc7158d05e69ea0e1ec7bc0f6bd5&quot;</span> <span class="na">author=</span><span class="s">&quot;dsaff &amp;lt;dsaff&amp;gt;&quot;</span> <span class="na">date=</span><span class="s">&quot;Mon Jun 9 15:19:20 2008 +0000&quot;</span> <span class="na">msg=</span><span class="s">&quot;    Finishing javadoc for org.junit.runner.*&quot;</span> <span class="nt">/&gt;</span></div><div class='line' id='LC3201'>&nbsp;&nbsp;&nbsp;&nbsp;<span class="nt">&lt;versionLog</span> <span class="na">num=</span><span class="s">&quot;356&quot;</span> <span class="na">sha=</span><span class="s">&quot;f691c8f29653e75a8bac5e7bec1861e948966978&quot;</span> <span class="na">author=</span><span class="s">&quot;dsaff &amp;lt;dsaff&amp;gt;&quot;</span> <span class="na">date=</span><span class="s">&quot;Tue Jun 3 17:14:15 2008 +0000&quot;</span> <span class="na">msg=</span><span class="s">&quot;    Javadocs for three more classes&quot;</span> <span class="nt">/&gt;</span></div><div class='line' id='LC3202'>&nbsp;&nbsp;&nbsp;&nbsp;<span class="nt">&lt;versionLog</span> <span class="na">num=</span><span class="s">&quot;357&quot;</span> <span class="na">sha=</span><span class="s">&quot;3a7fe9fb7714a890a307ff6d7695e70548ebc457&quot;</span> <span class="na">author=</span><span class="s">&quot;dsaff &amp;lt;dsaff&amp;gt;&quot;</span> <span class="na">date=</span><span class="s">&quot;Tue Jun 3 16:16:52 2008 +0000&quot;</span> <span class="na">msg=</span><span class="s">&quot;    Added profile task to build.xml&quot;</span> <span class="nt">/&gt;</span></div><div class='line' id='LC3203'>&nbsp;&nbsp;&nbsp;&nbsp;<span class="nt">&lt;versionLog</span> <span class="na">num=</span><span class="s">&quot;358&quot;</span> <span class="na">sha=</span><span class="s">&quot;217bb1bf62aafc466cb5ee794983e589513650fb&quot;</span> <span class="na">author=</span><span class="s">&quot;dsaff &amp;lt;dsaff&amp;gt;&quot;</span> <span class="na">date=</span><span class="s">&quot;Thu May 29 13:32:06 2008 +0000&quot;</span> <span class="na">msg=</span><span class="s">&quot;    org.junit base package all javadoc&#39;ed&quot;</span> <span class="nt">/&gt;</span></div><div class='line' id='LC3204'>&nbsp;&nbsp;&nbsp;&nbsp;<span class="nt">&lt;versionLog</span> <span class="na">num=</span><span class="s">&quot;359&quot;</span> <span class="na">sha=</span><span class="s">&quot;56dcf5286f5bbb90532f39d407e12e4255670fb9&quot;</span> <span class="na">author=</span><span class="s">&quot;dsaff &amp;lt;dsaff&amp;gt;&quot;</span> <span class="na">date=</span><span class="s">&quot;Thu May 29 13:31:06 2008 +0000&quot;</span> <span class="na">msg=</span><span class="s">&quot;    Remove Assume.fail, which is uncalled&quot;</span> <span class="nt">/&gt;</span></div><div class='line' id='LC3205'>&nbsp;&nbsp;&nbsp;&nbsp;<span class="nt">&lt;versionLog</span> <span class="na">num=</span><span class="s">&quot;360&quot;</span> <span class="na">sha=</span><span class="s">&quot;6b182284c1a0452cf175852f2c808b08167c2f72&quot;</span> <span class="na">author=</span><span class="s">&quot;dsaff &amp;lt;dsaff&amp;gt;&quot;</span> <span class="na">date=</span><span class="s">&quot;Thu May 29 13:30:13 2008 +0000&quot;</span> <span class="na">msg=</span><span class="s">&quot;    If there are no data points that pass the assumption, the test fails.&quot;</span> <span class="nt">/&gt;</span></div><div class='line' id='LC3206'>&nbsp;&nbsp;&nbsp;&nbsp;<span class="nt">&lt;versionLog</span> <span class="na">num=</span><span class="s">&quot;361&quot;</span> <span class="na">sha=</span><span class="s">&quot;ef32d036d0ff96328f622942514ca73b5f69556d&quot;</span> <span class="na">author=</span><span class="s">&quot;kbeck &amp;lt;kbeck&amp;gt;&quot;</span> <span class="na">date=</span><span class="s">&quot;Tue May 13 18:03:51 2008 +0000&quot;</span> <span class="na">msg=</span><span class="s">&quot;    Adding javadoc. Move Enclosed to experimental.&quot;</span> <span class="nt">/&gt;</span></div><div class='line' id='LC3207'>&nbsp;&nbsp;&nbsp;&nbsp;<span class="nt">&lt;versionLog</span> <span class="na">num=</span><span class="s">&quot;362&quot;</span> <span class="na">sha=</span><span class="s">&quot;b5a8d4e8e57d494ddebf3d3792ff883cee7d83f6&quot;</span> <span class="na">author=</span><span class="s">&quot;dsaff &amp;lt;dsaff&amp;gt;&quot;</span> <span class="na">date=</span><span class="s">&quot;Mon May 12 15:48:18 2008 +0000&quot;</span> <span class="na">msg=</span><span class="s">&quot;    Fixed test&quot;</span> <span class="nt">/&gt;</span></div><div class='line' id='LC3208'>&nbsp;&nbsp;&nbsp;&nbsp;<span class="nt">&lt;versionLog</span> <span class="na">num=</span><span class="s">&quot;363&quot;</span> <span class="na">sha=</span><span class="s">&quot;98555e6c5b77b59017eeaa6b54f65c1717c16b72&quot;</span> <span class="na">author=</span><span class="s">&quot;dsaff &amp;lt;dsaff&amp;gt;&quot;</span> <span class="na">date=</span><span class="s">&quot;Mon May 12 15:48:00 2008 +0000&quot;</span> <span class="na">msg=</span><span class="s">&quot;    JavaDoc cleanup&quot;</span> <span class="nt">/&gt;</span></div><div class='line' id='LC3209'>&nbsp;&nbsp;&nbsp;&nbsp;<span class="nt">&lt;versionLog</span> <span class="na">num=</span><span class="s">&quot;364&quot;</span> <span class="na">sha=</span><span class="s">&quot;ae725a017f8193955719e373352caa20278ddee4&quot;</span> <span class="na">author=</span><span class="s">&quot;dsaff &amp;lt;dsaff&amp;gt;&quot;</span> <span class="na">date=</span><span class="s">&quot;Mon May 12 15:46:26 2008 +0000&quot;</span> <span class="na">msg=</span><span class="s">&quot;    Javadoc cleanup&quot;</span> <span class="nt">/&gt;</span></div><div class='line' id='LC3210'>&nbsp;&nbsp;&nbsp;&nbsp;<span class="nt">&lt;versionLog</span> <span class="na">num=</span><span class="s">&quot;365&quot;</span> <span class="na">sha=</span><span class="s">&quot;b521f9fbcc141e0a0925eaf5a0fd7f5285fa527c&quot;</span> <span class="na">author=</span><span class="s">&quot;kbeck &amp;lt;kbeck&amp;gt;&quot;</span> <span class="na">date=</span><span class="s">&quot;Wed May 7 00:32:09 2008 +0000&quot;</span> <span class="na">msg=</span><span class="s">&quot;    Cleaned up javadoc and ant build problems.&quot;</span> <span class="nt">/&gt;</span></div><div class='line' id='LC3211'>&nbsp;&nbsp;&nbsp;&nbsp;<span class="nt">&lt;versionLog</span> <span class="na">num=</span><span class="s">&quot;366&quot;</span> <span class="na">sha=</span><span class="s">&quot;d61e2885bfae9add429f42d9ce0d9bc8c3ef72b0&quot;</span> <span class="na">author=</span><span class="s">&quot;kbeck &amp;lt;kbeck&amp;gt;&quot;</span> <span class="na">date=</span><span class="s">&quot;Tue May 6 16:42:11 2008 +0000&quot;</span> <span class="na">msg=</span><span class="s">&quot;    Adding javadoc and tweaking visibility.&quot;</span> <span class="nt">/&gt;</span></div><div class='line' id='LC3212'>&nbsp;&nbsp;&nbsp;&nbsp;<span class="nt">&lt;versionLog</span> <span class="na">num=</span><span class="s">&quot;367&quot;</span> <span class="na">sha=</span><span class="s">&quot;d9c908b9aab5f610e2f42aba1863ce25e36423f2&quot;</span> <span class="na">author=</span><span class="s">&quot;dsaff &amp;lt;dsaff&amp;gt;&quot;</span> <span class="na">date=</span><span class="s">&quot;Mon Apr 7 17:59:21 2008 +0000&quot;</span> <span class="na">msg=</span><span class="s">&quot;    API clean-up before 4.5 release&quot;</span> <span class="nt">/&gt;</span></div><div class='line' id='LC3213'>&nbsp;&nbsp;&nbsp;&nbsp;<span class="nt">&lt;versionLog</span> <span class="na">num=</span><span class="s">&quot;368&quot;</span> <span class="na">sha=</span><span class="s">&quot;37a611801fbea6ecc9b6356d9616e761c8b59b91&quot;</span> <span class="na">author=</span><span class="s">&quot;dsaff &amp;lt;dsaff&amp;gt;&quot;</span> <span class="na">date=</span><span class="s">&quot;Thu Mar 20 22:53:19 2008 +0000&quot;</span> <span class="na">msg=</span><span class="s">&quot;    Theory failures show names of sources, not values&quot;</span> <span class="nt">/&gt;</span></div><div class='line' id='LC3214'>&nbsp;&nbsp;&nbsp;&nbsp;<span class="nt">&lt;versionLog</span> <span class="na">num=</span><span class="s">&quot;369&quot;</span> <span class="na">sha=</span><span class="s">&quot;67e3edf20613b1278f4be05353b31b5129e21882&quot;</span> <span class="na">author=</span><span class="s">&quot;dsaff &amp;lt;dsaff&amp;gt;&quot;</span> <span class="na">date=</span><span class="s">&quot;Wed Mar 19 02:57:33 2008 +0000&quot;</span> <span class="na">msg=</span><span class="s">&quot;    Broke out runner construction into a list of RunnerBuilders&quot;</span> <span class="nt">/&gt;</span></div><div class='line' id='LC3215'>&nbsp;&nbsp;&nbsp;&nbsp;<span class="nt">&lt;versionLog</span> <span class="na">num=</span><span class="s">&quot;370&quot;</span> <span class="na">sha=</span><span class="s">&quot;6ff2381af213bf699e62244315debec66b373d81&quot;</span> <span class="na">author=</span><span class="s">&quot;kbeck &amp;lt;kbeck&amp;gt;&quot;</span> <span class="na">date=</span><span class="s">&quot;Thu Feb 14 21:37:51 2008 +0000&quot;</span> <span class="na">msg=</span><span class="s">&quot;    Found a final home for runBefores() and runAfters()&quot;</span> <span class="nt">/&gt;</span></div><div class='line' id='LC3216'>&nbsp;&nbsp;&nbsp;&nbsp;<span class="nt">&lt;versionLog</span> <span class="na">num=</span><span class="s">&quot;371&quot;</span> <span class="na">sha=</span><span class="s">&quot;54af3dfcf6f61839cb2d531a28fc0395cdcdb790&quot;</span> <span class="na">author=</span><span class="s">&quot;kbeck &amp;lt;kbeck&amp;gt;&quot;</span> <span class="na">date=</span><span class="s">&quot;Tue Feb 5 22:16:01 2008 +0000&quot;</span> <span class="na">msg=</span><span class="s">&quot;    Cleaned up TestElement&quot;</span> <span class="nt">/&gt;</span></div><div class='line' id='LC3217'>&nbsp;&nbsp;&nbsp;&nbsp;<span class="nt">&lt;versionLog</span> <span class="na">num=</span><span class="s">&quot;372&quot;</span> <span class="na">sha=</span><span class="s">&quot;a90f320bbb189f07ff2fca81a9b5e4e0c8381978&quot;</span> <span class="na">author=</span><span class="s">&quot;kbeck &amp;lt;kbeck&amp;gt;&quot;</span> <span class="na">date=</span><span class="s">&quot;Tue Feb 5 22:06:47 2008 +0000&quot;</span> <span class="na">msg=</span><span class="s">&quot;    Fixed 1857283, assertEquals(null, &amp;quot;null)&quot;</span> <span class="nt">/&gt;</span></div><div class='line' id='LC3218'>&nbsp;&nbsp;&nbsp;&nbsp;<span class="nt">&lt;versionLog</span> <span class="na">num=</span><span class="s">&quot;373&quot;</span> <span class="na">sha=</span><span class="s">&quot;47114275293f28be0f1cb9606a43ef1fe3173cb3&quot;</span> <span class="na">author=</span><span class="s">&quot;dsaff &amp;lt;dsaff&amp;gt;&quot;</span> <span class="na">date=</span><span class="s">&quot;Fri Jan 25 16:51:18 2008 +0000&quot;</span> <span class="na">msg=</span><span class="s">&quot;    Added assumption to TheoriesPerformanceTest, to prevent continuous integration from breaking on other boxes.&quot;</span> <span class="nt">/&gt;</span></div><div class='line' id='LC3219'>&nbsp;&nbsp;&nbsp;&nbsp;<span class="nt">&lt;versionLog</span> <span class="na">num=</span><span class="s">&quot;374&quot;</span> <span class="na">sha=</span><span class="s">&quot;5042f695491027730cca2918616399d869de3973&quot;</span> <span class="na">author=</span><span class="s">&quot;dsaff &amp;lt;dsaff&amp;gt;&quot;</span> <span class="na">date=</span><span class="s">&quot;Fri Jan 25 14:11:31 2008 +0000&quot;</span> <span class="na">msg=</span><span class="s">&quot;    By passing TestClass to AllMembersSupplier, we can reuse the annotation parsing already supplied, and improve performance&quot;</span> <span class="nt">/&gt;</span></div><div class='line' id='LC3220'>&nbsp;&nbsp;&nbsp;&nbsp;<span class="nt">&lt;versionLog</span> <span class="na">num=</span><span class="s">&quot;375&quot;</span> <span class="na">sha=</span><span class="s">&quot;752727de89a6bab731f49597c7ec3858ebb3e0a3&quot;</span> <span class="na">author=</span><span class="s">&quot;dsaff &amp;lt;dsaff&amp;gt;&quot;</span> <span class="na">date=</span><span class="s">&quot;Fri Jan 25 13:51:07 2008 +0000&quot;</span> <span class="na">msg=</span><span class="s">&quot;    Exceptions are expensive to create if we don&#39;t plan to throw them (the stack trace is always filled in)&quot;</span> <span class="nt">/&gt;</span></div><div class='line' id='LC3221'>&nbsp;&nbsp;&nbsp;&nbsp;<span class="nt">&lt;versionLog</span> <span class="na">num=</span><span class="s">&quot;376&quot;</span> <span class="na">sha=</span><span class="s">&quot;4f405a49eba4822fbdda0c9415d2dc4fd82fb14b&quot;</span> <span class="na">author=</span><span class="s">&quot;dsaff &amp;lt;dsaff&amp;gt;&quot;</span> <span class="na">date=</span><span class="s">&quot;Fri Jan 25 13:49:59 2008 +0000&quot;</span> <span class="na">msg=</span><span class="s">&quot;    By passing TestClass to AllMembersSupplier, we can reuse the annotation parsing already supplied, and improve performance&quot;</span> <span class="nt">/&gt;</span></div><div class='line' id='LC3222'>&nbsp;&nbsp;&nbsp;&nbsp;<span class="nt">&lt;versionLog</span> <span class="na">num=</span><span class="s">&quot;377&quot;</span> <span class="na">sha=</span><span class="s">&quot;cde32fb62ad8f5a05d700ce3189e131fa51739cb&quot;</span> <span class="na">author=</span><span class="s">&quot;dsaff &amp;lt;dsaff&amp;gt;&quot;</span> <span class="na">date=</span><span class="s">&quot;Mon Jan 21 20:35:00 2008 +0000&quot;</span> <span class="na">msg=</span><span class="s">&quot;    Theories are a lot faster, by caching the @Before and @After methods and sharing them between all Theory method invocations.&quot;</span> <span class="nt">/&gt;</span></div><div class='line' id='LC3223'>&nbsp;&nbsp;&nbsp;&nbsp;<span class="nt">&lt;versionLog</span> <span class="na">num=</span><span class="s">&quot;378&quot;</span> <span class="na">sha=</span><span class="s">&quot;9f52d1c93e0f8246ab5430007107e0c2599563dd&quot;</span> <span class="na">author=</span><span class="s">&quot;dsaff &amp;lt;dsaff&amp;gt;&quot;</span> <span class="na">date=</span><span class="s">&quot;Wed Jan 16 15:38:11 2008 +0000&quot;</span> <span class="na">msg=</span><span class="s">&quot;    Simplified addToAnnotationList&quot;</span> <span class="nt">/&gt;</span></div><div class='line' id='LC3224'>&nbsp;&nbsp;&nbsp;&nbsp;<span class="nt">&lt;versionLog</span> <span class="na">num=</span><span class="s">&quot;379&quot;</span> <span class="na">sha=</span><span class="s">&quot;74fe2493715dfe5b7d408411ce5d63a17398db48&quot;</span> <span class="na">author=</span><span class="s">&quot;dsaff &amp;lt;dsaff&amp;gt;&quot;</span> <span class="na">date=</span><span class="s">&quot;Thu Jan 10 05:22:13 2008 +0000&quot;</span> <span class="na">msg=</span><span class="s">&quot;    Profiling a JUnit 4.4 suite shows that getAnnotatedMethods accounts for at least 13% of running time (all running time, including user test code!)  This is a fix&quot;</span> <span class="nt">/&gt;</span></div><div class='line' id='LC3225'>&nbsp;&nbsp;&nbsp;&nbsp;<span class="nt">&lt;versionLog</span> <span class="na">num=</span><span class="s">&quot;380&quot;</span> <span class="na">sha=</span><span class="s">&quot;af9634a3656bcd9c3988692c32381d0772077584&quot;</span> <span class="na">author=</span><span class="s">&quot;dsaff &amp;lt;dsaff&amp;gt;&quot;</span> <span class="na">date=</span><span class="s">&quot;Thu Jan 10 04:59:22 2008 +0000&quot;</span> <span class="na">msg=</span><span class="s">&quot;    Organized classes and methods for reporting ignored and invalid tests&quot;</span> <span class="nt">/&gt;</span></div><div class='line' id='LC3226'>&nbsp;&nbsp;&nbsp;&nbsp;<span class="nt">&lt;versionLog</span> <span class="na">num=</span><span class="s">&quot;381&quot;</span> <span class="na">sha=</span><span class="s">&quot;c732aa178a822671d3de88e5ece05f9bf464172b&quot;</span> <span class="na">author=</span><span class="s">&quot;dsaff &amp;lt;dsaff&amp;gt;&quot;</span> <span class="na">date=</span><span class="s">&quot;Thu Jan 10 04:52:51 2008 +0000&quot;</span> <span class="na">msg=</span><span class="s">&quot;    Remove unnecessary code, and document Suite constructors&quot;</span> <span class="nt">/&gt;</span></div><div class='line' id='LC3227'>&nbsp;&nbsp;&nbsp;&nbsp;<span class="nt">&lt;versionLog</span> <span class="na">num=</span><span class="s">&quot;382&quot;</span> <span class="na">sha=</span><span class="s">&quot;497ebf11c284bcc2b32eecc4a063589b4f17d250&quot;</span> <span class="na">author=</span><span class="s">&quot;dsaff &amp;lt;dsaff&amp;gt;&quot;</span> <span class="na">date=</span><span class="s">&quot;Thu Jan 10 04:26:23 2008 +0000&quot;</span> <span class="na">msg=</span><span class="s">&quot;    Rename testFailedAssumption to testInvalidAssumption, and update documentation&quot;</span> <span class="nt">/&gt;</span></div><div class='line' id='LC3228'>&nbsp;&nbsp;&nbsp;&nbsp;<span class="nt">&lt;versionLog</span> <span class="na">num=</span><span class="s">&quot;383&quot;</span> <span class="na">sha=</span><span class="s">&quot;d148bce8682505082a3cc634acbd36ac13a10c9a&quot;</span> <span class="na">author=</span><span class="s">&quot;dsaff &amp;lt;dsaff&amp;gt;&quot;</span> <span class="na">date=</span><span class="s">&quot;Thu Jan 10 04:12:53 2008 +0000&quot;</span> <span class="na">msg=</span><span class="s">&quot;    A SuiteBuilder can be explicitly passed to a Runner class that needs one in its constructor.  This eliminates the ugly global constant SuiteBuilder in Suite, and breaks the cyclic dependency between runners and requests&quot;</span> <span class="nt">/&gt;</span></div><div class='line' id='LC3229'>&nbsp;&nbsp;&nbsp;&nbsp;<span class="nt">&lt;versionLog</span> <span class="na">num=</span><span class="s">&quot;384&quot;</span> <span class="na">sha=</span><span class="s">&quot;a916d4133c7e394130d7953da427aae9917ab92c&quot;</span> <span class="na">author=</span><span class="s">&quot;dsaff &amp;lt;dsaff&amp;gt;&quot;</span> <span class="na">date=</span><span class="s">&quot;Thu Jan 10 03:32:15 2008 +0000&quot;</span> <span class="na">msg=</span><span class="s">&quot;    Invalid assumptions, failed tests, and ignored tests now all print similarly&quot;</span> <span class="nt">/&gt;</span></div><div class='line' id='LC3230'>&nbsp;&nbsp;&nbsp;&nbsp;<span class="nt">&lt;versionLog</span> <span class="na">num=</span><span class="s">&quot;385&quot;</span> <span class="na">sha=</span><span class="s">&quot;4dcf3a499652b3c089d91e209c6f01313115ff76&quot;</span> <span class="na">author=</span><span class="s">&quot;dsaff &amp;lt;dsaff&amp;gt;&quot;</span> <span class="na">date=</span><span class="s">&quot;Fri Jan 4 18:31:45 2008 +0000&quot;</span> <span class="na">msg=</span><span class="s">&quot;    Found untested line&quot;</span> <span class="nt">/&gt;</span></div><div class='line' id='LC3231'>&nbsp;&nbsp;&nbsp;&nbsp;<span class="nt">&lt;versionLog</span> <span class="na">num=</span><span class="s">&quot;386&quot;</span> <span class="na">sha=</span><span class="s">&quot;1fb24143dc38d0b00f7e7b13b23e6619cc216f9b&quot;</span> <span class="na">author=</span><span class="s">&quot;dsaff &amp;lt;dsaff&amp;gt;&quot;</span> <span class="na">date=</span><span class="s">&quot;Sun Dec 30 22:02:05 2007 +0000&quot;</span> <span class="na">msg=</span><span class="s">&quot;    Assumption failures and ignore are different events&quot;</span> <span class="nt">/&gt;</span></div><div class='line' id='LC3232'>&nbsp;&nbsp;&nbsp;&nbsp;<span class="nt">&lt;versionLog</span> <span class="na">num=</span><span class="s">&quot;387&quot;</span> <span class="na">sha=</span><span class="s">&quot;58d1b6209b82451ff54f443bd265eef96135bca0&quot;</span> <span class="na">author=</span><span class="s">&quot;dsaff &amp;lt;dsaff&amp;gt;&quot;</span> <span class="na">date=</span><span class="s">&quot;Fri Dec 28 19:48:32 2007 +0000&quot;</span> <span class="na">msg=</span><span class="s">&quot;    Remove unnecessary @SuppressWarnings&quot;</span> <span class="nt">/&gt;</span></div><div class='line' id='LC3233'>&nbsp;&nbsp;&nbsp;&nbsp;<span class="nt">&lt;versionLog</span> <span class="na">num=</span><span class="s">&quot;388&quot;</span> <span class="na">sha=</span><span class="s">&quot;e37e11647893739777a7b4739822def1aa996ba3&quot;</span> <span class="na">author=</span><span class="s">&quot;dsaff &amp;lt;dsaff&amp;gt;&quot;</span> <span class="na">date=</span><span class="s">&quot;Fri Dec 28 19:48:09 2007 +0000&quot;</span> <span class="na">msg=</span><span class="s">&quot;    Added TODO to remove cyclic dependency&quot;</span> <span class="nt">/&gt;</span></div><div class='line' id='LC3234'>&nbsp;&nbsp;&nbsp;&nbsp;<span class="nt">&lt;versionLog</span> <span class="na">num=</span><span class="s">&quot;389&quot;</span> <span class="na">sha=</span><span class="s">&quot;18299dc8f8aaae0e64345795b2884eb7f42ad460&quot;</span> <span class="na">author=</span><span class="s">&quot;dsaff &amp;lt;dsaff&amp;gt;&quot;</span> <span class="na">date=</span><span class="s">&quot;Fri Dec 28 19:47:37 2007 +0000&quot;</span> <span class="na">msg=</span><span class="s">&quot;    Assignments depends on TestClass, rather than directly on java.lang.Class&quot;</span> <span class="nt">/&gt;</span></div><div class='line' id='LC3235'>&nbsp;&nbsp;&nbsp;&nbsp;<span class="nt">&lt;versionLog</span> <span class="na">num=</span><span class="s">&quot;390&quot;</span> <span class="na">sha=</span><span class="s">&quot;248bdb8248d80ac57d8b485ef73e758103a0c312&quot;</span> <span class="na">author=</span><span class="s">&quot;dsaff &amp;lt;dsaff&amp;gt;&quot;</span> <span class="na">date=</span><span class="s">&quot;Sun Dec 16 02:46:45 2007 +0000&quot;</span> <span class="na">msg=</span><span class="s">&quot;    Slight organization in Suite&quot;</span> <span class="nt">/&gt;</span></div><div class='line' id='LC3236'>&nbsp;&nbsp;&nbsp;&nbsp;<span class="nt">&lt;versionLog</span> <span class="na">num=</span><span class="s">&quot;391&quot;</span> <span class="na">sha=</span><span class="s">&quot;b067fc9b47471e5b3561b545cb63ea1ec892922d&quot;</span> <span class="na">author=</span><span class="s">&quot;dsaff &amp;lt;dsaff&amp;gt;&quot;</span> <span class="na">date=</span><span class="s">&quot;Sun Dec 16 02:29:10 2007 +0000&quot;</span> <span class="na">msg=</span><span class="s">&quot;    Pushed down call to getParametersList to the lowest point possible&quot;</span> <span class="nt">/&gt;</span></div><div class='line' id='LC3237'>&nbsp;&nbsp;&nbsp;&nbsp;<span class="nt">&lt;versionLog</span> <span class="na">num=</span><span class="s">&quot;392&quot;</span> <span class="na">sha=</span><span class="s">&quot;7ceaea00ee1af6168d737b785460a803d6f3c50c&quot;</span> <span class="na">author=</span><span class="s">&quot;dsaff &amp;lt;dsaff&amp;gt;&quot;</span> <span class="na">date=</span><span class="s">&quot;Thu Dec 13 07:57:28 2007 +0000&quot;</span> <span class="na">msg=</span><span class="s">&quot;    Remove some anemic Request implementations&quot;</span> <span class="nt">/&gt;</span></div><div class='line' id='LC3238'>&nbsp;&nbsp;&nbsp;&nbsp;<span class="nt">&lt;versionLog</span> <span class="na">num=</span><span class="s">&quot;393&quot;</span> <span class="na">sha=</span><span class="s">&quot;b8008562db24f9189b90dd0e3864a381681d527f&quot;</span> <span class="na">author=</span><span class="s">&quot;dsaff &amp;lt;dsaff&amp;gt;&quot;</span> <span class="na">date=</span><span class="s">&quot;Thu Dec 13 07:45:29 2007 +0000&quot;</span> <span class="na">msg=</span><span class="s">&quot;    Sort members of Suite&quot;</span> <span class="nt">/&gt;</span></div><div class='line' id='LC3239'>&nbsp;&nbsp;&nbsp;&nbsp;<span class="nt">&lt;versionLog</span> <span class="na">num=</span><span class="s">&quot;394&quot;</span> <span class="na">sha=</span><span class="s">&quot;09fcafc04e07b3481ef60159de2d6ae3464b98ac&quot;</span> <span class="na">author=</span><span class="s">&quot;dsaff &amp;lt;dsaff&amp;gt;&quot;</span> <span class="na">date=</span><span class="s">&quot;Thu Dec 13 07:44:57 2007 +0000&quot;</span> <span class="na">msg=</span><span class="s">&quot;    Make ParentRunner.fTestClass private&quot;</span> <span class="nt">/&gt;</span></div><div class='line' id='LC3240'>&nbsp;&nbsp;&nbsp;&nbsp;<span class="nt">&lt;versionLog</span> <span class="na">num=</span><span class="s">&quot;395&quot;</span> <span class="na">sha=</span><span class="s">&quot;5af049cac0c976c586d955607fa459aacb778d3c&quot;</span> <span class="na">author=</span><span class="s">&quot;dsaff &amp;lt;dsaff&amp;gt;&quot;</span> <span class="na">date=</span><span class="s">&quot;Thu Dec 13 07:43:48 2007 +0000&quot;</span> <span class="na">msg=</span><span class="s">&quot;    Remove unnecessary comments&quot;</span> <span class="nt">/&gt;</span></div><div class='line' id='LC3241'>&nbsp;&nbsp;&nbsp;&nbsp;<span class="nt">&lt;versionLog</span> <span class="na">num=</span><span class="s">&quot;396&quot;</span> <span class="na">sha=</span><span class="s">&quot;5e4f8e7fb82919d992887fca1741bb04ef1c8f4a&quot;</span> <span class="na">author=</span><span class="s">&quot;dsaff &amp;lt;dsaff&amp;gt;&quot;</span> <span class="na">date=</span><span class="s">&quot;Thu Dec 13 07:43:13 2007 +0000&quot;</span> <span class="na">msg=</span><span class="s">&quot;    New Suite implementation makes ClassesRequest crazy simple&quot;</span> <span class="nt">/&gt;</span></div><div class='line' id='LC3242'>&nbsp;&nbsp;&nbsp;&nbsp;<span class="nt">&lt;versionLog</span> <span class="na">num=</span><span class="s">&quot;397&quot;</span> <span class="na">sha=</span><span class="s">&quot;9c8d59d9869280a698c3f3a119eb69f0e897c94b&quot;</span> <span class="na">author=</span><span class="s">&quot;dsaff &amp;lt;dsaff&amp;gt;&quot;</span> <span class="na">date=</span><span class="s">&quot;Thu Dec 13 06:35:44 2007 +0000&quot;</span> <span class="na">msg=</span><span class="s">&quot;    Remove CompositeRunner, which has nothing to add to Suite&quot;</span> <span class="nt">/&gt;</span></div><div class='line' id='LC3243'>&nbsp;&nbsp;&nbsp;&nbsp;<span class="nt">&lt;versionLog</span> <span class="na">num=</span><span class="s">&quot;398&quot;</span> <span class="na">sha=</span><span class="s">&quot;95bd62b2ffd80394d1a17e9078a4d79478423030&quot;</span> <span class="na">author=</span><span class="s">&quot;dsaff &amp;lt;dsaff&amp;gt;&quot;</span> <span class="na">date=</span><span class="s">&quot;Thu Dec 13 06:35:04 2007 +0000&quot;</span> <span class="na">msg=</span><span class="s">&quot;    Start separating the idea of failed assumptions from ignored tests&quot;</span> <span class="nt">/&gt;</span></div><div class='line' id='LC3244'>&nbsp;&nbsp;&nbsp;&nbsp;<span class="nt">&lt;versionLog</span> <span class="na">num=</span><span class="s">&quot;399&quot;</span> <span class="na">sha=</span><span class="s">&quot;e727dd6b1cb2caa1699da3b2df7625c9554adc36&quot;</span> <span class="na">author=</span><span class="s">&quot;dsaff &amp;lt;dsaff&amp;gt;&quot;</span> <span class="na">date=</span><span class="s">&quot;Thu Dec 13 06:34:26 2007 +0000&quot;</span> <span class="na">msg=</span><span class="s">&quot;    Remove unnecessary SuppressWarnings&quot;</span> <span class="nt">/&gt;</span></div><div class='line' id='LC3245'>&nbsp;&nbsp;&nbsp;&nbsp;<span class="nt">&lt;versionLog</span> <span class="na">num=</span><span class="s">&quot;400&quot;</span> <span class="na">sha=</span><span class="s">&quot;163b0fe01b06f9993a03049c4aecad4ea5d04814&quot;</span> <span class="na">author=</span><span class="s">&quot;kbeck &amp;lt;kbeck&amp;gt;&quot;</span> <span class="na">date=</span><span class="s">&quot;Tue Dec 11 20:40:13 2007 +0000&quot;</span> <span class="na">msg=</span><span class="s">&quot;    Removed unnecessary null check&quot;</span> <span class="nt">/&gt;</span></div><div class='line' id='LC3246'>&nbsp;&nbsp;&nbsp;&nbsp;<span class="nt">&lt;versionLog</span> <span class="na">num=</span><span class="s">&quot;401&quot;</span> <span class="na">sha=</span><span class="s">&quot;478900d7d7af563a3b75b6ca9d7d44e37e2aff5b&quot;</span> <span class="na">author=</span><span class="s">&quot;kbeck &amp;lt;kbeck&amp;gt;&quot;</span> <span class="na">date=</span><span class="s">&quot;Mon Dec 10 19:31:40 2007 +0000&quot;</span> <span class="na">msg=</span><span class="s">&quot;    Steps towards eliminating CompositeRunner&quot;</span> <span class="nt">/&gt;</span></div><div class='line' id='LC3247'>&nbsp;&nbsp;&nbsp;&nbsp;<span class="nt">&lt;versionLog</span> <span class="na">num=</span><span class="s">&quot;402&quot;</span> <span class="na">sha=</span><span class="s">&quot;65e9f226760647823a2d4b08bc4d2317ab62fc7d&quot;</span> <span class="na">author=</span><span class="s">&quot;dsaff &amp;lt;dsaff&amp;gt;&quot;</span> <span class="na">date=</span><span class="s">&quot;Mon Dec 10 18:57:12 2007 +0000&quot;</span> <span class="na">msg=</span><span class="s">&quot;    Added TODOs to finish 4.5&quot;</span> <span class="nt">/&gt;</span></div><div class='line' id='LC3248'>&nbsp;&nbsp;&nbsp;&nbsp;<span class="nt">&lt;versionLog</span> <span class="na">num=</span><span class="s">&quot;403&quot;</span> <span class="na">sha=</span><span class="s">&quot;9e4dcfe471791bb3aada80810bcbaf6c8b9cd068&quot;</span> <span class="na">author=</span><span class="s">&quot;dsaff &amp;lt;dsaff&amp;gt;&quot;</span> <span class="na">date=</span><span class="s">&quot;Mon Dec 10 18:39:41 2007 +0000&quot;</span> <span class="na">msg=</span><span class="s">&quot;    Extracted parent logic into a SuiteBuilder class&quot;</span> <span class="nt">/&gt;</span></div><div class='line' id='LC3249'>&nbsp;&nbsp;&nbsp;&nbsp;<span class="nt">&lt;versionLog</span> <span class="na">num=</span><span class="s">&quot;404&quot;</span> <span class="na">sha=</span><span class="s">&quot;56ac86372fa1ff9b3840ffdbfd30106f10c203a5&quot;</span> <span class="na">author=</span><span class="s">&quot;dsaff &amp;lt;dsaff&amp;gt;&quot;</span> <span class="na">date=</span><span class="s">&quot;Mon Dec 10 18:39:11 2007 +0000&quot;</span> <span class="na">msg=</span><span class="s">&quot;    Added TODO about statically ignored tests&quot;</span> <span class="nt">/&gt;</span></div><div class='line' id='LC3250'>&nbsp;&nbsp;&nbsp;&nbsp;<span class="nt">&lt;versionLog</span> <span class="na">num=</span><span class="s">&quot;405&quot;</span> <span class="na">sha=</span><span class="s">&quot;42beed3ad166a9cceefc59f6c79a16844cae0d02&quot;</span> <span class="na">author=</span><span class="s">&quot;dsaff &amp;lt;dsaff&amp;gt;&quot;</span> <span class="na">date=</span><span class="s">&quot;Mon Dec 10 18:38:41 2007 +0000&quot;</span> <span class="na">msg=</span><span class="s">&quot;    ParentRunner handles filtering and sorting for all runners, now including CompositeRunner&quot;</span> <span class="nt">/&gt;</span></div><div class='line' id='LC3251'>&nbsp;&nbsp;&nbsp;&nbsp;<span class="nt">&lt;versionLog</span> <span class="na">num=</span><span class="s">&quot;406&quot;</span> <span class="na">sha=</span><span class="s">&quot;8964b10541f840e559a3308a043b64a8c1f6af57&quot;</span> <span class="na">author=</span><span class="s">&quot;dsaff &amp;lt;dsaff&amp;gt;&quot;</span> <span class="na">date=</span><span class="s">&quot;Mon Dec 10 18:37:55 2007 +0000&quot;</span> <span class="na">msg=</span><span class="s">&quot;    Removed unnecessary SuppressWarnings&quot;</span> <span class="nt">/&gt;</span></div><div class='line' id='LC3252'>&nbsp;&nbsp;&nbsp;&nbsp;<span class="nt">&lt;versionLog</span> <span class="na">num=</span><span class="s">&quot;407&quot;</span> <span class="na">sha=</span><span class="s">&quot;840b02e455b1da9741ea02160160acd6d63865d2&quot;</span> <span class="na">author=</span><span class="s">&quot;dsaff &amp;lt;dsaff&amp;gt;&quot;</span> <span class="na">date=</span><span class="s">&quot;Sat Dec 8 19:49:51 2007 +0000&quot;</span> <span class="na">msg=</span><span class="s">&quot;    FrameworkMethod now obeys object contract&quot;</span> <span class="nt">/&gt;</span></div><div class='line' id='LC3253'>&nbsp;&nbsp;&nbsp;&nbsp;<span class="nt">&lt;versionLog</span> <span class="na">num=</span><span class="s">&quot;408&quot;</span> <span class="na">sha=</span><span class="s">&quot;7fe2a0e69eaa06c445238906739c4d05503973cc&quot;</span> <span class="na">author=</span><span class="s">&quot;dsaff &amp;lt;dsaff&amp;gt;&quot;</span> <span class="na">date=</span><span class="s">&quot;Sat Dec 8 19:45:41 2007 +0000&quot;</span> <span class="na">msg=</span><span class="s">&quot;    Remove stale TODO&quot;</span> <span class="nt">/&gt;</span></div><div class='line' id='LC3254'>&nbsp;&nbsp;&nbsp;&nbsp;<span class="nt">&lt;versionLog</span> <span class="na">num=</span><span class="s">&quot;409&quot;</span> <span class="na">sha=</span><span class="s">&quot;1e4a3ba03cca7cfc03b2565952f74d2ae964facc&quot;</span> <span class="na">author=</span><span class="s">&quot;dsaff &amp;lt;dsaff&amp;gt;&quot;</span> <span class="na">date=</span><span class="s">&quot;Sat Dec 8 19:36:58 2007 +0000&quot;</span> <span class="na">msg=</span><span class="s">&quot;    A method marked @Theory and @Test should only be executed once&quot;</span> <span class="nt">/&gt;</span></div><div class='line' id='LC3255'>&nbsp;&nbsp;&nbsp;&nbsp;<span class="nt">&lt;versionLog</span> <span class="na">num=</span><span class="s">&quot;410&quot;</span> <span class="na">sha=</span><span class="s">&quot;03411db6286fe1be8e5b549a8affec5de35fa10c&quot;</span> <span class="na">author=</span><span class="s">&quot;dsaff &amp;lt;dsaff&amp;gt;&quot;</span> <span class="na">date=</span><span class="s">&quot;Sat Dec 8 19:36:13 2007 +0000&quot;</span> <span class="na">msg=</span><span class="s">&quot;    Remove stale TODO comments&quot;</span> <span class="nt">/&gt;</span></div><div class='line' id='LC3256'>&nbsp;&nbsp;&nbsp;&nbsp;<span class="nt">&lt;versionLog</span> <span class="na">num=</span><span class="s">&quot;411&quot;</span> <span class="na">sha=</span><span class="s">&quot;0fa19baf003c5808831c59f8a839cc871586f30e&quot;</span> <span class="na">author=</span><span class="s">&quot;dsaff &amp;lt;dsaff&amp;gt;&quot;</span> <span class="na">date=</span><span class="s">&quot;Fri Dec 7 19:14:40 2007 +0000&quot;</span> <span class="na">msg=</span><span class="s">&quot;    Small runner definition cleanup&quot;</span> <span class="nt">/&gt;</span></div><div class='line' id='LC3257'>&nbsp;&nbsp;&nbsp;&nbsp;<span class="nt">&lt;versionLog</span> <span class="na">num=</span><span class="s">&quot;412&quot;</span> <span class="na">sha=</span><span class="s">&quot;44fabd25eb7d8c5291094b033007c32b7a1b8da2&quot;</span> <span class="na">author=</span><span class="s">&quot;dsaff &amp;lt;dsaff&amp;gt;&quot;</span> <span class="na">date=</span><span class="s">&quot;Fri Dec 7 19:06:00 2007 +0000&quot;</span> <span class="na">msg=</span><span class="s">&quot;    Reorganize ParentRunner and children&quot;</span> <span class="nt">/&gt;</span></div><div class='line' id='LC3258'>&nbsp;&nbsp;&nbsp;&nbsp;<span class="nt">&lt;versionLog</span> <span class="na">num=</span><span class="s">&quot;413&quot;</span> <span class="na">sha=</span><span class="s">&quot;2a6d6365c593149da094d7512028a2d008ea6cff&quot;</span> <span class="na">author=</span><span class="s">&quot;dsaff &amp;lt;dsaff&amp;gt;&quot;</span> <span class="na">date=</span><span class="s">&quot;Fri Dec 7 19:05:27 2007 +0000&quot;</span> <span class="na">msg=</span><span class="s">&quot;    Use single-arg assumptionFailureException constructor to beautify reporting&quot;</span> <span class="nt">/&gt;</span></div><div class='line' id='LC3259'>&nbsp;&nbsp;&nbsp;&nbsp;<span class="nt">&lt;versionLog</span> <span class="na">num=</span><span class="s">&quot;414&quot;</span> <span class="na">sha=</span><span class="s">&quot;ea47086066445ba537d1573fd7458de8875d6c45&quot;</span> <span class="na">author=</span><span class="s">&quot;dsaff &amp;lt;dsaff&amp;gt;&quot;</span> <span class="na">date=</span><span class="s">&quot;Fri Dec 7 18:52:01 2007 +0000&quot;</span> <span class="na">msg=</span><span class="s">&quot;    Allow AssumptionFailedExceptions to have a simple, string based reason&quot;</span> <span class="nt">/&gt;</span></div><div class='line' id='LC3260'>&nbsp;&nbsp;&nbsp;&nbsp;<span class="nt">&lt;versionLog</span> <span class="na">num=</span><span class="s">&quot;415&quot;</span> <span class="na">sha=</span><span class="s">&quot;8a8008c96936d468a2f579bcea9a71e965558d57&quot;</span> <span class="na">author=</span><span class="s">&quot;dsaff &amp;lt;dsaff&amp;gt;&quot;</span> <span class="na">date=</span><span class="s">&quot;Fri Dec 7 18:44:09 2007 +0000&quot;</span> <span class="na">msg=</span><span class="s">&quot;    Ignored tests should be shown differently in stack trace section of report&quot;</span> <span class="nt">/&gt;</span></div><div class='line' id='LC3261'>&nbsp;&nbsp;&nbsp;&nbsp;<span class="nt">&lt;versionLog</span> <span class="na">num=</span><span class="s">&quot;416&quot;</span> <span class="na">sha=</span><span class="s">&quot;da9a91f77d9e3045b2692afb4fe9fc12eeb8a93f&quot;</span> <span class="na">author=</span><span class="s">&quot;dsaff &amp;lt;dsaff&amp;gt;&quot;</span> <span class="na">date=</span><span class="s">&quot;Fri Dec 7 18:43:47 2007 +0000&quot;</span> <span class="na">msg=</span><span class="s">&quot;    Remove duplication in test logic&quot;</span> <span class="nt">/&gt;</span></div><div class='line' id='LC3262'>&nbsp;&nbsp;&nbsp;&nbsp;<span class="nt">&lt;versionLog</span> <span class="na">num=</span><span class="s">&quot;417&quot;</span> <span class="na">sha=</span><span class="s">&quot;a7c07de664a4562c3ff171102729f06a5f572d9b&quot;</span> <span class="na">author=</span><span class="s">&quot;dsaff &amp;lt;dsaff&amp;gt;&quot;</span> <span class="na">date=</span><span class="s">&quot;Fri Dec 7 18:43:03 2007 +0000&quot;</span> <span class="na">msg=</span><span class="s">&quot;    Remove duplication between printing failures and ignorances&quot;</span> <span class="nt">/&gt;</span></div><div class='line' id='LC3263'>&nbsp;&nbsp;&nbsp;&nbsp;<span class="nt">&lt;versionLog</span> <span class="na">num=</span><span class="s">&quot;418&quot;</span> <span class="na">sha=</span><span class="s">&quot;0d6cd750d53486f01f12ddfee8657d94b5940574&quot;</span> <span class="na">author=</span><span class="s">&quot;dsaff &amp;lt;dsaff&amp;gt;&quot;</span> <span class="na">date=</span><span class="s">&quot;Fri Dec 7 18:42:28 2007 +0000&quot;</span> <span class="na">msg=</span><span class="s">&quot;    Remove old todo&quot;</span> <span class="nt">/&gt;</span></div><div class='line' id='LC3264'>&nbsp;&nbsp;&nbsp;&nbsp;<span class="nt">&lt;versionLog</span> <span class="na">num=</span><span class="s">&quot;419&quot;</span> <span class="na">sha=</span><span class="s">&quot;5ca9ec43b61e5353296c69a307cd7b71e630b2e0&quot;</span> <span class="na">author=</span><span class="s">&quot;dsaff &amp;lt;dsaff&amp;gt;&quot;</span> <span class="na">date=</span><span class="s">&quot;Fri Dec 7 18:28:27 2007 +0000&quot;</span> <span class="na">msg=</span><span class="s">&quot;    Don&#39;t need to pass instance in to calculate values&quot;</span> <span class="nt">/&gt;</span></div><div class='line' id='LC3265'>&nbsp;&nbsp;&nbsp;&nbsp;<span class="nt">&lt;versionLog</span> <span class="na">num=</span><span class="s">&quot;420&quot;</span> <span class="na">sha=</span><span class="s">&quot;70fcf98c69eace2e6cc6dc37b54e70fe57c490f1&quot;</span> <span class="na">author=</span><span class="s">&quot;dsaff &amp;lt;dsaff&amp;gt;&quot;</span> <span class="na">date=</span><span class="s">&quot;Fri Dec 7 18:27:49 2007 +0000&quot;</span> <span class="na">msg=</span><span class="s">&quot;    Improve description of hasFailureContaining&quot;</span> <span class="nt">/&gt;</span></div><div class='line' id='LC3266'>&nbsp;&nbsp;&nbsp;&nbsp;<span class="nt">&lt;versionLog</span> <span class="na">num=</span><span class="s">&quot;421&quot;</span> <span class="na">sha=</span><span class="s">&quot;4d1d0bb9ee6926b5a85ebc2ad077eb31f94e1181&quot;</span> <span class="na">author=</span><span class="s">&quot;dsaff &amp;lt;dsaff&amp;gt;&quot;</span> <span class="na">date=</span><span class="s">&quot;Fri Dec 7 17:53:27 2007 +0000&quot;</span> <span class="na">msg=</span><span class="s">&quot;    if DataPoints annotation present on a field, and looking for Object parameter, interpret as array, not object&quot;</span> <span class="nt">/&gt;</span></div><div class='line' id='LC3267'>&nbsp;&nbsp;&nbsp;&nbsp;<span class="nt">&lt;versionLog</span> <span class="na">num=</span><span class="s">&quot;422&quot;</span> <span class="na">sha=</span><span class="s">&quot;1796fa2ddd8ab6e2551d40b1b1a63cd954837b19&quot;</span> <span class="na">author=</span><span class="s">&quot;dsaff &amp;lt;dsaff&amp;gt;&quot;</span> <span class="na">date=</span><span class="s">&quot;Fri Dec 7 17:45:07 2007 +0000&quot;</span> <span class="na">msg=</span><span class="s">&quot;    Suite is again a CompositeRunner&quot;</span> <span class="nt">/&gt;</span></div><div class='line' id='LC3268'>&nbsp;&nbsp;&nbsp;&nbsp;<span class="nt">&lt;versionLog</span> <span class="na">num=</span><span class="s">&quot;423&quot;</span> <span class="na">sha=</span><span class="s">&quot;9ba0d7a6ada9742d3f7a721cfab09c29e80ca39d&quot;</span> <span class="na">author=</span><span class="s">&quot;dsaff &amp;lt;dsaff&amp;gt;&quot;</span> <span class="na">date=</span><span class="s">&quot;Fri Dec 7 17:44:39 2007 +0000&quot;</span> <span class="na">msg=</span><span class="s">&quot;    Complain if class has more than one constructor&quot;</span> <span class="nt">/&gt;</span></div><div class='line' id='LC3269'>&nbsp;&nbsp;&nbsp;&nbsp;<span class="nt">&lt;versionLog</span> <span class="na">num=</span><span class="s">&quot;424&quot;</span> <span class="na">sha=</span><span class="s">&quot;23415d78793163c399ec376bed6c72cc86d885e3&quot;</span> <span class="na">author=</span><span class="s">&quot;dsaff &amp;lt;dsaff&amp;gt;&quot;</span> <span class="na">date=</span><span class="s">&quot;Fri Dec 7 17:44:01 2007 +0000&quot;</span> <span class="na">msg=</span><span class="s">&quot;    Complete moving filtering and sorting to ParentRunner&quot;</span> <span class="nt">/&gt;</span></div><div class='line' id='LC3270'>&nbsp;&nbsp;&nbsp;&nbsp;<span class="nt">&lt;versionLog</span> <span class="na">num=</span><span class="s">&quot;425&quot;</span> <span class="na">sha=</span><span class="s">&quot;4892e000aa5b890795b5082f636d6623b6f3820d&quot;</span> <span class="na">author=</span><span class="s">&quot;dsaff &amp;lt;dsaff&amp;gt;&quot;</span> <span class="na">date=</span><span class="s">&quot;Fri Dec 7 16:57:39 2007 +0000&quot;</span> <span class="na">msg=</span><span class="s">&quot;    Inline invokeWithActualParameters&quot;</span> <span class="nt">/&gt;</span></div><div class='line' id='LC3271'>&nbsp;&nbsp;&nbsp;&nbsp;<span class="nt">&lt;versionLog</span> <span class="na">num=</span><span class="s">&quot;426&quot;</span> <span class="na">sha=</span><span class="s">&quot;75f789242bd1859cf6798c3c49f45a9216ff553f&quot;</span> <span class="na">author=</span><span class="s">&quot;dsaff &amp;lt;dsaff&amp;gt;&quot;</span> <span class="na">date=</span><span class="s">&quot;Fri Dec 7 16:55:10 2007 +0000&quot;</span> <span class="na">msg=</span><span class="s">&quot;    Removed nascent category implementation&quot;</span> <span class="nt">/&gt;</span></div><div class='line' id='LC3272'>&nbsp;&nbsp;&nbsp;&nbsp;<span class="nt">&lt;versionLog</span> <span class="na">num=</span><span class="s">&quot;427&quot;</span> <span class="na">sha=</span><span class="s">&quot;3a791ec79fff66aebc332fe4e4cbf626e39bd3d3&quot;</span> <span class="na">author=</span><span class="s">&quot;dsaff &amp;lt;dsaff&amp;gt;&quot;</span> <span class="na">date=</span><span class="s">&quot;Fri Dec 7 16:54:31 2007 +0000&quot;</span> <span class="na">msg=</span><span class="s">&quot;    - Organize ParentRunner better&quot;</span> <span class="nt">/&gt;</span></div><div class='line' id='LC3273'>&nbsp;&nbsp;&nbsp;&nbsp;<span class="nt">&lt;versionLog</span> <span class="na">num=</span><span class="s">&quot;428&quot;</span> <span class="na">sha=</span><span class="s">&quot;77ecd2119d3124b72935038effffadf7b98eccd9&quot;</span> <span class="na">author=</span><span class="s">&quot;dsaff &amp;lt;dsaff&amp;gt;&quot;</span> <span class="na">date=</span><span class="s">&quot;Fri Dec 7 16:36:33 2007 +0000&quot;</span> <span class="na">msg=</span><span class="s">&quot;    Properly handles ignore notifications from inside a started/ended block&quot;</span> <span class="nt">/&gt;</span></div><div class='line' id='LC3274'>&nbsp;&nbsp;&nbsp;&nbsp;<span class="nt">&lt;versionLog</span> <span class="na">num=</span><span class="s">&quot;429&quot;</span> <span class="na">sha=</span><span class="s">&quot;647e9ff7881d796ea6b87472e3c1bd40e2e19c76&quot;</span> <span class="na">author=</span><span class="s">&quot;dsaff &amp;lt;dsaff&amp;gt;&quot;</span> <span class="na">date=</span><span class="s">&quot;Fri Dec 7 16:36:05 2007 +0000&quot;</span> <span class="na">msg=</span><span class="s">&quot;    Removed old TODO comment&quot;</span> <span class="nt">/&gt;</span></div><div class='line' id='LC3275'>&nbsp;&nbsp;&nbsp;&nbsp;<span class="nt">&lt;versionLog</span> <span class="na">num=</span><span class="s">&quot;430&quot;</span> <span class="na">sha=</span><span class="s">&quot;4dd7049a053dec125afbfd40ed05a5124d94aa9a&quot;</span> <span class="na">author=</span><span class="s">&quot;dsaff &amp;lt;dsaff&amp;gt;&quot;</span> <span class="na">date=</span><span class="s">&quot;Fri Dec 7 16:35:49 2007 +0000&quot;</span> <span class="na">msg=</span><span class="s">&quot;    Moved TestMethodElement into proper package&quot;</span> <span class="nt">/&gt;</span></div><div class='line' id='LC3276'>&nbsp;&nbsp;&nbsp;&nbsp;<span class="nt">&lt;versionLog</span> <span class="na">num=</span><span class="s">&quot;431&quot;</span> <span class="na">sha=</span><span class="s">&quot;f06b01dcd0b9b0be4f0bd62eaf00b5cc3b0f8a65&quot;</span> <span class="na">author=</span><span class="s">&quot;dsaff &amp;lt;dsaff&amp;gt;&quot;</span> <span class="na">date=</span><span class="s">&quot;Fri Dec 7 16:35:00 2007 +0000&quot;</span> <span class="na">msg=</span><span class="s">&quot;    Indicate reason when a class is ignored&quot;</span> <span class="nt">/&gt;</span></div><div class='line' id='LC3277'>&nbsp;&nbsp;&nbsp;&nbsp;<span class="nt">&lt;versionLog</span> <span class="na">num=</span><span class="s">&quot;432&quot;</span> <span class="na">sha=</span><span class="s">&quot;9a5dfd996ab7007994fcf60752441835dbdbb5d0&quot;</span> <span class="na">author=</span><span class="s">&quot;dsaff &amp;lt;dsaff&amp;gt;&quot;</span> <span class="na">date=</span><span class="s">&quot;Fri Dec 7 16:34:18 2007 +0000&quot;</span> <span class="na">msg=</span><span class="s">&quot;    Moved InitializationError into proper package&quot;</span> <span class="nt">/&gt;</span></div><div class='line' id='LC3278'>&nbsp;&nbsp;&nbsp;&nbsp;<span class="nt">&lt;versionLog</span> <span class="na">num=</span><span class="s">&quot;433&quot;</span> <span class="na">sha=</span><span class="s">&quot;2b56dbb49ba6595e54baa0285b76ddaae35f0c33&quot;</span> <span class="na">author=</span><span class="s">&quot;dsaff &amp;lt;dsaff&amp;gt;&quot;</span> <span class="na">date=</span><span class="s">&quot;Fri Dec 7 16:33:31 2007 +0000&quot;</span> <span class="na">msg=</span><span class="s">&quot;    Moved Ignorance into proper package&quot;</span> <span class="nt">/&gt;</span></div><div class='line' id='LC3279'>&nbsp;&nbsp;&nbsp;&nbsp;<span class="nt">&lt;versionLog</span> <span class="na">num=</span><span class="s">&quot;434&quot;</span> <span class="na">sha=</span><span class="s">&quot;81ef67251efba98fd6bb1065e9ab97c102dbcc24&quot;</span> <span class="na">author=</span><span class="s">&quot;dsaff &amp;lt;dsaff&amp;gt;&quot;</span> <span class="na">date=</span><span class="s">&quot;Fri Dec 7 16:32:57 2007 +0000&quot;</span> <span class="na">msg=</span><span class="s">&quot;    No matching parameters is now an assumption failure, not an assertion failure&quot;</span> <span class="nt">/&gt;</span></div><div class='line' id='LC3280'>&nbsp;&nbsp;&nbsp;&nbsp;<span class="nt">&lt;versionLog</span> <span class="na">num=</span><span class="s">&quot;435&quot;</span> <span class="na">sha=</span><span class="s">&quot;b52e4af4eb7b26619e1d80537952aed7276766cb&quot;</span> <span class="na">author=</span><span class="s">&quot;dsaff &amp;lt;dsaff&amp;gt;&quot;</span> <span class="na">date=</span><span class="s">&quot;Fri Dec 7 16:31:54 2007 +0000&quot;</span> <span class="na">msg=</span><span class="s">&quot;    Remove&quot;</span> <span class="nt">/&gt;</span></div><div class='line' id='LC3281'>&nbsp;&nbsp;&nbsp;&nbsp;<span class="nt">&lt;versionLog</span> <span class="na">num=</span><span class="s">&quot;436&quot;</span> <span class="na">sha=</span><span class="s">&quot;1e2c9d6451e587981d7be7a1a01dd5f3a722ca4d&quot;</span> <span class="na">author=</span><span class="s">&quot;dsaff &amp;lt;dsaff&amp;gt;&quot;</span> <span class="na">date=</span><span class="s">&quot;Fri Dec 7 16:31:40 2007 +0000&quot;</span> <span class="na">msg=</span><span class="s">&quot;    Added Assume.fail&quot;</span> <span class="nt">/&gt;</span></div><div class='line' id='LC3282'>&nbsp;&nbsp;<span class="nt">&lt;/LogInfo&gt;</span></div><div class='line' id='LC3283'><span class="nt">&lt;/Project&gt;</span></div><div class='line' id='LC3284'><br/></div></pre></div>
          </td>
        </tr>
      </table>
  </div>

          </div>
        </div>

        <a href="#jump-to-line" rel="facebox" data-hotkey="l" class="js-jump-to-line" style="display:none">Jump to Line</a>
        <div id="jump-to-line" style="display:none">
          <h2>Jump to Line</h2>
          <form accept-charset="UTF-8" class="js-jump-to-line-form">
            <input class="textfield js-jump-to-line-field" type="text">
            <div class="full-button">
              <button type="submit" class="button">Go</button>
            </div>
          </form>
        </div>

      </div>
    </div>
</div>

<div id="js-frame-loading-template" class="frame frame-loading large-loading-area" style="display:none;">
  <img class="js-frame-loading-spinner" src="https://a248.e.akamai.net/assets.github.com/images/spinners/octocat-spinner-128.gif?1347543527" height="64" width="64">
</div>


        </div>
      </div>
      <div class="context-overlay"></div>
    </div>

      <div id="footer-push"></div><!-- hack for sticky footer -->
    </div><!-- end of wrapper - hack for sticky footer -->

      <!-- footer -->
      <div id="footer">
  <div class="container clearfix">

      <dl class="footer_nav">
        <dt>GitHub</dt>
        <dd><a href="https://github.com/about">About us</a></dd>
        <dd><a href="https://github.com/blog">Blog</a></dd>
        <dd><a href="https://github.com/contact">Contact &amp; support</a></dd>
        <dd><a href="http://enterprise.github.com/">GitHub Enterprise</a></dd>
        <dd><a href="http://status.github.com/">Site status</a></dd>
      </dl>

      <dl class="footer_nav">
        <dt>Applications</dt>
        <dd><a href="http://mac.github.com/">GitHub for Mac</a></dd>
        <dd><a href="http://windows.github.com/">GitHub for Windows</a></dd>
        <dd><a href="http://eclipse.github.com/">GitHub for Eclipse</a></dd>
        <dd><a href="http://mobile.github.com/">GitHub mobile apps</a></dd>
      </dl>

      <dl class="footer_nav">
        <dt>Services</dt>
        <dd><a href="http://get.gaug.es/">Gauges: Web analytics</a></dd>
        <dd><a href="http://speakerdeck.com">Speaker Deck: Presentations</a></dd>
        <dd><a href="https://gist.github.com">Gist: Code snippets</a></dd>
        <dd><a href="http://jobs.github.com/">Job board</a></dd>
      </dl>

      <dl class="footer_nav">
        <dt>Documentation</dt>
        <dd><a href="http://help.github.com/">GitHub Help</a></dd>
        <dd><a href="http://developer.github.com/">Developer API</a></dd>
        <dd><a href="http://github.github.com/github-flavored-markdown/">GitHub Flavored Markdown</a></dd>
        <dd><a href="http://pages.github.com/">GitHub Pages</a></dd>
      </dl>

      <dl class="footer_nav">
        <dt>More</dt>
        <dd><a href="http://training.github.com/">Training</a></dd>
        <dd><a href="https://github.com/edu">Students &amp; teachers</a></dd>
        <dd><a href="http://shop.github.com">The Shop</a></dd>
        <dd><a href="/plans">Plans &amp; pricing</a></dd>
        <dd><a href="http://octodex.github.com/">The Octodex</a></dd>
      </dl>

      <hr class="footer-divider">


    <p class="right">&copy; 2013 <span title="1.02341s from fe16.rs.github.com">GitHub</span>, Inc. All rights reserved.</p>
    <a class="left" href="https://github.com/">
      <span class="mega-icon mega-icon-invertocat"></span>
    </a>
    <ul id="legal">
        <li><a href="https://github.com/site/terms">Terms of Service</a></li>
        <li><a href="https://github.com/site/privacy">Privacy</a></li>
        <li><a href="https://github.com/security">Security</a></li>
    </ul>

  </div><!-- /.container -->

</div><!-- /.#footer -->


    <div class="fullscreen-overlay js-fullscreen-overlay" id="fullscreen_overlay">
  <div class="fullscreen-container js-fullscreen-container">
    <div class="textarea-wrap">
      <textarea name="fullscreen-contents" id="fullscreen-contents" class="js-fullscreen-contents" placeholder="" data-suggester="fullscreen_suggester"></textarea>
          <div class="suggester-container">
              <div class="suggester fullscreen-suggester js-navigation-container" id="fullscreen_suggester"
                 data-url="/ah-itagile/SkyscrapAR/suggestions/commit">
              </div>
          </div>
    </div>
  </div>
  <div class="fullscreen-sidebar">
    <a href="#" class="exit-fullscreen js-exit-fullscreen tooltipped leftwards" title="Exit Zen Mode">
      <span class="mega-icon mega-icon-normalscreen"></span>
    </a>
    <a href="#" class="theme-switcher js-theme-switcher tooltipped leftwards"
      title="Switch themes">
      <span class="mini-icon mini-icon-brightness"></span>
    </a>
  </div>
</div>



    <div id="ajax-error-message" class="flash flash-error">
      <span class="mini-icon mini-icon-exclamation"></span>
      Something went wrong with that request. Please try again.
      <a href="#" class="mini-icon mini-icon-remove-close ajax-error-dismiss"></a>
    </div>

    
    
    <span id='server_response_time' data-time='1.02388' data-host='fe16'></span>
    
  </body>
</html>

